<?xml version="1.0" encoding="UTF-8"?>
<testsuite name="flow.TestWorkFlow" tests="60" skipped="0" failures="60" errors="0" timestamp="2015-06-30T20:09:10" hostname="Zach-PC" time="6.011">
  <properties/>
  <testcase name="1: SPIDA: Test-Flow: Captured all forms" classname="flow.TestWorkFlow" time="1.755">
    <failure message="java.io.IOException: Cannot run program &quot;casperjs&quot;: CreateProcess error=2, The system cannot find the file specified" type="java.io.IOException">java.io.IOException: Cannot run program &quot;casperjs&quot;: CreateProcess error=2, The system cannot find the file specified
	at java.lang.ProcessBuilder.start(ProcessBuilder.java:1041)
	at java.lang.Runtime.exec(Runtime.java:617)
	at java.lang.Runtime.exec(Runtime.java:450)
	at java.lang.Runtime.exec(Runtime.java:347)
	at flow.TestWorkFlow.1: SPIDA: Test-Flow: Captured all forms(TestWorkFlow.groovy:34)
Caused by: java.io.IOException: CreateProcess error=2, The system cannot find the file specified
	at java.lang.ProcessImpl.&lt;init&gt;(ProcessImpl.java:385)
	at java.lang.ProcessImpl.start(ProcessImpl.java:136)
	at java.lang.ProcessBuilder.start(ProcessBuilder.java:1022)
	... 4 more
</failure>
  </testcase>
  <testcase name="2: SPIDA: Test-Flow: Generated all forms" classname="flow.TestWorkFlow" time="0.202">
    <failure message="java.io.IOException: Cannot run program &quot;casperjs&quot;: CreateProcess error=2, The system cannot find the file specified" type="java.io.IOException">java.io.IOException: Cannot run program &quot;casperjs&quot;: CreateProcess error=2, The system cannot find the file specified
	at java.lang.ProcessBuilder.start(ProcessBuilder.java:1041)
	at java.lang.Runtime.exec(Runtime.java:617)
	at java.lang.Runtime.exec(Runtime.java:450)
	at java.lang.Runtime.exec(Runtime.java:347)
	at flow.TestWorkFlow.2: SPIDA: Test-Flow: Generated all forms(TestWorkFlow.groovy:55)
Caused by: java.io.IOException: CreateProcess error=2, The system cannot find the file specified
	at java.lang.ProcessImpl.&lt;init&gt;(ProcessImpl.java:385)
	at java.lang.ProcessImpl.start(ProcessImpl.java:136)
	at java.lang.ProcessBuilder.start(ProcessBuilder.java:1022)
	... 4 more
</failure>
  </testcase>
  <testcase name="3: SPIDA: Test-Flow: Captured all actions" classname="flow.TestWorkFlow" time="0.239">
    <failure message="java.io.IOException: Cannot run program &quot;casperjs&quot;: CreateProcess error=2, The system cannot find the file specified" type="java.io.IOException">java.io.IOException: Cannot run program &quot;casperjs&quot;: CreateProcess error=2, The system cannot find the file specified
	at java.lang.ProcessBuilder.start(ProcessBuilder.java:1041)
	at java.lang.Runtime.exec(Runtime.java:617)
	at java.lang.Runtime.exec(Runtime.java:450)
	at java.lang.Runtime.exec(Runtime.java:347)
	at flow.TestWorkFlow.3: SPIDA: Test-Flow: Captured all actions(TestWorkFlow.groovy:78)
Caused by: java.io.IOException: CreateProcess error=2, The system cannot find the file specified
	at java.lang.ProcessImpl.&lt;init&gt;(ProcessImpl.java:385)
	at java.lang.ProcessImpl.start(ProcessImpl.java:136)
	at java.lang.ProcessBuilder.start(ProcessBuilder.java:1022)
	... 4 more
</failure>
  </testcase>
  <testcase name="4: SPIDA: Test-Flow: Generated all actions" classname="flow.TestWorkFlow" time="0.245">
    <failure message="java.io.IOException: Cannot run program &quot;casperjs&quot;: CreateProcess error=2, The system cannot find the file specified" type="java.io.IOException">java.io.IOException: Cannot run program &quot;casperjs&quot;: CreateProcess error=2, The system cannot find the file specified
	at java.lang.ProcessBuilder.start(ProcessBuilder.java:1041)
	at java.lang.Runtime.exec(Runtime.java:617)
	at java.lang.Runtime.exec(Runtime.java:450)
	at java.lang.Runtime.exec(Runtime.java:347)
	at flow.TestWorkFlow.4: SPIDA: Test-Flow: Generated all actions(TestWorkFlow.groovy:99)
Caused by: java.io.IOException: CreateProcess error=2, The system cannot find the file specified
	at java.lang.ProcessImpl.&lt;init&gt;(ProcessImpl.java:385)
	at java.lang.ProcessImpl.start(ProcessImpl.java:136)
	at java.lang.ProcessBuilder.start(ProcessBuilder.java:1022)
	... 4 more
</failure>
  </testcase>
  <testcase name="5: DLC: DLC Overhead: Capture all forms" classname="flow.TestWorkFlow" time="0.095">
    <failure message="java.io.IOException: Cannot run program &quot;casperjs&quot;: CreateProcess error=2, The system cannot find the file specified" type="java.io.IOException">java.io.IOException: Cannot run program &quot;casperjs&quot;: CreateProcess error=2, The system cannot find the file specified
	at java.lang.ProcessBuilder.start(ProcessBuilder.java:1041)
	at java.lang.Runtime.exec(Runtime.java:617)
	at java.lang.Runtime.exec(Runtime.java:450)
	at java.lang.Runtime.exec(Runtime.java:347)
	at flow.TestWorkFlow.5: DLC: DLC Overhead: Capture all forms(TestWorkFlow.groovy:125)
Caused by: java.io.IOException: CreateProcess error=2, The system cannot find the file specified
	at java.lang.ProcessImpl.&lt;init&gt;(ProcessImpl.java:385)
	at java.lang.ProcessImpl.start(ProcessImpl.java:136)
	at java.lang.ProcessBuilder.start(ProcessBuilder.java:1022)
	... 4 more
</failure>
  </testcase>
  <testcase name="6: DLC: DLC Overhead: Generated all forms" classname="flow.TestWorkFlow" time="0.104">
    <failure message="java.io.IOException: Cannot run program &quot;casperjs&quot;: CreateProcess error=2, The system cannot find the file specified" type="java.io.IOException">java.io.IOException: Cannot run program &quot;casperjs&quot;: CreateProcess error=2, The system cannot find the file specified
	at java.lang.ProcessBuilder.start(ProcessBuilder.java:1041)
	at java.lang.Runtime.exec(Runtime.java:617)
	at java.lang.Runtime.exec(Runtime.java:450)
	at java.lang.Runtime.exec(Runtime.java:347)
	at flow.TestWorkFlow.6: DLC: DLC Overhead: Generated all forms(TestWorkFlow.groovy:146)
Caused by: java.io.IOException: CreateProcess error=2, The system cannot find the file specified
	at java.lang.ProcessImpl.&lt;init&gt;(ProcessImpl.java:385)
	at java.lang.ProcessImpl.start(ProcessImpl.java:136)
	at java.lang.ProcessBuilder.start(ProcessBuilder.java:1022)
	... 4 more
</failure>
  </testcase>
  <testcase name="7: DLC: DLC Overhead: Captured all actions" classname="flow.TestWorkFlow" time="0.285">
    <failure message="java.io.IOException: Cannot run program &quot;casperjs&quot;: CreateProcess error=2, The system cannot find the file specified" type="java.io.IOException">java.io.IOException: Cannot run program &quot;casperjs&quot;: CreateProcess error=2, The system cannot find the file specified
	at java.lang.ProcessBuilder.start(ProcessBuilder.java:1041)
	at java.lang.Runtime.exec(Runtime.java:617)
	at java.lang.Runtime.exec(Runtime.java:450)
	at java.lang.Runtime.exec(Runtime.java:347)
	at flow.TestWorkFlow.7: DLC: DLC Overhead: Captured all actions(TestWorkFlow.groovy:169)
Caused by: java.io.IOException: CreateProcess error=2, The system cannot find the file specified
	at java.lang.ProcessImpl.&lt;init&gt;(ProcessImpl.java:385)
	at java.lang.ProcessImpl.start(ProcessImpl.java:136)
	at java.lang.ProcessBuilder.start(ProcessBuilder.java:1022)
	... 4 more
</failure>
  </testcase>
  <testcase name="8: DLC: DLC Overhead: Generated all actions" classname="flow.TestWorkFlow" time="0.102">
    <failure message="java.io.IOException: Cannot run program &quot;casperjs&quot;: CreateProcess error=2, The system cannot find the file specified" type="java.io.IOException">java.io.IOException: Cannot run program &quot;casperjs&quot;: CreateProcess error=2, The system cannot find the file specified
	at java.lang.ProcessBuilder.start(ProcessBuilder.java:1041)
	at java.lang.Runtime.exec(Runtime.java:617)
	at java.lang.Runtime.exec(Runtime.java:450)
	at java.lang.Runtime.exec(Runtime.java:347)
	at flow.TestWorkFlow.8: DLC: DLC Overhead: Generated all actions(TestWorkFlow.groovy:190)
Caused by: java.io.IOException: CreateProcess error=2, The system cannot find the file specified
	at java.lang.ProcessImpl.&lt;init&gt;(ProcessImpl.java:385)
	at java.lang.ProcessImpl.start(ProcessImpl.java:136)
	at java.lang.ProcessBuilder.start(ProcessBuilder.java:1022)
	... 4 more
</failure>
  </testcase>
  <testcase name="9: ACME~Power~Co.: Joint Use WorkFlow: Captured all forms" classname="flow.TestWorkFlow" time="0.137">
    <failure message="java.io.IOException: Cannot run program &quot;casperjs&quot;: CreateProcess error=2, The system cannot find the file specified" type="java.io.IOException">java.io.IOException: Cannot run program &quot;casperjs&quot;: CreateProcess error=2, The system cannot find the file specified
	at java.lang.ProcessBuilder.start(ProcessBuilder.java:1041)
	at java.lang.Runtime.exec(Runtime.java:617)
	at java.lang.Runtime.exec(Runtime.java:450)
	at java.lang.Runtime.exec(Runtime.java:347)
	at flow.TestWorkFlow.9: ACME~Power~Co.: Joint Use WorkFlow: Captured all forms(TestWorkFlow.groovy:215)
Caused by: java.io.IOException: CreateProcess error=2, The system cannot find the file specified
	at java.lang.ProcessImpl.&lt;init&gt;(ProcessImpl.java:385)
	at java.lang.ProcessImpl.start(ProcessImpl.java:136)
	at java.lang.ProcessBuilder.start(ProcessBuilder.java:1022)
	... 4 more
</failure>
  </testcase>
  <testcase name="10: ACME~Power~Co.: Joint Use WorkFlow: Generated all forms" classname="flow.TestWorkFlow" time="0.08">
    <failure message="java.io.IOException: Cannot run program &quot;casperjs&quot;: CreateProcess error=2, The system cannot find the file specified" type="java.io.IOException">java.io.IOException: Cannot run program &quot;casperjs&quot;: CreateProcess error=2, The system cannot find the file specified
	at java.lang.ProcessBuilder.start(ProcessBuilder.java:1041)
	at java.lang.Runtime.exec(Runtime.java:617)
	at java.lang.Runtime.exec(Runtime.java:450)
	at java.lang.Runtime.exec(Runtime.java:347)
	at flow.TestWorkFlow.10: ACME~Power~Co.: Joint Use WorkFlow: Generated all forms(TestWorkFlow.groovy:236)
Caused by: java.io.IOException: CreateProcess error=2, The system cannot find the file specified
	at java.lang.ProcessImpl.&lt;init&gt;(ProcessImpl.java:385)
	at java.lang.ProcessImpl.start(ProcessImpl.java:136)
	at java.lang.ProcessBuilder.start(ProcessBuilder.java:1022)
	... 4 more
</failure>
  </testcase>
  <testcase name="11: ACME~Power~Co.: Joint Use WorkFlow: Captured all actions" classname="flow.TestWorkFlow" time="0.083">
    <failure message="java.io.IOException: Cannot run program &quot;casperjs&quot;: CreateProcess error=2, The system cannot find the file specified" type="java.io.IOException">java.io.IOException: Cannot run program &quot;casperjs&quot;: CreateProcess error=2, The system cannot find the file specified
	at java.lang.ProcessBuilder.start(ProcessBuilder.java:1041)
	at java.lang.Runtime.exec(Runtime.java:617)
	at java.lang.Runtime.exec(Runtime.java:450)
	at java.lang.Runtime.exec(Runtime.java:347)
	at flow.TestWorkFlow.11: ACME~Power~Co.: Joint Use WorkFlow: Captured all actions(TestWorkFlow.groovy:259)
Caused by: java.io.IOException: CreateProcess error=2, The system cannot find the file specified
	at java.lang.ProcessImpl.&lt;init&gt;(ProcessImpl.java:385)
	at java.lang.ProcessImpl.start(ProcessImpl.java:136)
	at java.lang.ProcessBuilder.start(ProcessBuilder.java:1022)
	... 4 more
</failure>
  </testcase>
  <testcase name="12: ACME~Power~Co.: Joint Use WorkFlow: Generated all actions" classname="flow.TestWorkFlow" time="0.102">
    <failure message="java.io.IOException: Cannot run program &quot;casperjs&quot;: CreateProcess error=2, The system cannot find the file specified" type="java.io.IOException">java.io.IOException: Cannot run program &quot;casperjs&quot;: CreateProcess error=2, The system cannot find the file specified
	at java.lang.ProcessBuilder.start(ProcessBuilder.java:1041)
	at java.lang.Runtime.exec(Runtime.java:617)
	at java.lang.Runtime.exec(Runtime.java:450)
	at java.lang.Runtime.exec(Runtime.java:347)
	at flow.TestWorkFlow.12: ACME~Power~Co.: Joint Use WorkFlow: Generated all actions(TestWorkFlow.groovy:280)
Caused by: java.io.IOException: CreateProcess error=2, The system cannot find the file specified
	at java.lang.ProcessImpl.&lt;init&gt;(ProcessImpl.java:385)
	at java.lang.ProcessImpl.start(ProcessImpl.java:136)
	at java.lang.ProcessBuilder.start(ProcessBuilder.java:1022)
	... 4 more
</failure>
  </testcase>
  <testcase name="ACME~Power~Co.: Overhead EJU: Captured all forms" classname="flow.TestWorkFlow" time="0.141">
    <failure message="java.io.IOException: Cannot run program &quot;casperjs&quot;: CreateProcess error=2, The system cannot find the file specified" type="java.io.IOException">java.io.IOException: Cannot run program &quot;casperjs&quot;: CreateProcess error=2, The system cannot find the file specified
	at java.lang.ProcessBuilder.start(ProcessBuilder.java:1041)
	at java.lang.Runtime.exec(Runtime.java:617)
	at java.lang.Runtime.exec(Runtime.java:450)
	at java.lang.Runtime.exec(Runtime.java:347)
	at flow.TestWorkFlow.ACME~Power~Co.: Overhead EJU: Captured all forms(TestWorkFlow.groovy:307)
Caused by: java.io.IOException: CreateProcess error=2, The system cannot find the file specified
	at java.lang.ProcessImpl.&lt;init&gt;(ProcessImpl.java:385)
	at java.lang.ProcessImpl.start(ProcessImpl.java:136)
	at java.lang.ProcessBuilder.start(ProcessBuilder.java:1022)
	... 4 more
</failure>
  </testcase>
  <testcase name="ACME~Power~Co.: Overhead EJU: Generated all forms" classname="flow.TestWorkFlow" time="0.076">
    <failure message="java.io.IOException: Cannot run program &quot;casperjs&quot;: CreateProcess error=2, The system cannot find the file specified" type="java.io.IOException">java.io.IOException: Cannot run program &quot;casperjs&quot;: CreateProcess error=2, The system cannot find the file specified
	at java.lang.ProcessBuilder.start(ProcessBuilder.java:1041)
	at java.lang.Runtime.exec(Runtime.java:617)
	at java.lang.Runtime.exec(Runtime.java:450)
	at java.lang.Runtime.exec(Runtime.java:347)
	at flow.TestWorkFlow.ACME~Power~Co.: Overhead EJU: Generated all forms(TestWorkFlow.groovy:328)
Caused by: java.io.IOException: CreateProcess error=2, The system cannot find the file specified
	at java.lang.ProcessImpl.&lt;init&gt;(ProcessImpl.java:385)
	at java.lang.ProcessImpl.start(ProcessImpl.java:136)
	at java.lang.ProcessBuilder.start(ProcessBuilder.java:1022)
	... 4 more
</failure>
  </testcase>
  <testcase name="ACME~Power~Co.: Overhead EJU: Captured all actions" classname="flow.TestWorkFlow" time="0.076">
    <failure message="java.io.IOException: Cannot run program &quot;casperjs&quot;: CreateProcess error=2, The system cannot find the file specified" type="java.io.IOException">java.io.IOException: Cannot run program &quot;casperjs&quot;: CreateProcess error=2, The system cannot find the file specified
	at java.lang.ProcessBuilder.start(ProcessBuilder.java:1041)
	at java.lang.Runtime.exec(Runtime.java:617)
	at java.lang.Runtime.exec(Runtime.java:450)
	at java.lang.Runtime.exec(Runtime.java:347)
	at flow.TestWorkFlow.ACME~Power~Co.: Overhead EJU: Captured all actions(TestWorkFlow.groovy:351)
Caused by: java.io.IOException: CreateProcess error=2, The system cannot find the file specified
	at java.lang.ProcessImpl.&lt;init&gt;(ProcessImpl.java:385)
	at java.lang.ProcessImpl.start(ProcessImpl.java:136)
	at java.lang.ProcessBuilder.start(ProcessBuilder.java:1022)
	... 4 more
</failure>
  </testcase>
  <testcase name="ACME~Power~Co.: Overhead EJU: Generated all actions" classname="flow.TestWorkFlow" time="0.078">
    <failure message="java.io.IOException: Cannot run program &quot;casperjs&quot;: CreateProcess error=2, The system cannot find the file specified" type="java.io.IOException">java.io.IOException: Cannot run program &quot;casperjs&quot;: CreateProcess error=2, The system cannot find the file specified
	at java.lang.ProcessBuilder.start(ProcessBuilder.java:1041)
	at java.lang.Runtime.exec(Runtime.java:617)
	at java.lang.Runtime.exec(Runtime.java:450)
	at java.lang.Runtime.exec(Runtime.java:347)
	at flow.TestWorkFlow.ACME~Power~Co.: Overhead EJU: Generated all actions(TestWorkFlow.groovy:372)
Caused by: java.io.IOException: CreateProcess error=2, The system cannot find the file specified
	at java.lang.ProcessImpl.&lt;init&gt;(ProcessImpl.java:385)
	at java.lang.ProcessImpl.start(ProcessImpl.java:136)
	at java.lang.ProcessBuilder.start(ProcessBuilder.java:1022)
	... 4 more
</failure>
  </testcase>
  <testcase name="American~Electric~Power: EJU: Captured all forms" classname="flow.TestWorkFlow" time="0.098">
    <failure message="java.io.IOException: Cannot run program &quot;casperjs&quot;: CreateProcess error=2, The system cannot find the file specified" type="java.io.IOException">java.io.IOException: Cannot run program &quot;casperjs&quot;: CreateProcess error=2, The system cannot find the file specified
	at java.lang.ProcessBuilder.start(ProcessBuilder.java:1041)
	at java.lang.Runtime.exec(Runtime.java:617)
	at java.lang.Runtime.exec(Runtime.java:450)
	at java.lang.Runtime.exec(Runtime.java:347)
	at flow.TestWorkFlow.American~Electric~Power: EJU: Captured all forms(TestWorkFlow.groovy:396)
Caused by: java.io.IOException: CreateProcess error=2, The system cannot find the file specified
	at java.lang.ProcessImpl.&lt;init&gt;(ProcessImpl.java:385)
	at java.lang.ProcessImpl.start(ProcessImpl.java:136)
	at java.lang.ProcessBuilder.start(ProcessBuilder.java:1022)
	... 4 more
</failure>
  </testcase>
  <testcase name="American~Electric~Power: EJU: Generated all forms" classname="flow.TestWorkFlow" time="0.069">
    <failure message="java.io.IOException: Cannot run program &quot;casperjs&quot;: CreateProcess error=2, The system cannot find the file specified" type="java.io.IOException">java.io.IOException: Cannot run program &quot;casperjs&quot;: CreateProcess error=2, The system cannot find the file specified
	at java.lang.ProcessBuilder.start(ProcessBuilder.java:1041)
	at java.lang.Runtime.exec(Runtime.java:617)
	at java.lang.Runtime.exec(Runtime.java:450)
	at java.lang.Runtime.exec(Runtime.java:347)
	at flow.TestWorkFlow.American~Electric~Power: EJU: Generated all forms(TestWorkFlow.groovy:417)
Caused by: java.io.IOException: CreateProcess error=2, The system cannot find the file specified
	at java.lang.ProcessImpl.&lt;init&gt;(ProcessImpl.java:385)
	at java.lang.ProcessImpl.start(ProcessImpl.java:136)
	at java.lang.ProcessBuilder.start(ProcessBuilder.java:1022)
	... 4 more
</failure>
  </testcase>
  <testcase name="American~Electric~Power: EJU: Captured all actions" classname="flow.TestWorkFlow" time="0.066">
    <failure message="java.io.IOException: Cannot run program &quot;casperjs&quot;: CreateProcess error=2, The system cannot find the file specified" type="java.io.IOException">java.io.IOException: Cannot run program &quot;casperjs&quot;: CreateProcess error=2, The system cannot find the file specified
	at java.lang.ProcessBuilder.start(ProcessBuilder.java:1041)
	at java.lang.Runtime.exec(Runtime.java:617)
	at java.lang.Runtime.exec(Runtime.java:450)
	at java.lang.Runtime.exec(Runtime.java:347)
	at flow.TestWorkFlow.American~Electric~Power: EJU: Captured all actions(TestWorkFlow.groovy:440)
Caused by: java.io.IOException: CreateProcess error=2, The system cannot find the file specified
	at java.lang.ProcessImpl.&lt;init&gt;(ProcessImpl.java:385)
	at java.lang.ProcessImpl.start(ProcessImpl.java:136)
	at java.lang.ProcessBuilder.start(ProcessBuilder.java:1022)
	... 4 more
</failure>
  </testcase>
  <testcase name="American~Electric~Power: EJU: Generated all actions" classname="flow.TestWorkFlow" time="0.05">
    <failure message="java.io.IOException: Cannot run program &quot;casperjs&quot;: CreateProcess error=2, The system cannot find the file specified" type="java.io.IOException">java.io.IOException: Cannot run program &quot;casperjs&quot;: CreateProcess error=2, The system cannot find the file specified
	at java.lang.ProcessBuilder.start(ProcessBuilder.java:1041)
	at java.lang.Runtime.exec(Runtime.java:617)
	at java.lang.Runtime.exec(Runtime.java:450)
	at java.lang.Runtime.exec(Runtime.java:347)
	at flow.TestWorkFlow.American~Electric~Power: EJU: Generated all actions(TestWorkFlow.groovy:461)
Caused by: java.io.IOException: CreateProcess error=2, The system cannot find the file specified
	at java.lang.ProcessImpl.&lt;init&gt;(ProcessImpl.java:385)
	at java.lang.ProcessImpl.start(ProcessImpl.java:136)
	at java.lang.ProcessBuilder.start(ProcessBuilder.java:1022)
	... 4 more
</failure>
  </testcase>
  <testcase name="American~Electric~Power: Overlash (imported~4/9/13~11:11:01~PM): Captured all forms" classname="flow.TestWorkFlow" time="0.048">
    <failure message="java.io.IOException: Cannot run program &quot;casperjs&quot;: CreateProcess error=2, The system cannot find the file specified" type="java.io.IOException">java.io.IOException: Cannot run program &quot;casperjs&quot;: CreateProcess error=2, The system cannot find the file specified
	at java.lang.ProcessBuilder.start(ProcessBuilder.java:1041)
	at java.lang.Runtime.exec(Runtime.java:617)
	at java.lang.Runtime.exec(Runtime.java:450)
	at java.lang.Runtime.exec(Runtime.java:347)
	at flow.TestWorkFlow.American~Electric~Power: Overlash (imported~4/9/13~11:11:01~PM): Captured all forms(TestWorkFlow.groovy:485)
Caused by: java.io.IOException: CreateProcess error=2, The system cannot find the file specified
	at java.lang.ProcessImpl.&lt;init&gt;(ProcessImpl.java:385)
	at java.lang.ProcessImpl.start(ProcessImpl.java:136)
	at java.lang.ProcessBuilder.start(ProcessBuilder.java:1022)
	... 4 more
</failure>
  </testcase>
  <testcase name="American~Electric~Power: Overlash (imported~4/9/13~11:11:01~PM): Generated all forms" classname="flow.TestWorkFlow" time="0.056">
    <failure message="java.io.IOException: Cannot run program &quot;casperjs&quot;: CreateProcess error=2, The system cannot find the file specified" type="java.io.IOException">java.io.IOException: Cannot run program &quot;casperjs&quot;: CreateProcess error=2, The system cannot find the file specified
	at java.lang.ProcessBuilder.start(ProcessBuilder.java:1041)
	at java.lang.Runtime.exec(Runtime.java:617)
	at java.lang.Runtime.exec(Runtime.java:450)
	at java.lang.Runtime.exec(Runtime.java:347)
	at flow.TestWorkFlow.American~Electric~Power: Overlash (imported~4/9/13~11:11:01~PM): Generated all forms(TestWorkFlow.groovy:506)
Caused by: java.io.IOException: CreateProcess error=2, The system cannot find the file specified
	at java.lang.ProcessImpl.&lt;init&gt;(ProcessImpl.java:385)
	at java.lang.ProcessImpl.start(ProcessImpl.java:136)
	at java.lang.ProcessBuilder.start(ProcessBuilder.java:1022)
	... 4 more
</failure>
  </testcase>
  <testcase name="American~Electric~Power: Overlash (imported~4/9/13~11:11:01~PM): Captured all actions" classname="flow.TestWorkFlow" time="0.06">
    <failure message="java.io.IOException: Cannot run program &quot;casperjs&quot;: CreateProcess error=2, The system cannot find the file specified" type="java.io.IOException">java.io.IOException: Cannot run program &quot;casperjs&quot;: CreateProcess error=2, The system cannot find the file specified
	at java.lang.ProcessBuilder.start(ProcessBuilder.java:1041)
	at java.lang.Runtime.exec(Runtime.java:617)
	at java.lang.Runtime.exec(Runtime.java:450)
	at java.lang.Runtime.exec(Runtime.java:347)
	at flow.TestWorkFlow.American~Electric~Power: Overlash (imported~4/9/13~11:11:01~PM): Captured all actions(TestWorkFlow.groovy:529)
Caused by: java.io.IOException: CreateProcess error=2, The system cannot find the file specified
	at java.lang.ProcessImpl.&lt;init&gt;(ProcessImpl.java:385)
	at java.lang.ProcessImpl.start(ProcessImpl.java:136)
	at java.lang.ProcessBuilder.start(ProcessBuilder.java:1022)
	... 4 more
</failure>
  </testcase>
  <testcase name="American~Electric~Power: Overlash (imported~4/9/13~11:11:01~PM): Generated all actions" classname="flow.TestWorkFlow" time="0.048">
    <failure message="java.io.IOException: Cannot run program &quot;casperjs&quot;: CreateProcess error=2, The system cannot find the file specified" type="java.io.IOException">java.io.IOException: Cannot run program &quot;casperjs&quot;: CreateProcess error=2, The system cannot find the file specified
	at java.lang.ProcessBuilder.start(ProcessBuilder.java:1041)
	at java.lang.Runtime.exec(Runtime.java:617)
	at java.lang.Runtime.exec(Runtime.java:450)
	at java.lang.Runtime.exec(Runtime.java:347)
	at flow.TestWorkFlow.American~Electric~Power: Overlash (imported~4/9/13~11:11:01~PM): Generated all actions(TestWorkFlow.groovy:550)
Caused by: java.io.IOException: CreateProcess error=2, The system cannot find the file specified
	at java.lang.ProcessImpl.&lt;init&gt;(ProcessImpl.java:385)
	at java.lang.ProcessImpl.start(ProcessImpl.java:136)
	at java.lang.ProcessBuilder.start(ProcessBuilder.java:1022)
	... 4 more
</failure>
  </testcase>
  <testcase name="DG: DGPermitOLD: Captured all forms" classname="flow.TestWorkFlow" time="0.044">
    <failure message="java.io.IOException: Cannot run program &quot;casperjs&quot;: CreateProcess error=2, The system cannot find the file specified" type="java.io.IOException">java.io.IOException: Cannot run program &quot;casperjs&quot;: CreateProcess error=2, The system cannot find the file specified
	at java.lang.ProcessBuilder.start(ProcessBuilder.java:1041)
	at java.lang.Runtime.exec(Runtime.java:617)
	at java.lang.Runtime.exec(Runtime.java:450)
	at java.lang.Runtime.exec(Runtime.java:347)
	at flow.TestWorkFlow.DG: DGPermitOLD: Captured all forms(TestWorkFlow.groovy:575)
Caused by: java.io.IOException: CreateProcess error=2, The system cannot find the file specified
	at java.lang.ProcessImpl.&lt;init&gt;(ProcessImpl.java:385)
	at java.lang.ProcessImpl.start(ProcessImpl.java:136)
	at java.lang.ProcessBuilder.start(ProcessBuilder.java:1022)
	... 4 more
</failure>
  </testcase>
  <testcase name="DG: DGPermitOLD: Generated all forms" classname="flow.TestWorkFlow" time="0.048">
    <failure message="java.io.IOException: Cannot run program &quot;casperjs&quot;: CreateProcess error=2, The system cannot find the file specified" type="java.io.IOException">java.io.IOException: Cannot run program &quot;casperjs&quot;: CreateProcess error=2, The system cannot find the file specified
	at java.lang.ProcessBuilder.start(ProcessBuilder.java:1041)
	at java.lang.Runtime.exec(Runtime.java:617)
	at java.lang.Runtime.exec(Runtime.java:450)
	at java.lang.Runtime.exec(Runtime.java:347)
	at flow.TestWorkFlow.DG: DGPermitOLD: Generated all forms(TestWorkFlow.groovy:596)
Caused by: java.io.IOException: CreateProcess error=2, The system cannot find the file specified
	at java.lang.ProcessImpl.&lt;init&gt;(ProcessImpl.java:385)
	at java.lang.ProcessImpl.start(ProcessImpl.java:136)
	at java.lang.ProcessBuilder.start(ProcessBuilder.java:1022)
	... 4 more
</failure>
  </testcase>
  <testcase name="DG: DGPermitOLD: Captured all actions" classname="flow.TestWorkFlow" time="0.056">
    <failure message="java.io.IOException: Cannot run program &quot;casperjs&quot;: CreateProcess error=2, The system cannot find the file specified" type="java.io.IOException">java.io.IOException: Cannot run program &quot;casperjs&quot;: CreateProcess error=2, The system cannot find the file specified
	at java.lang.ProcessBuilder.start(ProcessBuilder.java:1041)
	at java.lang.Runtime.exec(Runtime.java:617)
	at java.lang.Runtime.exec(Runtime.java:450)
	at java.lang.Runtime.exec(Runtime.java:347)
	at flow.TestWorkFlow.DG: DGPermitOLD: Captured all actions(TestWorkFlow.groovy:619)
Caused by: java.io.IOException: CreateProcess error=2, The system cannot find the file specified
	at java.lang.ProcessImpl.&lt;init&gt;(ProcessImpl.java:385)
	at java.lang.ProcessImpl.start(ProcessImpl.java:136)
	at java.lang.ProcessBuilder.start(ProcessBuilder.java:1022)
	... 4 more
</failure>
  </testcase>
  <testcase name="DG: DGPermitOLD: Generated all actions" classname="flow.TestWorkFlow" time="0.044">
    <failure message="java.io.IOException: Cannot run program &quot;casperjs&quot;: CreateProcess error=2, The system cannot find the file specified" type="java.io.IOException">java.io.IOException: Cannot run program &quot;casperjs&quot;: CreateProcess error=2, The system cannot find the file specified
	at java.lang.ProcessBuilder.start(ProcessBuilder.java:1041)
	at java.lang.Runtime.exec(Runtime.java:617)
	at java.lang.Runtime.exec(Runtime.java:450)
	at java.lang.Runtime.exec(Runtime.java:347)
	at flow.TestWorkFlow.DG: DGPermitOLD: Generated all actions(TestWorkFlow.groovy:640)
Caused by: java.io.IOException: CreateProcess error=2, The system cannot find the file specified
	at java.lang.ProcessImpl.&lt;init&gt;(ProcessImpl.java:385)
	at java.lang.ProcessImpl.start(ProcessImpl.java:136)
	at java.lang.ProcessBuilder.start(ProcessBuilder.java:1022)
	... 4 more
</failure>
  </testcase>
  <testcase name="DG2: North~Carolina~Make~Ready~Process: Captured all forms" classname="flow.TestWorkFlow" time="0.051">
    <failure message="java.io.IOException: Cannot run program &quot;casperjs&quot;: CreateProcess error=2, The system cannot find the file specified" type="java.io.IOException">java.io.IOException: Cannot run program &quot;casperjs&quot;: CreateProcess error=2, The system cannot find the file specified
	at java.lang.ProcessBuilder.start(ProcessBuilder.java:1041)
	at java.lang.Runtime.exec(Runtime.java:617)
	at java.lang.Runtime.exec(Runtime.java:450)
	at java.lang.Runtime.exec(Runtime.java:347)
	at flow.TestWorkFlow.DG2: North~Carolina~Make~Ready~Process: Captured all forms(TestWorkFlow.groovy:665)
Caused by: java.io.IOException: CreateProcess error=2, The system cannot find the file specified
	at java.lang.ProcessImpl.&lt;init&gt;(ProcessImpl.java:385)
	at java.lang.ProcessImpl.start(ProcessImpl.java:136)
	at java.lang.ProcessBuilder.start(ProcessBuilder.java:1022)
	... 4 more
</failure>
  </testcase>
  <testcase name="DG2: North~Carolina~Make~Ready~Process: Generated all forms" classname="flow.TestWorkFlow" time="0.048">
    <failure message="java.io.IOException: Cannot run program &quot;casperjs&quot;: CreateProcess error=2, The system cannot find the file specified" type="java.io.IOException">java.io.IOException: Cannot run program &quot;casperjs&quot;: CreateProcess error=2, The system cannot find the file specified
	at java.lang.ProcessBuilder.start(ProcessBuilder.java:1041)
	at java.lang.Runtime.exec(Runtime.java:617)
	at java.lang.Runtime.exec(Runtime.java:450)
	at java.lang.Runtime.exec(Runtime.java:347)
	at flow.TestWorkFlow.DG2: North~Carolina~Make~Ready~Process: Generated all forms(TestWorkFlow.groovy:686)
Caused by: java.io.IOException: CreateProcess error=2, The system cannot find the file specified
	at java.lang.ProcessImpl.&lt;init&gt;(ProcessImpl.java:385)
	at java.lang.ProcessImpl.start(ProcessImpl.java:136)
	at java.lang.ProcessBuilder.start(ProcessBuilder.java:1022)
	... 4 more
</failure>
  </testcase>
  <testcase name="DG2: North~Carolina~Make~Ready~Process: Captured all actions" classname="flow.TestWorkFlow" time="0.048">
    <failure message="java.io.IOException: Cannot run program &quot;casperjs&quot;: CreateProcess error=2, The system cannot find the file specified" type="java.io.IOException">java.io.IOException: Cannot run program &quot;casperjs&quot;: CreateProcess error=2, The system cannot find the file specified
	at java.lang.ProcessBuilder.start(ProcessBuilder.java:1041)
	at java.lang.Runtime.exec(Runtime.java:617)
	at java.lang.Runtime.exec(Runtime.java:450)
	at java.lang.Runtime.exec(Runtime.java:347)
	at flow.TestWorkFlow.DG2: North~Carolina~Make~Ready~Process: Captured all actions(TestWorkFlow.groovy:709)
Caused by: java.io.IOException: CreateProcess error=2, The system cannot find the file specified
	at java.lang.ProcessImpl.&lt;init&gt;(ProcessImpl.java:385)
	at java.lang.ProcessImpl.start(ProcessImpl.java:136)
	at java.lang.ProcessBuilder.start(ProcessBuilder.java:1022)
	... 4 more
</failure>
  </testcase>
  <testcase name="DG2: North~Carolina~Make~Ready~Process: Generated all actions" classname="flow.TestWorkFlow" time="0.059">
    <failure message="java.io.IOException: Cannot run program &quot;casperjs&quot;: CreateProcess error=2, The system cannot find the file specified" type="java.io.IOException">java.io.IOException: Cannot run program &quot;casperjs&quot;: CreateProcess error=2, The system cannot find the file specified
	at java.lang.ProcessBuilder.start(ProcessBuilder.java:1041)
	at java.lang.Runtime.exec(Runtime.java:617)
	at java.lang.Runtime.exec(Runtime.java:450)
	at java.lang.Runtime.exec(Runtime.java:347)
	at flow.TestWorkFlow.DG2: North~Carolina~Make~Ready~Process: Generated all actions(TestWorkFlow.groovy:730)
Caused by: java.io.IOException: CreateProcess error=2, The system cannot find the file specified
	at java.lang.ProcessImpl.&lt;init&gt;(ProcessImpl.java:385)
	at java.lang.ProcessImpl.start(ProcessImpl.java:136)
	at java.lang.ProcessBuilder.start(ProcessBuilder.java:1022)
	... 4 more
</failure>
  </testcase>
  <testcase name="Duke Energy: JU Permitting: Captured all forms" classname="flow.TestWorkFlow" time="0.044">
    <failure message="java.io.IOException: Cannot run program &quot;casperjs&quot;: CreateProcess error=2, The system cannot find the file specified" type="java.io.IOException">java.io.IOException: Cannot run program &quot;casperjs&quot;: CreateProcess error=2, The system cannot find the file specified
	at java.lang.ProcessBuilder.start(ProcessBuilder.java:1041)
	at java.lang.Runtime.exec(Runtime.java:617)
	at java.lang.Runtime.exec(Runtime.java:450)
	at java.lang.Runtime.exec(Runtime.java:347)
	at flow.TestWorkFlow.Duke Energy: JU Permitting: Captured all forms(TestWorkFlow.groovy:755)
Caused by: java.io.IOException: CreateProcess error=2, The system cannot find the file specified
	at java.lang.ProcessImpl.&lt;init&gt;(ProcessImpl.java:385)
	at java.lang.ProcessImpl.start(ProcessImpl.java:136)
	at java.lang.ProcessBuilder.start(ProcessBuilder.java:1022)
	... 4 more
</failure>
  </testcase>
  <testcase name="Duke Energy: JU Permitting: Generated all forms" classname="flow.TestWorkFlow" time="0.044">
    <failure message="java.io.IOException: Cannot run program &quot;casperjs&quot;: CreateProcess error=2, The system cannot find the file specified" type="java.io.IOException">java.io.IOException: Cannot run program &quot;casperjs&quot;: CreateProcess error=2, The system cannot find the file specified
	at java.lang.ProcessBuilder.start(ProcessBuilder.java:1041)
	at java.lang.Runtime.exec(Runtime.java:617)
	at java.lang.Runtime.exec(Runtime.java:450)
	at java.lang.Runtime.exec(Runtime.java:347)
	at flow.TestWorkFlow.Duke Energy: JU Permitting: Generated all forms(TestWorkFlow.groovy:776)
Caused by: java.io.IOException: CreateProcess error=2, The system cannot find the file specified
	at java.lang.ProcessImpl.&lt;init&gt;(ProcessImpl.java:385)
	at java.lang.ProcessImpl.start(ProcessImpl.java:136)
	at java.lang.ProcessBuilder.start(ProcessBuilder.java:1022)
	... 4 more
</failure>
  </testcase>
  <testcase name="Duke Energy: JU Permitting: Captured all actions" classname="flow.TestWorkFlow" time="0.049">
    <failure message="java.io.IOException: Cannot run program &quot;casperjs&quot;: CreateProcess error=2, The system cannot find the file specified" type="java.io.IOException">java.io.IOException: Cannot run program &quot;casperjs&quot;: CreateProcess error=2, The system cannot find the file specified
	at java.lang.ProcessBuilder.start(ProcessBuilder.java:1041)
	at java.lang.Runtime.exec(Runtime.java:617)
	at java.lang.Runtime.exec(Runtime.java:450)
	at java.lang.Runtime.exec(Runtime.java:347)
	at flow.TestWorkFlow.Duke Energy: JU Permitting: Captured all actions(TestWorkFlow.groovy:799)
Caused by: java.io.IOException: CreateProcess error=2, The system cannot find the file specified
	at java.lang.ProcessImpl.&lt;init&gt;(ProcessImpl.java:385)
	at java.lang.ProcessImpl.start(ProcessImpl.java:136)
	at java.lang.ProcessBuilder.start(ProcessBuilder.java:1022)
	... 4 more
</failure>
  </testcase>
  <testcase name="Duke Energy: JU Permitting: Generated all actions" classname="flow.TestWorkFlow" time="0.051">
    <failure message="java.io.IOException: Cannot run program &quot;casperjs&quot;: CreateProcess error=2, The system cannot find the file specified" type="java.io.IOException">java.io.IOException: Cannot run program &quot;casperjs&quot;: CreateProcess error=2, The system cannot find the file specified
	at java.lang.ProcessBuilder.start(ProcessBuilder.java:1041)
	at java.lang.Runtime.exec(Runtime.java:617)
	at java.lang.Runtime.exec(Runtime.java:450)
	at java.lang.Runtime.exec(Runtime.java:347)
	at flow.TestWorkFlow.Duke Energy: JU Permitting: Generated all actions(TestWorkFlow.groovy:820)
Caused by: java.io.IOException: CreateProcess error=2, The system cannot find the file specified
	at java.lang.ProcessImpl.&lt;init&gt;(ProcessImpl.java:385)
	at java.lang.ProcessImpl.start(ProcessImpl.java:136)
	at java.lang.ProcessBuilder.start(ProcessBuilder.java:1022)
	... 4 more
</failure>
  </testcase>
  <testcase name="JPO: JPA~(1): Captured all forms" classname="flow.TestWorkFlow" time="0.078">
    <failure message="java.io.IOException: Cannot run program &quot;casperjs&quot;: CreateProcess error=2, The system cannot find the file specified" type="java.io.IOException">java.io.IOException: Cannot run program &quot;casperjs&quot;: CreateProcess error=2, The system cannot find the file specified
	at java.lang.ProcessBuilder.start(ProcessBuilder.java:1041)
	at java.lang.Runtime.exec(Runtime.java:617)
	at java.lang.Runtime.exec(Runtime.java:450)
	at java.lang.Runtime.exec(Runtime.java:347)
	at flow.TestWorkFlow.JPO: JPA~(1): Captured all forms(TestWorkFlow.groovy:845)
Caused by: java.io.IOException: CreateProcess error=2, The system cannot find the file specified
	at java.lang.ProcessImpl.&lt;init&gt;(ProcessImpl.java:385)
	at java.lang.ProcessImpl.start(ProcessImpl.java:136)
	at java.lang.ProcessBuilder.start(ProcessBuilder.java:1022)
	... 4 more
</failure>
  </testcase>
  <testcase name="JPO: JPA~(1): Generated all forms" classname="flow.TestWorkFlow" time="0.044">
    <failure message="java.io.IOException: Cannot run program &quot;casperjs&quot;: CreateProcess error=2, The system cannot find the file specified" type="java.io.IOException">java.io.IOException: Cannot run program &quot;casperjs&quot;: CreateProcess error=2, The system cannot find the file specified
	at java.lang.ProcessBuilder.start(ProcessBuilder.java:1041)
	at java.lang.Runtime.exec(Runtime.java:617)
	at java.lang.Runtime.exec(Runtime.java:450)
	at java.lang.Runtime.exec(Runtime.java:347)
	at flow.TestWorkFlow.JPO: JPA~(1): Generated all forms(TestWorkFlow.groovy:866)
Caused by: java.io.IOException: CreateProcess error=2, The system cannot find the file specified
	at java.lang.ProcessImpl.&lt;init&gt;(ProcessImpl.java:385)
	at java.lang.ProcessImpl.start(ProcessImpl.java:136)
	at java.lang.ProcessBuilder.start(ProcessBuilder.java:1022)
	... 4 more
</failure>
  </testcase>
  <testcase name="JPO: JPA~(1): Captured all actions" classname="flow.TestWorkFlow" time="0.046">
    <failure message="java.io.IOException: Cannot run program &quot;casperjs&quot;: CreateProcess error=2, The system cannot find the file specified" type="java.io.IOException">java.io.IOException: Cannot run program &quot;casperjs&quot;: CreateProcess error=2, The system cannot find the file specified
	at java.lang.ProcessBuilder.start(ProcessBuilder.java:1041)
	at java.lang.Runtime.exec(Runtime.java:617)
	at java.lang.Runtime.exec(Runtime.java:450)
	at java.lang.Runtime.exec(Runtime.java:347)
	at flow.TestWorkFlow.JPO: JPA~(1): Captured all actions(TestWorkFlow.groovy:889)
Caused by: java.io.IOException: CreateProcess error=2, The system cannot find the file specified
	at java.lang.ProcessImpl.&lt;init&gt;(ProcessImpl.java:385)
	at java.lang.ProcessImpl.start(ProcessImpl.java:136)
	at java.lang.ProcessBuilder.start(ProcessBuilder.java:1022)
	... 4 more
</failure>
  </testcase>
  <testcase name="JPO: JPA~(1): Generated all actions" classname="flow.TestWorkFlow" time="0.046">
    <failure message="java.io.IOException: Cannot run program &quot;casperjs&quot;: CreateProcess error=2, The system cannot find the file specified" type="java.io.IOException">java.io.IOException: Cannot run program &quot;casperjs&quot;: CreateProcess error=2, The system cannot find the file specified
	at java.lang.ProcessBuilder.start(ProcessBuilder.java:1041)
	at java.lang.Runtime.exec(Runtime.java:617)
	at java.lang.Runtime.exec(Runtime.java:450)
	at java.lang.Runtime.exec(Runtime.java:347)
	at flow.TestWorkFlow.JPO: JPA~(1): Generated all actions(TestWorkFlow.groovy:910)
Caused by: java.io.IOException: CreateProcess error=2, The system cannot find the file specified
	at java.lang.ProcessImpl.&lt;init&gt;(ProcessImpl.java:385)
	at java.lang.ProcessImpl.start(ProcessImpl.java:136)
	at java.lang.ProcessBuilder.start(ProcessBuilder.java:1022)
	... 4 more
</failure>
  </testcase>
  <testcase name="JPO: RFA (10): Captured all forms" classname="flow.TestWorkFlow" time="0.044">
    <failure message="java.io.IOException: Cannot run program &quot;casperjs&quot;: CreateProcess error=2, The system cannot find the file specified" type="java.io.IOException">java.io.IOException: Cannot run program &quot;casperjs&quot;: CreateProcess error=2, The system cannot find the file specified
	at java.lang.ProcessBuilder.start(ProcessBuilder.java:1041)
	at java.lang.Runtime.exec(Runtime.java:617)
	at java.lang.Runtime.exec(Runtime.java:450)
	at java.lang.Runtime.exec(Runtime.java:347)
	at flow.TestWorkFlow.JPO: RFA (10): Captured all forms(TestWorkFlow.groovy:934)
Caused by: java.io.IOException: CreateProcess error=2, The system cannot find the file specified
	at java.lang.ProcessImpl.&lt;init&gt;(ProcessImpl.java:385)
	at java.lang.ProcessImpl.start(ProcessImpl.java:136)
	at java.lang.ProcessBuilder.start(ProcessBuilder.java:1022)
	... 4 more
</failure>
  </testcase>
  <testcase name="JPO: RFA (10): Generated all forms" classname="flow.TestWorkFlow" time="0.042">
    <failure message="java.io.IOException: Cannot run program &quot;casperjs&quot;: CreateProcess error=2, The system cannot find the file specified" type="java.io.IOException">java.io.IOException: Cannot run program &quot;casperjs&quot;: CreateProcess error=2, The system cannot find the file specified
	at java.lang.ProcessBuilder.start(ProcessBuilder.java:1041)
	at java.lang.Runtime.exec(Runtime.java:617)
	at java.lang.Runtime.exec(Runtime.java:450)
	at java.lang.Runtime.exec(Runtime.java:347)
	at flow.TestWorkFlow.JPO: RFA (10): Generated all forms(TestWorkFlow.groovy:955)
Caused by: java.io.IOException: CreateProcess error=2, The system cannot find the file specified
	at java.lang.ProcessImpl.&lt;init&gt;(ProcessImpl.java:385)
	at java.lang.ProcessImpl.start(ProcessImpl.java:136)
	at java.lang.ProcessBuilder.start(ProcessBuilder.java:1022)
	... 4 more
</failure>
  </testcase>
  <testcase name="JPO: RFA (10): Captured all actions" classname="flow.TestWorkFlow" time="0.055">
    <failure message="java.io.IOException: Cannot run program &quot;casperjs&quot;: CreateProcess error=2, The system cannot find the file specified" type="java.io.IOException">java.io.IOException: Cannot run program &quot;casperjs&quot;: CreateProcess error=2, The system cannot find the file specified
	at java.lang.ProcessBuilder.start(ProcessBuilder.java:1041)
	at java.lang.Runtime.exec(Runtime.java:617)
	at java.lang.Runtime.exec(Runtime.java:450)
	at java.lang.Runtime.exec(Runtime.java:347)
	at flow.TestWorkFlow.JPO: RFA (10): Captured all actions(TestWorkFlow.groovy:978)
Caused by: java.io.IOException: CreateProcess error=2, The system cannot find the file specified
	at java.lang.ProcessImpl.&lt;init&gt;(ProcessImpl.java:385)
	at java.lang.ProcessImpl.start(ProcessImpl.java:136)
	at java.lang.ProcessBuilder.start(ProcessBuilder.java:1022)
	... 4 more
</failure>
  </testcase>
  <testcase name="JPO: RFA (10): Generated all actions" classname="flow.TestWorkFlow" time="0.063">
    <failure message="java.io.IOException: Cannot run program &quot;casperjs&quot;: CreateProcess error=2, The system cannot find the file specified" type="java.io.IOException">java.io.IOException: Cannot run program &quot;casperjs&quot;: CreateProcess error=2, The system cannot find the file specified
	at java.lang.ProcessBuilder.start(ProcessBuilder.java:1041)
	at java.lang.Runtime.exec(Runtime.java:617)
	at java.lang.Runtime.exec(Runtime.java:450)
	at java.lang.Runtime.exec(Runtime.java:347)
	at flow.TestWorkFlow.JPO: RFA (10): Generated all actions(TestWorkFlow.groovy:999)
Caused by: java.io.IOException: CreateProcess error=2, The system cannot find the file specified
	at java.lang.ProcessImpl.&lt;init&gt;(ProcessImpl.java:385)
	at java.lang.ProcessImpl.start(ProcessImpl.java:136)
	at java.lang.ProcessBuilder.start(ProcessBuilder.java:1022)
	... 4 more
</failure>
  </testcase>
  <testcase name="Power Engineers: PEI: Captured all forms" classname="flow.TestWorkFlow" time="0.047">
    <failure message="java.io.IOException: Cannot run program &quot;casperjs&quot;: CreateProcess error=2, The system cannot find the file specified" type="java.io.IOException">java.io.IOException: Cannot run program &quot;casperjs&quot;: CreateProcess error=2, The system cannot find the file specified
	at java.lang.ProcessBuilder.start(ProcessBuilder.java:1041)
	at java.lang.Runtime.exec(Runtime.java:617)
	at java.lang.Runtime.exec(Runtime.java:450)
	at java.lang.Runtime.exec(Runtime.java:347)
	at flow.TestWorkFlow.Power Engineers: PEI: Captured all forms(TestWorkFlow.groovy:1023)
Caused by: java.io.IOException: CreateProcess error=2, The system cannot find the file specified
	at java.lang.ProcessImpl.&lt;init&gt;(ProcessImpl.java:385)
	at java.lang.ProcessImpl.start(ProcessImpl.java:136)
	at java.lang.ProcessBuilder.start(ProcessBuilder.java:1022)
	... 4 more
</failure>
  </testcase>
  <testcase name="Power Engineers: PEI: Generated all forms" classname="flow.TestWorkFlow" time="0.063">
    <failure message="java.io.IOException: Cannot run program &quot;casperjs&quot;: CreateProcess error=2, The system cannot find the file specified" type="java.io.IOException">java.io.IOException: Cannot run program &quot;casperjs&quot;: CreateProcess error=2, The system cannot find the file specified
	at java.lang.ProcessBuilder.start(ProcessBuilder.java:1041)
	at java.lang.Runtime.exec(Runtime.java:617)
	at java.lang.Runtime.exec(Runtime.java:450)
	at java.lang.Runtime.exec(Runtime.java:347)
	at flow.TestWorkFlow.Power Engineers: PEI: Generated all forms(TestWorkFlow.groovy:1044)
Caused by: java.io.IOException: CreateProcess error=2, The system cannot find the file specified
	at java.lang.ProcessImpl.&lt;init&gt;(ProcessImpl.java:385)
	at java.lang.ProcessImpl.start(ProcessImpl.java:136)
	at java.lang.ProcessBuilder.start(ProcessBuilder.java:1022)
	... 4 more
</failure>
  </testcase>
  <testcase name="Power Engineers: PEI: Captured all actions" classname="flow.TestWorkFlow" time="0.042">
    <failure message="java.io.IOException: Cannot run program &quot;casperjs&quot;: CreateProcess error=2, The system cannot find the file specified" type="java.io.IOException">java.io.IOException: Cannot run program &quot;casperjs&quot;: CreateProcess error=2, The system cannot find the file specified
	at java.lang.ProcessBuilder.start(ProcessBuilder.java:1041)
	at java.lang.Runtime.exec(Runtime.java:617)
	at java.lang.Runtime.exec(Runtime.java:450)
	at java.lang.Runtime.exec(Runtime.java:347)
	at flow.TestWorkFlow.Power Engineers: PEI: Captured all actions(TestWorkFlow.groovy:1067)
Caused by: java.io.IOException: CreateProcess error=2, The system cannot find the file specified
	at java.lang.ProcessImpl.&lt;init&gt;(ProcessImpl.java:385)
	at java.lang.ProcessImpl.start(ProcessImpl.java:136)
	at java.lang.ProcessBuilder.start(ProcessBuilder.java:1022)
	... 4 more
</failure>
  </testcase>
  <testcase name="Power Engineers: PEI: Generated all actions" classname="flow.TestWorkFlow" time="0.044">
    <failure message="java.io.IOException: Cannot run program &quot;casperjs&quot;: CreateProcess error=2, The system cannot find the file specified" type="java.io.IOException">java.io.IOException: Cannot run program &quot;casperjs&quot;: CreateProcess error=2, The system cannot find the file specified
	at java.lang.ProcessBuilder.start(ProcessBuilder.java:1041)
	at java.lang.Runtime.exec(Runtime.java:617)
	at java.lang.Runtime.exec(Runtime.java:450)
	at java.lang.Runtime.exec(Runtime.java:347)
	at flow.TestWorkFlow.Power Engineers: PEI: Generated all actions(TestWorkFlow.groovy:1088)
Caused by: java.io.IOException: CreateProcess error=2, The system cannot find the file specified
	at java.lang.ProcessImpl.&lt;init&gt;(ProcessImpl.java:385)
	at java.lang.ProcessImpl.start(ProcessImpl.java:136)
	at java.lang.ProcessBuilder.start(ProcessBuilder.java:1022)
	... 4 more
</failure>
  </testcase>
  <testcase name="SCE_Demo: Pole Load Analysis: Captured all forms" classname="flow.TestWorkFlow" time="0.038">
    <failure message="java.io.IOException: Cannot run program &quot;casperjs&quot;: CreateProcess error=2, The system cannot find the file specified" type="java.io.IOException">java.io.IOException: Cannot run program &quot;casperjs&quot;: CreateProcess error=2, The system cannot find the file specified
	at java.lang.ProcessBuilder.start(ProcessBuilder.java:1041)
	at java.lang.Runtime.exec(Runtime.java:617)
	at java.lang.Runtime.exec(Runtime.java:450)
	at java.lang.Runtime.exec(Runtime.java:347)
	at flow.TestWorkFlow.SCE_Demo: Pole Load Analysis: Captured all forms(TestWorkFlow.groovy:1113)
Caused by: java.io.IOException: CreateProcess error=2, The system cannot find the file specified
	at java.lang.ProcessImpl.&lt;init&gt;(ProcessImpl.java:385)
	at java.lang.ProcessImpl.start(ProcessImpl.java:136)
	at java.lang.ProcessBuilder.start(ProcessBuilder.java:1022)
	... 4 more
</failure>
  </testcase>
  <testcase name="SCE_Demo: Pole Load Analysis: Generated all forms" classname="flow.TestWorkFlow" time="0.038">
    <failure message="java.io.IOException: Cannot run program &quot;casperjs&quot;: CreateProcess error=2, The system cannot find the file specified" type="java.io.IOException">java.io.IOException: Cannot run program &quot;casperjs&quot;: CreateProcess error=2, The system cannot find the file specified
	at java.lang.ProcessBuilder.start(ProcessBuilder.java:1041)
	at java.lang.Runtime.exec(Runtime.java:617)
	at java.lang.Runtime.exec(Runtime.java:450)
	at java.lang.Runtime.exec(Runtime.java:347)
	at flow.TestWorkFlow.SCE_Demo: Pole Load Analysis: Generated all forms(TestWorkFlow.groovy:1134)
Caused by: java.io.IOException: CreateProcess error=2, The system cannot find the file specified
	at java.lang.ProcessImpl.&lt;init&gt;(ProcessImpl.java:385)
	at java.lang.ProcessImpl.start(ProcessImpl.java:136)
	at java.lang.ProcessBuilder.start(ProcessBuilder.java:1022)
	... 4 more
</failure>
  </testcase>
  <testcase name="SCE_Demo: Pole Load Analysis: Captured all actions" classname="flow.TestWorkFlow" time="0.04">
    <failure message="java.io.IOException: Cannot run program &quot;casperjs&quot;: CreateProcess error=2, The system cannot find the file specified" type="java.io.IOException">java.io.IOException: Cannot run program &quot;casperjs&quot;: CreateProcess error=2, The system cannot find the file specified
	at java.lang.ProcessBuilder.start(ProcessBuilder.java:1041)
	at java.lang.Runtime.exec(Runtime.java:617)
	at java.lang.Runtime.exec(Runtime.java:450)
	at java.lang.Runtime.exec(Runtime.java:347)
	at flow.TestWorkFlow.SCE_Demo: Pole Load Analysis: Captured all actions(TestWorkFlow.groovy:1157)
Caused by: java.io.IOException: CreateProcess error=2, The system cannot find the file specified
	at java.lang.ProcessImpl.&lt;init&gt;(ProcessImpl.java:385)
	at java.lang.ProcessImpl.start(ProcessImpl.java:136)
	at java.lang.ProcessBuilder.start(ProcessBuilder.java:1022)
	... 4 more
</failure>
  </testcase>
  <testcase name="SCE_Demo: Pole Load Analysis: Generated all actions" classname="flow.TestWorkFlow" time="0.039">
    <failure message="java.io.IOException: Cannot run program &quot;casperjs&quot;: CreateProcess error=2, The system cannot find the file specified" type="java.io.IOException">java.io.IOException: Cannot run program &quot;casperjs&quot;: CreateProcess error=2, The system cannot find the file specified
	at java.lang.ProcessBuilder.start(ProcessBuilder.java:1041)
	at java.lang.Runtime.exec(Runtime.java:617)
	at java.lang.Runtime.exec(Runtime.java:450)
	at java.lang.Runtime.exec(Runtime.java:347)
	at flow.TestWorkFlow.SCE_Demo: Pole Load Analysis: Generated all actions(TestWorkFlow.groovy:1178)
Caused by: java.io.IOException: CreateProcess error=2, The system cannot find the file specified
	at java.lang.ProcessImpl.&lt;init&gt;(ProcessImpl.java:385)
	at java.lang.ProcessImpl.start(ProcessImpl.java:136)
	at java.lang.ProcessBuilder.start(ProcessBuilder.java:1022)
	... 4 more
</failure>
  </testcase>
  <testcase name="SPIDA: JPA old: Captured all forms" classname="flow.TestWorkFlow" time="0.041">
    <failure message="java.io.IOException: Cannot run program &quot;casperjs&quot;: CreateProcess error=2, The system cannot find the file specified" type="java.io.IOException">java.io.IOException: Cannot run program &quot;casperjs&quot;: CreateProcess error=2, The system cannot find the file specified
	at java.lang.ProcessBuilder.start(ProcessBuilder.java:1041)
	at java.lang.Runtime.exec(Runtime.java:617)
	at java.lang.Runtime.exec(Runtime.java:450)
	at java.lang.Runtime.exec(Runtime.java:347)
	at flow.TestWorkFlow.SPIDA: JPA old: Captured all forms(TestWorkFlow.groovy:1201)
Caused by: java.io.IOException: CreateProcess error=2, The system cannot find the file specified
	at java.lang.ProcessImpl.&lt;init&gt;(ProcessImpl.java:385)
	at java.lang.ProcessImpl.start(ProcessImpl.java:136)
	at java.lang.ProcessBuilder.start(ProcessBuilder.java:1022)
	... 4 more
</failure>
  </testcase>
  <testcase name="SPIDA: JPA old: Generated all forms" classname="flow.TestWorkFlow" time="0.041">
    <failure message="java.io.IOException: Cannot run program &quot;casperjs&quot;: CreateProcess error=2, The system cannot find the file specified" type="java.io.IOException">java.io.IOException: Cannot run program &quot;casperjs&quot;: CreateProcess error=2, The system cannot find the file specified
	at java.lang.ProcessBuilder.start(ProcessBuilder.java:1041)
	at java.lang.Runtime.exec(Runtime.java:617)
	at java.lang.Runtime.exec(Runtime.java:450)
	at java.lang.Runtime.exec(Runtime.java:347)
	at flow.TestWorkFlow.SPIDA: JPA old: Generated all forms(TestWorkFlow.groovy:1222)
Caused by: java.io.IOException: CreateProcess error=2, The system cannot find the file specified
	at java.lang.ProcessImpl.&lt;init&gt;(ProcessImpl.java:385)
	at java.lang.ProcessImpl.start(ProcessImpl.java:136)
	at java.lang.ProcessBuilder.start(ProcessBuilder.java:1022)
	... 4 more
</failure>
  </testcase>
  <testcase name="SPIDA: JPA old: Captured all actions" classname="flow.TestWorkFlow" time="0.042">
    <failure message="java.io.IOException: Cannot run program &quot;casperjs&quot;: CreateProcess error=2, The system cannot find the file specified" type="java.io.IOException">java.io.IOException: Cannot run program &quot;casperjs&quot;: CreateProcess error=2, The system cannot find the file specified
	at java.lang.ProcessBuilder.start(ProcessBuilder.java:1041)
	at java.lang.Runtime.exec(Runtime.java:617)
	at java.lang.Runtime.exec(Runtime.java:450)
	at java.lang.Runtime.exec(Runtime.java:347)
	at flow.TestWorkFlow.SPIDA: JPA old: Captured all actions(TestWorkFlow.groovy:1245)
Caused by: java.io.IOException: CreateProcess error=2, The system cannot find the file specified
	at java.lang.ProcessImpl.&lt;init&gt;(ProcessImpl.java:385)
	at java.lang.ProcessImpl.start(ProcessImpl.java:136)
	at java.lang.ProcessBuilder.start(ProcessBuilder.java:1022)
	... 4 more
</failure>
  </testcase>
  <testcase name="SPIDA: JPA old: Generated all actions" classname="flow.TestWorkFlow" time="0.046">
    <failure message="java.io.IOException: Cannot run program &quot;casperjs&quot;: CreateProcess error=2, The system cannot find the file specified" type="java.io.IOException">java.io.IOException: Cannot run program &quot;casperjs&quot;: CreateProcess error=2, The system cannot find the file specified
	at java.lang.ProcessBuilder.start(ProcessBuilder.java:1041)
	at java.lang.Runtime.exec(Runtime.java:617)
	at java.lang.Runtime.exec(Runtime.java:450)
	at java.lang.Runtime.exec(Runtime.java:347)
	at flow.TestWorkFlow.SPIDA: JPA old: Generated all actions(TestWorkFlow.groovy:1266)
Caused by: java.io.IOException: CreateProcess error=2, The system cannot find the file specified
	at java.lang.ProcessImpl.&lt;init&gt;(ProcessImpl.java:385)
	at java.lang.ProcessImpl.start(ProcessImpl.java:136)
	at java.lang.ProcessBuilder.start(ProcessBuilder.java:1022)
	... 4 more
</failure>
  </testcase>
  <testcase name="TECO: JU- PCI: Captured all forms" classname="flow.TestWorkFlow" time="0.052">
    <failure message="java.io.IOException: Cannot run program &quot;casperjs&quot;: CreateProcess error=2, The system cannot find the file specified" type="java.io.IOException">java.io.IOException: Cannot run program &quot;casperjs&quot;: CreateProcess error=2, The system cannot find the file specified
	at java.lang.ProcessBuilder.start(ProcessBuilder.java:1041)
	at java.lang.Runtime.exec(Runtime.java:617)
	at java.lang.Runtime.exec(Runtime.java:450)
	at java.lang.Runtime.exec(Runtime.java:347)
	at flow.TestWorkFlow.TECO: JU- PCI: Captured all forms(TestWorkFlow.groovy:1290)
Caused by: java.io.IOException: CreateProcess error=2, The system cannot find the file specified
	at java.lang.ProcessImpl.&lt;init&gt;(ProcessImpl.java:385)
	at java.lang.ProcessImpl.start(ProcessImpl.java:136)
	at java.lang.ProcessBuilder.start(ProcessBuilder.java:1022)
	... 4 more
</failure>
  </testcase>
  <testcase name="TECO: JU- PCI: Generated all forms" classname="flow.TestWorkFlow" time="0.042">
    <failure message="java.io.IOException: Cannot run program &quot;casperjs&quot;: CreateProcess error=2, The system cannot find the file specified" type="java.io.IOException">java.io.IOException: Cannot run program &quot;casperjs&quot;: CreateProcess error=2, The system cannot find the file specified
	at java.lang.ProcessBuilder.start(ProcessBuilder.java:1041)
	at java.lang.Runtime.exec(Runtime.java:617)
	at java.lang.Runtime.exec(Runtime.java:450)
	at java.lang.Runtime.exec(Runtime.java:347)
	at flow.TestWorkFlow.TECO: JU- PCI: Generated all forms(TestWorkFlow.groovy:1311)
Caused by: java.io.IOException: CreateProcess error=2, The system cannot find the file specified
	at java.lang.ProcessImpl.&lt;init&gt;(ProcessImpl.java:385)
	at java.lang.ProcessImpl.start(ProcessImpl.java:136)
	at java.lang.ProcessBuilder.start(ProcessBuilder.java:1022)
	... 4 more
</failure>
  </testcase>
  <testcase name="TECO: JU- PCI: Captured all actions" classname="flow.TestWorkFlow" time="0.041">
    <failure message="java.io.IOException: Cannot run program &quot;casperjs&quot;: CreateProcess error=2, The system cannot find the file specified" type="java.io.IOException">java.io.IOException: Cannot run program &quot;casperjs&quot;: CreateProcess error=2, The system cannot find the file specified
	at java.lang.ProcessBuilder.start(ProcessBuilder.java:1041)
	at java.lang.Runtime.exec(Runtime.java:617)
	at java.lang.Runtime.exec(Runtime.java:450)
	at java.lang.Runtime.exec(Runtime.java:347)
	at flow.TestWorkFlow.TECO: JU- PCI: Captured all actions(TestWorkFlow.groovy:1334)
Caused by: java.io.IOException: CreateProcess error=2, The system cannot find the file specified
	at java.lang.ProcessImpl.&lt;init&gt;(ProcessImpl.java:385)
	at java.lang.ProcessImpl.start(ProcessImpl.java:136)
	at java.lang.ProcessBuilder.start(ProcessBuilder.java:1022)
	... 4 more
</failure>
  </testcase>
  <testcase name="TECO: JU- PCI: Generated all actions" classname="flow.TestWorkFlow" time="0.048">
    <failure message="java.io.IOException: Cannot run program &quot;casperjs&quot;: CreateProcess error=2, The system cannot find the file specified" type="java.io.IOException">java.io.IOException: Cannot run program &quot;casperjs&quot;: CreateProcess error=2, The system cannot find the file specified
	at java.lang.ProcessBuilder.start(ProcessBuilder.java:1041)
	at java.lang.Runtime.exec(Runtime.java:617)
	at java.lang.Runtime.exec(Runtime.java:450)
	at java.lang.Runtime.exec(Runtime.java:347)
	at flow.TestWorkFlow.TECO: JU- PCI: Generated all actions(TestWorkFlow.groovy:1355)
Caused by: java.io.IOException: CreateProcess error=2, The system cannot find the file specified
	at java.lang.ProcessImpl.&lt;init&gt;(ProcessImpl.java:385)
	at java.lang.ProcessImpl.start(ProcessImpl.java:136)
	at java.lang.ProcessBuilder.start(ProcessBuilder.java:1022)
	... 4 more
</failure>
  </testcase>
  <system-out><![CDATA[args: Set~Sub~Status Email~Creator~on~Start
args: Pole~Details~Require~Corrections~Email Email:~Major~Make~Ready~Required Assign~Engineering Generate~Calc~File Email:~Review~Complete Assign~TPA Engineering~Review~45~Day~Clock Assign~Tech Lock~Project 45~Day~TPA~Construction~Clock Remove~Time~Markers Assign~Billing Estimate~Process~14~Day~Clock Assign~Construction Pull~Photos~From~Calc Pole~Form Assign~Joint~Use~Clerk Email:~Minor~Make~Ready~Required Email:~No~Make~Ready~Work~Required Email:~TPA~Construction Email:~Construction~Corrections~Required
args: 14~Days,~Notify~Customer~of~Actual~Cost AssignAssigneeFromForm 90~Day~Clock Email~Customer:~Editing~Instructions Email~Licensee~Begin~Construction Unlock~Project Email~Assignee,~Canceled~Project PNM~Assignee~Other~Attachers Pause~45~Day~Clock Resume~45~Day~Clock Generate~Calc~File 45~Day~Clock Review~Actual~Cost Remove~Clock Email~Customer:~Application~Instructions Email~Customer:~Editing~Projects Email~Customer~(No~Make~Ready~Reqd) Corrections~Req'd~Email 30~Days~to~Correct~Installation 60~Days~Complete~ACME~MR Email~Managers,~Canceled~Project Email~Assignee,~Verify~Exhibit~Signed Corrections~Required~Email Assign~Customer Email~Customer:~Review~Make~Ready Email~Customer~(Proceed~to~Attach) Email~Lic~Canceled Assign~Joint~Use~Manager~as~Manager Email~Customer:~Complete~New~Forms Email~Licensee:~Project~Editing Pole~Count~Locked 14~Days~to~Respond Lic.~14~Days~to~Respond 14~Day~Clock~for~Lic~to~Accept~Actual~Cost Assign~ACME~JU~Admin CompletePoleFormEmail StationFormAction Remove~Time~Markers Assign~Licensee
args: Assign~Billing Assign~Acme~EJU~Clerk Email:~Pole~Details~Require~Corrections Email:~Major~Make~Ready~Required Email:~Project~Accepted Assign~Engineering Email:~No~Make~Ready~Work~Required Engineering~Review~45~Day~Clock Lock~Project Email:~Minor~Make~Ready~Required Assign~Tech Generate~Calc~File Email:~Construction~Corrections~Required Pole~Forms Assign~TPA 45~Day~TPA~Construction~Clock Assign~Construction Email:~TPA~Construction Pull~Photos~From~Calc Estimate~Process~14~Day~Clock Remove~Time~Markers
args: Pole~Details Hold~45~Day~Clock ProjectUnlocked Resume~45~Day~Clock Pull~Forms~from~Calc Pull~Photos~from~Calc 15~Day~Return~Clock Generate~Calc~File LockProject 45~Day~Clock Creator~as~Manager
args: Pole~Details Hold~45~Day~Clock ProjectUnlocked Resume~45~Day~Clock Pull~Forms~from~Calc Pull~Photos~from~Calc 15~Day~Return~Clock Push~Forms~To~Calc Generate~Calc~File LockProject Creator~as~Manager
args: Email~Assignees:~Project~in~Pole-by-Pole~Review~for~2~Weeks Assign~Engineer~from~Assign~Engineer~form-Don't~Remove~Others Assign~Creator-Remove~Others Assign~Central~Engineer~Supervisor~UG-Remove~Others Assign~to~Duke~North~Engineer~Supervisor~UG-Remove~Others Populate~Pole~IDs~in~Pole~Inventory~FOrm Assign~Bechtel~FOC~Contractor~From~Form-Remove~Others Assign~Bechtel~Engineer-From~Form-Remove~Others Email~Bechtel~Design-From~Form-Field~Pole~Survey~Completed Email~Assignees:~IJUS~Review~Complete-Conflicting~Permits~Found Email~Bechtel~Engineer-Field~Pole~Survey~Completed Assign~Duke~Construction~UG-Remove~Others Assign~Duke~IJUS~Usergroup-Don't~Remove~Others Email~Assignees:~IJUS~Complete-No~Conflicting~Permits Email~Assignee(s):~Project~in~Advance~Route~Review~for~2~Weeks Assign~Bechtel~MRE~Contractor~from~form-Remove~Others Assign~Duke~Finance~UG-Don't~Remove~Others
args: Assign~MRC~Communication~Contractor~from~Application~Form-Remove~Others Remove~Engineer~From~Assign~Engineer~Form Assign~MRC~Communication~Contractor~from~App~Form-Don't~Remove~Others Assign~EPC~Engineer-From~Form-Don't~Remove~Others Assign~MRC~Electric~Contractor-Don't~Remove~Others Assign~Doug~Everheart~(need~email~address) Assign~Waylon~Blakely~(need~email~address) Email~Duke~JU-Permit~Authorized~for~Construction Assign~Duke~Construction~UG-Don't~Remove~Others Assign~Mark~Brooks~(need~email~address) Email~EPC~Engineer-Permit~Authorized~for~Construction Email~EPC~Engineer~from~form:~FOC~Installation~Complete Assign~to~Duke~North~Engineer~Supervisor~UG-Remove~Others Assign~MRE~Contractor~from~form-Remove~Others Assign~Duke~Construction~UG-Remove~Others Email~EPC~Engineer-Field~Pole~Survey~Completed Email~EPC~Design-From~Form-Field~Pole~Survey~Completed Assign~Duke~IJUS~Usergroup-Don't~Remove~Others Assign~Engineer~from~Assign~Engineer~form-Don't~Remove~Others Assign~FOC~Contractor~From~Form-Remove~Others Assign~Engineer~~from~Assign~Engineer~Form-Remove~Others Assign~Central~Engineer~Supervisor~UG-Remove~Others Assign~EPC~Engineer-From~Form-Remove~Others Email~Assignees:~IJUS~Complete-No~Conflicting~Permits Set~Stations~to~Permit~Check Set~Stations~to~"Conflicting~Permit~Check" Email~Assignees:~Project~in~Pole-by-Pole~Review~for~2~Weeks Email~Assignees:~IJUS~Review~Complete-Conflicting~Permits~Found Email~Assignee(s):~Project~in~Advance~Route~Review~for~2~Weeks Assign~Creator-Remove~Others Populate~Pole~IDs~in~Pole~Inventory~FOrm Assign~Duke~Finance~UG-Don't~Remove~Others Email~Project~Creator-Territory~and~Zone~Mismatch
args: JUTimeMarker40FromForm Generate~Calc~File Additional~Poles Attachment~Details Lock~Project FormsFromCalc FormsToCalc
args: Email~Customer:~Complete~Form~48 Email:~Inspector~to~complete~pole~forms Assign~JPO~Admin Add~ZJPA~Sub~Order~as~Reference~Code? Create~E2~for~Found~Poles Creat~Notification~Against~Failed~Structure~IDs Email~assignee~poles~not~all~approved~correctstatuses~and~advance Email~Assignee~Not~all~Poles~Denied Lock~Pole~Count Station~Action Set~Sub~Planning Email~Assignee:~Set~All~Station~Statuses Email~Customer:~Complete~Forms Create~or~Update~Assets Pull~Photos~From~Calc Assign~Customer:~Corrections~Required Update~ZJ~Notification Create~Calc~File Assign~JPO~Agent Email~Customer:~JPA~In~Progress Set~Sub Pull~Forms~From~Calc Email~Inspector:~Ensure~Forms~are~Complete~and~Calc~Uploaded(checklist?) Email~Planner/Contractor Email~Customer:~Project~Closed Push~Forms~to~Calc Update~ZJ~Notification~Status Update~FLOC~Unauthorized~(not~completed~as~approved~stations) Email~Customer:~Some~Work~Not~Completed Email~Creator-Deny~Stations Remove~Time~Markers Assign~Customer Send~As-Designed~to~SAP In~45~Days,~Email~Customer~About~Form~2~Final Email:~Customer~Rework~Required,~review~station~statuses Mail~JPO~to~a.~Change~Records~(then~approve~pole(s))~Or~b.~notice~to~fix Email~All~Cancelled Email~Customer~Cancelled Assign~Planning~Groups First~45~Day~Clock Send~the~As~Is~Layer~Measurement~Point Assign~JPA~Manager Accept~or~Reject~Station~Statuses Create~ZJ~Notification Email~Customer:~Denied~Notification Email~Assignee:~Set~Station~Statuses 14~Days~to~Fix~Clock~and~Auto~Advance Email~Inspector~Corrections~Required Assign~Inspector Email~All:~Project~Being~Edited Email~Assignee:~All~Stations~Denied Unlock~Project Set~Station~Statuses Email:~Verify~all~stations~have~status Assign~NDPM~Usergroup Email~Assignee:~Complete~Forms Email~Creator:~Complete~Denied~Pole~Form Email~Customer~Canceled~(due~to~PL) 31~Day~Reminder~(repeating) 9~Months~to~Complete~Inspection 18~Months~to~Complete~Construction Email~Customer~Instructions
args: Email~Customer:~Complete~Form~48 Email:~Inspector~to~complete~pole~forms Assign~JPO~Admin Create~E2~for~Found~Poles Creat~Notification~Against~Failed~Structure~IDs Email~assignee~poles~not~all~approved~correctstatuses~and~advance Email~Assignee~Not~all~Poles~Denied Lock~Pole~Count Station~Action Set~Sub~Planning Email~Assignee:~Set~All~Station~Statuses Email~Customer:~Complete~Forms Pull~Photos~From~Calc Assign~Customer:~Corrections~Required Update~ZJ~Notification Create~Calc~File Assign~JPO~Agent Email~Customer:~JPA~In~Progress Set~Sub Pull~Forms~From~Calc Email~Inspector:~Ensure~Forms~are~Complete~and~Calc~Uploaded(checklist?) Email~Planner/Contractor Create~Rental~Application~in~Pending~Status~SAP Email~Customer:~Project~Closed Push~Forms~to~Calc Update~ZJ~Notification~Status Update~FLOC~Unauthorized~(not~completed~as~approved~stations) Email~Customer:~Some~Work~Not~Completed Email~Creator-Deny~Stations Remove~Time~Markers Assign~Customer Send~As-Designed~to~SAP In~45~Days,~Email~Customer~About~Form~2~Final Email:~Customer~Rework~Required,~review~station~statuses Mail~JPO~to~a.~Change~Records~(then~approve~pole(s))~Or~b.~notice~to~fix Email~All~Cancelled Email~Customer~Cancelled First~45~Day~Clock Assign~Planning~Groups Send~the~As~Is~Layer~Measurement~Point Assign~JPA~Manager Accept~or~Reject~Station~Statuses Update~Rental~Application~Status Email~Customer:~Denied~Notification Email~Assignee:~Set~Station~Statuses 14~Days~to~Fix~Clock~and~Auto~Advance Email~Inspector~Corrections~Required Assign~Inspector Email~Assignee:~All~Stations~Denied Email~All:~Project~Being~Edited Unlock~Project Set~Station~Statuses Email:~Verify~all~stations~have~status Assign~NDPM~Usergroup Email~Assignee:~Complete~Forms Email~Creator:~Complete~Denied~Pole~Form Email~Customer~Canceled~(due~to~PL) 31~Day~Reminder~(repeating) 9~Months~to~Complete~Inspection 18~Months~to~Complete~Construction Email~Customer~Instructions
args: Negotiations Construction Admin Remediation CreatorAsManager AEP~Responsibility Third~Party~to~Engineer LOC~Fix~completed
args: 
args: Assign~Third~Planning~Group~Sup Email~Customer:~Some~Work~Not~Completed Push~Forms~to~Calc Assign~Inspector Assign~Fourth~Planning~Group~Sup Update~FLOC~Unauthorized~(not~completed~as~approved~stations) Create~E2~for~Found~Poles Assign~TPAM~Agent Accept~or~Reject~Station~Statuses Assign~Second~Planning~Group~Sup Create~Notification~Against~Failed~Structure~IDs Send~the~As~Is~Layer~Measurement~Point Assign~First~Planning~Group~Sup Lock~Pole~Count Remove~Time~Markers Mail~JPO~to~a.~Change~Records~(then~approve~pole(s))~Or~b.~notice~to~fix Email:~Customer~Rework~Required,~review~station~statuses 14~Days~to~Fix~Clock~and~Auto~Advance Email~Customer:~Complete~Form~48 Assign~NDPM~Usergroup Email~All~Cancelled Email~Customer~Cancelled Email~Customer~Instructions 24~Months~to~Complete~Inspection In~45~Days,~Email~Customer~About~Form~2~Final Email:~Verify~all~stations~have~status Assign~JPA~Manager Assign~TPAM~Admin First~45~Day~Clock 18~Months~to~Complete~Construction Email~All:~Project~Being~Edited 31~Day~Reminder~(repeating) Unlock~Project Assign~Customer
args: AllPolesOKRemoveTimeMarkers GenerateCalcFile Unlock~project Locking~Project Creator~as~Manager Asset~Details TECO~Exhibit~A Assign~Tom~Ogle StationStatus ProjectPolesToMin1 Exhibit~A
]]></system-out>
  <system-err><![CDATA[]]></system-err>
</testsuite>
