<?xml version="1.0" encoding="UTF-8"?>
<testsuite name="flow.TestWorkFlow" tests="1" skipped="0" failures="0" errors="0" timestamp="2015-07-02T17:47:08" hostname="ca0284.local" time="22.038">
  <properties/>
  <testcase name="1: SPIDA: Test-Flow: Captured all forms" classname="flow.TestWorkFlow" time="22.038"/>
  <system-out><![CDATA[Forms to capture: 
1: Test Project Form 1
2: Test Station Form 1
?[36m[info]?[0m [phantom] Starting...
?[36m[info]?[0m [phantom] Execution timeout set to 10000ms
?[36m[info]?[0m [phantom] Running suite: 10 steps
?[32;1m[debug]?[0m [phantom] opening url: https://www.spidasoftware.com/projectmanager/, HTTP GET
?[32;1m[debug]?[0m [phantom] Navigation requested: url=https://www.spidasoftware.com/projectmanager/, type=Other, willNavigate=true, isMainFrame=true
?[32;1m[debug]?[0m [phantom] Navigation requested: url=https://www.spidasoftware.com/cas/login?service=https://www.spidasoftware.com/projectmanager/j_spring_cas_security_check, type=Other, willNavigate=true, isMainFrame=true
?[32;1m[debug]?[0m [phantom] url changed to "https://www.spidasoftware.com/cas/login?service=https://www.spidasoftware.com/projectmanager/j_spring_cas_security_check"
?[32;1m[debug]?[0m [phantom] Successfully injected Casper client-side utilities
?[32;1m[debug]?[0m [phantom] start page is loaded
?[36m[info]?[0m [phantom] Step login 3/10 https://www.spidasoftware.com/cas/login?service=https://www.spidasoftware.com/projectmanager/j_spring_cas_security_check (HTTP 200)
?[36m[info]?[0m [remote] attempting to fetch form element from selector: 'form#fm1'
?[32;1m[debug]?[0m [remote] Set "username" field value to admin@spidasoftware.com
?[32;1m[debug]?[0m [remote] Set "password" field value to ***************
?[36m[info]?[0m [remote] submitting form to /cas/login;jsessionid=017169A17CEB4CFD6EEF1B89D8BB7A86?service=https%3A%2F%2Fwww.spidasoftware.com%2Fprojectmanager%2Fj_spring_cas_security_check, HTTP POST
?[36m[info]?[0m [phantom] Step login 3/10: done in 952ms.
?[32;1m[debug]?[0m [phantom] Navigation requested: url=https://www.spidasoftware.com/cas/login;jsessionid=017169A17CEB4CFD6EEF1B89D8BB7A86?service=https://www.spidasoftware.com/projectmanager/j_spring_cas_security_check, type=FormSubmitted, willNavigate=true, isMainFrame=true
?[32;1m[debug]?[0m [phantom] Navigation requested: url=https://www.spidasoftware.com/projectmanager/j_spring_cas_security_check?ticket=ST-616-Pp7DxRdPBmgqYq7oUVQs-www.spidasoftware.com, type=FormSubmitted, willNavigate=true, isMainFrame=true
?[32;1m[debug]?[0m [phantom] Navigation requested: url=https://www.spidasoftware.com/projectmanager/, type=FormSubmitted, willNavigate=true, isMainFrame=true
?[32;1m[debug]?[0m [phantom] url changed to "https://www.spidasoftware.com/projectmanager/"
?[32;1m[debug]?[0m [phantom] Successfully injected Casper client-side utilities
?[36m[info]?[0m [phantom] Step _step 4/10 https://www.spidasoftware.com/projectmanager/ (HTTP 200)
?[36m[info]?[0m [phantom] Step _step 4/10: done in 5712ms.
?[36m[info]?[0m [phantom] waitFor() finished in 41ms.
?[36m[info]?[0m [phantom] Step afterLogin 5/11 https://www.spidasoftware.com/projectmanager/ (HTTP 200)
?[36m[info]?[0m [phantom] Step afterLogin 5/11: done in 5774ms.
?[36m[info]?[0m [phantom] Step _step 6/11 https://www.spidasoftware.com/projectmanager/ (HTTP 200)
?[36m[info]?[0m [phantom] Step _step 6/11: done in 5798ms.
?[36m[info]?[0m [phantom] waitFor() finished in 44ms.
?[36m[info]?[0m [phantom] Step anonymous 7/12 https://www.spidasoftware.com/projectmanager/ (HTTP 200)
?[36m[info]?[0m [phantom] Step anonymous 7/12: done in 5865ms.
?[36m[info]?[0m [phantom] Step _step 8/12 https://www.spidasoftware.com/projectmanager/ (HTTP 200)
?[36m[info]?[0m [phantom] Step _step 8/12: done in 5889ms.
script timed out
?[33m[warning]?[0m [phantom] Casper.waitFor() timeout
Should only see this message if company is SPIDA.
?[32;1m[debug]?[0m [phantom] opening url: https://www.spidasoftware.com/projectmanager/formTemplate/list, HTTP GET
?[32;1m[debug]?[0m [phantom] Navigation requested: url=https://www.spidasoftware.com/projectmanager/formTemplate/list, type=Other, willNavigate=true, isMainFrame=true
?[33m[warning]?[0m [phantom] Loading resource failed with status=fail (HTTP 200): https://www.spidasoftware.com/projectmanager/formTemplate/list
?[32;1m[debug]?[0m [phantom] url changed to "https://www.spidasoftware.com/projectmanager/formTemplate/list"
?[32;1m[debug]?[0m [phantom] Successfully injected Casper client-side utilities
?[36m[info]?[0m [phantom] Step openFormList 10/12 https://www.spidasoftware.com/projectmanager/formTemplate/list (HTTP 200)
Navigating to Flow Form List
?[36m[info]?[0m [phantom] Step openFormList 10/12: done in 12964ms.
?[36m[info]?[0m [phantom] Step _step 11/12 https://www.spidasoftware.com/projectmanager/formTemplate/list (HTTP 200)
?[36m[info]?[0m [phantom] Step _step 11/12: done in 12982ms.
?[36m[info]?[0m [phantom] waitFor() finished in 44ms.
?[36m[info]?[0m [phantom] Step waitForFormList 12/13 https://www.spidasoftware.com/projectmanager/formTemplate/list (HTTP 200)
Currently at: https://www.spidasoftware.com/projectmanager/formTemplate/list
?[36m[info]?[0m [phantom] Step waitForFormList 12/13: done in 13049ms.
?[36m[info]?[0m [phantom] Step _step 13/13 https://www.spidasoftware.com/projectmanager/formTemplate/list (HTTP 200)
?[36m[info]?[0m [phantom] Step _step 13/13: done in 13070ms.
?[36m[info]?[0m [phantom] waitFor() finished in 46ms.
?[36m[info]?[0m [phantom] Step loopThrough 14/14 https://www.spidasoftware.com/projectmanager/formTemplate/list (HTTP 200)
?[36m[info]?[0m [phantom] Step loopThrough 14/14: done in 13140ms.
?[32;1m[debug]?[0m [phantom] opening url: https://www.spidasoftware.com/projectmanager/formTemplate/list?offset=0&max=10&sort=name&order=asc, HTTP GET
?[32;1m[debug]?[0m [phantom] Navigation requested: url=https://www.spidasoftware.com/projectmanager/formTemplate/list?offset=0&max=10&sort=name&order=asc, type=Other, willNavigate=true, isMainFrame=true
?[33m[warning]?[0m [phantom] Loading resource failed with status=fail (HTTP 200): https://www.spidasoftware.com/projectmanager/formTemplate/list?offset=0&max=10&sort=name&order=asc
?[32;1m[debug]?[0m [phantom] url changed to "https://www.spidasoftware.com/projectmanager/formTemplate/list?offset=0&max=10&sort=name&order=asc"
?[32;1m[debug]?[0m [phantom] Successfully injected Casper client-side utilities
?[36m[info]?[0m [phantom] Step anonymous 16/26 https://www.spidasoftware.com/projectmanager/formTemplate/list?offset=0&max=10&sort=name&order=asc (HTTP 200)
?[36m[info]?[0m [phantom] Step anonymous 16/26: done in 13718ms.
?[36m[info]?[0m [phantom] Step _step 17/27 https://www.spidasoftware.com/projectmanager/formTemplate/list?offset=0&max=10&sort=name&order=asc (HTTP 200)
?[36m[info]?[0m [phantom] Step _step 17/27: done in 13733ms.
?[36m[info]?[0m [phantom] waitFor() finished in 41ms.
?[36m[info]?[0m [phantom] Step anonymous 18/28 https://www.spidasoftware.com/projectmanager/formTemplate/list?offset=0&max=10&sort=name&order=asc (HTTP 200)
?[36m[info]?[0m [phantom] Step anonymous 18/28: done in 13806ms.
?[32;1m[debug]?[0m [phantom] opening url: https://www.spidasoftware.com/projectmanager/formTemplate/list?offset=10&max=10&sort=name&order=asc, HTTP GET
?[32;1m[debug]?[0m [phantom] Navigation requested: url=https://www.spidasoftware.com/projectmanager/formTemplate/list?offset=10&max=10&sort=name&order=asc, type=Other, willNavigate=true, isMainFrame=true
?[33m[warning]?[0m [phantom] Loading resource failed with status=fail (HTTP 200): https://www.spidasoftware.com/projectmanager/formTemplate/list?offset=10&max=10&sort=name&order=asc
?[32;1m[debug]?[0m [phantom] url changed to "https://www.spidasoftware.com/projectmanager/formTemplate/list?offset=10&max=10&sort=name&order=asc"
?[32;1m[debug]?[0m [phantom] Successfully injected Casper client-side utilities
?[36m[info]?[0m [phantom] Step anonymous 20/28 https://www.spidasoftware.com/projectmanager/formTemplate/list?offset=10&max=10&sort=name&order=asc (HTTP 200)
?[36m[info]?[0m [phantom] Step anonymous 20/28: done in 14316ms.
?[36m[info]?[0m [phantom] Step _step 21/29 https://www.spidasoftware.com/projectmanager/formTemplate/list?offset=10&max=10&sort=name&order=asc (HTTP 200)
?[36m[info]?[0m [phantom] Step _step 21/29: done in 14335ms.
?[36m[info]?[0m [phantom] waitFor() finished in 41ms.
?[36m[info]?[0m [phantom] Step anonymous 22/30 https://www.spidasoftware.com/projectmanager/formTemplate/list?offset=10&max=10&sort=name&order=asc (HTTP 200)
?[36m[info]?[0m [phantom] Step anonymous 22/30: done in 14402ms.
?[32;1m[debug]?[0m [phantom] opening url: https://www.spidasoftware.com/projectmanager/formTemplate/list?offset=20&max=10&sort=name&order=asc, HTTP GET
?[32;1m[debug]?[0m [phantom] Navigation requested: url=https://www.spidasoftware.com/projectmanager/formTemplate/list?offset=20&max=10&sort=name&order=asc, type=Other, willNavigate=true, isMainFrame=true
?[33m[warning]?[0m [phantom] Loading resource failed with status=fail (HTTP 200): https://www.spidasoftware.com/projectmanager/formTemplate/list?offset=20&max=10&sort=name&order=asc
?[32;1m[debug]?[0m [phantom] url changed to "https://www.spidasoftware.com/projectmanager/formTemplate/list?offset=20&max=10&sort=name&order=asc"
?[32;1m[debug]?[0m [phantom] Successfully injected Casper client-side utilities
?[36m[info]?[0m [phantom] Step anonymous 24/30 https://www.spidasoftware.com/projectmanager/formTemplate/list?offset=20&max=10&sort=name&order=asc (HTTP 200)
?[36m[info]?[0m [phantom] Step anonymous 24/30: done in 14914ms.
?[36m[info]?[0m [phantom] Step _step 25/31 https://www.spidasoftware.com/projectmanager/formTemplate/list?offset=20&max=10&sort=name&order=asc (HTTP 200)
?[36m[info]?[0m [phantom] Step _step 25/31: done in 14931ms.
?[36m[info]?[0m [phantom] waitFor() finished in 41ms.
?[36m[info]?[0m [phantom] Step anonymous 26/32 https://www.spidasoftware.com/projectmanager/formTemplate/list?offset=20&max=10&sort=name&order=asc (HTTP 200)
?[36m[info]?[0m [phantom] Step anonymous 26/32: done in 15002ms.
?[32;1m[debug]?[0m [phantom] opening url: https://www.spidasoftware.com/projectmanager/formTemplate/list?offset=30&max=10&sort=name&order=asc, HTTP GET
?[32;1m[debug]?[0m [phantom] Navigation requested: url=https://www.spidasoftware.com/projectmanager/formTemplate/list?offset=30&max=10&sort=name&order=asc, type=Other, willNavigate=true, isMainFrame=true
?[33m[warning]?[0m [phantom] Loading resource failed with status=fail (HTTP 200): https://www.spidasoftware.com/projectmanager/formTemplate/list?offset=30&max=10&sort=name&order=asc
?[32;1m[debug]?[0m [phantom] url changed to "https://www.spidasoftware.com/projectmanager/formTemplate/list?offset=30&max=10&sort=name&order=asc"
?[32;1m[debug]?[0m [phantom] Successfully injected Casper client-side utilities
?[36m[info]?[0m [phantom] Step anonymous 28/32 https://www.spidasoftware.com/projectmanager/formTemplate/list?offset=30&max=10&sort=name&order=asc (HTTP 200)
?[36m[info]?[0m [phantom] Step anonymous 28/32: done in 15501ms.
?[36m[info]?[0m [phantom] Step _step 29/33 https://www.spidasoftware.com/projectmanager/formTemplate/list?offset=30&max=10&sort=name&order=asc (HTTP 200)
?[36m[info]?[0m [phantom] Step _step 29/33: done in 15516ms.
?[36m[info]?[0m [phantom] waitFor() finished in 40ms.
?[36m[info]?[0m [phantom] Step anonymous 30/34 https://www.spidasoftware.com/projectmanager/formTemplate/list?offset=30&max=10&sort=name&order=asc (HTTP 200)
?[36m[info]?[0m [phantom] Step anonymous 30/34: done in 15585ms.
?[32;1m[debug]?[0m [phantom] opening url: https://www.spidasoftware.com/projectmanager/formTemplate/list?offset=40&max=10&sort=name&order=asc, HTTP GET
?[32;1m[debug]?[0m [phantom] Navigation requested: url=https://www.spidasoftware.com/projectmanager/formTemplate/list?offset=40&max=10&sort=name&order=asc, type=Other, willNavigate=true, isMainFrame=true
?[33m[warning]?[0m [phantom] Loading resource failed with status=fail (HTTP 200): https://www.spidasoftware.com/projectmanager/formTemplate/list?offset=40&max=10&sort=name&order=asc
?[32;1m[debug]?[0m [phantom] url changed to "https://www.spidasoftware.com/projectmanager/formTemplate/list?offset=40&max=10&sort=name&order=asc"
?[32;1m[debug]?[0m [phantom] Successfully injected Casper client-side utilities
?[36m[info]?[0m [phantom] Step anonymous 32/34 https://www.spidasoftware.com/projectmanager/formTemplate/list?offset=40&max=10&sort=name&order=asc (HTTP 200)
?[36m[info]?[0m [phantom] Step anonymous 32/34: done in 16144ms.
?[36m[info]?[0m [phantom] Step _step 33/35 https://www.spidasoftware.com/projectmanager/formTemplate/list?offset=40&max=10&sort=name&order=asc (HTTP 200)
?[36m[info]?[0m [phantom] Step _step 33/35: done in 16160ms.
?[36m[info]?[0m [phantom] waitFor() finished in 40ms.
?[36m[info]?[0m [phantom] Step anonymous 34/36 https://www.spidasoftware.com/projectmanager/formTemplate/list?offset=40&max=10&sort=name&order=asc (HTTP 200)
Stored screenshot of form: Test Project Form 1
?[36m[info]?[0m [phantom] Step anonymous 34/36: done in 16227ms.
?[36m[info]?[0m [phantom] Step clickForm 35/41 https://www.spidasoftware.com/projectmanager/formTemplate/list?offset=40&max=10&sort=name&order=asc (HTTP 200)
?[32;1m[debug]?[0m [phantom] Mouse event 'mousedown' on selector: xpath selector: //*[text()="Test Project Form 1"]
?[32;1m[debug]?[0m [phantom] Mouse event 'mouseup' on selector: xpath selector: //*[text()="Test Project Form 1"]
?[32;1m[debug]?[0m [phantom] Mouse event 'click' on selector: xpath selector: //*[text()="Test Project Form 1"]
?[32;1m[debug]?[0m [phantom] Navigation requested: url=https://www.spidasoftware.com/projectmanager/formTemplate/edit/86739, type=LinkClicked, willNavigate=true, isMainFrame=true
?[36m[info]?[0m [phantom] Step clickForm 35/41: done in 16252ms.
?[33m[warning]?[0m [phantom] Loading resource failed with status=fail (HTTP 200): https://www.spidasoftware.com/projectmanager/formTemplate/edit/86739
?[32;1m[debug]?[0m [phantom] url changed to "https://www.spidasoftware.com/projectmanager/formTemplate/edit/86739"
?[32;1m[debug]?[0m [phantom] Successfully injected Casper client-side utilities
?[36m[info]?[0m [phantom] Step _step 36/41 https://www.spidasoftware.com/projectmanager/formTemplate/edit/86739 (HTTP 200)
?[36m[info]?[0m [phantom] Step _step 36/41: done in 17445ms.
?[36m[info]?[0m [phantom] waitFor() finished in 41ms.
?[36m[info]?[0m [phantom] Step anonymous 37/42 https://www.spidasoftware.com/projectmanager/formTemplate/edit/86739 (HTTP 200)
?[36m[info]?[0m [phantom] Step anonymous 37/42: done in 17506ms.
?[36m[info]?[0m [phantom] Step anonymous 38/42 https://www.spidasoftware.com/projectmanager/formTemplate/edit/86739 (HTTP 200)
?[36m[info]?[0m [phantom] Step anonymous 38/42: done in 17527ms.
?[36m[info]?[0m [phantom] Step anonymous 39/42 https://www.spidasoftware.com/projectmanager/formTemplate/edit/86739 (HTTP 200)
?[36m[info]?[0m [phantom] Step anonymous 39/42: done in 17547ms.
?[36m[info]?[0m [phantom] Step _step 40/43 https://www.spidasoftware.com/projectmanager/formTemplate/edit/86739 (HTTP 200)
?[36m[info]?[0m [phantom] Step _step 40/43: done in 17570ms.
?[32;1m[debug]?[0m [phantom] Navigation requested: url=https://www.spidasoftware.com/projectmanager/formTemplate/list?offset=40&max=10&sort=name&order=asc, type=BackOrForward, willNavigate=true, isMainFrame=true
?[33m[warning]?[0m [phantom] Loading resource failed with status=fail (HTTP 200): https://www.spidasoftware.com/projectmanager/formTemplate/list?offset=40&max=10&sort=name&order=asc
?[32;1m[debug]?[0m [phantom] url changed to "https://www.spidasoftware.com/projectmanager/formTemplate/list?offset=40&max=10&sort=name&order=asc"
?[32;1m[debug]?[0m [phantom] Successfully injected Casper client-side utilities
?[36m[info]?[0m [phantom] Step _step 41/43 https://www.spidasoftware.com/projectmanager/formTemplate/list?offset=40&max=10&sort=name&order=asc (HTTP 200)
?[36m[info]?[0m [phantom] Step _step 41/43: done in 18052ms.
?[36m[info]?[0m [phantom] waitFor() finished in 42ms.
?[36m[info]?[0m [phantom] Step anonymous 42/44 https://www.spidasoftware.com/projectmanager/formTemplate/list?offset=40&max=10&sort=name&order=asc (HTTP 200)
?[36m[info]?[0m [phantom] Step anonymous 42/44: done in 18111ms.
?[32;1m[debug]?[0m [phantom] opening url: https://www.spidasoftware.com/projectmanager/formTemplate/list?offset=50&max=10&sort=name&order=asc, HTTP GET
?[32;1m[debug]?[0m [phantom] Navigation requested: url=https://www.spidasoftware.com/projectmanager/formTemplate/list?offset=50&max=10&sort=name&order=asc, type=Other, willNavigate=true, isMainFrame=true
?[33m[warning]?[0m [phantom] Loading resource failed with status=fail (HTTP 200): https://www.spidasoftware.com/projectmanager/formTemplate/list?offset=50&max=10&sort=name&order=asc
?[32;1m[debug]?[0m [phantom] url changed to "https://www.spidasoftware.com/projectmanager/formTemplate/list?offset=50&max=10&sort=name&order=asc"
?[32;1m[debug]?[0m [phantom] Successfully injected Casper client-side utilities
?[36m[info]?[0m [phantom] Step anonymous 44/44 https://www.spidasoftware.com/projectmanager/formTemplate/list?offset=50&max=10&sort=name&order=asc (HTTP 200)
?[36m[info]?[0m [phantom] Step anonymous 44/44: done in 18632ms.
?[36m[info]?[0m [phantom] Step _step 45/45 https://www.spidasoftware.com/projectmanager/formTemplate/list?offset=50&max=10&sort=name&order=asc (HTTP 200)
?[36m[info]?[0m [phantom] Step _step 45/45: done in 18649ms.
?[36m[info]?[0m [phantom] waitFor() finished in 44ms.
?[36m[info]?[0m [phantom] Step anonymous 46/46 https://www.spidasoftware.com/projectmanager/formTemplate/list?offset=50&max=10&sort=name&order=asc (HTTP 200)
Stored screenshot of form: Test Station Form 1
?[36m[info]?[0m [phantom] Step anonymous 46/46: done in 18721ms.
?[36m[info]?[0m [phantom] Step clickForm 47/51 https://www.spidasoftware.com/projectmanager/formTemplate/list?offset=50&max=10&sort=name&order=asc (HTTP 200)
?[32;1m[debug]?[0m [phantom] Mouse event 'mousedown' on selector: xpath selector: //*[text()="Test Station Form 1"]
?[32;1m[debug]?[0m [phantom] Mouse event 'mouseup' on selector: xpath selector: //*[text()="Test Station Form 1"]
?[32;1m[debug]?[0m [phantom] Mouse event 'click' on selector: xpath selector: //*[text()="Test Station Form 1"]
?[32;1m[debug]?[0m [phantom] Navigation requested: url=https://www.spidasoftware.com/projectmanager/formTemplate/edit/86764, type=LinkClicked, willNavigate=true, isMainFrame=true
?[36m[info]?[0m [phantom] Step clickForm 47/51: done in 18748ms.
?[33m[warning]?[0m [phantom] Loading resource failed with status=fail (HTTP 200): https://www.spidasoftware.com/projectmanager/formTemplate/edit/86764
?[32;1m[debug]?[0m [phantom] url changed to "https://www.spidasoftware.com/projectmanager/formTemplate/edit/86764"
?[32;1m[debug]?[0m [phantom] Successfully injected Casper client-side utilities
?[36m[info]?[0m [phantom] Step _step 48/51 https://www.spidasoftware.com/projectmanager/formTemplate/edit/86764 (HTTP 200)
?[36m[info]?[0m [phantom] Step _step 48/51: done in 19458ms.
?[36m[info]?[0m [phantom] waitFor() finished in 40ms.
?[36m[info]?[0m [phantom] Step anonymous 49/52 https://www.spidasoftware.com/projectmanager/formTemplate/edit/86764 (HTTP 200)
?[36m[info]?[0m [phantom] Step anonymous 49/52: done in 19519ms.
?[36m[info]?[0m [phantom] Step anonymous 50/52 https://www.spidasoftware.com/projectmanager/formTemplate/edit/86764 (HTTP 200)
?[36m[info]?[0m [phantom] Step anonymous 50/52: done in 19543ms.
?[36m[info]?[0m [phantom] Step anonymous 51/52 https://www.spidasoftware.com/projectmanager/formTemplate/edit/86764 (HTTP 200)
?[36m[info]?[0m [phantom] Step anonymous 51/52: done in 19562ms.
?[36m[info]?[0m [phantom] Step _step 52/53 https://www.spidasoftware.com/projectmanager/formTemplate/edit/86764 (HTTP 200)
?[36m[info]?[0m [phantom] Step _step 52/53: done in 19583ms.
?[32;1m[debug]?[0m [phantom] Navigation requested: url=https://www.spidasoftware.com/projectmanager/formTemplate/list?offset=50&max=10&sort=name&order=asc, type=BackOrForward, willNavigate=true, isMainFrame=true
?[33m[warning]?[0m [phantom] Loading resource failed with status=fail (HTTP 200): https://www.spidasoftware.com/projectmanager/formTemplate/list?offset=50&max=10&sort=name&order=asc
?[32;1m[debug]?[0m [phantom] url changed to "https://www.spidasoftware.com/projectmanager/formTemplate/list?offset=50&max=10&sort=name&order=asc"
?[32;1m[debug]?[0m [phantom] Successfully injected Casper client-side utilities
?[36m[info]?[0m [phantom] Step _step 53/53 https://www.spidasoftware.com/projectmanager/formTemplate/list?offset=50&max=10&sort=name&order=asc (HTTP 200)
?[36m[info]?[0m [phantom] Step _step 53/53: done in 20098ms.
?[36m[info]?[0m [phantom] waitFor() finished in 41ms.
?[36m[info]?[0m [phantom] Step anonymous 54/54 https://www.spidasoftware.com/projectmanager/formTemplate/list?offset=50&max=10&sort=name&order=asc (HTTP 200)
?[36m[info]?[0m [phantom] Step anonymous 54/54: done in 20157ms.
?[36m[info]?[0m [phantom] Done 54 steps in 20177ms
]]></system-out>
  <system-err><![CDATA[]]></system-err>
</testsuite>
