<?xml version="1.0" encoding="UTF-8"?>
<testsuite name="flow.TestWorkFlow" tests="60" skipped="27" failures="1" errors="0" timestamp="2015-06-29T13:23:49" hostname="ca0284.local" time="1011.736">
  <properties/>
  <testcase name="1: SPIDA: Test-Flow: Captured all forms" classname="flow.TestWorkFlow" time="39.688"/>
  <testcase name="2: SPIDA: Test-Flow: Generated all forms" classname="flow.TestWorkFlow" time="3.57"/>
  <testcase name="3: SPIDA: Test-Flow: Captured all actions" classname="flow.TestWorkFlow" time="29.158"/>
  <testcase name="4: SPIDA: Test-Flow: Generated all actions" classname="flow.TestWorkFlow" time="2.978"/>
  <testcase name="5: DLC: DLC Overhead: Capture all forms" classname="flow.TestWorkFlow" time="29.358"/>
  <testcase name="6: DLC: DLC Overhead: Generated all forms" classname="flow.TestWorkFlow" time="2.766"/>
  <testcase name="7: DLC: DLC Overhead: Captured all actions" classname="flow.TestWorkFlow" time="74.517"/>
  <testcase name="8: DLC: DLC Overhead: Generated all actions" classname="flow.TestWorkFlow" time="9.701"/>
  <testcase name="9: ACME~Power~Co.: Joint Use WorkFlow: Captured all forms" classname="flow.TestWorkFlow" time="27.08"/>
  <testcase name="10: ACME~Power~Co.: Joint Use WorkFlow: Generated all forms" classname="flow.TestWorkFlow" time="2.488"/>
  <testcase name="11: ACME~Power~Co.: Joint Use WorkFlow: Captured all actions" classname="flow.TestWorkFlow" time="139.717"/>
  <testcase name="12: ACME~Power~Co.: Joint Use WorkFlow: Generated all actions" classname="flow.TestWorkFlow" time="17.43"/>
  <testcase name="ACME~Power~Co.: Overhead EJU: Captured all forms" classname="flow.TestWorkFlow" time="28.146"/>
  <testcase name="ACME~Power~Co.: Overhead EJU: Generated all forms" classname="flow.TestWorkFlow" time="2.522"/>
  <testcase name="ACME~Power~Co.: Overhead EJU: Captured all actions" classname="flow.TestWorkFlow" time="83.119"/>
  <testcase name="ACME~Power~Co.: Overhead EJU: Generated all actions" classname="flow.TestWorkFlow" time="8.801"/>
  <testcase name="American~Electric~Power: EJU: Captured all forms" classname="flow.TestWorkFlow" time="44.403"/>
  <testcase name="American~Electric~Power: EJU: Generated all forms" classname="flow.TestWorkFlow" time="4.656"/>
  <testcase name="American~Electric~Power: EJU: Captured all actions" classname="flow.TestWorkFlow" time="51.226"/>
  <testcase name="American~Electric~Power: EJU: Generated all actions" classname="flow.TestWorkFlow" time="5.0"/>
  <testcase name="American~Electric~Power: Overlash (imported~4/9/13~11:11:01~PM): Captured all forms" classname="flow.TestWorkFlow" time="46.07"/>
  <testcase name="American~Electric~Power: Overlash (imported~4/9/13~11:11:01~PM): Generated all forms" classname="flow.TestWorkFlow" time="4.823"/>
  <testcase name="American~Electric~Power: Overlash (imported~4/9/13~11:11:01~PM): Captured all actions" classname="flow.TestWorkFlow" time="53.474"/>
  <testcase name="American~Electric~Power: Overlash (imported~4/9/13~11:11:01~PM): Generated all actions" classname="flow.TestWorkFlow" time="5.62"/>
  <testcase name="DG: DGPermitOLD: Captured all forms" classname="flow.TestWorkFlow" time="34.091"/>
  <testcase name="DG: DGPermitOLD: Generated all forms" classname="flow.TestWorkFlow" time="3.568"/>
  <testcase name="DG: DGPermitOLD: Captured all actions" classname="flow.TestWorkFlow" time="68.775"/>
  <testcase name="DG: DGPermitOLD: Generated all actions" classname="flow.TestWorkFlow" time="8.186"/>
  <testcase name="DG2: North~Carolina~Make~Ready~Process: Captured all forms" classname="flow.TestWorkFlow" time="34.203"/>
  <testcase name="DG2: North~Carolina~Make~Ready~Process: Generated all forms" classname="flow.TestWorkFlow" time="4.07"/>
  <testcase name="DG2: North~Carolina~Make~Ready~Process: Captured all actions" classname="flow.TestWorkFlow" time="109.074"/>
  <testcase name="DG2: North~Carolina~Make~Ready~Process: Generated all actions" classname="flow.TestWorkFlow" time="14.588"/>
  <testcase name="Duke Energy: JU Permitting: Captured all forms" classname="flow.TestWorkFlow" time="18.863">
    <failure message="Condition not satisfied:&#10;&#10;juPermittingFlow.formsMissed.size() == 0&#10;|                |           |      |&#10;|                |           2      false&#10;|                [Attachment Details, Proposal Details]&#10;flow.SampleWorkFlow@743a6c12&#10;" type="org.spockframework.runtime.SpockComparisonFailure">Condition not satisfied:

juPermittingFlow.formsMissed.size() == 0
|                |           |      |
|                |           2      false
|                [Attachment Details, Proposal Details]
flow.SampleWorkFlow@743a6c12

	at flow.TestWorkFlow.Duke Energy: JU Permitting: Captured all forms(TestWorkFlow.groovy:771)
</failure>
  </testcase>
  <testcase name="Duke Energy: JU Permitting: Generated all forms" classname="flow.TestWorkFlow" time="0.0">
    <skipped/>
  </testcase>
  <testcase name="Duke Energy: JU Permitting: Captured all actions" classname="flow.TestWorkFlow" time="0.0">
    <skipped/>
  </testcase>
  <testcase name="Duke Energy: JU Permitting: Generated all actions" classname="flow.TestWorkFlow" time="0.0">
    <skipped/>
  </testcase>
  <testcase name="JPO: JPA~(1): Captured all forms" classname="flow.TestWorkFlow" time="0.0">
    <skipped/>
  </testcase>
  <testcase name="JPO: JPA~(1): Generated all forms" classname="flow.TestWorkFlow" time="0.0">
    <skipped/>
  </testcase>
  <testcase name="JPO: JPA~(1): Captured all actions" classname="flow.TestWorkFlow" time="0.0">
    <skipped/>
  </testcase>
  <testcase name="JPO: JPA~(1): Generated all actions" classname="flow.TestWorkFlow" time="0.0">
    <skipped/>
  </testcase>
  <testcase name="JPO: RFA (10): Captured all forms" classname="flow.TestWorkFlow" time="0.0">
    <skipped/>
  </testcase>
  <testcase name="JPO: RFA (10): Generated all forms" classname="flow.TestWorkFlow" time="0.0">
    <skipped/>
  </testcase>
  <testcase name="JPO: RFA (10): Captured all actions" classname="flow.TestWorkFlow" time="0.0">
    <skipped/>
  </testcase>
  <testcase name="JPO: RFA (10): Generated all actions" classname="flow.TestWorkFlow" time="0.0">
    <skipped/>
  </testcase>
  <testcase name="Power Engineers: PEI: Captured all forms" classname="flow.TestWorkFlow" time="0.0">
    <skipped/>
  </testcase>
  <testcase name="Power Engineers: PEI: Generated all forms" classname="flow.TestWorkFlow" time="0.0">
    <skipped/>
  </testcase>
  <testcase name="Power Engineers: PEI: Captured all actions" classname="flow.TestWorkFlow" time="0.0">
    <skipped/>
  </testcase>
  <testcase name="Power Engineers: PEI: Generated all actions" classname="flow.TestWorkFlow" time="0.0">
    <skipped/>
  </testcase>
  <testcase name="SCE_Demo: Pole Load Analysis: Captured all forms" classname="flow.TestWorkFlow" time="0.0">
    <skipped/>
  </testcase>
  <testcase name="SCE_Demo: Pole Load Analysis: Generated all forms" classname="flow.TestWorkFlow" time="0.0">
    <skipped/>
  </testcase>
  <testcase name="SCE_Demo: Pole Load Analysis: Captured all actions" classname="flow.TestWorkFlow" time="0.0">
    <skipped/>
  </testcase>
  <testcase name="SCE_Demo: Pole Load Analysis: Generated all actions" classname="flow.TestWorkFlow" time="0.0">
    <skipped/>
  </testcase>
  <testcase name="SPIDA: JPA old: Captured all forms" classname="flow.TestWorkFlow" time="0.0">
    <skipped/>
  </testcase>
  <testcase name="SPIDA: JPA old: Generated all forms" classname="flow.TestWorkFlow" time="0.0">
    <skipped/>
  </testcase>
  <testcase name="SPIDA: JPA old: Captured all actions" classname="flow.TestWorkFlow" time="0.0">
    <skipped/>
  </testcase>
  <testcase name="SPIDA: JPA old: Generated all actions" classname="flow.TestWorkFlow" time="0.0">
    <skipped/>
  </testcase>
  <testcase name="TECO: JU- UPDATED: Captured all forms" classname="flow.TestWorkFlow" time="0.0">
    <skipped/>
  </testcase>
  <testcase name="TECO: JU- UPDATED: Generated all forms" classname="flow.TestWorkFlow" time="0.0">
    <skipped/>
  </testcase>
  <testcase name="TECO: JU- UPDATED: Captured all actions" classname="flow.TestWorkFlow" time="0.0">
    <skipped/>
  </testcase>
  <testcase name="TECO: JU- UPDATED: Generated all actions" classname="flow.TestWorkFlow" time="0.0">
    <skipped/>
  </testcase>
  <system-out><![CDATA[Forms to capture: 
1: Test Project Form 1
2: Test Station Form 1
?[36m[info]?[0m [phantom] Starting...
?[36m[info]?[0m [phantom] Execution timeout set to 10000ms
?[36m[info]?[0m [phantom] Running suite: 10 steps
?[32;1m[debug]?[0m [phantom] opening url: https://www.spidasoftware.com/projectmanager/, HTTP GET
?[32;1m[debug]?[0m [phantom] Navigation requested: url=https://www.spidasoftware.com/projectmanager/, type=Other, willNavigate=true, isMainFrame=true
?[32;1m[debug]?[0m [phantom] Navigation requested: url=https://www.spidasoftware.com/cas/login?service=https://www.spidasoftware.com/projectmanager/j_spring_cas_security_check, type=Other, willNavigate=true, isMainFrame=true
?[32;1m[debug]?[0m [phantom] url changed to "https://www.spidasoftware.com/cas/login?service=https://www.spidasoftware.com/projectmanager/j_spring_cas_security_check"
?[32;1m[debug]?[0m [phantom] Successfully injected Casper client-side utilities
?[32;1m[debug]?[0m [phantom] start page is loaded
?[36m[info]?[0m [phantom] Step login 3/10 https://www.spidasoftware.com/cas/login?service=https://www.spidasoftware.com/projectmanager/j_spring_cas_security_check (HTTP 200)
?[36m[info]?[0m [remote] attempting to fetch form element from selector: 'form#fm1'
?[32;1m[debug]?[0m [remote] Set "username" field value to admin@spidasoftware.com
?[32;1m[debug]?[0m [remote] Set "password" field value to ***************
?[36m[info]?[0m [remote] submitting form to /cas/login;jsessionid=5570FAB6E4111FA07E7FAC5D6557A89E?service=https%3A%2F%2Fwww.spidasoftware.com%2Fprojectmanager%2Fj_spring_cas_security_check, HTTP POST
?[36m[info]?[0m [phantom] Step login 3/10: done in 3650ms.
?[36m[info]?[0m [phantom] Step _step 4/10 https://www.spidasoftware.com/cas/login?service=https://www.spidasoftware.com/projectmanager/j_spring_cas_security_check (HTTP 200)
?[36m[info]?[0m [phantom] Step _step 4/10: done in 3651ms.
?[32;1m[debug]?[0m [phantom] Navigation requested: url=https://www.spidasoftware.com/cas/login;jsessionid=5570FAB6E4111FA07E7FAC5D6557A89E?service=https://www.spidasoftware.com/projectmanager/j_spring_cas_security_check, type=FormSubmitted, willNavigate=true, isMainFrame=true
?[36m[info]?[0m [phantom] waitFor() finished in 45ms.
?[32;1m[debug]?[0m [phantom] Navigation requested: url=https://www.spidasoftware.com/projectmanager/j_spring_cas_security_check?ticket=ST-329-EcUqx0g77XxnKrYKDxgh-www.spidasoftware.com, type=FormSubmitted, willNavigate=true, isMainFrame=true
?[32;1m[debug]?[0m [phantom] Navigation requested: url=https://www.spidasoftware.com/projectmanager/, type=FormSubmitted, willNavigate=true, isMainFrame=true
?[32;1m[debug]?[0m [phantom] url changed to "https://www.spidasoftware.com/projectmanager/"
?[32;1m[debug]?[0m [phantom] Successfully injected Casper client-side utilities
?[36m[info]?[0m [phantom] Step afterLogin 5/11 https://www.spidasoftware.com/projectmanager/ (HTTP 200)
?[36m[info]?[0m [phantom] Step afterLogin 5/11: done in 10819ms.
script timed out
?[36m[info]?[0m [phantom] Step _step 6/11 https://www.spidasoftware.com/projectmanager/ (HTTP 200)
?[36m[info]?[0m [phantom] Step _step 6/11: done in 10824ms.
?[36m[info]?[0m [phantom] waitFor() finished in 44ms.
?[36m[info]?[0m [phantom] Step anonymous 7/12 https://www.spidasoftware.com/projectmanager/ (HTTP 200)
?[36m[info]?[0m [phantom] Step anonymous 7/12: done in 10893ms.
?[36m[info]?[0m [phantom] Step _step 8/12 https://www.spidasoftware.com/projectmanager/ (HTTP 200)
?[36m[info]?[0m [phantom] Step _step 8/12: done in 10917ms.
?[33m[warning]?[0m [phantom] Casper.waitFor() timeout
Should only see this message if company is SPIDA.
?[32;1m[debug]?[0m [phantom] opening url: https://www.spidasoftware.com/projectmanager/formTemplate/list, HTTP GET
?[32;1m[debug]?[0m [phantom] Navigation requested: url=https://www.spidasoftware.com/projectmanager/formTemplate/list, type=Other, willNavigate=true, isMainFrame=true
?[33m[warning]?[0m [phantom] Loading resource failed with status=fail (HTTP 200): https://www.spidasoftware.com/projectmanager/formTemplate/list
?[32;1m[debug]?[0m [phantom] url changed to "https://www.spidasoftware.com/projectmanager/formTemplate/list"
?[32;1m[debug]?[0m [phantom] Successfully injected Casper client-side utilities
?[36m[info]?[0m [phantom] Step openFormList 10/12 https://www.spidasoftware.com/projectmanager/formTemplate/list (HTTP 200)
Navigating to Flow Form List
?[36m[info]?[0m [phantom] Step openFormList 10/12: done in 19598ms.
?[36m[info]?[0m [phantom] Step _step 11/12 https://www.spidasoftware.com/projectmanager/formTemplate/list (HTTP 200)
?[36m[info]?[0m [phantom] Step _step 11/12: done in 19599ms.
?[36m[info]?[0m [phantom] waitFor() finished in 45ms.
?[36m[info]?[0m [phantom] Step waitForFormList 12/13 https://www.spidasoftware.com/projectmanager/formTemplate/list (HTTP 200)
Currently at: https://www.spidasoftware.com/projectmanager/formTemplate/list
?[36m[info]?[0m [phantom] Step waitForFormList 12/13: done in 19665ms.
?[36m[info]?[0m [phantom] Step _step 13/13 https://www.spidasoftware.com/projectmanager/formTemplate/list (HTTP 200)
?[36m[info]?[0m [phantom] Step _step 13/13: done in 19687ms.
?[36m[info]?[0m [phantom] waitFor() finished in 43ms.
?[36m[info]?[0m [phantom] Step loopThrough 14/14 https://www.spidasoftware.com/projectmanager/formTemplate/list (HTTP 200)
?[36m[info]?[0m [phantom] Step loopThrough 14/14: done in 19751ms.
?[32;1m[debug]?[0m [phantom] opening url: https://www.spidasoftware.com/projectmanager/formTemplate/list?offset=0&max=10&sort=name&order=asc, HTTP GET
?[32;1m[debug]?[0m [phantom] Navigation requested: url=https://www.spidasoftware.com/projectmanager/formTemplate/list?offset=0&max=10&sort=name&order=asc, type=Other, willNavigate=true, isMainFrame=true
?[33m[warning]?[0m [phantom] Loading resource failed with status=fail (HTTP 200): https://www.spidasoftware.com/projectmanager/formTemplate/list?offset=0&max=10&sort=name&order=asc
?[32;1m[debug]?[0m [phantom] url changed to "https://www.spidasoftware.com/projectmanager/formTemplate/list?offset=0&max=10&sort=name&order=asc"
?[32;1m[debug]?[0m [phantom] Successfully injected Casper client-side utilities
?[36m[info]?[0m [phantom] Step anonymous 16/26 https://www.spidasoftware.com/projectmanager/formTemplate/list?offset=0&max=10&sort=name&order=asc (HTTP 200)
?[36m[info]?[0m [phantom] Step anonymous 16/26: done in 20048ms.
?[36m[info]?[0m [phantom] Step _step 17/27 https://www.spidasoftware.com/projectmanager/formTemplate/list?offset=0&max=10&sort=name&order=asc (HTTP 200)
?[36m[info]?[0m [phantom] Step _step 17/27: done in 20065ms.
?[36m[info]?[0m [phantom] waitFor() finished in 42ms.
?[36m[info]?[0m [phantom] Step anonymous 18/28 https://www.spidasoftware.com/projectmanager/formTemplate/list?offset=0&max=10&sort=name&order=asc (HTTP 200)
?[36m[info]?[0m [phantom] Step anonymous 18/28: done in 20132ms.
?[32;1m[debug]?[0m [phantom] opening url: https://www.spidasoftware.com/projectmanager/formTemplate/list?offset=10&max=10&sort=name&order=asc, HTTP GET
?[32;1m[debug]?[0m [phantom] Navigation requested: url=https://www.spidasoftware.com/projectmanager/formTemplate/list?offset=10&max=10&sort=name&order=asc, type=Other, willNavigate=true, isMainFrame=true
?[33m[warning]?[0m [phantom] Loading resource failed with status=fail (HTTP 200): https://www.spidasoftware.com/projectmanager/formTemplate/list?offset=10&max=10&sort=name&order=asc
?[32;1m[debug]?[0m [phantom] url changed to "https://www.spidasoftware.com/projectmanager/formTemplate/list?offset=10&max=10&sort=name&order=asc"
?[32;1m[debug]?[0m [phantom] Successfully injected Casper client-side utilities
?[36m[info]?[0m [phantom] Step anonymous 20/28 https://www.spidasoftware.com/projectmanager/formTemplate/list?offset=10&max=10&sort=name&order=asc (HTTP 200)
?[36m[info]?[0m [phantom] Step anonymous 20/28: done in 20732ms.
?[36m[info]?[0m [phantom] Step _step 21/29 https://www.spidasoftware.com/projectmanager/formTemplate/list?offset=10&max=10&sort=name&order=asc (HTTP 200)
?[36m[info]?[0m [phantom] Step _step 21/29: done in 20749ms.
?[36m[info]?[0m [phantom] waitFor() finished in 45ms.
?[36m[info]?[0m [phantom] Step anonymous 22/30 https://www.spidasoftware.com/projectmanager/formTemplate/list?offset=10&max=10&sort=name&order=asc (HTTP 200)
?[36m[info]?[0m [phantom] Step anonymous 22/30: done in 20822ms.
?[32;1m[debug]?[0m [phantom] opening url: https://www.spidasoftware.com/projectmanager/formTemplate/list?offset=20&max=10&sort=name&order=asc, HTTP GET
?[32;1m[debug]?[0m [phantom] Navigation requested: url=https://www.spidasoftware.com/projectmanager/formTemplate/list?offset=20&max=10&sort=name&order=asc, type=Other, willNavigate=true, isMainFrame=true
?[33m[warning]?[0m [phantom] Loading resource failed with status=fail (HTTP 200): https://www.spidasoftware.com/projectmanager/formTemplate/list?offset=20&max=10&sort=name&order=asc
?[32;1m[debug]?[0m [phantom] url changed to "https://www.spidasoftware.com/projectmanager/formTemplate/list?offset=20&max=10&sort=name&order=asc"
?[32;1m[debug]?[0m [phantom] Successfully injected Casper client-side utilities
?[36m[info]?[0m [phantom] Step anonymous 24/30 https://www.spidasoftware.com/projectmanager/formTemplate/list?offset=20&max=10&sort=name&order=asc (HTTP 200)
?[36m[info]?[0m [phantom] Step anonymous 24/30: done in 21542ms.
?[36m[info]?[0m [phantom] Step _step 25/31 https://www.spidasoftware.com/projectmanager/formTemplate/list?offset=20&max=10&sort=name&order=asc (HTTP 200)
?[36m[info]?[0m [phantom] Step _step 25/31: done in 21559ms.
?[36m[info]?[0m [phantom] waitFor() finished in 40ms.
?[36m[info]?[0m [phantom] Step anonymous 26/32 https://www.spidasoftware.com/projectmanager/formTemplate/list?offset=20&max=10&sort=name&order=asc (HTTP 200)
?[36m[info]?[0m [phantom] Step anonymous 26/32: done in 21630ms.
?[32;1m[debug]?[0m [phantom] opening url: https://www.spidasoftware.com/projectmanager/formTemplate/list?offset=30&max=10&sort=name&order=asc, HTTP GET
?[32;1m[debug]?[0m [phantom] Navigation requested: url=https://www.spidasoftware.com/projectmanager/formTemplate/list?offset=30&max=10&sort=name&order=asc, type=Other, willNavigate=true, isMainFrame=true
?[33m[warning]?[0m [phantom] Loading resource failed with status=fail (HTTP 200): https://www.spidasoftware.com/projectmanager/formTemplate/list?offset=30&max=10&sort=name&order=asc
?[32;1m[debug]?[0m [phantom] url changed to "https://www.spidasoftware.com/projectmanager/formTemplate/list?offset=30&max=10&sort=name&order=asc"
?[32;1m[debug]?[0m [phantom] Successfully injected Casper client-side utilities
?[36m[info]?[0m [phantom] Step anonymous 28/32 https://www.spidasoftware.com/projectmanager/formTemplate/list?offset=30&max=10&sort=name&order=asc (HTTP 200)
?[36m[info]?[0m [phantom] Step anonymous 28/32: done in 22611ms.
?[36m[info]?[0m [phantom] Step _step 29/33 https://www.spidasoftware.com/projectmanager/formTemplate/list?offset=30&max=10&sort=name&order=asc (HTTP 200)
?[36m[info]?[0m [phantom] Step _step 29/33: done in 22629ms.
?[36m[info]?[0m [phantom] waitFor() finished in 45ms.
?[36m[info]?[0m [phantom] Step anonymous 30/34 https://www.spidasoftware.com/projectmanager/formTemplate/list?offset=30&max=10&sort=name&order=asc (HTTP 200)
?[36m[info]?[0m [phantom] Step anonymous 30/34: done in 22704ms.
?[32;1m[debug]?[0m [phantom] opening url: https://www.spidasoftware.com/projectmanager/formTemplate/list?offset=40&max=10&sort=name&order=asc, HTTP GET
?[32;1m[debug]?[0m [phantom] Navigation requested: url=https://www.spidasoftware.com/projectmanager/formTemplate/list?offset=40&max=10&sort=name&order=asc, type=Other, willNavigate=true, isMainFrame=true
?[33m[warning]?[0m [phantom] Loading resource failed with status=fail (HTTP 200): https://www.spidasoftware.com/projectmanager/formTemplate/list?offset=40&max=10&sort=name&order=asc
?[32;1m[debug]?[0m [phantom] url changed to "https://www.spidasoftware.com/projectmanager/formTemplate/list?offset=40&max=10&sort=name&order=asc"
?[32;1m[debug]?[0m [phantom] Successfully injected Casper client-side utilities
?[36m[info]?[0m [phantom] Step anonymous 32/34 https://www.spidasoftware.com/projectmanager/formTemplate/list?offset=40&max=10&sort=name&order=asc (HTTP 200)
?[36m[info]?[0m [phantom] Step anonymous 32/34: done in 22950ms.
?[36m[info]?[0m [phantom] Step _step 33/35 https://www.spidasoftware.com/projectmanager/formTemplate/list?offset=40&max=10&sort=name&order=asc (HTTP 200)
?[36m[info]?[0m [phantom] Step _step 33/35: done in 22965ms.
?[36m[info]?[0m [phantom] waitFor() finished in 45ms.
?[36m[info]?[0m [phantom] Step anonymous 34/36 https://www.spidasoftware.com/projectmanager/formTemplate/list?offset=40&max=10&sort=name&order=asc (HTTP 200)
Stored screenshot of form: Test Project Form 1
?[36m[info]?[0m [phantom] Step anonymous 34/36: done in 23039ms.
?[36m[info]?[0m [phantom] Step clickForm 35/41 https://www.spidasoftware.com/projectmanager/formTemplate/list?offset=40&max=10&sort=name&order=asc (HTTP 200)
?[32;1m[debug]?[0m [phantom] Mouse event 'mousedown' on selector: xpath selector: //*[text()="Test Project Form 1"]
?[32;1m[debug]?[0m [phantom] Mouse event 'mouseup' on selector: xpath selector: //*[text()="Test Project Form 1"]
?[32;1m[debug]?[0m [phantom] Mouse event 'click' on selector: xpath selector: //*[text()="Test Project Form 1"]
?[32;1m[debug]?[0m [phantom] Navigation requested: url=https://www.spidasoftware.com/projectmanager/formTemplate/edit/86739, type=LinkClicked, willNavigate=true, isMainFrame=true
?[36m[info]?[0m [phantom] Step clickForm 35/41: done in 23063ms.
?[33m[warning]?[0m [phantom] Loading resource failed with status=fail (HTTP 200): https://www.spidasoftware.com/projectmanager/formTemplate/edit/86739
?[32;1m[debug]?[0m [phantom] url changed to "https://www.spidasoftware.com/projectmanager/formTemplate/edit/86739"
?[32;1m[debug]?[0m [phantom] Successfully injected Casper client-side utilities
?[36m[info]?[0m [phantom] Step _step 36/41 https://www.spidasoftware.com/projectmanager/formTemplate/edit/86739 (HTTP 200)
?[36m[info]?[0m [phantom] Step _step 36/41: done in 24445ms.
?[36m[info]?[0m [phantom] waitFor() finished in 41ms.
?[36m[info]?[0m [phantom] Step anonymous 37/42 https://www.spidasoftware.com/projectmanager/formTemplate/edit/86739 (HTTP 200)
?[36m[info]?[0m [phantom] Step anonymous 37/42: done in 24503ms.
?[36m[info]?[0m [phantom] Step anonymous 38/42 https://www.spidasoftware.com/projectmanager/formTemplate/edit/86739 (HTTP 200)
?[36m[info]?[0m [phantom] Step anonymous 38/42: done in 24584ms.
?[36m[info]?[0m [phantom] Step anonymous 39/42 https://www.spidasoftware.com/projectmanager/formTemplate/edit/86739 (HTTP 200)
?[36m[info]?[0m [phantom] Step anonymous 39/42: done in 24586ms.
?[36m[info]?[0m [phantom] Step _step 40/43 https://www.spidasoftware.com/projectmanager/formTemplate/edit/86739 (HTTP 200)
?[36m[info]?[0m [phantom] Step _step 40/43: done in 24608ms.
?[32;1m[debug]?[0m [phantom] Navigation requested: url=https://www.spidasoftware.com/projectmanager/formTemplate/list?offset=40&max=10&sort=name&order=asc, type=BackOrForward, willNavigate=true, isMainFrame=true
?[33m[warning]?[0m [phantom] Loading resource failed with status=fail (HTTP 200): https://www.spidasoftware.com/projectmanager/formTemplate/list?offset=40&max=10&sort=name&order=asc
?[32;1m[debug]?[0m [phantom] url changed to "https://www.spidasoftware.com/projectmanager/formTemplate/list?offset=40&max=10&sort=name&order=asc"
?[32;1m[debug]?[0m [phantom] Successfully injected Casper client-side utilities
?[36m[info]?[0m [phantom] Step _step 41/43 https://www.spidasoftware.com/projectmanager/formTemplate/list?offset=40&max=10&sort=name&order=asc (HTTP 200)
?[36m[info]?[0m [phantom] Step _step 41/43: done in 25475ms.
?[36m[info]?[0m [phantom] waitFor() finished in 41ms.
?[36m[info]?[0m [phantom] Step anonymous 42/44 https://www.spidasoftware.com/projectmanager/formTemplate/list?offset=40&max=10&sort=name&order=asc (HTTP 200)
?[36m[info]?[0m [phantom] Step anonymous 42/44: done in 25537ms.
?[32;1m[debug]?[0m [phantom] opening url: https://www.spidasoftware.com/projectmanager/formTemplate/list?offset=50&max=10&sort=name&order=asc, HTTP GET
?[32;1m[debug]?[0m [phantom] Navigation requested: url=https://www.spidasoftware.com/projectmanager/formTemplate/list?offset=50&max=10&sort=name&order=asc, type=Other, willNavigate=true, isMainFrame=true
?[33m[warning]?[0m [phantom] Loading resource failed with status=fail (HTTP 200): https://www.spidasoftware.com/projectmanager/formTemplate/list?offset=50&max=10&sort=name&order=asc
?[32;1m[debug]?[0m [phantom] url changed to "https://www.spidasoftware.com/projectmanager/formTemplate/list?offset=50&max=10&sort=name&order=asc"
?[32;1m[debug]?[0m [phantom] Successfully injected Casper client-side utilities
?[36m[info]?[0m [phantom] Step anonymous 44/44 https://www.spidasoftware.com/projectmanager/formTemplate/list?offset=50&max=10&sort=name&order=asc (HTTP 200)
?[36m[info]?[0m [phantom] Step anonymous 44/44: done in 26126ms.
?[36m[info]?[0m [phantom] Step _step 45/45 https://www.spidasoftware.com/projectmanager/formTemplate/list?offset=50&max=10&sort=name&order=asc (HTTP 200)
?[36m[info]?[0m [phantom] Step _step 45/45: done in 26145ms.
?[36m[info]?[0m [phantom] waitFor() finished in 42ms.
?[36m[info]?[0m [phantom] Step anonymous 46/46 https://www.spidasoftware.com/projectmanager/formTemplate/list?offset=50&max=10&sort=name&order=asc (HTTP 200)
Stored screenshot of form: Test Station Form 1
?[36m[info]?[0m [phantom] Step anonymous 46/46: done in 26216ms.
?[36m[info]?[0m [phantom] Step clickForm 47/51 https://www.spidasoftware.com/projectmanager/formTemplate/list?offset=50&max=10&sort=name&order=asc (HTTP 200)
?[32;1m[debug]?[0m [phantom] Mouse event 'mousedown' on selector: xpath selector: //*[text()="Test Station Form 1"]
?[32;1m[debug]?[0m [phantom] Mouse event 'mouseup' on selector: xpath selector: //*[text()="Test Station Form 1"]
?[32;1m[debug]?[0m [phantom] Mouse event 'click' on selector: xpath selector: //*[text()="Test Station Form 1"]
?[32;1m[debug]?[0m [phantom] Navigation requested: url=https://www.spidasoftware.com/projectmanager/formTemplate/edit/86764, type=LinkClicked, willNavigate=true, isMainFrame=true
?[36m[info]?[0m [phantom] Step clickForm 47/51: done in 26241ms.
?[33m[warning]?[0m [phantom] Loading resource failed with status=fail (HTTP 200): https://www.spidasoftware.com/projectmanager/formTemplate/edit/86764
?[32;1m[debug]?[0m [phantom] url changed to "https://www.spidasoftware.com/projectmanager/formTemplate/edit/86764"
?[32;1m[debug]?[0m [phantom] Successfully injected Casper client-side utilities
?[36m[info]?[0m [phantom] Step _step 48/51 https://www.spidasoftware.com/projectmanager/formTemplate/edit/86764 (HTTP 200)
?[36m[info]?[0m [phantom] Step _step 48/51: done in 27237ms.
?[36m[info]?[0m [phantom] waitFor() finished in 42ms.
?[36m[info]?[0m [phantom] Step anonymous 49/52 https://www.spidasoftware.com/projectmanager/formTemplate/edit/86764 (HTTP 200)
?[36m[info]?[0m [phantom] Step anonymous 49/52: done in 27301ms.
?[36m[info]?[0m [phantom] Step anonymous 50/52 https://www.spidasoftware.com/projectmanager/formTemplate/edit/86764 (HTTP 200)
?[36m[info]?[0m [phantom] Step anonymous 50/52: done in 27327ms.
?[36m[info]?[0m [phantom] Step anonymous 51/52 https://www.spidasoftware.com/projectmanager/formTemplate/edit/86764 (HTTP 200)
?[36m[info]?[0m [phantom] Step anonymous 51/52: done in 27344ms.
?[36m[info]?[0m [phantom] Step _step 52/53 https://www.spidasoftware.com/projectmanager/formTemplate/edit/86764 (HTTP 200)
?[36m[info]?[0m [phantom] Step _step 52/53: done in 27368ms.
?[32;1m[debug]?[0m [phantom] Navigation requested: url=https://www.spidasoftware.com/projectmanager/formTemplate/list?offset=50&max=10&sort=name&order=asc, type=BackOrForward, willNavigate=true, isMainFrame=true
?[33m[warning]?[0m [phantom] Loading resource failed with status=fail (HTTP 200): https://www.spidasoftware.com/projectmanager/formTemplate/list?offset=50&max=10&sort=name&order=asc
?[32;1m[debug]?[0m [phantom] url changed to "https://www.spidasoftware.com/projectmanager/formTemplate/list?offset=50&max=10&sort=name&order=asc"
?[32;1m[debug]?[0m [phantom] Successfully injected Casper client-side utilities
?[36m[info]?[0m [phantom] Step _step 53/53 https://www.spidasoftware.com/projectmanager/formTemplate/list?offset=50&max=10&sort=name&order=asc (HTTP 200)
?[36m[info]?[0m [phantom] Step _step 53/53: done in 28363ms.
?[36m[info]?[0m [phantom] waitFor() finished in 40ms.
?[36m[info]?[0m [phantom] Step anonymous 54/54 https://www.spidasoftware.com/projectmanager/formTemplate/list?offset=50&max=10&sort=name&order=asc (HTTP 200)
?[36m[info]?[0m [phantom] Step anonymous 54/54: done in 28427ms.
?[36m[info]?[0m [phantom] Done 54 steps in 28450ms
Forms to generate: 
0: Test Project Form 1
1: Test Station Form 1
?[36m[info]?[0m [phantom] Starting...
?[36m[info]?[0m [phantom] Execution timeout set to 12000ms
?[36m[info]?[0m [phantom] Running suite: 4 steps
?[32;1m[debug]?[0m [phantom] opening url: file:///Users/zpeugh/code/min/scripts/flowdocument/Resources/formHtmls/Test Project Form 1.html, HTTP GET
?[32;1m[debug]?[0m [phantom] Navigation requested: url=file:///Users/zpeugh/code/min/scripts/flowdocument/Resources/formHtmls/Test Project Form 1.html, type=Other, willNavigate=true, isMainFrame=true
?[32;1m[debug]?[0m [phantom] url changed to "file:///Users/zpeugh/code/min/scripts/flowdocument/Resources/formHtmls/Test Project Form 1.html"
?[32;1m[debug]?[0m [phantom] Successfully injected Casper client-side utilities
?[36m[info]?[0m [phantom] Step anonymous 2/4: done in 201ms.
?[36m[info]?[0m [phantom] Step _step 3/7: done in 217ms.
?[36m[info]?[0m [phantom] waitFor() finished in 48ms.
?[32;1m[debug]?[0m [phantom] Capturing page to /Users/zpeugh/code/min/scripts/flowdocument/Resources/formHtmls/formPNGs/Test Project Form 1.png with clipRect {"top":13,"height":1056,"left":8,"width":808}
?[36m[info]?[0m [phantom] Capture saved to /Users/zpeugh/code/min/scripts/flowdocument/Resources/formHtmls/formPNGs/Test Project Form 1.png
?[36m[info]?[0m [phantom] Step anonymous 4/8: done in 853ms.
?[36m[info]?[0m [phantom] Step anonymous 5/8: done in 857ms.
?[36m[info]?[0m [phantom] Step _step 6/8: done in 875ms.
?[36m[info]?[0m [phantom] waitFor() finished in 44ms.
?[32;1m[debug]?[0m [phantom] opening url: file:///Users/zpeugh/code/min/scripts/flowdocument/Resources/formHtmls/Test Station Form 1.html, HTTP GET
?[32;1m[debug]?[0m [phantom] Navigation requested: url=file:///Users/zpeugh/code/min/scripts/flowdocument/Resources/formHtmls/Test Station Form 1.html, type=Other, willNavigate=true, isMainFrame=true
?[32;1m[debug]?[0m [phantom] url changed to "file:///Users/zpeugh/code/min/scripts/flowdocument/Resources/formHtmls/Test Station Form 1.html"
?[32;1m[debug]?[0m [phantom] Successfully injected Casper client-side utilities
?[36m[info]?[0m [phantom] Step anonymous 8/8: done in 971ms.
?[36m[info]?[0m [phantom] Step _step 9/11: done in 988ms.
?[36m[info]?[0m [phantom] waitFor() finished in 43ms.
?[32;1m[debug]?[0m [phantom] Capturing page to /Users/zpeugh/code/min/scripts/flowdocument/Resources/formHtmls/formPNGs/Test Station Form 1.png with clipRect {"top":13,"height":1056,"left":8,"width":808}
?[36m[info]?[0m [phantom] Capture saved to /Users/zpeugh/code/min/scripts/flowdocument/Resources/formHtmls/formPNGs/Test Station Form 1.png
?[36m[info]?[0m [phantom] Step anonymous 10/12: done in 1197ms.
?[36m[info]?[0m [phantom] Step anonymous 11/12: done in 1201ms.
?[36m[info]?[0m [phantom] Step _step 12/12: done in 1219ms.
?[36m[info]?[0m [phantom] waitFor() finished in 46ms.
?[36m[info]?[0m [phantom] Done 12 steps in 1289ms
All forms: [Test Project Form 1, Test Station Form 1]
Missed Forms: null
company name: SPIDA
flow Name: Test-Flow
2: Set Sub Status
3: Email Creator on Start
?[36m[info]?[0m [phantom] Starting...
?[36m[info]?[0m [phantom] Execution timeout set to 10000ms
?[36m[info]?[0m [phantom] Running suite: 13 steps
?[32;1m[debug]?[0m [phantom] opening url: https://www.spidasoftware.com/projectmanager/, HTTP GET
?[32;1m[debug]?[0m [phantom] Navigation requested: url=https://www.spidasoftware.com/projectmanager/, type=Other, willNavigate=true, isMainFrame=true
?[32;1m[debug]?[0m [phantom] Navigation requested: url=https://www.spidasoftware.com/cas/login?service=https://www.spidasoftware.com/projectmanager/j_spring_cas_security_check, type=Other, willNavigate=true, isMainFrame=true
?[32;1m[debug]?[0m [phantom] url changed to "https://www.spidasoftware.com/cas/login?service=https://www.spidasoftware.com/projectmanager/j_spring_cas_security_check"
?[32;1m[debug]?[0m [phantom] Successfully injected Casper client-side utilities
?[32;1m[debug]?[0m [phantom] start page is loaded
?[36m[info]?[0m [phantom] Step login 3/13 https://www.spidasoftware.com/cas/login?service=https://www.spidasoftware.com/projectmanager/j_spring_cas_security_check (HTTP 200)
?[36m[info]?[0m [remote] attempting to fetch form element from selector: 'form#fm1'
?[32;1m[debug]?[0m [remote] Set "username" field value to admin@spidasoftware.com
?[32;1m[debug]?[0m [remote] Set "password" field value to ***************
?[36m[info]?[0m [remote] submitting form to /cas/login;jsessionid=CF3F30DD1DA65B17E6D5FBA7CAA25BD7?service=https%3A%2F%2Fwww.spidasoftware.com%2Fprojectmanager%2Fj_spring_cas_security_check, HTTP POST
?[36m[info]?[0m [phantom] Step login 3/13: done in 1608ms.
?[32;1m[debug]?[0m [phantom] Navigation requested: url=https://www.spidasoftware.com/cas/login;jsessionid=CF3F30DD1DA65B17E6D5FBA7CAA25BD7?service=https://www.spidasoftware.com/projectmanager/j_spring_cas_security_check, type=FormSubmitted, willNavigate=true, isMainFrame=true
?[32;1m[debug]?[0m [phantom] Navigation requested: url=https://www.spidasoftware.com/projectmanager/j_spring_cas_security_check?ticket=ST-330-fmFkpi1ZRqxRTJOuh2Vr-www.spidasoftware.com, type=FormSubmitted, willNavigate=true, isMainFrame=true
?[32;1m[debug]?[0m [phantom] Navigation requested: url=https://www.spidasoftware.com/projectmanager/, type=FormSubmitted, willNavigate=true, isMainFrame=true
?[32;1m[debug]?[0m [phantom] url changed to "https://www.spidasoftware.com/projectmanager/"
?[32;1m[debug]?[0m [phantom] Successfully injected Casper client-side utilities
?[36m[info]?[0m [phantom] Step _step 4/13 https://www.spidasoftware.com/projectmanager/ (HTTP 200)
?[36m[info]?[0m [phantom] Step _step 4/13: done in 6162ms.
?[36m[info]?[0m [phantom] waitFor() finished in 1330ms.
?[36m[info]?[0m [phantom] Step afterLogin 5/14 https://www.spidasoftware.com/projectmanager/ (HTTP 200)
Logged in successfully
?[36m[info]?[0m [phantom] Step afterLogin 5/14: done in 7517ms.
?[36m[info]?[0m [phantom] Step _step 6/14 https://www.spidasoftware.com/projectmanager/ (HTTP 200)
?[36m[info]?[0m [phantom] Step _step 6/14: done in 7540ms.
?[36m[info]?[0m [phantom] waitFor() finished in 45ms.
?[36m[info]?[0m [phantom] Step anonymous 7/15 https://www.spidasoftware.com/projectmanager/ (HTTP 200)
?[36m[info]?[0m [phantom] Step anonymous 7/15: done in 7609ms.
?[36m[info]?[0m [phantom] Step _step 8/15 https://www.spidasoftware.com/projectmanager/ (HTTP 200)
?[36m[info]?[0m [phantom] Step _step 8/15: done in 7633ms.
script timed out
?[33m[warning]?[0m [phantom] Casper.waitFor() timeout
Should only see this message if the company is SPIDA.
?[32;1m[debug]?[0m [phantom] opening url: https://www.spidasoftware.com/projectmanager/flow/list, HTTP GET
?[32;1m[debug]?[0m [phantom] Navigation requested: url=https://www.spidasoftware.com/projectmanager/flow/list, type=Other, willNavigate=true, isMainFrame=true
?[33m[warning]?[0m [phantom] Loading resource failed with status=fail (HTTP 200): https://www.spidasoftware.com/projectmanager/flow/list
?[32;1m[debug]?[0m [phantom] url changed to "https://www.spidasoftware.com/projectmanager/flow/list"
?[32;1m[debug]?[0m [phantom] Successfully injected Casper client-side utilities
?[36m[info]?[0m [phantom] Step openFlowList 10/15 https://www.spidasoftware.com/projectmanager/flow/list (HTTP 200)
Navigating to Flow List
?[36m[info]?[0m [phantom] Step openFlowList 10/15: done in 16040ms.
?[36m[info]?[0m [phantom] Step _step 11/15 https://www.spidasoftware.com/projectmanager/flow/list (HTTP 200)
?[36m[info]?[0m [phantom] Step _step 11/15: done in 16058ms.
?[36m[info]?[0m [phantom] waitFor() finished in 42ms.
?[36m[info]?[0m [phantom] Step clickFlow 12/16 https://www.spidasoftware.com/projectmanager/flow/list (HTTP 200)
Currently at: https://www.spidasoftware.com/projectmanager/flow/list
?[32;1m[debug]?[0m [phantom] Mouse event 'mousedown' on selector: xpath selector: //a[text()="Test-Flow"]
?[32;1m[debug]?[0m [phantom] Mouse event 'mouseup' on selector: xpath selector: //a[text()="Test-Flow"]
?[32;1m[debug]?[0m [phantom] Mouse event 'click' on selector: xpath selector: //a[text()="Test-Flow"]
?[32;1m[debug]?[0m [phantom] Navigation requested: url=https://www.spidasoftware.com/projectmanager/flow/edit/86736, type=LinkClicked, willNavigate=true, isMainFrame=true
?[36m[info]?[0m [phantom] Step clickFlow 12/16: done in 16133ms.
?[33m[warning]?[0m [phantom] Loading resource failed with status=fail (HTTP 200): https://www.spidasoftware.com/projectmanager/flow/edit/86736
?[32;1m[debug]?[0m [phantom] url changed to "https://www.spidasoftware.com/projectmanager/flow/edit/86736"
?[32;1m[debug]?[0m [phantom] Successfully injected Casper client-side utilities
?[36m[info]?[0m [phantom] Step _step 13/16 https://www.spidasoftware.com/projectmanager/flow/edit/86736 (HTTP 200)
?[36m[info]?[0m [phantom] Step _step 13/16: done in 17342ms.
?[36m[info]?[0m [phantom] waitFor() finished in 683ms.
?[36m[info]?[0m [phantom] Step getOrder 14/17 https://www.spidasoftware.com/projectmanager/flow/edit/86736 (HTTP 200)
?[36m[info]?[0m [phantom] Step getOrder 14/17: done in 18078ms.
?[36m[info]?[0m [phantom] Step _step 15/17 https://www.spidasoftware.com/projectmanager/flow/edit/86736 (HTTP 200)
?[36m[info]?[0m [phantom] Step _step 15/17: done in 18080ms.
?[36m[info]?[0m [phantom] wait() finished waiting for 2000ms.
Currently at: https://www.spidasoftware.com/projectmanager/flow/edit/86736
?[32;1m[debug]?[0m [phantom] Mouse event 'mousedown' on selector: #events_table>table>tbody>tr:nth-child(1)>td:nth-child(5)>a
?[32;1m[debug]?[0m [phantom] Mouse event 'mouseup' on selector: #events_table>table>tbody>tr:nth-child(1)>td:nth-child(5)>a
?[32;1m[debug]?[0m [phantom] Mouse event 'click' on selector: #events_table>table>tbody>tr:nth-child(1)>td:nth-child(5)>a
?[32;1m[debug]?[0m [phantom] Navigation requested: url=https://www.spidasoftware.com/projectmanager/flow/edit/86736#, type=LinkClicked, willNavigate=true, isMainFrame=true
?[32;1m[debug]?[0m [phantom] url changed to "https://www.spidasoftware.com/projectmanager/flow/edit/86736#"
?[36m[info]?[0m [phantom] Step _step 16/17 https://www.spidasoftware.com/projectmanager/flow/edit/86736# (HTTP 200)
?[36m[info]?[0m [phantom] Step _step 16/17: done in 20096ms.
?[36m[info]?[0m [phantom] waitFor() finished in 669ms.
?[36m[info]?[0m [phantom] Step clickActionTab 17/18 https://www.spidasoftware.com/projectmanager/flow/edit/86736# (HTTP 200)
?[32;1m[debug]?[0m [phantom] Mouse event 'mousedown' on selector: form>div>div>dl>dd:nth-child(2)>a
?[32;1m[debug]?[0m [phantom] Mouse event 'mouseup' on selector: form>div>div>dl>dd:nth-child(2)>a
?[32;1m[debug]?[0m [phantom] Mouse event 'click' on selector: form>div>div>dl>dd:nth-child(2)>a
?[36m[info]?[0m [phantom] Step clickActionTab 17/18: done in 20893ms.
?[36m[info]?[0m [phantom] Step _step 18/18 https://www.spidasoftware.com/projectmanager/flow/edit/86736# (HTTP 200)
?[36m[info]?[0m [phantom] Step _step 18/18: done in 20901ms.
?[36m[info]?[0m [phantom] waitFor() finished in 199ms.
?[36m[info]?[0m [phantom] Step chooseAnAction 19/19 https://www.spidasoftware.com/projectmanager/flow/edit/86736# (HTTP 200)
Capturing action: Set Sub Status...
86738
Capturing action: Email Creator on Start...
86761
?[36m[info]?[0m [phantom] Step chooseAnAction 19/19: done in 21555ms.
?[36m[info]?[0m [phantom] Step changeOnClickValue 20/23 https://www.spidasoftware.com/projectmanager/flow/edit/86736# (HTTP 200)
?[36m[info]?[0m [phantom] Step changeOnClickValue 20/23: done in 21559ms.
?[36m[info]?[0m [phantom] Step _step 21/23 https://www.spidasoftware.com/projectmanager/flow/edit/86736# (HTTP 200)
?[36m[info]?[0m [phantom] Step _step 21/23: done in 21576ms.
?[36m[info]?[0m [phantom] wait() finished waiting for 2000ms.
?[36m[info]?[0m [phantom] Step _step 22/24 https://www.spidasoftware.com/projectmanager/flow/edit/86736# (HTTP 200)
?[36m[info]?[0m [phantom] Step _step 22/24: done in 23589ms.
?[36m[info]?[0m [phantom] waitFor() finished in 40ms.
?[36m[info]?[0m [phantom] Step waitedForJavascript 23/25 https://www.spidasoftware.com/projectmanager/flow/edit/86736# (HTTP 200)
?[32;1m[debug]?[0m [phantom] Capturing page to /Users/zpeugh/code/min/scripts/flowdocument/pngs/Set Sub Status.png
?[36m[info]?[0m [phantom] Capture saved to /Users/zpeugh/code/min/scripts/flowdocument/pngs/Set Sub Status.png
Captured action: Set Sub Statusvalue: 86738
?[36m[info]?[0m [phantom] Step waitedForJavascript 23/25: done in 24171ms.
?[36m[info]?[0m [phantom] Step changeOnClickValue 24/25 https://www.spidasoftware.com/projectmanager/flow/edit/86736# (HTTP 200)
?[36m[info]?[0m [phantom] Step changeOnClickValue 24/25: done in 24218ms.
?[36m[info]?[0m [phantom] Step _step 25/25 https://www.spidasoftware.com/projectmanager/flow/edit/86736# (HTTP 200)
?[36m[info]?[0m [phantom] Step _step 25/25: done in 24219ms.
?[36m[info]?[0m [phantom] wait() finished waiting for 2000ms.
?[36m[info]?[0m [phantom] Step _step 26/26 https://www.spidasoftware.com/projectmanager/flow/edit/86736# (HTTP 200)
?[36m[info]?[0m [phantom] Step _step 26/26: done in 26230ms.
?[36m[info]?[0m [phantom] waitFor() finished in 42ms.
?[36m[info]?[0m [phantom] Step waitedForJavascript 27/27 https://www.spidasoftware.com/projectmanager/flow/edit/86736# (HTTP 200)
?[32;1m[debug]?[0m [phantom] Capturing page to /Users/zpeugh/code/min/scripts/flowdocument/pngs/Email Creator on Start.png
?[36m[info]?[0m [phantom] Capture saved to /Users/zpeugh/code/min/scripts/flowdocument/pngs/Email Creator on Start.png
Captured action: Email Creator on Startvalue: 86761
?[36m[info]?[0m [phantom] Step waitedForJavascript 27/27: done in 26911ms.
?[36m[info]?[0m [phantom] Done 27 steps in 26911ms
args: Set~Sub~Status Email~Creator~on~Start
Actions to capture: 
0: Set Sub Status
1: Email Creator on Start
?[36m[info]?[0m [phantom] Starting...
?[36m[info]?[0m [phantom] Execution timeout set to 8000ms
?[36m[info]?[0m [phantom] Running suite: 8 steps
?[32;1m[debug]?[0m [phantom] opening url: file:///Users/zpeugh/code/min/scripts/flowdocument/Resources/actionHtmls/Set Sub Status.html, HTTP GET
?[32;1m[debug]?[0m [phantom] Navigation requested: url=file:///Users/zpeugh/code/min/scripts/flowdocument/Resources/actionHtmls/Set Sub Status.html, type=Other, willNavigate=true, isMainFrame=true
?[32;1m[debug]?[0m [phantom] url changed to "file:///Users/zpeugh/code/min/scripts/flowdocument/Resources/actionHtmls/Set Sub Status.html"
?[32;1m[debug]?[0m [phantom] Successfully injected Casper client-side utilities
?[36m[info]?[0m [phantom] Step anonymous 2/8: done in 216ms.
?[36m[info]?[0m [phantom] Step _step 3/9: done in 238ms.
?[36m[info]?[0m [phantom] waitFor() finished in 44ms.
?[32;1m[debug]?[0m [phantom] Capturing page to /Users/zpeugh/code/min/scripts/flowdocument/Resources/actionHtmls/actionPNGs/Set Sub Status.png with clipRect {"top":15,"height":319,"left":62,"width":501}
?[36m[info]?[0m [phantom] Capture saved to /Users/zpeugh/code/min/scripts/flowdocument/Resources/actionHtmls/actionPNGs/Set Sub Status.png
?[36m[info]?[0m [phantom] Step anonymous 4/10: done in 388ms.
?[32;1m[debug]?[0m [phantom] opening url: file:///Users/zpeugh/code/min/scripts/flowdocument/Resources/actionHtmls/Email Creator on Start.html, HTTP GET
?[32;1m[debug]?[0m [phantom] Navigation requested: url=file:///Users/zpeugh/code/min/scripts/flowdocument/Resources/actionHtmls/Email Creator on Start.html, type=Other, willNavigate=true, isMainFrame=true
?[32;1m[debug]?[0m [phantom] url changed to "file:///Users/zpeugh/code/min/scripts/flowdocument/Resources/actionHtmls/Email Creator on Start.html"
?[32;1m[debug]?[0m [phantom] Successfully injected Casper client-side utilities
?[36m[info]?[0m [phantom] Step anonymous 6/10: done in 443ms.
?[36m[info]?[0m [phantom] Step _step 7/11: done in 463ms.
?[36m[info]?[0m [phantom] waitFor() finished in 43ms.
?[32;1m[debug]?[0m [phantom] Capturing page to /Users/zpeugh/code/min/scripts/flowdocument/Resources/actionHtmls/actionPNGs/Email Creator on Start.png with clipRect {"top":15,"height":406,"left":62,"width":501}
?[36m[info]?[0m [phantom] Capture saved to /Users/zpeugh/code/min/scripts/flowdocument/Resources/actionHtmls/actionPNGs/Email Creator on Start.png
?[36m[info]?[0m [phantom] Step anonymous 8/12: done in 615ms.
?[32;1m[debug]?[0m [phantom] opening url: file:///Users/zpeugh/code/min/scripts/flowdocument/Resources/actionHtmls/Set Sub Status.html, HTTP GET
?[32;1m[debug]?[0m [phantom] Navigation requested: url=file:///Users/zpeugh/code/min/scripts/flowdocument/Resources/actionHtmls/Set Sub Status.html, type=Other, willNavigate=true, isMainFrame=true
?[32;1m[debug]?[0m [phantom] url changed to "file:///Users/zpeugh/code/min/scripts/flowdocument/Resources/actionHtmls/Set Sub Status.html"
?[32;1m[debug]?[0m [phantom] Successfully injected Casper client-side utilities
?[36m[info]?[0m [phantom] Step anonymous 10/12: done in 682ms.
?[32;1m[debug]?[0m [phantom] opening url: file:///Users/zpeugh/code/min/scripts/flowdocument/Resources/actionHtmls/Set Sub Status.html, HTTP GET
?[32;1m[debug]?[0m [phantom] Navigation requested: url=file:///Users/zpeugh/code/min/scripts/flowdocument/Resources/actionHtmls/Set Sub Status.html, type=Other, willNavigate=true, isMainFrame=true
?[32;1m[debug]?[0m [phantom] url changed to "file:///Users/zpeugh/code/min/scripts/flowdocument/Resources/actionHtmls/Set Sub Status.html"
?[32;1m[debug]?[0m [phantom] Successfully injected Casper client-side utilities
?[36m[info]?[0m [phantom] Step anonymous 12/14: done in 783ms.
?[32;1m[debug]?[0m [phantom] opening url: file:///Users/zpeugh/code/min/scripts/flowdocument/Resources/actionHtmls/Email Creator on Start.html, HTTP GET
?[32;1m[debug]?[0m [phantom] Navigation requested: url=file:///Users/zpeugh/code/min/scripts/flowdocument/Resources/actionHtmls/Email Creator on Start.html, type=Other, willNavigate=true, isMainFrame=true
?[32;1m[debug]?[0m [phantom] url changed to "file:///Users/zpeugh/code/min/scripts/flowdocument/Resources/actionHtmls/Email Creator on Start.html"
?[32;1m[debug]?[0m [phantom] Successfully injected Casper client-side utilities
?[36m[info]?[0m [phantom] Step anonymous 14/14: done in 840ms.
?[32;1m[debug]?[0m [phantom] opening url: file:///Users/zpeugh/code/min/scripts/flowdocument/Resources/actionHtmls/Email Creator on Start.html, HTTP GET
?[32;1m[debug]?[0m [phantom] Navigation requested: url=file:///Users/zpeugh/code/min/scripts/flowdocument/Resources/actionHtmls/Email Creator on Start.html, type=Other, willNavigate=true, isMainFrame=true
?[32;1m[debug]?[0m [phantom] url changed to "file:///Users/zpeugh/code/min/scripts/flowdocument/Resources/actionHtmls/Email Creator on Start.html"
?[32;1m[debug]?[0m [phantom] Successfully injected Casper client-side utilities
?[36m[info]?[0m [phantom] Step anonymous 16/16: done in 950ms.
?[36m[info]?[0m [phantom] Done 16 steps in 952ms
All actions: [Set Sub Status, Email Creator on Start]
Missed actions: null
Forms to capture: 
1: Project Form
2: TPA Documentation Review
3: Permits
4: Pole Profile
5: Electrical
?[36m[info]?[0m [phantom] Starting...
?[36m[info]?[0m [phantom] Execution timeout set to 10000ms
?[36m[info]?[0m [phantom] Running suite: 10 steps
?[32;1m[debug]?[0m [phantom] opening url: https://www.spidasoftware.com/projectmanager/, HTTP GET
?[32;1m[debug]?[0m [phantom] Navigation requested: url=https://www.spidasoftware.com/projectmanager/, type=Other, willNavigate=true, isMainFrame=true
?[32;1m[debug]?[0m [phantom] Navigation requested: url=https://www.spidasoftware.com/cas/login?service=https://www.spidasoftware.com/projectmanager/j_spring_cas_security_check, type=Other, willNavigate=true, isMainFrame=true
?[32;1m[debug]?[0m [phantom] url changed to "https://www.spidasoftware.com/cas/login?service=https://www.spidasoftware.com/projectmanager/j_spring_cas_security_check"
?[32;1m[debug]?[0m [phantom] Successfully injected Casper client-side utilities
?[32;1m[debug]?[0m [phantom] start page is loaded
?[36m[info]?[0m [phantom] Step login 3/10 https://www.spidasoftware.com/cas/login?service=https://www.spidasoftware.com/projectmanager/j_spring_cas_security_check (HTTP 200)
?[36m[info]?[0m [remote] attempting to fetch form element from selector: 'form#fm1'
?[32;1m[debug]?[0m [remote] Set "username" field value to admin@spidasoftware.com
?[32;1m[debug]?[0m [remote] Set "password" field value to ***************
?[36m[info]?[0m [remote] submitting form to /cas/login;jsessionid=90CC824714B7928433A49FA5A1E6F2BB?service=https%3A%2F%2Fwww.spidasoftware.com%2Fprojectmanager%2Fj_spring_cas_security_check, HTTP POST
?[36m[info]?[0m [phantom] Step login 3/10: done in 1733ms.
?[32;1m[debug]?[0m [phantom] Navigation requested: url=https://www.spidasoftware.com/cas/login;jsessionid=90CC824714B7928433A49FA5A1E6F2BB?service=https://www.spidasoftware.com/projectmanager/j_spring_cas_security_check, type=FormSubmitted, willNavigate=true, isMainFrame=true
?[32;1m[debug]?[0m [phantom] Navigation requested: url=https://www.spidasoftware.com/projectmanager/j_spring_cas_security_check?ticket=ST-331-iFMDVGBPqcEWo37aDnKe-www.spidasoftware.com, type=FormSubmitted, willNavigate=true, isMainFrame=true
?[32;1m[debug]?[0m [phantom] Navigation requested: url=https://www.spidasoftware.com/projectmanager/, type=FormSubmitted, willNavigate=true, isMainFrame=true
?[32;1m[debug]?[0m [phantom] url changed to "https://www.spidasoftware.com/projectmanager/"
?[32;1m[debug]?[0m [phantom] Successfully injected Casper client-side utilities
?[36m[info]?[0m [phantom] Step _step 4/10 https://www.spidasoftware.com/projectmanager/ (HTTP 200)
?[36m[info]?[0m [phantom] Step _step 4/10: done in 10259ms.
script timed out
?[36m[info]?[0m [phantom] waitFor() finished in 41ms.
?[36m[info]?[0m [phantom] Step afterLogin 5/11 https://www.spidasoftware.com/projectmanager/ (HTTP 200)
?[36m[info]?[0m [phantom] Step afterLogin 5/11: done in 10317ms.
?[36m[info]?[0m [phantom] Step _step 6/11 https://www.spidasoftware.com/projectmanager/ (HTTP 200)
?[36m[info]?[0m [phantom] Step _step 6/11: done in 10340ms.
?[36m[info]?[0m [phantom] waitFor() finished in 47ms.
?[36m[info]?[0m [phantom] Step anonymous 7/12 https://www.spidasoftware.com/projectmanager/ (HTTP 200)
?[32;1m[debug]?[0m [phantom] Mouse event 'mousedown' on selector: xpath selector: //*[text()="DLC"]
?[32;1m[debug]?[0m [phantom] Mouse event 'mouseup' on selector: xpath selector: //*[text()="DLC"]
?[32;1m[debug]?[0m [phantom] Mouse event 'click' on selector: xpath selector: //*[text()="DLC"]
?[32;1m[debug]?[0m [phantom] Navigation requested: url=https://www.spidasoftware.com/projectmanager/#, type=LinkClicked, willNavigate=true, isMainFrame=true
?[32;1m[debug]?[0m [phantom] url changed to "https://www.spidasoftware.com/projectmanager/#"
?[36m[info]?[0m [phantom] Step anonymous 7/12: done in 10421ms.
?[32;1m[debug]?[0m [phantom] Navigation requested: url=https://www.spidasoftware.com/projectmanager/switchcompany, type=FormSubmitted, willNavigate=true, isMainFrame=true
?[33m[warning]?[0m [phantom] Loading resource failed with status=fail (HTTP 200): https://www.spidasoftware.com/projectmanager/switchcompany
?[32;1m[debug]?[0m [phantom] Navigation requested: url=https://www.spidasoftware.com/projectmanager/dashboard/index, type=FormSubmitted, willNavigate=true, isMainFrame=true
?[32;1m[debug]?[0m [phantom] url changed to "https://www.spidasoftware.com/projectmanager/dashboard/index"
?[32;1m[debug]?[0m [phantom] Successfully injected Casper client-side utilities
?[36m[info]?[0m [phantom] Step _step 8/12 https://www.spidasoftware.com/projectmanager/dashboard/index (HTTP 200)
?[36m[info]?[0m [phantom] Step _step 8/12: done in 13785ms.
?[36m[info]?[0m [phantom] waitFor() finished in 41ms.
?[36m[info]?[0m [phantom] Step anonymous 9/13 https://www.spidasoftware.com/projectmanager/dashboard/index (HTTP 200)
Logged in as: DLC
?[36m[info]?[0m [phantom] Step anonymous 9/13: done in 13847ms.
?[32;1m[debug]?[0m [phantom] opening url: https://www.spidasoftware.com/projectmanager/formTemplate/list, HTTP GET
?[32;1m[debug]?[0m [phantom] Navigation requested: url=https://www.spidasoftware.com/projectmanager/formTemplate/list, type=Other, willNavigate=true, isMainFrame=true
?[33m[warning]?[0m [phantom] Loading resource failed with status=fail (HTTP 200): https://www.spidasoftware.com/projectmanager/formTemplate/list
?[32;1m[debug]?[0m [phantom] url changed to "https://www.spidasoftware.com/projectmanager/formTemplate/list"
?[32;1m[debug]?[0m [phantom] Successfully injected Casper client-side utilities
?[36m[info]?[0m [phantom] Step openFormList 11/13 https://www.spidasoftware.com/projectmanager/formTemplate/list (HTTP 200)
Navigating to Flow Form List
?[36m[info]?[0m [phantom] Step openFormList 11/13: done in 14822ms.
?[36m[info]?[0m [phantom] Step _step 12/13 https://www.spidasoftware.com/projectmanager/formTemplate/list (HTTP 200)
?[36m[info]?[0m [phantom] Step _step 12/13: done in 14837ms.
?[36m[info]?[0m [phantom] waitFor() finished in 44ms.
?[36m[info]?[0m [phantom] Step waitForFormList 13/14 https://www.spidasoftware.com/projectmanager/formTemplate/list (HTTP 200)
Currently at: https://www.spidasoftware.com/projectmanager/formTemplate/list
?[36m[info]?[0m [phantom] Step waitForFormList 13/14: done in 14902ms.
?[36m[info]?[0m [phantom] Step _step 14/14 https://www.spidasoftware.com/projectmanager/formTemplate/list (HTTP 200)
?[36m[info]?[0m [phantom] Step _step 14/14: done in 14922ms.
?[36m[info]?[0m [phantom] waitFor() finished in 44ms.
?[36m[info]?[0m [phantom] Step loopThrough 15/15 https://www.spidasoftware.com/projectmanager/formTemplate/list (HTTP 200)
?[36m[info]?[0m [phantom] Step loopThrough 15/15: done in 14987ms.
?[32;1m[debug]?[0m [phantom] opening url: https://www.spidasoftware.com/projectmanager/formTemplate/list?offset=0&max=10&sort=name&order=asc, HTTP GET
?[32;1m[debug]?[0m [phantom] Navigation requested: url=https://www.spidasoftware.com/projectmanager/formTemplate/list?offset=0&max=10&sort=name&order=asc, type=Other, willNavigate=true, isMainFrame=true
?[33m[warning]?[0m [phantom] Loading resource failed with status=fail (HTTP 200): https://www.spidasoftware.com/projectmanager/formTemplate/list?offset=0&max=10&sort=name&order=asc
?[32;1m[debug]?[0m [phantom] url changed to "https://www.spidasoftware.com/projectmanager/formTemplate/list?offset=0&max=10&sort=name&order=asc"
?[32;1m[debug]?[0m [phantom] Successfully injected Casper client-side utilities
?[36m[info]?[0m [phantom] Step anonymous 17/19 https://www.spidasoftware.com/projectmanager/formTemplate/list?offset=0&max=10&sort=name&order=asc (HTTP 200)
?[36m[info]?[0m [phantom] Step anonymous 17/19: done in 15921ms.
?[36m[info]?[0m [phantom] Step _step 18/20 https://www.spidasoftware.com/projectmanager/formTemplate/list?offset=0&max=10&sort=name&order=asc (HTTP 200)
?[36m[info]?[0m [phantom] Step _step 18/20: done in 15936ms.
?[36m[info]?[0m [phantom] waitFor() finished in 40ms.
?[36m[info]?[0m [phantom] Step anonymous 19/21 https://www.spidasoftware.com/projectmanager/formTemplate/list?offset=0&max=10&sort=name&order=asc (HTTP 200)
Stored screenshot of form: Electrical
Stored screenshot of form: Permits
?[36m[info]?[0m [phantom] Step anonymous 19/21: done in 16014ms.
?[36m[info]?[0m [phantom] Step clickForm 20/31 https://www.spidasoftware.com/projectmanager/formTemplate/list?offset=0&max=10&sort=name&order=asc (HTTP 200)
?[32;1m[debug]?[0m [phantom] Mouse event 'mousedown' on selector: xpath selector: //*[text()="Electrical"]
?[32;1m[debug]?[0m [phantom] Mouse event 'mouseup' on selector: xpath selector: //*[text()="Electrical"]
?[32;1m[debug]?[0m [phantom] Mouse event 'click' on selector: xpath selector: //*[text()="Electrical"]
?[32;1m[debug]?[0m [phantom] Navigation requested: url=https://www.spidasoftware.com/projectmanager/formTemplate/edit/70926, type=LinkClicked, willNavigate=true, isMainFrame=true
?[36m[info]?[0m [phantom] Step clickForm 20/31: done in 16028ms.
?[33m[warning]?[0m [phantom] Loading resource failed with status=fail (HTTP 200): https://www.spidasoftware.com/projectmanager/formTemplate/edit/70926
?[32;1m[debug]?[0m [phantom] url changed to "https://www.spidasoftware.com/projectmanager/formTemplate/edit/70926"
?[32;1m[debug]?[0m [phantom] Successfully injected Casper client-side utilities
?[36m[info]?[0m [phantom] Step _step 21/31 https://www.spidasoftware.com/projectmanager/formTemplate/edit/70926 (HTTP 200)
?[36m[info]?[0m [phantom] Step _step 21/31: done in 17919ms.
?[36m[info]?[0m [phantom] waitFor() finished in 41ms.
?[36m[info]?[0m [phantom] Step anonymous 22/32 https://www.spidasoftware.com/projectmanager/formTemplate/edit/70926 (HTTP 200)
?[36m[info]?[0m [phantom] Step anonymous 22/32: done in 17987ms.
?[36m[info]?[0m [phantom] Step anonymous 23/32 https://www.spidasoftware.com/projectmanager/formTemplate/edit/70926 (HTTP 200)
?[36m[info]?[0m [phantom] Step anonymous 23/32: done in 18010ms.
?[36m[info]?[0m [phantom] Step anonymous 24/32 https://www.spidasoftware.com/projectmanager/formTemplate/edit/70926 (HTTP 200)
?[36m[info]?[0m [phantom] Step anonymous 24/32: done in 18030ms.
?[36m[info]?[0m [phantom] Step _step 25/33 https://www.spidasoftware.com/projectmanager/formTemplate/edit/70926 (HTTP 200)
?[36m[info]?[0m [phantom] Step _step 25/33: done in 18050ms.
?[32;1m[debug]?[0m [phantom] Navigation requested: url=https://www.spidasoftware.com/projectmanager/formTemplate/list?offset=0&max=10&sort=name&order=asc, type=BackOrForward, willNavigate=true, isMainFrame=true
?[33m[warning]?[0m [phantom] Loading resource failed with status=fail (HTTP 200): https://www.spidasoftware.com/projectmanager/formTemplate/list?offset=0&max=10&sort=name&order=asc
?[32;1m[debug]?[0m [phantom] url changed to "https://www.spidasoftware.com/projectmanager/formTemplate/list?offset=0&max=10&sort=name&order=asc"
?[32;1m[debug]?[0m [phantom] Successfully injected Casper client-side utilities
?[36m[info]?[0m [phantom] Step _step 26/33 https://www.spidasoftware.com/projectmanager/formTemplate/list?offset=0&max=10&sort=name&order=asc (HTTP 200)
?[36m[info]?[0m [phantom] Step _step 26/33: done in 18657ms.
?[36m[info]?[0m [phantom] waitFor() finished in 40ms.
?[36m[info]?[0m [phantom] Step anonymous 27/34 https://www.spidasoftware.com/projectmanager/formTemplate/list?offset=0&max=10&sort=name&order=asc (HTTP 200)
?[36m[info]?[0m [phantom] Step anonymous 27/34: done in 18718ms.
?[36m[info]?[0m [phantom] Step clickForm 28/34 https://www.spidasoftware.com/projectmanager/formTemplate/list?offset=0&max=10&sort=name&order=asc (HTTP 200)
?[32;1m[debug]?[0m [phantom] Mouse event 'mousedown' on selector: xpath selector: //*[text()="Permits"]
?[32;1m[debug]?[0m [phantom] Mouse event 'mouseup' on selector: xpath selector: //*[text()="Permits"]
?[32;1m[debug]?[0m [phantom] Mouse event 'click' on selector: xpath selector: //*[text()="Permits"]
?[32;1m[debug]?[0m [phantom] Navigation requested: url=https://www.spidasoftware.com/projectmanager/formTemplate/edit/68108, type=LinkClicked, willNavigate=true, isMainFrame=true
?[36m[info]?[0m [phantom] Step clickForm 28/34: done in 18750ms.
?[33m[warning]?[0m [phantom] Loading resource failed with status=fail (HTTP 200): https://www.spidasoftware.com/projectmanager/formTemplate/edit/68108
?[32;1m[debug]?[0m [phantom] url changed to "https://www.spidasoftware.com/projectmanager/formTemplate/edit/68108"
?[32;1m[debug]?[0m [phantom] Successfully injected Casper client-side utilities
?[36m[info]?[0m [phantom] Step _step 29/34 https://www.spidasoftware.com/projectmanager/formTemplate/edit/68108 (HTTP 200)
?[36m[info]?[0m [phantom] Step _step 29/34: done in 19892ms.
?[36m[info]?[0m [phantom] waitFor() finished in 43ms.
?[36m[info]?[0m [phantom] Step anonymous 30/35 https://www.spidasoftware.com/projectmanager/formTemplate/edit/68108 (HTTP 200)
?[36m[info]?[0m [phantom] Step anonymous 30/35: done in 19948ms.
?[36m[info]?[0m [phantom] Step anonymous 31/35 https://www.spidasoftware.com/projectmanager/formTemplate/edit/68108 (HTTP 200)
?[36m[info]?[0m [phantom] Step anonymous 31/35: done in 19970ms.
?[36m[info]?[0m [phantom] Step anonymous 32/35 https://www.spidasoftware.com/projectmanager/formTemplate/edit/68108 (HTTP 200)
?[36m[info]?[0m [phantom] Step anonymous 32/35: done in 19989ms.
?[36m[info]?[0m [phantom] Step _step 33/36 https://www.spidasoftware.com/projectmanager/formTemplate/edit/68108 (HTTP 200)
?[36m[info]?[0m [phantom] Step _step 33/36: done in 20011ms.
?[32;1m[debug]?[0m [phantom] Navigation requested: url=https://www.spidasoftware.com/projectmanager/formTemplate/list?offset=0&max=10&sort=name&order=asc, type=BackOrForward, willNavigate=true, isMainFrame=true
?[33m[warning]?[0m [phantom] Loading resource failed with status=fail (HTTP 200): https://www.spidasoftware.com/projectmanager/formTemplate/list?offset=0&max=10&sort=name&order=asc
?[32;1m[debug]?[0m [phantom] url changed to "https://www.spidasoftware.com/projectmanager/formTemplate/list?offset=0&max=10&sort=name&order=asc"
?[32;1m[debug]?[0m [phantom] Successfully injected Casper client-side utilities
?[36m[info]?[0m [phantom] Step _step 34/36 https://www.spidasoftware.com/projectmanager/formTemplate/list?offset=0&max=10&sort=name&order=asc (HTTP 200)
?[36m[info]?[0m [phantom] Step _step 34/36: done in 20831ms.
?[36m[info]?[0m [phantom] waitFor() finished in 41ms.
?[36m[info]?[0m [phantom] Step anonymous 35/37 https://www.spidasoftware.com/projectmanager/formTemplate/list?offset=0&max=10&sort=name&order=asc (HTTP 200)
?[36m[info]?[0m [phantom] Step anonymous 35/37: done in 20890ms.
?[32;1m[debug]?[0m [phantom] opening url: https://www.spidasoftware.com/projectmanager/formTemplate/list?offset=10&max=10&sort=name&order=asc, HTTP GET
?[32;1m[debug]?[0m [phantom] Navigation requested: url=https://www.spidasoftware.com/projectmanager/formTemplate/list?offset=10&max=10&sort=name&order=asc, type=Other, willNavigate=true, isMainFrame=true
?[33m[warning]?[0m [phantom] Loading resource failed with status=fail (HTTP 200): https://www.spidasoftware.com/projectmanager/formTemplate/list?offset=10&max=10&sort=name&order=asc
?[32;1m[debug]?[0m [phantom] url changed to "https://www.spidasoftware.com/projectmanager/formTemplate/list?offset=10&max=10&sort=name&order=asc"
?[32;1m[debug]?[0m [phantom] Successfully injected Casper client-side utilities
?[36m[info]?[0m [phantom] Step anonymous 37/37 https://www.spidasoftware.com/projectmanager/formTemplate/list?offset=10&max=10&sort=name&order=asc (HTTP 200)
?[36m[info]?[0m [phantom] Step anonymous 37/37: done in 21536ms.
?[36m[info]?[0m [phantom] Step _step 38/38 https://www.spidasoftware.com/projectmanager/formTemplate/list?offset=10&max=10&sort=name&order=asc (HTTP 200)
?[36m[info]?[0m [phantom] Step _step 38/38: done in 21555ms.
?[36m[info]?[0m [phantom] waitFor() finished in 41ms.
?[36m[info]?[0m [phantom] Step anonymous 39/39 https://www.spidasoftware.com/projectmanager/formTemplate/list?offset=10&max=10&sort=name&order=asc (HTTP 200)
Stored screenshot of form: Pole Profile
Stored screenshot of form: Project Form
Stored screenshot of form: TPA Documentation Review
?[36m[info]?[0m [phantom] Step anonymous 39/39: done in 21629ms.
?[36m[info]?[0m [phantom] Step clickForm 40/54 https://www.spidasoftware.com/projectmanager/formTemplate/list?offset=10&max=10&sort=name&order=asc (HTTP 200)
?[32;1m[debug]?[0m [phantom] Mouse event 'mousedown' on selector: xpath selector: //*[text()="Pole Profile"]
?[32;1m[debug]?[0m [phantom] Mouse event 'mouseup' on selector: xpath selector: //*[text()="Pole Profile"]
?[32;1m[debug]?[0m [phantom] Mouse event 'click' on selector: xpath selector: //*[text()="Pole Profile"]
?[32;1m[debug]?[0m [phantom] Navigation requested: url=https://www.spidasoftware.com/projectmanager/formTemplate/edit/71151, type=LinkClicked, willNavigate=true, isMainFrame=true
?[36m[info]?[0m [phantom] Step clickForm 40/54: done in 21647ms.
?[33m[warning]?[0m [phantom] Loading resource failed with status=fail (HTTP 200): https://www.spidasoftware.com/projectmanager/formTemplate/edit/71151
?[32;1m[debug]?[0m [phantom] url changed to "https://www.spidasoftware.com/projectmanager/formTemplate/edit/71151"
?[32;1m[debug]?[0m [phantom] Successfully injected Casper client-side utilities
?[36m[info]?[0m [phantom] Step _step 41/54 https://www.spidasoftware.com/projectmanager/formTemplate/edit/71151 (HTTP 200)
?[36m[info]?[0m [phantom] Step _step 41/54: done in 22607ms.
?[36m[info]?[0m [phantom] waitFor() finished in 42ms.
?[36m[info]?[0m [phantom] Step anonymous 42/55 https://www.spidasoftware.com/projectmanager/formTemplate/edit/71151 (HTTP 200)
?[36m[info]?[0m [phantom] Step anonymous 42/55: done in 22669ms.
?[36m[info]?[0m [phantom] Step anonymous 43/55 https://www.spidasoftware.com/projectmanager/formTemplate/edit/71151 (HTTP 200)
?[36m[info]?[0m [phantom] Step anonymous 43/55: done in 22745ms.
?[36m[info]?[0m [phantom] Step anonymous 44/55 https://www.spidasoftware.com/projectmanager/formTemplate/edit/71151 (HTTP 200)
?[36m[info]?[0m [phantom] Step anonymous 44/55: done in 22746ms.
?[36m[info]?[0m [phantom] Step _step 45/56 https://www.spidasoftware.com/projectmanager/formTemplate/edit/71151 (HTTP 200)
?[36m[info]?[0m [phantom] Step _step 45/56: done in 22768ms.
?[32;1m[debug]?[0m [phantom] Navigation requested: url=https://www.spidasoftware.com/projectmanager/formTemplate/list?offset=10&max=10&sort=name&order=asc, type=BackOrForward, willNavigate=true, isMainFrame=true
?[33m[warning]?[0m [phantom] Loading resource failed with status=fail (HTTP 200): https://www.spidasoftware.com/projectmanager/formTemplate/list?offset=10&max=10&sort=name&order=asc
?[32;1m[debug]?[0m [phantom] url changed to "https://www.spidasoftware.com/projectmanager/formTemplate/list?offset=10&max=10&sort=name&order=asc"
?[32;1m[debug]?[0m [phantom] Successfully injected Casper client-side utilities
?[36m[info]?[0m [phantom] Step _step 46/56 https://www.spidasoftware.com/projectmanager/formTemplate/list?offset=10&max=10&sort=name&order=asc (HTTP 200)
?[36m[info]?[0m [phantom] Step _step 46/56: done in 23450ms.
?[36m[info]?[0m [phantom] waitFor() finished in 42ms.
?[36m[info]?[0m [phantom] Step anonymous 47/57 https://www.spidasoftware.com/projectmanager/formTemplate/list?offset=10&max=10&sort=name&order=asc (HTTP 200)
?[36m[info]?[0m [phantom] Step anonymous 47/57: done in 23511ms.
?[36m[info]?[0m [phantom] Step clickForm 48/57 https://www.spidasoftware.com/projectmanager/formTemplate/list?offset=10&max=10&sort=name&order=asc (HTTP 200)
?[32;1m[debug]?[0m [phantom] Mouse event 'mousedown' on selector: xpath selector: //*[text()="Project Form"]
?[32;1m[debug]?[0m [phantom] Mouse event 'mouseup' on selector: xpath selector: //*[text()="Project Form"]
?[32;1m[debug]?[0m [phantom] Mouse event 'click' on selector: xpath selector: //*[text()="Project Form"]
?[32;1m[debug]?[0m [phantom] Navigation requested: url=https://www.spidasoftware.com/projectmanager/formTemplate/edit/68085, type=LinkClicked, willNavigate=true, isMainFrame=true
?[36m[info]?[0m [phantom] Step clickForm 48/57: done in 23543ms.
?[33m[warning]?[0m [phantom] Loading resource failed with status=fail (HTTP 200): https://www.spidasoftware.com/projectmanager/formTemplate/edit/68085
?[32;1m[debug]?[0m [phantom] url changed to "https://www.spidasoftware.com/projectmanager/formTemplate/edit/68085"
?[32;1m[debug]?[0m [phantom] Successfully injected Casper client-side utilities
?[36m[info]?[0m [phantom] Step _step 49/57 https://www.spidasoftware.com/projectmanager/formTemplate/edit/68085 (HTTP 200)
?[36m[info]?[0m [phantom] Step _step 49/57: done in 24738ms.
?[36m[info]?[0m [phantom] waitFor() finished in 42ms.
?[36m[info]?[0m [phantom] Step anonymous 50/58 https://www.spidasoftware.com/projectmanager/formTemplate/edit/68085 (HTTP 200)
?[36m[info]?[0m [phantom] Step anonymous 50/58: done in 24798ms.
?[36m[info]?[0m [phantom] Step anonymous 51/58 https://www.spidasoftware.com/projectmanager/formTemplate/edit/68085 (HTTP 200)
?[36m[info]?[0m [phantom] Step anonymous 51/58: done in 24823ms.
?[36m[info]?[0m [phantom] Step anonymous 52/58 https://www.spidasoftware.com/projectmanager/formTemplate/edit/68085 (HTTP 200)
?[36m[info]?[0m [phantom] Step anonymous 52/58: done in 24844ms.
?[36m[info]?[0m [phantom] Step _step 53/59 https://www.spidasoftware.com/projectmanager/formTemplate/edit/68085 (HTTP 200)
?[36m[info]?[0m [phantom] Step _step 53/59: done in 24867ms.
?[32;1m[debug]?[0m [phantom] Navigation requested: url=https://www.spidasoftware.com/projectmanager/formTemplate/list?offset=10&max=10&sort=name&order=asc, type=BackOrForward, willNavigate=true, isMainFrame=true
?[33m[warning]?[0m [phantom] Loading resource failed with status=fail (HTTP 200): https://www.spidasoftware.com/projectmanager/formTemplate/list?offset=10&max=10&sort=name&order=asc
?[32;1m[debug]?[0m [phantom] url changed to "https://www.spidasoftware.com/projectmanager/formTemplate/list?offset=10&max=10&sort=name&order=asc"
?[32;1m[debug]?[0m [phantom] Successfully injected Casper client-side utilities
?[36m[info]?[0m [phantom] Step _step 54/59 https://www.spidasoftware.com/projectmanager/formTemplate/list?offset=10&max=10&sort=name&order=asc (HTTP 200)
?[36m[info]?[0m [phantom] Step _step 54/59: done in 25605ms.
?[36m[info]?[0m [phantom] waitFor() finished in 40ms.
?[36m[info]?[0m [phantom] Step anonymous 55/60 https://www.spidasoftware.com/projectmanager/formTemplate/list?offset=10&max=10&sort=name&order=asc (HTTP 200)
?[36m[info]?[0m [phantom] Step anonymous 55/60: done in 25665ms.
?[36m[info]?[0m [phantom] Step clickForm 56/60 https://www.spidasoftware.com/projectmanager/formTemplate/list?offset=10&max=10&sort=name&order=asc (HTTP 200)
?[32;1m[debug]?[0m [phantom] Mouse event 'mousedown' on selector: xpath selector: //*[text()="TPA Documentation Review"]
?[32;1m[debug]?[0m [phantom] Mouse event 'mouseup' on selector: xpath selector: //*[text()="TPA Documentation Review"]
?[32;1m[debug]?[0m [phantom] Mouse event 'click' on selector: xpath selector: //*[text()="TPA Documentation Review"]
?[32;1m[debug]?[0m [phantom] Navigation requested: url=https://www.spidasoftware.com/projectmanager/formTemplate/edit/67848, type=LinkClicked, willNavigate=true, isMainFrame=true
?[36m[info]?[0m [phantom] Step clickForm 56/60: done in 25696ms.
?[33m[warning]?[0m [phantom] Loading resource failed with status=fail (HTTP 200): https://www.spidasoftware.com/projectmanager/formTemplate/edit/67848
?[32;1m[debug]?[0m [phantom] url changed to "https://www.spidasoftware.com/projectmanager/formTemplate/edit/67848"
?[32;1m[debug]?[0m [phantom] Successfully injected Casper client-side utilities
?[36m[info]?[0m [phantom] Step _step 57/60 https://www.spidasoftware.com/projectmanager/formTemplate/edit/67848 (HTTP 200)
?[36m[info]?[0m [phantom] Step _step 57/60: done in 26473ms.
?[36m[info]?[0m [phantom] waitFor() finished in 40ms.
?[36m[info]?[0m [phantom] Step anonymous 58/61 https://www.spidasoftware.com/projectmanager/formTemplate/edit/67848 (HTTP 200)
?[36m[info]?[0m [phantom] Step anonymous 58/61: done in 26535ms.
?[36m[info]?[0m [phantom] Step anonymous 59/61 https://www.spidasoftware.com/projectmanager/formTemplate/edit/67848 (HTTP 200)
?[36m[info]?[0m [phantom] Step anonymous 59/61: done in 26560ms.
?[36m[info]?[0m [phantom] Step anonymous 60/61 https://www.spidasoftware.com/projectmanager/formTemplate/edit/67848 (HTTP 200)
?[36m[info]?[0m [phantom] Step anonymous 60/61: done in 26581ms.
?[36m[info]?[0m [phantom] Step _step 61/62 https://www.spidasoftware.com/projectmanager/formTemplate/edit/67848 (HTTP 200)
?[36m[info]?[0m [phantom] Step _step 61/62: done in 26602ms.
?[32;1m[debug]?[0m [phantom] Navigation requested: url=https://www.spidasoftware.com/projectmanager/formTemplate/list?offset=10&max=10&sort=name&order=asc, type=BackOrForward, willNavigate=true, isMainFrame=true
?[33m[warning]?[0m [phantom] Loading resource failed with status=fail (HTTP 200): https://www.spidasoftware.com/projectmanager/formTemplate/list?offset=10&max=10&sort=name&order=asc
?[32;1m[debug]?[0m [phantom] url changed to "https://www.spidasoftware.com/projectmanager/formTemplate/list?offset=10&max=10&sort=name&order=asc"
?[32;1m[debug]?[0m [phantom] Successfully injected Casper client-side utilities
?[36m[info]?[0m [phantom] Step _step 62/62 https://www.spidasoftware.com/projectmanager/formTemplate/list?offset=10&max=10&sort=name&order=asc (HTTP 200)
?[36m[info]?[0m [phantom] Step _step 62/62: done in 27335ms.
?[36m[info]?[0m [phantom] waitFor() finished in 40ms.
?[36m[info]?[0m [phantom] Step anonymous 63/63 https://www.spidasoftware.com/projectmanager/formTemplate/list?offset=10&max=10&sort=name&order=asc (HTTP 200)
?[36m[info]?[0m [phantom] Step anonymous 63/63: done in 27395ms.
?[36m[info]?[0m [phantom] Done 63 steps in 27414ms
Forms to generate: 
0: Project Form
1: TPA Documentation Review
2: Permits
3: Pole Profile
4: Electrical
?[36m[info]?[0m [phantom] Starting...
?[36m[info]?[0m [phantom] Execution timeout set to 12000ms
?[36m[info]?[0m [phantom] Running suite: 10 steps
?[32;1m[debug]?[0m [phantom] opening url: file:///Users/zpeugh/code/min/scripts/flowdocument/Resources/formHtmls/Project Form.html, HTTP GET
?[32;1m[debug]?[0m [phantom] Navigation requested: url=file:///Users/zpeugh/code/min/scripts/flowdocument/Resources/formHtmls/Project Form.html, type=Other, willNavigate=true, isMainFrame=true
?[32;1m[debug]?[0m [phantom] url changed to "file:///Users/zpeugh/code/min/scripts/flowdocument/Resources/formHtmls/Project Form.html"
?[32;1m[debug]?[0m [phantom] Successfully injected Casper client-side utilities
?[36m[info]?[0m [phantom] Step anonymous 2/10: done in 118ms.
?[36m[info]?[0m [phantom] Step _step 3/13: done in 135ms.
?[36m[info]?[0m [phantom] waitFor() finished in 45ms.
?[32;1m[debug]?[0m [phantom] Capturing page to /Users/zpeugh/code/min/scripts/flowdocument/Resources/formHtmls/formPNGs/Project Form.png with clipRect {"top":13,"height":461,"left":8,"width":808}
?[36m[info]?[0m [phantom] Capture saved to /Users/zpeugh/code/min/scripts/flowdocument/Resources/formHtmls/formPNGs/Project Form.png
?[36m[info]?[0m [phantom] Step anonymous 4/14: done in 297ms.
?[36m[info]?[0m [phantom] Step anonymous 5/14: done in 299ms.
?[36m[info]?[0m [phantom] Step _step 6/14: done in 320ms.
?[36m[info]?[0m [phantom] waitFor() finished in 47ms.
?[32;1m[debug]?[0m [phantom] opening url: file:///Users/zpeugh/code/min/scripts/flowdocument/Resources/formHtmls/TPA Documentation Review.html, HTTP GET
?[32;1m[debug]?[0m [phantom] Navigation requested: url=file:///Users/zpeugh/code/min/scripts/flowdocument/Resources/formHtmls/TPA Documentation Review.html, type=Other, willNavigate=true, isMainFrame=true
?[32;1m[debug]?[0m [phantom] url changed to "file:///Users/zpeugh/code/min/scripts/flowdocument/Resources/formHtmls/TPA Documentation Review.html"
?[32;1m[debug]?[0m [phantom] Successfully injected Casper client-side utilities
?[36m[info]?[0m [phantom] Step anonymous 8/14: done in 414ms.
?[36m[info]?[0m [phantom] Step _step 9/17: done in 433ms.
?[36m[info]?[0m [phantom] waitFor() finished in 50ms.
?[32;1m[debug]?[0m [phantom] Capturing page to /Users/zpeugh/code/min/scripts/flowdocument/Resources/formHtmls/formPNGs/TPA Documentation Review.png with clipRect {"top":13,"height":180,"left":8,"width":808}
?[36m[info]?[0m [phantom] Capture saved to /Users/zpeugh/code/min/scripts/flowdocument/Resources/formHtmls/formPNGs/TPA Documentation Review.png
?[36m[info]?[0m [phantom] Step anonymous 10/18: done in 566ms.
?[36m[info]?[0m [phantom] Step anonymous 11/18: done in 567ms.
?[36m[info]?[0m [phantom] Step _step 12/18: done in 589ms.
?[36m[info]?[0m [phantom] waitFor() finished in 42ms.
?[32;1m[debug]?[0m [phantom] opening url: file:///Users/zpeugh/code/min/scripts/flowdocument/Resources/formHtmls/Permits.html, HTTP GET
?[32;1m[debug]?[0m [phantom] Navigation requested: url=file:///Users/zpeugh/code/min/scripts/flowdocument/Resources/formHtmls/Permits.html, type=Other, willNavigate=true, isMainFrame=true
?[32;1m[debug]?[0m [phantom] url changed to "file:///Users/zpeugh/code/min/scripts/flowdocument/Resources/formHtmls/Permits.html"
?[32;1m[debug]?[0m [phantom] Successfully injected Casper client-side utilities
?[36m[info]?[0m [phantom] Step anonymous 14/18: done in 677ms.
?[36m[info]?[0m [phantom] Step _step 15/21: done in 697ms.
?[36m[info]?[0m [phantom] waitFor() finished in 40ms.
?[32;1m[debug]?[0m [phantom] Capturing page to /Users/zpeugh/code/min/scripts/flowdocument/Resources/formHtmls/formPNGs/Permits.png with clipRect {"top":13,"height":180,"left":8,"width":808}
?[36m[info]?[0m [phantom] Capture saved to /Users/zpeugh/code/min/scripts/flowdocument/Resources/formHtmls/formPNGs/Permits.png
?[36m[info]?[0m [phantom] Step anonymous 16/22: done in 827ms.
?[36m[info]?[0m [phantom] Step anonymous 17/22: done in 829ms.
?[36m[info]?[0m [phantom] Step _step 18/22: done in 851ms.
?[36m[info]?[0m [phantom] waitFor() finished in 46ms.
?[32;1m[debug]?[0m [phantom] opening url: file:///Users/zpeugh/code/min/scripts/flowdocument/Resources/formHtmls/Pole Profile.html, HTTP GET
?[32;1m[debug]?[0m [phantom] Navigation requested: url=file:///Users/zpeugh/code/min/scripts/flowdocument/Resources/formHtmls/Pole Profile.html, type=Other, willNavigate=true, isMainFrame=true
?[32;1m[debug]?[0m [phantom] url changed to "file:///Users/zpeugh/code/min/scripts/flowdocument/Resources/formHtmls/Pole Profile.html"
?[32;1m[debug]?[0m [phantom] Successfully injected Casper client-side utilities
?[36m[info]?[0m [phantom] Step anonymous 20/22: done in 944ms.
?[36m[info]?[0m [phantom] Step _step 21/25: done in 961ms.
?[36m[info]?[0m [phantom] waitFor() finished in 46ms.
?[32;1m[debug]?[0m [phantom] Capturing page to /Users/zpeugh/code/min/scripts/flowdocument/Resources/formHtmls/formPNGs/Pole Profile.png with clipRect {"top":13,"height":1255,"left":8,"width":808}
?[36m[info]?[0m [phantom] Capture saved to /Users/zpeugh/code/min/scripts/flowdocument/Resources/formHtmls/formPNGs/Pole Profile.png
?[36m[info]?[0m [phantom] Step anonymous 22/26: done in 1195ms.
?[36m[info]?[0m [phantom] Step anonymous 23/26: done in 1236ms.
?[36m[info]?[0m [phantom] Step _step 24/26: done in 1237ms.
?[36m[info]?[0m [phantom] waitFor() finished in 44ms.
?[32;1m[debug]?[0m [phantom] opening url: file:///Users/zpeugh/code/min/scripts/flowdocument/Resources/formHtmls/Electrical.html, HTTP GET
?[32;1m[debug]?[0m [phantom] Navigation requested: url=file:///Users/zpeugh/code/min/scripts/flowdocument/Resources/formHtmls/Electrical.html, type=Other, willNavigate=true, isMainFrame=true
?[32;1m[debug]?[0m [phantom] url changed to "file:///Users/zpeugh/code/min/scripts/flowdocument/Resources/formHtmls/Electrical.html"
?[32;1m[debug]?[0m [phantom] Successfully injected Casper client-side utilities
?[36m[info]?[0m [phantom] Step anonymous 26/26: done in 1333ms.
?[36m[info]?[0m [phantom] Step _step 27/29: done in 1347ms.
?[36m[info]?[0m [phantom] waitFor() finished in 41ms.
?[32;1m[debug]?[0m [phantom] Capturing page to /Users/zpeugh/code/min/scripts/flowdocument/Resources/formHtmls/formPNGs/Electrical.png with clipRect {"top":13,"height":1016,"left":8,"width":808}
?[36m[info]?[0m [phantom] Capture saved to /Users/zpeugh/code/min/scripts/flowdocument/Resources/formHtmls/formPNGs/Electrical.png
?[36m[info]?[0m [phantom] Step anonymous 28/30: done in 1547ms.
?[36m[info]?[0m [phantom] Step anonymous 29/30: done in 1552ms.
?[36m[info]?[0m [phantom] Step _step 30/30: done in 1569ms.
?[36m[info]?[0m [phantom] waitFor() finished in 41ms.
?[36m[info]?[0m [phantom] Done 30 steps in 1630ms
All forms: [Project Form, TPA Documentation Review, Permits, Pole Profile, Electrical]
Missed Forms: null
company name: DLC
flow Name: DLC Overhead
2: Assign Construction
3: Pull Photos From Calc
4: Remove Time Markers
5: Generate Calc File
6: Estimate Process 14 Day Clock
7: Pole Details Require Corrections Email
8: Email: Major Make Ready Required
9: Assign Joint Use Clerk
10: Email: Review Complete
11: Pole Form
12: Assign TPA
13: Email: No Make Ready Work Required
14: Email: Minor Make Ready Required
15: Email: Construction Corrections Required
16: Email: TPA Construction
17: Assign Engineering
18: Lock Project
19: Assign Billing
20: Engineering Review 45 Day Clock
21: 45 Day TPA Construction Clock
22: Assign Tech
?[36m[info]?[0m [phantom] Starting...
?[36m[info]?[0m [phantom] Execution timeout set to 10000ms
?[36m[info]?[0m [phantom] Running suite: 13 steps
?[32;1m[debug]?[0m [phantom] opening url: https://www.spidasoftware.com/projectmanager/, HTTP GET
?[32;1m[debug]?[0m [phantom] Navigation requested: url=https://www.spidasoftware.com/projectmanager/, type=Other, willNavigate=true, isMainFrame=true
?[32;1m[debug]?[0m [phantom] Navigation requested: url=https://www.spidasoftware.com/cas/login?service=https://www.spidasoftware.com/projectmanager/j_spring_cas_security_check, type=Other, willNavigate=true, isMainFrame=true
?[32;1m[debug]?[0m [phantom] url changed to "https://www.spidasoftware.com/cas/login?service=https://www.spidasoftware.com/projectmanager/j_spring_cas_security_check"
?[32;1m[debug]?[0m [phantom] Successfully injected Casper client-side utilities
?[32;1m[debug]?[0m [phantom] start page is loaded
?[36m[info]?[0m [phantom] Step login 3/13 https://www.spidasoftware.com/cas/login?service=https://www.spidasoftware.com/projectmanager/j_spring_cas_security_check (HTTP 200)
?[36m[info]?[0m [remote] attempting to fetch form element from selector: 'form#fm1'
?[32;1m[debug]?[0m [remote] Set "username" field value to admin@spidasoftware.com
?[32;1m[debug]?[0m [remote] Set "password" field value to ***************
?[36m[info]?[0m [remote] submitting form to /cas/login;jsessionid=181A03D198FAE41477DD88526EA73A60?service=https%3A%2F%2Fwww.spidasoftware.com%2Fprojectmanager%2Fj_spring_cas_security_check, HTTP POST
?[36m[info]?[0m [phantom] Step login 3/13: done in 1364ms.
?[32;1m[debug]?[0m [phantom] Navigation requested: url=https://www.spidasoftware.com/cas/login;jsessionid=181A03D198FAE41477DD88526EA73A60?service=https://www.spidasoftware.com/projectmanager/j_spring_cas_security_check, type=FormSubmitted, willNavigate=true, isMainFrame=true
?[32;1m[debug]?[0m [phantom] Navigation requested: url=https://www.spidasoftware.com/projectmanager/j_spring_cas_security_check?ticket=ST-332-4RwrNRYiwM5WswFdyd6Y-www.spidasoftware.com, type=FormSubmitted, willNavigate=true, isMainFrame=true
?[32;1m[debug]?[0m [phantom] Navigation requested: url=https://www.spidasoftware.com/projectmanager/, type=FormSubmitted, willNavigate=true, isMainFrame=true
?[32;1m[debug]?[0m [phantom] url changed to "https://www.spidasoftware.com/projectmanager/"
?[32;1m[debug]?[0m [phantom] Successfully injected Casper client-side utilities
?[36m[info]?[0m [phantom] Step _step 4/13 https://www.spidasoftware.com/projectmanager/ (HTTP 200)
?[36m[info]?[0m [phantom] Step _step 4/13: done in 6397ms.
?[36m[info]?[0m [phantom] waitFor() finished in 42ms.
?[36m[info]?[0m [phantom] Step afterLogin 5/14 https://www.spidasoftware.com/projectmanager/ (HTTP 200)
Logged in successfully
?[36m[info]?[0m [phantom] Step afterLogin 5/14: done in 6455ms.
?[36m[info]?[0m [phantom] Step _step 6/14 https://www.spidasoftware.com/projectmanager/ (HTTP 200)
?[36m[info]?[0m [phantom] Step _step 6/14: done in 6477ms.
?[36m[info]?[0m [phantom] waitFor() finished in 43ms.
?[36m[info]?[0m [phantom] Step anonymous 7/15 https://www.spidasoftware.com/projectmanager/ (HTTP 200)
?[32;1m[debug]?[0m [phantom] Mouse event 'mousedown' on selector: xpath selector: //*[text()="DLC"]
?[32;1m[debug]?[0m [phantom] Mouse event 'mouseup' on selector: xpath selector: //*[text()="DLC"]
?[32;1m[debug]?[0m [phantom] Mouse event 'click' on selector: xpath selector: //*[text()="DLC"]
?[32;1m[debug]?[0m [phantom] Navigation requested: url=https://www.spidasoftware.com/projectmanager/#, type=LinkClicked, willNavigate=true, isMainFrame=true
?[32;1m[debug]?[0m [phantom] url changed to "https://www.spidasoftware.com/projectmanager/#"
?[36m[info]?[0m [phantom] Step anonymous 7/15: done in 6550ms.
?[32;1m[debug]?[0m [phantom] Navigation requested: url=https://www.spidasoftware.com/projectmanager/switchcompany, type=FormSubmitted, willNavigate=true, isMainFrame=true
?[33m[warning]?[0m [phantom] Loading resource failed with status=fail (HTTP 200): https://www.spidasoftware.com/projectmanager/switchcompany
?[32;1m[debug]?[0m [phantom] Navigation requested: url=https://www.spidasoftware.com/projectmanager/dashboard/index, type=FormSubmitted, willNavigate=true, isMainFrame=true
?[32;1m[debug]?[0m [phantom] url changed to "https://www.spidasoftware.com/projectmanager/dashboard/index"
?[32;1m[debug]?[0m [phantom] Successfully injected Casper client-side utilities
?[36m[info]?[0m [phantom] Step _step 8/15 https://www.spidasoftware.com/projectmanager/dashboard/index (HTTP 200)
?[36m[info]?[0m [phantom] Step _step 8/15: done in 9213ms.
?[36m[info]?[0m [phantom] waitFor() finished in 41ms.
?[36m[info]?[0m [phantom] Step anonymous 9/16 https://www.spidasoftware.com/projectmanager/dashboard/index (HTTP 200)
Logged in as: DLC
?[36m[info]?[0m [phantom] Step anonymous 9/16: done in 9265ms.
?[32;1m[debug]?[0m [phantom] opening url: https://www.spidasoftware.com/projectmanager/flow/list, HTTP GET
?[32;1m[debug]?[0m [phantom] Navigation requested: url=https://www.spidasoftware.com/projectmanager/flow/list, type=Other, willNavigate=true, isMainFrame=true
?[33m[warning]?[0m [phantom] Loading resource failed with status=fail (HTTP 200): https://www.spidasoftware.com/projectmanager/flow/list
?[32;1m[debug]?[0m [phantom] url changed to "https://www.spidasoftware.com/projectmanager/flow/list"
?[32;1m[debug]?[0m [phantom] Successfully injected Casper client-side utilities
?[36m[info]?[0m [phantom] Step openFlowList 11/16 https://www.spidasoftware.com/projectmanager/flow/list (HTTP 200)
Navigating to Flow List
?[36m[info]?[0m [phantom] Step openFlowList 11/16: done in 10004ms.
script timed out
?[36m[info]?[0m [phantom] Step _step 12/16 https://www.spidasoftware.com/projectmanager/flow/list (HTTP 200)
?[36m[info]?[0m [phantom] Step _step 12/16: done in 10020ms.
?[36m[info]?[0m [phantom] waitFor() finished in 41ms.
?[36m[info]?[0m [phantom] Step clickFlow 13/17 https://www.spidasoftware.com/projectmanager/flow/list (HTTP 200)
Currently at: https://www.spidasoftware.com/projectmanager/flow/list
?[32;1m[debug]?[0m [phantom] Mouse event 'mousedown' on selector: xpath selector: //a[text()="DLC Overhead"]
?[32;1m[debug]?[0m [phantom] Mouse event 'mouseup' on selector: xpath selector: //a[text()="DLC Overhead"]
?[32;1m[debug]?[0m [phantom] Mouse event 'click' on selector: xpath selector: //a[text()="DLC Overhead"]
?[32;1m[debug]?[0m [phantom] Navigation requested: url=https://www.spidasoftware.com/projectmanager/flow/edit/67902, type=LinkClicked, willNavigate=true, isMainFrame=true
?[36m[info]?[0m [phantom] Step clickFlow 13/17: done in 10090ms.
?[33m[warning]?[0m [phantom] Loading resource failed with status=fail (HTTP 200): https://www.spidasoftware.com/projectmanager/flow/edit/67902
?[32;1m[debug]?[0m [phantom] url changed to "https://www.spidasoftware.com/projectmanager/flow/edit/67902"
?[32;1m[debug]?[0m [phantom] Successfully injected Casper client-side utilities
?[36m[info]?[0m [phantom] Step _step 14/17 https://www.spidasoftware.com/projectmanager/flow/edit/67902 (HTTP 200)
?[36m[info]?[0m [phantom] Step _step 14/17: done in 11210ms.
?[36m[info]?[0m [phantom] waitFor() finished in 3590ms.
?[36m[info]?[0m [phantom] Step getOrder 15/18 https://www.spidasoftware.com/projectmanager/flow/edit/67902 (HTTP 200)
?[36m[info]?[0m [phantom] Step getOrder 15/18: done in 14906ms.
?[36m[info]?[0m [phantom] Step _step 16/18 https://www.spidasoftware.com/projectmanager/flow/edit/67902 (HTTP 200)
?[36m[info]?[0m [phantom] Step _step 16/18: done in 14909ms.
?[36m[info]?[0m [phantom] wait() finished waiting for 2000ms.
Currently at: https://www.spidasoftware.com/projectmanager/flow/edit/67902
?[32;1m[debug]?[0m [phantom] Mouse event 'mousedown' on selector: #events_table>table>tbody>tr:nth-child(1)>td:nth-child(5)>a
?[32;1m[debug]?[0m [phantom] Mouse event 'mouseup' on selector: #events_table>table>tbody>tr:nth-child(1)>td:nth-child(5)>a
?[32;1m[debug]?[0m [phantom] Mouse event 'click' on selector: #events_table>table>tbody>tr:nth-child(1)>td:nth-child(5)>a
?[32;1m[debug]?[0m [phantom] Navigation requested: url=https://www.spidasoftware.com/projectmanager/flow/edit/67902#, type=LinkClicked, willNavigate=true, isMainFrame=true
?[32;1m[debug]?[0m [phantom] url changed to "https://www.spidasoftware.com/projectmanager/flow/edit/67902#"
?[36m[info]?[0m [phantom] Step _step 17/18 https://www.spidasoftware.com/projectmanager/flow/edit/67902# (HTTP 200)
?[36m[info]?[0m [phantom] Step _step 17/18: done in 16928ms.
?[36m[info]?[0m [phantom] waitFor() finished in 1203ms.
?[36m[info]?[0m [phantom] Step clickActionTab 18/19 https://www.spidasoftware.com/projectmanager/flow/edit/67902# (HTTP 200)
?[32;1m[debug]?[0m [phantom] Mouse event 'mousedown' on selector: form>div>div>dl>dd:nth-child(2)>a
?[32;1m[debug]?[0m [phantom] Mouse event 'mouseup' on selector: form>div>div>dl>dd:nth-child(2)>a
?[32;1m[debug]?[0m [phantom] Mouse event 'click' on selector: form>div>div>dl>dd:nth-child(2)>a
?[36m[info]?[0m [phantom] Step clickActionTab 18/19: done in 18163ms.
?[36m[info]?[0m [phantom] Step _step 19/19 https://www.spidasoftware.com/projectmanager/flow/edit/67902# (HTTP 200)
?[36m[info]?[0m [phantom] Step _step 19/19: done in 18170ms.
?[36m[info]?[0m [phantom] waitFor() finished in 816ms.
?[36m[info]?[0m [phantom] Step chooseAnAction 20/20 https://www.spidasoftware.com/projectmanager/flow/edit/67902# (HTTP 200)
Capturing action: 45 Day TPA Construction Clock...
67931
Capturing action: Assign Tech...
67933
Capturing action: Assign Engineering...
67959
Capturing action: Estimate Process 14 Day Clock...
68106
Capturing action: Remove Time Markers...
68107
Capturing action: Assign Billing...
67928
Capturing action: Engineering Review 45 Day Clock...
68536
Capturing action: Generate Calc File...
68618
Capturing action: Pole Form...
69550
Capturing action: Assign TPA...
69553
Capturing action: Lock Project...
69561
Capturing action: Assign Construction...
69570
Capturing action: Pole Details Require Corrections Email...
70573
Capturing action: Assign Joint Use Clerk...
69551
Capturing action: Email: Review Complete...
70574
Capturing action: Email: Major Make Ready Required...
70575
Capturing action: Email: Minor Make Ready Required...
70576
Capturing action: Email: No Make Ready Work Required...
70577
Capturing action: Email: TPA Construction...
70578
Capturing action: Email: Construction Corrections Required...
70579
Capturing action: Pull Photos From Calc...
72680
?[36m[info]?[0m [phantom] Step chooseAnAction 20/20: done in 20384ms.
?[36m[info]?[0m [phantom] Step changeOnClickValue 21/62 https://www.spidasoftware.com/projectmanager/flow/edit/67902# (HTTP 200)
?[36m[info]?[0m [phantom] Step changeOnClickValue 21/62: done in 20387ms.
?[36m[info]?[0m [phantom] Step _step 22/62 https://www.spidasoftware.com/projectmanager/flow/edit/67902# (HTTP 200)
?[36m[info]?[0m [phantom] Step _step 22/62: done in 20406ms.
?[36m[info]?[0m [phantom] wait() finished waiting for 2000ms.
?[36m[info]?[0m [phantom] Step _step 23/63 https://www.spidasoftware.com/projectmanager/flow/edit/67902# (HTTP 200)
?[36m[info]?[0m [phantom] Step _step 23/63: done in 22427ms.
?[36m[info]?[0m [phantom] waitFor() finished in 40ms.
?[36m[info]?[0m [phantom] Step waitedForJavascript 24/64 https://www.spidasoftware.com/projectmanager/flow/edit/67902# (HTTP 200)
?[32;1m[debug]?[0m [phantom] Capturing page to /Users/zpeugh/code/min/scripts/flowdocument/pngs/45 Day TPA Construction Clock.png
?[36m[info]?[0m [phantom] Capture saved to /Users/zpeugh/code/min/scripts/flowdocument/pngs/45 Day TPA Construction Clock.png
Captured action: 45 Day TPA Construction Clockvalue: 67931
?[36m[info]?[0m [phantom] Step waitedForJavascript 24/64: done in 23020ms.
?[36m[info]?[0m [phantom] Step changeOnClickValue 25/64 https://www.spidasoftware.com/projectmanager/flow/edit/67902# (HTTP 200)
?[36m[info]?[0m [phantom] Step changeOnClickValue 25/64: done in 23100ms.
?[36m[info]?[0m [phantom] Step _step 26/64 https://www.spidasoftware.com/projectmanager/flow/edit/67902# (HTTP 200)
?[36m[info]?[0m [phantom] Step _step 26/64: done in 23127ms.
?[36m[info]?[0m [phantom] wait() finished waiting for 2000ms.
?[36m[info]?[0m [phantom] Step _step 27/65 https://www.spidasoftware.com/projectmanager/flow/edit/67902# (HTTP 200)
?[36m[info]?[0m [phantom] Step _step 27/65: done in 25148ms.
?[36m[info]?[0m [phantom] waitFor() finished in 42ms.
?[36m[info]?[0m [phantom] Step waitedForJavascript 28/66 https://www.spidasoftware.com/projectmanager/flow/edit/67902# (HTTP 200)
?[32;1m[debug]?[0m [phantom] Capturing page to /Users/zpeugh/code/min/scripts/flowdocument/pngs/Assign Tech.png
?[36m[info]?[0m [phantom] Capture saved to /Users/zpeugh/code/min/scripts/flowdocument/pngs/Assign Tech.png
Captured action: Assign Techvalue: 67933
?[36m[info]?[0m [phantom] Step waitedForJavascript 28/66: done in 25530ms.
?[36m[info]?[0m [phantom] Step changeOnClickValue 29/66 https://www.spidasoftware.com/projectmanager/flow/edit/67902# (HTTP 200)
?[36m[info]?[0m [phantom] Step changeOnClickValue 29/66: done in 25532ms.
?[36m[info]?[0m [phantom] Step _step 30/66 https://www.spidasoftware.com/projectmanager/flow/edit/67902# (HTTP 200)
?[36m[info]?[0m [phantom] Step _step 30/66: done in 25607ms.
?[36m[info]?[0m [phantom] wait() finished waiting for 2000ms.
?[36m[info]?[0m [phantom] Step _step 31/67 https://www.spidasoftware.com/projectmanager/flow/edit/67902# (HTTP 200)
?[36m[info]?[0m [phantom] Step _step 31/67: done in 27627ms.
?[36m[info]?[0m [phantom] waitFor() finished in 41ms.
?[36m[info]?[0m [phantom] Step waitedForJavascript 32/68 https://www.spidasoftware.com/projectmanager/flow/edit/67902# (HTTP 200)
?[32;1m[debug]?[0m [phantom] Capturing page to /Users/zpeugh/code/min/scripts/flowdocument/pngs/Assign Engineering.png
?[36m[info]?[0m [phantom] Capture saved to /Users/zpeugh/code/min/scripts/flowdocument/pngs/Assign Engineering.png
Captured action: Assign Engineeringvalue: 67959
?[36m[info]?[0m [phantom] Step waitedForJavascript 32/68: done in 28011ms.
?[36m[info]?[0m [phantom] Step changeOnClickValue 33/68 https://www.spidasoftware.com/projectmanager/flow/edit/67902# (HTTP 200)
?[36m[info]?[0m [phantom] Step changeOnClickValue 33/68: done in 28014ms.
?[36m[info]?[0m [phantom] Step _step 34/68 https://www.spidasoftware.com/projectmanager/flow/edit/67902# (HTTP 200)
?[36m[info]?[0m [phantom] Step _step 34/68: done in 28094ms.
?[36m[info]?[0m [phantom] wait() finished waiting for 2000ms.
?[36m[info]?[0m [phantom] Step _step 35/69 https://www.spidasoftware.com/projectmanager/flow/edit/67902# (HTTP 200)
?[36m[info]?[0m [phantom] Step _step 35/69: done in 30102ms.
?[36m[info]?[0m [phantom] waitFor() finished in 40ms.
?[36m[info]?[0m [phantom] Step waitedForJavascript 36/70 https://www.spidasoftware.com/projectmanager/flow/edit/67902# (HTTP 200)
?[32;1m[debug]?[0m [phantom] Capturing page to /Users/zpeugh/code/min/scripts/flowdocument/pngs/Estimate Process 14 Day Clock.png
?[36m[info]?[0m [phantom] Capture saved to /Users/zpeugh/code/min/scripts/flowdocument/pngs/Estimate Process 14 Day Clock.png
Captured action: Estimate Process 14 Day Clockvalue: 68106
?[36m[info]?[0m [phantom] Step waitedForJavascript 36/70: done in 30492ms.
?[36m[info]?[0m [phantom] Step changeOnClickValue 37/70 https://www.spidasoftware.com/projectmanager/flow/edit/67902# (HTTP 200)
?[36m[info]?[0m [phantom] Step changeOnClickValue 37/70: done in 30494ms.
?[36m[info]?[0m [phantom] Step _step 38/70 https://www.spidasoftware.com/projectmanager/flow/edit/67902# (HTTP 200)
?[36m[info]?[0m [phantom] Step _step 38/70: done in 30569ms.
?[36m[info]?[0m [phantom] wait() finished waiting for 2000ms.
?[36m[info]?[0m [phantom] Step _step 39/71 https://www.spidasoftware.com/projectmanager/flow/edit/67902# (HTTP 200)
?[36m[info]?[0m [phantom] Step _step 39/71: done in 32573ms.
?[36m[info]?[0m [phantom] waitFor() finished in 40ms.
?[36m[info]?[0m [phantom] Step waitedForJavascript 40/72 https://www.spidasoftware.com/projectmanager/flow/edit/67902# (HTTP 200)
?[32;1m[debug]?[0m [phantom] Capturing page to /Users/zpeugh/code/min/scripts/flowdocument/pngs/Remove Time Markers.png
?[36m[info]?[0m [phantom] Capture saved to /Users/zpeugh/code/min/scripts/flowdocument/pngs/Remove Time Markers.png
Captured action: Remove Time Markersvalue: 68107
?[36m[info]?[0m [phantom] Step waitedForJavascript 40/72: done in 33030ms.
?[36m[info]?[0m [phantom] Step changeOnClickValue 41/72 https://www.spidasoftware.com/projectmanager/flow/edit/67902# (HTTP 200)
?[36m[info]?[0m [phantom] Step changeOnClickValue 41/72: done in 33034ms.
?[36m[info]?[0m [phantom] Step _step 42/72 https://www.spidasoftware.com/projectmanager/flow/edit/67902# (HTTP 200)
?[36m[info]?[0m [phantom] Step _step 42/72: done in 33111ms.
?[36m[info]?[0m [phantom] wait() finished waiting for 2000ms.
?[36m[info]?[0m [phantom] Step _step 43/73 https://www.spidasoftware.com/projectmanager/flow/edit/67902# (HTTP 200)
?[36m[info]?[0m [phantom] Step _step 43/73: done in 35133ms.
?[36m[info]?[0m [phantom] waitFor() finished in 43ms.
?[36m[info]?[0m [phantom] Step waitedForJavascript 44/74 https://www.spidasoftware.com/projectmanager/flow/edit/67902# (HTTP 200)
?[32;1m[debug]?[0m [phantom] Capturing page to /Users/zpeugh/code/min/scripts/flowdocument/pngs/Assign Billing.png
?[36m[info]?[0m [phantom] Capture saved to /Users/zpeugh/code/min/scripts/flowdocument/pngs/Assign Billing.png
Captured action: Assign Billingvalue: 67928
?[36m[info]?[0m [phantom] Step waitedForJavascript 44/74: done in 35513ms.
?[36m[info]?[0m [phantom] Step changeOnClickValue 45/74 https://www.spidasoftware.com/projectmanager/flow/edit/67902# (HTTP 200)
?[36m[info]?[0m [phantom] Step changeOnClickValue 45/74: done in 35515ms.
?[36m[info]?[0m [phantom] Step _step 46/74 https://www.spidasoftware.com/projectmanager/flow/edit/67902# (HTTP 200)
?[36m[info]?[0m [phantom] Step _step 46/74: done in 35590ms.
?[36m[info]?[0m [phantom] wait() finished waiting for 2000ms.
?[36m[info]?[0m [phantom] Step _step 47/75 https://www.spidasoftware.com/projectmanager/flow/edit/67902# (HTTP 200)
?[36m[info]?[0m [phantom] Step _step 47/75: done in 37607ms.
?[36m[info]?[0m [phantom] waitFor() finished in 40ms.
?[36m[info]?[0m [phantom] Step waitedForJavascript 48/76 https://www.spidasoftware.com/projectmanager/flow/edit/67902# (HTTP 200)
?[32;1m[debug]?[0m [phantom] Capturing page to /Users/zpeugh/code/min/scripts/flowdocument/pngs/Engineering Review 45 Day Clock.png
?[36m[info]?[0m [phantom] Capture saved to /Users/zpeugh/code/min/scripts/flowdocument/pngs/Engineering Review 45 Day Clock.png
Captured action: Engineering Review 45 Day Clockvalue: 68536
?[36m[info]?[0m [phantom] Step waitedForJavascript 48/76: done in 37988ms.
?[36m[info]?[0m [phantom] Step changeOnClickValue 49/76 https://www.spidasoftware.com/projectmanager/flow/edit/67902# (HTTP 200)
?[36m[info]?[0m [phantom] Step changeOnClickValue 49/76: done in 37990ms.
?[36m[info]?[0m [phantom] Step _step 50/76 https://www.spidasoftware.com/projectmanager/flow/edit/67902# (HTTP 200)
?[36m[info]?[0m [phantom] Step _step 50/76: done in 38078ms.
?[36m[info]?[0m [phantom] wait() finished waiting for 2000ms.
?[36m[info]?[0m [phantom] Step _step 51/77 https://www.spidasoftware.com/projectmanager/flow/edit/67902# (HTTP 200)
?[36m[info]?[0m [phantom] Step _step 51/77: done in 40099ms.
?[36m[info]?[0m [phantom] waitFor() finished in 43ms.
?[36m[info]?[0m [phantom] Step waitedForJavascript 52/78 https://www.spidasoftware.com/projectmanager/flow/edit/67902# (HTTP 200)
?[32;1m[debug]?[0m [phantom] Capturing page to /Users/zpeugh/code/min/scripts/flowdocument/pngs/Generate Calc File.png
?[36m[info]?[0m [phantom] Capture saved to /Users/zpeugh/code/min/scripts/flowdocument/pngs/Generate Calc File.png
Captured action: Generate Calc Filevalue: 68618
?[36m[info]?[0m [phantom] Step waitedForJavascript 52/78: done in 40488ms.
?[36m[info]?[0m [phantom] Step changeOnClickValue 53/78 https://www.spidasoftware.com/projectmanager/flow/edit/67902# (HTTP 200)
?[36m[info]?[0m [phantom] Step changeOnClickValue 53/78: done in 40490ms.
?[36m[info]?[0m [phantom] Step _step 54/78 https://www.spidasoftware.com/projectmanager/flow/edit/67902# (HTTP 200)
?[36m[info]?[0m [phantom] Step _step 54/78: done in 40566ms.
?[36m[info]?[0m [phantom] wait() finished waiting for 2000ms.
?[36m[info]?[0m [phantom] Step _step 55/79 https://www.spidasoftware.com/projectmanager/flow/edit/67902# (HTTP 200)
?[36m[info]?[0m [phantom] Step _step 55/79: done in 42576ms.
?[36m[info]?[0m [phantom] waitFor() finished in 42ms.
?[36m[info]?[0m [phantom] Step waitedForJavascript 56/80 https://www.spidasoftware.com/projectmanager/flow/edit/67902# (HTTP 200)
?[32;1m[debug]?[0m [phantom] Capturing page to /Users/zpeugh/code/min/scripts/flowdocument/pngs/Pole Form.png
?[36m[info]?[0m [phantom] Capture saved to /Users/zpeugh/code/min/scripts/flowdocument/pngs/Pole Form.png
Captured action: Pole Formvalue: 69550
?[36m[info]?[0m [phantom] Step waitedForJavascript 56/80: done in 42956ms.
?[36m[info]?[0m [phantom] Step changeOnClickValue 57/80 https://www.spidasoftware.com/projectmanager/flow/edit/67902# (HTTP 200)
?[36m[info]?[0m [phantom] Step changeOnClickValue 57/80: done in 42958ms.
?[36m[info]?[0m [phantom] Step _step 58/80 https://www.spidasoftware.com/projectmanager/flow/edit/67902# (HTTP 200)
?[36m[info]?[0m [phantom] Step _step 58/80: done in 43032ms.
?[36m[info]?[0m [phantom] wait() finished waiting for 2000ms.
?[36m[info]?[0m [phantom] Step _step 59/81 https://www.spidasoftware.com/projectmanager/flow/edit/67902# (HTTP 200)
?[36m[info]?[0m [phantom] Step _step 59/81: done in 45036ms.
?[36m[info]?[0m [phantom] waitFor() finished in 42ms.
?[36m[info]?[0m [phantom] Step waitedForJavascript 60/82 https://www.spidasoftware.com/projectmanager/flow/edit/67902# (HTTP 200)
?[32;1m[debug]?[0m [phantom] Capturing page to /Users/zpeugh/code/min/scripts/flowdocument/pngs/Assign TPA.png
?[36m[info]?[0m [phantom] Capture saved to /Users/zpeugh/code/min/scripts/flowdocument/pngs/Assign TPA.png
Captured action: Assign TPAvalue: 69553
?[36m[info]?[0m [phantom] Step waitedForJavascript 60/82: done in 45419ms.
?[36m[info]?[0m [phantom] Step changeOnClickValue 61/82 https://www.spidasoftware.com/projectmanager/flow/edit/67902# (HTTP 200)
?[36m[info]?[0m [phantom] Step changeOnClickValue 61/82: done in 45422ms.
?[36m[info]?[0m [phantom] Step _step 62/82 https://www.spidasoftware.com/projectmanager/flow/edit/67902# (HTTP 200)
?[36m[info]?[0m [phantom] Step _step 62/82: done in 45497ms.
?[36m[info]?[0m [phantom] wait() finished waiting for 2000ms.
?[36m[info]?[0m [phantom] Step _step 63/83 https://www.spidasoftware.com/projectmanager/flow/edit/67902# (HTTP 200)
?[36m[info]?[0m [phantom] Step _step 63/83: done in 47517ms.
?[36m[info]?[0m [phantom] waitFor() finished in 43ms.
?[36m[info]?[0m [phantom] Step waitedForJavascript 64/84 https://www.spidasoftware.com/projectmanager/flow/edit/67902# (HTTP 200)
?[32;1m[debug]?[0m [phantom] Capturing page to /Users/zpeugh/code/min/scripts/flowdocument/pngs/Lock Project.png
?[36m[info]?[0m [phantom] Capture saved to /Users/zpeugh/code/min/scripts/flowdocument/pngs/Lock Project.png
Captured action: Lock Projectvalue: 69561
?[36m[info]?[0m [phantom] Step waitedForJavascript 64/84: done in 47897ms.
?[36m[info]?[0m [phantom] Step changeOnClickValue 65/84 https://www.spidasoftware.com/projectmanager/flow/edit/67902# (HTTP 200)
?[36m[info]?[0m [phantom] Step changeOnClickValue 65/84: done in 47899ms.
?[36m[info]?[0m [phantom] Step _step 66/84 https://www.spidasoftware.com/projectmanager/flow/edit/67902# (HTTP 200)
?[36m[info]?[0m [phantom] Step _step 66/84: done in 47971ms.
?[36m[info]?[0m [phantom] wait() finished waiting for 2000ms.
?[36m[info]?[0m [phantom] Step _step 67/85 https://www.spidasoftware.com/projectmanager/flow/edit/67902# (HTTP 200)
?[36m[info]?[0m [phantom] Step _step 67/85: done in 49981ms.
?[36m[info]?[0m [phantom] waitFor() finished in 40ms.
?[36m[info]?[0m [phantom] Step waitedForJavascript 68/86 https://www.spidasoftware.com/projectmanager/flow/edit/67902# (HTTP 200)
?[32;1m[debug]?[0m [phantom] Capturing page to /Users/zpeugh/code/min/scripts/flowdocument/pngs/Assign Construction.png
?[36m[info]?[0m [phantom] Capture saved to /Users/zpeugh/code/min/scripts/flowdocument/pngs/Assign Construction.png
Captured action: Assign Constructionvalue: 69570
?[36m[info]?[0m [phantom] Step waitedForJavascript 68/86: done in 50372ms.
?[36m[info]?[0m [phantom] Step changeOnClickValue 69/86 https://www.spidasoftware.com/projectmanager/flow/edit/67902# (HTTP 200)
?[36m[info]?[0m [phantom] Step changeOnClickValue 69/86: done in 50374ms.
?[36m[info]?[0m [phantom] Step _step 70/86 https://www.spidasoftware.com/projectmanager/flow/edit/67902# (HTTP 200)
?[36m[info]?[0m [phantom] Step _step 70/86: done in 50449ms.
?[36m[info]?[0m [phantom] wait() finished waiting for 2000ms.
?[36m[info]?[0m [phantom] Step _step 71/87 https://www.spidasoftware.com/projectmanager/flow/edit/67902# (HTTP 200)
?[36m[info]?[0m [phantom] Step _step 71/87: done in 52463ms.
?[36m[info]?[0m [phantom] waitFor() finished in 40ms.
?[36m[info]?[0m [phantom] Step waitedForJavascript 72/88 https://www.spidasoftware.com/projectmanager/flow/edit/67902# (HTTP 200)
?[32;1m[debug]?[0m [phantom] Capturing page to /Users/zpeugh/code/min/scripts/flowdocument/pngs/Pole Details Require Corrections Email.png
?[36m[info]?[0m [phantom] Capture saved to /Users/zpeugh/code/min/scripts/flowdocument/pngs/Pole Details Require Corrections Email.png
Captured action: Pole Details Require Corrections Emailvalue: 70573
?[36m[info]?[0m [phantom] Step waitedForJavascript 72/88: done in 52844ms.
?[36m[info]?[0m [phantom] Step changeOnClickValue 73/88 https://www.spidasoftware.com/projectmanager/flow/edit/67902# (HTTP 200)
?[36m[info]?[0m [phantom] Step changeOnClickValue 73/88: done in 52846ms.
?[36m[info]?[0m [phantom] Step _step 74/88 https://www.spidasoftware.com/projectmanager/flow/edit/67902# (HTTP 200)
?[36m[info]?[0m [phantom] Step _step 74/88: done in 52918ms.
?[36m[info]?[0m [phantom] wait() finished waiting for 2000ms.
?[36m[info]?[0m [phantom] Step _step 75/89 https://www.spidasoftware.com/projectmanager/flow/edit/67902# (HTTP 200)
?[36m[info]?[0m [phantom] Step _step 75/89: done in 54921ms.
?[36m[info]?[0m [phantom] waitFor() finished in 43ms.
?[36m[info]?[0m [phantom] Step waitedForJavascript 76/90 https://www.spidasoftware.com/projectmanager/flow/edit/67902# (HTTP 200)
?[32;1m[debug]?[0m [phantom] Capturing page to /Users/zpeugh/code/min/scripts/flowdocument/pngs/Assign Joint Use Clerk.png
?[36m[info]?[0m [phantom] Capture saved to /Users/zpeugh/code/min/scripts/flowdocument/pngs/Assign Joint Use Clerk.png
Captured action: Assign Joint Use Clerkvalue: 69551
?[36m[info]?[0m [phantom] Step waitedForJavascript 76/90: done in 55358ms.
?[36m[info]?[0m [phantom] Step changeOnClickValue 77/90 https://www.spidasoftware.com/projectmanager/flow/edit/67902# (HTTP 200)
?[36m[info]?[0m [phantom] Step changeOnClickValue 77/90: done in 55360ms.
?[36m[info]?[0m [phantom] Step _step 78/90 https://www.spidasoftware.com/projectmanager/flow/edit/67902# (HTTP 200)
?[36m[info]?[0m [phantom] Step _step 78/90: done in 55434ms.
?[36m[info]?[0m [phantom] wait() finished waiting for 2000ms.
?[36m[info]?[0m [phantom] Step _step 79/91 https://www.spidasoftware.com/projectmanager/flow/edit/67902# (HTTP 200)
?[36m[info]?[0m [phantom] Step _step 79/91: done in 57436ms.
?[36m[info]?[0m [phantom] waitFor() finished in 40ms.
?[36m[info]?[0m [phantom] Step waitedForJavascript 80/92 https://www.spidasoftware.com/projectmanager/flow/edit/67902# (HTTP 200)
?[32;1m[debug]?[0m [phantom] Capturing page to /Users/zpeugh/code/min/scripts/flowdocument/pngs/Email: Review Complete.png
?[36m[info]?[0m [phantom] Capture saved to /Users/zpeugh/code/min/scripts/flowdocument/pngs/Email: Review Complete.png
Captured action: Email: Review Completevalue: 70574
?[36m[info]?[0m [phantom] Step waitedForJavascript 80/92: done in 57814ms.
?[36m[info]?[0m [phantom] Step changeOnClickValue 81/92 https://www.spidasoftware.com/projectmanager/flow/edit/67902# (HTTP 200)
?[36m[info]?[0m [phantom] Step changeOnClickValue 81/92: done in 57816ms.
?[36m[info]?[0m [phantom] Step _step 82/92 https://www.spidasoftware.com/projectmanager/flow/edit/67902# (HTTP 200)
?[36m[info]?[0m [phantom] Step _step 82/92: done in 57895ms.
?[36m[info]?[0m [phantom] wait() finished waiting for 2000ms.
?[36m[info]?[0m [phantom] Step _step 83/93 https://www.spidasoftware.com/projectmanager/flow/edit/67902# (HTTP 200)
?[36m[info]?[0m [phantom] Step _step 83/93: done in 59901ms.
?[36m[info]?[0m [phantom] waitFor() finished in 42ms.
?[36m[info]?[0m [phantom] Step waitedForJavascript 84/94 https://www.spidasoftware.com/projectmanager/flow/edit/67902# (HTTP 200)
?[32;1m[debug]?[0m [phantom] Capturing page to /Users/zpeugh/code/min/scripts/flowdocument/pngs/Email: Major Make Ready Required.png
?[36m[info]?[0m [phantom] Capture saved to /Users/zpeugh/code/min/scripts/flowdocument/pngs/Email: Major Make Ready Required.png
Captured action: Email: Major Make Ready Requiredvalue: 70575
?[36m[info]?[0m [phantom] Step waitedForJavascript 84/94: done in 60287ms.
?[36m[info]?[0m [phantom] Step changeOnClickValue 85/94 https://www.spidasoftware.com/projectmanager/flow/edit/67902# (HTTP 200)
?[36m[info]?[0m [phantom] Step changeOnClickValue 85/94: done in 60290ms.
?[36m[info]?[0m [phantom] Step _step 86/94 https://www.spidasoftware.com/projectmanager/flow/edit/67902# (HTTP 200)
?[36m[info]?[0m [phantom] Step _step 86/94: done in 60368ms.
?[36m[info]?[0m [phantom] wait() finished waiting for 2000ms.
?[36m[info]?[0m [phantom] Step _step 87/95 https://www.spidasoftware.com/projectmanager/flow/edit/67902# (HTTP 200)
?[36m[info]?[0m [phantom] Step _step 87/95: done in 62387ms.
?[36m[info]?[0m [phantom] waitFor() finished in 41ms.
?[36m[info]?[0m [phantom] Step waitedForJavascript 88/96 https://www.spidasoftware.com/projectmanager/flow/edit/67902# (HTTP 200)
?[32;1m[debug]?[0m [phantom] Capturing page to /Users/zpeugh/code/min/scripts/flowdocument/pngs/Email: Minor Make Ready Required.png
?[36m[info]?[0m [phantom] Capture saved to /Users/zpeugh/code/min/scripts/flowdocument/pngs/Email: Minor Make Ready Required.png
Captured action: Email: Minor Make Ready Requiredvalue: 70576
?[36m[info]?[0m [phantom] Step waitedForJavascript 88/96: done in 62766ms.
?[36m[info]?[0m [phantom] Step changeOnClickValue 89/96 https://www.spidasoftware.com/projectmanager/flow/edit/67902# (HTTP 200)
?[36m[info]?[0m [phantom] Step changeOnClickValue 89/96: done in 62768ms.
?[36m[info]?[0m [phantom] Step _step 90/96 https://www.spidasoftware.com/projectmanager/flow/edit/67902# (HTTP 200)
?[36m[info]?[0m [phantom] Step _step 90/96: done in 62841ms.
?[36m[info]?[0m [phantom] wait() finished waiting for 2000ms.
?[36m[info]?[0m [phantom] Step _step 91/97 https://www.spidasoftware.com/projectmanager/flow/edit/67902# (HTTP 200)
?[36m[info]?[0m [phantom] Step _step 91/97: done in 64854ms.
?[36m[info]?[0m [phantom] waitFor() finished in 42ms.
?[36m[info]?[0m [phantom] Step waitedForJavascript 92/98 https://www.spidasoftware.com/projectmanager/flow/edit/67902# (HTTP 200)
?[32;1m[debug]?[0m [phantom] Capturing page to /Users/zpeugh/code/min/scripts/flowdocument/pngs/Email: No Make Ready Work Required.png
?[36m[info]?[0m [phantom] Capture saved to /Users/zpeugh/code/min/scripts/flowdocument/pngs/Email: No Make Ready Work Required.png
Captured action: Email: No Make Ready Work Requiredvalue: 70577
?[36m[info]?[0m [phantom] Step waitedForJavascript 92/98: done in 65239ms.
?[36m[info]?[0m [phantom] Step changeOnClickValue 93/98 https://www.spidasoftware.com/projectmanager/flow/edit/67902# (HTTP 200)
?[36m[info]?[0m [phantom] Step changeOnClickValue 93/98: done in 65242ms.
?[36m[info]?[0m [phantom] Step _step 94/98 https://www.spidasoftware.com/projectmanager/flow/edit/67902# (HTTP 200)
?[36m[info]?[0m [phantom] Step _step 94/98: done in 65315ms.
?[36m[info]?[0m [phantom] wait() finished waiting for 2000ms.
?[36m[info]?[0m [phantom] Step _step 95/99 https://www.spidasoftware.com/projectmanager/flow/edit/67902# (HTTP 200)
?[36m[info]?[0m [phantom] Step _step 95/99: done in 67318ms.
?[36m[info]?[0m [phantom] waitFor() finished in 42ms.
?[36m[info]?[0m [phantom] Step waitedForJavascript 96/100 https://www.spidasoftware.com/projectmanager/flow/edit/67902# (HTTP 200)
?[32;1m[debug]?[0m [phantom] Capturing page to /Users/zpeugh/code/min/scripts/flowdocument/pngs/Email: TPA Construction.png
?[36m[info]?[0m [phantom] Capture saved to /Users/zpeugh/code/min/scripts/flowdocument/pngs/Email: TPA Construction.png
Captured action: Email: TPA Constructionvalue: 70578
?[36m[info]?[0m [phantom] Step waitedForJavascript 96/100: done in 67700ms.
?[36m[info]?[0m [phantom] Step changeOnClickValue 97/100 https://www.spidasoftware.com/projectmanager/flow/edit/67902# (HTTP 200)
?[36m[info]?[0m [phantom] Step changeOnClickValue 97/100: done in 67702ms.
?[36m[info]?[0m [phantom] Step _step 98/100 https://www.spidasoftware.com/projectmanager/flow/edit/67902# (HTTP 200)
?[36m[info]?[0m [phantom] Step _step 98/100: done in 67777ms.
?[36m[info]?[0m [phantom] wait() finished waiting for 2000ms.
?[36m[info]?[0m [phantom] Step _step 99/101 https://www.spidasoftware.com/projectmanager/flow/edit/67902# (HTTP 200)
?[36m[info]?[0m [phantom] Step _step 99/101: done in 69798ms.
?[36m[info]?[0m [phantom] waitFor() finished in 43ms.
?[36m[info]?[0m [phantom] Step waitedForJavascript 100/102 https://www.spidasoftware.com/projectmanager/flow/edit/67902# (HTTP 200)
?[32;1m[debug]?[0m [phantom] Capturing page to /Users/zpeugh/code/min/scripts/flowdocument/pngs/Email: Construction Corrections Required.png
?[36m[info]?[0m [phantom] Capture saved to /Users/zpeugh/code/min/scripts/flowdocument/pngs/Email: Construction Corrections Required.png
Captured action: Email: Construction Corrections Requiredvalue: 70579
?[36m[info]?[0m [phantom] Step waitedForJavascript 100/102: done in 70189ms.
?[36m[info]?[0m [phantom] Step changeOnClickValue 101/102 https://www.spidasoftware.com/projectmanager/flow/edit/67902# (HTTP 200)
?[36m[info]?[0m [phantom] Step changeOnClickValue 101/102: done in 70191ms.
?[36m[info]?[0m [phantom] Step _step 102/102 https://www.spidasoftware.com/projectmanager/flow/edit/67902# (HTTP 200)
?[36m[info]?[0m [phantom] Step _step 102/102: done in 70266ms.
?[36m[info]?[0m [phantom] wait() finished waiting for 2000ms.
?[36m[info]?[0m [phantom] Step _step 103/103 https://www.spidasoftware.com/projectmanager/flow/edit/67902# (HTTP 200)
?[36m[info]?[0m [phantom] Step _step 103/103: done in 72269ms.
?[36m[info]?[0m [phantom] waitFor() finished in 41ms.
?[36m[info]?[0m [phantom] Step waitedForJavascript 104/104 https://www.spidasoftware.com/projectmanager/flow/edit/67902# (HTTP 200)
?[32;1m[debug]?[0m [phantom] Capturing page to /Users/zpeugh/code/min/scripts/flowdocument/pngs/Pull Photos From Calc.png
?[36m[info]?[0m [phantom] Capture saved to /Users/zpeugh/code/min/scripts/flowdocument/pngs/Pull Photos From Calc.png
Captured action: Pull Photos From Calcvalue: 72680
?[36m[info]?[0m [phantom] Step waitedForJavascript 104/104: done in 72658ms.
?[36m[info]?[0m [phantom] Done 104 steps in 72659ms
args: Assign~Construction Pull~Photos~From~Calc Remove~Time~Markers Generate~Calc~File Estimate~Process~14~Day~Clock Pole~Details~Require~Corrections~Email Email:~Major~Make~Ready~Required Assign~Joint~Use~Clerk Email:~Review~Complete Pole~Form Assign~TPA Email:~No~Make~Ready~Work~Required Email:~Minor~Make~Ready~Required Email:~Construction~Corrections~Required Email:~TPA~Construction Assign~Engineering Lock~Project Assign~Billing Engineering~Review~45~Day~Clock 45~Day~TPA~Construction~Clock Assign~Tech
Actions to capture: 
0: Assign Construction
1: Pull Photos From Calc
2: Remove Time Markers
3: Generate Calc File
4: Estimate Process 14 Day Clock
5: Pole Details Require Corrections Email
6: Email: Major Make Ready Required
7: Assign Joint Use Clerk
8: Email: Review Complete
9: Pole Form
10: Assign TPA
11: Email: No Make Ready Work Required
12: Email: Minor Make Ready Required
13: Email: Construction Corrections Required
14: Email: TPA Construction
15: Assign Engineering
16: Lock Project
17: Assign Billing
18: Engineering Review 45 Day Clock
19: 45 Day TPA Construction Clock
20: Assign Tech
?[36m[info]?[0m [phantom] Starting...
?[36m[info]?[0m [phantom] Execution timeout set to 8000ms
?[36m[info]?[0m [phantom] Running suite: 84 steps
?[32;1m[debug]?[0m [phantom] opening url: file:///Users/zpeugh/code/min/scripts/flowdocument/Resources/actionHtmls/Assign Construction.html, HTTP GET
?[32;1m[debug]?[0m [phantom] Navigation requested: url=file:///Users/zpeugh/code/min/scripts/flowdocument/Resources/actionHtmls/Assign Construction.html, type=Other, willNavigate=true, isMainFrame=true
?[32;1m[debug]?[0m [phantom] url changed to "file:///Users/zpeugh/code/min/scripts/flowdocument/Resources/actionHtmls/Assign Construction.html"
?[32;1m[debug]?[0m [phantom] Successfully injected Casper client-side utilities
?[36m[info]?[0m [phantom] Step anonymous 2/84: done in 241ms.
?[36m[info]?[0m [phantom] Step _step 3/85: done in 266ms.
?[36m[info]?[0m [phantom] waitFor() finished in 46ms.
?[32;1m[debug]?[0m [phantom] Capturing page to /Users/zpeugh/code/min/scripts/flowdocument/Resources/actionHtmls/actionPNGs/Assign Construction.png with clipRect {"top":15,"height":467,"left":62,"width":501}
?[36m[info]?[0m [phantom] Capture saved to /Users/zpeugh/code/min/scripts/flowdocument/Resources/actionHtmls/actionPNGs/Assign Construction.png
?[36m[info]?[0m [phantom] Step anonymous 4/86: done in 420ms.
?[32;1m[debug]?[0m [phantom] opening url: file:///Users/zpeugh/code/min/scripts/flowdocument/Resources/actionHtmls/Pull Photos From Calc.html, HTTP GET
?[32;1m[debug]?[0m [phantom] Navigation requested: url=file:///Users/zpeugh/code/min/scripts/flowdocument/Resources/actionHtmls/Pull Photos From Calc.html, type=Other, willNavigate=true, isMainFrame=true
?[32;1m[debug]?[0m [phantom] url changed to "file:///Users/zpeugh/code/min/scripts/flowdocument/Resources/actionHtmls/Pull Photos From Calc.html"
?[32;1m[debug]?[0m [phantom] Successfully injected Casper client-side utilities
?[36m[info]?[0m [phantom] Step anonymous 6/86: done in 473ms.
?[36m[info]?[0m [phantom] Step _step 7/87: done in 493ms.
?[36m[info]?[0m [phantom] waitFor() finished in 43ms.
?[32;1m[debug]?[0m [phantom] Capturing page to /Users/zpeugh/code/min/scripts/flowdocument/Resources/actionHtmls/actionPNGs/Pull Photos From Calc.png with clipRect {"top":15,"height":171,"left":62,"width":501}
?[36m[info]?[0m [phantom] Capture saved to /Users/zpeugh/code/min/scripts/flowdocument/Resources/actionHtmls/actionPNGs/Pull Photos From Calc.png
?[36m[info]?[0m [phantom] Step anonymous 8/88: done in 626ms.
?[32;1m[debug]?[0m [phantom] opening url: file:///Users/zpeugh/code/min/scripts/flowdocument/Resources/actionHtmls/Remove Time Markers.html, HTTP GET
?[32;1m[debug]?[0m [phantom] Navigation requested: url=file:///Users/zpeugh/code/min/scripts/flowdocument/Resources/actionHtmls/Remove Time Markers.html, type=Other, willNavigate=true, isMainFrame=true
?[32;1m[debug]?[0m [phantom] url changed to "file:///Users/zpeugh/code/min/scripts/flowdocument/Resources/actionHtmls/Remove Time Markers.html"
?[32;1m[debug]?[0m [phantom] Successfully injected Casper client-side utilities
?[36m[info]?[0m [phantom] Step anonymous 10/88: done in 677ms.
?[36m[info]?[0m [phantom] Step _step 11/89: done in 699ms.
?[36m[info]?[0m [phantom] waitFor() finished in 46ms.
?[32;1m[debug]?[0m [phantom] Capturing page to /Users/zpeugh/code/min/scripts/flowdocument/Resources/actionHtmls/actionPNGs/Remove Time Markers.png with clipRect {"top":15,"height":171,"left":62,"width":501}
?[36m[info]?[0m [phantom] Capture saved to /Users/zpeugh/code/min/scripts/flowdocument/Resources/actionHtmls/actionPNGs/Remove Time Markers.png
?[36m[info]?[0m [phantom] Step anonymous 12/90: done in 822ms.
?[32;1m[debug]?[0m [phantom] opening url: file:///Users/zpeugh/code/min/scripts/flowdocument/Resources/actionHtmls/Generate Calc File.html, HTTP GET
?[32;1m[debug]?[0m [phantom] Navigation requested: url=file:///Users/zpeugh/code/min/scripts/flowdocument/Resources/actionHtmls/Generate Calc File.html, type=Other, willNavigate=true, isMainFrame=true
?[32;1m[debug]?[0m [phantom] url changed to "file:///Users/zpeugh/code/min/scripts/flowdocument/Resources/actionHtmls/Generate Calc File.html"
?[32;1m[debug]?[0m [phantom] Successfully injected Casper client-side utilities
?[36m[info]?[0m [phantom] Step anonymous 14/90: done in 877ms.
?[36m[info]?[0m [phantom] Step _step 15/91: done in 897ms.
?[36m[info]?[0m [phantom] waitFor() finished in 46ms.
?[32;1m[debug]?[0m [phantom] Capturing page to /Users/zpeugh/code/min/scripts/flowdocument/Resources/actionHtmls/actionPNGs/Generate Calc File.png with clipRect {"top":15,"height":245,"left":62,"width":501}
?[36m[info]?[0m [phantom] Capture saved to /Users/zpeugh/code/min/scripts/flowdocument/Resources/actionHtmls/actionPNGs/Generate Calc File.png
?[36m[info]?[0m [phantom] Step anonymous 16/92: done in 1025ms.
?[32;1m[debug]?[0m [phantom] opening url: file:///Users/zpeugh/code/min/scripts/flowdocument/Resources/actionHtmls/Estimate Process 14 Day Clock.html, HTTP GET
?[32;1m[debug]?[0m [phantom] Navigation requested: url=file:///Users/zpeugh/code/min/scripts/flowdocument/Resources/actionHtmls/Estimate Process 14 Day Clock.html, type=Other, willNavigate=true, isMainFrame=true
?[32;1m[debug]?[0m [phantom] url changed to "file:///Users/zpeugh/code/min/scripts/flowdocument/Resources/actionHtmls/Estimate Process 14 Day Clock.html"
?[32;1m[debug]?[0m [phantom] Successfully injected Casper client-side utilities
?[36m[info]?[0m [phantom] Step anonymous 18/92: done in 1082ms.
?[36m[info]?[0m [phantom] Step _step 19/93: done in 1106ms.
?[36m[info]?[0m [phantom] waitFor() finished in 42ms.
?[32;1m[debug]?[0m [phantom] Capturing page to /Users/zpeugh/code/min/scripts/flowdocument/Resources/actionHtmls/actionPNGs/Estimate Process 14 Day Clock.png with clipRect {"top":15,"height":393,"left":62,"width":501}
?[36m[info]?[0m [phantom] Capture saved to /Users/zpeugh/code/min/scripts/flowdocument/Resources/actionHtmls/actionPNGs/Estimate Process 14 Day Clock.png
?[36m[info]?[0m [phantom] Step anonymous 20/94: done in 1237ms.
?[32;1m[debug]?[0m [phantom] opening url: file:///Users/zpeugh/code/min/scripts/flowdocument/Resources/actionHtmls/Pole Details Require Corrections Email.html, HTTP GET
?[32;1m[debug]?[0m [phantom] Navigation requested: url=file:///Users/zpeugh/code/min/scripts/flowdocument/Resources/actionHtmls/Pole Details Require Corrections Email.html, type=Other, willNavigate=true, isMainFrame=true
?[32;1m[debug]?[0m [phantom] url changed to "file:///Users/zpeugh/code/min/scripts/flowdocument/Resources/actionHtmls/Pole Details Require Corrections Email.html"
?[32;1m[debug]?[0m [phantom] Successfully injected Casper client-side utilities
?[36m[info]?[0m [phantom] Step anonymous 22/94: done in 1292ms.
?[36m[info]?[0m [phantom] Step _step 23/95: done in 1315ms.
?[36m[info]?[0m [phantom] waitFor() finished in 46ms.
?[32;1m[debug]?[0m [phantom] Capturing page to /Users/zpeugh/code/min/scripts/flowdocument/Resources/actionHtmls/actionPNGs/Pole Details Require Corrections Email.png with clipRect {"top":15,"height":406,"left":62,"width":501}
?[36m[info]?[0m [phantom] Capture saved to /Users/zpeugh/code/min/scripts/flowdocument/Resources/actionHtmls/actionPNGs/Pole Details Require Corrections Email.png
?[36m[info]?[0m [phantom] Step anonymous 24/96: done in 1455ms.
?[32;1m[debug]?[0m [phantom] opening url: file:///Users/zpeugh/code/min/scripts/flowdocument/Resources/actionHtmls/Email: Major Make Ready Required.html, HTTP GET
?[32;1m[debug]?[0m [phantom] Navigation requested: url=file:///Users/zpeugh/code/min/scripts/flowdocument/Resources/actionHtmls/Email: Major Make Ready Required.html, type=Other, willNavigate=true, isMainFrame=true
?[32;1m[debug]?[0m [phantom] url changed to "file:///Users/zpeugh/code/min/scripts/flowdocument/Resources/actionHtmls/Email: Major Make Ready Required.html"
?[32;1m[debug]?[0m [phantom] Successfully injected Casper client-side utilities
?[36m[info]?[0m [phantom] Step anonymous 26/96: done in 1508ms.
?[36m[info]?[0m [phantom] Step _step 27/97: done in 1528ms.
?[36m[info]?[0m [phantom] waitFor() finished in 42ms.
?[32;1m[debug]?[0m [phantom] Capturing page to /Users/zpeugh/code/min/scripts/flowdocument/Resources/actionHtmls/actionPNGs/Email: Major Make Ready Required.png with clipRect {"top":15,"height":406,"left":62,"width":501}
?[36m[info]?[0m [phantom] Capture saved to /Users/zpeugh/code/min/scripts/flowdocument/Resources/actionHtmls/actionPNGs/Email: Major Make Ready Required.png
?[36m[info]?[0m [phantom] Step anonymous 28/98: done in 1679ms.
?[32;1m[debug]?[0m [phantom] opening url: file:///Users/zpeugh/code/min/scripts/flowdocument/Resources/actionHtmls/Assign Joint Use Clerk.html, HTTP GET
?[32;1m[debug]?[0m [phantom] Navigation requested: url=file:///Users/zpeugh/code/min/scripts/flowdocument/Resources/actionHtmls/Assign Joint Use Clerk.html, type=Other, willNavigate=true, isMainFrame=true
?[32;1m[debug]?[0m [phantom] url changed to "file:///Users/zpeugh/code/min/scripts/flowdocument/Resources/actionHtmls/Assign Joint Use Clerk.html"
?[32;1m[debug]?[0m [phantom] Successfully injected Casper client-side utilities
?[36m[info]?[0m [phantom] Step anonymous 30/98: done in 1732ms.
?[36m[info]?[0m [phantom] Step _step 31/99: done in 1754ms.
?[36m[info]?[0m [phantom] waitFor() finished in 41ms.
?[32;1m[debug]?[0m [phantom] Capturing page to /Users/zpeugh/code/min/scripts/flowdocument/Resources/actionHtmls/actionPNGs/Assign Joint Use Clerk.png with clipRect {"top":15,"height":467,"left":62,"width":501}
?[36m[info]?[0m [phantom] Capture saved to /Users/zpeugh/code/min/scripts/flowdocument/Resources/actionHtmls/actionPNGs/Assign Joint Use Clerk.png
?[36m[info]?[0m [phantom] Step anonymous 32/100: done in 1892ms.
?[32;1m[debug]?[0m [phantom] opening url: file:///Users/zpeugh/code/min/scripts/flowdocument/Resources/actionHtmls/Email: Review Complete.html, HTTP GET
?[32;1m[debug]?[0m [phantom] Navigation requested: url=file:///Users/zpeugh/code/min/scripts/flowdocument/Resources/actionHtmls/Email: Review Complete.html, type=Other, willNavigate=true, isMainFrame=true
?[32;1m[debug]?[0m [phantom] url changed to "file:///Users/zpeugh/code/min/scripts/flowdocument/Resources/actionHtmls/Email: Review Complete.html"
?[32;1m[debug]?[0m [phantom] Successfully injected Casper client-side utilities
?[36m[info]?[0m [phantom] Step anonymous 34/100: done in 1944ms.
?[36m[info]?[0m [phantom] Step _step 35/101: done in 1965ms.
?[36m[info]?[0m [phantom] waitFor() finished in 46ms.
?[32;1m[debug]?[0m [phantom] Capturing page to /Users/zpeugh/code/min/scripts/flowdocument/Resources/actionHtmls/actionPNGs/Email: Review Complete.png with clipRect {"top":15,"height":406,"left":62,"width":501}
?[36m[info]?[0m [phantom] Capture saved to /Users/zpeugh/code/min/scripts/flowdocument/Resources/actionHtmls/actionPNGs/Email: Review Complete.png
?[36m[info]?[0m [phantom] Step anonymous 36/102: done in 2102ms.
?[32;1m[debug]?[0m [phantom] opening url: file:///Users/zpeugh/code/min/scripts/flowdocument/Resources/actionHtmls/Pole Form.html, HTTP GET
?[32;1m[debug]?[0m [phantom] Navigation requested: url=file:///Users/zpeugh/code/min/scripts/flowdocument/Resources/actionHtmls/Pole Form.html, type=Other, willNavigate=true, isMainFrame=true
?[32;1m[debug]?[0m [phantom] url changed to "file:///Users/zpeugh/code/min/scripts/flowdocument/Resources/actionHtmls/Pole Form.html"
?[32;1m[debug]?[0m [phantom] Successfully injected Casper client-side utilities
?[36m[info]?[0m [phantom] Step anonymous 38/102: done in 2157ms.
?[36m[info]?[0m [phantom] Step _step 39/103: done in 2179ms.
?[36m[info]?[0m [phantom] waitFor() finished in 46ms.
?[32;1m[debug]?[0m [phantom] Capturing page to /Users/zpeugh/code/min/scripts/flowdocument/Resources/actionHtmls/actionPNGs/Pole Form.png with clipRect {"top":15,"height":319,"left":62,"width":501}
?[36m[info]?[0m [phantom] Capture saved to /Users/zpeugh/code/min/scripts/flowdocument/Resources/actionHtmls/actionPNGs/Pole Form.png
?[36m[info]?[0m [phantom] Step anonymous 40/104: done in 2314ms.
?[32;1m[debug]?[0m [phantom] opening url: file:///Users/zpeugh/code/min/scripts/flowdocument/Resources/actionHtmls/Assign TPA.html, HTTP GET
?[32;1m[debug]?[0m [phantom] Navigation requested: url=file:///Users/zpeugh/code/min/scripts/flowdocument/Resources/actionHtmls/Assign TPA.html, type=Other, willNavigate=true, isMainFrame=true
?[32;1m[debug]?[0m [phantom] url changed to "file:///Users/zpeugh/code/min/scripts/flowdocument/Resources/actionHtmls/Assign TPA.html"
?[32;1m[debug]?[0m [phantom] Successfully injected Casper client-side utilities
?[36m[info]?[0m [phantom] Step anonymous 42/104: done in 2369ms.
?[36m[info]?[0m [phantom] Step _step 43/105: done in 2393ms.
?[36m[info]?[0m [phantom] waitFor() finished in 45ms.
?[32;1m[debug]?[0m [phantom] Capturing page to /Users/zpeugh/code/min/scripts/flowdocument/Resources/actionHtmls/actionPNGs/Assign TPA.png with clipRect {"top":15,"height":393,"left":62,"width":501}
?[36m[info]?[0m [phantom] Capture saved to /Users/zpeugh/code/min/scripts/flowdocument/Resources/actionHtmls/actionPNGs/Assign TPA.png
?[36m[info]?[0m [phantom] Step anonymous 44/106: done in 2524ms.
?[32;1m[debug]?[0m [phantom] opening url: file:///Users/zpeugh/code/min/scripts/flowdocument/Resources/actionHtmls/Email: No Make Ready Work Required.html, HTTP GET
?[32;1m[debug]?[0m [phantom] Navigation requested: url=file:///Users/zpeugh/code/min/scripts/flowdocument/Resources/actionHtmls/Email: No Make Ready Work Required.html, type=Other, willNavigate=true, isMainFrame=true
?[32;1m[debug]?[0m [phantom] url changed to "file:///Users/zpeugh/code/min/scripts/flowdocument/Resources/actionHtmls/Email: No Make Ready Work Required.html"
?[32;1m[debug]?[0m [phantom] Successfully injected Casper client-side utilities
?[36m[info]?[0m [phantom] Step anonymous 46/106: done in 2578ms.
?[36m[info]?[0m [phantom] Step _step 47/107: done in 2599ms.
?[36m[info]?[0m [phantom] waitFor() finished in 44ms.
?[32;1m[debug]?[0m [phantom] Capturing page to /Users/zpeugh/code/min/scripts/flowdocument/Resources/actionHtmls/actionPNGs/Email: No Make Ready Work Required.png with clipRect {"top":15,"height":406,"left":62,"width":501}
?[36m[info]?[0m [phantom] Capture saved to /Users/zpeugh/code/min/scripts/flowdocument/Resources/actionHtmls/actionPNGs/Email: No Make Ready Work Required.png
?[36m[info]?[0m [phantom] Step anonymous 48/108: done in 2737ms.
?[32;1m[debug]?[0m [phantom] opening url: file:///Users/zpeugh/code/min/scripts/flowdocument/Resources/actionHtmls/Email: Minor Make Ready Required.html, HTTP GET
?[32;1m[debug]?[0m [phantom] Navigation requested: url=file:///Users/zpeugh/code/min/scripts/flowdocument/Resources/actionHtmls/Email: Minor Make Ready Required.html, type=Other, willNavigate=true, isMainFrame=true
?[32;1m[debug]?[0m [phantom] url changed to "file:///Users/zpeugh/code/min/scripts/flowdocument/Resources/actionHtmls/Email: Minor Make Ready Required.html"
?[32;1m[debug]?[0m [phantom] Successfully injected Casper client-side utilities
?[36m[info]?[0m [phantom] Step anonymous 50/108: done in 2795ms.
?[36m[info]?[0m [phantom] Step _step 51/109: done in 2818ms.
?[36m[info]?[0m [phantom] waitFor() finished in 45ms.
?[32;1m[debug]?[0m [phantom] Capturing page to /Users/zpeugh/code/min/scripts/flowdocument/Resources/actionHtmls/actionPNGs/Email: Minor Make Ready Required.png with clipRect {"top":15,"height":406,"left":62,"width":501}
?[36m[info]?[0m [phantom] Capture saved to /Users/zpeugh/code/min/scripts/flowdocument/Resources/actionHtmls/actionPNGs/Email: Minor Make Ready Required.png
?[36m[info]?[0m [phantom] Step anonymous 52/110: done in 2952ms.
?[32;1m[debug]?[0m [phantom] opening url: file:///Users/zpeugh/code/min/scripts/flowdocument/Resources/actionHtmls/Email: Construction Corrections Required.html, HTTP GET
?[32;1m[debug]?[0m [phantom] Navigation requested: url=file:///Users/zpeugh/code/min/scripts/flowdocument/Resources/actionHtmls/Email: Construction Corrections Required.html, type=Other, willNavigate=true, isMainFrame=true
?[32;1m[debug]?[0m [phantom] url changed to "file:///Users/zpeugh/code/min/scripts/flowdocument/Resources/actionHtmls/Email: Construction Corrections Required.html"
?[32;1m[debug]?[0m [phantom] Successfully injected Casper client-side utilities
?[36m[info]?[0m [phantom] Step anonymous 54/110: done in 3005ms.
?[36m[info]?[0m [phantom] Step _step 55/111: done in 3026ms.
?[36m[info]?[0m [phantom] waitFor() finished in 47ms.
?[32;1m[debug]?[0m [phantom] Capturing page to /Users/zpeugh/code/min/scripts/flowdocument/Resources/actionHtmls/actionPNGs/Email: Construction Corrections Required.png with clipRect {"top":15,"height":406,"left":62,"width":501}
?[36m[info]?[0m [phantom] Capture saved to /Users/zpeugh/code/min/scripts/flowdocument/Resources/actionHtmls/actionPNGs/Email: Construction Corrections Required.png
?[36m[info]?[0m [phantom] Step anonymous 56/112: done in 3168ms.
?[32;1m[debug]?[0m [phantom] opening url: file:///Users/zpeugh/code/min/scripts/flowdocument/Resources/actionHtmls/Email: TPA Construction.html, HTTP GET
?[32;1m[debug]?[0m [phantom] Navigation requested: url=file:///Users/zpeugh/code/min/scripts/flowdocument/Resources/actionHtmls/Email: TPA Construction.html, type=Other, willNavigate=true, isMainFrame=true
?[32;1m[debug]?[0m [phantom] url changed to "file:///Users/zpeugh/code/min/scripts/flowdocument/Resources/actionHtmls/Email: TPA Construction.html"
?[32;1m[debug]?[0m [phantom] Successfully injected Casper client-side utilities
?[36m[info]?[0m [phantom] Step anonymous 58/112: done in 3220ms.
?[36m[info]?[0m [phantom] Step _step 59/113: done in 3242ms.
?[36m[info]?[0m [phantom] waitFor() finished in 44ms.
?[32;1m[debug]?[0m [phantom] Capturing page to /Users/zpeugh/code/min/scripts/flowdocument/Resources/actionHtmls/actionPNGs/Email: TPA Construction.png with clipRect {"top":15,"height":406,"left":62,"width":501}
?[36m[info]?[0m [phantom] Capture saved to /Users/zpeugh/code/min/scripts/flowdocument/Resources/actionHtmls/actionPNGs/Email: TPA Construction.png
?[36m[info]?[0m [phantom] Step anonymous 60/114: done in 3377ms.
?[32;1m[debug]?[0m [phantom] opening url: file:///Users/zpeugh/code/min/scripts/flowdocument/Resources/actionHtmls/Assign Engineering.html, HTTP GET
?[32;1m[debug]?[0m [phantom] Navigation requested: url=file:///Users/zpeugh/code/min/scripts/flowdocument/Resources/actionHtmls/Assign Engineering.html, type=Other, willNavigate=true, isMainFrame=true
?[32;1m[debug]?[0m [phantom] url changed to "file:///Users/zpeugh/code/min/scripts/flowdocument/Resources/actionHtmls/Assign Engineering.html"
?[32;1m[debug]?[0m [phantom] Successfully injected Casper client-side utilities
?[36m[info]?[0m [phantom] Step anonymous 62/114: done in 3432ms.
?[36m[info]?[0m [phantom] Step _step 63/115: done in 3452ms.
?[36m[info]?[0m [phantom] waitFor() finished in 42ms.
?[32;1m[debug]?[0m [phantom] Capturing page to /Users/zpeugh/code/min/scripts/flowdocument/Resources/actionHtmls/actionPNGs/Assign Engineering.png with clipRect {"top":15,"height":467,"left":62,"width":501}
?[36m[info]?[0m [phantom] Capture saved to /Users/zpeugh/code/min/scripts/flowdocument/Resources/actionHtmls/actionPNGs/Assign Engineering.png
?[36m[info]?[0m [phantom] Step anonymous 64/116: done in 3589ms.
?[32;1m[debug]?[0m [phantom] opening url: file:///Users/zpeugh/code/min/scripts/flowdocument/Resources/actionHtmls/Lock Project.html, HTTP GET
?[32;1m[debug]?[0m [phantom] Navigation requested: url=file:///Users/zpeugh/code/min/scripts/flowdocument/Resources/actionHtmls/Lock Project.html, type=Other, willNavigate=true, isMainFrame=true
?[32;1m[debug]?[0m [phantom] url changed to "file:///Users/zpeugh/code/min/scripts/flowdocument/Resources/actionHtmls/Lock Project.html"
?[32;1m[debug]?[0m [phantom] Successfully injected Casper client-side utilities
?[36m[info]?[0m [phantom] Step anonymous 66/116: done in 3645ms.
?[36m[info]?[0m [phantom] Step _step 67/117: done in 3667ms.
?[36m[info]?[0m [phantom] waitFor() finished in 45ms.
?[32;1m[debug]?[0m [phantom] Capturing page to /Users/zpeugh/code/min/scripts/flowdocument/Resources/actionHtmls/actionPNGs/Lock Project.png with clipRect {"top":15,"height":245,"left":62,"width":501}
?[36m[info]?[0m [phantom] Capture saved to /Users/zpeugh/code/min/scripts/flowdocument/Resources/actionHtmls/actionPNGs/Lock Project.png
?[36m[info]?[0m [phantom] Step anonymous 68/118: done in 3793ms.
?[32;1m[debug]?[0m [phantom] opening url: file:///Users/zpeugh/code/min/scripts/flowdocument/Resources/actionHtmls/Assign Billing.html, HTTP GET
?[32;1m[debug]?[0m [phantom] Navigation requested: url=file:///Users/zpeugh/code/min/scripts/flowdocument/Resources/actionHtmls/Assign Billing.html, type=Other, willNavigate=true, isMainFrame=true
?[32;1m[debug]?[0m [phantom] url changed to "file:///Users/zpeugh/code/min/scripts/flowdocument/Resources/actionHtmls/Assign Billing.html"
?[32;1m[debug]?[0m [phantom] Successfully injected Casper client-side utilities
?[36m[info]?[0m [phantom] Step anonymous 70/118: done in 3847ms.
?[36m[info]?[0m [phantom] Step _step 71/119: done in 3869ms.
?[36m[info]?[0m [phantom] waitFor() finished in 46ms.
?[32;1m[debug]?[0m [phantom] Capturing page to /Users/zpeugh/code/min/scripts/flowdocument/Resources/actionHtmls/actionPNGs/Assign Billing.png with clipRect {"top":15,"height":467,"left":62,"width":501}
?[36m[info]?[0m [phantom] Capture saved to /Users/zpeugh/code/min/scripts/flowdocument/Resources/actionHtmls/actionPNGs/Assign Billing.png
?[36m[info]?[0m [phantom] Step anonymous 72/120: done in 4008ms.
?[32;1m[debug]?[0m [phantom] opening url: file:///Users/zpeugh/code/min/scripts/flowdocument/Resources/actionHtmls/Engineering Review 45 Day Clock.html, HTTP GET
?[32;1m[debug]?[0m [phantom] Navigation requested: url=file:///Users/zpeugh/code/min/scripts/flowdocument/Resources/actionHtmls/Engineering Review 45 Day Clock.html, type=Other, willNavigate=true, isMainFrame=true
?[32;1m[debug]?[0m [phantom] url changed to "file:///Users/zpeugh/code/min/scripts/flowdocument/Resources/actionHtmls/Engineering Review 45 Day Clock.html"
?[32;1m[debug]?[0m [phantom] Successfully injected Casper client-side utilities
?[36m[info]?[0m [phantom] Step anonymous 74/120: done in 4065ms.
?[36m[info]?[0m [phantom] Step _step 75/121: done in 4088ms.
?[36m[info]?[0m [phantom] waitFor() finished in 44ms.
?[32;1m[debug]?[0m [phantom] Capturing page to /Users/zpeugh/code/min/scripts/flowdocument/Resources/actionHtmls/actionPNGs/Engineering Review 45 Day Clock.png with clipRect {"top":15,"height":393,"left":62,"width":501}
?[36m[info]?[0m [phantom] Capture saved to /Users/zpeugh/code/min/scripts/flowdocument/Resources/actionHtmls/actionPNGs/Engineering Review 45 Day Clock.png
?[36m[info]?[0m [phantom] Step anonymous 76/122: done in 4224ms.
?[32;1m[debug]?[0m [phantom] opening url: file:///Users/zpeugh/code/min/scripts/flowdocument/Resources/actionHtmls/45 Day TPA Construction Clock.html, HTTP GET
?[32;1m[debug]?[0m [phantom] Navigation requested: url=file:///Users/zpeugh/code/min/scripts/flowdocument/Resources/actionHtmls/45 Day TPA Construction Clock.html, type=Other, willNavigate=true, isMainFrame=true
?[32;1m[debug]?[0m [phantom] url changed to "file:///Users/zpeugh/code/min/scripts/flowdocument/Resources/actionHtmls/45 Day TPA Construction Clock.html"
?[32;1m[debug]?[0m [phantom] Successfully injected Casper client-side utilities
?[36m[info]?[0m [phantom] Step anonymous 78/122: done in 4276ms.
?[36m[info]?[0m [phantom] Step _step 79/123: done in 4299ms.
?[36m[info]?[0m [phantom] waitFor() finished in 48ms.
?[32;1m[debug]?[0m [phantom] Capturing page to /Users/zpeugh/code/min/scripts/flowdocument/Resources/actionHtmls/actionPNGs/45 Day TPA Construction Clock.png with clipRect {"top":15,"height":393,"left":62,"width":501}
?[36m[info]?[0m [phantom] Capture saved to /Users/zpeugh/code/min/scripts/flowdocument/Resources/actionHtmls/actionPNGs/45 Day TPA Construction Clock.png
?[36m[info]?[0m [phantom] Step anonymous 80/124: done in 4438ms.
?[32;1m[debug]?[0m [phantom] opening url: file:///Users/zpeugh/code/min/scripts/flowdocument/Resources/actionHtmls/Assign Tech.html, HTTP GET
?[32;1m[debug]?[0m [phantom] Navigation requested: url=file:///Users/zpeugh/code/min/scripts/flowdocument/Resources/actionHtmls/Assign Tech.html, type=Other, willNavigate=true, isMainFrame=true
?[32;1m[debug]?[0m [phantom] url changed to "file:///Users/zpeugh/code/min/scripts/flowdocument/Resources/actionHtmls/Assign Tech.html"
?[32;1m[debug]?[0m [phantom] Successfully injected Casper client-side utilities
?[36m[info]?[0m [phantom] Step anonymous 82/124: done in 4493ms.
?[36m[info]?[0m [phantom] Step _step 83/125: done in 4515ms.
?[36m[info]?[0m [phantom] waitFor() finished in 46ms.
?[32;1m[debug]?[0m [phantom] Capturing page to /Users/zpeugh/code/min/scripts/flowdocument/Resources/actionHtmls/actionPNGs/Assign Tech.png with clipRect {"top":15,"height":467,"left":62,"width":501}
?[36m[info]?[0m [phantom] Capture saved to /Users/zpeugh/code/min/scripts/flowdocument/Resources/actionHtmls/actionPNGs/Assign Tech.png
?[36m[info]?[0m [phantom] Step anonymous 84/126: done in 4657ms.
?[32;1m[debug]?[0m [phantom] opening url: file:///Users/zpeugh/code/min/scripts/flowdocument/Resources/actionHtmls/Assign Construction.html, HTTP GET
?[32;1m[debug]?[0m [phantom] Navigation requested: url=file:///Users/zpeugh/code/min/scripts/flowdocument/Resources/actionHtmls/Assign Construction.html, type=Other, willNavigate=true, isMainFrame=true
?[32;1m[debug]?[0m [phantom] url changed to "file:///Users/zpeugh/code/min/scripts/flowdocument/Resources/actionHtmls/Assign Construction.html"
?[32;1m[debug]?[0m [phantom] Successfully injected Casper client-side utilities
?[36m[info]?[0m [phantom] Step anonymous 86/126: done in 4712ms.
?[32;1m[debug]?[0m [phantom] opening url: file:///Users/zpeugh/code/min/scripts/flowdocument/Resources/actionHtmls/Assign Construction.html, HTTP GET
?[32;1m[debug]?[0m [phantom] Navigation requested: url=file:///Users/zpeugh/code/min/scripts/flowdocument/Resources/actionHtmls/Assign Construction.html, type=Other, willNavigate=true, isMainFrame=true
?[32;1m[debug]?[0m [phantom] url changed to "file:///Users/zpeugh/code/min/scripts/flowdocument/Resources/actionHtmls/Assign Construction.html"
?[32;1m[debug]?[0m [phantom] Successfully injected Casper client-side utilities
?[36m[info]?[0m [phantom] Step anonymous 88/128: done in 4790ms.
?[32;1m[debug]?[0m [phantom] opening url: file:///Users/zpeugh/code/min/scripts/flowdocument/Resources/actionHtmls/Pull Photos From Calc.html, HTTP GET
?[32;1m[debug]?[0m [phantom] Navigation requested: url=file:///Users/zpeugh/code/min/scripts/flowdocument/Resources/actionHtmls/Pull Photos From Calc.html, type=Other, willNavigate=true, isMainFrame=true
?[32;1m[debug]?[0m [phantom] url changed to "file:///Users/zpeugh/code/min/scripts/flowdocument/Resources/actionHtmls/Pull Photos From Calc.html"
?[32;1m[debug]?[0m [phantom] Successfully injected Casper client-side utilities
?[36m[info]?[0m [phantom] Step anonymous 90/128: done in 4862ms.
?[32;1m[debug]?[0m [phantom] opening url: file:///Users/zpeugh/code/min/scripts/flowdocument/Resources/actionHtmls/Pull Photos From Calc.html, HTTP GET
?[32;1m[debug]?[0m [phantom] Navigation requested: url=file:///Users/zpeugh/code/min/scripts/flowdocument/Resources/actionHtmls/Pull Photos From Calc.html, type=Other, willNavigate=true, isMainFrame=true
?[32;1m[debug]?[0m [phantom] url changed to "file:///Users/zpeugh/code/min/scripts/flowdocument/Resources/actionHtmls/Pull Photos From Calc.html"
?[32;1m[debug]?[0m [phantom] Successfully injected Casper client-side utilities
?[36m[info]?[0m [phantom] Step anonymous 92/130: done in 4934ms.
?[32;1m[debug]?[0m [phantom] opening url: file:///Users/zpeugh/code/min/scripts/flowdocument/Resources/actionHtmls/Remove Time Markers.html, HTTP GET
?[32;1m[debug]?[0m [phantom] Navigation requested: url=file:///Users/zpeugh/code/min/scripts/flowdocument/Resources/actionHtmls/Remove Time Markers.html, type=Other, willNavigate=true, isMainFrame=true
?[32;1m[debug]?[0m [phantom] url changed to "file:///Users/zpeugh/code/min/scripts/flowdocument/Resources/actionHtmls/Remove Time Markers.html"
?[32;1m[debug]?[0m [phantom] Successfully injected Casper client-side utilities
?[36m[info]?[0m [phantom] Step anonymous 94/130: done in 5008ms.
?[32;1m[debug]?[0m [phantom] opening url: file:///Users/zpeugh/code/min/scripts/flowdocument/Resources/actionHtmls/Remove Time Markers.html, HTTP GET
?[32;1m[debug]?[0m [phantom] Navigation requested: url=file:///Users/zpeugh/code/min/scripts/flowdocument/Resources/actionHtmls/Remove Time Markers.html, type=Other, willNavigate=true, isMainFrame=true
?[32;1m[debug]?[0m [phantom] url changed to "file:///Users/zpeugh/code/min/scripts/flowdocument/Resources/actionHtmls/Remove Time Markers.html"
?[32;1m[debug]?[0m [phantom] Successfully injected Casper client-side utilities
?[36m[info]?[0m [phantom] Step anonymous 96/132: done in 5078ms.
?[32;1m[debug]?[0m [phantom] opening url: file:///Users/zpeugh/code/min/scripts/flowdocument/Resources/actionHtmls/Generate Calc File.html, HTTP GET
?[32;1m[debug]?[0m [phantom] Navigation requested: url=file:///Users/zpeugh/code/min/scripts/flowdocument/Resources/actionHtmls/Generate Calc File.html, type=Other, willNavigate=true, isMainFrame=true
?[32;1m[debug]?[0m [phantom] url changed to "file:///Users/zpeugh/code/min/scripts/flowdocument/Resources/actionHtmls/Generate Calc File.html"
?[32;1m[debug]?[0m [phantom] Successfully injected Casper client-side utilities
?[36m[info]?[0m [phantom] Step anonymous 98/132: done in 5138ms.
?[32;1m[debug]?[0m [phantom] opening url: file:///Users/zpeugh/code/min/scripts/flowdocument/Resources/actionHtmls/Generate Calc File.html, HTTP GET
?[32;1m[debug]?[0m [phantom] Navigation requested: url=file:///Users/zpeugh/code/min/scripts/flowdocument/Resources/actionHtmls/Generate Calc File.html, type=Other, willNavigate=true, isMainFrame=true
?[32;1m[debug]?[0m [phantom] url changed to "file:///Users/zpeugh/code/min/scripts/flowdocument/Resources/actionHtmls/Generate Calc File.html"
?[32;1m[debug]?[0m [phantom] Successfully injected Casper client-side utilities
?[36m[info]?[0m [phantom] Step anonymous 100/134: done in 5217ms.
?[32;1m[debug]?[0m [phantom] opening url: file:///Users/zpeugh/code/min/scripts/flowdocument/Resources/actionHtmls/Estimate Process 14 Day Clock.html, HTTP GET
?[32;1m[debug]?[0m [phantom] Navigation requested: url=file:///Users/zpeugh/code/min/scripts/flowdocument/Resources/actionHtmls/Estimate Process 14 Day Clock.html, type=Other, willNavigate=true, isMainFrame=true
?[32;1m[debug]?[0m [phantom] url changed to "file:///Users/zpeugh/code/min/scripts/flowdocument/Resources/actionHtmls/Estimate Process 14 Day Clock.html"
?[32;1m[debug]?[0m [phantom] Successfully injected Casper client-side utilities
?[36m[info]?[0m [phantom] Step anonymous 102/134: done in 5294ms.
?[32;1m[debug]?[0m [phantom] opening url: file:///Users/zpeugh/code/min/scripts/flowdocument/Resources/actionHtmls/Estimate Process 14 Day Clock.html, HTTP GET
?[32;1m[debug]?[0m [phantom] Navigation requested: url=file:///Users/zpeugh/code/min/scripts/flowdocument/Resources/actionHtmls/Estimate Process 14 Day Clock.html, type=Other, willNavigate=true, isMainFrame=true
?[32;1m[debug]?[0m [phantom] url changed to "file:///Users/zpeugh/code/min/scripts/flowdocument/Resources/actionHtmls/Estimate Process 14 Day Clock.html"
?[32;1m[debug]?[0m [phantom] Successfully injected Casper client-side utilities
?[36m[info]?[0m [phantom] Step anonymous 104/136: done in 5372ms.
?[32;1m[debug]?[0m [phantom] opening url: file:///Users/zpeugh/code/min/scripts/flowdocument/Resources/actionHtmls/Pole Details Require Corrections Email.html, HTTP GET
?[32;1m[debug]?[0m [phantom] Navigation requested: url=file:///Users/zpeugh/code/min/scripts/flowdocument/Resources/actionHtmls/Pole Details Require Corrections Email.html, type=Other, willNavigate=true, isMainFrame=true
?[32;1m[debug]?[0m [phantom] url changed to "file:///Users/zpeugh/code/min/scripts/flowdocument/Resources/actionHtmls/Pole Details Require Corrections Email.html"
?[32;1m[debug]?[0m [phantom] Successfully injected Casper client-side utilities
?[36m[info]?[0m [phantom] Step anonymous 106/136: done in 5445ms.
?[32;1m[debug]?[0m [phantom] opening url: file:///Users/zpeugh/code/min/scripts/flowdocument/Resources/actionHtmls/Pole Details Require Corrections Email.html, HTTP GET
?[32;1m[debug]?[0m [phantom] Navigation requested: url=file:///Users/zpeugh/code/min/scripts/flowdocument/Resources/actionHtmls/Pole Details Require Corrections Email.html, type=Other, willNavigate=true, isMainFrame=true
?[32;1m[debug]?[0m [phantom] url changed to "file:///Users/zpeugh/code/min/scripts/flowdocument/Resources/actionHtmls/Pole Details Require Corrections Email.html"
?[32;1m[debug]?[0m [phantom] Successfully injected Casper client-side utilities
?[36m[info]?[0m [phantom] Step anonymous 108/138: done in 5520ms.
?[32;1m[debug]?[0m [phantom] opening url: file:///Users/zpeugh/code/min/scripts/flowdocument/Resources/actionHtmls/Email: Major Make Ready Required.html, HTTP GET
?[32;1m[debug]?[0m [phantom] Navigation requested: url=file:///Users/zpeugh/code/min/scripts/flowdocument/Resources/actionHtmls/Email: Major Make Ready Required.html, type=Other, willNavigate=true, isMainFrame=true
?[32;1m[debug]?[0m [phantom] url changed to "file:///Users/zpeugh/code/min/scripts/flowdocument/Resources/actionHtmls/Email: Major Make Ready Required.html"
?[32;1m[debug]?[0m [phantom] Successfully injected Casper client-side utilities
?[36m[info]?[0m [phantom] Step anonymous 110/138: done in 5593ms.
?[32;1m[debug]?[0m [phantom] opening url: file:///Users/zpeugh/code/min/scripts/flowdocument/Resources/actionHtmls/Email: Major Make Ready Required.html, HTTP GET
?[32;1m[debug]?[0m [phantom] Navigation requested: url=file:///Users/zpeugh/code/min/scripts/flowdocument/Resources/actionHtmls/Email: Major Make Ready Required.html, type=Other, willNavigate=true, isMainFrame=true
?[32;1m[debug]?[0m [phantom] url changed to "file:///Users/zpeugh/code/min/scripts/flowdocument/Resources/actionHtmls/Email: Major Make Ready Required.html"
?[32;1m[debug]?[0m [phantom] Successfully injected Casper client-side utilities
?[36m[info]?[0m [phantom] Step anonymous 112/140: done in 5668ms.
?[32;1m[debug]?[0m [phantom] opening url: file:///Users/zpeugh/code/min/scripts/flowdocument/Resources/actionHtmls/Assign Joint Use Clerk.html, HTTP GET
?[32;1m[debug]?[0m [phantom] Navigation requested: url=file:///Users/zpeugh/code/min/scripts/flowdocument/Resources/actionHtmls/Assign Joint Use Clerk.html, type=Other, willNavigate=true, isMainFrame=true
?[32;1m[debug]?[0m [phantom] url changed to "file:///Users/zpeugh/code/min/scripts/flowdocument/Resources/actionHtmls/Assign Joint Use Clerk.html"
?[32;1m[debug]?[0m [phantom] Successfully injected Casper client-side utilities
?[36m[info]?[0m [phantom] Step anonymous 114/140: done in 5741ms.
?[32;1m[debug]?[0m [phantom] opening url: file:///Users/zpeugh/code/min/scripts/flowdocument/Resources/actionHtmls/Assign Joint Use Clerk.html, HTTP GET
?[32;1m[debug]?[0m [phantom] Navigation requested: url=file:///Users/zpeugh/code/min/scripts/flowdocument/Resources/actionHtmls/Assign Joint Use Clerk.html, type=Other, willNavigate=true, isMainFrame=true
?[32;1m[debug]?[0m [phantom] url changed to "file:///Users/zpeugh/code/min/scripts/flowdocument/Resources/actionHtmls/Assign Joint Use Clerk.html"
?[32;1m[debug]?[0m [phantom] Successfully injected Casper client-side utilities
?[36m[info]?[0m [phantom] Step anonymous 116/142: done in 5823ms.
?[32;1m[debug]?[0m [phantom] opening url: file:///Users/zpeugh/code/min/scripts/flowdocument/Resources/actionHtmls/Email: Review Complete.html, HTTP GET
?[32;1m[debug]?[0m [phantom] Navigation requested: url=file:///Users/zpeugh/code/min/scripts/flowdocument/Resources/actionHtmls/Email: Review Complete.html, type=Other, willNavigate=true, isMainFrame=true
?[32;1m[debug]?[0m [phantom] url changed to "file:///Users/zpeugh/code/min/scripts/flowdocument/Resources/actionHtmls/Email: Review Complete.html"
?[32;1m[debug]?[0m [phantom] Successfully injected Casper client-side utilities
?[36m[info]?[0m [phantom] Step anonymous 118/142: done in 5900ms.
?[32;1m[debug]?[0m [phantom] opening url: file:///Users/zpeugh/code/min/scripts/flowdocument/Resources/actionHtmls/Email: Review Complete.html, HTTP GET
?[32;1m[debug]?[0m [phantom] Navigation requested: url=file:///Users/zpeugh/code/min/scripts/flowdocument/Resources/actionHtmls/Email: Review Complete.html, type=Other, willNavigate=true, isMainFrame=true
?[32;1m[debug]?[0m [phantom] url changed to "file:///Users/zpeugh/code/min/scripts/flowdocument/Resources/actionHtmls/Email: Review Complete.html"
?[32;1m[debug]?[0m [phantom] Successfully injected Casper client-side utilities
?[36m[info]?[0m [phantom] Step anonymous 120/144: done in 5974ms.
?[32;1m[debug]?[0m [phantom] opening url: file:///Users/zpeugh/code/min/scripts/flowdocument/Resources/actionHtmls/Pole Form.html, HTTP GET
?[32;1m[debug]?[0m [phantom] Navigation requested: url=file:///Users/zpeugh/code/min/scripts/flowdocument/Resources/actionHtmls/Pole Form.html, type=Other, willNavigate=true, isMainFrame=true
?[32;1m[debug]?[0m [phantom] url changed to "file:///Users/zpeugh/code/min/scripts/flowdocument/Resources/actionHtmls/Pole Form.html"
?[32;1m[debug]?[0m [phantom] Successfully injected Casper client-side utilities
?[36m[info]?[0m [phantom] Step anonymous 122/144: done in 6044ms.
?[32;1m[debug]?[0m [phantom] opening url: file:///Users/zpeugh/code/min/scripts/flowdocument/Resources/actionHtmls/Pole Form.html, HTTP GET
?[32;1m[debug]?[0m [phantom] Navigation requested: url=file:///Users/zpeugh/code/min/scripts/flowdocument/Resources/actionHtmls/Pole Form.html, type=Other, willNavigate=true, isMainFrame=true
?[32;1m[debug]?[0m [phantom] url changed to "file:///Users/zpeugh/code/min/scripts/flowdocument/Resources/actionHtmls/Pole Form.html"
?[32;1m[debug]?[0m [phantom] Successfully injected Casper client-side utilities
?[36m[info]?[0m [phantom] Step anonymous 124/146: done in 6122ms.
?[32;1m[debug]?[0m [phantom] opening url: file:///Users/zpeugh/code/min/scripts/flowdocument/Resources/actionHtmls/Assign TPA.html, HTTP GET
?[32;1m[debug]?[0m [phantom] Navigation requested: url=file:///Users/zpeugh/code/min/scripts/flowdocument/Resources/actionHtmls/Assign TPA.html, type=Other, willNavigate=true, isMainFrame=true
?[32;1m[debug]?[0m [phantom] url changed to "file:///Users/zpeugh/code/min/scripts/flowdocument/Resources/actionHtmls/Assign TPA.html"
?[32;1m[debug]?[0m [phantom] Successfully injected Casper client-side utilities
?[36m[info]?[0m [phantom] Step anonymous 126/146: done in 6201ms.
?[32;1m[debug]?[0m [phantom] opening url: file:///Users/zpeugh/code/min/scripts/flowdocument/Resources/actionHtmls/Assign TPA.html, HTTP GET
?[32;1m[debug]?[0m [phantom] Navigation requested: url=file:///Users/zpeugh/code/min/scripts/flowdocument/Resources/actionHtmls/Assign TPA.html, type=Other, willNavigate=true, isMainFrame=true
?[32;1m[debug]?[0m [phantom] url changed to "file:///Users/zpeugh/code/min/scripts/flowdocument/Resources/actionHtmls/Assign TPA.html"
?[32;1m[debug]?[0m [phantom] Successfully injected Casper client-side utilities
?[36m[info]?[0m [phantom] Step anonymous 128/148: done in 6272ms.
?[32;1m[debug]?[0m [phantom] opening url: file:///Users/zpeugh/code/min/scripts/flowdocument/Resources/actionHtmls/Email: No Make Ready Work Required.html, HTTP GET
?[32;1m[debug]?[0m [phantom] Navigation requested: url=file:///Users/zpeugh/code/min/scripts/flowdocument/Resources/actionHtmls/Email: No Make Ready Work Required.html, type=Other, willNavigate=true, isMainFrame=true
?[32;1m[debug]?[0m [phantom] url changed to "file:///Users/zpeugh/code/min/scripts/flowdocument/Resources/actionHtmls/Email: No Make Ready Work Required.html"
?[32;1m[debug]?[0m [phantom] Successfully injected Casper client-side utilities
?[36m[info]?[0m [phantom] Step anonymous 130/148: done in 6348ms.
?[32;1m[debug]?[0m [phantom] opening url: file:///Users/zpeugh/code/min/scripts/flowdocument/Resources/actionHtmls/Email: No Make Ready Work Required.html, HTTP GET
?[32;1m[debug]?[0m [phantom] Navigation requested: url=file:///Users/zpeugh/code/min/scripts/flowdocument/Resources/actionHtmls/Email: No Make Ready Work Required.html, type=Other, willNavigate=true, isMainFrame=true
?[32;1m[debug]?[0m [phantom] url changed to "file:///Users/zpeugh/code/min/scripts/flowdocument/Resources/actionHtmls/Email: No Make Ready Work Required.html"
?[32;1m[debug]?[0m [phantom] Successfully injected Casper client-side utilities
?[36m[info]?[0m [phantom] Step anonymous 132/150: done in 6422ms.
?[32;1m[debug]?[0m [phantom] opening url: file:///Users/zpeugh/code/min/scripts/flowdocument/Resources/actionHtmls/Email: Minor Make Ready Required.html, HTTP GET
?[32;1m[debug]?[0m [phantom] Navigation requested: url=file:///Users/zpeugh/code/min/scripts/flowdocument/Resources/actionHtmls/Email: Minor Make Ready Required.html, type=Other, willNavigate=true, isMainFrame=true
?[32;1m[debug]?[0m [phantom] url changed to "file:///Users/zpeugh/code/min/scripts/flowdocument/Resources/actionHtmls/Email: Minor Make Ready Required.html"
?[32;1m[debug]?[0m [phantom] Successfully injected Casper client-side utilities
?[36m[info]?[0m [phantom] Step anonymous 134/150: done in 6497ms.
?[32;1m[debug]?[0m [phantom] opening url: file:///Users/zpeugh/code/min/scripts/flowdocument/Resources/actionHtmls/Email: Minor Make Ready Required.html, HTTP GET
?[32;1m[debug]?[0m [phantom] Navigation requested: url=file:///Users/zpeugh/code/min/scripts/flowdocument/Resources/actionHtmls/Email: Minor Make Ready Required.html, type=Other, willNavigate=true, isMainFrame=true
?[32;1m[debug]?[0m [phantom] url changed to "file:///Users/zpeugh/code/min/scripts/flowdocument/Resources/actionHtmls/Email: Minor Make Ready Required.html"
?[32;1m[debug]?[0m [phantom] Successfully injected Casper client-side utilities
?[36m[info]?[0m [phantom] Step anonymous 136/152: done in 6574ms.
?[32;1m[debug]?[0m [phantom] opening url: file:///Users/zpeugh/code/min/scripts/flowdocument/Resources/actionHtmls/Email: Construction Corrections Required.html, HTTP GET
?[32;1m[debug]?[0m [phantom] Navigation requested: url=file:///Users/zpeugh/code/min/scripts/flowdocument/Resources/actionHtmls/Email: Construction Corrections Required.html, type=Other, willNavigate=true, isMainFrame=true
?[32;1m[debug]?[0m [phantom] url changed to "file:///Users/zpeugh/code/min/scripts/flowdocument/Resources/actionHtmls/Email: Construction Corrections Required.html"
?[32;1m[debug]?[0m [phantom] Successfully injected Casper client-side utilities
?[36m[info]?[0m [phantom] Step anonymous 138/152: done in 6651ms.
?[32;1m[debug]?[0m [phantom] opening url: file:///Users/zpeugh/code/min/scripts/flowdocument/Resources/actionHtmls/Email: Construction Corrections Required.html, HTTP GET
?[32;1m[debug]?[0m [phantom] Navigation requested: url=file:///Users/zpeugh/code/min/scripts/flowdocument/Resources/actionHtmls/Email: Construction Corrections Required.html, type=Other, willNavigate=true, isMainFrame=true
?[32;1m[debug]?[0m [phantom] url changed to "file:///Users/zpeugh/code/min/scripts/flowdocument/Resources/actionHtmls/Email: Construction Corrections Required.html"
?[32;1m[debug]?[0m [phantom] Successfully injected Casper client-side utilities
?[36m[info]?[0m [phantom] Step anonymous 140/154: done in 6728ms.
?[32;1m[debug]?[0m [phantom] opening url: file:///Users/zpeugh/code/min/scripts/flowdocument/Resources/actionHtmls/Email: TPA Construction.html, HTTP GET
?[32;1m[debug]?[0m [phantom] Navigation requested: url=file:///Users/zpeugh/code/min/scripts/flowdocument/Resources/actionHtmls/Email: TPA Construction.html, type=Other, willNavigate=true, isMainFrame=true
?[32;1m[debug]?[0m [phantom] url changed to "file:///Users/zpeugh/code/min/scripts/flowdocument/Resources/actionHtmls/Email: TPA Construction.html"
?[32;1m[debug]?[0m [phantom] Successfully injected Casper client-side utilities
?[36m[info]?[0m [phantom] Step anonymous 142/154: done in 6797ms.
?[32;1m[debug]?[0m [phantom] opening url: file:///Users/zpeugh/code/min/scripts/flowdocument/Resources/actionHtmls/Email: TPA Construction.html, HTTP GET
?[32;1m[debug]?[0m [phantom] Navigation requested: url=file:///Users/zpeugh/code/min/scripts/flowdocument/Resources/actionHtmls/Email: TPA Construction.html, type=Other, willNavigate=true, isMainFrame=true
?[32;1m[debug]?[0m [phantom] url changed to "file:///Users/zpeugh/code/min/scripts/flowdocument/Resources/actionHtmls/Email: TPA Construction.html"
?[32;1m[debug]?[0m [phantom] Successfully injected Casper client-side utilities
?[36m[info]?[0m [phantom] Step anonymous 144/156: done in 6878ms.
?[32;1m[debug]?[0m [phantom] opening url: file:///Users/zpeugh/code/min/scripts/flowdocument/Resources/actionHtmls/Assign Engineering.html, HTTP GET
?[32;1m[debug]?[0m [phantom] Navigation requested: url=file:///Users/zpeugh/code/min/scripts/flowdocument/Resources/actionHtmls/Assign Engineering.html, type=Other, willNavigate=true, isMainFrame=true
?[32;1m[debug]?[0m [phantom] url changed to "file:///Users/zpeugh/code/min/scripts/flowdocument/Resources/actionHtmls/Assign Engineering.html"
?[32;1m[debug]?[0m [phantom] Successfully injected Casper client-side utilities
?[36m[info]?[0m [phantom] Step anonymous 146/156: done in 6953ms.
?[32;1m[debug]?[0m [phantom] opening url: file:///Users/zpeugh/code/min/scripts/flowdocument/Resources/actionHtmls/Assign Engineering.html, HTTP GET
?[32;1m[debug]?[0m [phantom] Navigation requested: url=file:///Users/zpeugh/code/min/scripts/flowdocument/Resources/actionHtmls/Assign Engineering.html, type=Other, willNavigate=true, isMainFrame=true
?[32;1m[debug]?[0m [phantom] url changed to "file:///Users/zpeugh/code/min/scripts/flowdocument/Resources/actionHtmls/Assign Engineering.html"
?[32;1m[debug]?[0m [phantom] Successfully injected Casper client-side utilities
?[36m[info]?[0m [phantom] Step anonymous 148/158: done in 7027ms.
?[32;1m[debug]?[0m [phantom] opening url: file:///Users/zpeugh/code/min/scripts/flowdocument/Resources/actionHtmls/Lock Project.html, HTTP GET
?[32;1m[debug]?[0m [phantom] Navigation requested: url=file:///Users/zpeugh/code/min/scripts/flowdocument/Resources/actionHtmls/Lock Project.html, type=Other, willNavigate=true, isMainFrame=true
?[32;1m[debug]?[0m [phantom] url changed to "file:///Users/zpeugh/code/min/scripts/flowdocument/Resources/actionHtmls/Lock Project.html"
?[32;1m[debug]?[0m [phantom] Successfully injected Casper client-side utilities
?[36m[info]?[0m [phantom] Step anonymous 150/158: done in 7107ms.
?[32;1m[debug]?[0m [phantom] opening url: file:///Users/zpeugh/code/min/scripts/flowdocument/Resources/actionHtmls/Lock Project.html, HTTP GET
?[32;1m[debug]?[0m [phantom] Navigation requested: url=file:///Users/zpeugh/code/min/scripts/flowdocument/Resources/actionHtmls/Lock Project.html, type=Other, willNavigate=true, isMainFrame=true
?[32;1m[debug]?[0m [phantom] url changed to "file:///Users/zpeugh/code/min/scripts/flowdocument/Resources/actionHtmls/Lock Project.html"
?[32;1m[debug]?[0m [phantom] Successfully injected Casper client-side utilities
?[36m[info]?[0m [phantom] Step anonymous 152/160: done in 7180ms.
?[32;1m[debug]?[0m [phantom] opening url: file:///Users/zpeugh/code/min/scripts/flowdocument/Resources/actionHtmls/Assign Billing.html, HTTP GET
?[32;1m[debug]?[0m [phantom] Navigation requested: url=file:///Users/zpeugh/code/min/scripts/flowdocument/Resources/actionHtmls/Assign Billing.html, type=Other, willNavigate=true, isMainFrame=true
?[32;1m[debug]?[0m [phantom] url changed to "file:///Users/zpeugh/code/min/scripts/flowdocument/Resources/actionHtmls/Assign Billing.html"
?[32;1m[debug]?[0m [phantom] Successfully injected Casper client-side utilities
?[36m[info]?[0m [phantom] Step anonymous 154/160: done in 7253ms.
?[32;1m[debug]?[0m [phantom] opening url: file:///Users/zpeugh/code/min/scripts/flowdocument/Resources/actionHtmls/Assign Billing.html, HTTP GET
?[32;1m[debug]?[0m [phantom] Navigation requested: url=file:///Users/zpeugh/code/min/scripts/flowdocument/Resources/actionHtmls/Assign Billing.html, type=Other, willNavigate=true, isMainFrame=true
?[32;1m[debug]?[0m [phantom] url changed to "file:///Users/zpeugh/code/min/scripts/flowdocument/Resources/actionHtmls/Assign Billing.html"
?[32;1m[debug]?[0m [phantom] Successfully injected Casper client-side utilities
?[36m[info]?[0m [phantom] Step anonymous 156/162: done in 7331ms.
?[32;1m[debug]?[0m [phantom] opening url: file:///Users/zpeugh/code/min/scripts/flowdocument/Resources/actionHtmls/Engineering Review 45 Day Clock.html, HTTP GET
?[32;1m[debug]?[0m [phantom] Navigation requested: url=file:///Users/zpeugh/code/min/scripts/flowdocument/Resources/actionHtmls/Engineering Review 45 Day Clock.html, type=Other, willNavigate=true, isMainFrame=true
?[32;1m[debug]?[0m [phantom] url changed to "file:///Users/zpeugh/code/min/scripts/flowdocument/Resources/actionHtmls/Engineering Review 45 Day Clock.html"
?[32;1m[debug]?[0m [phantom] Successfully injected Casper client-side utilities
?[36m[info]?[0m [phantom] Step anonymous 158/162: done in 7400ms.
?[32;1m[debug]?[0m [phantom] opening url: file:///Users/zpeugh/code/min/scripts/flowdocument/Resources/actionHtmls/Engineering Review 45 Day Clock.html, HTTP GET
?[32;1m[debug]?[0m [phantom] Navigation requested: url=file:///Users/zpeugh/code/min/scripts/flowdocument/Resources/actionHtmls/Engineering Review 45 Day Clock.html, type=Other, willNavigate=true, isMainFrame=true
?[32;1m[debug]?[0m [phantom] url changed to "file:///Users/zpeugh/code/min/scripts/flowdocument/Resources/actionHtmls/Engineering Review 45 Day Clock.html"
?[32;1m[debug]?[0m [phantom] Successfully injected Casper client-side utilities
?[36m[info]?[0m [phantom] Step anonymous 160/164: done in 7477ms.
?[32;1m[debug]?[0m [phantom] opening url: file:///Users/zpeugh/code/min/scripts/flowdocument/Resources/actionHtmls/45 Day TPA Construction Clock.html, HTTP GET
?[32;1m[debug]?[0m [phantom] Navigation requested: url=file:///Users/zpeugh/code/min/scripts/flowdocument/Resources/actionHtmls/45 Day TPA Construction Clock.html, type=Other, willNavigate=true, isMainFrame=true
?[32;1m[debug]?[0m [phantom] url changed to "file:///Users/zpeugh/code/min/scripts/flowdocument/Resources/actionHtmls/45 Day TPA Construction Clock.html"
?[32;1m[debug]?[0m [phantom] Successfully injected Casper client-side utilities
?[36m[info]?[0m [phantom] Step anonymous 162/164: done in 7552ms.
?[32;1m[debug]?[0m [phantom] opening url: file:///Users/zpeugh/code/min/scripts/flowdocument/Resources/actionHtmls/45 Day TPA Construction Clock.html, HTTP GET
?[32;1m[debug]?[0m [phantom] Navigation requested: url=file:///Users/zpeugh/code/min/scripts/flowdocument/Resources/actionHtmls/45 Day TPA Construction Clock.html, type=Other, willNavigate=true, isMainFrame=true
?[32;1m[debug]?[0m [phantom] url changed to "file:///Users/zpeugh/code/min/scripts/flowdocument/Resources/actionHtmls/45 Day TPA Construction Clock.html"
?[32;1m[debug]?[0m [phantom] Successfully injected Casper client-side utilities
?[36m[info]?[0m [phantom] Step anonymous 164/166: done in 7629ms.
?[32;1m[debug]?[0m [phantom] opening url: file:///Users/zpeugh/code/min/scripts/flowdocument/Resources/actionHtmls/Assign Tech.html, HTTP GET
?[32;1m[debug]?[0m [phantom] Navigation requested: url=file:///Users/zpeugh/code/min/scripts/flowdocument/Resources/actionHtmls/Assign Tech.html, type=Other, willNavigate=true, isMainFrame=true
?[32;1m[debug]?[0m [phantom] url changed to "file:///Users/zpeugh/code/min/scripts/flowdocument/Resources/actionHtmls/Assign Tech.html"
?[32;1m[debug]?[0m [phantom] Successfully injected Casper client-side utilities
?[36m[info]?[0m [phantom] Step anonymous 166/166: done in 7709ms.
?[32;1m[debug]?[0m [phantom] opening url: file:///Users/zpeugh/code/min/scripts/flowdocument/Resources/actionHtmls/Assign Tech.html, HTTP GET
?[32;1m[debug]?[0m [phantom] Navigation requested: url=file:///Users/zpeugh/code/min/scripts/flowdocument/Resources/actionHtmls/Assign Tech.html, type=Other, willNavigate=true, isMainFrame=true
?[32;1m[debug]?[0m [phantom] url changed to "file:///Users/zpeugh/code/min/scripts/flowdocument/Resources/actionHtmls/Assign Tech.html"
?[32;1m[debug]?[0m [phantom] Successfully injected Casper client-side utilities
?[36m[info]?[0m [phantom] Step anonymous 168/168: done in 7785ms.
?[36m[info]?[0m [phantom] Done 168 steps in 7805ms
All actions: [Assign Construction, Pull Photos From Calc, Remove Time Markers, Generate Calc File, Estimate Process 14 Day Clock, Pole Details Require Corrections Email, Email: Major Make Ready Required, Assign Joint Use Clerk, Email: Review Complete, Pole Form, Assign TPA, Email: No Make Ready Work Required, Email: Minor Make Ready Required, Email: Construction Corrections Required, Email: TPA Construction, Assign Engineering, Lock Project, Assign Billing, Engineering Review 45 Day Clock, 45 Day TPA Construction Clock, Assign Tech]
Missed actions: null
Forms to capture: 
1: Pole Profile
2: Joint Use Info
3: Review Checklist
?[36m[info]?[0m [phantom] Starting...
?[36m[info]?[0m [phantom] Execution timeout set to 10000ms
?[36m[info]?[0m [phantom] Running suite: 10 steps
?[32;1m[debug]?[0m [phantom] opening url: https://www.spidasoftware.com/projectmanager/, HTTP GET
?[32;1m[debug]?[0m [phantom] Navigation requested: url=https://www.spidasoftware.com/projectmanager/, type=Other, willNavigate=true, isMainFrame=true
?[32;1m[debug]?[0m [phantom] Navigation requested: url=https://www.spidasoftware.com/cas/login?service=https://www.spidasoftware.com/projectmanager/j_spring_cas_security_check, type=Other, willNavigate=true, isMainFrame=true
?[32;1m[debug]?[0m [phantom] url changed to "https://www.spidasoftware.com/cas/login?service=https://www.spidasoftware.com/projectmanager/j_spring_cas_security_check"
?[32;1m[debug]?[0m [phantom] Successfully injected Casper client-side utilities
?[32;1m[debug]?[0m [phantom] start page is loaded
?[36m[info]?[0m [phantom] Step login 3/10 https://www.spidasoftware.com/cas/login?service=https://www.spidasoftware.com/projectmanager/j_spring_cas_security_check (HTTP 200)
?[36m[info]?[0m [remote] attempting to fetch form element from selector: 'form#fm1'
?[32;1m[debug]?[0m [remote] Set "username" field value to admin@spidasoftware.com
?[32;1m[debug]?[0m [remote] Set "password" field value to ***************
?[36m[info]?[0m [remote] submitting form to /cas/login;jsessionid=049AE892CB9BDD59BF023ABD15F18BDB?service=https%3A%2F%2Fwww.spidasoftware.com%2Fprojectmanager%2Fj_spring_cas_security_check, HTTP POST
?[36m[info]?[0m [phantom] Step login 3/10: done in 2500ms.
?[36m[info]?[0m [phantom] Step _step 4/10 https://www.spidasoftware.com/cas/login?service=https://www.spidasoftware.com/projectmanager/j_spring_cas_security_check (HTTP 200)
?[36m[info]?[0m [phantom] Step _step 4/10: done in 2501ms.
?[32;1m[debug]?[0m [phantom] Navigation requested: url=https://www.spidasoftware.com/cas/login;jsessionid=049AE892CB9BDD59BF023ABD15F18BDB?service=https://www.spidasoftware.com/projectmanager/j_spring_cas_security_check, type=FormSubmitted, willNavigate=true, isMainFrame=true
?[36m[info]?[0m [phantom] waitFor() finished in 45ms.
?[32;1m[debug]?[0m [phantom] Navigation requested: url=https://www.spidasoftware.com/projectmanager/j_spring_cas_security_check?ticket=ST-333-xbU46yy4NwvRiXw5pgKw-www.spidasoftware.com, type=FormSubmitted, willNavigate=true, isMainFrame=true
?[32;1m[debug]?[0m [phantom] Navigation requested: url=https://www.spidasoftware.com/projectmanager/, type=FormSubmitted, willNavigate=true, isMainFrame=true
?[32;1m[debug]?[0m [phantom] url changed to "https://www.spidasoftware.com/projectmanager/"
?[32;1m[debug]?[0m [phantom] Successfully injected Casper client-side utilities
?[36m[info]?[0m [phantom] Step afterLogin 5/11 https://www.spidasoftware.com/projectmanager/ (HTTP 200)
?[36m[info]?[0m [phantom] Step afterLogin 5/11: done in 7931ms.
?[36m[info]?[0m [phantom] Step _step 6/11 https://www.spidasoftware.com/projectmanager/ (HTTP 200)
?[36m[info]?[0m [phantom] Step _step 6/11: done in 7948ms.
?[36m[info]?[0m [phantom] waitFor() finished in 44ms.
?[36m[info]?[0m [phantom] Step anonymous 7/12 https://www.spidasoftware.com/projectmanager/ (HTTP 200)
?[32;1m[debug]?[0m [phantom] Mouse event 'mousedown' on selector: xpath selector: //*[text()="ACME Power Co."]
?[32;1m[debug]?[0m [phantom] Mouse event 'mouseup' on selector: xpath selector: //*[text()="ACME Power Co."]
?[32;1m[debug]?[0m [phantom] Mouse event 'click' on selector: xpath selector: //*[text()="ACME Power Co."]
?[32;1m[debug]?[0m [phantom] Navigation requested: url=https://www.spidasoftware.com/projectmanager/#, type=LinkClicked, willNavigate=true, isMainFrame=true
?[32;1m[debug]?[0m [phantom] url changed to "https://www.spidasoftware.com/projectmanager/#"
?[36m[info]?[0m [phantom] Step anonymous 7/12: done in 8026ms.
?[32;1m[debug]?[0m [phantom] Navigation requested: url=https://www.spidasoftware.com/projectmanager/switchcompany, type=FormSubmitted, willNavigate=true, isMainFrame=true
?[33m[warning]?[0m [phantom] Loading resource failed with status=fail (HTTP 200): https://www.spidasoftware.com/projectmanager/switchcompany
?[32;1m[debug]?[0m [phantom] Navigation requested: url=https://www.spidasoftware.com/projectmanager/dashboard/index, type=FormSubmitted, willNavigate=true, isMainFrame=true
script timed out
?[36m[info]?[0m [phantom] Step _step 8/12 https://www.spidasoftware.com/projectmanager/# (HTTP 302)
?[36m[info]?[0m [phantom] Step _step 8/12: done in 10027ms.
?[32;1m[debug]?[0m [phantom] url changed to "https://www.spidasoftware.com/projectmanager/dashboard/index"
?[32;1m[debug]?[0m [phantom] Successfully injected Casper client-side utilities
?[36m[info]?[0m [phantom] waitFor() finished in 216ms.
?[36m[info]?[0m [phantom] Step anonymous 9/13 https://www.spidasoftware.com/projectmanager/dashboard/index (HTTP 200)
Logged in as: ACME Power Co.
?[36m[info]?[0m [phantom] Step anonymous 9/13: done in 10267ms.
?[32;1m[debug]?[0m [phantom] opening url: https://www.spidasoftware.com/projectmanager/formTemplate/list, HTTP GET
?[32;1m[debug]?[0m [phantom] Navigation requested: url=https://www.spidasoftware.com/projectmanager/formTemplate/list, type=Other, willNavigate=true, isMainFrame=true
?[33m[warning]?[0m [phantom] Loading resource failed with status=fail (HTTP 200): https://www.spidasoftware.com/projectmanager/formTemplate/list
?[32;1m[debug]?[0m [phantom] url changed to "https://www.spidasoftware.com/projectmanager/formTemplate/list"
?[32;1m[debug]?[0m [phantom] Successfully injected Casper client-side utilities
?[36m[info]?[0m [phantom] Step openFormList 11/13 https://www.spidasoftware.com/projectmanager/formTemplate/list (HTTP 200)
Navigating to Flow Form List
?[36m[info]?[0m [phantom] Step openFormList 11/13: done in 11063ms.
?[36m[info]?[0m [phantom] Step _step 12/13 https://www.spidasoftware.com/projectmanager/formTemplate/list (HTTP 200)
?[36m[info]?[0m [phantom] Step _step 12/13: done in 11080ms.
?[36m[info]?[0m [phantom] waitFor() finished in 41ms.
?[36m[info]?[0m [phantom] Step waitForFormList 13/14 https://www.spidasoftware.com/projectmanager/formTemplate/list (HTTP 200)
Currently at: https://www.spidasoftware.com/projectmanager/formTemplate/list
?[36m[info]?[0m [phantom] Step waitForFormList 13/14: done in 11144ms.
?[36m[info]?[0m [phantom] Step _step 14/14 https://www.spidasoftware.com/projectmanager/formTemplate/list (HTTP 200)
?[36m[info]?[0m [phantom] Step _step 14/14: done in 11164ms.
?[36m[info]?[0m [phantom] waitFor() finished in 47ms.
?[36m[info]?[0m [phantom] Step loopThrough 15/15 https://www.spidasoftware.com/projectmanager/formTemplate/list (HTTP 200)
?[36m[info]?[0m [phantom] Step loopThrough 15/15: done in 11235ms.
?[32;1m[debug]?[0m [phantom] opening url: https://www.spidasoftware.com/projectmanager/formTemplate/list?offset=0&max=10&sort=name&order=asc, HTTP GET
?[32;1m[debug]?[0m [phantom] Navigation requested: url=https://www.spidasoftware.com/projectmanager/formTemplate/list?offset=0&max=10&sort=name&order=asc, type=Other, willNavigate=true, isMainFrame=true
?[33m[warning]?[0m [phantom] Loading resource failed with status=fail (HTTP 200): https://www.spidasoftware.com/projectmanager/formTemplate/list?offset=0&max=10&sort=name&order=asc
?[32;1m[debug]?[0m [phantom] url changed to "https://www.spidasoftware.com/projectmanager/formTemplate/list?offset=0&max=10&sort=name&order=asc"
?[32;1m[debug]?[0m [phantom] Successfully injected Casper client-side utilities
?[36m[info]?[0m [phantom] Step anonymous 17/25 https://www.spidasoftware.com/projectmanager/formTemplate/list?offset=0&max=10&sort=name&order=asc (HTTP 200)
?[36m[info]?[0m [phantom] Step anonymous 17/25: done in 13341ms.
?[36m[info]?[0m [phantom] Step _step 18/26 https://www.spidasoftware.com/projectmanager/formTemplate/list?offset=0&max=10&sort=name&order=asc (HTTP 200)
?[36m[info]?[0m [phantom] Step _step 18/26: done in 13359ms.
?[36m[info]?[0m [phantom] waitFor() finished in 41ms.
?[36m[info]?[0m [phantom] Step anonymous 19/27 https://www.spidasoftware.com/projectmanager/formTemplate/list?offset=0&max=10&sort=name&order=asc (HTTP 200)
?[36m[info]?[0m [phantom] Step anonymous 19/27: done in 13430ms.
?[32;1m[debug]?[0m [phantom] opening url: https://www.spidasoftware.com/projectmanager/formTemplate/list?offset=10&max=10&sort=name&order=asc, HTTP GET
?[32;1m[debug]?[0m [phantom] Navigation requested: url=https://www.spidasoftware.com/projectmanager/formTemplate/list?offset=10&max=10&sort=name&order=asc, type=Other, willNavigate=true, isMainFrame=true
?[33m[warning]?[0m [phantom] Loading resource failed with status=fail (HTTP 200): https://www.spidasoftware.com/projectmanager/formTemplate/list?offset=10&max=10&sort=name&order=asc
?[32;1m[debug]?[0m [phantom] url changed to "https://www.spidasoftware.com/projectmanager/formTemplate/list?offset=10&max=10&sort=name&order=asc"
?[32;1m[debug]?[0m [phantom] Successfully injected Casper client-side utilities
?[36m[info]?[0m [phantom] Step anonymous 21/27 https://www.spidasoftware.com/projectmanager/formTemplate/list?offset=10&max=10&sort=name&order=asc (HTTP 200)
?[36m[info]?[0m [phantom] Step anonymous 21/27: done in 14185ms.
?[36m[info]?[0m [phantom] Step _step 22/28 https://www.spidasoftware.com/projectmanager/formTemplate/list?offset=10&max=10&sort=name&order=asc (HTTP 200)
?[36m[info]?[0m [phantom] Step _step 22/28: done in 14202ms.
?[36m[info]?[0m [phantom] waitFor() finished in 42ms.
?[36m[info]?[0m [phantom] Step anonymous 23/29 https://www.spidasoftware.com/projectmanager/formTemplate/list?offset=10&max=10&sort=name&order=asc (HTTP 200)
Stored screenshot of form: Joint Use Info
?[36m[info]?[0m [phantom] Step anonymous 23/29: done in 14275ms.
?[36m[info]?[0m [phantom] Step clickForm 24/34 https://www.spidasoftware.com/projectmanager/formTemplate/list?offset=10&max=10&sort=name&order=asc (HTTP 200)
?[32;1m[debug]?[0m [phantom] Mouse event 'mousedown' on selector: xpath selector: //*[text()="Joint Use Info"]
?[32;1m[debug]?[0m [phantom] Mouse event 'mouseup' on selector: xpath selector: //*[text()="Joint Use Info"]
?[32;1m[debug]?[0m [phantom] Mouse event 'click' on selector: xpath selector: //*[text()="Joint Use Info"]
?[32;1m[debug]?[0m [phantom] Navigation requested: url=https://www.spidasoftware.com/projectmanager/formTemplate/edit/87816, type=LinkClicked, willNavigate=true, isMainFrame=true
?[36m[info]?[0m [phantom] Step clickForm 24/34: done in 14296ms.
?[33m[warning]?[0m [phantom] Loading resource failed with status=fail (HTTP 200): https://www.spidasoftware.com/projectmanager/formTemplate/edit/87816
?[32;1m[debug]?[0m [phantom] url changed to "https://www.spidasoftware.com/projectmanager/formTemplate/edit/87816"
?[32;1m[debug]?[0m [phantom] Successfully injected Casper client-side utilities
?[36m[info]?[0m [phantom] Step _step 25/34 https://www.spidasoftware.com/projectmanager/formTemplate/edit/87816 (HTTP 200)
?[36m[info]?[0m [phantom] Step _step 25/34: done in 16052ms.
?[36m[info]?[0m [phantom] waitFor() finished in 41ms.
?[36m[info]?[0m [phantom] Step anonymous 26/35 https://www.spidasoftware.com/projectmanager/formTemplate/edit/87816 (HTTP 200)
?[36m[info]?[0m [phantom] Step anonymous 26/35: done in 16114ms.
?[36m[info]?[0m [phantom] Step anonymous 27/35 https://www.spidasoftware.com/projectmanager/formTemplate/edit/87816 (HTTP 200)
?[36m[info]?[0m [phantom] Step anonymous 27/35: done in 16138ms.
?[36m[info]?[0m [phantom] Step anonymous 28/35 https://www.spidasoftware.com/projectmanager/formTemplate/edit/87816 (HTTP 200)
?[36m[info]?[0m [phantom] Step anonymous 28/35: done in 16158ms.
?[36m[info]?[0m [phantom] Step _step 29/36 https://www.spidasoftware.com/projectmanager/formTemplate/edit/87816 (HTTP 200)
?[36m[info]?[0m [phantom] Step _step 29/36: done in 16178ms.
?[32;1m[debug]?[0m [phantom] Navigation requested: url=https://www.spidasoftware.com/projectmanager/formTemplate/list?offset=10&max=10&sort=name&order=asc, type=BackOrForward, willNavigate=true, isMainFrame=true
?[33m[warning]?[0m [phantom] Loading resource failed with status=fail (HTTP 200): https://www.spidasoftware.com/projectmanager/formTemplate/list?offset=10&max=10&sort=name&order=asc
?[32;1m[debug]?[0m [phantom] url changed to "https://www.spidasoftware.com/projectmanager/formTemplate/list?offset=10&max=10&sort=name&order=asc"
?[32;1m[debug]?[0m [phantom] Successfully injected Casper client-side utilities
?[36m[info]?[0m [phantom] Step _step 30/36 https://www.spidasoftware.com/projectmanager/formTemplate/list?offset=10&max=10&sort=name&order=asc (HTTP 200)
?[36m[info]?[0m [phantom] Step _step 30/36: done in 17275ms.
?[36m[info]?[0m [phantom] waitFor() finished in 40ms.
?[36m[info]?[0m [phantom] Step anonymous 31/37 https://www.spidasoftware.com/projectmanager/formTemplate/list?offset=10&max=10&sort=name&order=asc (HTTP 200)
?[36m[info]?[0m [phantom] Step anonymous 31/37: done in 17338ms.
?[32;1m[debug]?[0m [phantom] opening url: https://www.spidasoftware.com/projectmanager/formTemplate/list?offset=20&max=10&sort=name&order=asc, HTTP GET
?[32;1m[debug]?[0m [phantom] Navigation requested: url=https://www.spidasoftware.com/projectmanager/formTemplate/list?offset=20&max=10&sort=name&order=asc, type=Other, willNavigate=true, isMainFrame=true
?[33m[warning]?[0m [phantom] Loading resource failed with status=fail (HTTP 200): https://www.spidasoftware.com/projectmanager/formTemplate/list?offset=20&max=10&sort=name&order=asc
?[32;1m[debug]?[0m [phantom] url changed to "https://www.spidasoftware.com/projectmanager/formTemplate/list?offset=20&max=10&sort=name&order=asc"
?[32;1m[debug]?[0m [phantom] Successfully injected Casper client-side utilities
?[36m[info]?[0m [phantom] Step anonymous 33/37 https://www.spidasoftware.com/projectmanager/formTemplate/list?offset=20&max=10&sort=name&order=asc (HTTP 200)
?[36m[info]?[0m [phantom] Step anonymous 33/37: done in 17813ms.
?[36m[info]?[0m [phantom] Step _step 34/38 https://www.spidasoftware.com/projectmanager/formTemplate/list?offset=20&max=10&sort=name&order=asc (HTTP 200)
?[36m[info]?[0m [phantom] Step _step 34/38: done in 17829ms.
?[36m[info]?[0m [phantom] waitFor() finished in 47ms.
?[36m[info]?[0m [phantom] Step anonymous 35/39 https://www.spidasoftware.com/projectmanager/formTemplate/list?offset=20&max=10&sort=name&order=asc (HTTP 200)
?[36m[info]?[0m [phantom] Step anonymous 35/39: done in 17908ms.
?[32;1m[debug]?[0m [phantom] opening url: https://www.spidasoftware.com/projectmanager/formTemplate/list?offset=30&max=10&sort=name&order=asc, HTTP GET
?[32;1m[debug]?[0m [phantom] Navigation requested: url=https://www.spidasoftware.com/projectmanager/formTemplate/list?offset=30&max=10&sort=name&order=asc, type=Other, willNavigate=true, isMainFrame=true
?[33m[warning]?[0m [phantom] Loading resource failed with status=fail (HTTP 200): https://www.spidasoftware.com/projectmanager/formTemplate/list?offset=30&max=10&sort=name&order=asc
?[32;1m[debug]?[0m [phantom] url changed to "https://www.spidasoftware.com/projectmanager/formTemplate/list?offset=30&max=10&sort=name&order=asc"
?[32;1m[debug]?[0m [phantom] Successfully injected Casper client-side utilities
?[36m[info]?[0m [phantom] Step anonymous 37/39 https://www.spidasoftware.com/projectmanager/formTemplate/list?offset=30&max=10&sort=name&order=asc (HTTP 200)
?[36m[info]?[0m [phantom] Step anonymous 37/39: done in 18640ms.
?[36m[info]?[0m [phantom] Step _step 38/40 https://www.spidasoftware.com/projectmanager/formTemplate/list?offset=30&max=10&sort=name&order=asc (HTTP 200)
?[36m[info]?[0m [phantom] Step _step 38/40: done in 18655ms.
?[36m[info]?[0m [phantom] waitFor() finished in 41ms.
?[36m[info]?[0m [phantom] Step anonymous 39/41 https://www.spidasoftware.com/projectmanager/formTemplate/list?offset=30&max=10&sort=name&order=asc (HTTP 200)
Stored screenshot of form: Pole Profile
Stored screenshot of form: Review Checklist
?[36m[info]?[0m [phantom] Step anonymous 39/41: done in 18731ms.
?[36m[info]?[0m [phantom] Step clickForm 40/51 https://www.spidasoftware.com/projectmanager/formTemplate/list?offset=30&max=10&sort=name&order=asc (HTTP 200)
?[32;1m[debug]?[0m [phantom] Mouse event 'mousedown' on selector: xpath selector: //*[text()="Pole Profile"]
?[32;1m[debug]?[0m [phantom] Mouse event 'mouseup' on selector: xpath selector: //*[text()="Pole Profile"]
?[32;1m[debug]?[0m [phantom] Mouse event 'click' on selector: xpath selector: //*[text()="Pole Profile"]
?[32;1m[debug]?[0m [phantom] Navigation requested: url=https://www.spidasoftware.com/projectmanager/formTemplate/edit/73136, type=LinkClicked, willNavigate=true, isMainFrame=true
?[36m[info]?[0m [phantom] Step clickForm 40/51: done in 18749ms.
?[33m[warning]?[0m [phantom] Loading resource failed with status=fail (HTTP 200): https://www.spidasoftware.com/projectmanager/formTemplate/edit/73136
?[32;1m[debug]?[0m [phantom] url changed to "https://www.spidasoftware.com/projectmanager/formTemplate/edit/73136"
?[32;1m[debug]?[0m [phantom] Successfully injected Casper client-side utilities
?[36m[info]?[0m [phantom] Step _step 41/51 https://www.spidasoftware.com/projectmanager/formTemplate/edit/73136 (HTTP 200)
?[36m[info]?[0m [phantom] Step _step 41/51: done in 20584ms.
?[36m[info]?[0m [phantom] waitFor() finished in 41ms.
?[36m[info]?[0m [phantom] Step anonymous 42/52 https://www.spidasoftware.com/projectmanager/formTemplate/edit/73136 (HTTP 200)
?[36m[info]?[0m [phantom] Step anonymous 42/52: done in 20645ms.
?[36m[info]?[0m [phantom] Step anonymous 43/52 https://www.spidasoftware.com/projectmanager/formTemplate/edit/73136 (HTTP 200)
?[36m[info]?[0m [phantom] Step anonymous 43/52: done in 20671ms.
?[36m[info]?[0m [phantom] Step anonymous 44/52 https://www.spidasoftware.com/projectmanager/formTemplate/edit/73136 (HTTP 200)
?[36m[info]?[0m [phantom] Step anonymous 44/52: done in 20692ms.
?[36m[info]?[0m [phantom] Step _step 45/53 https://www.spidasoftware.com/projectmanager/formTemplate/edit/73136 (HTTP 200)
?[36m[info]?[0m [phantom] Step _step 45/53: done in 20716ms.
?[32;1m[debug]?[0m [phantom] Navigation requested: url=https://www.spidasoftware.com/projectmanager/formTemplate/list?offset=30&max=10&sort=name&order=asc, type=BackOrForward, willNavigate=true, isMainFrame=true
?[33m[warning]?[0m [phantom] Loading resource failed with status=fail (HTTP 200): https://www.spidasoftware.com/projectmanager/formTemplate/list?offset=30&max=10&sort=name&order=asc
?[32;1m[debug]?[0m [phantom] url changed to "https://www.spidasoftware.com/projectmanager/formTemplate/list?offset=30&max=10&sort=name&order=asc"
?[32;1m[debug]?[0m [phantom] Successfully injected Casper client-side utilities
?[36m[info]?[0m [phantom] Step _step 46/53 https://www.spidasoftware.com/projectmanager/formTemplate/list?offset=30&max=10&sort=name&order=asc (HTTP 200)
?[36m[info]?[0m [phantom] Step _step 46/53: done in 22011ms.
?[36m[info]?[0m [phantom] waitFor() finished in 40ms.
?[36m[info]?[0m [phantom] Step anonymous 47/54 https://www.spidasoftware.com/projectmanager/formTemplate/list?offset=30&max=10&sort=name&order=asc (HTTP 200)
?[36m[info]?[0m [phantom] Step anonymous 47/54: done in 22072ms.
?[36m[info]?[0m [phantom] Step clickForm 48/54 https://www.spidasoftware.com/projectmanager/formTemplate/list?offset=30&max=10&sort=name&order=asc (HTTP 200)
?[32;1m[debug]?[0m [phantom] Mouse event 'mousedown' on selector: xpath selector: //*[text()="Review Checklist"]
?[32;1m[debug]?[0m [phantom] Mouse event 'mouseup' on selector: xpath selector: //*[text()="Review Checklist"]
?[32;1m[debug]?[0m [phantom] Mouse event 'click' on selector: xpath selector: //*[text()="Review Checklist"]
?[32;1m[debug]?[0m [phantom] Navigation requested: url=https://www.spidasoftware.com/projectmanager/formTemplate/edit/83770, type=LinkClicked, willNavigate=true, isMainFrame=true
?[36m[info]?[0m [phantom] Step clickForm 48/54: done in 22105ms.
?[33m[warning]?[0m [phantom] Loading resource failed with status=fail (HTTP 200): https://www.spidasoftware.com/projectmanager/formTemplate/edit/83770
?[32;1m[debug]?[0m [phantom] url changed to "https://www.spidasoftware.com/projectmanager/formTemplate/edit/83770"
?[32;1m[debug]?[0m [phantom] Successfully injected Casper client-side utilities
?[36m[info]?[0m [phantom] Step _step 49/54 https://www.spidasoftware.com/projectmanager/formTemplate/edit/83770 (HTTP 200)
?[36m[info]?[0m [phantom] Step _step 49/54: done in 23758ms.
?[36m[info]?[0m [phantom] waitFor() finished in 41ms.
?[36m[info]?[0m [phantom] Step anonymous 50/55 https://www.spidasoftware.com/projectmanager/formTemplate/edit/83770 (HTTP 200)
?[36m[info]?[0m [phantom] Step anonymous 50/55: done in 23816ms.
?[36m[info]?[0m [phantom] Step anonymous 51/55 https://www.spidasoftware.com/projectmanager/formTemplate/edit/83770 (HTTP 200)
?[36m[info]?[0m [phantom] Step anonymous 51/55: done in 23838ms.
?[36m[info]?[0m [phantom] Step anonymous 52/55 https://www.spidasoftware.com/projectmanager/formTemplate/edit/83770 (HTTP 200)
?[36m[info]?[0m [phantom] Step anonymous 52/55: done in 23856ms.
?[36m[info]?[0m [phantom] Step _step 53/56 https://www.spidasoftware.com/projectmanager/formTemplate/edit/83770 (HTTP 200)
?[36m[info]?[0m [phantom] Step _step 53/56: done in 23877ms.
?[32;1m[debug]?[0m [phantom] Navigation requested: url=https://www.spidasoftware.com/projectmanager/formTemplate/list?offset=30&max=10&sort=name&order=asc, type=BackOrForward, willNavigate=true, isMainFrame=true
?[33m[warning]?[0m [phantom] Loading resource failed with status=fail (HTTP 200): https://www.spidasoftware.com/projectmanager/formTemplate/list?offset=30&max=10&sort=name&order=asc
?[32;1m[debug]?[0m [phantom] url changed to "https://www.spidasoftware.com/projectmanager/formTemplate/list?offset=30&max=10&sort=name&order=asc"
?[32;1m[debug]?[0m [phantom] Successfully injected Casper client-side utilities
?[36m[info]?[0m [phantom] Step _step 54/56 https://www.spidasoftware.com/projectmanager/formTemplate/list?offset=30&max=10&sort=name&order=asc (HTTP 200)
?[36m[info]?[0m [phantom] Step _step 54/56: done in 24489ms.
?[36m[info]?[0m [phantom] waitFor() finished in 41ms.
?[36m[info]?[0m [phantom] Step anonymous 55/57 https://www.spidasoftware.com/projectmanager/formTemplate/list?offset=30&max=10&sort=name&order=asc (HTTP 200)
?[36m[info]?[0m [phantom] Step anonymous 55/57: done in 24547ms.
?[32;1m[debug]?[0m [phantom] opening url: https://www.spidasoftware.com/projectmanager/formTemplate/list?offset=40&max=10&sort=name&order=asc, HTTP GET
?[32;1m[debug]?[0m [phantom] Navigation requested: url=https://www.spidasoftware.com/projectmanager/formTemplate/list?offset=40&max=10&sort=name&order=asc, type=Other, willNavigate=true, isMainFrame=true
?[33m[warning]?[0m [phantom] Loading resource failed with status=fail (HTTP 200): https://www.spidasoftware.com/projectmanager/formTemplate/list?offset=40&max=10&sort=name&order=asc
?[32;1m[debug]?[0m [phantom] url changed to "https://www.spidasoftware.com/projectmanager/formTemplate/list?offset=40&max=10&sort=name&order=asc"
?[32;1m[debug]?[0m [phantom] Successfully injected Casper client-side utilities
?[36m[info]?[0m [phantom] Step anonymous 57/57 https://www.spidasoftware.com/projectmanager/formTemplate/list?offset=40&max=10&sort=name&order=asc (HTTP 200)
?[36m[info]?[0m [phantom] Step anonymous 57/57: done in 25232ms.
?[36m[info]?[0m [phantom] Step _step 58/58 https://www.spidasoftware.com/projectmanager/formTemplate/list?offset=40&max=10&sort=name&order=asc (HTTP 200)
?[36m[info]?[0m [phantom] Step _step 58/58: done in 25250ms.
?[36m[info]?[0m [phantom] waitFor() finished in 47ms.
?[36m[info]?[0m [phantom] Step anonymous 59/59 https://www.spidasoftware.com/projectmanager/formTemplate/list?offset=40&max=10&sort=name&order=asc (HTTP 200)
?[36m[info]?[0m [phantom] Step anonymous 59/59: done in 25327ms.
?[36m[info]?[0m [phantom] Done 59 steps in 25338ms
Forms to generate: 
0: Pole Profile
1: Joint Use Info
2: Review Checklist
?[36m[info]?[0m [phantom] Starting...
?[36m[info]?[0m [phantom] Execution timeout set to 12000ms
?[36m[info]?[0m [phantom] Running suite: 6 steps
?[32;1m[debug]?[0m [phantom] opening url: file:///Users/zpeugh/code/min/scripts/flowdocument/Resources/formHtmls/Pole Profile.html, HTTP GET
?[32;1m[debug]?[0m [phantom] Navigation requested: url=file:///Users/zpeugh/code/min/scripts/flowdocument/Resources/formHtmls/Pole Profile.html, type=Other, willNavigate=true, isMainFrame=true
?[32;1m[debug]?[0m [phantom] url changed to "file:///Users/zpeugh/code/min/scripts/flowdocument/Resources/formHtmls/Pole Profile.html"
?[32;1m[debug]?[0m [phantom] Successfully injected Casper client-side utilities
?[36m[info]?[0m [phantom] Step anonymous 2/6: done in 106ms.
?[36m[info]?[0m [phantom] Step _step 3/9: done in 121ms.
?[36m[info]?[0m [phantom] waitFor() finished in 41ms.
?[32;1m[debug]?[0m [phantom] Capturing page to /Users/zpeugh/code/min/scripts/flowdocument/Resources/formHtmls/formPNGs/Pole Profile.png with clipRect {"top":13,"height":1317,"left":8,"width":808}
?[36m[info]?[0m [phantom] Capture saved to /Users/zpeugh/code/min/scripts/flowdocument/Resources/formHtmls/formPNGs/Pole Profile.png
?[36m[info]?[0m [phantom] Step anonymous 4/10: done in 393ms.
?[36m[info]?[0m [phantom] Step anonymous 5/10: done in 398ms.
?[36m[info]?[0m [phantom] Step _step 6/10: done in 417ms.
?[36m[info]?[0m [phantom] waitFor() finished in 43ms.
?[32;1m[debug]?[0m [phantom] opening url: file:///Users/zpeugh/code/min/scripts/flowdocument/Resources/formHtmls/Joint Use Info.html, HTTP GET
?[32;1m[debug]?[0m [phantom] Navigation requested: url=file:///Users/zpeugh/code/min/scripts/flowdocument/Resources/formHtmls/Joint Use Info.html, type=Other, willNavigate=true, isMainFrame=true
?[32;1m[debug]?[0m [phantom] url changed to "file:///Users/zpeugh/code/min/scripts/flowdocument/Resources/formHtmls/Joint Use Info.html"
?[32;1m[debug]?[0m [phantom] Successfully injected Casper client-side utilities
?[36m[info]?[0m [phantom] Step anonymous 8/10: done in 506ms.
?[36m[info]?[0m [phantom] Step _step 9/13: done in 523ms.
?[36m[info]?[0m [phantom] waitFor() finished in 42ms.
?[32;1m[debug]?[0m [phantom] Capturing page to /Users/zpeugh/code/min/scripts/flowdocument/Resources/formHtmls/formPNGs/Joint Use Info.png with clipRect {"top":13,"height":562,"left":8,"width":808}
?[36m[info]?[0m [phantom] Capture saved to /Users/zpeugh/code/min/scripts/flowdocument/Resources/formHtmls/formPNGs/Joint Use Info.png
?[36m[info]?[0m [phantom] Step anonymous 10/14: done in 692ms.
?[36m[info]?[0m [phantom] Step anonymous 11/14: done in 695ms.
?[36m[info]?[0m [phantom] Step _step 12/14: done in 715ms.
?[36m[info]?[0m [phantom] waitFor() finished in 45ms.
?[32;1m[debug]?[0m [phantom] opening url: file:///Users/zpeugh/code/min/scripts/flowdocument/Resources/formHtmls/Review Checklist.html, HTTP GET
?[32;1m[debug]?[0m [phantom] Navigation requested: url=file:///Users/zpeugh/code/min/scripts/flowdocument/Resources/formHtmls/Review Checklist.html, type=Other, willNavigate=true, isMainFrame=true
?[32;1m[debug]?[0m [phantom] url changed to "file:///Users/zpeugh/code/min/scripts/flowdocument/Resources/formHtmls/Review Checklist.html"
?[32;1m[debug]?[0m [phantom] Successfully injected Casper client-side utilities
?[36m[info]?[0m [phantom] Step anonymous 14/14: done in 804ms.
?[36m[info]?[0m [phantom] Step _step 15/17: done in 824ms.
?[36m[info]?[0m [phantom] waitFor() finished in 41ms.
?[32;1m[debug]?[0m [phantom] Capturing page to /Users/zpeugh/code/min/scripts/flowdocument/Resources/formHtmls/formPNGs/Review Checklist.png with clipRect {"top":13,"height":396,"left":8,"width":808}
?[36m[info]?[0m [phantom] Capture saved to /Users/zpeugh/code/min/scripts/flowdocument/Resources/formHtmls/formPNGs/Review Checklist.png
?[36m[info]?[0m [phantom] Step anonymous 16/18: done in 973ms.
?[36m[info]?[0m [phantom] Step anonymous 17/18: done in 976ms.
?[36m[info]?[0m [phantom] Step _step 18/18: done in 1006ms.
?[36m[info]?[0m [phantom] waitFor() finished in 42ms.
?[36m[info]?[0m [phantom] Done 18 steps in 1063ms
All forms: [Pole Profile, Joint Use Info, Review Checklist]
Missed Forms: null
company name: ACME Power Co.
flow Name: Joint Use Workflow
2: Resume 45 Day Clock
3: 60 Days Complete ACME MR
4: Pause 45 Day Clock
5: Email Assignee, Canceled Project
6: Unlock Project
7: Email Customer: Editing Instructions
8: Email Customer (Proceed to Attach)
9: Email Assignee, Verify Exhibit Signed
10: Assign Licensee
11: 14 Days, Notify Customer of Actual Cost
12: Remove Time Markers
13: Lic. 14 Days to Respond
14: CompletePoleFormEmail
15: Email Customer: Application Instructions
16: Assign Customer
17: Email Managers, Canceled Project
18: Review Actual Cost
19: StationFormAction
20: Corrections Required Email
21: Email Customer: Editing Projects
22: Assign ACME JU Admin
23: Pole Count Locked
24: 14 Days to Respond
25: 90 Day Clock
26: Email Customer: Complete New Forms
27: Assign Joint Use Manager as Manager
28: 45 Day Clock
29: Email Licensee Begin Construction
30: Generate Calc File
31: Email Customer: Review Make Ready
32: Email Customer (No Make Ready Reqd)
33: Remove Clock
34: PNM Assignee Other Attachers
35: Email Lic Canceled
36: AssignAssigneeFromForm
37: Corrections Req'd Email
38: 30 Days to Correct Installation
39: 14 Day Clock for Lic to Accept Actual Cost
40: Email Licensee: Project Editing
?[36m[info]?[0m [phantom] Starting...
?[36m[info]?[0m [phantom] Execution timeout set to 10000ms
?[36m[info]?[0m [phantom] Running suite: 13 steps
?[32;1m[debug]?[0m [phantom] opening url: https://www.spidasoftware.com/projectmanager/, HTTP GET
?[32;1m[debug]?[0m [phantom] Navigation requested: url=https://www.spidasoftware.com/projectmanager/, type=Other, willNavigate=true, isMainFrame=true
?[32;1m[debug]?[0m [phantom] Navigation requested: url=https://www.spidasoftware.com/cas/login?service=https://www.spidasoftware.com/projectmanager/j_spring_cas_security_check, type=Other, willNavigate=true, isMainFrame=true
?[32;1m[debug]?[0m [phantom] url changed to "https://www.spidasoftware.com/cas/login?service=https://www.spidasoftware.com/projectmanager/j_spring_cas_security_check"
?[32;1m[debug]?[0m [phantom] Successfully injected Casper client-side utilities
?[32;1m[debug]?[0m [phantom] start page is loaded
?[36m[info]?[0m [phantom] Step login 3/13 https://www.spidasoftware.com/cas/login?service=https://www.spidasoftware.com/projectmanager/j_spring_cas_security_check (HTTP 200)
?[36m[info]?[0m [remote] attempting to fetch form element from selector: 'form#fm1'
?[32;1m[debug]?[0m [remote] Set "username" field value to admin@spidasoftware.com
?[32;1m[debug]?[0m [remote] Set "password" field value to ***************
?[36m[info]?[0m [remote] submitting form to /cas/login;jsessionid=0D200ECD4D4FC8A10F6061102BE8B623?service=https%3A%2F%2Fwww.spidasoftware.com%2Fprojectmanager%2Fj_spring_cas_security_check, HTTP POST
?[36m[info]?[0m [phantom] Step login 3/13: done in 1495ms.
?[32;1m[debug]?[0m [phantom] Navigation requested: url=https://www.spidasoftware.com/cas/login;jsessionid=0D200ECD4D4FC8A10F6061102BE8B623?service=https://www.spidasoftware.com/projectmanager/j_spring_cas_security_check, type=FormSubmitted, willNavigate=true, isMainFrame=true
?[32;1m[debug]?[0m [phantom] Navigation requested: url=https://www.spidasoftware.com/projectmanager/j_spring_cas_security_check?ticket=ST-334-0EYwecdDZmRhkTK7qt2d-www.spidasoftware.com, type=FormSubmitted, willNavigate=true, isMainFrame=true
?[32;1m[debug]?[0m [phantom] Navigation requested: url=https://www.spidasoftware.com/projectmanager/, type=FormSubmitted, willNavigate=true, isMainFrame=true
?[32;1m[debug]?[0m [phantom] url changed to "https://www.spidasoftware.com/projectmanager/"
?[32;1m[debug]?[0m [phantom] Successfully injected Casper client-side utilities
?[36m[info]?[0m [phantom] Step _step 4/13 https://www.spidasoftware.com/projectmanager/ (HTTP 200)
?[36m[info]?[0m [phantom] Step _step 4/13: done in 6791ms.
?[36m[info]?[0m [phantom] waitFor() finished in 40ms.
?[36m[info]?[0m [phantom] Step afterLogin 5/14 https://www.spidasoftware.com/projectmanager/ (HTTP 200)
Logged in successfully
?[36m[info]?[0m [phantom] Step afterLogin 5/14: done in 6851ms.
?[36m[info]?[0m [phantom] Step _step 6/14 https://www.spidasoftware.com/projectmanager/ (HTTP 200)
?[36m[info]?[0m [phantom] Step _step 6/14: done in 6875ms.
?[36m[info]?[0m [phantom] waitFor() finished in 45ms.
?[36m[info]?[0m [phantom] Step anonymous 7/15 https://www.spidasoftware.com/projectmanager/ (HTTP 200)
?[32;1m[debug]?[0m [phantom] Mouse event 'mousedown' on selector: xpath selector: //*[text()="ACME Power Co."]
?[32;1m[debug]?[0m [phantom] Mouse event 'mouseup' on selector: xpath selector: //*[text()="ACME Power Co."]
?[32;1m[debug]?[0m [phantom] Mouse event 'click' on selector: xpath selector: //*[text()="ACME Power Co."]
?[32;1m[debug]?[0m [phantom] Navigation requested: url=https://www.spidasoftware.com/projectmanager/#, type=LinkClicked, willNavigate=true, isMainFrame=true
?[32;1m[debug]?[0m [phantom] url changed to "https://www.spidasoftware.com/projectmanager/#"
?[36m[info]?[0m [phantom] Step anonymous 7/15: done in 6952ms.
?[32;1m[debug]?[0m [phantom] Navigation requested: url=https://www.spidasoftware.com/projectmanager/switchcompany, type=FormSubmitted, willNavigate=true, isMainFrame=true
?[33m[warning]?[0m [phantom] Loading resource failed with status=fail (HTTP 200): https://www.spidasoftware.com/projectmanager/switchcompany
?[32;1m[debug]?[0m [phantom] Navigation requested: url=https://www.spidasoftware.com/projectmanager/dashboard/index, type=FormSubmitted, willNavigate=true, isMainFrame=true
?[32;1m[debug]?[0m [phantom] url changed to "https://www.spidasoftware.com/projectmanager/dashboard/index"
script timed out
?[32;1m[debug]?[0m [phantom] Successfully injected Casper client-side utilities
?[36m[info]?[0m [phantom] Step _step 8/15 https://www.spidasoftware.com/projectmanager/dashboard/index (HTTP 200)
?[36m[info]?[0m [phantom] Step _step 8/15: done in 10026ms.
?[36m[info]?[0m [phantom] waitFor() finished in 199ms.
?[36m[info]?[0m [phantom] Step anonymous 9/16 https://www.spidasoftware.com/projectmanager/dashboard/index (HTTP 200)
Logged in as: ACME Power Co.
?[36m[info]?[0m [phantom] Step anonymous 9/16: done in 10226ms.
?[32;1m[debug]?[0m [phantom] opening url: https://www.spidasoftware.com/projectmanager/flow/list, HTTP GET
?[32;1m[debug]?[0m [phantom] Navigation requested: url=https://www.spidasoftware.com/projectmanager/flow/list, type=Other, willNavigate=true, isMainFrame=true
?[33m[warning]?[0m [phantom] Loading resource failed with status=fail (HTTP 200): https://www.spidasoftware.com/projectmanager/flow/list
?[32;1m[debug]?[0m [phantom] url changed to "https://www.spidasoftware.com/projectmanager/flow/list"
?[32;1m[debug]?[0m [phantom] Successfully injected Casper client-side utilities
?[36m[info]?[0m [phantom] Step openFlowList 11/16 https://www.spidasoftware.com/projectmanager/flow/list (HTTP 200)
Navigating to Flow List
?[36m[info]?[0m [phantom] Step openFlowList 11/16: done in 11173ms.
?[36m[info]?[0m [phantom] Step _step 12/16 https://www.spidasoftware.com/projectmanager/flow/list (HTTP 200)
?[36m[info]?[0m [phantom] Step _step 12/16: done in 11192ms.
?[36m[info]?[0m [phantom] waitFor() finished in 42ms.
?[36m[info]?[0m [phantom] Step clickFlow 13/17 https://www.spidasoftware.com/projectmanager/flow/list (HTTP 200)
Currently at: https://www.spidasoftware.com/projectmanager/flow/list
?[32;1m[debug]?[0m [phantom] Mouse event 'mousedown' on selector: xpath selector: //a[text()="Joint Use Workflow"]
?[32;1m[debug]?[0m [phantom] Mouse event 'mouseup' on selector: xpath selector: //a[text()="Joint Use Workflow"]
?[32;1m[debug]?[0m [phantom] Mouse event 'click' on selector: xpath selector: //a[text()="Joint Use Workflow"]
?[32;1m[debug]?[0m [phantom] Navigation requested: url=https://www.spidasoftware.com/projectmanager/flow/edit/87449, type=LinkClicked, willNavigate=true, isMainFrame=true
?[36m[info]?[0m [phantom] Step clickFlow 13/17: done in 11265ms.
?[33m[warning]?[0m [phantom] Loading resource failed with status=fail (HTTP 200): https://www.spidasoftware.com/projectmanager/flow/edit/87449
?[32;1m[debug]?[0m [phantom] url changed to "https://www.spidasoftware.com/projectmanager/flow/edit/87449"
?[32;1m[debug]?[0m [phantom] Successfully injected Casper client-side utilities
?[36m[info]?[0m [phantom] Step _step 14/17 https://www.spidasoftware.com/projectmanager/flow/edit/87449 (HTTP 200)
?[36m[info]?[0m [phantom] Step _step 14/17: done in 13331ms.
?[36m[info]?[0m [phantom] waitFor() finished in 3630ms.
?[36m[info]?[0m [phantom] Step getOrder 15/18 https://www.spidasoftware.com/projectmanager/flow/edit/87449 (HTTP 200)
?[36m[info]?[0m [phantom] Step getOrder 15/18: done in 17041ms.
?[36m[info]?[0m [phantom] Step _step 16/18 https://www.spidasoftware.com/projectmanager/flow/edit/87449 (HTTP 200)
?[36m[info]?[0m [phantom] Step _step 16/18: done in 17043ms.
?[36m[info]?[0m [phantom] wait() finished waiting for 2000ms.
Currently at: https://www.spidasoftware.com/projectmanager/flow/edit/87449
?[32;1m[debug]?[0m [phantom] Mouse event 'mousedown' on selector: #events_table>table>tbody>tr:nth-child(1)>td:nth-child(5)>a
?[32;1m[debug]?[0m [phantom] Mouse event 'mouseup' on selector: #events_table>table>tbody>tr:nth-child(1)>td:nth-child(5)>a
?[32;1m[debug]?[0m [phantom] Mouse event 'click' on selector: #events_table>table>tbody>tr:nth-child(1)>td:nth-child(5)>a
?[32;1m[debug]?[0m [phantom] Navigation requested: url=https://www.spidasoftware.com/projectmanager/flow/edit/87449#, type=LinkClicked, willNavigate=true, isMainFrame=true
?[32;1m[debug]?[0m [phantom] url changed to "https://www.spidasoftware.com/projectmanager/flow/edit/87449#"
?[36m[info]?[0m [phantom] Step _step 17/18 https://www.spidasoftware.com/projectmanager/flow/edit/87449# (HTTP 200)
?[36m[info]?[0m [phantom] Step _step 17/18: done in 19061ms.
?[36m[info]?[0m [phantom] waitFor() finished in 1362ms.
?[36m[info]?[0m [phantom] Step clickActionTab 18/19 https://www.spidasoftware.com/projectmanager/flow/edit/87449# (HTTP 200)
?[32;1m[debug]?[0m [phantom] Mouse event 'mousedown' on selector: form>div>div>dl>dd:nth-child(2)>a
?[32;1m[debug]?[0m [phantom] Mouse event 'mouseup' on selector: form>div>div>dl>dd:nth-child(2)>a
?[32;1m[debug]?[0m [phantom] Mouse event 'click' on selector: form>div>div>dl>dd:nth-child(2)>a
?[36m[info]?[0m [phantom] Step clickActionTab 18/19: done in 20438ms.
?[36m[info]?[0m [phantom] Step _step 19/19 https://www.spidasoftware.com/projectmanager/flow/edit/87449# (HTTP 200)
?[36m[info]?[0m [phantom] Step _step 19/19: done in 20441ms.
?[36m[info]?[0m [phantom] waitFor() finished in 42ms.
?[36m[info]?[0m [phantom] Step chooseAnAction 20/20 https://www.spidasoftware.com/projectmanager/flow/edit/87449# (HTTP 200)
Capturing action: Remove Time Markers...
73100
Capturing action: Generate Calc File...
73125
Capturing action: Assign Licensee...
83659
Capturing action: Corrections Required Email...
83670
Capturing action: Remove Clock...
83695
Capturing action: CompletePoleFormEmail...
83663
Capturing action: Email Customer (No Make Ready Reqd)...
83690
Capturing action: 45 Day Clock...
83682
Capturing action: Lic. 14 Days to Respond...
83660
Capturing action: Pole Count Locked...
83736
Capturing action: 14 Days to Respond...
83743
Capturing action: StationFormAction...
83735
Capturing action: AssignAssigneeFromForm...
83698
Capturing action: Unlock Project...
84103
Capturing action: Email Managers, Canceled Project...
83668
Capturing action: Email Lic Canceled...
84078
Capturing action: Pause 45 Day Clock...
84098
Capturing action: Resume 45 Day Clock...
84099
Capturing action: 14 Days, Notify Customer of Actual Cost...
84109
Capturing action: Email Customer (Proceed to Attach)...
83782
Capturing action: 30 Days to Correct Installation...
83766
Capturing action: 14 Day Clock for Lic to Accept Actual Cost...
84091
Capturing action: Corrections Req'd Email...
83765
Capturing action: Email Licensee: Project Editing...
84159
Capturing action: Email Assignee, Canceled Project...
84164
Capturing action: Email Assignee, Verify Exhibit Signed...
83721
Capturing action: Email Licensee Begin Construction...
83746
Capturing action: Email Customer: Complete New Forms...
84128
Capturing action: 90 Day Clock...
83745
Capturing action: Assign Joint Use Manager as Manager...
84131
Capturing action: Assign Customer...
86100
Capturing action: PNM Assignee Other Attachers...
87535
Capturing action: Email Customer: Editing Projects...
84118
Capturing action: Email Customer: Application Instructions...
84176
Capturing action: Email Customer: Editing Instructions...
84102
Capturing action: Email Customer: Review Make Ready...
84075
Capturing action: 60 Days Complete ACME MR...
87491
Capturing action: Assign ACME JU Admin...
87513
Capturing action: Review Actual Cost...
84116
?[36m[info]?[0m [phantom] Step chooseAnAction 20/20: done in 38786ms.
?[36m[info]?[0m [phantom] Step changeOnClickValue 21/98 https://www.spidasoftware.com/projectmanager/flow/edit/87449# (HTTP 200)
?[36m[info]?[0m [phantom] Step changeOnClickValue 21/98: done in 38789ms.
?[36m[info]?[0m [phantom] Step _step 22/98 https://www.spidasoftware.com/projectmanager/flow/edit/87449# (HTTP 200)
?[36m[info]?[0m [phantom] Step _step 22/98: done in 38808ms.
?[36m[info]?[0m [phantom] wait() finished waiting for 2000ms.
?[36m[info]?[0m [phantom] Step _step 23/99 https://www.spidasoftware.com/projectmanager/flow/edit/87449# (HTTP 200)
?[36m[info]?[0m [phantom] Step _step 23/99: done in 40816ms.
?[36m[info]?[0m [phantom] waitFor() finished in 42ms.
?[36m[info]?[0m [phantom] Step waitedForJavascript 24/100 https://www.spidasoftware.com/projectmanager/flow/edit/87449# (HTTP 200)
?[32;1m[debug]?[0m [phantom] Capturing page to /Users/zpeugh/code/min/scripts/flowdocument/pngs/Remove Time Markers.png
?[36m[info]?[0m [phantom] Capture saved to /Users/zpeugh/code/min/scripts/flowdocument/pngs/Remove Time Markers.png
Captured action: Remove Time Markersvalue: 73100
?[36m[info]?[0m [phantom] Step waitedForJavascript 24/100: done in 41385ms.
?[36m[info]?[0m [phantom] Step changeOnClickValue 25/100 https://www.spidasoftware.com/projectmanager/flow/edit/87449# (HTTP 200)
?[36m[info]?[0m [phantom] Step changeOnClickValue 25/100: done in 41478ms.
?[36m[info]?[0m [phantom] Step _step 26/100 https://www.spidasoftware.com/projectmanager/flow/edit/87449# (HTTP 200)
?[36m[info]?[0m [phantom] Step _step 26/100: done in 41512ms.
?[36m[info]?[0m [phantom] wait() finished waiting for 2000ms.
?[36m[info]?[0m [phantom] Step _step 27/101 https://www.spidasoftware.com/projectmanager/flow/edit/87449# (HTTP 200)
?[36m[info]?[0m [phantom] Step _step 27/101: done in 43514ms.
?[36m[info]?[0m [phantom] waitFor() finished in 40ms.
?[36m[info]?[0m [phantom] Step waitedForJavascript 28/102 https://www.spidasoftware.com/projectmanager/flow/edit/87449# (HTTP 200)
?[32;1m[debug]?[0m [phantom] Capturing page to /Users/zpeugh/code/min/scripts/flowdocument/pngs/Generate Calc File.png
?[36m[info]?[0m [phantom] Capture saved to /Users/zpeugh/code/min/scripts/flowdocument/pngs/Generate Calc File.png
Captured action: Generate Calc Filevalue: 73125
?[36m[info]?[0m [phantom] Step waitedForJavascript 28/102: done in 43946ms.
?[36m[info]?[0m [phantom] Step changeOnClickValue 29/102 https://www.spidasoftware.com/projectmanager/flow/edit/87449# (HTTP 200)
?[36m[info]?[0m [phantom] Step changeOnClickValue 29/102: done in 43949ms.
?[36m[info]?[0m [phantom] Step _step 30/102 https://www.spidasoftware.com/projectmanager/flow/edit/87449# (HTTP 200)
?[36m[info]?[0m [phantom] Step _step 30/102: done in 44047ms.
?[36m[info]?[0m [phantom] wait() finished waiting for 2000ms.
?[36m[info]?[0m [phantom] Step _step 31/103 https://www.spidasoftware.com/projectmanager/flow/edit/87449# (HTTP 200)
?[36m[info]?[0m [phantom] Step _step 31/103: done in 46061ms.
?[36m[info]?[0m [phantom] waitFor() finished in 41ms.
?[36m[info]?[0m [phantom] Step waitedForJavascript 32/104 https://www.spidasoftware.com/projectmanager/flow/edit/87449# (HTTP 200)
?[32;1m[debug]?[0m [phantom] Capturing page to /Users/zpeugh/code/min/scripts/flowdocument/pngs/Assign Licensee.png
?[36m[info]?[0m [phantom] Capture saved to /Users/zpeugh/code/min/scripts/flowdocument/pngs/Assign Licensee.png
Captured action: Assign Licenseevalue: 83659
?[36m[info]?[0m [phantom] Step waitedForJavascript 32/104: done in 46520ms.
?[36m[info]?[0m [phantom] Step changeOnClickValue 33/104 https://www.spidasoftware.com/projectmanager/flow/edit/87449# (HTTP 200)
?[36m[info]?[0m [phantom] Step changeOnClickValue 33/104: done in 46523ms.
?[36m[info]?[0m [phantom] Step _step 34/104 https://www.spidasoftware.com/projectmanager/flow/edit/87449# (HTTP 200)
?[36m[info]?[0m [phantom] Step _step 34/104: done in 46617ms.
?[36m[info]?[0m [phantom] wait() finished waiting for 2000ms.
?[36m[info]?[0m [phantom] Step _step 35/105 https://www.spidasoftware.com/projectmanager/flow/edit/87449# (HTTP 200)
?[36m[info]?[0m [phantom] Step _step 35/105: done in 48620ms.
?[36m[info]?[0m [phantom] waitFor() finished in 40ms.
?[36m[info]?[0m [phantom] Step waitedForJavascript 36/106 https://www.spidasoftware.com/projectmanager/flow/edit/87449# (HTTP 200)
?[32;1m[debug]?[0m [phantom] Capturing page to /Users/zpeugh/code/min/scripts/flowdocument/pngs/Corrections Required Email.png
?[36m[info]?[0m [phantom] Capture saved to /Users/zpeugh/code/min/scripts/flowdocument/pngs/Corrections Required Email.png
Captured action: Corrections Required Emailvalue: 83670
?[36m[info]?[0m [phantom] Step waitedForJavascript 36/106: done in 49041ms.
?[36m[info]?[0m [phantom] Step changeOnClickValue 37/106 https://www.spidasoftware.com/projectmanager/flow/edit/87449# (HTTP 200)
?[36m[info]?[0m [phantom] Step changeOnClickValue 37/106: done in 49043ms.
?[36m[info]?[0m [phantom] Step _step 38/106 https://www.spidasoftware.com/projectmanager/flow/edit/87449# (HTTP 200)
?[36m[info]?[0m [phantom] Step _step 38/106: done in 49144ms.
?[36m[info]?[0m [phantom] wait() finished waiting for 2000ms.
?[36m[info]?[0m [phantom] Step _step 39/107 https://www.spidasoftware.com/projectmanager/flow/edit/87449# (HTTP 200)
?[36m[info]?[0m [phantom] Step _step 39/107: done in 51148ms.
?[36m[info]?[0m [phantom] waitFor() finished in 40ms.
?[36m[info]?[0m [phantom] Step waitedForJavascript 40/108 https://www.spidasoftware.com/projectmanager/flow/edit/87449# (HTTP 200)
?[32;1m[debug]?[0m [phantom] Capturing page to /Users/zpeugh/code/min/scripts/flowdocument/pngs/Remove Clock.png
?[36m[info]?[0m [phantom] Capture saved to /Users/zpeugh/code/min/scripts/flowdocument/pngs/Remove Clock.png
Captured action: Remove Clockvalue: 83695
?[36m[info]?[0m [phantom] Step waitedForJavascript 40/108: done in 51550ms.
?[36m[info]?[0m [phantom] Step changeOnClickValue 41/108 https://www.spidasoftware.com/projectmanager/flow/edit/87449# (HTTP 200)
?[36m[info]?[0m [phantom] Step changeOnClickValue 41/108: done in 51552ms.
?[36m[info]?[0m [phantom] Step _step 42/108 https://www.spidasoftware.com/projectmanager/flow/edit/87449# (HTTP 200)
?[36m[info]?[0m [phantom] Step _step 42/108: done in 51655ms.
?[36m[info]?[0m [phantom] wait() finished waiting for 2000ms.
?[36m[info]?[0m [phantom] Step _step 43/109 https://www.spidasoftware.com/projectmanager/flow/edit/87449# (HTTP 200)
?[36m[info]?[0m [phantom] Step _step 43/109: done in 53678ms.
?[36m[info]?[0m [phantom] waitFor() finished in 42ms.
?[36m[info]?[0m [phantom] Step waitedForJavascript 44/110 https://www.spidasoftware.com/projectmanager/flow/edit/87449# (HTTP 200)
?[32;1m[debug]?[0m [phantom] Capturing page to /Users/zpeugh/code/min/scripts/flowdocument/pngs/CompletePoleFormEmail.png
?[36m[info]?[0m [phantom] Capture saved to /Users/zpeugh/code/min/scripts/flowdocument/pngs/CompletePoleFormEmail.png
Captured action: CompletePoleFormEmailvalue: 83663
?[36m[info]?[0m [phantom] Step waitedForJavascript 44/110: done in 54090ms.
?[36m[info]?[0m [phantom] Step changeOnClickValue 45/110 https://www.spidasoftware.com/projectmanager/flow/edit/87449# (HTTP 200)
?[36m[info]?[0m [phantom] Step changeOnClickValue 45/110: done in 54092ms.
?[36m[info]?[0m [phantom] Step _step 46/110 https://www.spidasoftware.com/projectmanager/flow/edit/87449# (HTTP 200)
?[36m[info]?[0m [phantom] Step _step 46/110: done in 54199ms.
?[36m[info]?[0m [phantom] wait() finished waiting for 2000ms.
?[36m[info]?[0m [phantom] Step _step 47/111 https://www.spidasoftware.com/projectmanager/flow/edit/87449# (HTTP 200)
?[36m[info]?[0m [phantom] Step _step 47/111: done in 56213ms.
?[36m[info]?[0m [phantom] waitFor() finished in 42ms.
?[36m[info]?[0m [phantom] Step waitedForJavascript 48/112 https://www.spidasoftware.com/projectmanager/flow/edit/87449# (HTTP 200)
?[32;1m[debug]?[0m [phantom] Capturing page to /Users/zpeugh/code/min/scripts/flowdocument/pngs/Email Customer (No Make Ready Reqd).png
?[36m[info]?[0m [phantom] Capture saved to /Users/zpeugh/code/min/scripts/flowdocument/pngs/Email Customer (No Make Ready Reqd).png
Captured action: Email Customer (No Make Ready Reqd)value: 83690
?[36m[info]?[0m [phantom] Step waitedForJavascript 48/112: done in 56614ms.
?[36m[info]?[0m [phantom] Step changeOnClickValue 49/112 https://www.spidasoftware.com/projectmanager/flow/edit/87449# (HTTP 200)
?[36m[info]?[0m [phantom] Step changeOnClickValue 49/112: done in 56617ms.
?[36m[info]?[0m [phantom] Step _step 50/112 https://www.spidasoftware.com/projectmanager/flow/edit/87449# (HTTP 200)
?[36m[info]?[0m [phantom] Step _step 50/112: done in 56714ms.
?[36m[info]?[0m [phantom] wait() finished waiting for 2000ms.
?[36m[info]?[0m [phantom] Step _step 51/113 https://www.spidasoftware.com/projectmanager/flow/edit/87449# (HTTP 200)
?[36m[info]?[0m [phantom] Step _step 51/113: done in 58727ms.
?[36m[info]?[0m [phantom] waitFor() finished in 40ms.
?[36m[info]?[0m [phantom] Step waitedForJavascript 52/114 https://www.spidasoftware.com/projectmanager/flow/edit/87449# (HTTP 200)
?[32;1m[debug]?[0m [phantom] Capturing page to /Users/zpeugh/code/min/scripts/flowdocument/pngs/45 Day Clock.png
?[36m[info]?[0m [phantom] Capture saved to /Users/zpeugh/code/min/scripts/flowdocument/pngs/45 Day Clock.png
Captured action: 45 Day Clockvalue: 83682
?[36m[info]?[0m [phantom] Step waitedForJavascript 52/114: done in 59197ms.
?[36m[info]?[0m [phantom] Step changeOnClickValue 53/114 https://www.spidasoftware.com/projectmanager/flow/edit/87449# (HTTP 200)
?[36m[info]?[0m [phantom] Step changeOnClickValue 53/114: done in 59199ms.
?[36m[info]?[0m [phantom] Step _step 54/114 https://www.spidasoftware.com/projectmanager/flow/edit/87449# (HTTP 200)
?[36m[info]?[0m [phantom] Step _step 54/114: done in 59307ms.
?[36m[info]?[0m [phantom] wait() finished waiting for 2000ms.
?[36m[info]?[0m [phantom] Step _step 55/115 https://www.spidasoftware.com/projectmanager/flow/edit/87449# (HTTP 200)
?[36m[info]?[0m [phantom] Step _step 55/115: done in 61319ms.
?[36m[info]?[0m [phantom] waitFor() finished in 40ms.
?[36m[info]?[0m [phantom] Step waitedForJavascript 56/116 https://www.spidasoftware.com/projectmanager/flow/edit/87449# (HTTP 200)
?[32;1m[debug]?[0m [phantom] Capturing page to /Users/zpeugh/code/min/scripts/flowdocument/pngs/Lic. 14 Days to Respond.png
?[36m[info]?[0m [phantom] Capture saved to /Users/zpeugh/code/min/scripts/flowdocument/pngs/Lic. 14 Days to Respond.png
Captured action: Lic. 14 Days to Respondvalue: 83660
?[36m[info]?[0m [phantom] Step waitedForJavascript 56/116: done in 61723ms.
?[36m[info]?[0m [phantom] Step changeOnClickValue 57/116 https://www.spidasoftware.com/projectmanager/flow/edit/87449# (HTTP 200)
?[36m[info]?[0m [phantom] Step changeOnClickValue 57/116: done in 61725ms.
?[36m[info]?[0m [phantom] Step _step 58/116 https://www.spidasoftware.com/projectmanager/flow/edit/87449# (HTTP 200)
?[36m[info]?[0m [phantom] Step _step 58/116: done in 61821ms.
?[36m[info]?[0m [phantom] wait() finished waiting for 2000ms.
?[36m[info]?[0m [phantom] Step _step 59/117 https://www.spidasoftware.com/projectmanager/flow/edit/87449# (HTTP 200)
?[36m[info]?[0m [phantom] Step _step 59/117: done in 63824ms.
?[36m[info]?[0m [phantom] waitFor() finished in 43ms.
?[36m[info]?[0m [phantom] Step waitedForJavascript 60/118 https://www.spidasoftware.com/projectmanager/flow/edit/87449# (HTTP 200)
?[32;1m[debug]?[0m [phantom] Capturing page to /Users/zpeugh/code/min/scripts/flowdocument/pngs/Pole Count Locked.png
?[36m[info]?[0m [phantom] Capture saved to /Users/zpeugh/code/min/scripts/flowdocument/pngs/Pole Count Locked.png
Captured action: Pole Count Lockedvalue: 83736
?[36m[info]?[0m [phantom] Step waitedForJavascript 60/118: done in 64239ms.
?[36m[info]?[0m [phantom] Step changeOnClickValue 61/118 https://www.spidasoftware.com/projectmanager/flow/edit/87449# (HTTP 200)
?[36m[info]?[0m [phantom] Step changeOnClickValue 61/118: done in 64241ms.
?[36m[info]?[0m [phantom] Step _step 62/118 https://www.spidasoftware.com/projectmanager/flow/edit/87449# (HTTP 200)
?[36m[info]?[0m [phantom] Step _step 62/118: done in 64336ms.
?[36m[info]?[0m [phantom] wait() finished waiting for 2000ms.
?[36m[info]?[0m [phantom] Step _step 63/119 https://www.spidasoftware.com/projectmanager/flow/edit/87449# (HTTP 200)
?[36m[info]?[0m [phantom] Step _step 63/119: done in 66356ms.
?[36m[info]?[0m [phantom] waitFor() finished in 41ms.
?[36m[info]?[0m [phantom] Step waitedForJavascript 64/120 https://www.spidasoftware.com/projectmanager/flow/edit/87449# (HTTP 200)
?[32;1m[debug]?[0m [phantom] Capturing page to /Users/zpeugh/code/min/scripts/flowdocument/pngs/14 Days to Respond.png
?[36m[info]?[0m [phantom] Capture saved to /Users/zpeugh/code/min/scripts/flowdocument/pngs/14 Days to Respond.png
Captured action: 14 Days to Respondvalue: 83743
?[36m[info]?[0m [phantom] Step waitedForJavascript 64/120: done in 66760ms.
?[36m[info]?[0m [phantom] Step changeOnClickValue 65/120 https://www.spidasoftware.com/projectmanager/flow/edit/87449# (HTTP 200)
?[36m[info]?[0m [phantom] Step changeOnClickValue 65/120: done in 66763ms.
?[36m[info]?[0m [phantom] Step _step 66/120 https://www.spidasoftware.com/projectmanager/flow/edit/87449# (HTTP 200)
?[36m[info]?[0m [phantom] Step _step 66/120: done in 66863ms.
?[36m[info]?[0m [phantom] wait() finished waiting for 2000ms.
?[36m[info]?[0m [phantom] Step _step 67/121 https://www.spidasoftware.com/projectmanager/flow/edit/87449# (HTTP 200)
?[36m[info]?[0m [phantom] Step _step 67/121: done in 68868ms.
?[36m[info]?[0m [phantom] waitFor() finished in 40ms.
?[36m[info]?[0m [phantom] Step waitedForJavascript 68/122 https://www.spidasoftware.com/projectmanager/flow/edit/87449# (HTTP 200)
?[32;1m[debug]?[0m [phantom] Capturing page to /Users/zpeugh/code/min/scripts/flowdocument/pngs/StationFormAction.png
?[36m[info]?[0m [phantom] Capture saved to /Users/zpeugh/code/min/scripts/flowdocument/pngs/StationFormAction.png
Captured action: StationFormActionvalue: 83735
?[36m[info]?[0m [phantom] Step waitedForJavascript 68/122: done in 69271ms.
?[36m[info]?[0m [phantom] Step changeOnClickValue 69/122 https://www.spidasoftware.com/projectmanager/flow/edit/87449# (HTTP 200)
?[36m[info]?[0m [phantom] Step changeOnClickValue 69/122: done in 69273ms.
?[36m[info]?[0m [phantom] Step _step 70/122 https://www.spidasoftware.com/projectmanager/flow/edit/87449# (HTTP 200)
?[36m[info]?[0m [phantom] Step _step 70/122: done in 69375ms.
?[36m[info]?[0m [phantom] wait() finished waiting for 2000ms.
?[36m[info]?[0m [phantom] Step _step 71/123 https://www.spidasoftware.com/projectmanager/flow/edit/87449# (HTTP 200)
?[36m[info]?[0m [phantom] Step _step 71/123: done in 71379ms.
?[36m[info]?[0m [phantom] waitFor() finished in 40ms.
?[36m[info]?[0m [phantom] Step waitedForJavascript 72/124 https://www.spidasoftware.com/projectmanager/flow/edit/87449# (HTTP 200)
?[32;1m[debug]?[0m [phantom] Capturing page to /Users/zpeugh/code/min/scripts/flowdocument/pngs/AssignAssigneeFromForm.png
?[36m[info]?[0m [phantom] Capture saved to /Users/zpeugh/code/min/scripts/flowdocument/pngs/AssignAssigneeFromForm.png
Captured action: AssignAssigneeFromFormvalue: 83698
?[36m[info]?[0m [phantom] Step waitedForJavascript 72/124: done in 71796ms.
?[36m[info]?[0m [phantom] Step changeOnClickValue 73/124 https://www.spidasoftware.com/projectmanager/flow/edit/87449# (HTTP 200)
?[36m[info]?[0m [phantom] Step changeOnClickValue 73/124: done in 71798ms.
?[36m[info]?[0m [phantom] Step _step 74/124 https://www.spidasoftware.com/projectmanager/flow/edit/87449# (HTTP 200)
?[36m[info]?[0m [phantom] Step _step 74/124: done in 71899ms.
?[36m[info]?[0m [phantom] wait() finished waiting for 2000ms.
?[36m[info]?[0m [phantom] Step _step 75/125 https://www.spidasoftware.com/projectmanager/flow/edit/87449# (HTTP 200)
?[36m[info]?[0m [phantom] Step _step 75/125: done in 73905ms.
?[36m[info]?[0m [phantom] waitFor() finished in 42ms.
?[36m[info]?[0m [phantom] Step waitedForJavascript 76/126 https://www.spidasoftware.com/projectmanager/flow/edit/87449# (HTTP 200)
?[32;1m[debug]?[0m [phantom] Capturing page to /Users/zpeugh/code/min/scripts/flowdocument/pngs/Unlock Project.png
?[36m[info]?[0m [phantom] Capture saved to /Users/zpeugh/code/min/scripts/flowdocument/pngs/Unlock Project.png
Captured action: Unlock Projectvalue: 84103
?[36m[info]?[0m [phantom] Step waitedForJavascript 76/126: done in 74317ms.
?[36m[info]?[0m [phantom] Step changeOnClickValue 77/126 https://www.spidasoftware.com/projectmanager/flow/edit/87449# (HTTP 200)
?[36m[info]?[0m [phantom] Step changeOnClickValue 77/126: done in 74319ms.
?[36m[info]?[0m [phantom] Step _step 78/126 https://www.spidasoftware.com/projectmanager/flow/edit/87449# (HTTP 200)
?[36m[info]?[0m [phantom] Step _step 78/126: done in 74413ms.
?[36m[info]?[0m [phantom] wait() finished waiting for 2000ms.
?[36m[info]?[0m [phantom] Step _step 79/127 https://www.spidasoftware.com/projectmanager/flow/edit/87449# (HTTP 200)
?[36m[info]?[0m [phantom] Step _step 79/127: done in 76427ms.
?[36m[info]?[0m [phantom] waitFor() finished in 40ms.
?[36m[info]?[0m [phantom] Step waitedForJavascript 80/128 https://www.spidasoftware.com/projectmanager/flow/edit/87449# (HTTP 200)
?[32;1m[debug]?[0m [phantom] Capturing page to /Users/zpeugh/code/min/scripts/flowdocument/pngs/Email Managers, Canceled Project.png
?[36m[info]?[0m [phantom] Capture saved to /Users/zpeugh/code/min/scripts/flowdocument/pngs/Email Managers, Canceled Project.png
Captured action: Email Managers, Canceled Projectvalue: 83668
?[36m[info]?[0m [phantom] Step waitedForJavascript 80/128: done in 76831ms.
?[36m[info]?[0m [phantom] Step changeOnClickValue 81/128 https://www.spidasoftware.com/projectmanager/flow/edit/87449# (HTTP 200)
?[36m[info]?[0m [phantom] Step changeOnClickValue 81/128: done in 76833ms.
?[36m[info]?[0m [phantom] Step _step 82/128 https://www.spidasoftware.com/projectmanager/flow/edit/87449# (HTTP 200)
?[36m[info]?[0m [phantom] Step _step 82/128: done in 76928ms.
?[36m[info]?[0m [phantom] wait() finished waiting for 2000ms.
?[36m[info]?[0m [phantom] Step _step 83/129 https://www.spidasoftware.com/projectmanager/flow/edit/87449# (HTTP 200)
?[36m[info]?[0m [phantom] Step _step 83/129: done in 78947ms.
?[36m[info]?[0m [phantom] waitFor() finished in 41ms.
?[36m[info]?[0m [phantom] Step waitedForJavascript 84/130 https://www.spidasoftware.com/projectmanager/flow/edit/87449# (HTTP 200)
?[32;1m[debug]?[0m [phantom] Capturing page to /Users/zpeugh/code/min/scripts/flowdocument/pngs/Email Lic Canceled.png
?[36m[info]?[0m [phantom] Capture saved to /Users/zpeugh/code/min/scripts/flowdocument/pngs/Email Lic Canceled.png
Captured action: Email Lic Canceledvalue: 84078
?[36m[info]?[0m [phantom] Step waitedForJavascript 84/130: done in 79346ms.
?[36m[info]?[0m [phantom] Step changeOnClickValue 85/130 https://www.spidasoftware.com/projectmanager/flow/edit/87449# (HTTP 200)
?[36m[info]?[0m [phantom] Step changeOnClickValue 85/130: done in 79349ms.
?[36m[info]?[0m [phantom] Step _step 86/130 https://www.spidasoftware.com/projectmanager/flow/edit/87449# (HTTP 200)
?[36m[info]?[0m [phantom] Step _step 86/130: done in 79448ms.
?[36m[info]?[0m [phantom] wait() finished waiting for 2000ms.
?[36m[info]?[0m [phantom] Step _step 87/131 https://www.spidasoftware.com/projectmanager/flow/edit/87449# (HTTP 200)
?[36m[info]?[0m [phantom] Step _step 87/131: done in 81459ms.
?[36m[info]?[0m [phantom] waitFor() finished in 43ms.
?[36m[info]?[0m [phantom] Step waitedForJavascript 88/132 https://www.spidasoftware.com/projectmanager/flow/edit/87449# (HTTP 200)
?[32;1m[debug]?[0m [phantom] Capturing page to /Users/zpeugh/code/min/scripts/flowdocument/pngs/Pause 45 Day Clock.png
?[36m[info]?[0m [phantom] Capture saved to /Users/zpeugh/code/min/scripts/flowdocument/pngs/Pause 45 Day Clock.png
Captured action: Pause 45 Day Clockvalue: 84098
?[36m[info]?[0m [phantom] Step waitedForJavascript 88/132: done in 81864ms.
?[36m[info]?[0m [phantom] Step changeOnClickValue 89/132 https://www.spidasoftware.com/projectmanager/flow/edit/87449# (HTTP 200)
?[36m[info]?[0m [phantom] Step changeOnClickValue 89/132: done in 81866ms.
?[36m[info]?[0m [phantom] Step _step 90/132 https://www.spidasoftware.com/projectmanager/flow/edit/87449# (HTTP 200)
?[36m[info]?[0m [phantom] Step _step 90/132: done in 81970ms.
?[36m[info]?[0m [phantom] wait() finished waiting for 2000ms.
?[36m[info]?[0m [phantom] Step _step 91/133 https://www.spidasoftware.com/projectmanager/flow/edit/87449# (HTTP 200)
?[36m[info]?[0m [phantom] Step _step 91/133: done in 83972ms.
?[36m[info]?[0m [phantom] waitFor() finished in 41ms.
?[36m[info]?[0m [phantom] Step waitedForJavascript 92/134 https://www.spidasoftware.com/projectmanager/flow/edit/87449# (HTTP 200)
?[32;1m[debug]?[0m [phantom] Capturing page to /Users/zpeugh/code/min/scripts/flowdocument/pngs/Resume 45 Day Clock.png
?[36m[info]?[0m [phantom] Capture saved to /Users/zpeugh/code/min/scripts/flowdocument/pngs/Resume 45 Day Clock.png
Captured action: Resume 45 Day Clockvalue: 84099
?[36m[info]?[0m [phantom] Step waitedForJavascript 92/134: done in 84379ms.
?[36m[info]?[0m [phantom] Step changeOnClickValue 93/134 https://www.spidasoftware.com/projectmanager/flow/edit/87449# (HTTP 200)
?[36m[info]?[0m [phantom] Step changeOnClickValue 93/134: done in 84382ms.
?[36m[info]?[0m [phantom] Step _step 94/134 https://www.spidasoftware.com/projectmanager/flow/edit/87449# (HTTP 200)
?[36m[info]?[0m [phantom] Step _step 94/134: done in 84487ms.
?[36m[info]?[0m [phantom] wait() finished waiting for 2000ms.
?[36m[info]?[0m [phantom] Step _step 95/135 https://www.spidasoftware.com/projectmanager/flow/edit/87449# (HTTP 200)
?[36m[info]?[0m [phantom] Step _step 95/135: done in 86503ms.
?[36m[info]?[0m [phantom] waitFor() finished in 41ms.
?[36m[info]?[0m [phantom] Step waitedForJavascript 96/136 https://www.spidasoftware.com/projectmanager/flow/edit/87449# (HTTP 200)
?[32;1m[debug]?[0m [phantom] Capturing page to /Users/zpeugh/code/min/scripts/flowdocument/pngs/14 Days, Notify Customer of Actual Cost.png
?[36m[info]?[0m [phantom] Capture saved to /Users/zpeugh/code/min/scripts/flowdocument/pngs/14 Days, Notify Customer of Actual Cost.png
Captured action: 14 Days, Notify Customer of Actual Costvalue: 84109
?[36m[info]?[0m [phantom] Step waitedForJavascript 96/136: done in 86903ms.
?[36m[info]?[0m [phantom] Step changeOnClickValue 97/136 https://www.spidasoftware.com/projectmanager/flow/edit/87449# (HTTP 200)
?[36m[info]?[0m [phantom] Step changeOnClickValue 97/136: done in 86906ms.
?[36m[info]?[0m [phantom] Step _step 98/136 https://www.spidasoftware.com/projectmanager/flow/edit/87449# (HTTP 200)
?[36m[info]?[0m [phantom] Step _step 98/136: done in 87001ms.
?[36m[info]?[0m [phantom] wait() finished waiting for 2000ms.
?[36m[info]?[0m [phantom] Step _step 99/137 https://www.spidasoftware.com/projectmanager/flow/edit/87449# (HTTP 200)
?[36m[info]?[0m [phantom] Step _step 99/137: done in 89017ms.
?[36m[info]?[0m [phantom] waitFor() finished in 40ms.
?[36m[info]?[0m [phantom] Step waitedForJavascript 100/138 https://www.spidasoftware.com/projectmanager/flow/edit/87449# (HTTP 200)
?[32;1m[debug]?[0m [phantom] Capturing page to /Users/zpeugh/code/min/scripts/flowdocument/pngs/Email Customer (Proceed to Attach).png
?[36m[info]?[0m [phantom] Capture saved to /Users/zpeugh/code/min/scripts/flowdocument/pngs/Email Customer (Proceed to Attach).png
Captured action: Email Customer (Proceed to Attach)value: 83782
?[36m[info]?[0m [phantom] Step waitedForJavascript 100/138: done in 89426ms.
?[36m[info]?[0m [phantom] Step changeOnClickValue 101/138 https://www.spidasoftware.com/projectmanager/flow/edit/87449# (HTTP 200)
?[36m[info]?[0m [phantom] Step changeOnClickValue 101/138: done in 89429ms.
?[36m[info]?[0m [phantom] Step _step 102/138 https://www.spidasoftware.com/projectmanager/flow/edit/87449# (HTTP 200)
?[36m[info]?[0m [phantom] Step _step 102/138: done in 89527ms.
?[36m[info]?[0m [phantom] wait() finished waiting for 2000ms.
?[36m[info]?[0m [phantom] Step _step 103/139 https://www.spidasoftware.com/projectmanager/flow/edit/87449# (HTTP 200)
?[36m[info]?[0m [phantom] Step _step 103/139: done in 91829ms.
?[36m[info]?[0m [phantom] waitFor() finished in 42ms.
?[36m[info]?[0m [phantom] Step waitedForJavascript 104/140 https://www.spidasoftware.com/projectmanager/flow/edit/87449# (HTTP 200)
?[32;1m[debug]?[0m [phantom] Capturing page to /Users/zpeugh/code/min/scripts/flowdocument/pngs/30 Days to Correct Installation.png
?[36m[info]?[0m [phantom] Capture saved to /Users/zpeugh/code/min/scripts/flowdocument/pngs/30 Days to Correct Installation.png
Captured action: 30 Days to Correct Installationvalue: 83766
?[36m[info]?[0m [phantom] Step waitedForJavascript 104/140: done in 92250ms.
?[36m[info]?[0m [phantom] Step changeOnClickValue 105/140 https://www.spidasoftware.com/projectmanager/flow/edit/87449# (HTTP 200)
?[36m[info]?[0m [phantom] Step changeOnClickValue 105/140: done in 92252ms.
?[36m[info]?[0m [phantom] Step _step 106/140 https://www.spidasoftware.com/projectmanager/flow/edit/87449# (HTTP 200)
?[36m[info]?[0m [phantom] Step _step 106/140: done in 92353ms.
?[36m[info]?[0m [phantom] wait() finished waiting for 2000ms.
?[36m[info]?[0m [phantom] Step _step 107/141 https://www.spidasoftware.com/projectmanager/flow/edit/87449# (HTTP 200)
?[36m[info]?[0m [phantom] Step _step 107/141: done in 94362ms.
?[36m[info]?[0m [phantom] waitFor() finished in 40ms.
?[36m[info]?[0m [phantom] Step waitedForJavascript 108/142 https://www.spidasoftware.com/projectmanager/flow/edit/87449# (HTTP 200)
?[32;1m[debug]?[0m [phantom] Capturing page to /Users/zpeugh/code/min/scripts/flowdocument/pngs/14 Day Clock for Lic to Accept Actual Cost.png
?[36m[info]?[0m [phantom] Capture saved to /Users/zpeugh/code/min/scripts/flowdocument/pngs/14 Day Clock for Lic to Accept Actual Cost.png
Captured action: 14 Day Clock for Lic to Accept Actual Costvalue: 84091
?[36m[info]?[0m [phantom] Step waitedForJavascript 108/142: done in 94769ms.
?[36m[info]?[0m [phantom] Step changeOnClickValue 109/142 https://www.spidasoftware.com/projectmanager/flow/edit/87449# (HTTP 200)
?[36m[info]?[0m [phantom] Step changeOnClickValue 109/142: done in 94771ms.
?[36m[info]?[0m [phantom] Step _step 110/142 https://www.spidasoftware.com/projectmanager/flow/edit/87449# (HTTP 200)
?[36m[info]?[0m [phantom] Step _step 110/142: done in 94873ms.
?[36m[info]?[0m [phantom] wait() finished waiting for 2000ms.
?[36m[info]?[0m [phantom] Step _step 111/143 https://www.spidasoftware.com/projectmanager/flow/edit/87449# (HTTP 200)
?[36m[info]?[0m [phantom] Step _step 111/143: done in 96893ms.
?[36m[info]?[0m [phantom] waitFor() finished in 41ms.
?[36m[info]?[0m [phantom] Step waitedForJavascript 112/144 https://www.spidasoftware.com/projectmanager/flow/edit/87449# (HTTP 200)
?[32;1m[debug]?[0m [phantom] Capturing page to /Users/zpeugh/code/min/scripts/flowdocument/pngs/Corrections Req'd Email.png
?[36m[info]?[0m [phantom] Capture saved to /Users/zpeugh/code/min/scripts/flowdocument/pngs/Corrections Req'd Email.png
Captured action: Corrections Req'd Emailvalue: 83765
?[36m[info]?[0m [phantom] Step waitedForJavascript 112/144: done in 97297ms.
?[36m[info]?[0m [phantom] Step changeOnClickValue 113/144 https://www.spidasoftware.com/projectmanager/flow/edit/87449# (HTTP 200)
?[36m[info]?[0m [phantom] Step changeOnClickValue 113/144: done in 97299ms.
?[36m[info]?[0m [phantom] Step _step 114/144 https://www.spidasoftware.com/projectmanager/flow/edit/87449# (HTTP 200)
?[36m[info]?[0m [phantom] Step _step 114/144: done in 97400ms.
?[36m[info]?[0m [phantom] wait() finished waiting for 2000ms.
?[36m[info]?[0m [phantom] Step _step 115/145 https://www.spidasoftware.com/projectmanager/flow/edit/87449# (HTTP 200)
?[36m[info]?[0m [phantom] Step _step 115/145: done in 99422ms.
?[36m[info]?[0m [phantom] waitFor() finished in 41ms.
?[36m[info]?[0m [phantom] Step waitedForJavascript 116/146 https://www.spidasoftware.com/projectmanager/flow/edit/87449# (HTTP 200)
?[32;1m[debug]?[0m [phantom] Capturing page to /Users/zpeugh/code/min/scripts/flowdocument/pngs/Email Licensee: Project Editing.png
?[36m[info]?[0m [phantom] Capture saved to /Users/zpeugh/code/min/scripts/flowdocument/pngs/Email Licensee: Project Editing.png
Captured action: Email Licensee: Project Editingvalue: 84159
?[36m[info]?[0m [phantom] Step waitedForJavascript 116/146: done in 99826ms.
?[36m[info]?[0m [phantom] Step changeOnClickValue 117/146 https://www.spidasoftware.com/projectmanager/flow/edit/87449# (HTTP 200)
?[36m[info]?[0m [phantom] Step changeOnClickValue 117/146: done in 99829ms.
?[36m[info]?[0m [phantom] Step _step 118/146 https://www.spidasoftware.com/projectmanager/flow/edit/87449# (HTTP 200)
?[36m[info]?[0m [phantom] Step _step 118/146: done in 99929ms.
?[36m[info]?[0m [phantom] wait() finished waiting for 2000ms.
?[36m[info]?[0m [phantom] Step _step 119/147 https://www.spidasoftware.com/projectmanager/flow/edit/87449# (HTTP 200)
?[36m[info]?[0m [phantom] Step _step 119/147: done in 101937ms.
?[36m[info]?[0m [phantom] waitFor() finished in 40ms.
?[36m[info]?[0m [phantom] Step waitedForJavascript 120/148 https://www.spidasoftware.com/projectmanager/flow/edit/87449# (HTTP 200)
?[32;1m[debug]?[0m [phantom] Capturing page to /Users/zpeugh/code/min/scripts/flowdocument/pngs/Email Assignee, Canceled Project.png
?[36m[info]?[0m [phantom] Capture saved to /Users/zpeugh/code/min/scripts/flowdocument/pngs/Email Assignee, Canceled Project.png
Captured action: Email Assignee, Canceled Projectvalue: 84164
?[36m[info]?[0m [phantom] Step waitedForJavascript 120/148: done in 102345ms.
?[36m[info]?[0m [phantom] Step changeOnClickValue 121/148 https://www.spidasoftware.com/projectmanager/flow/edit/87449# (HTTP 200)
?[36m[info]?[0m [phantom] Step changeOnClickValue 121/148: done in 102347ms.
?[36m[info]?[0m [phantom] Step _step 122/148 https://www.spidasoftware.com/projectmanager/flow/edit/87449# (HTTP 200)
?[36m[info]?[0m [phantom] Step _step 122/148: done in 102445ms.
?[36m[info]?[0m [phantom] wait() finished waiting for 2000ms.
?[36m[info]?[0m [phantom] Step _step 123/149 https://www.spidasoftware.com/projectmanager/flow/edit/87449# (HTTP 200)
?[36m[info]?[0m [phantom] Step _step 123/149: done in 104452ms.
?[36m[info]?[0m [phantom] waitFor() finished in 41ms.
?[36m[info]?[0m [phantom] Step waitedForJavascript 124/150 https://www.spidasoftware.com/projectmanager/flow/edit/87449# (HTTP 200)
?[32;1m[debug]?[0m [phantom] Capturing page to /Users/zpeugh/code/min/scripts/flowdocument/pngs/Email Assignee, Verify Exhibit Signed.png
?[36m[info]?[0m [phantom] Capture saved to /Users/zpeugh/code/min/scripts/flowdocument/pngs/Email Assignee, Verify Exhibit Signed.png
Captured action: Email Assignee, Verify Exhibit Signedvalue: 83721
?[36m[info]?[0m [phantom] Step waitedForJavascript 124/150: done in 104852ms.
?[36m[info]?[0m [phantom] Step changeOnClickValue 125/150 https://www.spidasoftware.com/projectmanager/flow/edit/87449# (HTTP 200)
?[36m[info]?[0m [phantom] Step changeOnClickValue 125/150: done in 104854ms.
?[36m[info]?[0m [phantom] Step _step 126/150 https://www.spidasoftware.com/projectmanager/flow/edit/87449# (HTTP 200)
?[36m[info]?[0m [phantom] Step _step 126/150: done in 104952ms.
?[36m[info]?[0m [phantom] wait() finished waiting for 2000ms.
?[36m[info]?[0m [phantom] Step _step 127/151 https://www.spidasoftware.com/projectmanager/flow/edit/87449# (HTTP 200)
?[36m[info]?[0m [phantom] Step _step 127/151: done in 106961ms.
?[36m[info]?[0m [phantom] waitFor() finished in 41ms.
?[36m[info]?[0m [phantom] Step waitedForJavascript 128/152 https://www.spidasoftware.com/projectmanager/flow/edit/87449# (HTTP 200)
?[32;1m[debug]?[0m [phantom] Capturing page to /Users/zpeugh/code/min/scripts/flowdocument/pngs/Email Licensee Begin Construction.png
?[36m[info]?[0m [phantom] Capture saved to /Users/zpeugh/code/min/scripts/flowdocument/pngs/Email Licensee Begin Construction.png
Captured action: Email Licensee Begin Constructionvalue: 83746
?[36m[info]?[0m [phantom] Step waitedForJavascript 128/152: done in 107375ms.
?[36m[info]?[0m [phantom] Step changeOnClickValue 129/152 https://www.spidasoftware.com/projectmanager/flow/edit/87449# (HTTP 200)
?[36m[info]?[0m [phantom] Step changeOnClickValue 129/152: done in 107377ms.
?[36m[info]?[0m [phantom] Step _step 130/152 https://www.spidasoftware.com/projectmanager/flow/edit/87449# (HTTP 200)
?[36m[info]?[0m [phantom] Step _step 130/152: done in 107480ms.
?[36m[info]?[0m [phantom] wait() finished waiting for 2000ms.
?[36m[info]?[0m [phantom] Step _step 131/153 https://www.spidasoftware.com/projectmanager/flow/edit/87449# (HTTP 200)
?[36m[info]?[0m [phantom] Step _step 131/153: done in 109483ms.
?[36m[info]?[0m [phantom] waitFor() finished in 42ms.
?[36m[info]?[0m [phantom] Step waitedForJavascript 132/154 https://www.spidasoftware.com/projectmanager/flow/edit/87449# (HTTP 200)
?[32;1m[debug]?[0m [phantom] Capturing page to /Users/zpeugh/code/min/scripts/flowdocument/pngs/Email Customer: Complete New Forms.png
?[36m[info]?[0m [phantom] Capture saved to /Users/zpeugh/code/min/scripts/flowdocument/pngs/Email Customer: Complete New Forms.png
Captured action: Email Customer: Complete New Formsvalue: 84128
?[36m[info]?[0m [phantom] Step waitedForJavascript 132/154: done in 109887ms.
?[36m[info]?[0m [phantom] Step changeOnClickValue 133/154 https://www.spidasoftware.com/projectmanager/flow/edit/87449# (HTTP 200)
?[36m[info]?[0m [phantom] Step changeOnClickValue 133/154: done in 109890ms.
?[36m[info]?[0m [phantom] Step _step 134/154 https://www.spidasoftware.com/projectmanager/flow/edit/87449# (HTTP 200)
?[36m[info]?[0m [phantom] Step _step 134/154: done in 109985ms.
?[36m[info]?[0m [phantom] wait() finished waiting for 2000ms.
?[36m[info]?[0m [phantom] Step _step 135/155 https://www.spidasoftware.com/projectmanager/flow/edit/87449# (HTTP 200)
?[36m[info]?[0m [phantom] Step _step 135/155: done in 111989ms.
?[36m[info]?[0m [phantom] waitFor() finished in 41ms.
?[36m[info]?[0m [phantom] Step waitedForJavascript 136/156 https://www.spidasoftware.com/projectmanager/flow/edit/87449# (HTTP 200)
?[32;1m[debug]?[0m [phantom] Capturing page to /Users/zpeugh/code/min/scripts/flowdocument/pngs/90 Day Clock.png
?[36m[info]?[0m [phantom] Capture saved to /Users/zpeugh/code/min/scripts/flowdocument/pngs/90 Day Clock.png
Captured action: 90 Day Clockvalue: 83745
?[36m[info]?[0m [phantom] Step waitedForJavascript 136/156: done in 112486ms.
?[36m[info]?[0m [phantom] Step changeOnClickValue 137/156 https://www.spidasoftware.com/projectmanager/flow/edit/87449# (HTTP 200)
?[36m[info]?[0m [phantom] Step changeOnClickValue 137/156: done in 112489ms.
?[36m[info]?[0m [phantom] Step _step 138/156 https://www.spidasoftware.com/projectmanager/flow/edit/87449# (HTTP 200)
?[36m[info]?[0m [phantom] Step _step 138/156: done in 112584ms.
?[36m[info]?[0m [phantom] wait() finished waiting for 2000ms.
?[36m[info]?[0m [phantom] Step _step 139/157 https://www.spidasoftware.com/projectmanager/flow/edit/87449# (HTTP 200)
?[36m[info]?[0m [phantom] Step _step 139/157: done in 114592ms.
?[36m[info]?[0m [phantom] waitFor() finished in 42ms.
?[36m[info]?[0m [phantom] Step waitedForJavascript 140/158 https://www.spidasoftware.com/projectmanager/flow/edit/87449# (HTTP 200)
?[32;1m[debug]?[0m [phantom] Capturing page to /Users/zpeugh/code/min/scripts/flowdocument/pngs/Assign Joint Use Manager as Manager.png
?[36m[info]?[0m [phantom] Capture saved to /Users/zpeugh/code/min/scripts/flowdocument/pngs/Assign Joint Use Manager as Manager.png
Captured action: Assign Joint Use Manager as Managervalue: 84131
?[36m[info]?[0m [phantom] Step waitedForJavascript 140/158: done in 114996ms.
?[36m[info]?[0m [phantom] Step changeOnClickValue 141/158 https://www.spidasoftware.com/projectmanager/flow/edit/87449# (HTTP 200)
?[36m[info]?[0m [phantom] Step changeOnClickValue 141/158: done in 114998ms.
?[36m[info]?[0m [phantom] Step _step 142/158 https://www.spidasoftware.com/projectmanager/flow/edit/87449# (HTTP 200)
?[36m[info]?[0m [phantom] Step _step 142/158: done in 115094ms.
?[36m[info]?[0m [phantom] wait() finished waiting for 2000ms.
?[36m[info]?[0m [phantom] Step _step 143/159 https://www.spidasoftware.com/projectmanager/flow/edit/87449# (HTTP 200)
?[36m[info]?[0m [phantom] Step _step 143/159: done in 117114ms.
?[36m[info]?[0m [phantom] waitFor() finished in 41ms.
?[36m[info]?[0m [phantom] Step waitedForJavascript 144/160 https://www.spidasoftware.com/projectmanager/flow/edit/87449# (HTTP 200)
?[32;1m[debug]?[0m [phantom] Capturing page to /Users/zpeugh/code/min/scripts/flowdocument/pngs/Assign Customer.png
?[36m[info]?[0m [phantom] Capture saved to /Users/zpeugh/code/min/scripts/flowdocument/pngs/Assign Customer.png
Captured action: Assign Customervalue: 86100
?[36m[info]?[0m [phantom] Step waitedForJavascript 144/160: done in 117521ms.
?[36m[info]?[0m [phantom] Step changeOnClickValue 145/160 https://www.spidasoftware.com/projectmanager/flow/edit/87449# (HTTP 200)
?[36m[info]?[0m [phantom] Step changeOnClickValue 145/160: done in 117524ms.
?[36m[info]?[0m [phantom] Step _step 146/160 https://www.spidasoftware.com/projectmanager/flow/edit/87449# (HTTP 200)
?[36m[info]?[0m [phantom] Step _step 146/160: done in 117620ms.
?[36m[info]?[0m [phantom] wait() finished waiting for 2000ms.
?[36m[info]?[0m [phantom] Step _step 147/161 https://www.spidasoftware.com/projectmanager/flow/edit/87449# (HTTP 200)
?[36m[info]?[0m [phantom] Step _step 147/161: done in 119637ms.
?[36m[info]?[0m [phantom] waitFor() finished in 41ms.
?[36m[info]?[0m [phantom] Step waitedForJavascript 148/162 https://www.spidasoftware.com/projectmanager/flow/edit/87449# (HTTP 200)
?[32;1m[debug]?[0m [phantom] Capturing page to /Users/zpeugh/code/min/scripts/flowdocument/pngs/PNM Assignee Other Attachers.png
?[36m[info]?[0m [phantom] Capture saved to /Users/zpeugh/code/min/scripts/flowdocument/pngs/PNM Assignee Other Attachers.png
Captured action: PNM Assignee Other Attachersvalue: 87535
?[36m[info]?[0m [phantom] Step waitedForJavascript 148/162: done in 120036ms.
?[36m[info]?[0m [phantom] Step changeOnClickValue 149/162 https://www.spidasoftware.com/projectmanager/flow/edit/87449# (HTTP 200)
?[36m[info]?[0m [phantom] Step changeOnClickValue 149/162: done in 120038ms.
?[36m[info]?[0m [phantom] Step _step 150/162 https://www.spidasoftware.com/projectmanager/flow/edit/87449# (HTTP 200)
?[36m[info]?[0m [phantom] Step _step 150/162: done in 120133ms.
?[36m[info]?[0m [phantom] wait() finished waiting for 2000ms.
?[36m[info]?[0m [phantom] Step _step 151/163 https://www.spidasoftware.com/projectmanager/flow/edit/87449# (HTTP 200)
?[36m[info]?[0m [phantom] Step _step 151/163: done in 122152ms.
?[36m[info]?[0m [phantom] waitFor() finished in 40ms.
?[36m[info]?[0m [phantom] Step waitedForJavascript 152/164 https://www.spidasoftware.com/projectmanager/flow/edit/87449# (HTTP 200)
?[32;1m[debug]?[0m [phantom] Capturing page to /Users/zpeugh/code/min/scripts/flowdocument/pngs/Email Customer: Editing Projects.png
?[36m[info]?[0m [phantom] Capture saved to /Users/zpeugh/code/min/scripts/flowdocument/pngs/Email Customer: Editing Projects.png
Captured action: Email Customer: Editing Projectsvalue: 84118
?[36m[info]?[0m [phantom] Step waitedForJavascript 152/164: done in 122552ms.
?[36m[info]?[0m [phantom] Step changeOnClickValue 153/164 https://www.spidasoftware.com/projectmanager/flow/edit/87449# (HTTP 200)
?[36m[info]?[0m [phantom] Step changeOnClickValue 153/164: done in 122556ms.
?[36m[info]?[0m [phantom] Step _step 154/164 https://www.spidasoftware.com/projectmanager/flow/edit/87449# (HTTP 200)
?[36m[info]?[0m [phantom] Step _step 154/164: done in 122655ms.
?[36m[info]?[0m [phantom] wait() finished waiting for 2000ms.
?[36m[info]?[0m [phantom] Step _step 155/165 https://www.spidasoftware.com/projectmanager/flow/edit/87449# (HTTP 200)
?[36m[info]?[0m [phantom] Step _step 155/165: done in 124671ms.
?[36m[info]?[0m [phantom] waitFor() finished in 40ms.
?[36m[info]?[0m [phantom] Step waitedForJavascript 156/166 https://www.spidasoftware.com/projectmanager/flow/edit/87449# (HTTP 200)
?[32;1m[debug]?[0m [phantom] Capturing page to /Users/zpeugh/code/min/scripts/flowdocument/pngs/Email Customer: Application Instructions.png
?[36m[info]?[0m [phantom] Capture saved to /Users/zpeugh/code/min/scripts/flowdocument/pngs/Email Customer: Application Instructions.png
Captured action: Email Customer: Application Instructionsvalue: 84176
?[36m[info]?[0m [phantom] Step waitedForJavascript 156/166: done in 125071ms.
?[36m[info]?[0m [phantom] Step changeOnClickValue 157/166 https://www.spidasoftware.com/projectmanager/flow/edit/87449# (HTTP 200)
?[36m[info]?[0m [phantom] Step changeOnClickValue 157/166: done in 125073ms.
?[36m[info]?[0m [phantom] Step _step 158/166 https://www.spidasoftware.com/projectmanager/flow/edit/87449# (HTTP 200)
?[36m[info]?[0m [phantom] Step _step 158/166: done in 125172ms.
?[36m[info]?[0m [phantom] wait() finished waiting for 2000ms.
?[36m[info]?[0m [phantom] Step _step 159/167 https://www.spidasoftware.com/projectmanager/flow/edit/87449# (HTTP 200)
?[36m[info]?[0m [phantom] Step _step 159/167: done in 127191ms.
?[36m[info]?[0m [phantom] waitFor() finished in 41ms.
?[36m[info]?[0m [phantom] Step waitedForJavascript 160/168 https://www.spidasoftware.com/projectmanager/flow/edit/87449# (HTTP 200)
?[32;1m[debug]?[0m [phantom] Capturing page to /Users/zpeugh/code/min/scripts/flowdocument/pngs/Email Customer: Editing Instructions.png
?[36m[info]?[0m [phantom] Capture saved to /Users/zpeugh/code/min/scripts/flowdocument/pngs/Email Customer: Editing Instructions.png
Captured action: Email Customer: Editing Instructionsvalue: 84102
?[36m[info]?[0m [phantom] Step waitedForJavascript 160/168: done in 127589ms.
?[36m[info]?[0m [phantom] Step changeOnClickValue 161/168 https://www.spidasoftware.com/projectmanager/flow/edit/87449# (HTTP 200)
?[36m[info]?[0m [phantom] Step changeOnClickValue 161/168: done in 127592ms.
?[36m[info]?[0m [phantom] Step _step 162/168 https://www.spidasoftware.com/projectmanager/flow/edit/87449# (HTTP 200)
?[36m[info]?[0m [phantom] Step _step 162/168: done in 127689ms.
?[36m[info]?[0m [phantom] wait() finished waiting for 2000ms.
?[36m[info]?[0m [phantom] Step _step 163/169 https://www.spidasoftware.com/projectmanager/flow/edit/87449# (HTTP 200)
?[36m[info]?[0m [phantom] Step _step 163/169: done in 129706ms.
?[36m[info]?[0m [phantom] waitFor() finished in 41ms.
?[36m[info]?[0m [phantom] Step waitedForJavascript 164/170 https://www.spidasoftware.com/projectmanager/flow/edit/87449# (HTTP 200)
?[32;1m[debug]?[0m [phantom] Capturing page to /Users/zpeugh/code/min/scripts/flowdocument/pngs/Email Customer: Review Make Ready.png
?[36m[info]?[0m [phantom] Capture saved to /Users/zpeugh/code/min/scripts/flowdocument/pngs/Email Customer: Review Make Ready.png
Captured action: Email Customer: Review Make Readyvalue: 84075
?[36m[info]?[0m [phantom] Step waitedForJavascript 164/170: done in 130113ms.
?[36m[info]?[0m [phantom] Step changeOnClickValue 165/170 https://www.spidasoftware.com/projectmanager/flow/edit/87449# (HTTP 200)
?[36m[info]?[0m [phantom] Step changeOnClickValue 165/170: done in 130116ms.
?[36m[info]?[0m [phantom] Step _step 166/170 https://www.spidasoftware.com/projectmanager/flow/edit/87449# (HTTP 200)
?[36m[info]?[0m [phantom] Step _step 166/170: done in 130225ms.
?[36m[info]?[0m [phantom] wait() finished waiting for 2000ms.
?[36m[info]?[0m [phantom] Step _step 167/171 https://www.spidasoftware.com/projectmanager/flow/edit/87449# (HTTP 200)
?[36m[info]?[0m [phantom] Step _step 167/171: done in 132238ms.
?[36m[info]?[0m [phantom] waitFor() finished in 40ms.
?[36m[info]?[0m [phantom] Step waitedForJavascript 168/172 https://www.spidasoftware.com/projectmanager/flow/edit/87449# (HTTP 200)
?[32;1m[debug]?[0m [phantom] Capturing page to /Users/zpeugh/code/min/scripts/flowdocument/pngs/60 Days Complete ACME MR.png
?[36m[info]?[0m [phantom] Capture saved to /Users/zpeugh/code/min/scripts/flowdocument/pngs/60 Days Complete ACME MR.png
Captured action: 60 Days Complete ACME MRvalue: 87491
?[36m[info]?[0m [phantom] Step waitedForJavascript 168/172: done in 132654ms.
?[36m[info]?[0m [phantom] Step changeOnClickValue 169/172 https://www.spidasoftware.com/projectmanager/flow/edit/87449# (HTTP 200)
?[36m[info]?[0m [phantom] Step changeOnClickValue 169/172: done in 132656ms.
?[36m[info]?[0m [phantom] Step _step 170/172 https://www.spidasoftware.com/projectmanager/flow/edit/87449# (HTTP 200)
?[36m[info]?[0m [phantom] Step _step 170/172: done in 132757ms.
?[36m[info]?[0m [phantom] wait() finished waiting for 2000ms.
?[36m[info]?[0m [phantom] Step _step 171/173 https://www.spidasoftware.com/projectmanager/flow/edit/87449# (HTTP 200)
?[36m[info]?[0m [phantom] Step _step 171/173: done in 134759ms.
?[36m[info]?[0m [phantom] waitFor() finished in 41ms.
?[36m[info]?[0m [phantom] Step waitedForJavascript 172/174 https://www.spidasoftware.com/projectmanager/flow/edit/87449# (HTTP 200)
?[32;1m[debug]?[0m [phantom] Capturing page to /Users/zpeugh/code/min/scripts/flowdocument/pngs/Assign ACME JU Admin.png
?[36m[info]?[0m [phantom] Capture saved to /Users/zpeugh/code/min/scripts/flowdocument/pngs/Assign ACME JU Admin.png
Captured action: Assign ACME JU Adminvalue: 87513
?[36m[info]?[0m [phantom] Step waitedForJavascript 172/174: done in 135168ms.
?[36m[info]?[0m [phantom] Step changeOnClickValue 173/174 https://www.spidasoftware.com/projectmanager/flow/edit/87449# (HTTP 200)
?[36m[info]?[0m [phantom] Step changeOnClickValue 173/174: done in 135171ms.
?[36m[info]?[0m [phantom] Step _step 174/174 https://www.spidasoftware.com/projectmanager/flow/edit/87449# (HTTP 200)
?[36m[info]?[0m [phantom] Step _step 174/174: done in 135272ms.
?[36m[info]?[0m [phantom] wait() finished waiting for 2000ms.
?[36m[info]?[0m [phantom] Step _step 175/175 https://www.spidasoftware.com/projectmanager/flow/edit/87449# (HTTP 200)
?[36m[info]?[0m [phantom] Step _step 175/175: done in 137276ms.
?[36m[info]?[0m [phantom] waitFor() finished in 40ms.
?[36m[info]?[0m [phantom] Step waitedForJavascript 176/176 https://www.spidasoftware.com/projectmanager/flow/edit/87449# (HTTP 200)
?[32;1m[debug]?[0m [phantom] Capturing page to /Users/zpeugh/code/min/scripts/flowdocument/pngs/Review Actual Cost.png
?[36m[info]?[0m [phantom] Capture saved to /Users/zpeugh/code/min/scripts/flowdocument/pngs/Review Actual Cost.png
Captured action: Review Actual Costvalue: 84116
?[36m[info]?[0m [phantom] Step waitedForJavascript 176/176: done in 137680ms.
?[36m[info]?[0m [phantom] Done 176 steps in 137680ms
args: Resume~45~Day~Clock 60~Days~Complete~ACME~MR Pause~45~Day~Clock Email~Assignee,~Canceled~Project Unlock~Project Email~Customer:~Editing~Instructions Email~Customer~(Proceed~to~Attach) Email~Assignee,~Verify~Exhibit~Signed Assign~Licensee 14~Days,~Notify~Customer~of~Actual~Cost Remove~Time~Markers Lic.~14~Days~to~Respond CompletePoleFormEmail Email~Customer:~Application~Instructions Assign~Customer Email~Managers,~Canceled~Project Review~Actual~Cost StationFormAction Corrections~Required~Email Email~Customer:~Editing~Projects Assign~ACME~JU~Admin Pole~Count~Locked 14~Days~to~Respond 90~Day~Clock Email~Customer:~Complete~New~Forms Assign~Joint~Use~Manager~as~Manager 45~Day~Clock Email~Licensee~Begin~Construction Generate~Calc~File Email~Customer:~Review~Make~Ready Email~Customer~(No~Make~Ready~Reqd) Remove~Clock PNM~Assignee~Other~Attachers Email~Lic~Canceled AssignAssigneeFromForm Corrections~Req'd~Email 30~Days~to~Correct~Installation 14~Day~Clock~for~Lic~to~Accept~Actual~Cost Email~Licensee:~Project~Editing
Actions to capture: 
0: Resume 45 Day Clock
1: 60 Days Complete ACME MR
2: Pause 45 Day Clock
3: Email Assignee, Canceled Project
4: Unlock Project
5: Email Customer: Editing Instructions
6: Email Customer (Proceed to Attach)
7: Email Assignee, Verify Exhibit Signed
8: Assign Licensee
9: 14 Days, Notify Customer of Actual Cost
10: Remove Time Markers
11: Lic. 14 Days to Respond
12: CompletePoleFormEmail
13: Email Customer: Application Instructions
14: Assign Customer
15: Email Managers, Canceled Project
16: Review Actual Cost
17: StationFormAction
18: Corrections Required Email
19: Email Customer: Editing Projects
20: Assign ACME JU Admin
21: Pole Count Locked
22: 14 Days to Respond
23: 90 Day Clock
24: Email Customer: Complete New Forms
25: Assign Joint Use Manager as Manager
26: 45 Day Clock
27: Email Licensee Begin Construction
28: Generate Calc File
29: Email Customer: Review Make Ready
30: Email Customer (No Make Ready Reqd)
31: Remove Clock
32: PNM Assignee Other Attachers
33: Email Lic Canceled
34: AssignAssigneeFromForm
35: Corrections Req'd Email
36: 30 Days to Correct Installation
37: 14 Day Clock for Lic to Accept Actual Cost
38: Email Licensee: Project Editing
?[36m[info]?[0m [phantom] Starting...
?[36m[info]?[0m [phantom] Execution timeout set to 8000ms
?[36m[info]?[0m [phantom] Running suite: 156 steps
?[32;1m[debug]?[0m [phantom] opening url: file:///Users/zpeugh/code/min/scripts/flowdocument/Resources/actionHtmls/Resume 45 Day Clock.html, HTTP GET
?[32;1m[debug]?[0m [phantom] Navigation requested: url=file:///Users/zpeugh/code/min/scripts/flowdocument/Resources/actionHtmls/Resume 45 Day Clock.html, type=Other, willNavigate=true, isMainFrame=true
?[32;1m[debug]?[0m [phantom] url changed to "file:///Users/zpeugh/code/min/scripts/flowdocument/Resources/actionHtmls/Resume 45 Day Clock.html"
?[32;1m[debug]?[0m [phantom] Successfully injected Casper client-side utilities
?[36m[info]?[0m [phantom] Step anonymous 2/156: done in 308ms.
?[36m[info]?[0m [phantom] Step _step 3/157: done in 328ms.
?[36m[info]?[0m [phantom] waitFor() finished in 46ms.
?[32;1m[debug]?[0m [phantom] Capturing page to /Users/zpeugh/code/min/scripts/flowdocument/Resources/actionHtmls/actionPNGs/Resume 45 Day Clock.png with clipRect {"top":15,"height":171,"left":62,"width":501}
?[36m[info]?[0m [phantom] Capture saved to /Users/zpeugh/code/min/scripts/flowdocument/Resources/actionHtmls/actionPNGs/Resume 45 Day Clock.png
?[36m[info]?[0m [phantom] Step anonymous 4/158: done in 482ms.
?[32;1m[debug]?[0m [phantom] opening url: file:///Users/zpeugh/code/min/scripts/flowdocument/Resources/actionHtmls/60 Days Complete ACME MR.html, HTTP GET
?[32;1m[debug]?[0m [phantom] Navigation requested: url=file:///Users/zpeugh/code/min/scripts/flowdocument/Resources/actionHtmls/60 Days Complete ACME MR.html, type=Other, willNavigate=true, isMainFrame=true
?[32;1m[debug]?[0m [phantom] url changed to "file:///Users/zpeugh/code/min/scripts/flowdocument/Resources/actionHtmls/60 Days Complete ACME MR.html"
?[32;1m[debug]?[0m [phantom] Successfully injected Casper client-side utilities
?[36m[info]?[0m [phantom] Step anonymous 6/158: done in 537ms.
?[36m[info]?[0m [phantom] Step _step 7/159: done in 560ms.
?[36m[info]?[0m [phantom] waitFor() finished in 42ms.
?[32;1m[debug]?[0m [phantom] Capturing page to /Users/zpeugh/code/min/scripts/flowdocument/Resources/actionHtmls/actionPNGs/60 Days Complete ACME MR.png with clipRect {"top":15,"height":393,"left":62,"width":501}
?[36m[info]?[0m [phantom] Capture saved to /Users/zpeugh/code/min/scripts/flowdocument/Resources/actionHtmls/actionPNGs/60 Days Complete ACME MR.png
?[36m[info]?[0m [phantom] Step anonymous 8/160: done in 705ms.
?[32;1m[debug]?[0m [phantom] opening url: file:///Users/zpeugh/code/min/scripts/flowdocument/Resources/actionHtmls/Pause 45 Day Clock.html, HTTP GET
?[32;1m[debug]?[0m [phantom] Navigation requested: url=file:///Users/zpeugh/code/min/scripts/flowdocument/Resources/actionHtmls/Pause 45 Day Clock.html, type=Other, willNavigate=true, isMainFrame=true
?[32;1m[debug]?[0m [phantom] url changed to "file:///Users/zpeugh/code/min/scripts/flowdocument/Resources/actionHtmls/Pause 45 Day Clock.html"
?[32;1m[debug]?[0m [phantom] Successfully injected Casper client-side utilities
?[36m[info]?[0m [phantom] Step anonymous 10/160: done in 784ms.
?[36m[info]?[0m [phantom] Step _step 11/161: done in 804ms.
?[36m[info]?[0m [phantom] waitFor() finished in 46ms.
?[32;1m[debug]?[0m [phantom] Capturing page to /Users/zpeugh/code/min/scripts/flowdocument/Resources/actionHtmls/actionPNGs/Pause 45 Day Clock.png with clipRect {"top":15,"height":171,"left":62,"width":501}
?[36m[info]?[0m [phantom] Capture saved to /Users/zpeugh/code/min/scripts/flowdocument/Resources/actionHtmls/actionPNGs/Pause 45 Day Clock.png
?[36m[info]?[0m [phantom] Step anonymous 12/162: done in 928ms.
?[32;1m[debug]?[0m [phantom] opening url: file:///Users/zpeugh/code/min/scripts/flowdocument/Resources/actionHtmls/Email Assignee, Canceled Project.html, HTTP GET
?[32;1m[debug]?[0m [phantom] Navigation requested: url=file:///Users/zpeugh/code/min/scripts/flowdocument/Resources/actionHtmls/Email Assignee, Canceled Project.html, type=Other, willNavigate=true, isMainFrame=true
?[32;1m[debug]?[0m [phantom] url changed to "file:///Users/zpeugh/code/min/scripts/flowdocument/Resources/actionHtmls/Email Assignee, Canceled Project.html"
?[32;1m[debug]?[0m [phantom] Successfully injected Casper client-side utilities
?[36m[info]?[0m [phantom] Step anonymous 14/162: done in 1010ms.
?[36m[info]?[0m [phantom] Step _step 15/163: done in 1034ms.
?[36m[info]?[0m [phantom] waitFor() finished in 48ms.
?[32;1m[debug]?[0m [phantom] Capturing page to /Users/zpeugh/code/min/scripts/flowdocument/Resources/actionHtmls/actionPNGs/Email Assignee, Canceled Project.png with clipRect {"top":15,"height":406,"left":62,"width":501}
?[36m[info]?[0m [phantom] Capture saved to /Users/zpeugh/code/min/scripts/flowdocument/Resources/actionHtmls/actionPNGs/Email Assignee, Canceled Project.png
?[36m[info]?[0m [phantom] Step anonymous 16/164: done in 1176ms.
?[32;1m[debug]?[0m [phantom] opening url: file:///Users/zpeugh/code/min/scripts/flowdocument/Resources/actionHtmls/Unlock Project.html, HTTP GET
?[32;1m[debug]?[0m [phantom] Navigation requested: url=file:///Users/zpeugh/code/min/scripts/flowdocument/Resources/actionHtmls/Unlock Project.html, type=Other, willNavigate=true, isMainFrame=true
?[32;1m[debug]?[0m [phantom] url changed to "file:///Users/zpeugh/code/min/scripts/flowdocument/Resources/actionHtmls/Unlock Project.html"
?[32;1m[debug]?[0m [phantom] Successfully injected Casper client-side utilities
?[36m[info]?[0m [phantom] Step anonymous 18/164: done in 1262ms.
?[36m[info]?[0m [phantom] Step _step 19/165: done in 1285ms.
?[36m[info]?[0m [phantom] waitFor() finished in 44ms.
?[32;1m[debug]?[0m [phantom] Capturing page to /Users/zpeugh/code/min/scripts/flowdocument/Resources/actionHtmls/actionPNGs/Unlock Project.png with clipRect {"top":15,"height":245,"left":62,"width":501}
?[36m[info]?[0m [phantom] Capture saved to /Users/zpeugh/code/min/scripts/flowdocument/Resources/actionHtmls/actionPNGs/Unlock Project.png
?[36m[info]?[0m [phantom] Step anonymous 20/166: done in 1406ms.
?[32;1m[debug]?[0m [phantom] opening url: file:///Users/zpeugh/code/min/scripts/flowdocument/Resources/actionHtmls/Email Customer: Editing Instructions.html, HTTP GET
?[32;1m[debug]?[0m [phantom] Navigation requested: url=file:///Users/zpeugh/code/min/scripts/flowdocument/Resources/actionHtmls/Email Customer: Editing Instructions.html, type=Other, willNavigate=true, isMainFrame=true
?[32;1m[debug]?[0m [phantom] url changed to "file:///Users/zpeugh/code/min/scripts/flowdocument/Resources/actionHtmls/Email Customer: Editing Instructions.html"
?[32;1m[debug]?[0m [phantom] Successfully injected Casper client-side utilities
?[36m[info]?[0m [phantom] Step anonymous 22/166: done in 1471ms.
?[36m[info]?[0m [phantom] Step _step 23/167: done in 1495ms.
?[36m[info]?[0m [phantom] waitFor() finished in 40ms.
?[32;1m[debug]?[0m [phantom] Capturing page to /Users/zpeugh/code/min/scripts/flowdocument/Resources/actionHtmls/actionPNGs/Email Customer: Editing Instructions.png with clipRect {"top":15,"height":406,"left":62,"width":501}
?[36m[info]?[0m [phantom] Capture saved to /Users/zpeugh/code/min/scripts/flowdocument/Resources/actionHtmls/actionPNGs/Email Customer: Editing Instructions.png
?[36m[info]?[0m [phantom] Step anonymous 24/168: done in 1624ms.
?[32;1m[debug]?[0m [phantom] opening url: file:///Users/zpeugh/code/min/scripts/flowdocument/Resources/actionHtmls/Email Customer (Proceed to Attach).html, HTTP GET
?[32;1m[debug]?[0m [phantom] Navigation requested: url=file:///Users/zpeugh/code/min/scripts/flowdocument/Resources/actionHtmls/Email Customer (Proceed to Attach).html, type=Other, willNavigate=true, isMainFrame=true
?[32;1m[debug]?[0m [phantom] url changed to "file:///Users/zpeugh/code/min/scripts/flowdocument/Resources/actionHtmls/Email Customer (Proceed to Attach).html"
?[32;1m[debug]?[0m [phantom] Successfully injected Casper client-side utilities
?[36m[info]?[0m [phantom] Step anonymous 26/168: done in 1699ms.
?[36m[info]?[0m [phantom] Step _step 27/169: done in 1721ms.
?[36m[info]?[0m [phantom] waitFor() finished in 46ms.
?[32;1m[debug]?[0m [phantom] Capturing page to /Users/zpeugh/code/min/scripts/flowdocument/Resources/actionHtmls/actionPNGs/Email Customer (Proceed to Attach).png with clipRect {"top":15,"height":406,"left":62,"width":501}
?[36m[info]?[0m [phantom] Capture saved to /Users/zpeugh/code/min/scripts/flowdocument/Resources/actionHtmls/actionPNGs/Email Customer (Proceed to Attach).png
?[36m[info]?[0m [phantom] Step anonymous 28/170: done in 1860ms.
?[32;1m[debug]?[0m [phantom] opening url: file:///Users/zpeugh/code/min/scripts/flowdocument/Resources/actionHtmls/Email Assignee, Verify Exhibit Signed.html, HTTP GET
?[32;1m[debug]?[0m [phantom] Navigation requested: url=file:///Users/zpeugh/code/min/scripts/flowdocument/Resources/actionHtmls/Email Assignee, Verify Exhibit Signed.html, type=Other, willNavigate=true, isMainFrame=true
?[32;1m[debug]?[0m [phantom] url changed to "file:///Users/zpeugh/code/min/scripts/flowdocument/Resources/actionHtmls/Email Assignee, Verify Exhibit Signed.html"
?[32;1m[debug]?[0m [phantom] Successfully injected Casper client-side utilities
?[36m[info]?[0m [phantom] Step anonymous 30/170: done in 1916ms.
?[36m[info]?[0m [phantom] Step _step 31/171: done in 1937ms.
?[36m[info]?[0m [phantom] waitFor() finished in 47ms.
?[32;1m[debug]?[0m [phantom] Capturing page to /Users/zpeugh/code/min/scripts/flowdocument/Resources/actionHtmls/actionPNGs/Email Assignee, Verify Exhibit Signed.png with clipRect {"top":15,"height":406,"left":62,"width":501}
?[36m[info]?[0m [phantom] Capture saved to /Users/zpeugh/code/min/scripts/flowdocument/Resources/actionHtmls/actionPNGs/Email Assignee, Verify Exhibit Signed.png
?[36m[info]?[0m [phantom] Step anonymous 32/172: done in 2076ms.
?[32;1m[debug]?[0m [phantom] opening url: file:///Users/zpeugh/code/min/scripts/flowdocument/Resources/actionHtmls/Assign Licensee.html, HTTP GET
?[32;1m[debug]?[0m [phantom] Navigation requested: url=file:///Users/zpeugh/code/min/scripts/flowdocument/Resources/actionHtmls/Assign Licensee.html, type=Other, willNavigate=true, isMainFrame=true
?[32;1m[debug]?[0m [phantom] url changed to "file:///Users/zpeugh/code/min/scripts/flowdocument/Resources/actionHtmls/Assign Licensee.html"
?[32;1m[debug]?[0m [phantom] Successfully injected Casper client-side utilities
?[36m[info]?[0m [phantom] Step anonymous 34/172: done in 2156ms.
?[36m[info]?[0m [phantom] Step _step 35/173: done in 2180ms.
?[36m[info]?[0m [phantom] waitFor() finished in 47ms.
?[32;1m[debug]?[0m [phantom] Capturing page to /Users/zpeugh/code/min/scripts/flowdocument/Resources/actionHtmls/actionPNGs/Assign Licensee.png with clipRect {"top":15,"height":393,"left":62,"width":501}
?[36m[info]?[0m [phantom] Capture saved to /Users/zpeugh/code/min/scripts/flowdocument/Resources/actionHtmls/actionPNGs/Assign Licensee.png
?[36m[info]?[0m [phantom] Step anonymous 36/174: done in 2320ms.
?[32;1m[debug]?[0m [phantom] opening url: file:///Users/zpeugh/code/min/scripts/flowdocument/Resources/actionHtmls/14 Days, Notify Customer of Actual Cost.html, HTTP GET
?[32;1m[debug]?[0m [phantom] Navigation requested: url=file:///Users/zpeugh/code/min/scripts/flowdocument/Resources/actionHtmls/14 Days, Notify Customer of Actual Cost.html, type=Other, willNavigate=true, isMainFrame=true
?[32;1m[debug]?[0m [phantom] url changed to "file:///Users/zpeugh/code/min/scripts/flowdocument/Resources/actionHtmls/14 Days, Notify Customer of Actual Cost.html"
?[32;1m[debug]?[0m [phantom] Successfully injected Casper client-side utilities
?[36m[info]?[0m [phantom] Step anonymous 38/174: done in 2394ms.
?[36m[info]?[0m [phantom] Step _step 39/175: done in 2417ms.
?[36m[info]?[0m [phantom] waitFor() finished in 46ms.
?[32;1m[debug]?[0m [phantom] Capturing page to /Users/zpeugh/code/min/scripts/flowdocument/Resources/actionHtmls/actionPNGs/14 Days, Notify Customer of Actual Cost.png with clipRect {"top":15,"height":393,"left":62,"width":501}
?[36m[info]?[0m [phantom] Capture saved to /Users/zpeugh/code/min/scripts/flowdocument/Resources/actionHtmls/actionPNGs/14 Days, Notify Customer of Actual Cost.png
?[36m[info]?[0m [phantom] Step anonymous 40/176: done in 2556ms.
?[32;1m[debug]?[0m [phantom] opening url: file:///Users/zpeugh/code/min/scripts/flowdocument/Resources/actionHtmls/Remove Time Markers.html, HTTP GET
?[32;1m[debug]?[0m [phantom] Navigation requested: url=file:///Users/zpeugh/code/min/scripts/flowdocument/Resources/actionHtmls/Remove Time Markers.html, type=Other, willNavigate=true, isMainFrame=true
?[32;1m[debug]?[0m [phantom] url changed to "file:///Users/zpeugh/code/min/scripts/flowdocument/Resources/actionHtmls/Remove Time Markers.html"
?[32;1m[debug]?[0m [phantom] Successfully injected Casper client-side utilities
?[36m[info]?[0m [phantom] Step anonymous 42/176: done in 2628ms.
?[36m[info]?[0m [phantom] Step _step 43/177: done in 2648ms.
?[36m[info]?[0m [phantom] waitFor() finished in 47ms.
?[32;1m[debug]?[0m [phantom] Capturing page to /Users/zpeugh/code/min/scripts/flowdocument/Resources/actionHtmls/actionPNGs/Remove Time Markers.png with clipRect {"top":15,"height":171,"left":62,"width":501}
?[36m[info]?[0m [phantom] Capture saved to /Users/zpeugh/code/min/scripts/flowdocument/Resources/actionHtmls/actionPNGs/Remove Time Markers.png
?[36m[info]?[0m [phantom] Step anonymous 44/178: done in 2776ms.
?[32;1m[debug]?[0m [phantom] opening url: file:///Users/zpeugh/code/min/scripts/flowdocument/Resources/actionHtmls/Lic. 14 Days to Respond.html, HTTP GET
?[32;1m[debug]?[0m [phantom] Navigation requested: url=file:///Users/zpeugh/code/min/scripts/flowdocument/Resources/actionHtmls/Lic. 14 Days to Respond.html, type=Other, willNavigate=true, isMainFrame=true
?[32;1m[debug]?[0m [phantom] url changed to "file:///Users/zpeugh/code/min/scripts/flowdocument/Resources/actionHtmls/Lic. 14 Days to Respond.html"
?[32;1m[debug]?[0m [phantom] Successfully injected Casper client-side utilities
?[36m[info]?[0m [phantom] Step anonymous 46/178: done in 2851ms.
?[36m[info]?[0m [phantom] Step _step 47/179: done in 2871ms.
?[36m[info]?[0m [phantom] waitFor() finished in 42ms.
?[32;1m[debug]?[0m [phantom] Capturing page to /Users/zpeugh/code/min/scripts/flowdocument/Resources/actionHtmls/actionPNGs/Lic. 14 Days to Respond.png with clipRect {"top":15,"height":393,"left":62,"width":501}
?[36m[info]?[0m [phantom] Capture saved to /Users/zpeugh/code/min/scripts/flowdocument/Resources/actionHtmls/actionPNGs/Lic. 14 Days to Respond.png
?[36m[info]?[0m [phantom] Step anonymous 48/180: done in 3010ms.
?[32;1m[debug]?[0m [phantom] opening url: file:///Users/zpeugh/code/min/scripts/flowdocument/Resources/actionHtmls/CompletePoleFormEmail.html, HTTP GET
?[32;1m[debug]?[0m [phantom] Navigation requested: url=file:///Users/zpeugh/code/min/scripts/flowdocument/Resources/actionHtmls/CompletePoleFormEmail.html, type=Other, willNavigate=true, isMainFrame=true
?[32;1m[debug]?[0m [phantom] url changed to "file:///Users/zpeugh/code/min/scripts/flowdocument/Resources/actionHtmls/CompletePoleFormEmail.html"
?[32;1m[debug]?[0m [phantom] Successfully injected Casper client-side utilities
?[36m[info]?[0m [phantom] Step anonymous 50/180: done in 3084ms.
?[36m[info]?[0m [phantom] Step _step 51/181: done in 3108ms.
?[36m[info]?[0m [phantom] waitFor() finished in 43ms.
?[32;1m[debug]?[0m [phantom] Capturing page to /Users/zpeugh/code/min/scripts/flowdocument/Resources/actionHtmls/actionPNGs/CompletePoleFormEmail.png with clipRect {"top":15,"height":406,"left":62,"width":501}
?[36m[info]?[0m [phantom] Capture saved to /Users/zpeugh/code/min/scripts/flowdocument/Resources/actionHtmls/actionPNGs/CompletePoleFormEmail.png
?[36m[info]?[0m [phantom] Step anonymous 52/182: done in 3243ms.
?[32;1m[debug]?[0m [phantom] opening url: file:///Users/zpeugh/code/min/scripts/flowdocument/Resources/actionHtmls/Email Customer: Application Instructions.html, HTTP GET
?[32;1m[debug]?[0m [phantom] Navigation requested: url=file:///Users/zpeugh/code/min/scripts/flowdocument/Resources/actionHtmls/Email Customer: Application Instructions.html, type=Other, willNavigate=true, isMainFrame=true
?[32;1m[debug]?[0m [phantom] url changed to "file:///Users/zpeugh/code/min/scripts/flowdocument/Resources/actionHtmls/Email Customer: Application Instructions.html"
?[32;1m[debug]?[0m [phantom] Successfully injected Casper client-side utilities
?[36m[info]?[0m [phantom] Step anonymous 54/182: done in 3296ms.
?[36m[info]?[0m [phantom] Step _step 55/183: done in 3316ms.
?[36m[info]?[0m [phantom] waitFor() finished in 47ms.
?[32;1m[debug]?[0m [phantom] Capturing page to /Users/zpeugh/code/min/scripts/flowdocument/Resources/actionHtmls/actionPNGs/Email Customer: Application Instructions.png with clipRect {"top":15,"height":406,"left":62,"width":501}
?[36m[info]?[0m [phantom] Capture saved to /Users/zpeugh/code/min/scripts/flowdocument/Resources/actionHtmls/actionPNGs/Email Customer: Application Instructions.png
?[36m[info]?[0m [phantom] Step anonymous 56/184: done in 3455ms.
?[32;1m[debug]?[0m [phantom] opening url: file:///Users/zpeugh/code/min/scripts/flowdocument/Resources/actionHtmls/Assign Customer.html, HTTP GET
?[32;1m[debug]?[0m [phantom] Navigation requested: url=file:///Users/zpeugh/code/min/scripts/flowdocument/Resources/actionHtmls/Assign Customer.html, type=Other, willNavigate=true, isMainFrame=true
?[32;1m[debug]?[0m [phantom] url changed to "file:///Users/zpeugh/code/min/scripts/flowdocument/Resources/actionHtmls/Assign Customer.html"
?[32;1m[debug]?[0m [phantom] Successfully injected Casper client-side utilities
?[36m[info]?[0m [phantom] Step anonymous 58/184: done in 3509ms.
?[36m[info]?[0m [phantom] Step _step 59/185: done in 3532ms.
?[36m[info]?[0m [phantom] waitFor() finished in 46ms.
?[32;1m[debug]?[0m [phantom] Capturing page to /Users/zpeugh/code/min/scripts/flowdocument/Resources/actionHtmls/actionPNGs/Assign Customer.png with clipRect {"top":15,"height":393,"left":62,"width":501}
?[36m[info]?[0m [phantom] Capture saved to /Users/zpeugh/code/min/scripts/flowdocument/Resources/actionHtmls/actionPNGs/Assign Customer.png
?[36m[info]?[0m [phantom] Step anonymous 60/186: done in 3669ms.
?[32;1m[debug]?[0m [phantom] opening url: file:///Users/zpeugh/code/min/scripts/flowdocument/Resources/actionHtmls/Email Managers, Canceled Project.html, HTTP GET
?[32;1m[debug]?[0m [phantom] Navigation requested: url=file:///Users/zpeugh/code/min/scripts/flowdocument/Resources/actionHtmls/Email Managers, Canceled Project.html, type=Other, willNavigate=true, isMainFrame=true
?[32;1m[debug]?[0m [phantom] url changed to "file:///Users/zpeugh/code/min/scripts/flowdocument/Resources/actionHtmls/Email Managers, Canceled Project.html"
?[32;1m[debug]?[0m [phantom] Successfully injected Casper client-side utilities
?[36m[info]?[0m [phantom] Step anonymous 62/186: done in 3746ms.
?[36m[info]?[0m [phantom] Step _step 63/187: done in 3769ms.
?[36m[info]?[0m [phantom] waitFor() finished in 48ms.
?[32;1m[debug]?[0m [phantom] Capturing page to /Users/zpeugh/code/min/scripts/flowdocument/Resources/actionHtmls/actionPNGs/Email Managers, Canceled Project.png with clipRect {"top":15,"height":406,"left":62,"width":501}
?[36m[info]?[0m [phantom] Capture saved to /Users/zpeugh/code/min/scripts/flowdocument/Resources/actionHtmls/actionPNGs/Email Managers, Canceled Project.png
?[36m[info]?[0m [phantom] Step anonymous 64/188: done in 3909ms.
?[32;1m[debug]?[0m [phantom] opening url: file:///Users/zpeugh/code/min/scripts/flowdocument/Resources/actionHtmls/Review Actual Cost.html, HTTP GET
?[32;1m[debug]?[0m [phantom] Navigation requested: url=file:///Users/zpeugh/code/min/scripts/flowdocument/Resources/actionHtmls/Review Actual Cost.html, type=Other, willNavigate=true, isMainFrame=true
?[32;1m[debug]?[0m [phantom] url changed to "file:///Users/zpeugh/code/min/scripts/flowdocument/Resources/actionHtmls/Review Actual Cost.html"
?[32;1m[debug]?[0m [phantom] Successfully injected Casper client-side utilities
?[36m[info]?[0m [phantom] Step anonymous 66/188: done in 3964ms.
?[36m[info]?[0m [phantom] Step _step 67/189: done in 3984ms.
?[36m[info]?[0m [phantom] waitFor() finished in 47ms.
?[32;1m[debug]?[0m [phantom] Capturing page to /Users/zpeugh/code/min/scripts/flowdocument/Resources/actionHtmls/actionPNGs/Review Actual Cost.png with clipRect {"top":15,"height":406,"left":62,"width":501}
?[36m[info]?[0m [phantom] Capture saved to /Users/zpeugh/code/min/scripts/flowdocument/Resources/actionHtmls/actionPNGs/Review Actual Cost.png
?[36m[info]?[0m [phantom] Step anonymous 68/190: done in 4126ms.
?[32;1m[debug]?[0m [phantom] opening url: file:///Users/zpeugh/code/min/scripts/flowdocument/Resources/actionHtmls/StationFormAction.html, HTTP GET
?[32;1m[debug]?[0m [phantom] Navigation requested: url=file:///Users/zpeugh/code/min/scripts/flowdocument/Resources/actionHtmls/StationFormAction.html, type=Other, willNavigate=true, isMainFrame=true
?[32;1m[debug]?[0m [phantom] url changed to "file:///Users/zpeugh/code/min/scripts/flowdocument/Resources/actionHtmls/StationFormAction.html"
?[32;1m[debug]?[0m [phantom] Successfully injected Casper client-side utilities
?[36m[info]?[0m [phantom] Step anonymous 70/190: done in 4193ms.
?[36m[info]?[0m [phantom] Step _step 71/191: done in 4214ms.
?[36m[info]?[0m [phantom] waitFor() finished in 46ms.
?[32;1m[debug]?[0m [phantom] Capturing page to /Users/zpeugh/code/min/scripts/flowdocument/Resources/actionHtmls/actionPNGs/StationFormAction.png with clipRect {"top":15,"height":319,"left":62,"width":501}
?[36m[info]?[0m [phantom] Capture saved to /Users/zpeugh/code/min/scripts/flowdocument/Resources/actionHtmls/actionPNGs/StationFormAction.png
?[36m[info]?[0m [phantom] Step anonymous 72/192: done in 4349ms.
?[32;1m[debug]?[0m [phantom] opening url: file:///Users/zpeugh/code/min/scripts/flowdocument/Resources/actionHtmls/Corrections Required Email.html, HTTP GET
?[32;1m[debug]?[0m [phantom] Navigation requested: url=file:///Users/zpeugh/code/min/scripts/flowdocument/Resources/actionHtmls/Corrections Required Email.html, type=Other, willNavigate=true, isMainFrame=true
?[32;1m[debug]?[0m [phantom] url changed to "file:///Users/zpeugh/code/min/scripts/flowdocument/Resources/actionHtmls/Corrections Required Email.html"
?[32;1m[debug]?[0m [phantom] Successfully injected Casper client-side utilities
?[36m[info]?[0m [phantom] Step anonymous 74/192: done in 4419ms.
?[36m[info]?[0m [phantom] Step _step 75/193: done in 4439ms.
?[36m[info]?[0m [phantom] waitFor() finished in 43ms.
?[32;1m[debug]?[0m [phantom] Capturing page to /Users/zpeugh/code/min/scripts/flowdocument/Resources/actionHtmls/actionPNGs/Corrections Required Email.png with clipRect {"top":15,"height":406,"left":62,"width":501}
?[36m[info]?[0m [phantom] Capture saved to /Users/zpeugh/code/min/scripts/flowdocument/Resources/actionHtmls/actionPNGs/Corrections Required Email.png
?[36m[info]?[0m [phantom] Step anonymous 76/194: done in 4570ms.
?[32;1m[debug]?[0m [phantom] opening url: file:///Users/zpeugh/code/min/scripts/flowdocument/Resources/actionHtmls/Email Customer: Editing Projects.html, HTTP GET
?[32;1m[debug]?[0m [phantom] Navigation requested: url=file:///Users/zpeugh/code/min/scripts/flowdocument/Resources/actionHtmls/Email Customer: Editing Projects.html, type=Other, willNavigate=true, isMainFrame=true
?[32;1m[debug]?[0m [phantom] url changed to "file:///Users/zpeugh/code/min/scripts/flowdocument/Resources/actionHtmls/Email Customer: Editing Projects.html"
?[32;1m[debug]?[0m [phantom] Successfully injected Casper client-side utilities
?[36m[info]?[0m [phantom] Step anonymous 78/194: done in 4624ms.
?[36m[info]?[0m [phantom] Step _step 79/195: done in 4647ms.
?[36m[info]?[0m [phantom] waitFor() finished in 46ms.
?[32;1m[debug]?[0m [phantom] Capturing page to /Users/zpeugh/code/min/scripts/flowdocument/Resources/actionHtmls/actionPNGs/Email Customer: Editing Projects.png with clipRect {"top":15,"height":406,"left":62,"width":501}
?[36m[info]?[0m [phantom] Capture saved to /Users/zpeugh/code/min/scripts/flowdocument/Resources/actionHtmls/actionPNGs/Email Customer: Editing Projects.png
?[36m[info]?[0m [phantom] Step anonymous 80/196: done in 4782ms.
?[32;1m[debug]?[0m [phantom] opening url: file:///Users/zpeugh/code/min/scripts/flowdocument/Resources/actionHtmls/Assign ACME JU Admin.html, HTTP GET
?[32;1m[debug]?[0m [phantom] Navigation requested: url=file:///Users/zpeugh/code/min/scripts/flowdocument/Resources/actionHtmls/Assign ACME JU Admin.html, type=Other, willNavigate=true, isMainFrame=true
?[32;1m[debug]?[0m [phantom] url changed to "file:///Users/zpeugh/code/min/scripts/flowdocument/Resources/actionHtmls/Assign ACME JU Admin.html"
?[32;1m[debug]?[0m [phantom] Successfully injected Casper client-side utilities
?[36m[info]?[0m [phantom] Step anonymous 82/196: done in 4838ms.
?[36m[info]?[0m [phantom] Step _step 83/197: done in 4859ms.
?[36m[info]?[0m [phantom] waitFor() finished in 43ms.
?[32;1m[debug]?[0m [phantom] Capturing page to /Users/zpeugh/code/min/scripts/flowdocument/Resources/actionHtmls/actionPNGs/Assign ACME JU Admin.png with clipRect {"top":15,"height":467,"left":62,"width":501}
?[36m[info]?[0m [phantom] Capture saved to /Users/zpeugh/code/min/scripts/flowdocument/Resources/actionHtmls/actionPNGs/Assign ACME JU Admin.png
?[36m[info]?[0m [phantom] Step anonymous 84/198: done in 4996ms.
?[32;1m[debug]?[0m [phantom] opening url: file:///Users/zpeugh/code/min/scripts/flowdocument/Resources/actionHtmls/Pole Count Locked.html, HTTP GET
?[32;1m[debug]?[0m [phantom] Navigation requested: url=file:///Users/zpeugh/code/min/scripts/flowdocument/Resources/actionHtmls/Pole Count Locked.html, type=Other, willNavigate=true, isMainFrame=true
?[32;1m[debug]?[0m [phantom] url changed to "file:///Users/zpeugh/code/min/scripts/flowdocument/Resources/actionHtmls/Pole Count Locked.html"
?[32;1m[debug]?[0m [phantom] Successfully injected Casper client-side utilities
?[36m[info]?[0m [phantom] Step anonymous 86/198: done in 5071ms.
?[36m[info]?[0m [phantom] Step _step 87/199: done in 5094ms.
?[36m[info]?[0m [phantom] waitFor() finished in 47ms.
?[32;1m[debug]?[0m [phantom] Capturing page to /Users/zpeugh/code/min/scripts/flowdocument/Resources/actionHtmls/actionPNGs/Pole Count Locked.png with clipRect {"top":15,"height":245,"left":62,"width":501}
?[36m[info]?[0m [phantom] Capture saved to /Users/zpeugh/code/min/scripts/flowdocument/Resources/actionHtmls/actionPNGs/Pole Count Locked.png
?[36m[info]?[0m [phantom] Step anonymous 88/200: done in 5224ms.
?[32;1m[debug]?[0m [phantom] opening url: file:///Users/zpeugh/code/min/scripts/flowdocument/Resources/actionHtmls/14 Days to Respond.html, HTTP GET
?[32;1m[debug]?[0m [phantom] Navigation requested: url=file:///Users/zpeugh/code/min/scripts/flowdocument/Resources/actionHtmls/14 Days to Respond.html, type=Other, willNavigate=true, isMainFrame=true
?[32;1m[debug]?[0m [phantom] url changed to "file:///Users/zpeugh/code/min/scripts/flowdocument/Resources/actionHtmls/14 Days to Respond.html"
?[32;1m[debug]?[0m [phantom] Successfully injected Casper client-side utilities
?[36m[info]?[0m [phantom] Step anonymous 90/200: done in 5288ms.
?[36m[info]?[0m [phantom] Step _step 91/201: done in 5308ms.
?[36m[info]?[0m [phantom] waitFor() finished in 41ms.
?[32;1m[debug]?[0m [phantom] Capturing page to /Users/zpeugh/code/min/scripts/flowdocument/Resources/actionHtmls/actionPNGs/14 Days to Respond.png with clipRect {"top":15,"height":393,"left":62,"width":501}
?[36m[info]?[0m [phantom] Capture saved to /Users/zpeugh/code/min/scripts/flowdocument/Resources/actionHtmls/actionPNGs/14 Days to Respond.png
?[36m[info]?[0m [phantom] Step anonymous 92/202: done in 5440ms.
?[32;1m[debug]?[0m [phantom] opening url: file:///Users/zpeugh/code/min/scripts/flowdocument/Resources/actionHtmls/90 Day Clock.html, HTTP GET
?[32;1m[debug]?[0m [phantom] Navigation requested: url=file:///Users/zpeugh/code/min/scripts/flowdocument/Resources/actionHtmls/90 Day Clock.html, type=Other, willNavigate=true, isMainFrame=true
?[32;1m[debug]?[0m [phantom] url changed to "file:///Users/zpeugh/code/min/scripts/flowdocument/Resources/actionHtmls/90 Day Clock.html"
?[32;1m[debug]?[0m [phantom] Successfully injected Casper client-side utilities
?[36m[info]?[0m [phantom] Step anonymous 94/202: done in 5496ms.
?[36m[info]?[0m [phantom] Step _step 95/203: done in 5516ms.
?[36m[info]?[0m [phantom] waitFor() finished in 44ms.
?[32;1m[debug]?[0m [phantom] Capturing page to /Users/zpeugh/code/min/scripts/flowdocument/Resources/actionHtmls/actionPNGs/90 Day Clock.png with clipRect {"top":15,"height":393,"left":62,"width":501}
?[36m[info]?[0m [phantom] Capture saved to /Users/zpeugh/code/min/scripts/flowdocument/Resources/actionHtmls/actionPNGs/90 Day Clock.png
?[36m[info]?[0m [phantom] Step anonymous 96/204: done in 5662ms.
?[32;1m[debug]?[0m [phantom] opening url: file:///Users/zpeugh/code/min/scripts/flowdocument/Resources/actionHtmls/Email Customer: Complete New Forms.html, HTTP GET
?[32;1m[debug]?[0m [phantom] Navigation requested: url=file:///Users/zpeugh/code/min/scripts/flowdocument/Resources/actionHtmls/Email Customer: Complete New Forms.html, type=Other, willNavigate=true, isMainFrame=true
?[32;1m[debug]?[0m [phantom] url changed to "file:///Users/zpeugh/code/min/scripts/flowdocument/Resources/actionHtmls/Email Customer: Complete New Forms.html"
?[32;1m[debug]?[0m [phantom] Successfully injected Casper client-side utilities
?[36m[info]?[0m [phantom] Step anonymous 98/204: done in 5719ms.
?[36m[info]?[0m [phantom] Step _step 99/205: done in 5740ms.
?[36m[info]?[0m [phantom] waitFor() finished in 44ms.
?[32;1m[debug]?[0m [phantom] Capturing page to /Users/zpeugh/code/min/scripts/flowdocument/Resources/actionHtmls/actionPNGs/Email Customer: Complete New Forms.png with clipRect {"top":15,"height":406,"left":62,"width":501}
?[36m[info]?[0m [phantom] Capture saved to /Users/zpeugh/code/min/scripts/flowdocument/Resources/actionHtmls/actionPNGs/Email Customer: Complete New Forms.png
?[36m[info]?[0m [phantom] Step anonymous 100/206: done in 5874ms.
?[32;1m[debug]?[0m [phantom] opening url: file:///Users/zpeugh/code/min/scripts/flowdocument/Resources/actionHtmls/Assign Joint Use Manager as Manager.html, HTTP GET
?[32;1m[debug]?[0m [phantom] Navigation requested: url=file:///Users/zpeugh/code/min/scripts/flowdocument/Resources/actionHtmls/Assign Joint Use Manager as Manager.html, type=Other, willNavigate=true, isMainFrame=true
?[32;1m[debug]?[0m [phantom] url changed to "file:///Users/zpeugh/code/min/scripts/flowdocument/Resources/actionHtmls/Assign Joint Use Manager as Manager.html"
?[32;1m[debug]?[0m [phantom] Successfully injected Casper client-side utilities
?[36m[info]?[0m [phantom] Step anonymous 102/206: done in 5927ms.
?[36m[info]?[0m [phantom] Step _step 103/207: done in 5950ms.
?[36m[info]?[0m [phantom] waitFor() finished in 43ms.
?[32;1m[debug]?[0m [phantom] Capturing page to /Users/zpeugh/code/min/scripts/flowdocument/Resources/actionHtmls/actionPNGs/Assign Joint Use Manager as Manager.png with clipRect {"top":15,"height":393,"left":62,"width":501}
?[36m[info]?[0m [phantom] Capture saved to /Users/zpeugh/code/min/scripts/flowdocument/Resources/actionHtmls/actionPNGs/Assign Joint Use Manager as Manager.png
?[36m[info]?[0m [phantom] Step anonymous 104/208: done in 6083ms.
?[32;1m[debug]?[0m [phantom] opening url: file:///Users/zpeugh/code/min/scripts/flowdocument/Resources/actionHtmls/45 Day Clock.html, HTTP GET
?[32;1m[debug]?[0m [phantom] Navigation requested: url=file:///Users/zpeugh/code/min/scripts/flowdocument/Resources/actionHtmls/45 Day Clock.html, type=Other, willNavigate=true, isMainFrame=true
?[32;1m[debug]?[0m [phantom] url changed to "file:///Users/zpeugh/code/min/scripts/flowdocument/Resources/actionHtmls/45 Day Clock.html"
?[32;1m[debug]?[0m [phantom] Successfully injected Casper client-side utilities
?[36m[info]?[0m [phantom] Step anonymous 106/208: done in 6157ms.
?[36m[info]?[0m [phantom] Step _step 107/209: done in 6179ms.
?[36m[info]?[0m [phantom] waitFor() finished in 46ms.
?[32;1m[debug]?[0m [phantom] Capturing page to /Users/zpeugh/code/min/scripts/flowdocument/Resources/actionHtmls/actionPNGs/45 Day Clock.png with clipRect {"top":15,"height":393,"left":62,"width":501}
?[36m[info]?[0m [phantom] Capture saved to /Users/zpeugh/code/min/scripts/flowdocument/Resources/actionHtmls/actionPNGs/45 Day Clock.png
?[36m[info]?[0m [phantom] Step anonymous 108/210: done in 6317ms.
?[32;1m[debug]?[0m [phantom] opening url: file:///Users/zpeugh/code/min/scripts/flowdocument/Resources/actionHtmls/Email Licensee Begin Construction.html, HTTP GET
?[32;1m[debug]?[0m [phantom] Navigation requested: url=file:///Users/zpeugh/code/min/scripts/flowdocument/Resources/actionHtmls/Email Licensee Begin Construction.html, type=Other, willNavigate=true, isMainFrame=true
?[32;1m[debug]?[0m [phantom] url changed to "file:///Users/zpeugh/code/min/scripts/flowdocument/Resources/actionHtmls/Email Licensee Begin Construction.html"
?[32;1m[debug]?[0m [phantom] Successfully injected Casper client-side utilities
?[36m[info]?[0m [phantom] Step anonymous 110/210: done in 6389ms.
?[36m[info]?[0m [phantom] Step _step 111/211: done in 6411ms.
?[36m[info]?[0m [phantom] waitFor() finished in 44ms.
?[32;1m[debug]?[0m [phantom] Capturing page to /Users/zpeugh/code/min/scripts/flowdocument/Resources/actionHtmls/actionPNGs/Email Licensee Begin Construction.png with clipRect {"top":15,"height":406,"left":62,"width":501}
?[36m[info]?[0m [phantom] Capture saved to /Users/zpeugh/code/min/scripts/flowdocument/Resources/actionHtmls/actionPNGs/Email Licensee Begin Construction.png
?[36m[info]?[0m [phantom] Step anonymous 112/212: done in 6547ms.
?[32;1m[debug]?[0m [phantom] opening url: file:///Users/zpeugh/code/min/scripts/flowdocument/Resources/actionHtmls/Generate Calc File.html, HTTP GET
?[32;1m[debug]?[0m [phantom] Navigation requested: url=file:///Users/zpeugh/code/min/scripts/flowdocument/Resources/actionHtmls/Generate Calc File.html, type=Other, willNavigate=true, isMainFrame=true
?[32;1m[debug]?[0m [phantom] url changed to "file:///Users/zpeugh/code/min/scripts/flowdocument/Resources/actionHtmls/Generate Calc File.html"
?[32;1m[debug]?[0m [phantom] Successfully injected Casper client-side utilities
?[36m[info]?[0m [phantom] Step anonymous 114/212: done in 6625ms.
?[36m[info]?[0m [phantom] Step _step 115/213: done in 6648ms.
?[36m[info]?[0m [phantom] waitFor() finished in 42ms.
?[32;1m[debug]?[0m [phantom] Capturing page to /Users/zpeugh/code/min/scripts/flowdocument/Resources/actionHtmls/actionPNGs/Generate Calc File.png with clipRect {"top":15,"height":245,"left":62,"width":501}
?[36m[info]?[0m [phantom] Capture saved to /Users/zpeugh/code/min/scripts/flowdocument/Resources/actionHtmls/actionPNGs/Generate Calc File.png
?[36m[info]?[0m [phantom] Step anonymous 116/214: done in 6767ms.
?[32;1m[debug]?[0m [phantom] opening url: file:///Users/zpeugh/code/min/scripts/flowdocument/Resources/actionHtmls/Email Customer: Review Make Ready.html, HTTP GET
?[32;1m[debug]?[0m [phantom] Navigation requested: url=file:///Users/zpeugh/code/min/scripts/flowdocument/Resources/actionHtmls/Email Customer: Review Make Ready.html, type=Other, willNavigate=true, isMainFrame=true
?[32;1m[debug]?[0m [phantom] url changed to "file:///Users/zpeugh/code/min/scripts/flowdocument/Resources/actionHtmls/Email Customer: Review Make Ready.html"
?[32;1m[debug]?[0m [phantom] Successfully injected Casper client-side utilities
?[36m[info]?[0m [phantom] Step anonymous 118/214: done in 6820ms.
?[36m[info]?[0m [phantom] Step _step 119/215: done in 6844ms.
?[36m[info]?[0m [phantom] waitFor() finished in 46ms.
?[32;1m[debug]?[0m [phantom] Capturing page to /Users/zpeugh/code/min/scripts/flowdocument/Resources/actionHtmls/actionPNGs/Email Customer: Review Make Ready.png with clipRect {"top":15,"height":406,"left":62,"width":501}
?[36m[info]?[0m [phantom] Capture saved to /Users/zpeugh/code/min/scripts/flowdocument/Resources/actionHtmls/actionPNGs/Email Customer: Review Make Ready.png
?[36m[info]?[0m [phantom] Step anonymous 120/216: done in 6989ms.
?[32;1m[debug]?[0m [phantom] opening url: file:///Users/zpeugh/code/min/scripts/flowdocument/Resources/actionHtmls/Email Customer (No Make Ready Reqd).html, HTTP GET
?[32;1m[debug]?[0m [phantom] Navigation requested: url=file:///Users/zpeugh/code/min/scripts/flowdocument/Resources/actionHtmls/Email Customer (No Make Ready Reqd).html, type=Other, willNavigate=true, isMainFrame=true
?[32;1m[debug]?[0m [phantom] url changed to "file:///Users/zpeugh/code/min/scripts/flowdocument/Resources/actionHtmls/Email Customer (No Make Ready Reqd).html"
?[32;1m[debug]?[0m [phantom] Successfully injected Casper client-side utilities
?[36m[info]?[0m [phantom] Step anonymous 122/216: done in 7069ms.
?[36m[info]?[0m [phantom] Step _step 123/217: done in 7093ms.
?[36m[info]?[0m [phantom] waitFor() finished in 44ms.
?[32;1m[debug]?[0m [phantom] Capturing page to /Users/zpeugh/code/min/scripts/flowdocument/Resources/actionHtmls/actionPNGs/Email Customer (No Make Ready Reqd).png with clipRect {"top":15,"height":406,"left":62,"width":501}
?[36m[info]?[0m [phantom] Capture saved to /Users/zpeugh/code/min/scripts/flowdocument/Resources/actionHtmls/actionPNGs/Email Customer (No Make Ready Reqd).png
?[36m[info]?[0m [phantom] Step anonymous 124/218: done in 7231ms.
?[32;1m[debug]?[0m [phantom] opening url: file:///Users/zpeugh/code/min/scripts/flowdocument/Resources/actionHtmls/Remove Clock.html, HTTP GET
?[32;1m[debug]?[0m [phantom] Navigation requested: url=file:///Users/zpeugh/code/min/scripts/flowdocument/Resources/actionHtmls/Remove Clock.html, type=Other, willNavigate=true, isMainFrame=true
?[32;1m[debug]?[0m [phantom] url changed to "file:///Users/zpeugh/code/min/scripts/flowdocument/Resources/actionHtmls/Remove Clock.html"
?[32;1m[debug]?[0m [phantom] Successfully injected Casper client-side utilities
?[36m[info]?[0m [phantom] Step anonymous 126/218: done in 7300ms.
?[36m[info]?[0m [phantom] Step _step 127/219: done in 7324ms.
?[36m[info]?[0m [phantom] waitFor() finished in 44ms.
?[32;1m[debug]?[0m [phantom] Capturing page to /Users/zpeugh/code/min/scripts/flowdocument/Resources/actionHtmls/actionPNGs/Remove Clock.png with clipRect {"top":15,"height":171,"left":62,"width":501}
?[36m[info]?[0m [phantom] Capture saved to /Users/zpeugh/code/min/scripts/flowdocument/Resources/actionHtmls/actionPNGs/Remove Clock.png
?[36m[info]?[0m [phantom] Step anonymous 128/220: done in 7441ms.
?[32;1m[debug]?[0m [phantom] opening url: file:///Users/zpeugh/code/min/scripts/flowdocument/Resources/actionHtmls/PNM Assignee Other Attachers.html, HTTP GET
?[32;1m[debug]?[0m [phantom] Navigation requested: url=file:///Users/zpeugh/code/min/scripts/flowdocument/Resources/actionHtmls/PNM Assignee Other Attachers.html, type=Other, willNavigate=true, isMainFrame=true
?[32;1m[debug]?[0m [phantom] url changed to "file:///Users/zpeugh/code/min/scripts/flowdocument/Resources/actionHtmls/PNM Assignee Other Attachers.html"
?[32;1m[debug]?[0m [phantom] Successfully injected Casper client-side utilities
?[36m[info]?[0m [phantom] Step anonymous 130/220: done in 7494ms.
?[36m[info]?[0m [phantom] Step _step 131/221: done in 7516ms.
?[36m[info]?[0m [phantom] waitFor() finished in 40ms.
?[32;1m[debug]?[0m [phantom] Capturing page to /Users/zpeugh/code/min/scripts/flowdocument/Resources/actionHtmls/actionPNGs/PNM Assignee Other Attachers.png with clipRect {"top":15,"height":467,"left":62,"width":501}
?[36m[info]?[0m [phantom] Capture saved to /Users/zpeugh/code/min/scripts/flowdocument/Resources/actionHtmls/actionPNGs/PNM Assignee Other Attachers.png
?[36m[info]?[0m [phantom] Step anonymous 132/222: done in 7659ms.
?[32;1m[debug]?[0m [phantom] opening url: file:///Users/zpeugh/code/min/scripts/flowdocument/Resources/actionHtmls/Email Lic Canceled.html, HTTP GET
?[32;1m[debug]?[0m [phantom] Navigation requested: url=file:///Users/zpeugh/code/min/scripts/flowdocument/Resources/actionHtmls/Email Lic Canceled.html, type=Other, willNavigate=true, isMainFrame=true
?[32;1m[debug]?[0m [phantom] url changed to "file:///Users/zpeugh/code/min/scripts/flowdocument/Resources/actionHtmls/Email Lic Canceled.html"
?[32;1m[debug]?[0m [phantom] Successfully injected Casper client-side utilities
?[36m[info]?[0m [phantom] Step anonymous 134/222: done in 7734ms.
?[36m[info]?[0m [phantom] Step _step 135/223: done in 7756ms.
?[36m[info]?[0m [phantom] waitFor() finished in 45ms.
?[32;1m[debug]?[0m [phantom] Capturing page to /Users/zpeugh/code/min/scripts/flowdocument/Resources/actionHtmls/actionPNGs/Email Lic Canceled.png with clipRect {"top":15,"height":406,"left":62,"width":501}
?[36m[info]?[0m [phantom] Capture saved to /Users/zpeugh/code/min/scripts/flowdocument/Resources/actionHtmls/actionPNGs/Email Lic Canceled.png
?[36m[info]?[0m [phantom] Step anonymous 136/224: done in 7894ms.
?[32;1m[debug]?[0m [phantom] opening url: file:///Users/zpeugh/code/min/scripts/flowdocument/Resources/actionHtmls/AssignAssigneeFromForm.html, HTTP GET
?[32;1m[debug]?[0m [phantom] Navigation requested: url=file:///Users/zpeugh/code/min/scripts/flowdocument/Resources/actionHtmls/AssignAssigneeFromForm.html, type=Other, willNavigate=true, isMainFrame=true
?[32;1m[debug]?[0m [phantom] url changed to "file:///Users/zpeugh/code/min/scripts/flowdocument/Resources/actionHtmls/AssignAssigneeFromForm.html"
?[32;1m[debug]?[0m [phantom] Successfully injected Casper client-side utilities
?[36m[info]?[0m [phantom] Step anonymous 138/224: done in 7971ms.
?[36m[info]?[0m [phantom] Step _step 139/225: done in 7993ms.
script timed out
?[36m[info]?[0m [phantom] waitFor() finished in 41ms.
?[32;1m[debug]?[0m [phantom] Capturing page to /Users/zpeugh/code/min/scripts/flowdocument/Resources/actionHtmls/actionPNGs/AssignAssigneeFromForm.png with clipRect {"top":15,"height":541,"left":62,"width":501}
?[36m[info]?[0m [phantom] Capture saved to /Users/zpeugh/code/min/scripts/flowdocument/Resources/actionHtmls/actionPNGs/AssignAssigneeFromForm.png
?[36m[info]?[0m [phantom] Step anonymous 140/226: done in 8136ms.
?[32;1m[debug]?[0m [phantom] opening url: file:///Users/zpeugh/code/min/scripts/flowdocument/Resources/actionHtmls/Corrections Req'd Email.html, HTTP GET
?[32;1m[debug]?[0m [phantom] Navigation requested: url=file:///Users/zpeugh/code/min/scripts/flowdocument/Resources/actionHtmls/Corrections Req'd Email.html, type=Other, willNavigate=true, isMainFrame=true
?[32;1m[debug]?[0m [phantom] url changed to "file:///Users/zpeugh/code/min/scripts/flowdocument/Resources/actionHtmls/Corrections Req'd Email.html"
?[32;1m[debug]?[0m [phantom] Successfully injected Casper client-side utilities
?[36m[info]?[0m [phantom] Step anonymous 142/226: done in 8214ms.
?[36m[info]?[0m [phantom] Step _step 143/227: done in 8236ms.
?[36m[info]?[0m [phantom] waitFor() finished in 40ms.
?[32;1m[debug]?[0m [phantom] Capturing page to /Users/zpeugh/code/min/scripts/flowdocument/Resources/actionHtmls/actionPNGs/Corrections Req'd Email.png with clipRect {"top":15,"height":406,"left":62,"width":501}
?[36m[info]?[0m [phantom] Capture saved to /Users/zpeugh/code/min/scripts/flowdocument/Resources/actionHtmls/actionPNGs/Corrections Req'd Email.png
?[36m[info]?[0m [phantom] Step anonymous 144/228: done in 8430ms.
?[32;1m[debug]?[0m [phantom] opening url: file:///Users/zpeugh/code/min/scripts/flowdocument/Resources/actionHtmls/30 Days to Correct Installation.html, HTTP GET
?[32;1m[debug]?[0m [phantom] Navigation requested: url=file:///Users/zpeugh/code/min/scripts/flowdocument/Resources/actionHtmls/30 Days to Correct Installation.html, type=Other, willNavigate=true, isMainFrame=true
?[32;1m[debug]?[0m [phantom] url changed to "file:///Users/zpeugh/code/min/scripts/flowdocument/Resources/actionHtmls/30 Days to Correct Installation.html"
?[32;1m[debug]?[0m [phantom] Successfully injected Casper client-side utilities
?[36m[info]?[0m [phantom] Step anonymous 146/228: done in 8494ms.
?[36m[info]?[0m [phantom] Step _step 147/229: done in 8514ms.
?[36m[info]?[0m [phantom] waitFor() finished in 47ms.
?[32;1m[debug]?[0m [phantom] Capturing page to /Users/zpeugh/code/min/scripts/flowdocument/Resources/actionHtmls/actionPNGs/30 Days to Correct Installation.png with clipRect {"top":15,"height":393,"left":62,"width":501}
?[36m[info]?[0m [phantom] Capture saved to /Users/zpeugh/code/min/scripts/flowdocument/Resources/actionHtmls/actionPNGs/30 Days to Correct Installation.png
?[36m[info]?[0m [phantom] Step anonymous 148/230: done in 8685ms.
?[32;1m[debug]?[0m [phantom] opening url: file:///Users/zpeugh/code/min/scripts/flowdocument/Resources/actionHtmls/14 Day Clock for Lic to Accept Actual Cost.html, HTTP GET
?[32;1m[debug]?[0m [phantom] Navigation requested: url=file:///Users/zpeugh/code/min/scripts/flowdocument/Resources/actionHtmls/14 Day Clock for Lic to Accept Actual Cost.html, type=Other, willNavigate=true, isMainFrame=true
?[32;1m[debug]?[0m [phantom] url changed to "file:///Users/zpeugh/code/min/scripts/flowdocument/Resources/actionHtmls/14 Day Clock for Lic to Accept Actual Cost.html"
?[32;1m[debug]?[0m [phantom] Successfully injected Casper client-side utilities
?[36m[info]?[0m [phantom] Step anonymous 150/230: done in 8759ms.
?[36m[info]?[0m [phantom] Step _step 151/231: done in 8780ms.
?[36m[info]?[0m [phantom] waitFor() finished in 46ms.
?[32;1m[debug]?[0m [phantom] Capturing page to /Users/zpeugh/code/min/scripts/flowdocument/Resources/actionHtmls/actionPNGs/14 Day Clock for Lic to Accept Actual Cost.png with clipRect {"top":15,"height":393,"left":62,"width":501}
?[36m[info]?[0m [phantom] Capture saved to /Users/zpeugh/code/min/scripts/flowdocument/Resources/actionHtmls/actionPNGs/14 Day Clock for Lic to Accept Actual Cost.png
?[36m[info]?[0m [phantom] Step anonymous 152/232: done in 8918ms.
?[32;1m[debug]?[0m [phantom] opening url: file:///Users/zpeugh/code/min/scripts/flowdocument/Resources/actionHtmls/Email Licensee: Project Editing.html, HTTP GET
?[32;1m[debug]?[0m [phantom] Navigation requested: url=file:///Users/zpeugh/code/min/scripts/flowdocument/Resources/actionHtmls/Email Licensee: Project Editing.html, type=Other, willNavigate=true, isMainFrame=true
?[32;1m[debug]?[0m [phantom] url changed to "file:///Users/zpeugh/code/min/scripts/flowdocument/Resources/actionHtmls/Email Licensee: Project Editing.html"
?[32;1m[debug]?[0m [phantom] Successfully injected Casper client-side utilities
?[36m[info]?[0m [phantom] Step anonymous 154/232: done in 8987ms.
?[36m[info]?[0m [phantom] Step _step 155/233: done in 9008ms.
?[36m[info]?[0m [phantom] waitFor() finished in 41ms.
?[32;1m[debug]?[0m [phantom] Capturing page to /Users/zpeugh/code/min/scripts/flowdocument/Resources/actionHtmls/actionPNGs/Email Licensee: Project Editing.png with clipRect {"top":15,"height":406,"left":62,"width":501}
?[36m[info]?[0m [phantom] Capture saved to /Users/zpeugh/code/min/scripts/flowdocument/Resources/actionHtmls/actionPNGs/Email Licensee: Project Editing.png
?[36m[info]?[0m [phantom] Step anonymous 156/234: done in 9140ms.
?[32;1m[debug]?[0m [phantom] opening url: file:///Users/zpeugh/code/min/scripts/flowdocument/Resources/actionHtmls/Resume 45 Day Clock.html, HTTP GET
?[32;1m[debug]?[0m [phantom] Navigation requested: url=file:///Users/zpeugh/code/min/scripts/flowdocument/Resources/actionHtmls/Resume 45 Day Clock.html, type=Other, willNavigate=true, isMainFrame=true
?[32;1m[debug]?[0m [phantom] url changed to "file:///Users/zpeugh/code/min/scripts/flowdocument/Resources/actionHtmls/Resume 45 Day Clock.html"
?[32;1m[debug]?[0m [phantom] Successfully injected Casper client-side utilities
?[36m[info]?[0m [phantom] Step anonymous 158/234: done in 9193ms.
?[32;1m[debug]?[0m [phantom] opening url: file:///Users/zpeugh/code/min/scripts/flowdocument/Resources/actionHtmls/Resume 45 Day Clock.html, HTTP GET
?[32;1m[debug]?[0m [phantom] Navigation requested: url=file:///Users/zpeugh/code/min/scripts/flowdocument/Resources/actionHtmls/Resume 45 Day Clock.html, type=Other, willNavigate=true, isMainFrame=true
?[32;1m[debug]?[0m [phantom] url changed to "file:///Users/zpeugh/code/min/scripts/flowdocument/Resources/actionHtmls/Resume 45 Day Clock.html"
?[32;1m[debug]?[0m [phantom] Successfully injected Casper client-side utilities
?[36m[info]?[0m [phantom] Step anonymous 160/236: done in 9294ms.
?[32;1m[debug]?[0m [phantom] opening url: file:///Users/zpeugh/code/min/scripts/flowdocument/Resources/actionHtmls/60 Days Complete ACME MR.html, HTTP GET
?[32;1m[debug]?[0m [phantom] Navigation requested: url=file:///Users/zpeugh/code/min/scripts/flowdocument/Resources/actionHtmls/60 Days Complete ACME MR.html, type=Other, willNavigate=true, isMainFrame=true
?[32;1m[debug]?[0m [phantom] url changed to "file:///Users/zpeugh/code/min/scripts/flowdocument/Resources/actionHtmls/60 Days Complete ACME MR.html"
?[32;1m[debug]?[0m [phantom] Successfully injected Casper client-side utilities
?[36m[info]?[0m [phantom] Step anonymous 162/236: done in 9344ms.
?[32;1m[debug]?[0m [phantom] opening url: file:///Users/zpeugh/code/min/scripts/flowdocument/Resources/actionHtmls/60 Days Complete ACME MR.html, HTTP GET
?[32;1m[debug]?[0m [phantom] Navigation requested: url=file:///Users/zpeugh/code/min/scripts/flowdocument/Resources/actionHtmls/60 Days Complete ACME MR.html, type=Other, willNavigate=true, isMainFrame=true
?[32;1m[debug]?[0m [phantom] url changed to "file:///Users/zpeugh/code/min/scripts/flowdocument/Resources/actionHtmls/60 Days Complete ACME MR.html"
?[32;1m[debug]?[0m [phantom] Successfully injected Casper client-side utilities
?[36m[info]?[0m [phantom] Step anonymous 164/238: done in 9423ms.
?[32;1m[debug]?[0m [phantom] opening url: file:///Users/zpeugh/code/min/scripts/flowdocument/Resources/actionHtmls/Pause 45 Day Clock.html, HTTP GET
?[32;1m[debug]?[0m [phantom] Navigation requested: url=file:///Users/zpeugh/code/min/scripts/flowdocument/Resources/actionHtmls/Pause 45 Day Clock.html, type=Other, willNavigate=true, isMainFrame=true
?[32;1m[debug]?[0m [phantom] url changed to "file:///Users/zpeugh/code/min/scripts/flowdocument/Resources/actionHtmls/Pause 45 Day Clock.html"
?[32;1m[debug]?[0m [phantom] Successfully injected Casper client-side utilities
?[36m[info]?[0m [phantom] Step anonymous 166/238: done in 9497ms.
?[32;1m[debug]?[0m [phantom] opening url: file:///Users/zpeugh/code/min/scripts/flowdocument/Resources/actionHtmls/Pause 45 Day Clock.html, HTTP GET
?[32;1m[debug]?[0m [phantom] Navigation requested: url=file:///Users/zpeugh/code/min/scripts/flowdocument/Resources/actionHtmls/Pause 45 Day Clock.html, type=Other, willNavigate=true, isMainFrame=true
?[32;1m[debug]?[0m [phantom] url changed to "file:///Users/zpeugh/code/min/scripts/flowdocument/Resources/actionHtmls/Pause 45 Day Clock.html"
?[32;1m[debug]?[0m [phantom] Successfully injected Casper client-side utilities
?[36m[info]?[0m [phantom] Step anonymous 168/240: done in 9571ms.
?[32;1m[debug]?[0m [phantom] opening url: file:///Users/zpeugh/code/min/scripts/flowdocument/Resources/actionHtmls/Email Assignee, Canceled Project.html, HTTP GET
?[32;1m[debug]?[0m [phantom] Navigation requested: url=file:///Users/zpeugh/code/min/scripts/flowdocument/Resources/actionHtmls/Email Assignee, Canceled Project.html, type=Other, willNavigate=true, isMainFrame=true
?[32;1m[debug]?[0m [phantom] url changed to "file:///Users/zpeugh/code/min/scripts/flowdocument/Resources/actionHtmls/Email Assignee, Canceled Project.html"
?[32;1m[debug]?[0m [phantom] Successfully injected Casper client-side utilities
?[36m[info]?[0m [phantom] Step anonymous 170/240: done in 9646ms.
?[32;1m[debug]?[0m [phantom] opening url: file:///Users/zpeugh/code/min/scripts/flowdocument/Resources/actionHtmls/Email Assignee, Canceled Project.html, HTTP GET
?[32;1m[debug]?[0m [phantom] Navigation requested: url=file:///Users/zpeugh/code/min/scripts/flowdocument/Resources/actionHtmls/Email Assignee, Canceled Project.html, type=Other, willNavigate=true, isMainFrame=true
?[32;1m[debug]?[0m [phantom] url changed to "file:///Users/zpeugh/code/min/scripts/flowdocument/Resources/actionHtmls/Email Assignee, Canceled Project.html"
?[32;1m[debug]?[0m [phantom] Successfully injected Casper client-side utilities
?[36m[info]?[0m [phantom] Step anonymous 172/242: done in 9743ms.
?[32;1m[debug]?[0m [phantom] opening url: file:///Users/zpeugh/code/min/scripts/flowdocument/Resources/actionHtmls/Unlock Project.html, HTTP GET
?[32;1m[debug]?[0m [phantom] Navigation requested: url=file:///Users/zpeugh/code/min/scripts/flowdocument/Resources/actionHtmls/Unlock Project.html, type=Other, willNavigate=true, isMainFrame=true
?[32;1m[debug]?[0m [phantom] url changed to "file:///Users/zpeugh/code/min/scripts/flowdocument/Resources/actionHtmls/Unlock Project.html"
?[32;1m[debug]?[0m [phantom] Successfully injected Casper client-side utilities
?[36m[info]?[0m [phantom] Step anonymous 174/242: done in 9792ms.
?[32;1m[debug]?[0m [phantom] opening url: file:///Users/zpeugh/code/min/scripts/flowdocument/Resources/actionHtmls/Unlock Project.html, HTTP GET
?[32;1m[debug]?[0m [phantom] Navigation requested: url=file:///Users/zpeugh/code/min/scripts/flowdocument/Resources/actionHtmls/Unlock Project.html, type=Other, willNavigate=true, isMainFrame=true
?[32;1m[debug]?[0m [phantom] url changed to "file:///Users/zpeugh/code/min/scripts/flowdocument/Resources/actionHtmls/Unlock Project.html"
?[32;1m[debug]?[0m [phantom] Successfully injected Casper client-side utilities
?[36m[info]?[0m [phantom] Step anonymous 176/244: done in 9868ms.
?[32;1m[debug]?[0m [phantom] opening url: file:///Users/zpeugh/code/min/scripts/flowdocument/Resources/actionHtmls/Email Customer: Editing Instructions.html, HTTP GET
?[32;1m[debug]?[0m [phantom] Navigation requested: url=file:///Users/zpeugh/code/min/scripts/flowdocument/Resources/actionHtmls/Email Customer: Editing Instructions.html, type=Other, willNavigate=true, isMainFrame=true
?[32;1m[debug]?[0m [phantom] url changed to "file:///Users/zpeugh/code/min/scripts/flowdocument/Resources/actionHtmls/Email Customer: Editing Instructions.html"
?[32;1m[debug]?[0m [phantom] Successfully injected Casper client-side utilities
?[36m[info]?[0m [phantom] Step anonymous 178/244: done in 9943ms.
?[32;1m[debug]?[0m [phantom] opening url: file:///Users/zpeugh/code/min/scripts/flowdocument/Resources/actionHtmls/Email Customer: Editing Instructions.html, HTTP GET
?[32;1m[debug]?[0m [phantom] Navigation requested: url=file:///Users/zpeugh/code/min/scripts/flowdocument/Resources/actionHtmls/Email Customer: Editing Instructions.html, type=Other, willNavigate=true, isMainFrame=true
?[32;1m[debug]?[0m [phantom] url changed to "file:///Users/zpeugh/code/min/scripts/flowdocument/Resources/actionHtmls/Email Customer: Editing Instructions.html"
?[32;1m[debug]?[0m [phantom] Successfully injected Casper client-side utilities
?[36m[info]?[0m [phantom] Step anonymous 180/246: done in 10021ms.
?[32;1m[debug]?[0m [phantom] opening url: file:///Users/zpeugh/code/min/scripts/flowdocument/Resources/actionHtmls/Email Customer (Proceed to Attach).html, HTTP GET
?[32;1m[debug]?[0m [phantom] Navigation requested: url=file:///Users/zpeugh/code/min/scripts/flowdocument/Resources/actionHtmls/Email Customer (Proceed to Attach).html, type=Other, willNavigate=true, isMainFrame=true
?[32;1m[debug]?[0m [phantom] url changed to "file:///Users/zpeugh/code/min/scripts/flowdocument/Resources/actionHtmls/Email Customer (Proceed to Attach).html"
?[32;1m[debug]?[0m [phantom] Successfully injected Casper client-side utilities
?[36m[info]?[0m [phantom] Step anonymous 182/246: done in 10095ms.
?[32;1m[debug]?[0m [phantom] opening url: file:///Users/zpeugh/code/min/scripts/flowdocument/Resources/actionHtmls/Email Customer (Proceed to Attach).html, HTTP GET
?[32;1m[debug]?[0m [phantom] Navigation requested: url=file:///Users/zpeugh/code/min/scripts/flowdocument/Resources/actionHtmls/Email Customer (Proceed to Attach).html, type=Other, willNavigate=true, isMainFrame=true
?[32;1m[debug]?[0m [phantom] url changed to "file:///Users/zpeugh/code/min/scripts/flowdocument/Resources/actionHtmls/Email Customer (Proceed to Attach).html"
?[32;1m[debug]?[0m [phantom] Successfully injected Casper client-side utilities
?[36m[info]?[0m [phantom] Step anonymous 184/248: done in 10171ms.
?[32;1m[debug]?[0m [phantom] opening url: file:///Users/zpeugh/code/min/scripts/flowdocument/Resources/actionHtmls/Email Assignee, Verify Exhibit Signed.html, HTTP GET
?[32;1m[debug]?[0m [phantom] Navigation requested: url=file:///Users/zpeugh/code/min/scripts/flowdocument/Resources/actionHtmls/Email Assignee, Verify Exhibit Signed.html, type=Other, willNavigate=true, isMainFrame=true
?[32;1m[debug]?[0m [phantom] url changed to "file:///Users/zpeugh/code/min/scripts/flowdocument/Resources/actionHtmls/Email Assignee, Verify Exhibit Signed.html"
?[32;1m[debug]?[0m [phantom] Successfully injected Casper client-side utilities
?[36m[info]?[0m [phantom] Step anonymous 186/248: done in 10246ms.
?[32;1m[debug]?[0m [phantom] opening url: file:///Users/zpeugh/code/min/scripts/flowdocument/Resources/actionHtmls/Email Assignee, Verify Exhibit Signed.html, HTTP GET
?[32;1m[debug]?[0m [phantom] Navigation requested: url=file:///Users/zpeugh/code/min/scripts/flowdocument/Resources/actionHtmls/Email Assignee, Verify Exhibit Signed.html, type=Other, willNavigate=true, isMainFrame=true
?[32;1m[debug]?[0m [phantom] url changed to "file:///Users/zpeugh/code/min/scripts/flowdocument/Resources/actionHtmls/Email Assignee, Verify Exhibit Signed.html"
?[32;1m[debug]?[0m [phantom] Successfully injected Casper client-side utilities
?[36m[info]?[0m [phantom] Step anonymous 188/250: done in 10321ms.
?[32;1m[debug]?[0m [phantom] opening url: file:///Users/zpeugh/code/min/scripts/flowdocument/Resources/actionHtmls/Assign Licensee.html, HTTP GET
?[32;1m[debug]?[0m [phantom] Navigation requested: url=file:///Users/zpeugh/code/min/scripts/flowdocument/Resources/actionHtmls/Assign Licensee.html, type=Other, willNavigate=true, isMainFrame=true
?[32;1m[debug]?[0m [phantom] url changed to "file:///Users/zpeugh/code/min/scripts/flowdocument/Resources/actionHtmls/Assign Licensee.html"
?[32;1m[debug]?[0m [phantom] Successfully injected Casper client-side utilities
?[36m[info]?[0m [phantom] Step anonymous 190/250: done in 10394ms.
?[32;1m[debug]?[0m [phantom] opening url: file:///Users/zpeugh/code/min/scripts/flowdocument/Resources/actionHtmls/Assign Licensee.html, HTTP GET
?[32;1m[debug]?[0m [phantom] Navigation requested: url=file:///Users/zpeugh/code/min/scripts/flowdocument/Resources/actionHtmls/Assign Licensee.html, type=Other, willNavigate=true, isMainFrame=true
?[32;1m[debug]?[0m [phantom] url changed to "file:///Users/zpeugh/code/min/scripts/flowdocument/Resources/actionHtmls/Assign Licensee.html"
?[32;1m[debug]?[0m [phantom] Successfully injected Casper client-side utilities
?[36m[info]?[0m [phantom] Step anonymous 192/252: done in 10474ms.
?[32;1m[debug]?[0m [phantom] opening url: file:///Users/zpeugh/code/min/scripts/flowdocument/Resources/actionHtmls/14 Days, Notify Customer of Actual Cost.html, HTTP GET
?[32;1m[debug]?[0m [phantom] Navigation requested: url=file:///Users/zpeugh/code/min/scripts/flowdocument/Resources/actionHtmls/14 Days, Notify Customer of Actual Cost.html, type=Other, willNavigate=true, isMainFrame=true
?[32;1m[debug]?[0m [phantom] url changed to "file:///Users/zpeugh/code/min/scripts/flowdocument/Resources/actionHtmls/14 Days, Notify Customer of Actual Cost.html"
?[32;1m[debug]?[0m [phantom] Successfully injected Casper client-side utilities
?[36m[info]?[0m [phantom] Step anonymous 194/252: done in 10546ms.
?[32;1m[debug]?[0m [phantom] opening url: file:///Users/zpeugh/code/min/scripts/flowdocument/Resources/actionHtmls/14 Days, Notify Customer of Actual Cost.html, HTTP GET
?[32;1m[debug]?[0m [phantom] Navigation requested: url=file:///Users/zpeugh/code/min/scripts/flowdocument/Resources/actionHtmls/14 Days, Notify Customer of Actual Cost.html, type=Other, willNavigate=true, isMainFrame=true
?[32;1m[debug]?[0m [phantom] url changed to "file:///Users/zpeugh/code/min/scripts/flowdocument/Resources/actionHtmls/14 Days, Notify Customer of Actual Cost.html"
?[32;1m[debug]?[0m [phantom] Successfully injected Casper client-side utilities
?[36m[info]?[0m [phantom] Step anonymous 196/254: done in 10625ms.
?[32;1m[debug]?[0m [phantom] opening url: file:///Users/zpeugh/code/min/scripts/flowdocument/Resources/actionHtmls/Remove Time Markers.html, HTTP GET
?[32;1m[debug]?[0m [phantom] Navigation requested: url=file:///Users/zpeugh/code/min/scripts/flowdocument/Resources/actionHtmls/Remove Time Markers.html, type=Other, willNavigate=true, isMainFrame=true
?[32;1m[debug]?[0m [phantom] url changed to "file:///Users/zpeugh/code/min/scripts/flowdocument/Resources/actionHtmls/Remove Time Markers.html"
?[32;1m[debug]?[0m [phantom] Successfully injected Casper client-side utilities
?[36m[info]?[0m [phantom] Step anonymous 198/254: done in 10700ms.
?[32;1m[debug]?[0m [phantom] opening url: file:///Users/zpeugh/code/min/scripts/flowdocument/Resources/actionHtmls/Remove Time Markers.html, HTTP GET
?[32;1m[debug]?[0m [phantom] Navigation requested: url=file:///Users/zpeugh/code/min/scripts/flowdocument/Resources/actionHtmls/Remove Time Markers.html, type=Other, willNavigate=true, isMainFrame=true
?[32;1m[debug]?[0m [phantom] url changed to "file:///Users/zpeugh/code/min/scripts/flowdocument/Resources/actionHtmls/Remove Time Markers.html"
?[32;1m[debug]?[0m [phantom] Successfully injected Casper client-side utilities
?[36m[info]?[0m [phantom] Step anonymous 200/256: done in 10773ms.
?[32;1m[debug]?[0m [phantom] opening url: file:///Users/zpeugh/code/min/scripts/flowdocument/Resources/actionHtmls/Lic. 14 Days to Respond.html, HTTP GET
?[32;1m[debug]?[0m [phantom] Navigation requested: url=file:///Users/zpeugh/code/min/scripts/flowdocument/Resources/actionHtmls/Lic. 14 Days to Respond.html, type=Other, willNavigate=true, isMainFrame=true
?[32;1m[debug]?[0m [phantom] url changed to "file:///Users/zpeugh/code/min/scripts/flowdocument/Resources/actionHtmls/Lic. 14 Days to Respond.html"
?[32;1m[debug]?[0m [phantom] Successfully injected Casper client-side utilities
?[36m[info]?[0m [phantom] Step anonymous 202/256: done in 10845ms.
?[32;1m[debug]?[0m [phantom] opening url: file:///Users/zpeugh/code/min/scripts/flowdocument/Resources/actionHtmls/Lic. 14 Days to Respond.html, HTTP GET
?[32;1m[debug]?[0m [phantom] Navigation requested: url=file:///Users/zpeugh/code/min/scripts/flowdocument/Resources/actionHtmls/Lic. 14 Days to Respond.html, type=Other, willNavigate=true, isMainFrame=true
?[32;1m[debug]?[0m [phantom] url changed to "file:///Users/zpeugh/code/min/scripts/flowdocument/Resources/actionHtmls/Lic. 14 Days to Respond.html"
?[32;1m[debug]?[0m [phantom] Successfully injected Casper client-side utilities
?[36m[info]?[0m [phantom] Step anonymous 204/258: done in 10919ms.
?[32;1m[debug]?[0m [phantom] opening url: file:///Users/zpeugh/code/min/scripts/flowdocument/Resources/actionHtmls/CompletePoleFormEmail.html, HTTP GET
?[32;1m[debug]?[0m [phantom] Navigation requested: url=file:///Users/zpeugh/code/min/scripts/flowdocument/Resources/actionHtmls/CompletePoleFormEmail.html, type=Other, willNavigate=true, isMainFrame=true
?[32;1m[debug]?[0m [phantom] url changed to "file:///Users/zpeugh/code/min/scripts/flowdocument/Resources/actionHtmls/CompletePoleFormEmail.html"
?[32;1m[debug]?[0m [phantom] Successfully injected Casper client-side utilities
?[36m[info]?[0m [phantom] Step anonymous 206/258: done in 10993ms.
?[32;1m[debug]?[0m [phantom] opening url: file:///Users/zpeugh/code/min/scripts/flowdocument/Resources/actionHtmls/CompletePoleFormEmail.html, HTTP GET
?[32;1m[debug]?[0m [phantom] Navigation requested: url=file:///Users/zpeugh/code/min/scripts/flowdocument/Resources/actionHtmls/CompletePoleFormEmail.html, type=Other, willNavigate=true, isMainFrame=true
?[32;1m[debug]?[0m [phantom] url changed to "file:///Users/zpeugh/code/min/scripts/flowdocument/Resources/actionHtmls/CompletePoleFormEmail.html"
?[32;1m[debug]?[0m [phantom] Successfully injected Casper client-side utilities
?[36m[info]?[0m [phantom] Step anonymous 208/260: done in 11085ms.
?[32;1m[debug]?[0m [phantom] opening url: file:///Users/zpeugh/code/min/scripts/flowdocument/Resources/actionHtmls/Email Customer: Application Instructions.html, HTTP GET
?[32;1m[debug]?[0m [phantom] Navigation requested: url=file:///Users/zpeugh/code/min/scripts/flowdocument/Resources/actionHtmls/Email Customer: Application Instructions.html, type=Other, willNavigate=true, isMainFrame=true
?[32;1m[debug]?[0m [phantom] url changed to "file:///Users/zpeugh/code/min/scripts/flowdocument/Resources/actionHtmls/Email Customer: Application Instructions.html"
?[32;1m[debug]?[0m [phantom] Successfully injected Casper client-side utilities
?[36m[info]?[0m [phantom] Step anonymous 210/260: done in 11133ms.
?[32;1m[debug]?[0m [phantom] opening url: file:///Users/zpeugh/code/min/scripts/flowdocument/Resources/actionHtmls/Email Customer: Application Instructions.html, HTTP GET
?[32;1m[debug]?[0m [phantom] Navigation requested: url=file:///Users/zpeugh/code/min/scripts/flowdocument/Resources/actionHtmls/Email Customer: Application Instructions.html, type=Other, willNavigate=true, isMainFrame=true
?[32;1m[debug]?[0m [phantom] url changed to "file:///Users/zpeugh/code/min/scripts/flowdocument/Resources/actionHtmls/Email Customer: Application Instructions.html"
?[32;1m[debug]?[0m [phantom] Successfully injected Casper client-side utilities
?[36m[info]?[0m [phantom] Step anonymous 212/262: done in 11233ms.
?[32;1m[debug]?[0m [phantom] opening url: file:///Users/zpeugh/code/min/scripts/flowdocument/Resources/actionHtmls/Assign Customer.html, HTTP GET
?[32;1m[debug]?[0m [phantom] Navigation requested: url=file:///Users/zpeugh/code/min/scripts/flowdocument/Resources/actionHtmls/Assign Customer.html, type=Other, willNavigate=true, isMainFrame=true
?[32;1m[debug]?[0m [phantom] url changed to "file:///Users/zpeugh/code/min/scripts/flowdocument/Resources/actionHtmls/Assign Customer.html"
?[32;1m[debug]?[0m [phantom] Successfully injected Casper client-side utilities
?[36m[info]?[0m [phantom] Step anonymous 214/262: done in 11282ms.
?[32;1m[debug]?[0m [phantom] opening url: file:///Users/zpeugh/code/min/scripts/flowdocument/Resources/actionHtmls/Assign Customer.html, HTTP GET
?[32;1m[debug]?[0m [phantom] Navigation requested: url=file:///Users/zpeugh/code/min/scripts/flowdocument/Resources/actionHtmls/Assign Customer.html, type=Other, willNavigate=true, isMainFrame=true
?[32;1m[debug]?[0m [phantom] url changed to "file:///Users/zpeugh/code/min/scripts/flowdocument/Resources/actionHtmls/Assign Customer.html"
?[32;1m[debug]?[0m [phantom] Successfully injected Casper client-side utilities
?[36m[info]?[0m [phantom] Step anonymous 216/264: done in 11369ms.
?[32;1m[debug]?[0m [phantom] opening url: file:///Users/zpeugh/code/min/scripts/flowdocument/Resources/actionHtmls/Email Managers, Canceled Project.html, HTTP GET
?[32;1m[debug]?[0m [phantom] Navigation requested: url=file:///Users/zpeugh/code/min/scripts/flowdocument/Resources/actionHtmls/Email Managers, Canceled Project.html, type=Other, willNavigate=true, isMainFrame=true
?[32;1m[debug]?[0m [phantom] url changed to "file:///Users/zpeugh/code/min/scripts/flowdocument/Resources/actionHtmls/Email Managers, Canceled Project.html"
?[32;1m[debug]?[0m [phantom] Successfully injected Casper client-side utilities
?[36m[info]?[0m [phantom] Step anonymous 218/264: done in 11429ms.
?[32;1m[debug]?[0m [phantom] opening url: file:///Users/zpeugh/code/min/scripts/flowdocument/Resources/actionHtmls/Email Managers, Canceled Project.html, HTTP GET
?[32;1m[debug]?[0m [phantom] Navigation requested: url=file:///Users/zpeugh/code/min/scripts/flowdocument/Resources/actionHtmls/Email Managers, Canceled Project.html, type=Other, willNavigate=true, isMainFrame=true
?[32;1m[debug]?[0m [phantom] url changed to "file:///Users/zpeugh/code/min/scripts/flowdocument/Resources/actionHtmls/Email Managers, Canceled Project.html"
?[32;1m[debug]?[0m [phantom] Successfully injected Casper client-side utilities
?[36m[info]?[0m [phantom] Step anonymous 220/266: done in 11504ms.
?[32;1m[debug]?[0m [phantom] opening url: file:///Users/zpeugh/code/min/scripts/flowdocument/Resources/actionHtmls/Review Actual Cost.html, HTTP GET
?[32;1m[debug]?[0m [phantom] Navigation requested: url=file:///Users/zpeugh/code/min/scripts/flowdocument/Resources/actionHtmls/Review Actual Cost.html, type=Other, willNavigate=true, isMainFrame=true
?[32;1m[debug]?[0m [phantom] url changed to "file:///Users/zpeugh/code/min/scripts/flowdocument/Resources/actionHtmls/Review Actual Cost.html"
?[32;1m[debug]?[0m [phantom] Successfully injected Casper client-side utilities
?[36m[info]?[0m [phantom] Step anonymous 222/266: done in 11580ms.
?[32;1m[debug]?[0m [phantom] opening url: file:///Users/zpeugh/code/min/scripts/flowdocument/Resources/actionHtmls/Review Actual Cost.html, HTTP GET
?[32;1m[debug]?[0m [phantom] Navigation requested: url=file:///Users/zpeugh/code/min/scripts/flowdocument/Resources/actionHtmls/Review Actual Cost.html, type=Other, willNavigate=true, isMainFrame=true
?[32;1m[debug]?[0m [phantom] url changed to "file:///Users/zpeugh/code/min/scripts/flowdocument/Resources/actionHtmls/Review Actual Cost.html"
?[32;1m[debug]?[0m [phantom] Successfully injected Casper client-side utilities
?[36m[info]?[0m [phantom] Step anonymous 224/268: done in 11660ms.
?[32;1m[debug]?[0m [phantom] opening url: file:///Users/zpeugh/code/min/scripts/flowdocument/Resources/actionHtmls/StationFormAction.html, HTTP GET
?[32;1m[debug]?[0m [phantom] Navigation requested: url=file:///Users/zpeugh/code/min/scripts/flowdocument/Resources/actionHtmls/StationFormAction.html, type=Other, willNavigate=true, isMainFrame=true
?[32;1m[debug]?[0m [phantom] url changed to "file:///Users/zpeugh/code/min/scripts/flowdocument/Resources/actionHtmls/StationFormAction.html"
?[32;1m[debug]?[0m [phantom] Successfully injected Casper client-side utilities
?[36m[info]?[0m [phantom] Step anonymous 226/268: done in 11736ms.
?[32;1m[debug]?[0m [phantom] opening url: file:///Users/zpeugh/code/min/scripts/flowdocument/Resources/actionHtmls/StationFormAction.html, HTTP GET
?[32;1m[debug]?[0m [phantom] Navigation requested: url=file:///Users/zpeugh/code/min/scripts/flowdocument/Resources/actionHtmls/StationFormAction.html, type=Other, willNavigate=true, isMainFrame=true
?[32;1m[debug]?[0m [phantom] url changed to "file:///Users/zpeugh/code/min/scripts/flowdocument/Resources/actionHtmls/StationFormAction.html"
?[32;1m[debug]?[0m [phantom] Successfully injected Casper client-side utilities
?[36m[info]?[0m [phantom] Step anonymous 228/270: done in 11811ms.
?[32;1m[debug]?[0m [phantom] opening url: file:///Users/zpeugh/code/min/scripts/flowdocument/Resources/actionHtmls/Corrections Required Email.html, HTTP GET
?[32;1m[debug]?[0m [phantom] Navigation requested: url=file:///Users/zpeugh/code/min/scripts/flowdocument/Resources/actionHtmls/Corrections Required Email.html, type=Other, willNavigate=true, isMainFrame=true
?[32;1m[debug]?[0m [phantom] url changed to "file:///Users/zpeugh/code/min/scripts/flowdocument/Resources/actionHtmls/Corrections Required Email.html"
?[32;1m[debug]?[0m [phantom] Successfully injected Casper client-side utilities
?[36m[info]?[0m [phantom] Step anonymous 230/270: done in 11890ms.
?[32;1m[debug]?[0m [phantom] opening url: file:///Users/zpeugh/code/min/scripts/flowdocument/Resources/actionHtmls/Corrections Required Email.html, HTTP GET
?[32;1m[debug]?[0m [phantom] Navigation requested: url=file:///Users/zpeugh/code/min/scripts/flowdocument/Resources/actionHtmls/Corrections Required Email.html, type=Other, willNavigate=true, isMainFrame=true
?[32;1m[debug]?[0m [phantom] url changed to "file:///Users/zpeugh/code/min/scripts/flowdocument/Resources/actionHtmls/Corrections Required Email.html"
?[32;1m[debug]?[0m [phantom] Successfully injected Casper client-side utilities
?[36m[info]?[0m [phantom] Step anonymous 232/272: done in 11972ms.
?[32;1m[debug]?[0m [phantom] opening url: file:///Users/zpeugh/code/min/scripts/flowdocument/Resources/actionHtmls/Email Customer: Editing Projects.html, HTTP GET
?[32;1m[debug]?[0m [phantom] Navigation requested: url=file:///Users/zpeugh/code/min/scripts/flowdocument/Resources/actionHtmls/Email Customer: Editing Projects.html, type=Other, willNavigate=true, isMainFrame=true
?[32;1m[debug]?[0m [phantom] url changed to "file:///Users/zpeugh/code/min/scripts/flowdocument/Resources/actionHtmls/Email Customer: Editing Projects.html"
?[32;1m[debug]?[0m [phantom] Successfully injected Casper client-side utilities
?[36m[info]?[0m [phantom] Step anonymous 234/272: done in 12046ms.
?[32;1m[debug]?[0m [phantom] opening url: file:///Users/zpeugh/code/min/scripts/flowdocument/Resources/actionHtmls/Email Customer: Editing Projects.html, HTTP GET
?[32;1m[debug]?[0m [phantom] Navigation requested: url=file:///Users/zpeugh/code/min/scripts/flowdocument/Resources/actionHtmls/Email Customer: Editing Projects.html, type=Other, willNavigate=true, isMainFrame=true
?[32;1m[debug]?[0m [phantom] url changed to "file:///Users/zpeugh/code/min/scripts/flowdocument/Resources/actionHtmls/Email Customer: Editing Projects.html"
?[32;1m[debug]?[0m [phantom] Successfully injected Casper client-side utilities
?[36m[info]?[0m [phantom] Step anonymous 236/274: done in 12132ms.
?[32;1m[debug]?[0m [phantom] opening url: file:///Users/zpeugh/code/min/scripts/flowdocument/Resources/actionHtmls/Assign ACME JU Admin.html, HTTP GET
?[32;1m[debug]?[0m [phantom] Navigation requested: url=file:///Users/zpeugh/code/min/scripts/flowdocument/Resources/actionHtmls/Assign ACME JU Admin.html, type=Other, willNavigate=true, isMainFrame=true
?[32;1m[debug]?[0m [phantom] url changed to "file:///Users/zpeugh/code/min/scripts/flowdocument/Resources/actionHtmls/Assign ACME JU Admin.html"
?[32;1m[debug]?[0m [phantom] Successfully injected Casper client-side utilities
?[36m[info]?[0m [phantom] Step anonymous 238/274: done in 12204ms.
?[32;1m[debug]?[0m [phantom] opening url: file:///Users/zpeugh/code/min/scripts/flowdocument/Resources/actionHtmls/Assign ACME JU Admin.html, HTTP GET
?[32;1m[debug]?[0m [phantom] Navigation requested: url=file:///Users/zpeugh/code/min/scripts/flowdocument/Resources/actionHtmls/Assign ACME JU Admin.html, type=Other, willNavigate=true, isMainFrame=true
?[32;1m[debug]?[0m [phantom] url changed to "file:///Users/zpeugh/code/min/scripts/flowdocument/Resources/actionHtmls/Assign ACME JU Admin.html"
?[32;1m[debug]?[0m [phantom] Successfully injected Casper client-side utilities
?[36m[info]?[0m [phantom] Step anonymous 240/276: done in 12358ms.
?[32;1m[debug]?[0m [phantom] opening url: file:///Users/zpeugh/code/min/scripts/flowdocument/Resources/actionHtmls/Pole Count Locked.html, HTTP GET
?[32;1m[debug]?[0m [phantom] Navigation requested: url=file:///Users/zpeugh/code/min/scripts/flowdocument/Resources/actionHtmls/Pole Count Locked.html, type=Other, willNavigate=true, isMainFrame=true
?[32;1m[debug]?[0m [phantom] url changed to "file:///Users/zpeugh/code/min/scripts/flowdocument/Resources/actionHtmls/Pole Count Locked.html"
?[32;1m[debug]?[0m [phantom] Successfully injected Casper client-side utilities
?[36m[info]?[0m [phantom] Step anonymous 242/276: done in 12409ms.
?[32;1m[debug]?[0m [phantom] opening url: file:///Users/zpeugh/code/min/scripts/flowdocument/Resources/actionHtmls/Pole Count Locked.html, HTTP GET
?[32;1m[debug]?[0m [phantom] Navigation requested: url=file:///Users/zpeugh/code/min/scripts/flowdocument/Resources/actionHtmls/Pole Count Locked.html, type=Other, willNavigate=true, isMainFrame=true
?[32;1m[debug]?[0m [phantom] url changed to "file:///Users/zpeugh/code/min/scripts/flowdocument/Resources/actionHtmls/Pole Count Locked.html"
?[32;1m[debug]?[0m [phantom] Successfully injected Casper client-side utilities
?[36m[info]?[0m [phantom] Step anonymous 244/278: done in 12727ms.
?[32;1m[debug]?[0m [phantom] opening url: file:///Users/zpeugh/code/min/scripts/flowdocument/Resources/actionHtmls/14 Days to Respond.html, HTTP GET
?[32;1m[debug]?[0m [phantom] Navigation requested: url=file:///Users/zpeugh/code/min/scripts/flowdocument/Resources/actionHtmls/14 Days to Respond.html, type=Other, willNavigate=true, isMainFrame=true
?[32;1m[debug]?[0m [phantom] url changed to "file:///Users/zpeugh/code/min/scripts/flowdocument/Resources/actionHtmls/14 Days to Respond.html"
?[32;1m[debug]?[0m [phantom] Successfully injected Casper client-side utilities
?[36m[info]?[0m [phantom] Step anonymous 246/278: done in 12776ms.
?[32;1m[debug]?[0m [phantom] opening url: file:///Users/zpeugh/code/min/scripts/flowdocument/Resources/actionHtmls/14 Days to Respond.html, HTTP GET
?[32;1m[debug]?[0m [phantom] Navigation requested: url=file:///Users/zpeugh/code/min/scripts/flowdocument/Resources/actionHtmls/14 Days to Respond.html, type=Other, willNavigate=true, isMainFrame=true
?[32;1m[debug]?[0m [phantom] url changed to "file:///Users/zpeugh/code/min/scripts/flowdocument/Resources/actionHtmls/14 Days to Respond.html"
?[32;1m[debug]?[0m [phantom] Successfully injected Casper client-side utilities
?[36m[info]?[0m [phantom] Step anonymous 248/280: done in 12860ms.
?[32;1m[debug]?[0m [phantom] opening url: file:///Users/zpeugh/code/min/scripts/flowdocument/Resources/actionHtmls/90 Day Clock.html, HTTP GET
?[32;1m[debug]?[0m [phantom] Navigation requested: url=file:///Users/zpeugh/code/min/scripts/flowdocument/Resources/actionHtmls/90 Day Clock.html, type=Other, willNavigate=true, isMainFrame=true
?[32;1m[debug]?[0m [phantom] url changed to "file:///Users/zpeugh/code/min/scripts/flowdocument/Resources/actionHtmls/90 Day Clock.html"
?[32;1m[debug]?[0m [phantom] Successfully injected Casper client-side utilities
?[36m[info]?[0m [phantom] Step anonymous 250/280: done in 12927ms.
?[32;1m[debug]?[0m [phantom] opening url: file:///Users/zpeugh/code/min/scripts/flowdocument/Resources/actionHtmls/90 Day Clock.html, HTTP GET
?[32;1m[debug]?[0m [phantom] Navigation requested: url=file:///Users/zpeugh/code/min/scripts/flowdocument/Resources/actionHtmls/90 Day Clock.html, type=Other, willNavigate=true, isMainFrame=true
?[32;1m[debug]?[0m [phantom] url changed to "file:///Users/zpeugh/code/min/scripts/flowdocument/Resources/actionHtmls/90 Day Clock.html"
?[32;1m[debug]?[0m [phantom] Successfully injected Casper client-side utilities
?[36m[info]?[0m [phantom] Step anonymous 252/282: done in 13018ms.
?[32;1m[debug]?[0m [phantom] opening url: file:///Users/zpeugh/code/min/scripts/flowdocument/Resources/actionHtmls/Email Customer: Complete New Forms.html, HTTP GET
?[32;1m[debug]?[0m [phantom] Navigation requested: url=file:///Users/zpeugh/code/min/scripts/flowdocument/Resources/actionHtmls/Email Customer: Complete New Forms.html, type=Other, willNavigate=true, isMainFrame=true
?[32;1m[debug]?[0m [phantom] url changed to "file:///Users/zpeugh/code/min/scripts/flowdocument/Resources/actionHtmls/Email Customer: Complete New Forms.html"
?[32;1m[debug]?[0m [phantom] Successfully injected Casper client-side utilities
?[36m[info]?[0m [phantom] Step anonymous 254/282: done in 13066ms.
?[32;1m[debug]?[0m [phantom] opening url: file:///Users/zpeugh/code/min/scripts/flowdocument/Resources/actionHtmls/Email Customer: Complete New Forms.html, HTTP GET
?[32;1m[debug]?[0m [phantom] Navigation requested: url=file:///Users/zpeugh/code/min/scripts/flowdocument/Resources/actionHtmls/Email Customer: Complete New Forms.html, type=Other, willNavigate=true, isMainFrame=true
?[32;1m[debug]?[0m [phantom] url changed to "file:///Users/zpeugh/code/min/scripts/flowdocument/Resources/actionHtmls/Email Customer: Complete New Forms.html"
?[32;1m[debug]?[0m [phantom] Successfully injected Casper client-side utilities
?[36m[info]?[0m [phantom] Step anonymous 256/284: done in 13142ms.
?[32;1m[debug]?[0m [phantom] opening url: file:///Users/zpeugh/code/min/scripts/flowdocument/Resources/actionHtmls/Assign Joint Use Manager as Manager.html, HTTP GET
?[32;1m[debug]?[0m [phantom] Navigation requested: url=file:///Users/zpeugh/code/min/scripts/flowdocument/Resources/actionHtmls/Assign Joint Use Manager as Manager.html, type=Other, willNavigate=true, isMainFrame=true
?[32;1m[debug]?[0m [phantom] url changed to "file:///Users/zpeugh/code/min/scripts/flowdocument/Resources/actionHtmls/Assign Joint Use Manager as Manager.html"
?[32;1m[debug]?[0m [phantom] Successfully injected Casper client-side utilities
?[36m[info]?[0m [phantom] Step anonymous 258/284: done in 13217ms.
?[32;1m[debug]?[0m [phantom] opening url: file:///Users/zpeugh/code/min/scripts/flowdocument/Resources/actionHtmls/Assign Joint Use Manager as Manager.html, HTTP GET
?[32;1m[debug]?[0m [phantom] Navigation requested: url=file:///Users/zpeugh/code/min/scripts/flowdocument/Resources/actionHtmls/Assign Joint Use Manager as Manager.html, type=Other, willNavigate=true, isMainFrame=true
?[32;1m[debug]?[0m [phantom] url changed to "file:///Users/zpeugh/code/min/scripts/flowdocument/Resources/actionHtmls/Assign Joint Use Manager as Manager.html"
?[32;1m[debug]?[0m [phantom] Successfully injected Casper client-side utilities
?[36m[info]?[0m [phantom] Step anonymous 260/286: done in 13292ms.
?[32;1m[debug]?[0m [phantom] opening url: file:///Users/zpeugh/code/min/scripts/flowdocument/Resources/actionHtmls/45 Day Clock.html, HTTP GET
?[32;1m[debug]?[0m [phantom] Navigation requested: url=file:///Users/zpeugh/code/min/scripts/flowdocument/Resources/actionHtmls/45 Day Clock.html, type=Other, willNavigate=true, isMainFrame=true
?[32;1m[debug]?[0m [phantom] url changed to "file:///Users/zpeugh/code/min/scripts/flowdocument/Resources/actionHtmls/45 Day Clock.html"
?[32;1m[debug]?[0m [phantom] Successfully injected Casper client-side utilities
?[36m[info]?[0m [phantom] Step anonymous 262/286: done in 13366ms.
?[32;1m[debug]?[0m [phantom] opening url: file:///Users/zpeugh/code/min/scripts/flowdocument/Resources/actionHtmls/45 Day Clock.html, HTTP GET
?[32;1m[debug]?[0m [phantom] Navigation requested: url=file:///Users/zpeugh/code/min/scripts/flowdocument/Resources/actionHtmls/45 Day Clock.html, type=Other, willNavigate=true, isMainFrame=true
?[32;1m[debug]?[0m [phantom] url changed to "file:///Users/zpeugh/code/min/scripts/flowdocument/Resources/actionHtmls/45 Day Clock.html"
?[32;1m[debug]?[0m [phantom] Successfully injected Casper client-side utilities
?[36m[info]?[0m [phantom] Step anonymous 264/288: done in 13444ms.
?[32;1m[debug]?[0m [phantom] opening url: file:///Users/zpeugh/code/min/scripts/flowdocument/Resources/actionHtmls/Email Licensee Begin Construction.html, HTTP GET
?[32;1m[debug]?[0m [phantom] Navigation requested: url=file:///Users/zpeugh/code/min/scripts/flowdocument/Resources/actionHtmls/Email Licensee Begin Construction.html, type=Other, willNavigate=true, isMainFrame=true
?[32;1m[debug]?[0m [phantom] url changed to "file:///Users/zpeugh/code/min/scripts/flowdocument/Resources/actionHtmls/Email Licensee Begin Construction.html"
?[32;1m[debug]?[0m [phantom] Successfully injected Casper client-side utilities
?[36m[info]?[0m [phantom] Step anonymous 266/288: done in 13519ms.
?[32;1m[debug]?[0m [phantom] opening url: file:///Users/zpeugh/code/min/scripts/flowdocument/Resources/actionHtmls/Email Licensee Begin Construction.html, HTTP GET
?[32;1m[debug]?[0m [phantom] Navigation requested: url=file:///Users/zpeugh/code/min/scripts/flowdocument/Resources/actionHtmls/Email Licensee Begin Construction.html, type=Other, willNavigate=true, isMainFrame=true
?[32;1m[debug]?[0m [phantom] url changed to "file:///Users/zpeugh/code/min/scripts/flowdocument/Resources/actionHtmls/Email Licensee Begin Construction.html"
?[32;1m[debug]?[0m [phantom] Successfully injected Casper client-side utilities
?[36m[info]?[0m [phantom] Step anonymous 268/290: done in 13597ms.
?[32;1m[debug]?[0m [phantom] opening url: file:///Users/zpeugh/code/min/scripts/flowdocument/Resources/actionHtmls/Generate Calc File.html, HTTP GET
?[32;1m[debug]?[0m [phantom] Navigation requested: url=file:///Users/zpeugh/code/min/scripts/flowdocument/Resources/actionHtmls/Generate Calc File.html, type=Other, willNavigate=true, isMainFrame=true
?[32;1m[debug]?[0m [phantom] url changed to "file:///Users/zpeugh/code/min/scripts/flowdocument/Resources/actionHtmls/Generate Calc File.html"
?[32;1m[debug]?[0m [phantom] Successfully injected Casper client-side utilities
?[36m[info]?[0m [phantom] Step anonymous 270/290: done in 13681ms.
?[32;1m[debug]?[0m [phantom] opening url: file:///Users/zpeugh/code/min/scripts/flowdocument/Resources/actionHtmls/Generate Calc File.html, HTTP GET
?[32;1m[debug]?[0m [phantom] Navigation requested: url=file:///Users/zpeugh/code/min/scripts/flowdocument/Resources/actionHtmls/Generate Calc File.html, type=Other, willNavigate=true, isMainFrame=true
?[32;1m[debug]?[0m [phantom] url changed to "file:///Users/zpeugh/code/min/scripts/flowdocument/Resources/actionHtmls/Generate Calc File.html"
?[32;1m[debug]?[0m [phantom] Successfully injected Casper client-side utilities
?[36m[info]?[0m [phantom] Step anonymous 272/292: done in 13774ms.
?[32;1m[debug]?[0m [phantom] opening url: file:///Users/zpeugh/code/min/scripts/flowdocument/Resources/actionHtmls/Email Customer: Review Make Ready.html, HTTP GET
?[32;1m[debug]?[0m [phantom] Navigation requested: url=file:///Users/zpeugh/code/min/scripts/flowdocument/Resources/actionHtmls/Email Customer: Review Make Ready.html, type=Other, willNavigate=true, isMainFrame=true
?[32;1m[debug]?[0m [phantom] url changed to "file:///Users/zpeugh/code/min/scripts/flowdocument/Resources/actionHtmls/Email Customer: Review Make Ready.html"
?[32;1m[debug]?[0m [phantom] Successfully injected Casper client-side utilities
?[36m[info]?[0m [phantom] Step anonymous 274/292: done in 13837ms.
?[32;1m[debug]?[0m [phantom] opening url: file:///Users/zpeugh/code/min/scripts/flowdocument/Resources/actionHtmls/Email Customer: Review Make Ready.html, HTTP GET
?[32;1m[debug]?[0m [phantom] Navigation requested: url=file:///Users/zpeugh/code/min/scripts/flowdocument/Resources/actionHtmls/Email Customer: Review Make Ready.html, type=Other, willNavigate=true, isMainFrame=true
?[32;1m[debug]?[0m [phantom] url changed to "file:///Users/zpeugh/code/min/scripts/flowdocument/Resources/actionHtmls/Email Customer: Review Make Ready.html"
?[32;1m[debug]?[0m [phantom] Successfully injected Casper client-side utilities
?[36m[info]?[0m [phantom] Step anonymous 276/294: done in 13915ms.
?[32;1m[debug]?[0m [phantom] opening url: file:///Users/zpeugh/code/min/scripts/flowdocument/Resources/actionHtmls/Email Customer (No Make Ready Reqd).html, HTTP GET
?[32;1m[debug]?[0m [phantom] Navigation requested: url=file:///Users/zpeugh/code/min/scripts/flowdocument/Resources/actionHtmls/Email Customer (No Make Ready Reqd).html, type=Other, willNavigate=true, isMainFrame=true
?[32;1m[debug]?[0m [phantom] url changed to "file:///Users/zpeugh/code/min/scripts/flowdocument/Resources/actionHtmls/Email Customer (No Make Ready Reqd).html"
?[32;1m[debug]?[0m [phantom] Successfully injected Casper client-side utilities
?[36m[info]?[0m [phantom] Step anonymous 278/294: done in 13991ms.
?[32;1m[debug]?[0m [phantom] opening url: file:///Users/zpeugh/code/min/scripts/flowdocument/Resources/actionHtmls/Email Customer (No Make Ready Reqd).html, HTTP GET
?[32;1m[debug]?[0m [phantom] Navigation requested: url=file:///Users/zpeugh/code/min/scripts/flowdocument/Resources/actionHtmls/Email Customer (No Make Ready Reqd).html, type=Other, willNavigate=true, isMainFrame=true
?[32;1m[debug]?[0m [phantom] url changed to "file:///Users/zpeugh/code/min/scripts/flowdocument/Resources/actionHtmls/Email Customer (No Make Ready Reqd).html"
?[32;1m[debug]?[0m [phantom] Successfully injected Casper client-side utilities
?[36m[info]?[0m [phantom] Step anonymous 280/296: done in 14063ms.
?[32;1m[debug]?[0m [phantom] opening url: file:///Users/zpeugh/code/min/scripts/flowdocument/Resources/actionHtmls/Remove Clock.html, HTTP GET
?[32;1m[debug]?[0m [phantom] Navigation requested: url=file:///Users/zpeugh/code/min/scripts/flowdocument/Resources/actionHtmls/Remove Clock.html, type=Other, willNavigate=true, isMainFrame=true
?[32;1m[debug]?[0m [phantom] url changed to "file:///Users/zpeugh/code/min/scripts/flowdocument/Resources/actionHtmls/Remove Clock.html"
?[32;1m[debug]?[0m [phantom] Successfully injected Casper client-side utilities
?[36m[info]?[0m [phantom] Step anonymous 282/296: done in 14134ms.
?[32;1m[debug]?[0m [phantom] opening url: file:///Users/zpeugh/code/min/scripts/flowdocument/Resources/actionHtmls/Remove Clock.html, HTTP GET
?[32;1m[debug]?[0m [phantom] Navigation requested: url=file:///Users/zpeugh/code/min/scripts/flowdocument/Resources/actionHtmls/Remove Clock.html, type=Other, willNavigate=true, isMainFrame=true
?[32;1m[debug]?[0m [phantom] url changed to "file:///Users/zpeugh/code/min/scripts/flowdocument/Resources/actionHtmls/Remove Clock.html"
?[32;1m[debug]?[0m [phantom] Successfully injected Casper client-side utilities
?[36m[info]?[0m [phantom] Step anonymous 284/298: done in 14213ms.
?[32;1m[debug]?[0m [phantom] opening url: file:///Users/zpeugh/code/min/scripts/flowdocument/Resources/actionHtmls/PNM Assignee Other Attachers.html, HTTP GET
?[32;1m[debug]?[0m [phantom] Navigation requested: url=file:///Users/zpeugh/code/min/scripts/flowdocument/Resources/actionHtmls/PNM Assignee Other Attachers.html, type=Other, willNavigate=true, isMainFrame=true
?[32;1m[debug]?[0m [phantom] url changed to "file:///Users/zpeugh/code/min/scripts/flowdocument/Resources/actionHtmls/PNM Assignee Other Attachers.html"
?[32;1m[debug]?[0m [phantom] Successfully injected Casper client-side utilities
?[36m[info]?[0m [phantom] Step anonymous 286/298: done in 14293ms.
?[32;1m[debug]?[0m [phantom] opening url: file:///Users/zpeugh/code/min/scripts/flowdocument/Resources/actionHtmls/PNM Assignee Other Attachers.html, HTTP GET
?[32;1m[debug]?[0m [phantom] Navigation requested: url=file:///Users/zpeugh/code/min/scripts/flowdocument/Resources/actionHtmls/PNM Assignee Other Attachers.html, type=Other, willNavigate=true, isMainFrame=true
?[32;1m[debug]?[0m [phantom] url changed to "file:///Users/zpeugh/code/min/scripts/flowdocument/Resources/actionHtmls/PNM Assignee Other Attachers.html"
?[32;1m[debug]?[0m [phantom] Successfully injected Casper client-side utilities
?[36m[info]?[0m [phantom] Step anonymous 288/300: done in 14371ms.
?[32;1m[debug]?[0m [phantom] opening url: file:///Users/zpeugh/code/min/scripts/flowdocument/Resources/actionHtmls/Email Lic Canceled.html, HTTP GET
?[32;1m[debug]?[0m [phantom] Navigation requested: url=file:///Users/zpeugh/code/min/scripts/flowdocument/Resources/actionHtmls/Email Lic Canceled.html, type=Other, willNavigate=true, isMainFrame=true
?[32;1m[debug]?[0m [phantom] url changed to "file:///Users/zpeugh/code/min/scripts/flowdocument/Resources/actionHtmls/Email Lic Canceled.html"
?[32;1m[debug]?[0m [phantom] Successfully injected Casper client-side utilities
?[36m[info]?[0m [phantom] Step anonymous 290/300: done in 14445ms.
?[32;1m[debug]?[0m [phantom] opening url: file:///Users/zpeugh/code/min/scripts/flowdocument/Resources/actionHtmls/Email Lic Canceled.html, HTTP GET
?[32;1m[debug]?[0m [phantom] Navigation requested: url=file:///Users/zpeugh/code/min/scripts/flowdocument/Resources/actionHtmls/Email Lic Canceled.html, type=Other, willNavigate=true, isMainFrame=true
?[32;1m[debug]?[0m [phantom] url changed to "file:///Users/zpeugh/code/min/scripts/flowdocument/Resources/actionHtmls/Email Lic Canceled.html"
?[32;1m[debug]?[0m [phantom] Successfully injected Casper client-side utilities
?[36m[info]?[0m [phantom] Step anonymous 292/302: done in 14521ms.
?[32;1m[debug]?[0m [phantom] opening url: file:///Users/zpeugh/code/min/scripts/flowdocument/Resources/actionHtmls/AssignAssigneeFromForm.html, HTTP GET
?[32;1m[debug]?[0m [phantom] Navigation requested: url=file:///Users/zpeugh/code/min/scripts/flowdocument/Resources/actionHtmls/AssignAssigneeFromForm.html, type=Other, willNavigate=true, isMainFrame=true
?[32;1m[debug]?[0m [phantom] url changed to "file:///Users/zpeugh/code/min/scripts/flowdocument/Resources/actionHtmls/AssignAssigneeFromForm.html"
?[32;1m[debug]?[0m [phantom] Successfully injected Casper client-side utilities
?[36m[info]?[0m [phantom] Step anonymous 294/302: done in 14593ms.
?[32;1m[debug]?[0m [phantom] opening url: file:///Users/zpeugh/code/min/scripts/flowdocument/Resources/actionHtmls/AssignAssigneeFromForm.html, HTTP GET
?[32;1m[debug]?[0m [phantom] Navigation requested: url=file:///Users/zpeugh/code/min/scripts/flowdocument/Resources/actionHtmls/AssignAssigneeFromForm.html, type=Other, willNavigate=true, isMainFrame=true
?[32;1m[debug]?[0m [phantom] url changed to "file:///Users/zpeugh/code/min/scripts/flowdocument/Resources/actionHtmls/AssignAssigneeFromForm.html"
?[32;1m[debug]?[0m [phantom] Successfully injected Casper client-side utilities
?[36m[info]?[0m [phantom] Step anonymous 296/304: done in 14675ms.
?[32;1m[debug]?[0m [phantom] opening url: file:///Users/zpeugh/code/min/scripts/flowdocument/Resources/actionHtmls/Corrections Req'd Email.html, HTTP GET
?[32;1m[debug]?[0m [phantom] Navigation requested: url=file:///Users/zpeugh/code/min/scripts/flowdocument/Resources/actionHtmls/Corrections Req'd Email.html, type=Other, willNavigate=true, isMainFrame=true
?[32;1m[debug]?[0m [phantom] url changed to "file:///Users/zpeugh/code/min/scripts/flowdocument/Resources/actionHtmls/Corrections Req'd Email.html"
?[32;1m[debug]?[0m [phantom] Successfully injected Casper client-side utilities
?[36m[info]?[0m [phantom] Step anonymous 298/304: done in 14747ms.
?[32;1m[debug]?[0m [phantom] opening url: file:///Users/zpeugh/code/min/scripts/flowdocument/Resources/actionHtmls/Corrections Req'd Email.html, HTTP GET
?[32;1m[debug]?[0m [phantom] Navigation requested: url=file:///Users/zpeugh/code/min/scripts/flowdocument/Resources/actionHtmls/Corrections Req'd Email.html, type=Other, willNavigate=true, isMainFrame=true
?[32;1m[debug]?[0m [phantom] url changed to "file:///Users/zpeugh/code/min/scripts/flowdocument/Resources/actionHtmls/Corrections Req'd Email.html"
?[32;1m[debug]?[0m [phantom] Successfully injected Casper client-side utilities
?[36m[info]?[0m [phantom] Step anonymous 300/306: done in 14821ms.
?[32;1m[debug]?[0m [phantom] opening url: file:///Users/zpeugh/code/min/scripts/flowdocument/Resources/actionHtmls/30 Days to Correct Installation.html, HTTP GET
?[32;1m[debug]?[0m [phantom] Navigation requested: url=file:///Users/zpeugh/code/min/scripts/flowdocument/Resources/actionHtmls/30 Days to Correct Installation.html, type=Other, willNavigate=true, isMainFrame=true
?[32;1m[debug]?[0m [phantom] url changed to "file:///Users/zpeugh/code/min/scripts/flowdocument/Resources/actionHtmls/30 Days to Correct Installation.html"
?[32;1m[debug]?[0m [phantom] Successfully injected Casper client-side utilities
?[36m[info]?[0m [phantom] Step anonymous 302/306: done in 14898ms.
?[32;1m[debug]?[0m [phantom] opening url: file:///Users/zpeugh/code/min/scripts/flowdocument/Resources/actionHtmls/30 Days to Correct Installation.html, HTTP GET
?[32;1m[debug]?[0m [phantom] Navigation requested: url=file:///Users/zpeugh/code/min/scripts/flowdocument/Resources/actionHtmls/30 Days to Correct Installation.html, type=Other, willNavigate=true, isMainFrame=true
?[32;1m[debug]?[0m [phantom] url changed to "file:///Users/zpeugh/code/min/scripts/flowdocument/Resources/actionHtmls/30 Days to Correct Installation.html"
?[32;1m[debug]?[0m [phantom] Successfully injected Casper client-side utilities
?[36m[info]?[0m [phantom] Step anonymous 304/308: done in 14973ms.
?[32;1m[debug]?[0m [phantom] opening url: file:///Users/zpeugh/code/min/scripts/flowdocument/Resources/actionHtmls/14 Day Clock for Lic to Accept Actual Cost.html, HTTP GET
?[32;1m[debug]?[0m [phantom] Navigation requested: url=file:///Users/zpeugh/code/min/scripts/flowdocument/Resources/actionHtmls/14 Day Clock for Lic to Accept Actual Cost.html, type=Other, willNavigate=true, isMainFrame=true
?[32;1m[debug]?[0m [phantom] url changed to "file:///Users/zpeugh/code/min/scripts/flowdocument/Resources/actionHtmls/14 Day Clock for Lic to Accept Actual Cost.html"
?[32;1m[debug]?[0m [phantom] Successfully injected Casper client-side utilities
?[36m[info]?[0m [phantom] Step anonymous 306/308: done in 15043ms.
?[32;1m[debug]?[0m [phantom] opening url: file:///Users/zpeugh/code/min/scripts/flowdocument/Resources/actionHtmls/14 Day Clock for Lic to Accept Actual Cost.html, HTTP GET
?[32;1m[debug]?[0m [phantom] Navigation requested: url=file:///Users/zpeugh/code/min/scripts/flowdocument/Resources/actionHtmls/14 Day Clock for Lic to Accept Actual Cost.html, type=Other, willNavigate=true, isMainFrame=true
?[32;1m[debug]?[0m [phantom] url changed to "file:///Users/zpeugh/code/min/scripts/flowdocument/Resources/actionHtmls/14 Day Clock for Lic to Accept Actual Cost.html"
?[32;1m[debug]?[0m [phantom] Successfully injected Casper client-side utilities
?[36m[info]?[0m [phantom] Step anonymous 308/310: done in 15119ms.
?[32;1m[debug]?[0m [phantom] opening url: file:///Users/zpeugh/code/min/scripts/flowdocument/Resources/actionHtmls/Email Licensee: Project Editing.html, HTTP GET
?[32;1m[debug]?[0m [phantom] Navigation requested: url=file:///Users/zpeugh/code/min/scripts/flowdocument/Resources/actionHtmls/Email Licensee: Project Editing.html, type=Other, willNavigate=true, isMainFrame=true
?[32;1m[debug]?[0m [phantom] url changed to "file:///Users/zpeugh/code/min/scripts/flowdocument/Resources/actionHtmls/Email Licensee: Project Editing.html"
?[32;1m[debug]?[0m [phantom] Successfully injected Casper client-side utilities
?[36m[info]?[0m [phantom] Step anonymous 310/310: done in 15196ms.
?[32;1m[debug]?[0m [phantom] opening url: file:///Users/zpeugh/code/min/scripts/flowdocument/Resources/actionHtmls/Email Licensee: Project Editing.html, HTTP GET
?[32;1m[debug]?[0m [phantom] Navigation requested: url=file:///Users/zpeugh/code/min/scripts/flowdocument/Resources/actionHtmls/Email Licensee: Project Editing.html, type=Other, willNavigate=true, isMainFrame=true
?[32;1m[debug]?[0m [phantom] url changed to "file:///Users/zpeugh/code/min/scripts/flowdocument/Resources/actionHtmls/Email Licensee: Project Editing.html"
?[32;1m[debug]?[0m [phantom] Successfully injected Casper client-side utilities
?[36m[info]?[0m [phantom] Step anonymous 312/312: done in 15270ms.
?[36m[info]?[0m [phantom] Done 312 steps in 15292ms
All actions: [Resume 45 Day Clock, 60 Days Complete ACME MR, Pause 45 Day Clock, Email Assignee, Canceled Project, Unlock Project, Email Customer: Editing Instructions, Email Customer (Proceed to Attach), Email Assignee, Verify Exhibit Signed, Assign Licensee, 14 Days, Notify Customer of Actual Cost, Remove Time Markers, Lic. 14 Days to Respond, CompletePoleFormEmail, Email Customer: Application Instructions, Assign Customer, Email Managers, Canceled Project, Review Actual Cost, StationFormAction, Corrections Required Email, Email Customer: Editing Projects, Assign ACME JU Admin, Pole Count Locked, 14 Days to Respond, 90 Day Clock, Email Customer: Complete New Forms, Assign Joint Use Manager as Manager, 45 Day Clock, Email Licensee Begin Construction, Generate Calc File, Email Customer: Review Make Ready, Email Customer (No Make Ready Reqd), Remove Clock, PNM Assignee Other Attachers, Email Lic Canceled, AssignAssigneeFromForm, Corrections Req'd Email, 30 Days to Correct Installation, 14 Day Clock for Lic to Accept Actual Cost, Email Licensee: Project Editing]
Missed actions: null
Forms to capture: 
1: Pole Profile
2: Permits
3: Project Details
?[36m[info]?[0m [phantom] Starting...
?[36m[info]?[0m [phantom] Execution timeout set to 10000ms
?[36m[info]?[0m [phantom] Running suite: 10 steps
?[32;1m[debug]?[0m [phantom] opening url: https://www.spidasoftware.com/projectmanager/, HTTP GET
?[32;1m[debug]?[0m [phantom] Navigation requested: url=https://www.spidasoftware.com/projectmanager/, type=Other, willNavigate=true, isMainFrame=true
?[32;1m[debug]?[0m [phantom] Navigation requested: url=https://www.spidasoftware.com/cas/login?service=https://www.spidasoftware.com/projectmanager/j_spring_cas_security_check, type=Other, willNavigate=true, isMainFrame=true
?[32;1m[debug]?[0m [phantom] url changed to "https://www.spidasoftware.com/cas/login?service=https://www.spidasoftware.com/projectmanager/j_spring_cas_security_check"
?[32;1m[debug]?[0m [phantom] Successfully injected Casper client-side utilities
?[32;1m[debug]?[0m [phantom] start page is loaded
?[36m[info]?[0m [phantom] Step login 3/10 https://www.spidasoftware.com/cas/login?service=https://www.spidasoftware.com/projectmanager/j_spring_cas_security_check (HTTP 200)
?[36m[info]?[0m [remote] attempting to fetch form element from selector: 'form#fm1'
?[32;1m[debug]?[0m [remote] Set "username" field value to admin@spidasoftware.com
?[32;1m[debug]?[0m [remote] Set "password" field value to ***************
?[36m[info]?[0m [remote] submitting form to /cas/login;jsessionid=9703FFBAA64A3482FC3C21B105D9D225?service=https%3A%2F%2Fwww.spidasoftware.com%2Fprojectmanager%2Fj_spring_cas_security_check, HTTP POST
?[36m[info]?[0m [phantom] Step login 3/10: done in 3073ms.
?[36m[info]?[0m [phantom] Step _step 4/10 https://www.spidasoftware.com/cas/login?service=https://www.spidasoftware.com/projectmanager/j_spring_cas_security_check (HTTP 200)
?[36m[info]?[0m [phantom] Step _step 4/10: done in 3075ms.
?[32;1m[debug]?[0m [phantom] Navigation requested: url=https://www.spidasoftware.com/cas/login;jsessionid=9703FFBAA64A3482FC3C21B105D9D225?service=https://www.spidasoftware.com/projectmanager/j_spring_cas_security_check, type=FormSubmitted, willNavigate=true, isMainFrame=true
?[36m[info]?[0m [phantom] waitFor() finished in 42ms.
?[32;1m[debug]?[0m [phantom] Navigation requested: url=https://www.spidasoftware.com/projectmanager/j_spring_cas_security_check?ticket=ST-335-V6npdJYO5fuCgxYeUUcq-www.spidasoftware.com, type=FormSubmitted, willNavigate=true, isMainFrame=true
?[32;1m[debug]?[0m [phantom] Navigation requested: url=https://www.spidasoftware.com/projectmanager/, type=FormSubmitted, willNavigate=true, isMainFrame=true
?[32;1m[debug]?[0m [phantom] url changed to "https://www.spidasoftware.com/projectmanager/"
?[32;1m[debug]?[0m [phantom] Successfully injected Casper client-side utilities
?[36m[info]?[0m [phantom] Step afterLogin 5/11 https://www.spidasoftware.com/projectmanager/ (HTTP 200)
?[36m[info]?[0m [phantom] Step afterLogin 5/11: done in 8515ms.
?[36m[info]?[0m [phantom] Step _step 6/11 https://www.spidasoftware.com/projectmanager/ (HTTP 200)
?[36m[info]?[0m [phantom] Step _step 6/11: done in 8524ms.
?[36m[info]?[0m [phantom] waitFor() finished in 40ms.
?[36m[info]?[0m [phantom] Step anonymous 7/12 https://www.spidasoftware.com/projectmanager/ (HTTP 200)
?[32;1m[debug]?[0m [phantom] Mouse event 'mousedown' on selector: xpath selector: //*[text()="ACME Power Co."]
?[32;1m[debug]?[0m [phantom] Mouse event 'mouseup' on selector: xpath selector: //*[text()="ACME Power Co."]
?[32;1m[debug]?[0m [phantom] Mouse event 'click' on selector: xpath selector: //*[text()="ACME Power Co."]
?[32;1m[debug]?[0m [phantom] Navigation requested: url=https://www.spidasoftware.com/projectmanager/#, type=LinkClicked, willNavigate=true, isMainFrame=true
?[32;1m[debug]?[0m [phantom] url changed to "https://www.spidasoftware.com/projectmanager/#"
?[36m[info]?[0m [phantom] Step anonymous 7/12: done in 8597ms.
?[32;1m[debug]?[0m [phantom] Navigation requested: url=https://www.spidasoftware.com/projectmanager/switchcompany, type=FormSubmitted, willNavigate=true, isMainFrame=true
?[33m[warning]?[0m [phantom] Loading resource failed with status=fail (HTTP 200): https://www.spidasoftware.com/projectmanager/switchcompany
?[32;1m[debug]?[0m [phantom] Navigation requested: url=https://www.spidasoftware.com/projectmanager/dashboard/index, type=FormSubmitted, willNavigate=true, isMainFrame=true
script timed out
?[36m[info]?[0m [phantom] Step _step 8/12 https://www.spidasoftware.com/projectmanager/# (HTTP 302)
?[36m[info]?[0m [phantom] Step _step 8/12: done in 10011ms.
?[32;1m[debug]?[0m [phantom] url changed to "https://www.spidasoftware.com/projectmanager/dashboard/index"
?[32;1m[debug]?[0m [phantom] Successfully injected Casper client-side utilities
?[36m[info]?[0m [phantom] waitFor() finished in 1938ms.
?[36m[info]?[0m [phantom] Step anonymous 9/13 https://www.spidasoftware.com/projectmanager/dashboard/index (HTTP 200)
Logged in as: ACME Power Co.
?[36m[info]?[0m [phantom] Step anonymous 9/13: done in 11974ms.
?[32;1m[debug]?[0m [phantom] opening url: https://www.spidasoftware.com/projectmanager/formTemplate/list, HTTP GET
?[32;1m[debug]?[0m [phantom] Navigation requested: url=https://www.spidasoftware.com/projectmanager/formTemplate/list, type=Other, willNavigate=true, isMainFrame=true
?[33m[warning]?[0m [phantom] Loading resource failed with status=fail (HTTP 200): https://www.spidasoftware.com/projectmanager/formTemplate/list
?[32;1m[debug]?[0m [phantom] url changed to "https://www.spidasoftware.com/projectmanager/formTemplate/list"
?[32;1m[debug]?[0m [phantom] Successfully injected Casper client-side utilities
?[36m[info]?[0m [phantom] Step openFormList 11/13 https://www.spidasoftware.com/projectmanager/formTemplate/list (HTTP 200)
Navigating to Flow Form List
?[36m[info]?[0m [phantom] Step openFormList 11/13: done in 14580ms.
?[36m[info]?[0m [phantom] Step _step 12/13 https://www.spidasoftware.com/projectmanager/formTemplate/list (HTTP 200)
?[36m[info]?[0m [phantom] Step _step 12/13: done in 14596ms.
?[36m[info]?[0m [phantom] waitFor() finished in 42ms.
?[36m[info]?[0m [phantom] Step waitForFormList 13/14 https://www.spidasoftware.com/projectmanager/formTemplate/list (HTTP 200)
Currently at: https://www.spidasoftware.com/projectmanager/formTemplate/list
?[36m[info]?[0m [phantom] Step waitForFormList 13/14: done in 14659ms.
?[36m[info]?[0m [phantom] Step _step 14/14 https://www.spidasoftware.com/projectmanager/formTemplate/list (HTTP 200)
?[36m[info]?[0m [phantom] Step _step 14/14: done in 14679ms.
?[36m[info]?[0m [phantom] waitFor() finished in 41ms.
?[36m[info]?[0m [phantom] Step loopThrough 15/15 https://www.spidasoftware.com/projectmanager/formTemplate/list (HTTP 200)
?[36m[info]?[0m [phantom] Step loopThrough 15/15: done in 14743ms.
?[32;1m[debug]?[0m [phantom] opening url: https://www.spidasoftware.com/projectmanager/formTemplate/list?offset=0&max=10&sort=name&order=asc, HTTP GET
?[32;1m[debug]?[0m [phantom] Navigation requested: url=https://www.spidasoftware.com/projectmanager/formTemplate/list?offset=0&max=10&sort=name&order=asc, type=Other, willNavigate=true, isMainFrame=true
?[33m[warning]?[0m [phantom] Loading resource failed with status=fail (HTTP 200): https://www.spidasoftware.com/projectmanager/formTemplate/list?offset=0&max=10&sort=name&order=asc
?[32;1m[debug]?[0m [phantom] url changed to "https://www.spidasoftware.com/projectmanager/formTemplate/list?offset=0&max=10&sort=name&order=asc"
?[32;1m[debug]?[0m [phantom] Successfully injected Casper client-side utilities
?[36m[info]?[0m [phantom] Step anonymous 17/25 https://www.spidasoftware.com/projectmanager/formTemplate/list?offset=0&max=10&sort=name&order=asc (HTTP 200)
?[36m[info]?[0m [phantom] Step anonymous 17/25: done in 15100ms.
?[36m[info]?[0m [phantom] Step _step 18/26 https://www.spidasoftware.com/projectmanager/formTemplate/list?offset=0&max=10&sort=name&order=asc (HTTP 200)
?[36m[info]?[0m [phantom] Step _step 18/26: done in 15115ms.
?[36m[info]?[0m [phantom] waitFor() finished in 41ms.
?[36m[info]?[0m [phantom] Step anonymous 19/27 https://www.spidasoftware.com/projectmanager/formTemplate/list?offset=0&max=10&sort=name&order=asc (HTTP 200)
?[36m[info]?[0m [phantom] Step anonymous 19/27: done in 15191ms.
?[32;1m[debug]?[0m [phantom] opening url: https://www.spidasoftware.com/projectmanager/formTemplate/list?offset=10&max=10&sort=name&order=asc, HTTP GET
?[32;1m[debug]?[0m [phantom] Navigation requested: url=https://www.spidasoftware.com/projectmanager/formTemplate/list?offset=10&max=10&sort=name&order=asc, type=Other, willNavigate=true, isMainFrame=true
?[33m[warning]?[0m [phantom] Loading resource failed with status=fail (HTTP 200): https://www.spidasoftware.com/projectmanager/formTemplate/list?offset=10&max=10&sort=name&order=asc
?[32;1m[debug]?[0m [phantom] url changed to "https://www.spidasoftware.com/projectmanager/formTemplate/list?offset=10&max=10&sort=name&order=asc"
?[32;1m[debug]?[0m [phantom] Successfully injected Casper client-side utilities
?[36m[info]?[0m [phantom] Step anonymous 21/27 https://www.spidasoftware.com/projectmanager/formTemplate/list?offset=10&max=10&sort=name&order=asc (HTTP 200)
?[36m[info]?[0m [phantom] Step anonymous 21/27: done in 15687ms.
?[36m[info]?[0m [phantom] Step _step 22/28 https://www.spidasoftware.com/projectmanager/formTemplate/list?offset=10&max=10&sort=name&order=asc (HTTP 200)
?[36m[info]?[0m [phantom] Step _step 22/28: done in 15703ms.
?[36m[info]?[0m [phantom] waitFor() finished in 43ms.
?[36m[info]?[0m [phantom] Step anonymous 23/29 https://www.spidasoftware.com/projectmanager/formTemplate/list?offset=10&max=10&sort=name&order=asc (HTTP 200)
?[36m[info]?[0m [phantom] Step anonymous 23/29: done in 15778ms.
?[32;1m[debug]?[0m [phantom] opening url: https://www.spidasoftware.com/projectmanager/formTemplate/list?offset=20&max=10&sort=name&order=asc, HTTP GET
?[32;1m[debug]?[0m [phantom] Navigation requested: url=https://www.spidasoftware.com/projectmanager/formTemplate/list?offset=20&max=10&sort=name&order=asc, type=Other, willNavigate=true, isMainFrame=true
?[33m[warning]?[0m [phantom] Loading resource failed with status=fail (HTTP 200): https://www.spidasoftware.com/projectmanager/formTemplate/list?offset=20&max=10&sort=name&order=asc
?[32;1m[debug]?[0m [phantom] url changed to "https://www.spidasoftware.com/projectmanager/formTemplate/list?offset=20&max=10&sort=name&order=asc"
?[32;1m[debug]?[0m [phantom] Successfully injected Casper client-side utilities
?[36m[info]?[0m [phantom] Step anonymous 25/29 https://www.spidasoftware.com/projectmanager/formTemplate/list?offset=20&max=10&sort=name&order=asc (HTTP 200)
?[36m[info]?[0m [phantom] Step anonymous 25/29: done in 16224ms.
?[36m[info]?[0m [phantom] Step _step 26/30 https://www.spidasoftware.com/projectmanager/formTemplate/list?offset=20&max=10&sort=name&order=asc (HTTP 200)
?[36m[info]?[0m [phantom] Step _step 26/30: done in 16239ms.
?[36m[info]?[0m [phantom] waitFor() finished in 47ms.
?[36m[info]?[0m [phantom] Step anonymous 27/31 https://www.spidasoftware.com/projectmanager/formTemplate/list?offset=20&max=10&sort=name&order=asc (HTTP 200)
Stored screenshot of form: Permits
?[36m[info]?[0m [phantom] Step anonymous 27/31: done in 16318ms.
?[36m[info]?[0m [phantom] Step clickForm 28/36 https://www.spidasoftware.com/projectmanager/formTemplate/list?offset=20&max=10&sort=name&order=asc (HTTP 200)
?[32;1m[debug]?[0m [phantom] Mouse event 'mousedown' on selector: xpath selector: //*[text()="Permits"]
?[32;1m[debug]?[0m [phantom] Mouse event 'mouseup' on selector: xpath selector: //*[text()="Permits"]
?[32;1m[debug]?[0m [phantom] Mouse event 'click' on selector: xpath selector: //*[text()="Permits"]
?[32;1m[debug]?[0m [phantom] Navigation requested: url=https://www.spidasoftware.com/projectmanager/formTemplate/edit/73120, type=LinkClicked, willNavigate=true, isMainFrame=true
?[36m[info]?[0m [phantom] Step clickForm 28/36: done in 16339ms.
?[33m[warning]?[0m [phantom] Loading resource failed with status=fail (HTTP 200): https://www.spidasoftware.com/projectmanager/formTemplate/edit/73120
?[32;1m[debug]?[0m [phantom] url changed to "https://www.spidasoftware.com/projectmanager/formTemplate/edit/73120"
?[32;1m[debug]?[0m [phantom] Successfully injected Casper client-side utilities
?[36m[info]?[0m [phantom] Step _step 29/36 https://www.spidasoftware.com/projectmanager/formTemplate/edit/73120 (HTTP 200)
?[36m[info]?[0m [phantom] Step _step 29/36: done in 17955ms.
?[36m[info]?[0m [phantom] waitFor() finished in 41ms.
?[36m[info]?[0m [phantom] Step anonymous 30/37 https://www.spidasoftware.com/projectmanager/formTemplate/edit/73120 (HTTP 200)
?[36m[info]?[0m [phantom] Step anonymous 30/37: done in 18013ms.
?[36m[info]?[0m [phantom] Step anonymous 31/37 https://www.spidasoftware.com/projectmanager/formTemplate/edit/73120 (HTTP 200)
?[36m[info]?[0m [phantom] Step anonymous 31/37: done in 18099ms.
?[36m[info]?[0m [phantom] Step anonymous 32/37 https://www.spidasoftware.com/projectmanager/formTemplate/edit/73120 (HTTP 200)
?[36m[info]?[0m [phantom] Step anonymous 32/37: done in 18100ms.
?[36m[info]?[0m [phantom] Step _step 33/38 https://www.spidasoftware.com/projectmanager/formTemplate/edit/73120 (HTTP 200)
?[36m[info]?[0m [phantom] Step _step 33/38: done in 18121ms.
?[32;1m[debug]?[0m [phantom] Navigation requested: url=https://www.spidasoftware.com/projectmanager/formTemplate/list?offset=20&max=10&sort=name&order=asc, type=BackOrForward, willNavigate=true, isMainFrame=true
?[33m[warning]?[0m [phantom] Loading resource failed with status=fail (HTTP 200): https://www.spidasoftware.com/projectmanager/formTemplate/list?offset=20&max=10&sort=name&order=asc
?[32;1m[debug]?[0m [phantom] url changed to "https://www.spidasoftware.com/projectmanager/formTemplate/list?offset=20&max=10&sort=name&order=asc"
?[32;1m[debug]?[0m [phantom] Successfully injected Casper client-side utilities
?[36m[info]?[0m [phantom] Step _step 34/38 https://www.spidasoftware.com/projectmanager/formTemplate/list?offset=20&max=10&sort=name&order=asc (HTTP 200)
?[36m[info]?[0m [phantom] Step _step 34/38: done in 18698ms.
?[36m[info]?[0m [phantom] waitFor() finished in 41ms.
?[36m[info]?[0m [phantom] Step anonymous 35/39 https://www.spidasoftware.com/projectmanager/formTemplate/list?offset=20&max=10&sort=name&order=asc (HTTP 200)
?[36m[info]?[0m [phantom] Step anonymous 35/39: done in 18758ms.
?[32;1m[debug]?[0m [phantom] opening url: https://www.spidasoftware.com/projectmanager/formTemplate/list?offset=30&max=10&sort=name&order=asc, HTTP GET
?[32;1m[debug]?[0m [phantom] Navigation requested: url=https://www.spidasoftware.com/projectmanager/formTemplate/list?offset=30&max=10&sort=name&order=asc, type=Other, willNavigate=true, isMainFrame=true
?[33m[warning]?[0m [phantom] Loading resource failed with status=fail (HTTP 200): https://www.spidasoftware.com/projectmanager/formTemplate/list?offset=30&max=10&sort=name&order=asc
?[32;1m[debug]?[0m [phantom] url changed to "https://www.spidasoftware.com/projectmanager/formTemplate/list?offset=30&max=10&sort=name&order=asc"
?[32;1m[debug]?[0m [phantom] Successfully injected Casper client-side utilities
?[36m[info]?[0m [phantom] Step anonymous 37/39 https://www.spidasoftware.com/projectmanager/formTemplate/list?offset=30&max=10&sort=name&order=asc (HTTP 200)
?[36m[info]?[0m [phantom] Step anonymous 37/39: done in 19719ms.
?[36m[info]?[0m [phantom] Step _step 38/40 https://www.spidasoftware.com/projectmanager/formTemplate/list?offset=30&max=10&sort=name&order=asc (HTTP 200)
?[36m[info]?[0m [phantom] Step _step 38/40: done in 19735ms.
?[36m[info]?[0m [phantom] waitFor() finished in 40ms.
?[36m[info]?[0m [phantom] Step anonymous 39/41 https://www.spidasoftware.com/projectmanager/formTemplate/list?offset=30&max=10&sort=name&order=asc (HTTP 200)
Stored screenshot of form: Pole Profile
Stored screenshot of form: Project Details
?[36m[info]?[0m [phantom] Step anonymous 39/41: done in 19805ms.
?[36m[info]?[0m [phantom] Step clickForm 40/51 https://www.spidasoftware.com/projectmanager/formTemplate/list?offset=30&max=10&sort=name&order=asc (HTTP 200)
?[32;1m[debug]?[0m [phantom] Mouse event 'mousedown' on selector: xpath selector: //*[text()="Pole Profile"]
?[32;1m[debug]?[0m [phantom] Mouse event 'mouseup' on selector: xpath selector: //*[text()="Pole Profile"]
?[32;1m[debug]?[0m [phantom] Mouse event 'click' on selector: xpath selector: //*[text()="Pole Profile"]
?[32;1m[debug]?[0m [phantom] Navigation requested: url=https://www.spidasoftware.com/projectmanager/formTemplate/edit/73136, type=LinkClicked, willNavigate=true, isMainFrame=true
?[36m[info]?[0m [phantom] Step clickForm 40/51: done in 19824ms.
?[33m[warning]?[0m [phantom] Loading resource failed with status=fail (HTTP 200): https://www.spidasoftware.com/projectmanager/formTemplate/edit/73136
?[32;1m[debug]?[0m [phantom] url changed to "https://www.spidasoftware.com/projectmanager/formTemplate/edit/73136"
?[32;1m[debug]?[0m [phantom] Successfully injected Casper client-side utilities
?[36m[info]?[0m [phantom] Step _step 41/51 https://www.spidasoftware.com/projectmanager/formTemplate/edit/73136 (HTTP 200)
?[36m[info]?[0m [phantom] Step _step 41/51: done in 20758ms.
?[36m[info]?[0m [phantom] waitFor() finished in 42ms.
?[36m[info]?[0m [phantom] Step anonymous 42/52 https://www.spidasoftware.com/projectmanager/formTemplate/edit/73136 (HTTP 200)
?[36m[info]?[0m [phantom] Step anonymous 42/52: done in 20821ms.
?[36m[info]?[0m [phantom] Step anonymous 43/52 https://www.spidasoftware.com/projectmanager/formTemplate/edit/73136 (HTTP 200)
?[36m[info]?[0m [phantom] Step anonymous 43/52: done in 20847ms.
?[36m[info]?[0m [phantom] Step anonymous 44/52 https://www.spidasoftware.com/projectmanager/formTemplate/edit/73136 (HTTP 200)
?[36m[info]?[0m [phantom] Step anonymous 44/52: done in 20867ms.
?[36m[info]?[0m [phantom] Step _step 45/53 https://www.spidasoftware.com/projectmanager/formTemplate/edit/73136 (HTTP 200)
?[36m[info]?[0m [phantom] Step _step 45/53: done in 20889ms.
?[32;1m[debug]?[0m [phantom] Navigation requested: url=https://www.spidasoftware.com/projectmanager/formTemplate/list?offset=30&max=10&sort=name&order=asc, type=BackOrForward, willNavigate=true, isMainFrame=true
?[33m[warning]?[0m [phantom] Loading resource failed with status=fail (HTTP 200): https://www.spidasoftware.com/projectmanager/formTemplate/list?offset=30&max=10&sort=name&order=asc
?[32;1m[debug]?[0m [phantom] url changed to "https://www.spidasoftware.com/projectmanager/formTemplate/list?offset=30&max=10&sort=name&order=asc"
?[32;1m[debug]?[0m [phantom] Successfully injected Casper client-side utilities
?[36m[info]?[0m [phantom] Step _step 46/53 https://www.spidasoftware.com/projectmanager/formTemplate/list?offset=30&max=10&sort=name&order=asc (HTTP 200)
?[36m[info]?[0m [phantom] Step _step 46/53: done in 21637ms.
?[36m[info]?[0m [phantom] waitFor() finished in 40ms.
?[36m[info]?[0m [phantom] Step anonymous 47/54 https://www.spidasoftware.com/projectmanager/formTemplate/list?offset=30&max=10&sort=name&order=asc (HTTP 200)
?[36m[info]?[0m [phantom] Step anonymous 47/54: done in 21696ms.
?[36m[info]?[0m [phantom] Step clickForm 48/54 https://www.spidasoftware.com/projectmanager/formTemplate/list?offset=30&max=10&sort=name&order=asc (HTTP 200)
?[32;1m[debug]?[0m [phantom] Mouse event 'mousedown' on selector: xpath selector: //*[text()="Project Details"]
?[32;1m[debug]?[0m [phantom] Mouse event 'mouseup' on selector: xpath selector: //*[text()="Project Details"]
?[32;1m[debug]?[0m [phantom] Mouse event 'click' on selector: xpath selector: //*[text()="Project Details"]
?[32;1m[debug]?[0m [phantom] Navigation requested: url=https://www.spidasoftware.com/projectmanager/formTemplate/edit/73091, type=LinkClicked, willNavigate=true, isMainFrame=true
?[36m[info]?[0m [phantom] Step clickForm 48/54: done in 21727ms.
?[33m[warning]?[0m [phantom] Loading resource failed with status=fail (HTTP 200): https://www.spidasoftware.com/projectmanager/formTemplate/edit/73091
?[32;1m[debug]?[0m [phantom] url changed to "https://www.spidasoftware.com/projectmanager/formTemplate/edit/73091"
?[32;1m[debug]?[0m [phantom] Successfully injected Casper client-side utilities
?[36m[info]?[0m [phantom] Step _step 49/54 https://www.spidasoftware.com/projectmanager/formTemplate/edit/73091 (HTTP 200)
?[36m[info]?[0m [phantom] Step _step 49/54: done in 22889ms.
?[36m[info]?[0m [phantom] waitFor() finished in 40ms.
?[36m[info]?[0m [phantom] Step anonymous 50/55 https://www.spidasoftware.com/projectmanager/formTemplate/edit/73091 (HTTP 200)
?[36m[info]?[0m [phantom] Step anonymous 50/55: done in 22952ms.
?[36m[info]?[0m [phantom] Step anonymous 51/55 https://www.spidasoftware.com/projectmanager/formTemplate/edit/73091 (HTTP 200)
?[36m[info]?[0m [phantom] Step anonymous 51/55: done in 22979ms.
?[36m[info]?[0m [phantom] Step anonymous 52/55 https://www.spidasoftware.com/projectmanager/formTemplate/edit/73091 (HTTP 200)
?[36m[info]?[0m [phantom] Step anonymous 52/55: done in 23000ms.
?[36m[info]?[0m [phantom] Step _step 53/56 https://www.spidasoftware.com/projectmanager/formTemplate/edit/73091 (HTTP 200)
?[36m[info]?[0m [phantom] Step _step 53/56: done in 23024ms.
?[32;1m[debug]?[0m [phantom] Navigation requested: url=https://www.spidasoftware.com/projectmanager/formTemplate/list?offset=30&max=10&sort=name&order=asc, type=BackOrForward, willNavigate=true, isMainFrame=true
?[33m[warning]?[0m [phantom] Loading resource failed with status=fail (HTTP 200): https://www.spidasoftware.com/projectmanager/formTemplate/list?offset=30&max=10&sort=name&order=asc
?[32;1m[debug]?[0m [phantom] url changed to "https://www.spidasoftware.com/projectmanager/formTemplate/list?offset=30&max=10&sort=name&order=asc"
?[32;1m[debug]?[0m [phantom] Successfully injected Casper client-side utilities
?[36m[info]?[0m [phantom] Step _step 54/56 https://www.spidasoftware.com/projectmanager/formTemplate/list?offset=30&max=10&sort=name&order=asc (HTTP 200)
?[36m[info]?[0m [phantom] Step _step 54/56: done in 25653ms.
?[36m[info]?[0m [phantom] waitFor() finished in 41ms.
?[36m[info]?[0m [phantom] Step anonymous 55/57 https://www.spidasoftware.com/projectmanager/formTemplate/list?offset=30&max=10&sort=name&order=asc (HTTP 200)
?[36m[info]?[0m [phantom] Step anonymous 55/57: done in 25710ms.
?[32;1m[debug]?[0m [phantom] opening url: https://www.spidasoftware.com/projectmanager/formTemplate/list?offset=40&max=10&sort=name&order=asc, HTTP GET
?[32;1m[debug]?[0m [phantom] Navigation requested: url=https://www.spidasoftware.com/projectmanager/formTemplate/list?offset=40&max=10&sort=name&order=asc, type=Other, willNavigate=true, isMainFrame=true
?[33m[warning]?[0m [phantom] Loading resource failed with status=fail (HTTP 200): https://www.spidasoftware.com/projectmanager/formTemplate/list?offset=40&max=10&sort=name&order=asc
?[32;1m[debug]?[0m [phantom] url changed to "https://www.spidasoftware.com/projectmanager/formTemplate/list?offset=40&max=10&sort=name&order=asc"
?[32;1m[debug]?[0m [phantom] Successfully injected Casper client-side utilities
?[36m[info]?[0m [phantom] Step anonymous 57/57 https://www.spidasoftware.com/projectmanager/formTemplate/list?offset=40&max=10&sort=name&order=asc (HTTP 200)
?[36m[info]?[0m [phantom] Step anonymous 57/57: done in 26393ms.
?[36m[info]?[0m [phantom] Step _step 58/58 https://www.spidasoftware.com/projectmanager/formTemplate/list?offset=40&max=10&sort=name&order=asc (HTTP 200)
?[36m[info]?[0m [phantom] Step _step 58/58: done in 26410ms.
?[36m[info]?[0m [phantom] waitFor() finished in 42ms.
?[36m[info]?[0m [phantom] Step anonymous 59/59 https://www.spidasoftware.com/projectmanager/formTemplate/list?offset=40&max=10&sort=name&order=asc (HTTP 200)
?[36m[info]?[0m [phantom] Step anonymous 59/59: done in 26482ms.
?[36m[info]?[0m [phantom] Done 59 steps in 26495ms
Forms to generate: 
0: Pole Profile
1: Permits
2: Project Details
?[36m[info]?[0m [phantom] Starting...
?[36m[info]?[0m [phantom] Execution timeout set to 12000ms
?[36m[info]?[0m [phantom] Running suite: 6 steps
?[32;1m[debug]?[0m [phantom] opening url: file:///Users/zpeugh/code/min/scripts/flowdocument/Resources/formHtmls/Pole Profile.html, HTTP GET
?[32;1m[debug]?[0m [phantom] Navigation requested: url=file:///Users/zpeugh/code/min/scripts/flowdocument/Resources/formHtmls/Pole Profile.html, type=Other, willNavigate=true, isMainFrame=true
?[32;1m[debug]?[0m [phantom] url changed to "file:///Users/zpeugh/code/min/scripts/flowdocument/Resources/formHtmls/Pole Profile.html"
?[32;1m[debug]?[0m [phantom] Successfully injected Casper client-side utilities
?[36m[info]?[0m [phantom] Step anonymous 2/6: done in 143ms.
?[36m[info]?[0m [phantom] Step _step 3/9: done in 161ms.
?[36m[info]?[0m [phantom] waitFor() finished in 48ms.
?[32;1m[debug]?[0m [phantom] Capturing page to /Users/zpeugh/code/min/scripts/flowdocument/Resources/formHtmls/formPNGs/Pole Profile.png with clipRect {"top":13,"height":1317,"left":8,"width":808}
?[36m[info]?[0m [phantom] Capture saved to /Users/zpeugh/code/min/scripts/flowdocument/Resources/formHtmls/formPNGs/Pole Profile.png
?[36m[info]?[0m [phantom] Step anonymous 4/10: done in 445ms.
?[36m[info]?[0m [phantom] Step anonymous 5/10: done in 450ms.
?[36m[info]?[0m [phantom] Step _step 6/10: done in 468ms.
?[36m[info]?[0m [phantom] waitFor() finished in 48ms.
?[32;1m[debug]?[0m [phantom] opening url: file:///Users/zpeugh/code/min/scripts/flowdocument/Resources/formHtmls/Permits.html, HTTP GET
?[32;1m[debug]?[0m [phantom] Navigation requested: url=file:///Users/zpeugh/code/min/scripts/flowdocument/Resources/formHtmls/Permits.html, type=Other, willNavigate=true, isMainFrame=true
?[32;1m[debug]?[0m [phantom] url changed to "file:///Users/zpeugh/code/min/scripts/flowdocument/Resources/formHtmls/Permits.html"
?[32;1m[debug]?[0m [phantom] Successfully injected Casper client-side utilities
?[36m[info]?[0m [phantom] Step anonymous 8/10: done in 565ms.
?[36m[info]?[0m [phantom] Step _step 9/13: done in 587ms.
?[36m[info]?[0m [phantom] waitFor() finished in 46ms.
?[32;1m[debug]?[0m [phantom] Capturing page to /Users/zpeugh/code/min/scripts/flowdocument/Resources/formHtmls/formPNGs/Permits.png with clipRect {"top":13,"height":180,"left":8,"width":808}
?[36m[info]?[0m [phantom] Capture saved to /Users/zpeugh/code/min/scripts/flowdocument/Resources/formHtmls/formPNGs/Permits.png
?[36m[info]?[0m [phantom] Step anonymous 10/14: done in 719ms.
?[36m[info]?[0m [phantom] Step anonymous 11/14: done in 720ms.
?[36m[info]?[0m [phantom] Step _step 12/14: done in 741ms.
?[36m[info]?[0m [phantom] waitFor() finished in 40ms.
?[32;1m[debug]?[0m [phantom] opening url: file:///Users/zpeugh/code/min/scripts/flowdocument/Resources/formHtmls/Project Details.html, HTTP GET
?[32;1m[debug]?[0m [phantom] Navigation requested: url=file:///Users/zpeugh/code/min/scripts/flowdocument/Resources/formHtmls/Project Details.html, type=Other, willNavigate=true, isMainFrame=true
?[32;1m[debug]?[0m [phantom] url changed to "file:///Users/zpeugh/code/min/scripts/flowdocument/Resources/formHtmls/Project Details.html"
?[32;1m[debug]?[0m [phantom] Successfully injected Casper client-side utilities
?[36m[info]?[0m [phantom] Step anonymous 14/14: done in 855ms.
?[36m[info]?[0m [phantom] Step _step 15/17: done in 876ms.
?[36m[info]?[0m [phantom] waitFor() finished in 47ms.
?[32;1m[debug]?[0m [phantom] Capturing page to /Users/zpeugh/code/min/scripts/flowdocument/Resources/formHtmls/formPNGs/Project Details.png with clipRect {"top":13,"height":461,"left":8,"width":808}
?[36m[info]?[0m [phantom] Capture saved to /Users/zpeugh/code/min/scripts/flowdocument/Resources/formHtmls/formPNGs/Project Details.png
?[36m[info]?[0m [phantom] Step anonymous 16/18: done in 1031ms.
?[36m[info]?[0m [phantom] Step anonymous 17/18: done in 1033ms.
?[36m[info]?[0m [phantom] Step _step 18/18: done in 1052ms.
?[36m[info]?[0m [phantom] waitFor() finished in 48ms.
?[36m[info]?[0m [phantom] Done 18 steps in 1124ms
All forms: [Pole Profile, Permits, Project Details]
Missed Forms: null
company name: ACME Power Co.
flow Name: Overhead EJU
2: Email: Construction Corrections Required
3: Assign Tech
4: Generate Calc File
5: Email: Minor Make Ready Required
6: Assign Construction
7: Pole Forms
8: 45 Day TPA Construction Clock
9: Assign TPA
10: Email: TPA Construction
11: Remove Time Markers
12: Pull Photos From Calc
13: Estimate Process 14 Day Clock
14: Assign Billing
15: Email: Pole Details Require Corrections
16: Assign Acme EJU Clerk
17: Lock Project
18: Engineering Review 45 Day Clock
19: Email: Project Accepted
20: Email: Major Make Ready Required
21: Email: No Make Ready Work Required
22: Assign Engineering
?[36m[info]?[0m [phantom] Starting...
?[36m[info]?[0m [phantom] Execution timeout set to 10000ms
?[36m[info]?[0m [phantom] Running suite: 13 steps
?[32;1m[debug]?[0m [phantom] opening url: https://www.spidasoftware.com/projectmanager/, HTTP GET
?[32;1m[debug]?[0m [phantom] Navigation requested: url=https://www.spidasoftware.com/projectmanager/, type=Other, willNavigate=true, isMainFrame=true
?[32;1m[debug]?[0m [phantom] Navigation requested: url=https://www.spidasoftware.com/cas/login?service=https://www.spidasoftware.com/projectmanager/j_spring_cas_security_check, type=Other, willNavigate=true, isMainFrame=true
?[32;1m[debug]?[0m [phantom] url changed to "https://www.spidasoftware.com/cas/login?service=https://www.spidasoftware.com/projectmanager/j_spring_cas_security_check"
?[32;1m[debug]?[0m [phantom] Successfully injected Casper client-side utilities
?[32;1m[debug]?[0m [phantom] start page is loaded
?[36m[info]?[0m [phantom] Step login 3/13 https://www.spidasoftware.com/cas/login?service=https://www.spidasoftware.com/projectmanager/j_spring_cas_security_check (HTTP 200)
?[36m[info]?[0m [remote] attempting to fetch form element from selector: 'form#fm1'
?[32;1m[debug]?[0m [remote] Set "username" field value to admin@spidasoftware.com
?[32;1m[debug]?[0m [remote] Set "password" field value to ***************
?[36m[info]?[0m [remote] submitting form to /cas/login;jsessionid=B9D81602B81F9062C7D3D01B1C868DD1?service=https%3A%2F%2Fwww.spidasoftware.com%2Fprojectmanager%2Fj_spring_cas_security_check, HTTP POST
?[36m[info]?[0m [phantom] Step login 3/13: done in 3338ms.
?[32;1m[debug]?[0m [phantom] Navigation requested: url=https://www.spidasoftware.com/cas/login;jsessionid=B9D81602B81F9062C7D3D01B1C868DD1?service=https://www.spidasoftware.com/projectmanager/j_spring_cas_security_check, type=FormSubmitted, willNavigate=true, isMainFrame=true
?[32;1m[debug]?[0m [phantom] Navigation requested: url=https://www.spidasoftware.com/projectmanager/j_spring_cas_security_check?ticket=ST-336-cDiA9VagKVnnekvr3abq-www.spidasoftware.com, type=FormSubmitted, willNavigate=true, isMainFrame=true
?[32;1m[debug]?[0m [phantom] Navigation requested: url=https://www.spidasoftware.com/projectmanager/, type=FormSubmitted, willNavigate=true, isMainFrame=true
?[32;1m[debug]?[0m [phantom] url changed to "https://www.spidasoftware.com/projectmanager/"
?[32;1m[debug]?[0m [phantom] Successfully injected Casper client-side utilities
?[36m[info]?[0m [phantom] Step _step 4/13 https://www.spidasoftware.com/projectmanager/ (HTTP 200)
?[36m[info]?[0m [phantom] Step _step 4/13: done in 7938ms.
?[36m[info]?[0m [phantom] waitFor() finished in 43ms.
?[36m[info]?[0m [phantom] Step afterLogin 5/14 https://www.spidasoftware.com/projectmanager/ (HTTP 200)
Logged in successfully
?[36m[info]?[0m [phantom] Step afterLogin 5/14: done in 7995ms.
?[36m[info]?[0m [phantom] Step _step 6/14 https://www.spidasoftware.com/projectmanager/ (HTTP 200)
?[36m[info]?[0m [phantom] Step _step 6/14: done in 8015ms.
?[36m[info]?[0m [phantom] waitFor() finished in 40ms.
?[36m[info]?[0m [phantom] Step anonymous 7/15 https://www.spidasoftware.com/projectmanager/ (HTTP 200)
?[32;1m[debug]?[0m [phantom] Mouse event 'mousedown' on selector: xpath selector: //*[text()="ACME Power Co."]
?[32;1m[debug]?[0m [phantom] Mouse event 'mouseup' on selector: xpath selector: //*[text()="ACME Power Co."]
?[32;1m[debug]?[0m [phantom] Mouse event 'click' on selector: xpath selector: //*[text()="ACME Power Co."]
?[32;1m[debug]?[0m [phantom] Navigation requested: url=https://www.spidasoftware.com/projectmanager/#, type=LinkClicked, willNavigate=true, isMainFrame=true
?[32;1m[debug]?[0m [phantom] url changed to "https://www.spidasoftware.com/projectmanager/#"
?[36m[info]?[0m [phantom] Step anonymous 7/15: done in 8088ms.
?[32;1m[debug]?[0m [phantom] Navigation requested: url=https://www.spidasoftware.com/projectmanager/switchcompany, type=FormSubmitted, willNavigate=true, isMainFrame=true
?[33m[warning]?[0m [phantom] Loading resource failed with status=fail (HTTP 200): https://www.spidasoftware.com/projectmanager/switchcompany
?[32;1m[debug]?[0m [phantom] Navigation requested: url=https://www.spidasoftware.com/projectmanager/dashboard/index, type=FormSubmitted, willNavigate=true, isMainFrame=true
script timed out
?[36m[info]?[0m [phantom] Step _step 8/15 https://www.spidasoftware.com/projectmanager/# (HTTP 302)
?[36m[info]?[0m [phantom] Step _step 8/15: done in 10014ms.
?[32;1m[debug]?[0m [phantom] url changed to "https://www.spidasoftware.com/projectmanager/dashboard/index"
?[32;1m[debug]?[0m [phantom] Successfully injected Casper client-side utilities
?[36m[info]?[0m [phantom] waitFor() finished in 2301ms.
?[36m[info]?[0m [phantom] Step anonymous 9/16 https://www.spidasoftware.com/projectmanager/dashboard/index (HTTP 200)
Logged in as: ACME Power Co.
?[36m[info]?[0m [phantom] Step anonymous 9/16: done in 12339ms.
?[32;1m[debug]?[0m [phantom] opening url: https://www.spidasoftware.com/projectmanager/flow/list, HTTP GET
?[32;1m[debug]?[0m [phantom] Navigation requested: url=https://www.spidasoftware.com/projectmanager/flow/list, type=Other, willNavigate=true, isMainFrame=true
?[33m[warning]?[0m [phantom] Loading resource failed with status=fail (HTTP 200): https://www.spidasoftware.com/projectmanager/flow/list
?[32;1m[debug]?[0m [phantom] url changed to "https://www.spidasoftware.com/projectmanager/flow/list"
?[32;1m[debug]?[0m [phantom] Successfully injected Casper client-side utilities
?[36m[info]?[0m [phantom] Step openFlowList 11/16 https://www.spidasoftware.com/projectmanager/flow/list (HTTP 200)
Navigating to Flow List
?[36m[info]?[0m [phantom] Step openFlowList 11/16: done in 13523ms.
?[36m[info]?[0m [phantom] Step _step 12/16 https://www.spidasoftware.com/projectmanager/flow/list (HTTP 200)
?[36m[info]?[0m [phantom] Step _step 12/16: done in 13538ms.
?[36m[info]?[0m [phantom] waitFor() finished in 42ms.
?[36m[info]?[0m [phantom] Step clickFlow 13/17 https://www.spidasoftware.com/projectmanager/flow/list (HTTP 200)
Currently at: https://www.spidasoftware.com/projectmanager/flow/list
?[32;1m[debug]?[0m [phantom] Mouse event 'mousedown' on selector: xpath selector: //a[text()="Overhead EJU"]
?[32;1m[debug]?[0m [phantom] Mouse event 'mouseup' on selector: xpath selector: //a[text()="Overhead EJU"]
?[32;1m[debug]?[0m [phantom] Mouse event 'click' on selector: xpath selector: //a[text()="Overhead EJU"]
?[32;1m[debug]?[0m [phantom] Navigation requested: url=https://www.spidasoftware.com/projectmanager/flow/edit/73090, type=LinkClicked, willNavigate=true, isMainFrame=true
?[36m[info]?[0m [phantom] Step clickFlow 13/17: done in 13611ms.
?[33m[warning]?[0m [phantom] Loading resource failed with status=fail (HTTP 200): https://www.spidasoftware.com/projectmanager/flow/edit/73090
?[32;1m[debug]?[0m [phantom] url changed to "https://www.spidasoftware.com/projectmanager/flow/edit/73090"
?[32;1m[debug]?[0m [phantom] Successfully injected Casper client-side utilities
?[36m[info]?[0m [phantom] Step _step 14/17 https://www.spidasoftware.com/projectmanager/flow/edit/73090 (HTTP 200)
?[36m[info]?[0m [phantom] Step _step 14/17: done in 15762ms.
?[36m[info]?[0m [phantom] waitFor() finished in 346ms.
?[36m[info]?[0m [phantom] Step getOrder 15/18 https://www.spidasoftware.com/projectmanager/flow/edit/73090 (HTTP 200)
?[36m[info]?[0m [phantom] Step getOrder 15/18: done in 16168ms.
?[36m[info]?[0m [phantom] Step _step 16/18 https://www.spidasoftware.com/projectmanager/flow/edit/73090 (HTTP 200)
?[36m[info]?[0m [phantom] Step _step 16/18: done in 17030ms.
?[36m[info]?[0m [phantom] wait() finished waiting for 2000ms.
Currently at: https://www.spidasoftware.com/projectmanager/flow/edit/73090
?[32;1m[debug]?[0m [phantom] Mouse event 'mousedown' on selector: #events_table>table>tbody>tr:nth-child(1)>td:nth-child(5)>a
?[32;1m[debug]?[0m [phantom] Mouse event 'mouseup' on selector: #events_table>table>tbody>tr:nth-child(1)>td:nth-child(5)>a
?[32;1m[debug]?[0m [phantom] Mouse event 'click' on selector: #events_table>table>tbody>tr:nth-child(1)>td:nth-child(5)>a
?[32;1m[debug]?[0m [phantom] Navigation requested: url=https://www.spidasoftware.com/projectmanager/flow/edit/73090#, type=LinkClicked, willNavigate=true, isMainFrame=true
?[32;1m[debug]?[0m [phantom] url changed to "https://www.spidasoftware.com/projectmanager/flow/edit/73090#"
?[36m[info]?[0m [phantom] Step _step 17/18 https://www.spidasoftware.com/projectmanager/flow/edit/73090# (HTTP 200)
?[36m[info]?[0m [phantom] Step _step 17/18: done in 19047ms.
?[36m[info]?[0m [phantom] waitFor() finished in 1319ms.
?[36m[info]?[0m [phantom] Step clickActionTab 18/19 https://www.spidasoftware.com/projectmanager/flow/edit/73090# (HTTP 200)
?[32;1m[debug]?[0m [phantom] Mouse event 'mousedown' on selector: form>div>div>dl>dd:nth-child(2)>a
?[32;1m[debug]?[0m [phantom] Mouse event 'mouseup' on selector: form>div>div>dl>dd:nth-child(2)>a
?[32;1m[debug]?[0m [phantom] Mouse event 'click' on selector: form>div>div>dl>dd:nth-child(2)>a
?[36m[info]?[0m [phantom] Step clickActionTab 18/19: done in 20400ms.
?[36m[info]?[0m [phantom] Step _step 19/19 https://www.spidasoftware.com/projectmanager/flow/edit/73090# (HTTP 200)
?[36m[info]?[0m [phantom] Step _step 19/19: done in 20406ms.
?[36m[info]?[0m [phantom] waitFor() finished in 793ms.
?[36m[info]?[0m [phantom] Step chooseAnAction 20/20 https://www.spidasoftware.com/projectmanager/flow/edit/73090# (HTTP 200)
Capturing action: Assign Construction...
73096
Capturing action: Remove Time Markers...
73100
Capturing action: Pull Photos From Calc...
73102
Capturing action: Assign Billing...
73105
Capturing action: Email: No Make Ready Work Required...
73116
Capturing action: Assign Engineering...
73119
Capturing action: Assign Tech...
73123
Capturing action: Generate Calc File...
73125
Capturing action: Assign TPA...
73098
Capturing action: Pole Forms...
73128
Capturing action: 45 Day TPA Construction Clock...
73131
Capturing action: Email: TPA Construction...
73132
Capturing action: Estimate Process 14 Day Clock...
73134
Capturing action: Engineering Review 45 Day Clock...
73176
Capturing action: Lock Project...
73177
Capturing action: Email: Major Make Ready Required...
73181
Capturing action: Email: Construction Corrections Required...
73185
Capturing action: Email: Minor Make Ready Required...
73188
Capturing action: Email: Project Accepted...
73178
Capturing action: Email: Pole Details Require Corrections...
73108
Capturing action: Assign Acme EJU Clerk...
79604
?[36m[info]?[0m [phantom] Step chooseAnAction 20/20: done in 28674ms.
?[36m[info]?[0m [phantom] Step changeOnClickValue 21/62 https://www.spidasoftware.com/projectmanager/flow/edit/73090# (HTTP 200)
?[36m[info]?[0m [phantom] Step changeOnClickValue 21/62: done in 28677ms.
?[36m[info]?[0m [phantom] Step _step 22/62 https://www.spidasoftware.com/projectmanager/flow/edit/73090# (HTTP 200)
?[36m[info]?[0m [phantom] Step _step 22/62: done in 28697ms.
?[36m[info]?[0m [phantom] wait() finished waiting for 2000ms.
?[36m[info]?[0m [phantom] Step _step 23/63 https://www.spidasoftware.com/projectmanager/flow/edit/73090# (HTTP 200)
?[36m[info]?[0m [phantom] Step _step 23/63: done in 30704ms.
?[36m[info]?[0m [phantom] waitFor() finished in 42ms.
?[36m[info]?[0m [phantom] Step waitedForJavascript 24/64 https://www.spidasoftware.com/projectmanager/flow/edit/73090# (HTTP 200)
?[32;1m[debug]?[0m [phantom] Capturing page to /Users/zpeugh/code/min/scripts/flowdocument/pngs/Assign Construction.png
?[36m[info]?[0m [phantom] Capture saved to /Users/zpeugh/code/min/scripts/flowdocument/pngs/Assign Construction.png
Captured action: Assign Constructionvalue: 73096
?[36m[info]?[0m [phantom] Step waitedForJavascript 24/64: done in 31179ms.
?[36m[info]?[0m [phantom] Step changeOnClickValue 25/64 https://www.spidasoftware.com/projectmanager/flow/edit/73090# (HTTP 200)
?[36m[info]?[0m [phantom] Step changeOnClickValue 25/64: done in 31252ms.
?[36m[info]?[0m [phantom] Step _step 26/64 https://www.spidasoftware.com/projectmanager/flow/edit/73090# (HTTP 200)
?[36m[info]?[0m [phantom] Step _step 26/64: done in 31280ms.
?[36m[info]?[0m [phantom] wait() finished waiting for 2000ms.
?[36m[info]?[0m [phantom] Step _step 27/65 https://www.spidasoftware.com/projectmanager/flow/edit/73090# (HTTP 200)
?[36m[info]?[0m [phantom] Step _step 27/65: done in 33292ms.
?[36m[info]?[0m [phantom] waitFor() finished in 42ms.
?[36m[info]?[0m [phantom] Step waitedForJavascript 28/66 https://www.spidasoftware.com/projectmanager/flow/edit/73090# (HTTP 200)
?[32;1m[debug]?[0m [phantom] Capturing page to /Users/zpeugh/code/min/scripts/flowdocument/pngs/Remove Time Markers.png
?[36m[info]?[0m [phantom] Capture saved to /Users/zpeugh/code/min/scripts/flowdocument/pngs/Remove Time Markers.png
Captured action: Remove Time Markersvalue: 73100
?[36m[info]?[0m [phantom] Step waitedForJavascript 28/66: done in 33671ms.
?[36m[info]?[0m [phantom] Step changeOnClickValue 29/66 https://www.spidasoftware.com/projectmanager/flow/edit/73090# (HTTP 200)
?[36m[info]?[0m [phantom] Step changeOnClickValue 29/66: done in 33674ms.
?[36m[info]?[0m [phantom] Step _step 30/66 https://www.spidasoftware.com/projectmanager/flow/edit/73090# (HTTP 200)
?[36m[info]?[0m [phantom] Step _step 30/66: done in 33745ms.
?[36m[info]?[0m [phantom] wait() finished waiting for 2000ms.
?[36m[info]?[0m [phantom] Step _step 31/67 https://www.spidasoftware.com/projectmanager/flow/edit/73090# (HTTP 200)
?[36m[info]?[0m [phantom] Step _step 31/67: done in 35767ms.
?[36m[info]?[0m [phantom] waitFor() finished in 43ms.
?[36m[info]?[0m [phantom] Step waitedForJavascript 32/68 https://www.spidasoftware.com/projectmanager/flow/edit/73090# (HTTP 200)
?[32;1m[debug]?[0m [phantom] Capturing page to /Users/zpeugh/code/min/scripts/flowdocument/pngs/Pull Photos From Calc.png
?[36m[info]?[0m [phantom] Capture saved to /Users/zpeugh/code/min/scripts/flowdocument/pngs/Pull Photos From Calc.png
Captured action: Pull Photos From Calcvalue: 73102
?[36m[info]?[0m [phantom] Step waitedForJavascript 32/68: done in 36177ms.
?[36m[info]?[0m [phantom] Step changeOnClickValue 33/68 https://www.spidasoftware.com/projectmanager/flow/edit/73090# (HTTP 200)
?[36m[info]?[0m [phantom] Step changeOnClickValue 33/68: done in 36179ms.
?[36m[info]?[0m [phantom] Step _step 34/68 https://www.spidasoftware.com/projectmanager/flow/edit/73090# (HTTP 200)
?[36m[info]?[0m [phantom] Step _step 34/68: done in 36250ms.
?[36m[info]?[0m [phantom] wait() finished waiting for 2000ms.
?[36m[info]?[0m [phantom] Step _step 35/69 https://www.spidasoftware.com/projectmanager/flow/edit/73090# (HTTP 200)
?[36m[info]?[0m [phantom] Step _step 35/69: done in 38263ms.
?[36m[info]?[0m [phantom] waitFor() finished in 41ms.
?[36m[info]?[0m [phantom] Step waitedForJavascript 36/70 https://www.spidasoftware.com/projectmanager/flow/edit/73090# (HTTP 200)
?[32;1m[debug]?[0m [phantom] Capturing page to /Users/zpeugh/code/min/scripts/flowdocument/pngs/Assign Billing.png
?[36m[info]?[0m [phantom] Capture saved to /Users/zpeugh/code/min/scripts/flowdocument/pngs/Assign Billing.png
Captured action: Assign Billingvalue: 73105
?[36m[info]?[0m [phantom] Step waitedForJavascript 36/70: done in 38635ms.
?[36m[info]?[0m [phantom] Step changeOnClickValue 37/70 https://www.spidasoftware.com/projectmanager/flow/edit/73090# (HTTP 200)
?[36m[info]?[0m [phantom] Step changeOnClickValue 37/70: done in 38637ms.
?[36m[info]?[0m [phantom] Step _step 38/70 https://www.spidasoftware.com/projectmanager/flow/edit/73090# (HTTP 200)
?[36m[info]?[0m [phantom] Step _step 38/70: done in 38712ms.
?[36m[info]?[0m [phantom] wait() finished waiting for 2000ms.
?[36m[info]?[0m [phantom] Step _step 39/71 https://www.spidasoftware.com/projectmanager/flow/edit/73090# (HTTP 200)
?[36m[info]?[0m [phantom] Step _step 39/71: done in 40733ms.
?[36m[info]?[0m [phantom] waitFor() finished in 41ms.
?[36m[info]?[0m [phantom] Step waitedForJavascript 40/72 https://www.spidasoftware.com/projectmanager/flow/edit/73090# (HTTP 200)
?[32;1m[debug]?[0m [phantom] Capturing page to /Users/zpeugh/code/min/scripts/flowdocument/pngs/Email: No Make Ready Work Required.png
?[36m[info]?[0m [phantom] Capture saved to /Users/zpeugh/code/min/scripts/flowdocument/pngs/Email: No Make Ready Work Required.png
Captured action: Email: No Make Ready Work Requiredvalue: 73116
?[36m[info]?[0m [phantom] Step waitedForJavascript 40/72: done in 41109ms.
?[36m[info]?[0m [phantom] Step changeOnClickValue 41/72 https://www.spidasoftware.com/projectmanager/flow/edit/73090# (HTTP 200)
?[36m[info]?[0m [phantom] Step changeOnClickValue 41/72: done in 41111ms.
?[36m[info]?[0m [phantom] Step _step 42/72 https://www.spidasoftware.com/projectmanager/flow/edit/73090# (HTTP 200)
?[36m[info]?[0m [phantom] Step _step 42/72: done in 41183ms.
?[36m[info]?[0m [phantom] wait() finished waiting for 2000ms.
?[36m[info]?[0m [phantom] Step _step 43/73 https://www.spidasoftware.com/projectmanager/flow/edit/73090# (HTTP 200)
?[36m[info]?[0m [phantom] Step _step 43/73: done in 43194ms.
?[36m[info]?[0m [phantom] waitFor() finished in 41ms.
?[36m[info]?[0m [phantom] Step waitedForJavascript 44/74 https://www.spidasoftware.com/projectmanager/flow/edit/73090# (HTTP 200)
?[32;1m[debug]?[0m [phantom] Capturing page to /Users/zpeugh/code/min/scripts/flowdocument/pngs/Assign Engineering.png
?[36m[info]?[0m [phantom] Capture saved to /Users/zpeugh/code/min/scripts/flowdocument/pngs/Assign Engineering.png
Captured action: Assign Engineeringvalue: 73119
?[36m[info]?[0m [phantom] Step waitedForJavascript 44/74: done in 43569ms.
?[36m[info]?[0m [phantom] Step changeOnClickValue 45/74 https://www.spidasoftware.com/projectmanager/flow/edit/73090# (HTTP 200)
?[36m[info]?[0m [phantom] Step changeOnClickValue 45/74: done in 43571ms.
?[36m[info]?[0m [phantom] Step _step 46/74 https://www.spidasoftware.com/projectmanager/flow/edit/73090# (HTTP 200)
?[36m[info]?[0m [phantom] Step _step 46/74: done in 43644ms.
?[36m[info]?[0m [phantom] wait() finished waiting for 2000ms.
?[36m[info]?[0m [phantom] Step _step 47/75 https://www.spidasoftware.com/projectmanager/flow/edit/73090# (HTTP 200)
?[36m[info]?[0m [phantom] Step _step 47/75: done in 45653ms.
?[36m[info]?[0m [phantom] waitFor() finished in 43ms.
?[36m[info]?[0m [phantom] Step waitedForJavascript 48/76 https://www.spidasoftware.com/projectmanager/flow/edit/73090# (HTTP 200)
?[32;1m[debug]?[0m [phantom] Capturing page to /Users/zpeugh/code/min/scripts/flowdocument/pngs/Assign Tech.png
?[36m[info]?[0m [phantom] Capture saved to /Users/zpeugh/code/min/scripts/flowdocument/pngs/Assign Tech.png
Captured action: Assign Techvalue: 73123
?[36m[info]?[0m [phantom] Step waitedForJavascript 48/76: done in 46028ms.
?[36m[info]?[0m [phantom] Step changeOnClickValue 49/76 https://www.spidasoftware.com/projectmanager/flow/edit/73090# (HTTP 200)
?[36m[info]?[0m [phantom] Step changeOnClickValue 49/76: done in 46030ms.
?[36m[info]?[0m [phantom] Step _step 50/76 https://www.spidasoftware.com/projectmanager/flow/edit/73090# (HTTP 200)
?[36m[info]?[0m [phantom] Step _step 50/76: done in 46102ms.
?[36m[info]?[0m [phantom] wait() finished waiting for 2000ms.
?[36m[info]?[0m [phantom] Step _step 51/77 https://www.spidasoftware.com/projectmanager/flow/edit/73090# (HTTP 200)
?[36m[info]?[0m [phantom] Step _step 51/77: done in 48119ms.
?[36m[info]?[0m [phantom] waitFor() finished in 41ms.
?[36m[info]?[0m [phantom] Step waitedForJavascript 52/78 https://www.spidasoftware.com/projectmanager/flow/edit/73090# (HTTP 200)
?[32;1m[debug]?[0m [phantom] Capturing page to /Users/zpeugh/code/min/scripts/flowdocument/pngs/Generate Calc File.png
?[36m[info]?[0m [phantom] Capture saved to /Users/zpeugh/code/min/scripts/flowdocument/pngs/Generate Calc File.png
Captured action: Generate Calc Filevalue: 73125
?[36m[info]?[0m [phantom] Step waitedForJavascript 52/78: done in 48494ms.
?[36m[info]?[0m [phantom] Step changeOnClickValue 53/78 https://www.spidasoftware.com/projectmanager/flow/edit/73090# (HTTP 200)
?[36m[info]?[0m [phantom] Step changeOnClickValue 53/78: done in 48496ms.
?[36m[info]?[0m [phantom] Step _step 54/78 https://www.spidasoftware.com/projectmanager/flow/edit/73090# (HTTP 200)
?[36m[info]?[0m [phantom] Step _step 54/78: done in 48568ms.
?[36m[info]?[0m [phantom] wait() finished waiting for 2000ms.
?[36m[info]?[0m [phantom] Step _step 55/79 https://www.spidasoftware.com/projectmanager/flow/edit/73090# (HTTP 200)
?[36m[info]?[0m [phantom] Step _step 55/79: done in 50582ms.
?[36m[info]?[0m [phantom] waitFor() finished in 43ms.
?[36m[info]?[0m [phantom] Step waitedForJavascript 56/80 https://www.spidasoftware.com/projectmanager/flow/edit/73090# (HTTP 200)
?[32;1m[debug]?[0m [phantom] Capturing page to /Users/zpeugh/code/min/scripts/flowdocument/pngs/Assign TPA.png
?[36m[info]?[0m [phantom] Capture saved to /Users/zpeugh/code/min/scripts/flowdocument/pngs/Assign TPA.png
Captured action: Assign TPAvalue: 73098
?[36m[info]?[0m [phantom] Step waitedForJavascript 56/80: done in 50958ms.
?[36m[info]?[0m [phantom] Step changeOnClickValue 57/80 https://www.spidasoftware.com/projectmanager/flow/edit/73090# (HTTP 200)
?[36m[info]?[0m [phantom] Step changeOnClickValue 57/80: done in 50960ms.
?[36m[info]?[0m [phantom] Step _step 58/80 https://www.spidasoftware.com/projectmanager/flow/edit/73090# (HTTP 200)
?[36m[info]?[0m [phantom] Step _step 58/80: done in 51034ms.
?[36m[info]?[0m [phantom] wait() finished waiting for 2000ms.
?[36m[info]?[0m [phantom] Step _step 59/81 https://www.spidasoftware.com/projectmanager/flow/edit/73090# (HTTP 200)
?[36m[info]?[0m [phantom] Step _step 59/81: done in 53056ms.
?[36m[info]?[0m [phantom] waitFor() finished in 42ms.
?[36m[info]?[0m [phantom] Step waitedForJavascript 60/82 https://www.spidasoftware.com/projectmanager/flow/edit/73090# (HTTP 200)
?[32;1m[debug]?[0m [phantom] Capturing page to /Users/zpeugh/code/min/scripts/flowdocument/pngs/Pole Forms.png
?[36m[info]?[0m [phantom] Capture saved to /Users/zpeugh/code/min/scripts/flowdocument/pngs/Pole Forms.png
Captured action: Pole Formsvalue: 73128
?[36m[info]?[0m [phantom] Step waitedForJavascript 60/82: done in 53469ms.
?[36m[info]?[0m [phantom] Step changeOnClickValue 61/82 https://www.spidasoftware.com/projectmanager/flow/edit/73090# (HTTP 200)
?[36m[info]?[0m [phantom] Step changeOnClickValue 61/82: done in 53471ms.
?[36m[info]?[0m [phantom] Step _step 62/82 https://www.spidasoftware.com/projectmanager/flow/edit/73090# (HTTP 200)
?[36m[info]?[0m [phantom] Step _step 62/82: done in 53543ms.
?[36m[info]?[0m [phantom] wait() finished waiting for 2000ms.
?[36m[info]?[0m [phantom] Step _step 63/83 https://www.spidasoftware.com/projectmanager/flow/edit/73090# (HTTP 200)
?[36m[info]?[0m [phantom] Step _step 63/83: done in 55562ms.
?[36m[info]?[0m [phantom] waitFor() finished in 43ms.
?[36m[info]?[0m [phantom] Step waitedForJavascript 64/84 https://www.spidasoftware.com/projectmanager/flow/edit/73090# (HTTP 200)
?[32;1m[debug]?[0m [phantom] Capturing page to /Users/zpeugh/code/min/scripts/flowdocument/pngs/45 Day TPA Construction Clock.png
?[36m[info]?[0m [phantom] Capture saved to /Users/zpeugh/code/min/scripts/flowdocument/pngs/45 Day TPA Construction Clock.png
Captured action: 45 Day TPA Construction Clockvalue: 73131
?[36m[info]?[0m [phantom] Step waitedForJavascript 64/84: done in 55966ms.
?[36m[info]?[0m [phantom] Step changeOnClickValue 65/84 https://www.spidasoftware.com/projectmanager/flow/edit/73090# (HTTP 200)
?[36m[info]?[0m [phantom] Step changeOnClickValue 65/84: done in 55968ms.
?[36m[info]?[0m [phantom] Step _step 66/84 https://www.spidasoftware.com/projectmanager/flow/edit/73090# (HTTP 200)
?[36m[info]?[0m [phantom] Step _step 66/84: done in 56041ms.
?[36m[info]?[0m [phantom] wait() finished waiting for 2000ms.
?[36m[info]?[0m [phantom] Step _step 67/85 https://www.spidasoftware.com/projectmanager/flow/edit/73090# (HTTP 200)
?[36m[info]?[0m [phantom] Step _step 67/85: done in 58059ms.
?[36m[info]?[0m [phantom] waitFor() finished in 41ms.
?[36m[info]?[0m [phantom] Step waitedForJavascript 68/86 https://www.spidasoftware.com/projectmanager/flow/edit/73090# (HTTP 200)
?[32;1m[debug]?[0m [phantom] Capturing page to /Users/zpeugh/code/min/scripts/flowdocument/pngs/Email: TPA Construction.png
?[36m[info]?[0m [phantom] Capture saved to /Users/zpeugh/code/min/scripts/flowdocument/pngs/Email: TPA Construction.png
Captured action: Email: TPA Constructionvalue: 73132
?[36m[info]?[0m [phantom] Step waitedForJavascript 68/86: done in 58434ms.
?[36m[info]?[0m [phantom] Step changeOnClickValue 69/86 https://www.spidasoftware.com/projectmanager/flow/edit/73090# (HTTP 200)
?[36m[info]?[0m [phantom] Step changeOnClickValue 69/86: done in 58436ms.
?[36m[info]?[0m [phantom] Step _step 70/86 https://www.spidasoftware.com/projectmanager/flow/edit/73090# (HTTP 200)
?[36m[info]?[0m [phantom] Step _step 70/86: done in 58508ms.
?[36m[info]?[0m [phantom] wait() finished waiting for 2000ms.
?[36m[info]?[0m [phantom] Step _step 71/87 https://www.spidasoftware.com/projectmanager/flow/edit/73090# (HTTP 200)
?[36m[info]?[0m [phantom] Step _step 71/87: done in 60512ms.
?[36m[info]?[0m [phantom] waitFor() finished in 40ms.
?[36m[info]?[0m [phantom] Step waitedForJavascript 72/88 https://www.spidasoftware.com/projectmanager/flow/edit/73090# (HTTP 200)
?[32;1m[debug]?[0m [phantom] Capturing page to /Users/zpeugh/code/min/scripts/flowdocument/pngs/Estimate Process 14 Day Clock.png
?[36m[info]?[0m [phantom] Capture saved to /Users/zpeugh/code/min/scripts/flowdocument/pngs/Estimate Process 14 Day Clock.png
Captured action: Estimate Process 14 Day Clockvalue: 73134
?[36m[info]?[0m [phantom] Step waitedForJavascript 72/88: done in 60888ms.
?[36m[info]?[0m [phantom] Step changeOnClickValue 73/88 https://www.spidasoftware.com/projectmanager/flow/edit/73090# (HTTP 200)
?[36m[info]?[0m [phantom] Step changeOnClickValue 73/88: done in 60890ms.
?[36m[info]?[0m [phantom] Step _step 74/88 https://www.spidasoftware.com/projectmanager/flow/edit/73090# (HTTP 200)
?[36m[info]?[0m [phantom] Step _step 74/88: done in 60964ms.
?[36m[info]?[0m [phantom] wait() finished waiting for 2000ms.
?[36m[info]?[0m [phantom] Step _step 75/89 https://www.spidasoftware.com/projectmanager/flow/edit/73090# (HTTP 200)
?[36m[info]?[0m [phantom] Step _step 75/89: done in 62976ms.
?[36m[info]?[0m [phantom] waitFor() finished in 43ms.
?[36m[info]?[0m [phantom] Step waitedForJavascript 76/90 https://www.spidasoftware.com/projectmanager/flow/edit/73090# (HTTP 200)
?[32;1m[debug]?[0m [phantom] Capturing page to /Users/zpeugh/code/min/scripts/flowdocument/pngs/Engineering Review 45 Day Clock.png
?[36m[info]?[0m [phantom] Capture saved to /Users/zpeugh/code/min/scripts/flowdocument/pngs/Engineering Review 45 Day Clock.png
Captured action: Engineering Review 45 Day Clockvalue: 73176
?[36m[info]?[0m [phantom] Step waitedForJavascript 76/90: done in 63354ms.
?[36m[info]?[0m [phantom] Step changeOnClickValue 77/90 https://www.spidasoftware.com/projectmanager/flow/edit/73090# (HTTP 200)
?[36m[info]?[0m [phantom] Step changeOnClickValue 77/90: done in 63357ms.
?[36m[info]?[0m [phantom] Step _step 78/90 https://www.spidasoftware.com/projectmanager/flow/edit/73090# (HTTP 200)
?[36m[info]?[0m [phantom] Step _step 78/90: done in 63431ms.
?[36m[info]?[0m [phantom] wait() finished waiting for 2000ms.
?[36m[info]?[0m [phantom] Step _step 79/91 https://www.spidasoftware.com/projectmanager/flow/edit/73090# (HTTP 200)
?[36m[info]?[0m [phantom] Step _step 79/91: done in 65446ms.
?[36m[info]?[0m [phantom] waitFor() finished in 40ms.
?[36m[info]?[0m [phantom] Step waitedForJavascript 80/92 https://www.spidasoftware.com/projectmanager/flow/edit/73090# (HTTP 200)
?[32;1m[debug]?[0m [phantom] Capturing page to /Users/zpeugh/code/min/scripts/flowdocument/pngs/Lock Project.png
?[36m[info]?[0m [phantom] Capture saved to /Users/zpeugh/code/min/scripts/flowdocument/pngs/Lock Project.png
Captured action: Lock Projectvalue: 73177
?[36m[info]?[0m [phantom] Step waitedForJavascript 80/92: done in 65818ms.
?[36m[info]?[0m [phantom] Step changeOnClickValue 81/92 https://www.spidasoftware.com/projectmanager/flow/edit/73090# (HTTP 200)
?[36m[info]?[0m [phantom] Step changeOnClickValue 81/92: done in 65820ms.
?[36m[info]?[0m [phantom] Step _step 82/92 https://www.spidasoftware.com/projectmanager/flow/edit/73090# (HTTP 200)
?[36m[info]?[0m [phantom] Step _step 82/92: done in 65892ms.
?[36m[info]?[0m [phantom] wait() finished waiting for 2000ms.
?[36m[info]?[0m [phantom] Step _step 83/93 https://www.spidasoftware.com/projectmanager/flow/edit/73090# (HTTP 200)
?[36m[info]?[0m [phantom] Step _step 83/93: done in 67902ms.
?[36m[info]?[0m [phantom] waitFor() finished in 41ms.
?[36m[info]?[0m [phantom] Step waitedForJavascript 84/94 https://www.spidasoftware.com/projectmanager/flow/edit/73090# (HTTP 200)
?[32;1m[debug]?[0m [phantom] Capturing page to /Users/zpeugh/code/min/scripts/flowdocument/pngs/Email: Major Make Ready Required.png
?[36m[info]?[0m [phantom] Capture saved to /Users/zpeugh/code/min/scripts/flowdocument/pngs/Email: Major Make Ready Required.png
Captured action: Email: Major Make Ready Requiredvalue: 73181
?[36m[info]?[0m [phantom] Step waitedForJavascript 84/94: done in 68277ms.
?[36m[info]?[0m [phantom] Step changeOnClickValue 85/94 https://www.spidasoftware.com/projectmanager/flow/edit/73090# (HTTP 200)
?[36m[info]?[0m [phantom] Step changeOnClickValue 85/94: done in 68279ms.
?[36m[info]?[0m [phantom] Step _step 86/94 https://www.spidasoftware.com/projectmanager/flow/edit/73090# (HTTP 200)
?[36m[info]?[0m [phantom] Step _step 86/94: done in 68353ms.
?[36m[info]?[0m [phantom] wait() finished waiting for 2000ms.
?[36m[info]?[0m [phantom] Step _step 87/95 https://www.spidasoftware.com/projectmanager/flow/edit/73090# (HTTP 200)
?[36m[info]?[0m [phantom] Step _step 87/95: done in 70370ms.
?[36m[info]?[0m [phantom] waitFor() finished in 41ms.
?[36m[info]?[0m [phantom] Step waitedForJavascript 88/96 https://www.spidasoftware.com/projectmanager/flow/edit/73090# (HTTP 200)
?[32;1m[debug]?[0m [phantom] Capturing page to /Users/zpeugh/code/min/scripts/flowdocument/pngs/Email: Construction Corrections Required.png
?[36m[info]?[0m [phantom] Capture saved to /Users/zpeugh/code/min/scripts/flowdocument/pngs/Email: Construction Corrections Required.png
Captured action: Email: Construction Corrections Requiredvalue: 73185
?[36m[info]?[0m [phantom] Step waitedForJavascript 88/96: done in 70744ms.
?[36m[info]?[0m [phantom] Step changeOnClickValue 89/96 https://www.spidasoftware.com/projectmanager/flow/edit/73090# (HTTP 200)
?[36m[info]?[0m [phantom] Step changeOnClickValue 89/96: done in 70746ms.
?[36m[info]?[0m [phantom] Step _step 90/96 https://www.spidasoftware.com/projectmanager/flow/edit/73090# (HTTP 200)
?[36m[info]?[0m [phantom] Step _step 90/96: done in 70821ms.
?[36m[info]?[0m [phantom] wait() finished waiting for 2000ms.
?[36m[info]?[0m [phantom] Step _step 91/97 https://www.spidasoftware.com/projectmanager/flow/edit/73090# (HTTP 200)
?[36m[info]?[0m [phantom] Step _step 91/97: done in 72838ms.
?[36m[info]?[0m [phantom] waitFor() finished in 41ms.
?[36m[info]?[0m [phantom] Step waitedForJavascript 92/98 https://www.spidasoftware.com/projectmanager/flow/edit/73090# (HTTP 200)
?[32;1m[debug]?[0m [phantom] Capturing page to /Users/zpeugh/code/min/scripts/flowdocument/pngs/Email: Minor Make Ready Required.png
?[36m[info]?[0m [phantom] Capture saved to /Users/zpeugh/code/min/scripts/flowdocument/pngs/Email: Minor Make Ready Required.png
Captured action: Email: Minor Make Ready Requiredvalue: 73188
?[36m[info]?[0m [phantom] Step waitedForJavascript 92/98: done in 73213ms.
?[36m[info]?[0m [phantom] Step changeOnClickValue 93/98 https://www.spidasoftware.com/projectmanager/flow/edit/73090# (HTTP 200)
?[36m[info]?[0m [phantom] Step changeOnClickValue 93/98: done in 73215ms.
?[36m[info]?[0m [phantom] Step _step 94/98 https://www.spidasoftware.com/projectmanager/flow/edit/73090# (HTTP 200)
?[36m[info]?[0m [phantom] Step _step 94/98: done in 73289ms.
?[36m[info]?[0m [phantom] wait() finished waiting for 2000ms.
?[36m[info]?[0m [phantom] Step _step 95/99 https://www.spidasoftware.com/projectmanager/flow/edit/73090# (HTTP 200)
?[36m[info]?[0m [phantom] Step _step 95/99: done in 75292ms.
?[36m[info]?[0m [phantom] waitFor() finished in 41ms.
?[36m[info]?[0m [phantom] Step waitedForJavascript 96/100 https://www.spidasoftware.com/projectmanager/flow/edit/73090# (HTTP 200)
?[32;1m[debug]?[0m [phantom] Capturing page to /Users/zpeugh/code/min/scripts/flowdocument/pngs/Email: Project Accepted.png
?[36m[info]?[0m [phantom] Capture saved to /Users/zpeugh/code/min/scripts/flowdocument/pngs/Email: Project Accepted.png
Captured action: Email: Project Acceptedvalue: 73178
?[36m[info]?[0m [phantom] Step waitedForJavascript 96/100: done in 75663ms.
?[36m[info]?[0m [phantom] Step changeOnClickValue 97/100 https://www.spidasoftware.com/projectmanager/flow/edit/73090# (HTTP 200)
?[36m[info]?[0m [phantom] Step changeOnClickValue 97/100: done in 75665ms.
?[36m[info]?[0m [phantom] Step _step 98/100 https://www.spidasoftware.com/projectmanager/flow/edit/73090# (HTTP 200)
?[36m[info]?[0m [phantom] Step _step 98/100: done in 75738ms.
?[36m[info]?[0m [phantom] wait() finished waiting for 2000ms.
?[36m[info]?[0m [phantom] Step _step 99/101 https://www.spidasoftware.com/projectmanager/flow/edit/73090# (HTTP 200)
?[36m[info]?[0m [phantom] Step _step 99/101: done in 77754ms.
?[36m[info]?[0m [phantom] waitFor() finished in 40ms.
?[36m[info]?[0m [phantom] Step waitedForJavascript 100/102 https://www.spidasoftware.com/projectmanager/flow/edit/73090# (HTTP 200)
?[32;1m[debug]?[0m [phantom] Capturing page to /Users/zpeugh/code/min/scripts/flowdocument/pngs/Email: Pole Details Require Corrections.png
?[36m[info]?[0m [phantom] Capture saved to /Users/zpeugh/code/min/scripts/flowdocument/pngs/Email: Pole Details Require Corrections.png
Captured action: Email: Pole Details Require Correctionsvalue: 73108
?[36m[info]?[0m [phantom] Step waitedForJavascript 100/102: done in 78128ms.
?[36m[info]?[0m [phantom] Step changeOnClickValue 101/102 https://www.spidasoftware.com/projectmanager/flow/edit/73090# (HTTP 200)
?[36m[info]?[0m [phantom] Step changeOnClickValue 101/102: done in 78130ms.
?[36m[info]?[0m [phantom] Step _step 102/102 https://www.spidasoftware.com/projectmanager/flow/edit/73090# (HTTP 200)
?[36m[info]?[0m [phantom] Step _step 102/102: done in 78202ms.
?[36m[info]?[0m [phantom] wait() finished waiting for 2000ms.
?[36m[info]?[0m [phantom] Step _step 103/103 https://www.spidasoftware.com/projectmanager/flow/edit/73090# (HTTP 200)
?[36m[info]?[0m [phantom] Step _step 103/103: done in 80207ms.
?[36m[info]?[0m [phantom] waitFor() finished in 42ms.
?[36m[info]?[0m [phantom] Step waitedForJavascript 104/104 https://www.spidasoftware.com/projectmanager/flow/edit/73090# (HTTP 200)
?[32;1m[debug]?[0m [phantom] Capturing page to /Users/zpeugh/code/min/scripts/flowdocument/pngs/Assign Acme EJU Clerk.png
?[36m[info]?[0m [phantom] Capture saved to /Users/zpeugh/code/min/scripts/flowdocument/pngs/Assign Acme EJU Clerk.png
Captured action: Assign Acme EJU Clerkvalue: 79604
?[36m[info]?[0m [phantom] Step waitedForJavascript 104/104: done in 80582ms.
?[36m[info]?[0m [phantom] Done 104 steps in 80583ms
args: Email:~Construction~Corrections~Required Assign~Tech Generate~Calc~File Email:~Minor~Make~Ready~Required Assign~Construction Pole~Forms 45~Day~TPA~Construction~Clock Assign~TPA Email:~TPA~Construction Remove~Time~Markers Pull~Photos~From~Calc Estimate~Process~14~Day~Clock Assign~Billing Email:~Pole~Details~Require~Corrections Assign~Acme~EJU~Clerk Lock~Project Engineering~Review~45~Day~Clock Email:~Project~Accepted Email:~Major~Make~Ready~Required Email:~No~Make~Ready~Work~Required Assign~Engineering
Actions to capture: 
0: Email: Construction Corrections Required
1: Assign Tech
2: Generate Calc File
3: Email: Minor Make Ready Required
4: Assign Construction
5: Pole Forms
6: 45 Day TPA Construction Clock
7: Assign TPA
8: Email: TPA Construction
9: Remove Time Markers
10: Pull Photos From Calc
11: Estimate Process 14 Day Clock
12: Assign Billing
13: Email: Pole Details Require Corrections
14: Assign Acme EJU Clerk
15: Lock Project
16: Engineering Review 45 Day Clock
17: Email: Project Accepted
18: Email: Major Make Ready Required
19: Email: No Make Ready Work Required
20: Assign Engineering
?[36m[info]?[0m [phantom] Starting...
?[36m[info]?[0m [phantom] Execution timeout set to 8000ms
?[36m[info]?[0m [phantom] Running suite: 84 steps
?[32;1m[debug]?[0m [phantom] opening url: file:///Users/zpeugh/code/min/scripts/flowdocument/Resources/actionHtmls/Email: Construction Corrections Required.html, HTTP GET
?[32;1m[debug]?[0m [phantom] Navigation requested: url=file:///Users/zpeugh/code/min/scripts/flowdocument/Resources/actionHtmls/Email: Construction Corrections Required.html, type=Other, willNavigate=true, isMainFrame=true
?[32;1m[debug]?[0m [phantom] url changed to "file:///Users/zpeugh/code/min/scripts/flowdocument/Resources/actionHtmls/Email: Construction Corrections Required.html"
?[32;1m[debug]?[0m [phantom] Successfully injected Casper client-side utilities
?[36m[info]?[0m [phantom] Step anonymous 2/84: done in 149ms.
?[36m[info]?[0m [phantom] Step _step 3/85: done in 174ms.
?[36m[info]?[0m [phantom] waitFor() finished in 47ms.
?[32;1m[debug]?[0m [phantom] Capturing page to /Users/zpeugh/code/min/scripts/flowdocument/Resources/actionHtmls/actionPNGs/Email: Construction Corrections Required.png with clipRect {"top":15,"height":406,"left":62,"width":501}
?[36m[info]?[0m [phantom] Capture saved to /Users/zpeugh/code/min/scripts/flowdocument/Resources/actionHtmls/actionPNGs/Email: Construction Corrections Required.png
?[36m[info]?[0m [phantom] Step anonymous 4/86: done in 341ms.
?[32;1m[debug]?[0m [phantom] opening url: file:///Users/zpeugh/code/min/scripts/flowdocument/Resources/actionHtmls/Assign Tech.html, HTTP GET
?[32;1m[debug]?[0m [phantom] Navigation requested: url=file:///Users/zpeugh/code/min/scripts/flowdocument/Resources/actionHtmls/Assign Tech.html, type=Other, willNavigate=true, isMainFrame=true
?[32;1m[debug]?[0m [phantom] url changed to "file:///Users/zpeugh/code/min/scripts/flowdocument/Resources/actionHtmls/Assign Tech.html"
?[32;1m[debug]?[0m [phantom] Successfully injected Casper client-side utilities
?[36m[info]?[0m [phantom] Step anonymous 6/86: done in 396ms.
?[36m[info]?[0m [phantom] Step _step 7/87: done in 419ms.
?[36m[info]?[0m [phantom] waitFor() finished in 49ms.
?[32;1m[debug]?[0m [phantom] Capturing page to /Users/zpeugh/code/min/scripts/flowdocument/Resources/actionHtmls/actionPNGs/Assign Tech.png with clipRect {"top":15,"height":467,"left":62,"width":501}
?[36m[info]?[0m [phantom] Capture saved to /Users/zpeugh/code/min/scripts/flowdocument/Resources/actionHtmls/actionPNGs/Assign Tech.png
?[36m[info]?[0m [phantom] Step anonymous 8/88: done in 581ms.
?[32;1m[debug]?[0m [phantom] opening url: file:///Users/zpeugh/code/min/scripts/flowdocument/Resources/actionHtmls/Generate Calc File.html, HTTP GET
?[32;1m[debug]?[0m [phantom] Navigation requested: url=file:///Users/zpeugh/code/min/scripts/flowdocument/Resources/actionHtmls/Generate Calc File.html, type=Other, willNavigate=true, isMainFrame=true
?[32;1m[debug]?[0m [phantom] url changed to "file:///Users/zpeugh/code/min/scripts/flowdocument/Resources/actionHtmls/Generate Calc File.html"
?[32;1m[debug]?[0m [phantom] Successfully injected Casper client-side utilities
?[36m[info]?[0m [phantom] Step anonymous 10/88: done in 635ms.
?[36m[info]?[0m [phantom] Step _step 11/89: done in 658ms.
?[36m[info]?[0m [phantom] waitFor() finished in 48ms.
?[32;1m[debug]?[0m [phantom] Capturing page to /Users/zpeugh/code/min/scripts/flowdocument/Resources/actionHtmls/actionPNGs/Generate Calc File.png with clipRect {"top":15,"height":245,"left":62,"width":501}
?[36m[info]?[0m [phantom] Capture saved to /Users/zpeugh/code/min/scripts/flowdocument/Resources/actionHtmls/actionPNGs/Generate Calc File.png
?[36m[info]?[0m [phantom] Step anonymous 12/90: done in 787ms.
?[32;1m[debug]?[0m [phantom] opening url: file:///Users/zpeugh/code/min/scripts/flowdocument/Resources/actionHtmls/Email: Minor Make Ready Required.html, HTTP GET
?[32;1m[debug]?[0m [phantom] Navigation requested: url=file:///Users/zpeugh/code/min/scripts/flowdocument/Resources/actionHtmls/Email: Minor Make Ready Required.html, type=Other, willNavigate=true, isMainFrame=true
?[32;1m[debug]?[0m [phantom] url changed to "file:///Users/zpeugh/code/min/scripts/flowdocument/Resources/actionHtmls/Email: Minor Make Ready Required.html"
?[32;1m[debug]?[0m [phantom] Successfully injected Casper client-side utilities
?[36m[info]?[0m [phantom] Step anonymous 14/90: done in 842ms.
?[36m[info]?[0m [phantom] Step _step 15/91: done in 865ms.
?[36m[info]?[0m [phantom] waitFor() finished in 44ms.
?[32;1m[debug]?[0m [phantom] Capturing page to /Users/zpeugh/code/min/scripts/flowdocument/Resources/actionHtmls/actionPNGs/Email: Minor Make Ready Required.png with clipRect {"top":15,"height":406,"left":62,"width":501}
?[36m[info]?[0m [phantom] Capture saved to /Users/zpeugh/code/min/scripts/flowdocument/Resources/actionHtmls/actionPNGs/Email: Minor Make Ready Required.png
?[36m[info]?[0m [phantom] Step anonymous 16/92: done in 995ms.
?[32;1m[debug]?[0m [phantom] opening url: file:///Users/zpeugh/code/min/scripts/flowdocument/Resources/actionHtmls/Assign Construction.html, HTTP GET
?[32;1m[debug]?[0m [phantom] Navigation requested: url=file:///Users/zpeugh/code/min/scripts/flowdocument/Resources/actionHtmls/Assign Construction.html, type=Other, willNavigate=true, isMainFrame=true
?[32;1m[debug]?[0m [phantom] url changed to "file:///Users/zpeugh/code/min/scripts/flowdocument/Resources/actionHtmls/Assign Construction.html"
?[32;1m[debug]?[0m [phantom] Successfully injected Casper client-side utilities
?[36m[info]?[0m [phantom] Step anonymous 18/92: done in 1050ms.
?[36m[info]?[0m [phantom] Step _step 19/93: done in 1074ms.
?[36m[info]?[0m [phantom] waitFor() finished in 48ms.
?[32;1m[debug]?[0m [phantom] Capturing page to /Users/zpeugh/code/min/scripts/flowdocument/Resources/actionHtmls/actionPNGs/Assign Construction.png with clipRect {"top":15,"height":467,"left":62,"width":501}
?[36m[info]?[0m [phantom] Capture saved to /Users/zpeugh/code/min/scripts/flowdocument/Resources/actionHtmls/actionPNGs/Assign Construction.png
?[36m[info]?[0m [phantom] Step anonymous 20/94: done in 1211ms.
?[32;1m[debug]?[0m [phantom] opening url: file:///Users/zpeugh/code/min/scripts/flowdocument/Resources/actionHtmls/Pole Forms.html, HTTP GET
?[32;1m[debug]?[0m [phantom] Navigation requested: url=file:///Users/zpeugh/code/min/scripts/flowdocument/Resources/actionHtmls/Pole Forms.html, type=Other, willNavigate=true, isMainFrame=true
?[32;1m[debug]?[0m [phantom] url changed to "file:///Users/zpeugh/code/min/scripts/flowdocument/Resources/actionHtmls/Pole Forms.html"
?[32;1m[debug]?[0m [phantom] Successfully injected Casper client-side utilities
?[36m[info]?[0m [phantom] Step anonymous 22/94: done in 1266ms.
?[36m[info]?[0m [phantom] Step _step 23/95: done in 1289ms.
?[36m[info]?[0m [phantom] waitFor() finished in 43ms.
?[32;1m[debug]?[0m [phantom] Capturing page to /Users/zpeugh/code/min/scripts/flowdocument/Resources/actionHtmls/actionPNGs/Pole Forms.png with clipRect {"top":15,"height":319,"left":62,"width":501}
?[36m[info]?[0m [phantom] Capture saved to /Users/zpeugh/code/min/scripts/flowdocument/Resources/actionHtmls/actionPNGs/Pole Forms.png
?[36m[info]?[0m [phantom] Step anonymous 24/96: done in 1418ms.
?[32;1m[debug]?[0m [phantom] opening url: file:///Users/zpeugh/code/min/scripts/flowdocument/Resources/actionHtmls/45 Day TPA Construction Clock.html, HTTP GET
?[32;1m[debug]?[0m [phantom] Navigation requested: url=file:///Users/zpeugh/code/min/scripts/flowdocument/Resources/actionHtmls/45 Day TPA Construction Clock.html, type=Other, willNavigate=true, isMainFrame=true
?[32;1m[debug]?[0m [phantom] url changed to "file:///Users/zpeugh/code/min/scripts/flowdocument/Resources/actionHtmls/45 Day TPA Construction Clock.html"
?[32;1m[debug]?[0m [phantom] Successfully injected Casper client-side utilities
?[36m[info]?[0m [phantom] Step anonymous 26/96: done in 1472ms.
?[36m[info]?[0m [phantom] Step _step 27/97: done in 1496ms.
?[36m[info]?[0m [phantom] waitFor() finished in 42ms.
?[32;1m[debug]?[0m [phantom] Capturing page to /Users/zpeugh/code/min/scripts/flowdocument/Resources/actionHtmls/actionPNGs/45 Day TPA Construction Clock.png with clipRect {"top":15,"height":393,"left":62,"width":501}
?[36m[info]?[0m [phantom] Capture saved to /Users/zpeugh/code/min/scripts/flowdocument/Resources/actionHtmls/actionPNGs/45 Day TPA Construction Clock.png
?[36m[info]?[0m [phantom] Step anonymous 28/98: done in 1630ms.
?[32;1m[debug]?[0m [phantom] opening url: file:///Users/zpeugh/code/min/scripts/flowdocument/Resources/actionHtmls/Assign TPA.html, HTTP GET
?[32;1m[debug]?[0m [phantom] Navigation requested: url=file:///Users/zpeugh/code/min/scripts/flowdocument/Resources/actionHtmls/Assign TPA.html, type=Other, willNavigate=true, isMainFrame=true
?[32;1m[debug]?[0m [phantom] url changed to "file:///Users/zpeugh/code/min/scripts/flowdocument/Resources/actionHtmls/Assign TPA.html"
?[32;1m[debug]?[0m [phantom] Successfully injected Casper client-side utilities
?[36m[info]?[0m [phantom] Step anonymous 30/98: done in 1684ms.
?[36m[info]?[0m [phantom] Step _step 31/99: done in 1707ms.
?[36m[info]?[0m [phantom] waitFor() finished in 48ms.
?[32;1m[debug]?[0m [phantom] Capturing page to /Users/zpeugh/code/min/scripts/flowdocument/Resources/actionHtmls/actionPNGs/Assign TPA.png with clipRect {"top":15,"height":393,"left":62,"width":501}
?[36m[info]?[0m [phantom] Capture saved to /Users/zpeugh/code/min/scripts/flowdocument/Resources/actionHtmls/actionPNGs/Assign TPA.png
?[36m[info]?[0m [phantom] Step anonymous 32/100: done in 1843ms.
?[32;1m[debug]?[0m [phantom] opening url: file:///Users/zpeugh/code/min/scripts/flowdocument/Resources/actionHtmls/Email: TPA Construction.html, HTTP GET
?[32;1m[debug]?[0m [phantom] Navigation requested: url=file:///Users/zpeugh/code/min/scripts/flowdocument/Resources/actionHtmls/Email: TPA Construction.html, type=Other, willNavigate=true, isMainFrame=true
?[32;1m[debug]?[0m [phantom] url changed to "file:///Users/zpeugh/code/min/scripts/flowdocument/Resources/actionHtmls/Email: TPA Construction.html"
?[32;1m[debug]?[0m [phantom] Successfully injected Casper client-side utilities
?[36m[info]?[0m [phantom] Step anonymous 34/100: done in 1896ms.
?[36m[info]?[0m [phantom] Step _step 35/101: done in 1918ms.
?[36m[info]?[0m [phantom] waitFor() finished in 47ms.
?[32;1m[debug]?[0m [phantom] Capturing page to /Users/zpeugh/code/min/scripts/flowdocument/Resources/actionHtmls/actionPNGs/Email: TPA Construction.png with clipRect {"top":15,"height":406,"left":62,"width":501}
?[36m[info]?[0m [phantom] Capture saved to /Users/zpeugh/code/min/scripts/flowdocument/Resources/actionHtmls/actionPNGs/Email: TPA Construction.png
?[36m[info]?[0m [phantom] Step anonymous 36/102: done in 2056ms.
?[32;1m[debug]?[0m [phantom] opening url: file:///Users/zpeugh/code/min/scripts/flowdocument/Resources/actionHtmls/Remove Time Markers.html, HTTP GET
?[32;1m[debug]?[0m [phantom] Navigation requested: url=file:///Users/zpeugh/code/min/scripts/flowdocument/Resources/actionHtmls/Remove Time Markers.html, type=Other, willNavigate=true, isMainFrame=true
?[32;1m[debug]?[0m [phantom] url changed to "file:///Users/zpeugh/code/min/scripts/flowdocument/Resources/actionHtmls/Remove Time Markers.html"
?[32;1m[debug]?[0m [phantom] Successfully injected Casper client-side utilities
?[36m[info]?[0m [phantom] Step anonymous 38/102: done in 2108ms.
?[36m[info]?[0m [phantom] Step _step 39/103: done in 2127ms.
?[36m[info]?[0m [phantom] waitFor() finished in 42ms.
?[32;1m[debug]?[0m [phantom] Capturing page to /Users/zpeugh/code/min/scripts/flowdocument/Resources/actionHtmls/actionPNGs/Remove Time Markers.png with clipRect {"top":15,"height":171,"left":62,"width":501}
?[36m[info]?[0m [phantom] Capture saved to /Users/zpeugh/code/min/scripts/flowdocument/Resources/actionHtmls/actionPNGs/Remove Time Markers.png
?[36m[info]?[0m [phantom] Step anonymous 40/104: done in 2246ms.
?[32;1m[debug]?[0m [phantom] opening url: file:///Users/zpeugh/code/min/scripts/flowdocument/Resources/actionHtmls/Pull Photos From Calc.html, HTTP GET
?[32;1m[debug]?[0m [phantom] Navigation requested: url=file:///Users/zpeugh/code/min/scripts/flowdocument/Resources/actionHtmls/Pull Photos From Calc.html, type=Other, willNavigate=true, isMainFrame=true
?[32;1m[debug]?[0m [phantom] url changed to "file:///Users/zpeugh/code/min/scripts/flowdocument/Resources/actionHtmls/Pull Photos From Calc.html"
?[32;1m[debug]?[0m [phantom] Successfully injected Casper client-side utilities
?[36m[info]?[0m [phantom] Step anonymous 42/104: done in 2301ms.
?[36m[info]?[0m [phantom] Step _step 43/105: done in 2324ms.
?[36m[info]?[0m [phantom] waitFor() finished in 46ms.
?[32;1m[debug]?[0m [phantom] Capturing page to /Users/zpeugh/code/min/scripts/flowdocument/Resources/actionHtmls/actionPNGs/Pull Photos From Calc.png with clipRect {"top":15,"height":171,"left":62,"width":501}
?[36m[info]?[0m [phantom] Capture saved to /Users/zpeugh/code/min/scripts/flowdocument/Resources/actionHtmls/actionPNGs/Pull Photos From Calc.png
?[36m[info]?[0m [phantom] Step anonymous 44/106: done in 2445ms.
?[32;1m[debug]?[0m [phantom] opening url: file:///Users/zpeugh/code/min/scripts/flowdocument/Resources/actionHtmls/Estimate Process 14 Day Clock.html, HTTP GET
?[32;1m[debug]?[0m [phantom] Navigation requested: url=file:///Users/zpeugh/code/min/scripts/flowdocument/Resources/actionHtmls/Estimate Process 14 Day Clock.html, type=Other, willNavigate=true, isMainFrame=true
?[32;1m[debug]?[0m [phantom] url changed to "file:///Users/zpeugh/code/min/scripts/flowdocument/Resources/actionHtmls/Estimate Process 14 Day Clock.html"
?[32;1m[debug]?[0m [phantom] Successfully injected Casper client-side utilities
?[36m[info]?[0m [phantom] Step anonymous 46/106: done in 2499ms.
?[36m[info]?[0m [phantom] Step _step 47/107: done in 2521ms.
?[36m[info]?[0m [phantom] waitFor() finished in 44ms.
?[32;1m[debug]?[0m [phantom] Capturing page to /Users/zpeugh/code/min/scripts/flowdocument/Resources/actionHtmls/actionPNGs/Estimate Process 14 Day Clock.png with clipRect {"top":15,"height":393,"left":62,"width":501}
?[36m[info]?[0m [phantom] Capture saved to /Users/zpeugh/code/min/scripts/flowdocument/Resources/actionHtmls/actionPNGs/Estimate Process 14 Day Clock.png
?[36m[info]?[0m [phantom] Step anonymous 48/108: done in 2656ms.
?[32;1m[debug]?[0m [phantom] opening url: file:///Users/zpeugh/code/min/scripts/flowdocument/Resources/actionHtmls/Assign Billing.html, HTTP GET
?[32;1m[debug]?[0m [phantom] Navigation requested: url=file:///Users/zpeugh/code/min/scripts/flowdocument/Resources/actionHtmls/Assign Billing.html, type=Other, willNavigate=true, isMainFrame=true
?[32;1m[debug]?[0m [phantom] url changed to "file:///Users/zpeugh/code/min/scripts/flowdocument/Resources/actionHtmls/Assign Billing.html"
?[32;1m[debug]?[0m [phantom] Successfully injected Casper client-side utilities
?[36m[info]?[0m [phantom] Step anonymous 50/108: done in 2710ms.
?[36m[info]?[0m [phantom] Step _step 51/109: done in 2734ms.
?[36m[info]?[0m [phantom] waitFor() finished in 47ms.
?[32;1m[debug]?[0m [phantom] Capturing page to /Users/zpeugh/code/min/scripts/flowdocument/Resources/actionHtmls/actionPNGs/Assign Billing.png with clipRect {"top":15,"height":467,"left":62,"width":501}
?[36m[info]?[0m [phantom] Capture saved to /Users/zpeugh/code/min/scripts/flowdocument/Resources/actionHtmls/actionPNGs/Assign Billing.png
?[36m[info]?[0m [phantom] Step anonymous 52/110: done in 2873ms.
?[32;1m[debug]?[0m [phantom] opening url: file:///Users/zpeugh/code/min/scripts/flowdocument/Resources/actionHtmls/Email: Pole Details Require Corrections.html, HTTP GET
?[32;1m[debug]?[0m [phantom] Navigation requested: url=file:///Users/zpeugh/code/min/scripts/flowdocument/Resources/actionHtmls/Email: Pole Details Require Corrections.html, type=Other, willNavigate=true, isMainFrame=true
?[32;1m[debug]?[0m [phantom] url changed to "file:///Users/zpeugh/code/min/scripts/flowdocument/Resources/actionHtmls/Email: Pole Details Require Corrections.html"
?[32;1m[debug]?[0m [phantom] Successfully injected Casper client-side utilities
?[36m[info]?[0m [phantom] Step anonymous 54/110: done in 2927ms.
?[36m[info]?[0m [phantom] Step _step 55/111: done in 2950ms.
?[36m[info]?[0m [phantom] waitFor() finished in 47ms.
?[32;1m[debug]?[0m [phantom] Capturing page to /Users/zpeugh/code/min/scripts/flowdocument/Resources/actionHtmls/actionPNGs/Email: Pole Details Require Corrections.png with clipRect {"top":15,"height":406,"left":62,"width":501}
?[36m[info]?[0m [phantom] Capture saved to /Users/zpeugh/code/min/scripts/flowdocument/Resources/actionHtmls/actionPNGs/Email: Pole Details Require Corrections.png
?[36m[info]?[0m [phantom] Step anonymous 56/112: done in 3087ms.
?[32;1m[debug]?[0m [phantom] opening url: file:///Users/zpeugh/code/min/scripts/flowdocument/Resources/actionHtmls/Assign Acme EJU Clerk.html, HTTP GET
?[32;1m[debug]?[0m [phantom] Navigation requested: url=file:///Users/zpeugh/code/min/scripts/flowdocument/Resources/actionHtmls/Assign Acme EJU Clerk.html, type=Other, willNavigate=true, isMainFrame=true
?[32;1m[debug]?[0m [phantom] url changed to "file:///Users/zpeugh/code/min/scripts/flowdocument/Resources/actionHtmls/Assign Acme EJU Clerk.html"
?[32;1m[debug]?[0m [phantom] Successfully injected Casper client-side utilities
?[36m[info]?[0m [phantom] Step anonymous 58/112: done in 3138ms.
?[36m[info]?[0m [phantom] Step _step 59/113: done in 3158ms.
?[36m[info]?[0m [phantom] waitFor() finished in 45ms.
?[32;1m[debug]?[0m [phantom] Capturing page to /Users/zpeugh/code/min/scripts/flowdocument/Resources/actionHtmls/actionPNGs/Assign Acme EJU Clerk.png with clipRect {"top":15,"height":467,"left":62,"width":501}
?[36m[info]?[0m [phantom] Capture saved to /Users/zpeugh/code/min/scripts/flowdocument/Resources/actionHtmls/actionPNGs/Assign Acme EJU Clerk.png
?[36m[info]?[0m [phantom] Step anonymous 60/114: done in 3296ms.
?[32;1m[debug]?[0m [phantom] opening url: file:///Users/zpeugh/code/min/scripts/flowdocument/Resources/actionHtmls/Lock Project.html, HTTP GET
?[32;1m[debug]?[0m [phantom] Navigation requested: url=file:///Users/zpeugh/code/min/scripts/flowdocument/Resources/actionHtmls/Lock Project.html, type=Other, willNavigate=true, isMainFrame=true
?[32;1m[debug]?[0m [phantom] url changed to "file:///Users/zpeugh/code/min/scripts/flowdocument/Resources/actionHtmls/Lock Project.html"
?[32;1m[debug]?[0m [phantom] Successfully injected Casper client-side utilities
?[36m[info]?[0m [phantom] Step anonymous 62/114: done in 3351ms.
?[36m[info]?[0m [phantom] Step _step 63/115: done in 3374ms.
?[36m[info]?[0m [phantom] waitFor() finished in 43ms.
?[32;1m[debug]?[0m [phantom] Capturing page to /Users/zpeugh/code/min/scripts/flowdocument/Resources/actionHtmls/actionPNGs/Lock Project.png with clipRect {"top":15,"height":245,"left":62,"width":501}
?[36m[info]?[0m [phantom] Capture saved to /Users/zpeugh/code/min/scripts/flowdocument/Resources/actionHtmls/actionPNGs/Lock Project.png
?[36m[info]?[0m [phantom] Step anonymous 64/116: done in 3498ms.
?[32;1m[debug]?[0m [phantom] opening url: file:///Users/zpeugh/code/min/scripts/flowdocument/Resources/actionHtmls/Engineering Review 45 Day Clock.html, HTTP GET
?[32;1m[debug]?[0m [phantom] Navigation requested: url=file:///Users/zpeugh/code/min/scripts/flowdocument/Resources/actionHtmls/Engineering Review 45 Day Clock.html, type=Other, willNavigate=true, isMainFrame=true
?[32;1m[debug]?[0m [phantom] url changed to "file:///Users/zpeugh/code/min/scripts/flowdocument/Resources/actionHtmls/Engineering Review 45 Day Clock.html"
?[32;1m[debug]?[0m [phantom] Successfully injected Casper client-side utilities
?[36m[info]?[0m [phantom] Step anonymous 66/116: done in 3557ms.
?[36m[info]?[0m [phantom] Step _step 67/117: done in 3581ms.
?[36m[info]?[0m [phantom] waitFor() finished in 44ms.
?[32;1m[debug]?[0m [phantom] Capturing page to /Users/zpeugh/code/min/scripts/flowdocument/Resources/actionHtmls/actionPNGs/Engineering Review 45 Day Clock.png with clipRect {"top":15,"height":393,"left":62,"width":501}
?[36m[info]?[0m [phantom] Capture saved to /Users/zpeugh/code/min/scripts/flowdocument/Resources/actionHtmls/actionPNGs/Engineering Review 45 Day Clock.png
?[36m[info]?[0m [phantom] Step anonymous 68/118: done in 3717ms.
?[32;1m[debug]?[0m [phantom] opening url: file:///Users/zpeugh/code/min/scripts/flowdocument/Resources/actionHtmls/Email: Project Accepted.html, HTTP GET
?[32;1m[debug]?[0m [phantom] Navigation requested: url=file:///Users/zpeugh/code/min/scripts/flowdocument/Resources/actionHtmls/Email: Project Accepted.html, type=Other, willNavigate=true, isMainFrame=true
?[32;1m[debug]?[0m [phantom] url changed to "file:///Users/zpeugh/code/min/scripts/flowdocument/Resources/actionHtmls/Email: Project Accepted.html"
?[32;1m[debug]?[0m [phantom] Successfully injected Casper client-side utilities
?[36m[info]?[0m [phantom] Step anonymous 70/118: done in 3771ms.
?[36m[info]?[0m [phantom] Step _step 71/119: done in 3794ms.
?[36m[info]?[0m [phantom] waitFor() finished in 43ms.
?[32;1m[debug]?[0m [phantom] Capturing page to /Users/zpeugh/code/min/scripts/flowdocument/Resources/actionHtmls/actionPNGs/Email: Project Accepted.png with clipRect {"top":15,"height":406,"left":62,"width":501}
?[36m[info]?[0m [phantom] Capture saved to /Users/zpeugh/code/min/scripts/flowdocument/Resources/actionHtmls/actionPNGs/Email: Project Accepted.png
?[36m[info]?[0m [phantom] Step anonymous 72/120: done in 3930ms.
?[32;1m[debug]?[0m [phantom] opening url: file:///Users/zpeugh/code/min/scripts/flowdocument/Resources/actionHtmls/Email: Major Make Ready Required.html, HTTP GET
?[32;1m[debug]?[0m [phantom] Navigation requested: url=file:///Users/zpeugh/code/min/scripts/flowdocument/Resources/actionHtmls/Email: Major Make Ready Required.html, type=Other, willNavigate=true, isMainFrame=true
?[32;1m[debug]?[0m [phantom] url changed to "file:///Users/zpeugh/code/min/scripts/flowdocument/Resources/actionHtmls/Email: Major Make Ready Required.html"
?[32;1m[debug]?[0m [phantom] Successfully injected Casper client-side utilities
?[36m[info]?[0m [phantom] Step anonymous 74/120: done in 3981ms.
?[36m[info]?[0m [phantom] Step _step 75/121: done in 4002ms.
?[36m[info]?[0m [phantom] waitFor() finished in 47ms.
?[32;1m[debug]?[0m [phantom] Capturing page to /Users/zpeugh/code/min/scripts/flowdocument/Resources/actionHtmls/actionPNGs/Email: Major Make Ready Required.png with clipRect {"top":15,"height":406,"left":62,"width":501}
?[36m[info]?[0m [phantom] Capture saved to /Users/zpeugh/code/min/scripts/flowdocument/Resources/actionHtmls/actionPNGs/Email: Major Make Ready Required.png
?[36m[info]?[0m [phantom] Step anonymous 76/122: done in 4139ms.
?[32;1m[debug]?[0m [phantom] opening url: file:///Users/zpeugh/code/min/scripts/flowdocument/Resources/actionHtmls/Email: No Make Ready Work Required.html, HTTP GET
?[32;1m[debug]?[0m [phantom] Navigation requested: url=file:///Users/zpeugh/code/min/scripts/flowdocument/Resources/actionHtmls/Email: No Make Ready Work Required.html, type=Other, willNavigate=true, isMainFrame=true
?[32;1m[debug]?[0m [phantom] url changed to "file:///Users/zpeugh/code/min/scripts/flowdocument/Resources/actionHtmls/Email: No Make Ready Work Required.html"
?[32;1m[debug]?[0m [phantom] Successfully injected Casper client-side utilities
?[36m[info]?[0m [phantom] Step anonymous 78/122: done in 4191ms.
?[36m[info]?[0m [phantom] Step _step 79/123: done in 4215ms.
?[36m[info]?[0m [phantom] waitFor() finished in 46ms.
?[32;1m[debug]?[0m [phantom] Capturing page to /Users/zpeugh/code/min/scripts/flowdocument/Resources/actionHtmls/actionPNGs/Email: No Make Ready Work Required.png with clipRect {"top":15,"height":406,"left":62,"width":501}
?[36m[info]?[0m [phantom] Capture saved to /Users/zpeugh/code/min/scripts/flowdocument/Resources/actionHtmls/actionPNGs/Email: No Make Ready Work Required.png
?[36m[info]?[0m [phantom] Step anonymous 80/124: done in 4351ms.
?[32;1m[debug]?[0m [phantom] opening url: file:///Users/zpeugh/code/min/scripts/flowdocument/Resources/actionHtmls/Assign Engineering.html, HTTP GET
?[32;1m[debug]?[0m [phantom] Navigation requested: url=file:///Users/zpeugh/code/min/scripts/flowdocument/Resources/actionHtmls/Assign Engineering.html, type=Other, willNavigate=true, isMainFrame=true
?[32;1m[debug]?[0m [phantom] url changed to "file:///Users/zpeugh/code/min/scripts/flowdocument/Resources/actionHtmls/Assign Engineering.html"
?[32;1m[debug]?[0m [phantom] Successfully injected Casper client-side utilities
?[36m[info]?[0m [phantom] Step anonymous 82/124: done in 4403ms.
?[36m[info]?[0m [phantom] Step _step 83/125: done in 4427ms.
?[36m[info]?[0m [phantom] waitFor() finished in 48ms.
?[32;1m[debug]?[0m [phantom] Capturing page to /Users/zpeugh/code/min/scripts/flowdocument/Resources/actionHtmls/actionPNGs/Assign Engineering.png with clipRect {"top":15,"height":467,"left":62,"width":501}
?[36m[info]?[0m [phantom] Capture saved to /Users/zpeugh/code/min/scripts/flowdocument/Resources/actionHtmls/actionPNGs/Assign Engineering.png
?[36m[info]?[0m [phantom] Step anonymous 84/126: done in 4565ms.
?[32;1m[debug]?[0m [phantom] opening url: file:///Users/zpeugh/code/min/scripts/flowdocument/Resources/actionHtmls/Email: Construction Corrections Required.html, HTTP GET
?[32;1m[debug]?[0m [phantom] Navigation requested: url=file:///Users/zpeugh/code/min/scripts/flowdocument/Resources/actionHtmls/Email: Construction Corrections Required.html, type=Other, willNavigate=true, isMainFrame=true
?[32;1m[debug]?[0m [phantom] url changed to "file:///Users/zpeugh/code/min/scripts/flowdocument/Resources/actionHtmls/Email: Construction Corrections Required.html"
?[32;1m[debug]?[0m [phantom] Successfully injected Casper client-side utilities
?[36m[info]?[0m [phantom] Step anonymous 86/126: done in 4620ms.
?[32;1m[debug]?[0m [phantom] opening url: file:///Users/zpeugh/code/min/scripts/flowdocument/Resources/actionHtmls/Email: Construction Corrections Required.html, HTTP GET
?[32;1m[debug]?[0m [phantom] Navigation requested: url=file:///Users/zpeugh/code/min/scripts/flowdocument/Resources/actionHtmls/Email: Construction Corrections Required.html, type=Other, willNavigate=true, isMainFrame=true
?[32;1m[debug]?[0m [phantom] url changed to "file:///Users/zpeugh/code/min/scripts/flowdocument/Resources/actionHtmls/Email: Construction Corrections Required.html"
?[32;1m[debug]?[0m [phantom] Successfully injected Casper client-side utilities
?[36m[info]?[0m [phantom] Step anonymous 88/128: done in 4694ms.
?[32;1m[debug]?[0m [phantom] opening url: file:///Users/zpeugh/code/min/scripts/flowdocument/Resources/actionHtmls/Assign Tech.html, HTTP GET
?[32;1m[debug]?[0m [phantom] Navigation requested: url=file:///Users/zpeugh/code/min/scripts/flowdocument/Resources/actionHtmls/Assign Tech.html, type=Other, willNavigate=true, isMainFrame=true
?[32;1m[debug]?[0m [phantom] url changed to "file:///Users/zpeugh/code/min/scripts/flowdocument/Resources/actionHtmls/Assign Tech.html"
?[32;1m[debug]?[0m [phantom] Successfully injected Casper client-side utilities
?[36m[info]?[0m [phantom] Step anonymous 90/128: done in 4771ms.
?[32;1m[debug]?[0m [phantom] opening url: file:///Users/zpeugh/code/min/scripts/flowdocument/Resources/actionHtmls/Assign Tech.html, HTTP GET
?[32;1m[debug]?[0m [phantom] Navigation requested: url=file:///Users/zpeugh/code/min/scripts/flowdocument/Resources/actionHtmls/Assign Tech.html, type=Other, willNavigate=true, isMainFrame=true
?[32;1m[debug]?[0m [phantom] url changed to "file:///Users/zpeugh/code/min/scripts/flowdocument/Resources/actionHtmls/Assign Tech.html"
?[32;1m[debug]?[0m [phantom] Successfully injected Casper client-side utilities
?[36m[info]?[0m [phantom] Step anonymous 92/130: done in 4843ms.
?[32;1m[debug]?[0m [phantom] opening url: file:///Users/zpeugh/code/min/scripts/flowdocument/Resources/actionHtmls/Generate Calc File.html, HTTP GET
?[32;1m[debug]?[0m [phantom] Navigation requested: url=file:///Users/zpeugh/code/min/scripts/flowdocument/Resources/actionHtmls/Generate Calc File.html, type=Other, willNavigate=true, isMainFrame=true
?[32;1m[debug]?[0m [phantom] url changed to "file:///Users/zpeugh/code/min/scripts/flowdocument/Resources/actionHtmls/Generate Calc File.html"
?[32;1m[debug]?[0m [phantom] Successfully injected Casper client-side utilities
?[36m[info]?[0m [phantom] Step anonymous 94/130: done in 4919ms.
?[32;1m[debug]?[0m [phantom] opening url: file:///Users/zpeugh/code/min/scripts/flowdocument/Resources/actionHtmls/Generate Calc File.html, HTTP GET
?[32;1m[debug]?[0m [phantom] Navigation requested: url=file:///Users/zpeugh/code/min/scripts/flowdocument/Resources/actionHtmls/Generate Calc File.html, type=Other, willNavigate=true, isMainFrame=true
?[32;1m[debug]?[0m [phantom] url changed to "file:///Users/zpeugh/code/min/scripts/flowdocument/Resources/actionHtmls/Generate Calc File.html"
?[32;1m[debug]?[0m [phantom] Successfully injected Casper client-side utilities
?[36m[info]?[0m [phantom] Step anonymous 96/132: done in 4996ms.
?[32;1m[debug]?[0m [phantom] opening url: file:///Users/zpeugh/code/min/scripts/flowdocument/Resources/actionHtmls/Email: Minor Make Ready Required.html, HTTP GET
?[32;1m[debug]?[0m [phantom] Navigation requested: url=file:///Users/zpeugh/code/min/scripts/flowdocument/Resources/actionHtmls/Email: Minor Make Ready Required.html, type=Other, willNavigate=true, isMainFrame=true
?[32;1m[debug]?[0m [phantom] url changed to "file:///Users/zpeugh/code/min/scripts/flowdocument/Resources/actionHtmls/Email: Minor Make Ready Required.html"
?[32;1m[debug]?[0m [phantom] Successfully injected Casper client-side utilities
?[36m[info]?[0m [phantom] Step anonymous 98/132: done in 5070ms.
?[32;1m[debug]?[0m [phantom] opening url: file:///Users/zpeugh/code/min/scripts/flowdocument/Resources/actionHtmls/Email: Minor Make Ready Required.html, HTTP GET
?[32;1m[debug]?[0m [phantom] Navigation requested: url=file:///Users/zpeugh/code/min/scripts/flowdocument/Resources/actionHtmls/Email: Minor Make Ready Required.html, type=Other, willNavigate=true, isMainFrame=true
?[32;1m[debug]?[0m [phantom] url changed to "file:///Users/zpeugh/code/min/scripts/flowdocument/Resources/actionHtmls/Email: Minor Make Ready Required.html"
?[32;1m[debug]?[0m [phantom] Successfully injected Casper client-side utilities
?[36m[info]?[0m [phantom] Step anonymous 100/134: done in 5144ms.
?[32;1m[debug]?[0m [phantom] opening url: file:///Users/zpeugh/code/min/scripts/flowdocument/Resources/actionHtmls/Assign Construction.html, HTTP GET
?[32;1m[debug]?[0m [phantom] Navigation requested: url=file:///Users/zpeugh/code/min/scripts/flowdocument/Resources/actionHtmls/Assign Construction.html, type=Other, willNavigate=true, isMainFrame=true
?[32;1m[debug]?[0m [phantom] url changed to "file:///Users/zpeugh/code/min/scripts/flowdocument/Resources/actionHtmls/Assign Construction.html"
?[32;1m[debug]?[0m [phantom] Successfully injected Casper client-side utilities
?[36m[info]?[0m [phantom] Step anonymous 102/134: done in 5218ms.
?[32;1m[debug]?[0m [phantom] opening url: file:///Users/zpeugh/code/min/scripts/flowdocument/Resources/actionHtmls/Assign Construction.html, HTTP GET
?[32;1m[debug]?[0m [phantom] Navigation requested: url=file:///Users/zpeugh/code/min/scripts/flowdocument/Resources/actionHtmls/Assign Construction.html, type=Other, willNavigate=true, isMainFrame=true
?[32;1m[debug]?[0m [phantom] url changed to "file:///Users/zpeugh/code/min/scripts/flowdocument/Resources/actionHtmls/Assign Construction.html"
?[32;1m[debug]?[0m [phantom] Successfully injected Casper client-side utilities
?[36m[info]?[0m [phantom] Step anonymous 104/136: done in 5296ms.
?[32;1m[debug]?[0m [phantom] opening url: file:///Users/zpeugh/code/min/scripts/flowdocument/Resources/actionHtmls/Pole Forms.html, HTTP GET
?[32;1m[debug]?[0m [phantom] Navigation requested: url=file:///Users/zpeugh/code/min/scripts/flowdocument/Resources/actionHtmls/Pole Forms.html, type=Other, willNavigate=true, isMainFrame=true
?[32;1m[debug]?[0m [phantom] url changed to "file:///Users/zpeugh/code/min/scripts/flowdocument/Resources/actionHtmls/Pole Forms.html"
?[32;1m[debug]?[0m [phantom] Successfully injected Casper client-side utilities
?[36m[info]?[0m [phantom] Step anonymous 106/136: done in 5371ms.
?[32;1m[debug]?[0m [phantom] opening url: file:///Users/zpeugh/code/min/scripts/flowdocument/Resources/actionHtmls/Pole Forms.html, HTTP GET
?[32;1m[debug]?[0m [phantom] Navigation requested: url=file:///Users/zpeugh/code/min/scripts/flowdocument/Resources/actionHtmls/Pole Forms.html, type=Other, willNavigate=true, isMainFrame=true
?[32;1m[debug]?[0m [phantom] url changed to "file:///Users/zpeugh/code/min/scripts/flowdocument/Resources/actionHtmls/Pole Forms.html"
?[32;1m[debug]?[0m [phantom] Successfully injected Casper client-side utilities
?[36m[info]?[0m [phantom] Step anonymous 108/138: done in 5448ms.
?[32;1m[debug]?[0m [phantom] opening url: file:///Users/zpeugh/code/min/scripts/flowdocument/Resources/actionHtmls/45 Day TPA Construction Clock.html, HTTP GET
?[32;1m[debug]?[0m [phantom] Navigation requested: url=file:///Users/zpeugh/code/min/scripts/flowdocument/Resources/actionHtmls/45 Day TPA Construction Clock.html, type=Other, willNavigate=true, isMainFrame=true
?[32;1m[debug]?[0m [phantom] url changed to "file:///Users/zpeugh/code/min/scripts/flowdocument/Resources/actionHtmls/45 Day TPA Construction Clock.html"
?[32;1m[debug]?[0m [phantom] Successfully injected Casper client-side utilities
?[36m[info]?[0m [phantom] Step anonymous 110/138: done in 5527ms.
?[32;1m[debug]?[0m [phantom] opening url: file:///Users/zpeugh/code/min/scripts/flowdocument/Resources/actionHtmls/45 Day TPA Construction Clock.html, HTTP GET
?[32;1m[debug]?[0m [phantom] Navigation requested: url=file:///Users/zpeugh/code/min/scripts/flowdocument/Resources/actionHtmls/45 Day TPA Construction Clock.html, type=Other, willNavigate=true, isMainFrame=true
?[32;1m[debug]?[0m [phantom] url changed to "file:///Users/zpeugh/code/min/scripts/flowdocument/Resources/actionHtmls/45 Day TPA Construction Clock.html"
?[32;1m[debug]?[0m [phantom] Successfully injected Casper client-side utilities
?[36m[info]?[0m [phantom] Step anonymous 112/140: done in 5605ms.
?[32;1m[debug]?[0m [phantom] opening url: file:///Users/zpeugh/code/min/scripts/flowdocument/Resources/actionHtmls/Assign TPA.html, HTTP GET
?[32;1m[debug]?[0m [phantom] Navigation requested: url=file:///Users/zpeugh/code/min/scripts/flowdocument/Resources/actionHtmls/Assign TPA.html, type=Other, willNavigate=true, isMainFrame=true
?[32;1m[debug]?[0m [phantom] url changed to "file:///Users/zpeugh/code/min/scripts/flowdocument/Resources/actionHtmls/Assign TPA.html"
?[32;1m[debug]?[0m [phantom] Successfully injected Casper client-side utilities
?[36m[info]?[0m [phantom] Step anonymous 114/140: done in 5676ms.
?[32;1m[debug]?[0m [phantom] opening url: file:///Users/zpeugh/code/min/scripts/flowdocument/Resources/actionHtmls/Assign TPA.html, HTTP GET
?[32;1m[debug]?[0m [phantom] Navigation requested: url=file:///Users/zpeugh/code/min/scripts/flowdocument/Resources/actionHtmls/Assign TPA.html, type=Other, willNavigate=true, isMainFrame=true
?[32;1m[debug]?[0m [phantom] url changed to "file:///Users/zpeugh/code/min/scripts/flowdocument/Resources/actionHtmls/Assign TPA.html"
?[32;1m[debug]?[0m [phantom] Successfully injected Casper client-side utilities
?[36m[info]?[0m [phantom] Step anonymous 116/142: done in 5752ms.
?[32;1m[debug]?[0m [phantom] opening url: file:///Users/zpeugh/code/min/scripts/flowdocument/Resources/actionHtmls/Email: TPA Construction.html, HTTP GET
?[32;1m[debug]?[0m [phantom] Navigation requested: url=file:///Users/zpeugh/code/min/scripts/flowdocument/Resources/actionHtmls/Email: TPA Construction.html, type=Other, willNavigate=true, isMainFrame=true
?[32;1m[debug]?[0m [phantom] url changed to "file:///Users/zpeugh/code/min/scripts/flowdocument/Resources/actionHtmls/Email: TPA Construction.html"
?[32;1m[debug]?[0m [phantom] Successfully injected Casper client-side utilities
?[36m[info]?[0m [phantom] Step anonymous 118/142: done in 5827ms.
?[32;1m[debug]?[0m [phantom] opening url: file:///Users/zpeugh/code/min/scripts/flowdocument/Resources/actionHtmls/Email: TPA Construction.html, HTTP GET
?[32;1m[debug]?[0m [phantom] Navigation requested: url=file:///Users/zpeugh/code/min/scripts/flowdocument/Resources/actionHtmls/Email: TPA Construction.html, type=Other, willNavigate=true, isMainFrame=true
?[32;1m[debug]?[0m [phantom] url changed to "file:///Users/zpeugh/code/min/scripts/flowdocument/Resources/actionHtmls/Email: TPA Construction.html"
?[32;1m[debug]?[0m [phantom] Successfully injected Casper client-side utilities
?[36m[info]?[0m [phantom] Step anonymous 120/144: done in 5902ms.
?[32;1m[debug]?[0m [phantom] opening url: file:///Users/zpeugh/code/min/scripts/flowdocument/Resources/actionHtmls/Remove Time Markers.html, HTTP GET
?[32;1m[debug]?[0m [phantom] Navigation requested: url=file:///Users/zpeugh/code/min/scripts/flowdocument/Resources/actionHtmls/Remove Time Markers.html, type=Other, willNavigate=true, isMainFrame=true
?[32;1m[debug]?[0m [phantom] url changed to "file:///Users/zpeugh/code/min/scripts/flowdocument/Resources/actionHtmls/Remove Time Markers.html"
?[32;1m[debug]?[0m [phantom] Successfully injected Casper client-side utilities
?[36m[info]?[0m [phantom] Step anonymous 122/144: done in 5972ms.
?[32;1m[debug]?[0m [phantom] opening url: file:///Users/zpeugh/code/min/scripts/flowdocument/Resources/actionHtmls/Remove Time Markers.html, HTTP GET
?[32;1m[debug]?[0m [phantom] Navigation requested: url=file:///Users/zpeugh/code/min/scripts/flowdocument/Resources/actionHtmls/Remove Time Markers.html, type=Other, willNavigate=true, isMainFrame=true
?[32;1m[debug]?[0m [phantom] url changed to "file:///Users/zpeugh/code/min/scripts/flowdocument/Resources/actionHtmls/Remove Time Markers.html"
?[32;1m[debug]?[0m [phantom] Successfully injected Casper client-side utilities
?[36m[info]?[0m [phantom] Step anonymous 124/146: done in 6045ms.
?[32;1m[debug]?[0m [phantom] opening url: file:///Users/zpeugh/code/min/scripts/flowdocument/Resources/actionHtmls/Pull Photos From Calc.html, HTTP GET
?[32;1m[debug]?[0m [phantom] Navigation requested: url=file:///Users/zpeugh/code/min/scripts/flowdocument/Resources/actionHtmls/Pull Photos From Calc.html, type=Other, willNavigate=true, isMainFrame=true
?[32;1m[debug]?[0m [phantom] url changed to "file:///Users/zpeugh/code/min/scripts/flowdocument/Resources/actionHtmls/Pull Photos From Calc.html"
?[32;1m[debug]?[0m [phantom] Successfully injected Casper client-side utilities
?[36m[info]?[0m [phantom] Step anonymous 126/146: done in 6122ms.
?[32;1m[debug]?[0m [phantom] opening url: file:///Users/zpeugh/code/min/scripts/flowdocument/Resources/actionHtmls/Pull Photos From Calc.html, HTTP GET
?[32;1m[debug]?[0m [phantom] Navigation requested: url=file:///Users/zpeugh/code/min/scripts/flowdocument/Resources/actionHtmls/Pull Photos From Calc.html, type=Other, willNavigate=true, isMainFrame=true
?[32;1m[debug]?[0m [phantom] url changed to "file:///Users/zpeugh/code/min/scripts/flowdocument/Resources/actionHtmls/Pull Photos From Calc.html"
?[32;1m[debug]?[0m [phantom] Successfully injected Casper client-side utilities
?[36m[info]?[0m [phantom] Step anonymous 128/148: done in 6198ms.
?[32;1m[debug]?[0m [phantom] opening url: file:///Users/zpeugh/code/min/scripts/flowdocument/Resources/actionHtmls/Estimate Process 14 Day Clock.html, HTTP GET
?[32;1m[debug]?[0m [phantom] Navigation requested: url=file:///Users/zpeugh/code/min/scripts/flowdocument/Resources/actionHtmls/Estimate Process 14 Day Clock.html, type=Other, willNavigate=true, isMainFrame=true
?[32;1m[debug]?[0m [phantom] url changed to "file:///Users/zpeugh/code/min/scripts/flowdocument/Resources/actionHtmls/Estimate Process 14 Day Clock.html"
?[32;1m[debug]?[0m [phantom] Successfully injected Casper client-side utilities
?[36m[info]?[0m [phantom] Step anonymous 130/148: done in 6274ms.
?[32;1m[debug]?[0m [phantom] opening url: file:///Users/zpeugh/code/min/scripts/flowdocument/Resources/actionHtmls/Estimate Process 14 Day Clock.html, HTTP GET
?[32;1m[debug]?[0m [phantom] Navigation requested: url=file:///Users/zpeugh/code/min/scripts/flowdocument/Resources/actionHtmls/Estimate Process 14 Day Clock.html, type=Other, willNavigate=true, isMainFrame=true
?[32;1m[debug]?[0m [phantom] url changed to "file:///Users/zpeugh/code/min/scripts/flowdocument/Resources/actionHtmls/Estimate Process 14 Day Clock.html"
?[32;1m[debug]?[0m [phantom] Successfully injected Casper client-side utilities
?[36m[info]?[0m [phantom] Step anonymous 132/150: done in 6347ms.
?[32;1m[debug]?[0m [phantom] opening url: file:///Users/zpeugh/code/min/scripts/flowdocument/Resources/actionHtmls/Assign Billing.html, HTTP GET
?[32;1m[debug]?[0m [phantom] Navigation requested: url=file:///Users/zpeugh/code/min/scripts/flowdocument/Resources/actionHtmls/Assign Billing.html, type=Other, willNavigate=true, isMainFrame=true
?[32;1m[debug]?[0m [phantom] url changed to "file:///Users/zpeugh/code/min/scripts/flowdocument/Resources/actionHtmls/Assign Billing.html"
?[32;1m[debug]?[0m [phantom] Successfully injected Casper client-side utilities
?[36m[info]?[0m [phantom] Step anonymous 134/150: done in 6423ms.
?[32;1m[debug]?[0m [phantom] opening url: file:///Users/zpeugh/code/min/scripts/flowdocument/Resources/actionHtmls/Assign Billing.html, HTTP GET
?[32;1m[debug]?[0m [phantom] Navigation requested: url=file:///Users/zpeugh/code/min/scripts/flowdocument/Resources/actionHtmls/Assign Billing.html, type=Other, willNavigate=true, isMainFrame=true
?[32;1m[debug]?[0m [phantom] url changed to "file:///Users/zpeugh/code/min/scripts/flowdocument/Resources/actionHtmls/Assign Billing.html"
?[32;1m[debug]?[0m [phantom] Successfully injected Casper client-side utilities
?[36m[info]?[0m [phantom] Step anonymous 136/152: done in 6498ms.
?[32;1m[debug]?[0m [phantom] opening url: file:///Users/zpeugh/code/min/scripts/flowdocument/Resources/actionHtmls/Email: Pole Details Require Corrections.html, HTTP GET
?[32;1m[debug]?[0m [phantom] Navigation requested: url=file:///Users/zpeugh/code/min/scripts/flowdocument/Resources/actionHtmls/Email: Pole Details Require Corrections.html, type=Other, willNavigate=true, isMainFrame=true
?[32;1m[debug]?[0m [phantom] url changed to "file:///Users/zpeugh/code/min/scripts/flowdocument/Resources/actionHtmls/Email: Pole Details Require Corrections.html"
?[32;1m[debug]?[0m [phantom] Successfully injected Casper client-side utilities
?[36m[info]?[0m [phantom] Step anonymous 138/152: done in 6573ms.
?[32;1m[debug]?[0m [phantom] opening url: file:///Users/zpeugh/code/min/scripts/flowdocument/Resources/actionHtmls/Email: Pole Details Require Corrections.html, HTTP GET
?[32;1m[debug]?[0m [phantom] Navigation requested: url=file:///Users/zpeugh/code/min/scripts/flowdocument/Resources/actionHtmls/Email: Pole Details Require Corrections.html, type=Other, willNavigate=true, isMainFrame=true
?[32;1m[debug]?[0m [phantom] url changed to "file:///Users/zpeugh/code/min/scripts/flowdocument/Resources/actionHtmls/Email: Pole Details Require Corrections.html"
?[32;1m[debug]?[0m [phantom] Successfully injected Casper client-side utilities
?[36m[info]?[0m [phantom] Step anonymous 140/154: done in 6647ms.
?[32;1m[debug]?[0m [phantom] opening url: file:///Users/zpeugh/code/min/scripts/flowdocument/Resources/actionHtmls/Assign Acme EJU Clerk.html, HTTP GET
?[32;1m[debug]?[0m [phantom] Navigation requested: url=file:///Users/zpeugh/code/min/scripts/flowdocument/Resources/actionHtmls/Assign Acme EJU Clerk.html, type=Other, willNavigate=true, isMainFrame=true
?[32;1m[debug]?[0m [phantom] url changed to "file:///Users/zpeugh/code/min/scripts/flowdocument/Resources/actionHtmls/Assign Acme EJU Clerk.html"
?[32;1m[debug]?[0m [phantom] Successfully injected Casper client-side utilities
?[36m[info]?[0m [phantom] Step anonymous 142/154: done in 6717ms.
?[32;1m[debug]?[0m [phantom] opening url: file:///Users/zpeugh/code/min/scripts/flowdocument/Resources/actionHtmls/Assign Acme EJU Clerk.html, HTTP GET
?[32;1m[debug]?[0m [phantom] Navigation requested: url=file:///Users/zpeugh/code/min/scripts/flowdocument/Resources/actionHtmls/Assign Acme EJU Clerk.html, type=Other, willNavigate=true, isMainFrame=true
?[32;1m[debug]?[0m [phantom] url changed to "file:///Users/zpeugh/code/min/scripts/flowdocument/Resources/actionHtmls/Assign Acme EJU Clerk.html"
?[32;1m[debug]?[0m [phantom] Successfully injected Casper client-side utilities
?[36m[info]?[0m [phantom] Step anonymous 144/156: done in 6793ms.
?[32;1m[debug]?[0m [phantom] opening url: file:///Users/zpeugh/code/min/scripts/flowdocument/Resources/actionHtmls/Lock Project.html, HTTP GET
?[32;1m[debug]?[0m [phantom] Navigation requested: url=file:///Users/zpeugh/code/min/scripts/flowdocument/Resources/actionHtmls/Lock Project.html, type=Other, willNavigate=true, isMainFrame=true
?[32;1m[debug]?[0m [phantom] url changed to "file:///Users/zpeugh/code/min/scripts/flowdocument/Resources/actionHtmls/Lock Project.html"
?[32;1m[debug]?[0m [phantom] Successfully injected Casper client-side utilities
?[36m[info]?[0m [phantom] Step anonymous 146/156: done in 6868ms.
?[32;1m[debug]?[0m [phantom] opening url: file:///Users/zpeugh/code/min/scripts/flowdocument/Resources/actionHtmls/Lock Project.html, HTTP GET
?[32;1m[debug]?[0m [phantom] Navigation requested: url=file:///Users/zpeugh/code/min/scripts/flowdocument/Resources/actionHtmls/Lock Project.html, type=Other, willNavigate=true, isMainFrame=true
?[32;1m[debug]?[0m [phantom] url changed to "file:///Users/zpeugh/code/min/scripts/flowdocument/Resources/actionHtmls/Lock Project.html"
?[32;1m[debug]?[0m [phantom] Successfully injected Casper client-side utilities
?[36m[info]?[0m [phantom] Step anonymous 148/158: done in 6943ms.
?[32;1m[debug]?[0m [phantom] opening url: file:///Users/zpeugh/code/min/scripts/flowdocument/Resources/actionHtmls/Engineering Review 45 Day Clock.html, HTTP GET
?[32;1m[debug]?[0m [phantom] Navigation requested: url=file:///Users/zpeugh/code/min/scripts/flowdocument/Resources/actionHtmls/Engineering Review 45 Day Clock.html, type=Other, willNavigate=true, isMainFrame=true
?[32;1m[debug]?[0m [phantom] url changed to "file:///Users/zpeugh/code/min/scripts/flowdocument/Resources/actionHtmls/Engineering Review 45 Day Clock.html"
?[32;1m[debug]?[0m [phantom] Successfully injected Casper client-side utilities
?[36m[info]?[0m [phantom] Step anonymous 150/158: done in 7016ms.
?[32;1m[debug]?[0m [phantom] opening url: file:///Users/zpeugh/code/min/scripts/flowdocument/Resources/actionHtmls/Engineering Review 45 Day Clock.html, HTTP GET
?[32;1m[debug]?[0m [phantom] Navigation requested: url=file:///Users/zpeugh/code/min/scripts/flowdocument/Resources/actionHtmls/Engineering Review 45 Day Clock.html, type=Other, willNavigate=true, isMainFrame=true
?[32;1m[debug]?[0m [phantom] url changed to "file:///Users/zpeugh/code/min/scripts/flowdocument/Resources/actionHtmls/Engineering Review 45 Day Clock.html"
?[32;1m[debug]?[0m [phantom] Successfully injected Casper client-side utilities
?[36m[info]?[0m [phantom] Step anonymous 152/160: done in 7090ms.
?[32;1m[debug]?[0m [phantom] opening url: file:///Users/zpeugh/code/min/scripts/flowdocument/Resources/actionHtmls/Email: Project Accepted.html, HTTP GET
?[32;1m[debug]?[0m [phantom] Navigation requested: url=file:///Users/zpeugh/code/min/scripts/flowdocument/Resources/actionHtmls/Email: Project Accepted.html, type=Other, willNavigate=true, isMainFrame=true
?[32;1m[debug]?[0m [phantom] url changed to "file:///Users/zpeugh/code/min/scripts/flowdocument/Resources/actionHtmls/Email: Project Accepted.html"
?[32;1m[debug]?[0m [phantom] Successfully injected Casper client-side utilities
?[36m[info]?[0m [phantom] Step anonymous 154/160: done in 7164ms.
?[32;1m[debug]?[0m [phantom] opening url: file:///Users/zpeugh/code/min/scripts/flowdocument/Resources/actionHtmls/Email: Project Accepted.html, HTTP GET
?[32;1m[debug]?[0m [phantom] Navigation requested: url=file:///Users/zpeugh/code/min/scripts/flowdocument/Resources/actionHtmls/Email: Project Accepted.html, type=Other, willNavigate=true, isMainFrame=true
?[32;1m[debug]?[0m [phantom] url changed to "file:///Users/zpeugh/code/min/scripts/flowdocument/Resources/actionHtmls/Email: Project Accepted.html"
?[32;1m[debug]?[0m [phantom] Successfully injected Casper client-side utilities
?[36m[info]?[0m [phantom] Step anonymous 156/162: done in 7240ms.
?[32;1m[debug]?[0m [phantom] opening url: file:///Users/zpeugh/code/min/scripts/flowdocument/Resources/actionHtmls/Email: Major Make Ready Required.html, HTTP GET
?[32;1m[debug]?[0m [phantom] Navigation requested: url=file:///Users/zpeugh/code/min/scripts/flowdocument/Resources/actionHtmls/Email: Major Make Ready Required.html, type=Other, willNavigate=true, isMainFrame=true
?[32;1m[debug]?[0m [phantom] url changed to "file:///Users/zpeugh/code/min/scripts/flowdocument/Resources/actionHtmls/Email: Major Make Ready Required.html"
?[32;1m[debug]?[0m [phantom] Successfully injected Casper client-side utilities
?[36m[info]?[0m [phantom] Step anonymous 158/162: done in 7317ms.
?[32;1m[debug]?[0m [phantom] opening url: file:///Users/zpeugh/code/min/scripts/flowdocument/Resources/actionHtmls/Email: Major Make Ready Required.html, HTTP GET
?[32;1m[debug]?[0m [phantom] Navigation requested: url=file:///Users/zpeugh/code/min/scripts/flowdocument/Resources/actionHtmls/Email: Major Make Ready Required.html, type=Other, willNavigate=true, isMainFrame=true
?[32;1m[debug]?[0m [phantom] url changed to "file:///Users/zpeugh/code/min/scripts/flowdocument/Resources/actionHtmls/Email: Major Make Ready Required.html"
?[32;1m[debug]?[0m [phantom] Successfully injected Casper client-side utilities
?[36m[info]?[0m [phantom] Step anonymous 160/164: done in 7391ms.
?[32;1m[debug]?[0m [phantom] opening url: file:///Users/zpeugh/code/min/scripts/flowdocument/Resources/actionHtmls/Email: No Make Ready Work Required.html, HTTP GET
?[32;1m[debug]?[0m [phantom] Navigation requested: url=file:///Users/zpeugh/code/min/scripts/flowdocument/Resources/actionHtmls/Email: No Make Ready Work Required.html, type=Other, willNavigate=true, isMainFrame=true
?[32;1m[debug]?[0m [phantom] url changed to "file:///Users/zpeugh/code/min/scripts/flowdocument/Resources/actionHtmls/Email: No Make Ready Work Required.html"
?[32;1m[debug]?[0m [phantom] Successfully injected Casper client-side utilities
?[36m[info]?[0m [phantom] Step anonymous 162/164: done in 7463ms.
?[32;1m[debug]?[0m [phantom] opening url: file:///Users/zpeugh/code/min/scripts/flowdocument/Resources/actionHtmls/Email: No Make Ready Work Required.html, HTTP GET
?[32;1m[debug]?[0m [phantom] Navigation requested: url=file:///Users/zpeugh/code/min/scripts/flowdocument/Resources/actionHtmls/Email: No Make Ready Work Required.html, type=Other, willNavigate=true, isMainFrame=true
?[32;1m[debug]?[0m [phantom] url changed to "file:///Users/zpeugh/code/min/scripts/flowdocument/Resources/actionHtmls/Email: No Make Ready Work Required.html"
?[32;1m[debug]?[0m [phantom] Successfully injected Casper client-side utilities
?[36m[info]?[0m [phantom] Step anonymous 164/166: done in 7541ms.
?[32;1m[debug]?[0m [phantom] opening url: file:///Users/zpeugh/code/min/scripts/flowdocument/Resources/actionHtmls/Assign Engineering.html, HTTP GET
?[32;1m[debug]?[0m [phantom] Navigation requested: url=file:///Users/zpeugh/code/min/scripts/flowdocument/Resources/actionHtmls/Assign Engineering.html, type=Other, willNavigate=true, isMainFrame=true
?[32;1m[debug]?[0m [phantom] url changed to "file:///Users/zpeugh/code/min/scripts/flowdocument/Resources/actionHtmls/Assign Engineering.html"
?[32;1m[debug]?[0m [phantom] Successfully injected Casper client-side utilities
?[36m[info]?[0m [phantom] Step anonymous 166/166: done in 7616ms.
?[32;1m[debug]?[0m [phantom] opening url: file:///Users/zpeugh/code/min/scripts/flowdocument/Resources/actionHtmls/Assign Engineering.html, HTTP GET
?[32;1m[debug]?[0m [phantom] Navigation requested: url=file:///Users/zpeugh/code/min/scripts/flowdocument/Resources/actionHtmls/Assign Engineering.html, type=Other, willNavigate=true, isMainFrame=true
?[32;1m[debug]?[0m [phantom] url changed to "file:///Users/zpeugh/code/min/scripts/flowdocument/Resources/actionHtmls/Assign Engineering.html"
?[32;1m[debug]?[0m [phantom] Successfully injected Casper client-side utilities
?[36m[info]?[0m [phantom] Step anonymous 168/168: done in 7689ms.
?[36m[info]?[0m [phantom] Done 168 steps in 7710ms
All actions: [Email: Construction Corrections Required, Assign Tech, Generate Calc File, Email: Minor Make Ready Required, Assign Construction, Pole Forms, 45 Day TPA Construction Clock, Assign TPA, Email: TPA Construction, Remove Time Markers, Pull Photos From Calc, Estimate Process 14 Day Clock, Assign Billing, Email: Pole Details Require Corrections, Assign Acme EJU Clerk, Lock Project, Engineering Review 45 Day Clock, Email: Project Accepted, Email: Major Make Ready Required, Email: No Make Ready Work Required, Assign Engineering]
Missed actions: null
Forms to capture: 
1: EJU - Ride Out Checklist
2: EJU - Covermap Checklist
3: IJUS Tracking Information
4: Core Form
5: EJU - Field Checklist
6: Asset Information
7: EJU - Davey Form
8: EJU - Transmission Checklist
9: EJU - Remediation Review Checklist
10: EJU - Office Checklist
11: Billing Code
?[36m[info]?[0m [phantom] Starting...
?[36m[info]?[0m [phantom] Execution timeout set to 10000ms
?[36m[info]?[0m [phantom] Running suite: 10 steps
?[32;1m[debug]?[0m [phantom] opening url: https://www.spidasoftware.com/projectmanager/, HTTP GET
?[32;1m[debug]?[0m [phantom] Navigation requested: url=https://www.spidasoftware.com/projectmanager/, type=Other, willNavigate=true, isMainFrame=true
?[32;1m[debug]?[0m [phantom] Navigation requested: url=https://www.spidasoftware.com/cas/login?service=https://www.spidasoftware.com/projectmanager/j_spring_cas_security_check, type=Other, willNavigate=true, isMainFrame=true
?[32;1m[debug]?[0m [phantom] url changed to "https://www.spidasoftware.com/cas/login?service=https://www.spidasoftware.com/projectmanager/j_spring_cas_security_check"
?[32;1m[debug]?[0m [phantom] Successfully injected Casper client-side utilities
?[32;1m[debug]?[0m [phantom] start page is loaded
?[36m[info]?[0m [phantom] Step login 3/10 https://www.spidasoftware.com/cas/login?service=https://www.spidasoftware.com/projectmanager/j_spring_cas_security_check (HTTP 200)
?[36m[info]?[0m [remote] attempting to fetch form element from selector: 'form#fm1'
?[32;1m[debug]?[0m [remote] Set "username" field value to admin@spidasoftware.com
?[32;1m[debug]?[0m [remote] Set "password" field value to ***************
?[36m[info]?[0m [remote] submitting form to /cas/login;jsessionid=AD81D2F6175CBD9100263BFDF1924E67?service=https%3A%2F%2Fwww.spidasoftware.com%2Fprojectmanager%2Fj_spring_cas_security_check, HTTP POST
?[36m[info]?[0m [phantom] Step login 3/10: done in 1362ms.
?[32;1m[debug]?[0m [phantom] Navigation requested: url=https://www.spidasoftware.com/cas/login;jsessionid=AD81D2F6175CBD9100263BFDF1924E67?service=https://www.spidasoftware.com/projectmanager/j_spring_cas_security_check, type=FormSubmitted, willNavigate=true, isMainFrame=true
?[32;1m[debug]?[0m [phantom] Navigation requested: url=https://www.spidasoftware.com/projectmanager/j_spring_cas_security_check?ticket=ST-337-CefEMnbeCUJmXJvVgCqY-www.spidasoftware.com, type=FormSubmitted, willNavigate=true, isMainFrame=true
?[32;1m[debug]?[0m [phantom] Navigation requested: url=https://www.spidasoftware.com/projectmanager/, type=FormSubmitted, willNavigate=true, isMainFrame=true
?[32;1m[debug]?[0m [phantom] url changed to "https://www.spidasoftware.com/projectmanager/"
?[32;1m[debug]?[0m [phantom] Successfully injected Casper client-side utilities
?[36m[info]?[0m [phantom] Step _step 4/10 https://www.spidasoftware.com/projectmanager/ (HTTP 200)
?[36m[info]?[0m [phantom] Step _step 4/10: done in 6817ms.
?[36m[info]?[0m [phantom] waitFor() finished in 41ms.
?[36m[info]?[0m [phantom] Step afterLogin 5/11 https://www.spidasoftware.com/projectmanager/ (HTTP 200)
?[36m[info]?[0m [phantom] Step afterLogin 5/11: done in 8108ms.
?[36m[info]?[0m [phantom] Step _step 6/11 https://www.spidasoftware.com/projectmanager/ (HTTP 200)
?[36m[info]?[0m [phantom] Step _step 6/11: done in 8133ms.
?[36m[info]?[0m [phantom] waitFor() finished in 40ms.
?[36m[info]?[0m [phantom] Step anonymous 7/12 https://www.spidasoftware.com/projectmanager/ (HTTP 200)
?[32;1m[debug]?[0m [phantom] Mouse event 'mousedown' on selector: xpath selector: //*[text()="American Electric Power"]
?[32;1m[debug]?[0m [phantom] Mouse event 'mouseup' on selector: xpath selector: //*[text()="American Electric Power"]
?[32;1m[debug]?[0m [phantom] Mouse event 'click' on selector: xpath selector: //*[text()="American Electric Power"]
?[32;1m[debug]?[0m [phantom] Navigation requested: url=https://www.spidasoftware.com/projectmanager/#, type=LinkClicked, willNavigate=true, isMainFrame=true
?[32;1m[debug]?[0m [phantom] url changed to "https://www.spidasoftware.com/projectmanager/#"
?[36m[info]?[0m [phantom] Step anonymous 7/12: done in 8205ms.
?[32;1m[debug]?[0m [phantom] Navigation requested: url=https://www.spidasoftware.com/projectmanager/switchcompany, type=FormSubmitted, willNavigate=true, isMainFrame=true
?[33m[warning]?[0m [phantom] Loading resource failed with status=fail (HTTP 200): https://www.spidasoftware.com/projectmanager/switchcompany
?[32;1m[debug]?[0m [phantom] Navigation requested: url=https://www.spidasoftware.com/projectmanager/dashboard/index, type=FormSubmitted, willNavigate=true, isMainFrame=true
script timed out
?[36m[info]?[0m [phantom] Step _step 8/12 https://www.spidasoftware.com/projectmanager/# (HTTP 302)
?[36m[info]?[0m [phantom] Step _step 8/12: done in 10011ms.
?[32;1m[debug]?[0m [phantom] url changed to "https://www.spidasoftware.com/projectmanager/dashboard/index"
?[32;1m[debug]?[0m [phantom] Successfully injected Casper client-side utilities
?[36m[info]?[0m [phantom] waitFor() finished in 1826ms.
?[36m[info]?[0m [phantom] Step anonymous 9/13 https://www.spidasoftware.com/projectmanager/dashboard/index (HTTP 200)
Logged in as: American Electric Power
?[36m[info]?[0m [phantom] Step anonymous 9/13: done in 11862ms.
?[32;1m[debug]?[0m [phantom] opening url: https://www.spidasoftware.com/projectmanager/formTemplate/list, HTTP GET
?[32;1m[debug]?[0m [phantom] Navigation requested: url=https://www.spidasoftware.com/projectmanager/formTemplate/list, type=Other, willNavigate=true, isMainFrame=true
?[33m[warning]?[0m [phantom] Loading resource failed with status=fail (HTTP 200): https://www.spidasoftware.com/projectmanager/formTemplate/list
?[32;1m[debug]?[0m [phantom] url changed to "https://www.spidasoftware.com/projectmanager/formTemplate/list"
?[32;1m[debug]?[0m [phantom] Successfully injected Casper client-side utilities
?[36m[info]?[0m [phantom] Step openFormList 11/13 https://www.spidasoftware.com/projectmanager/formTemplate/list (HTTP 200)
Navigating to Flow Form List
?[36m[info]?[0m [phantom] Step openFormList 11/13: done in 12606ms.
?[36m[info]?[0m [phantom] Step _step 12/13 https://www.spidasoftware.com/projectmanager/formTemplate/list (HTTP 200)
?[36m[info]?[0m [phantom] Step _step 12/13: done in 12624ms.
?[36m[info]?[0m [phantom] waitFor() finished in 43ms.
?[36m[info]?[0m [phantom] Step waitForFormList 13/14 https://www.spidasoftware.com/projectmanager/formTemplate/list (HTTP 200)
Currently at: https://www.spidasoftware.com/projectmanager/formTemplate/list
?[36m[info]?[0m [phantom] Step waitForFormList 13/14: done in 12690ms.
?[36m[info]?[0m [phantom] Step _step 14/14 https://www.spidasoftware.com/projectmanager/formTemplate/list (HTTP 200)
?[36m[info]?[0m [phantom] Step _step 14/14: done in 12714ms.
?[36m[info]?[0m [phantom] waitFor() finished in 43ms.
?[36m[info]?[0m [phantom] Step loopThrough 15/15 https://www.spidasoftware.com/projectmanager/formTemplate/list (HTTP 200)
?[36m[info]?[0m [phantom] Step loopThrough 15/15: done in 12782ms.
?[32;1m[debug]?[0m [phantom] opening url: https://www.spidasoftware.com/projectmanager/formTemplate/list?offset=0&max=10&sort=name&order=asc, HTTP GET
?[32;1m[debug]?[0m [phantom] Navigation requested: url=https://www.spidasoftware.com/projectmanager/formTemplate/list?offset=0&max=10&sort=name&order=asc, type=Other, willNavigate=true, isMainFrame=true
?[33m[warning]?[0m [phantom] Loading resource failed with status=fail (HTTP 200): https://www.spidasoftware.com/projectmanager/formTemplate/list?offset=0&max=10&sort=name&order=asc
?[32;1m[debug]?[0m [phantom] url changed to "https://www.spidasoftware.com/projectmanager/formTemplate/list?offset=0&max=10&sort=name&order=asc"
?[32;1m[debug]?[0m [phantom] Successfully injected Casper client-side utilities
?[36m[info]?[0m [phantom] Step anonymous 17/23 https://www.spidasoftware.com/projectmanager/formTemplate/list?offset=0&max=10&sort=name&order=asc (HTTP 200)
?[36m[info]?[0m [phantom] Step anonymous 17/23: done in 13544ms.
?[36m[info]?[0m [phantom] Step _step 18/24 https://www.spidasoftware.com/projectmanager/formTemplate/list?offset=0&max=10&sort=name&order=asc (HTTP 200)
?[36m[info]?[0m [phantom] Step _step 18/24: done in 13563ms.
?[36m[info]?[0m [phantom] waitFor() finished in 44ms.
?[36m[info]?[0m [phantom] Step anonymous 19/25 https://www.spidasoftware.com/projectmanager/formTemplate/list?offset=0&max=10&sort=name&order=asc (HTTP 200)
Stored screenshot of form: Asset Information
Stored screenshot of form: Billing Code
Stored screenshot of form: Core Form
?[36m[info]?[0m [phantom] Step anonymous 19/25: done in 13656ms.
?[36m[info]?[0m [phantom] Step clickForm 20/40 https://www.spidasoftware.com/projectmanager/formTemplate/list?offset=0&max=10&sort=name&order=asc (HTTP 200)
?[32;1m[debug]?[0m [phantom] Mouse event 'mousedown' on selector: xpath selector: //*[text()="Asset Information"]
?[32;1m[debug]?[0m [phantom] Mouse event 'mouseup' on selector: xpath selector: //*[text()="Asset Information"]
?[32;1m[debug]?[0m [phantom] Mouse event 'click' on selector: xpath selector: //*[text()="Asset Information"]
?[32;1m[debug]?[0m [phantom] Navigation requested: url=https://www.spidasoftware.com/projectmanager/formTemplate/edit/6438, type=LinkClicked, willNavigate=true, isMainFrame=true
?[36m[info]?[0m [phantom] Step clickForm 20/40: done in 13667ms.
?[33m[warning]?[0m [phantom] Loading resource failed with status=fail (HTTP 200): https://www.spidasoftware.com/projectmanager/formTemplate/edit/6438
?[32;1m[debug]?[0m [phantom] url changed to "https://www.spidasoftware.com/projectmanager/formTemplate/edit/6438"
?[32;1m[debug]?[0m [phantom] Successfully injected Casper client-side utilities
?[36m[info]?[0m [phantom] Step _step 21/40 https://www.spidasoftware.com/projectmanager/formTemplate/edit/6438 (HTTP 200)
?[36m[info]?[0m [phantom] Step _step 21/40: done in 15597ms.
?[36m[info]?[0m [phantom] waitFor() finished in 41ms.
?[36m[info]?[0m [phantom] Step anonymous 22/41 https://www.spidasoftware.com/projectmanager/formTemplate/edit/6438 (HTTP 200)
?[36m[info]?[0m [phantom] Step anonymous 22/41: done in 15659ms.
?[36m[info]?[0m [phantom] Step anonymous 23/41 https://www.spidasoftware.com/projectmanager/formTemplate/edit/6438 (HTTP 200)
?[36m[info]?[0m [phantom] Step anonymous 23/41: done in 15686ms.
?[36m[info]?[0m [phantom] Step anonymous 24/41 https://www.spidasoftware.com/projectmanager/formTemplate/edit/6438 (HTTP 200)
?[36m[info]?[0m [phantom] Step anonymous 24/41: done in 15705ms.
?[36m[info]?[0m [phantom] Step _step 25/42 https://www.spidasoftware.com/projectmanager/formTemplate/edit/6438 (HTTP 200)
?[36m[info]?[0m [phantom] Step _step 25/42: done in 15730ms.
?[32;1m[debug]?[0m [phantom] Navigation requested: url=https://www.spidasoftware.com/projectmanager/formTemplate/list?offset=0&max=10&sort=name&order=asc, type=BackOrForward, willNavigate=true, isMainFrame=true
?[33m[warning]?[0m [phantom] Loading resource failed with status=fail (HTTP 200): https://www.spidasoftware.com/projectmanager/formTemplate/list?offset=0&max=10&sort=name&order=asc
?[32;1m[debug]?[0m [phantom] url changed to "https://www.spidasoftware.com/projectmanager/formTemplate/list?offset=0&max=10&sort=name&order=asc"
?[32;1m[debug]?[0m [phantom] Successfully injected Casper client-side utilities
?[36m[info]?[0m [phantom] Step _step 26/42 https://www.spidasoftware.com/projectmanager/formTemplate/list?offset=0&max=10&sort=name&order=asc (HTTP 200)
?[36m[info]?[0m [phantom] Step _step 26/42: done in 16755ms.
?[36m[info]?[0m [phantom] waitFor() finished in 41ms.
?[36m[info]?[0m [phantom] Step anonymous 27/43 https://www.spidasoftware.com/projectmanager/formTemplate/list?offset=0&max=10&sort=name&order=asc (HTTP 200)
?[36m[info]?[0m [phantom] Step anonymous 27/43: done in 16812ms.
?[36m[info]?[0m [phantom] Step clickForm 28/43 https://www.spidasoftware.com/projectmanager/formTemplate/list?offset=0&max=10&sort=name&order=asc (HTTP 200)
?[32;1m[debug]?[0m [phantom] Mouse event 'mousedown' on selector: xpath selector: //*[text()="Billing Code"]
?[32;1m[debug]?[0m [phantom] Mouse event 'mouseup' on selector: xpath selector: //*[text()="Billing Code"]
?[32;1m[debug]?[0m [phantom] Mouse event 'click' on selector: xpath selector: //*[text()="Billing Code"]
?[32;1m[debug]?[0m [phantom] Navigation requested: url=https://www.spidasoftware.com/projectmanager/formTemplate/edit/6430, type=LinkClicked, willNavigate=true, isMainFrame=true
?[36m[info]?[0m [phantom] Step clickForm 28/43: done in 16842ms.
?[33m[warning]?[0m [phantom] Loading resource failed with status=fail (HTTP 200): https://www.spidasoftware.com/projectmanager/formTemplate/edit/6430
?[32;1m[debug]?[0m [phantom] url changed to "https://www.spidasoftware.com/projectmanager/formTemplate/edit/6430"
?[32;1m[debug]?[0m [phantom] Successfully injected Casper client-side utilities
?[36m[info]?[0m [phantom] Step _step 29/43 https://www.spidasoftware.com/projectmanager/formTemplate/edit/6430 (HTTP 200)
?[36m[info]?[0m [phantom] Step _step 29/43: done in 17751ms.
?[36m[info]?[0m [phantom] waitFor() finished in 40ms.
?[36m[info]?[0m [phantom] Step anonymous 30/44 https://www.spidasoftware.com/projectmanager/formTemplate/edit/6430 (HTTP 200)
?[36m[info]?[0m [phantom] Step anonymous 30/44: done in 17814ms.
?[36m[info]?[0m [phantom] Step anonymous 31/44 https://www.spidasoftware.com/projectmanager/formTemplate/edit/6430 (HTTP 200)
?[36m[info]?[0m [phantom] Step anonymous 31/44: done in 17838ms.
?[36m[info]?[0m [phantom] Step anonymous 32/44 https://www.spidasoftware.com/projectmanager/formTemplate/edit/6430 (HTTP 200)
?[36m[info]?[0m [phantom] Step anonymous 32/44: done in 17860ms.
?[36m[info]?[0m [phantom] Step _step 33/45 https://www.spidasoftware.com/projectmanager/formTemplate/edit/6430 (HTTP 200)
?[36m[info]?[0m [phantom] Step _step 33/45: done in 17881ms.
?[32;1m[debug]?[0m [phantom] Navigation requested: url=https://www.spidasoftware.com/projectmanager/formTemplate/list?offset=0&max=10&sort=name&order=asc, type=BackOrForward, willNavigate=true, isMainFrame=true
?[33m[warning]?[0m [phantom] Loading resource failed with status=fail (HTTP 200): https://www.spidasoftware.com/projectmanager/formTemplate/list?offset=0&max=10&sort=name&order=asc
?[32;1m[debug]?[0m [phantom] url changed to "https://www.spidasoftware.com/projectmanager/formTemplate/list?offset=0&max=10&sort=name&order=asc"
?[32;1m[debug]?[0m [phantom] Successfully injected Casper client-side utilities
?[36m[info]?[0m [phantom] Step _step 34/45 https://www.spidasoftware.com/projectmanager/formTemplate/list?offset=0&max=10&sort=name&order=asc (HTTP 200)
?[36m[info]?[0m [phantom] Step _step 34/45: done in 18656ms.
?[36m[info]?[0m [phantom] waitFor() finished in 40ms.
?[36m[info]?[0m [phantom] Step anonymous 35/46 https://www.spidasoftware.com/projectmanager/formTemplate/list?offset=0&max=10&sort=name&order=asc (HTTP 200)
?[36m[info]?[0m [phantom] Step anonymous 35/46: done in 18717ms.
?[36m[info]?[0m [phantom] Step clickForm 36/46 https://www.spidasoftware.com/projectmanager/formTemplate/list?offset=0&max=10&sort=name&order=asc (HTTP 200)
?[32;1m[debug]?[0m [phantom] Mouse event 'mousedown' on selector: xpath selector: //*[text()="Core Form"]
?[32;1m[debug]?[0m [phantom] Mouse event 'mouseup' on selector: xpath selector: //*[text()="Core Form"]
?[32;1m[debug]?[0m [phantom] Mouse event 'click' on selector: xpath selector: //*[text()="Core Form"]
?[32;1m[debug]?[0m [phantom] Navigation requested: url=https://www.spidasoftware.com/projectmanager/formTemplate/edit/6566, type=LinkClicked, willNavigate=true, isMainFrame=true
?[36m[info]?[0m [phantom] Step clickForm 36/46: done in 18745ms.
?[33m[warning]?[0m [phantom] Loading resource failed with status=fail (HTTP 200): https://www.spidasoftware.com/projectmanager/formTemplate/edit/6566
?[32;1m[debug]?[0m [phantom] url changed to "https://www.spidasoftware.com/projectmanager/formTemplate/edit/6566"
?[32;1m[debug]?[0m [phantom] Successfully injected Casper client-side utilities
?[36m[info]?[0m [phantom] Step _step 37/46 https://www.spidasoftware.com/projectmanager/formTemplate/edit/6566 (HTTP 200)
?[36m[info]?[0m [phantom] Step _step 37/46: done in 19385ms.
?[36m[info]?[0m [phantom] waitFor() finished in 41ms.
?[36m[info]?[0m [phantom] Step anonymous 38/47 https://www.spidasoftware.com/projectmanager/formTemplate/edit/6566 (HTTP 200)
?[36m[info]?[0m [phantom] Step anonymous 38/47: done in 19451ms.
?[36m[info]?[0m [phantom] Step anonymous 39/47 https://www.spidasoftware.com/projectmanager/formTemplate/edit/6566 (HTTP 200)
?[36m[info]?[0m [phantom] Step anonymous 39/47: done in 19478ms.
?[36m[info]?[0m [phantom] Step anonymous 40/47 https://www.spidasoftware.com/projectmanager/formTemplate/edit/6566 (HTTP 200)
?[36m[info]?[0m [phantom] Step anonymous 40/47: done in 19499ms.
?[36m[info]?[0m [phantom] Step _step 41/48 https://www.spidasoftware.com/projectmanager/formTemplate/edit/6566 (HTTP 200)
?[36m[info]?[0m [phantom] Step _step 41/48: done in 19522ms.
?[32;1m[debug]?[0m [phantom] Navigation requested: url=https://www.spidasoftware.com/projectmanager/formTemplate/list?offset=0&max=10&sort=name&order=asc, type=BackOrForward, willNavigate=true, isMainFrame=true
?[33m[warning]?[0m [phantom] Loading resource failed with status=fail (HTTP 200): https://www.spidasoftware.com/projectmanager/formTemplate/list?offset=0&max=10&sort=name&order=asc
?[32;1m[debug]?[0m [phantom] url changed to "https://www.spidasoftware.com/projectmanager/formTemplate/list?offset=0&max=10&sort=name&order=asc"
?[32;1m[debug]?[0m [phantom] Successfully injected Casper client-side utilities
?[36m[info]?[0m [phantom] Step _step 42/48 https://www.spidasoftware.com/projectmanager/formTemplate/list?offset=0&max=10&sort=name&order=asc (HTTP 200)
?[36m[info]?[0m [phantom] Step _step 42/48: done in 20866ms.
?[36m[info]?[0m [phantom] waitFor() finished in 40ms.
?[36m[info]?[0m [phantom] Step anonymous 43/49 https://www.spidasoftware.com/projectmanager/formTemplate/list?offset=0&max=10&sort=name&order=asc (HTTP 200)
?[36m[info]?[0m [phantom] Step anonymous 43/49: done in 20930ms.
?[32;1m[debug]?[0m [phantom] opening url: https://www.spidasoftware.com/projectmanager/formTemplate/list?offset=10&max=10&sort=name&order=asc, HTTP GET
?[32;1m[debug]?[0m [phantom] Navigation requested: url=https://www.spidasoftware.com/projectmanager/formTemplate/list?offset=10&max=10&sort=name&order=asc, type=Other, willNavigate=true, isMainFrame=true
?[33m[warning]?[0m [phantom] Loading resource failed with status=fail (HTTP 200): https://www.spidasoftware.com/projectmanager/formTemplate/list?offset=10&max=10&sort=name&order=asc
?[32;1m[debug]?[0m [phantom] url changed to "https://www.spidasoftware.com/projectmanager/formTemplate/list?offset=10&max=10&sort=name&order=asc"
?[32;1m[debug]?[0m [phantom] Successfully injected Casper client-side utilities
?[36m[info]?[0m [phantom] Step anonymous 45/49 https://www.spidasoftware.com/projectmanager/formTemplate/list?offset=10&max=10&sort=name&order=asc (HTTP 200)
?[36m[info]?[0m [phantom] Step anonymous 45/49: done in 21719ms.
?[36m[info]?[0m [phantom] Step _step 46/50 https://www.spidasoftware.com/projectmanager/formTemplate/list?offset=10&max=10&sort=name&order=asc (HTTP 200)
?[36m[info]?[0m [phantom] Step _step 46/50: done in 21734ms.
?[36m[info]?[0m [phantom] waitFor() finished in 44ms.
?[36m[info]?[0m [phantom] Step anonymous 47/51 https://www.spidasoftware.com/projectmanager/formTemplate/list?offset=10&max=10&sort=name&order=asc (HTTP 200)
Stored screenshot of form: EJU - Covermap Checklist
Stored screenshot of form: EJU - Davey Form
Stored screenshot of form: EJU - Field Checklist
Stored screenshot of form: EJU - Office Checklist
?[36m[info]?[0m [phantom] Step anonymous 47/51: done in 21832ms.
?[36m[info]?[0m [phantom] Step clickForm 48/71 https://www.spidasoftware.com/projectmanager/formTemplate/list?offset=10&max=10&sort=name&order=asc (HTTP 200)
?[32;1m[debug]?[0m [phantom] Mouse event 'mousedown' on selector: xpath selector: //*[text()="EJU - Covermap Checklist"]
?[32;1m[debug]?[0m [phantom] Mouse event 'mouseup' on selector: xpath selector: //*[text()="EJU - Covermap Checklist"]
?[32;1m[debug]?[0m [phantom] Mouse event 'click' on selector: xpath selector: //*[text()="EJU - Covermap Checklist"]
?[32;1m[debug]?[0m [phantom] Navigation requested: url=https://www.spidasoftware.com/projectmanager/formTemplate/edit/6449, type=LinkClicked, willNavigate=true, isMainFrame=true
?[36m[info]?[0m [phantom] Step clickForm 48/71: done in 21842ms.
?[33m[warning]?[0m [phantom] Loading resource failed with status=fail (HTTP 200): https://www.spidasoftware.com/projectmanager/formTemplate/edit/6449
?[32;1m[debug]?[0m [phantom] url changed to "https://www.spidasoftware.com/projectmanager/formTemplate/edit/6449"
?[32;1m[debug]?[0m [phantom] Successfully injected Casper client-side utilities
?[36m[info]?[0m [phantom] Step _step 49/71 https://www.spidasoftware.com/projectmanager/formTemplate/edit/6449 (HTTP 200)
?[36m[info]?[0m [phantom] Step _step 49/71: done in 23233ms.
?[36m[info]?[0m [phantom] waitFor() finished in 40ms.
?[36m[info]?[0m [phantom] Step anonymous 50/72 https://www.spidasoftware.com/projectmanager/formTemplate/edit/6449 (HTTP 200)
?[36m[info]?[0m [phantom] Step anonymous 50/72: done in 23295ms.
?[36m[info]?[0m [phantom] Step anonymous 51/72 https://www.spidasoftware.com/projectmanager/formTemplate/edit/6449 (HTTP 200)
?[36m[info]?[0m [phantom] Step anonymous 51/72: done in 23322ms.
?[36m[info]?[0m [phantom] Step anonymous 52/72 https://www.spidasoftware.com/projectmanager/formTemplate/edit/6449 (HTTP 200)
?[36m[info]?[0m [phantom] Step anonymous 52/72: done in 23342ms.
?[36m[info]?[0m [phantom] Step _step 53/73 https://www.spidasoftware.com/projectmanager/formTemplate/edit/6449 (HTTP 200)
?[36m[info]?[0m [phantom] Step _step 53/73: done in 23366ms.
?[32;1m[debug]?[0m [phantom] Navigation requested: url=https://www.spidasoftware.com/projectmanager/formTemplate/list?offset=10&max=10&sort=name&order=asc, type=BackOrForward, willNavigate=true, isMainFrame=true
?[33m[warning]?[0m [phantom] Loading resource failed with status=fail (HTTP 200): https://www.spidasoftware.com/projectmanager/formTemplate/list?offset=10&max=10&sort=name&order=asc
?[32;1m[debug]?[0m [phantom] url changed to "https://www.spidasoftware.com/projectmanager/formTemplate/list?offset=10&max=10&sort=name&order=asc"
?[32;1m[debug]?[0m [phantom] Successfully injected Casper client-side utilities
?[36m[info]?[0m [phantom] Step _step 54/73 https://www.spidasoftware.com/projectmanager/formTemplate/list?offset=10&max=10&sort=name&order=asc (HTTP 200)
?[36m[info]?[0m [phantom] Step _step 54/73: done in 24171ms.
?[36m[info]?[0m [phantom] waitFor() finished in 41ms.
?[36m[info]?[0m [phantom] Step anonymous 55/74 https://www.spidasoftware.com/projectmanager/formTemplate/list?offset=10&max=10&sort=name&order=asc (HTTP 200)
?[36m[info]?[0m [phantom] Step anonymous 55/74: done in 24230ms.
?[36m[info]?[0m [phantom] Step clickForm 56/74 https://www.spidasoftware.com/projectmanager/formTemplate/list?offset=10&max=10&sort=name&order=asc (HTTP 200)
?[32;1m[debug]?[0m [phantom] Mouse event 'mousedown' on selector: xpath selector: //*[text()="EJU - Davey Form"]
?[32;1m[debug]?[0m [phantom] Mouse event 'mouseup' on selector: xpath selector: //*[text()="EJU - Davey Form"]
?[32;1m[debug]?[0m [phantom] Mouse event 'click' on selector: xpath selector: //*[text()="EJU - Davey Form"]
?[32;1m[debug]?[0m [phantom] Navigation requested: url=https://www.spidasoftware.com/projectmanager/formTemplate/edit/6423, type=LinkClicked, willNavigate=true, isMainFrame=true
?[36m[info]?[0m [phantom] Step clickForm 56/74: done in 24258ms.
?[33m[warning]?[0m [phantom] Loading resource failed with status=fail (HTTP 200): https://www.spidasoftware.com/projectmanager/formTemplate/edit/6423
?[32;1m[debug]?[0m [phantom] url changed to "https://www.spidasoftware.com/projectmanager/formTemplate/edit/6423"
?[32;1m[debug]?[0m [phantom] Successfully injected Casper client-side utilities
?[36m[info]?[0m [phantom] Step _step 57/74 https://www.spidasoftware.com/projectmanager/formTemplate/edit/6423 (HTTP 200)
?[36m[info]?[0m [phantom] Step _step 57/74: done in 25319ms.
?[36m[info]?[0m [phantom] waitFor() finished in 42ms.
?[36m[info]?[0m [phantom] Step anonymous 58/75 https://www.spidasoftware.com/projectmanager/formTemplate/edit/6423 (HTTP 200)
?[36m[info]?[0m [phantom] Step anonymous 58/75: done in 25378ms.
?[36m[info]?[0m [phantom] Step anonymous 59/75 https://www.spidasoftware.com/projectmanager/formTemplate/edit/6423 (HTTP 200)
?[36m[info]?[0m [phantom] Step anonymous 59/75: done in 25401ms.
?[36m[info]?[0m [phantom] Step anonymous 60/75 https://www.spidasoftware.com/projectmanager/formTemplate/edit/6423 (HTTP 200)
?[36m[info]?[0m [phantom] Step anonymous 60/75: done in 25421ms.
?[36m[info]?[0m [phantom] Step _step 61/76 https://www.spidasoftware.com/projectmanager/formTemplate/edit/6423 (HTTP 200)
?[36m[info]?[0m [phantom] Step _step 61/76: done in 25446ms.
?[32;1m[debug]?[0m [phantom] Navigation requested: url=https://www.spidasoftware.com/projectmanager/formTemplate/list?offset=10&max=10&sort=name&order=asc, type=BackOrForward, willNavigate=true, isMainFrame=true
?[33m[warning]?[0m [phantom] Loading resource failed with status=fail (HTTP 200): https://www.spidasoftware.com/projectmanager/formTemplate/list?offset=10&max=10&sort=name&order=asc
?[32;1m[debug]?[0m [phantom] url changed to "https://www.spidasoftware.com/projectmanager/formTemplate/list?offset=10&max=10&sort=name&order=asc"
?[32;1m[debug]?[0m [phantom] Successfully injected Casper client-side utilities
?[36m[info]?[0m [phantom] Step _step 62/76 https://www.spidasoftware.com/projectmanager/formTemplate/list?offset=10&max=10&sort=name&order=asc (HTTP 200)
?[36m[info]?[0m [phantom] Step _step 62/76: done in 26675ms.
?[36m[info]?[0m [phantom] waitFor() finished in 41ms.
?[36m[info]?[0m [phantom] Step anonymous 63/77 https://www.spidasoftware.com/projectmanager/formTemplate/list?offset=10&max=10&sort=name&order=asc (HTTP 200)
?[36m[info]?[0m [phantom] Step anonymous 63/77: done in 26736ms.
?[36m[info]?[0m [phantom] Step clickForm 64/77 https://www.spidasoftware.com/projectmanager/formTemplate/list?offset=10&max=10&sort=name&order=asc (HTTP 200)
?[32;1m[debug]?[0m [phantom] Mouse event 'mousedown' on selector: xpath selector: //*[text()="EJU - Field Checklist"]
?[32;1m[debug]?[0m [phantom] Mouse event 'mouseup' on selector: xpath selector: //*[text()="EJU - Field Checklist"]
?[32;1m[debug]?[0m [phantom] Mouse event 'click' on selector: xpath selector: //*[text()="EJU - Field Checklist"]
?[32;1m[debug]?[0m [phantom] Navigation requested: url=https://www.spidasoftware.com/projectmanager/formTemplate/edit/6502, type=LinkClicked, willNavigate=true, isMainFrame=true
?[36m[info]?[0m [phantom] Step clickForm 64/77: done in 26768ms.
?[33m[warning]?[0m [phantom] Loading resource failed with status=fail (HTTP 200): https://www.spidasoftware.com/projectmanager/formTemplate/edit/6502
?[32;1m[debug]?[0m [phantom] url changed to "https://www.spidasoftware.com/projectmanager/formTemplate/edit/6502"
?[32;1m[debug]?[0m [phantom] Successfully injected Casper client-side utilities
?[36m[info]?[0m [phantom] Step _step 65/77 https://www.spidasoftware.com/projectmanager/formTemplate/edit/6502 (HTTP 200)
?[36m[info]?[0m [phantom] Step _step 65/77: done in 27597ms.
?[36m[info]?[0m [phantom] waitFor() finished in 40ms.
?[36m[info]?[0m [phantom] Step anonymous 66/78 https://www.spidasoftware.com/projectmanager/formTemplate/edit/6502 (HTTP 200)
?[36m[info]?[0m [phantom] Step anonymous 66/78: done in 27662ms.
?[36m[info]?[0m [phantom] Step anonymous 67/78 https://www.spidasoftware.com/projectmanager/formTemplate/edit/6502 (HTTP 200)
?[36m[info]?[0m [phantom] Step anonymous 67/78: done in 27685ms.
?[36m[info]?[0m [phantom] Step anonymous 68/78 https://www.spidasoftware.com/projectmanager/formTemplate/edit/6502 (HTTP 200)
?[36m[info]?[0m [phantom] Step anonymous 68/78: done in 27703ms.
?[36m[info]?[0m [phantom] Step _step 69/79 https://www.spidasoftware.com/projectmanager/formTemplate/edit/6502 (HTTP 200)
?[36m[info]?[0m [phantom] Step _step 69/79: done in 27723ms.
?[32;1m[debug]?[0m [phantom] Navigation requested: url=https://www.spidasoftware.com/projectmanager/formTemplate/list?offset=10&max=10&sort=name&order=asc, type=BackOrForward, willNavigate=true, isMainFrame=true
?[33m[warning]?[0m [phantom] Loading resource failed with status=fail (HTTP 200): https://www.spidasoftware.com/projectmanager/formTemplate/list?offset=10&max=10&sort=name&order=asc
?[32;1m[debug]?[0m [phantom] url changed to "https://www.spidasoftware.com/projectmanager/formTemplate/list?offset=10&max=10&sort=name&order=asc"
?[32;1m[debug]?[0m [phantom] Successfully injected Casper client-side utilities
?[36m[info]?[0m [phantom] Step _step 70/79 https://www.spidasoftware.com/projectmanager/formTemplate/list?offset=10&max=10&sort=name&order=asc (HTTP 200)
?[36m[info]?[0m [phantom] Step _step 70/79: done in 28594ms.
?[36m[info]?[0m [phantom] waitFor() finished in 40ms.
?[36m[info]?[0m [phantom] Step anonymous 71/80 https://www.spidasoftware.com/projectmanager/formTemplate/list?offset=10&max=10&sort=name&order=asc (HTTP 200)
?[36m[info]?[0m [phantom] Step anonymous 71/80: done in 28659ms.
?[36m[info]?[0m [phantom] Step clickForm 72/80 https://www.spidasoftware.com/projectmanager/formTemplate/list?offset=10&max=10&sort=name&order=asc (HTTP 200)
?[32;1m[debug]?[0m [phantom] Mouse event 'mousedown' on selector: xpath selector: //*[text()="EJU - Office Checklist"]
?[32;1m[debug]?[0m [phantom] Mouse event 'mouseup' on selector: xpath selector: //*[text()="EJU - Office Checklist"]
?[32;1m[debug]?[0m [phantom] Mouse event 'click' on selector: xpath selector: //*[text()="EJU - Office Checklist"]
?[32;1m[debug]?[0m [phantom] Navigation requested: url=https://www.spidasoftware.com/projectmanager/formTemplate/edit/6537, type=LinkClicked, willNavigate=true, isMainFrame=true
?[36m[info]?[0m [phantom] Step clickForm 72/80: done in 28690ms.
?[33m[warning]?[0m [phantom] Loading resource failed with status=fail (HTTP 200): https://www.spidasoftware.com/projectmanager/formTemplate/edit/6537
?[32;1m[debug]?[0m [phantom] url changed to "https://www.spidasoftware.com/projectmanager/formTemplate/edit/6537"
?[32;1m[debug]?[0m [phantom] Successfully injected Casper client-side utilities
?[36m[info]?[0m [phantom] Step _step 73/80 https://www.spidasoftware.com/projectmanager/formTemplate/edit/6537 (HTTP 200)
?[36m[info]?[0m [phantom] Step _step 73/80: done in 29834ms.
?[36m[info]?[0m [phantom] waitFor() finished in 40ms.
?[36m[info]?[0m [phantom] Step anonymous 74/81 https://www.spidasoftware.com/projectmanager/formTemplate/edit/6537 (HTTP 200)
?[36m[info]?[0m [phantom] Step anonymous 74/81: done in 29895ms.
?[36m[info]?[0m [phantom] Step anonymous 75/81 https://www.spidasoftware.com/projectmanager/formTemplate/edit/6537 (HTTP 200)
?[36m[info]?[0m [phantom] Step anonymous 75/81: done in 29923ms.
?[36m[info]?[0m [phantom] Step anonymous 76/81 https://www.spidasoftware.com/projectmanager/formTemplate/edit/6537 (HTTP 200)
?[36m[info]?[0m [phantom] Step anonymous 76/81: done in 29941ms.
?[36m[info]?[0m [phantom] Step _step 77/82 https://www.spidasoftware.com/projectmanager/formTemplate/edit/6537 (HTTP 200)
?[36m[info]?[0m [phantom] Step _step 77/82: done in 29965ms.
?[32;1m[debug]?[0m [phantom] Navigation requested: url=https://www.spidasoftware.com/projectmanager/formTemplate/list?offset=10&max=10&sort=name&order=asc, type=BackOrForward, willNavigate=true, isMainFrame=true
?[33m[warning]?[0m [phantom] Loading resource failed with status=fail (HTTP 200): https://www.spidasoftware.com/projectmanager/formTemplate/list?offset=10&max=10&sort=name&order=asc
?[32;1m[debug]?[0m [phantom] url changed to "https://www.spidasoftware.com/projectmanager/formTemplate/list?offset=10&max=10&sort=name&order=asc"
?[32;1m[debug]?[0m [phantom] Successfully injected Casper client-side utilities
?[36m[info]?[0m [phantom] Step _step 78/82 https://www.spidasoftware.com/projectmanager/formTemplate/list?offset=10&max=10&sort=name&order=asc (HTTP 200)
?[36m[info]?[0m [phantom] Step _step 78/82: done in 31778ms.
?[36m[info]?[0m [phantom] waitFor() finished in 40ms.
?[36m[info]?[0m [phantom] Step anonymous 79/83 https://www.spidasoftware.com/projectmanager/formTemplate/list?offset=10&max=10&sort=name&order=asc (HTTP 200)
?[36m[info]?[0m [phantom] Step anonymous 79/83: done in 31838ms.
?[32;1m[debug]?[0m [phantom] opening url: https://www.spidasoftware.com/projectmanager/formTemplate/list?offset=20&max=10&sort=name&order=asc, HTTP GET
?[32;1m[debug]?[0m [phantom] Navigation requested: url=https://www.spidasoftware.com/projectmanager/formTemplate/list?offset=20&max=10&sort=name&order=asc, type=Other, willNavigate=true, isMainFrame=true
?[33m[warning]?[0m [phantom] Loading resource failed with status=fail (HTTP 200): https://www.spidasoftware.com/projectmanager/formTemplate/list?offset=20&max=10&sort=name&order=asc
?[32;1m[debug]?[0m [phantom] url changed to "https://www.spidasoftware.com/projectmanager/formTemplate/list?offset=20&max=10&sort=name&order=asc"
?[32;1m[debug]?[0m [phantom] Successfully injected Casper client-side utilities
?[36m[info]?[0m [phantom] Step anonymous 81/83 https://www.spidasoftware.com/projectmanager/formTemplate/list?offset=20&max=10&sort=name&order=asc (HTTP 200)
?[36m[info]?[0m [phantom] Step anonymous 81/83: done in 34035ms.
?[36m[info]?[0m [phantom] Step _step 82/84 https://www.spidasoftware.com/projectmanager/formTemplate/list?offset=20&max=10&sort=name&order=asc (HTTP 200)
?[36m[info]?[0m [phantom] Step _step 82/84: done in 34050ms.
?[36m[info]?[0m [phantom] waitFor() finished in 43ms.
?[36m[info]?[0m [phantom] Step anonymous 83/85 https://www.spidasoftware.com/projectmanager/formTemplate/list?offset=20&max=10&sort=name&order=asc (HTTP 200)
Stored screenshot of form: EJU - Remediation Review Checklist
Stored screenshot of form: EJU - Ride Out Checklist
Stored screenshot of form: EJU - Transmission Checklist
Stored screenshot of form: IJUS Tracking Information
?[36m[info]?[0m [phantom] Step anonymous 83/85: done in 34146ms.
?[36m[info]?[0m [phantom] Step clickForm 84/105 https://www.spidasoftware.com/projectmanager/formTemplate/list?offset=20&max=10&sort=name&order=asc (HTTP 200)
?[32;1m[debug]?[0m [phantom] Mouse event 'mousedown' on selector: xpath selector: //*[text()="EJU - Remediation Review Checklist"]
?[32;1m[debug]?[0m [phantom] Mouse event 'mouseup' on selector: xpath selector: //*[text()="EJU - Remediation Review Checklist"]
?[32;1m[debug]?[0m [phantom] Mouse event 'click' on selector: xpath selector: //*[text()="EJU - Remediation Review Checklist"]
?[32;1m[debug]?[0m [phantom] Navigation requested: url=https://www.spidasoftware.com/projectmanager/formTemplate/edit/6487, type=LinkClicked, willNavigate=true, isMainFrame=true
?[36m[info]?[0m [phantom] Step clickForm 84/105: done in 34157ms.
?[33m[warning]?[0m [phantom] Loading resource failed with status=fail (HTTP 200): https://www.spidasoftware.com/projectmanager/formTemplate/edit/6487
?[32;1m[debug]?[0m [phantom] url changed to "https://www.spidasoftware.com/projectmanager/formTemplate/edit/6487"
?[32;1m[debug]?[0m [phantom] Successfully injected Casper client-side utilities
?[36m[info]?[0m [phantom] Step _step 85/105 https://www.spidasoftware.com/projectmanager/formTemplate/edit/6487 (HTTP 200)
?[36m[info]?[0m [phantom] Step _step 85/105: done in 35168ms.
?[36m[info]?[0m [phantom] waitFor() finished in 41ms.
?[36m[info]?[0m [phantom] Step anonymous 86/106 https://www.spidasoftware.com/projectmanager/formTemplate/edit/6487 (HTTP 200)
?[36m[info]?[0m [phantom] Step anonymous 86/106: done in 35233ms.
?[36m[info]?[0m [phantom] Step anonymous 87/106 https://www.spidasoftware.com/projectmanager/formTemplate/edit/6487 (HTTP 200)
?[36m[info]?[0m [phantom] Step anonymous 87/106: done in 35255ms.
?[36m[info]?[0m [phantom] Step anonymous 88/106 https://www.spidasoftware.com/projectmanager/formTemplate/edit/6487 (HTTP 200)
?[36m[info]?[0m [phantom] Step anonymous 88/106: done in 35272ms.
?[36m[info]?[0m [phantom] Step _step 89/107 https://www.spidasoftware.com/projectmanager/formTemplate/edit/6487 (HTTP 200)
?[36m[info]?[0m [phantom] Step _step 89/107: done in 35293ms.
?[32;1m[debug]?[0m [phantom] Navigation requested: url=https://www.spidasoftware.com/projectmanager/formTemplate/list?offset=20&max=10&sort=name&order=asc, type=BackOrForward, willNavigate=true, isMainFrame=true
?[33m[warning]?[0m [phantom] Loading resource failed with status=fail (HTTP 200): https://www.spidasoftware.com/projectmanager/formTemplate/list?offset=20&max=10&sort=name&order=asc
?[32;1m[debug]?[0m [phantom] url changed to "https://www.spidasoftware.com/projectmanager/formTemplate/list?offset=20&max=10&sort=name&order=asc"
?[32;1m[debug]?[0m [phantom] Successfully injected Casper client-side utilities
?[36m[info]?[0m [phantom] Step _step 90/107 https://www.spidasoftware.com/projectmanager/formTemplate/list?offset=20&max=10&sort=name&order=asc (HTTP 200)
?[36m[info]?[0m [phantom] Step _step 90/107: done in 36351ms.
?[36m[info]?[0m [phantom] waitFor() finished in 40ms.
?[36m[info]?[0m [phantom] Step anonymous 91/108 https://www.spidasoftware.com/projectmanager/formTemplate/list?offset=20&max=10&sort=name&order=asc (HTTP 200)
?[36m[info]?[0m [phantom] Step anonymous 91/108: done in 36407ms.
?[36m[info]?[0m [phantom] Step clickForm 92/108 https://www.spidasoftware.com/projectmanager/formTemplate/list?offset=20&max=10&sort=name&order=asc (HTTP 200)
?[32;1m[debug]?[0m [phantom] Mouse event 'mousedown' on selector: xpath selector: //*[text()="EJU - Ride Out Checklist"]
?[32;1m[debug]?[0m [phantom] Mouse event 'mouseup' on selector: xpath selector: //*[text()="EJU - Ride Out Checklist"]
?[32;1m[debug]?[0m [phantom] Mouse event 'click' on selector: xpath selector: //*[text()="EJU - Ride Out Checklist"]
?[32;1m[debug]?[0m [phantom] Navigation requested: url=https://www.spidasoftware.com/projectmanager/formTemplate/edit/6401, type=LinkClicked, willNavigate=true, isMainFrame=true
?[36m[info]?[0m [phantom] Step clickForm 92/108: done in 36438ms.
?[33m[warning]?[0m [phantom] Loading resource failed with status=fail (HTTP 200): https://www.spidasoftware.com/projectmanager/formTemplate/edit/6401
?[32;1m[debug]?[0m [phantom] url changed to "https://www.spidasoftware.com/projectmanager/formTemplate/edit/6401"
?[32;1m[debug]?[0m [phantom] Successfully injected Casper client-side utilities
?[36m[info]?[0m [phantom] Step _step 93/108 https://www.spidasoftware.com/projectmanager/formTemplate/edit/6401 (HTTP 200)
?[36m[info]?[0m [phantom] Step _step 93/108: done in 37223ms.
?[36m[info]?[0m [phantom] waitFor() finished in 42ms.
?[36m[info]?[0m [phantom] Step anonymous 94/109 https://www.spidasoftware.com/projectmanager/formTemplate/edit/6401 (HTTP 200)
?[36m[info]?[0m [phantom] Step anonymous 94/109: done in 37284ms.
?[36m[info]?[0m [phantom] Step anonymous 95/109 https://www.spidasoftware.com/projectmanager/formTemplate/edit/6401 (HTTP 200)
?[36m[info]?[0m [phantom] Step anonymous 95/109: done in 37306ms.
?[36m[info]?[0m [phantom] Step anonymous 96/109 https://www.spidasoftware.com/projectmanager/formTemplate/edit/6401 (HTTP 200)
?[36m[info]?[0m [phantom] Step anonymous 96/109: done in 37325ms.
?[36m[info]?[0m [phantom] Step _step 97/110 https://www.spidasoftware.com/projectmanager/formTemplate/edit/6401 (HTTP 200)
?[36m[info]?[0m [phantom] Step _step 97/110: done in 37349ms.
?[32;1m[debug]?[0m [phantom] Navigation requested: url=https://www.spidasoftware.com/projectmanager/formTemplate/list?offset=20&max=10&sort=name&order=asc, type=BackOrForward, willNavigate=true, isMainFrame=true
?[33m[warning]?[0m [phantom] Loading resource failed with status=fail (HTTP 200): https://www.spidasoftware.com/projectmanager/formTemplate/list?offset=20&max=10&sort=name&order=asc
?[32;1m[debug]?[0m [phantom] url changed to "https://www.spidasoftware.com/projectmanager/formTemplate/list?offset=20&max=10&sort=name&order=asc"
?[32;1m[debug]?[0m [phantom] Successfully injected Casper client-side utilities
?[36m[info]?[0m [phantom] Step _step 98/110 https://www.spidasoftware.com/projectmanager/formTemplate/list?offset=20&max=10&sort=name&order=asc (HTTP 200)
?[36m[info]?[0m [phantom] Step _step 98/110: done in 38123ms.
?[36m[info]?[0m [phantom] waitFor() finished in 41ms.
?[36m[info]?[0m [phantom] Step anonymous 99/111 https://www.spidasoftware.com/projectmanager/formTemplate/list?offset=20&max=10&sort=name&order=asc (HTTP 200)
?[36m[info]?[0m [phantom] Step anonymous 99/111: done in 38187ms.
?[36m[info]?[0m [phantom] Step clickForm 100/111 https://www.spidasoftware.com/projectmanager/formTemplate/list?offset=20&max=10&sort=name&order=asc (HTTP 200)
?[32;1m[debug]?[0m [phantom] Mouse event 'mousedown' on selector: xpath selector: //*[text()="EJU - Transmission Checklist"]
?[32;1m[debug]?[0m [phantom] Mouse event 'mouseup' on selector: xpath selector: //*[text()="EJU - Transmission Checklist"]
?[32;1m[debug]?[0m [phantom] Mouse event 'click' on selector: xpath selector: //*[text()="EJU - Transmission Checklist"]
?[32;1m[debug]?[0m [phantom] Navigation requested: url=https://www.spidasoftware.com/projectmanager/formTemplate/edit/6471, type=LinkClicked, willNavigate=true, isMainFrame=true
?[36m[info]?[0m [phantom] Step clickForm 100/111: done in 38218ms.
?[33m[warning]?[0m [phantom] Loading resource failed with status=fail (HTTP 200): https://www.spidasoftware.com/projectmanager/formTemplate/edit/6471
?[32;1m[debug]?[0m [phantom] url changed to "https://www.spidasoftware.com/projectmanager/formTemplate/edit/6471"
?[32;1m[debug]?[0m [phantom] Successfully injected Casper client-side utilities
?[36m[info]?[0m [phantom] Step _step 101/111 https://www.spidasoftware.com/projectmanager/formTemplate/edit/6471 (HTTP 200)
?[36m[info]?[0m [phantom] Step _step 101/111: done in 39033ms.
?[36m[info]?[0m [phantom] waitFor() finished in 41ms.
?[36m[info]?[0m [phantom] Step anonymous 102/112 https://www.spidasoftware.com/projectmanager/formTemplate/edit/6471 (HTTP 200)
?[36m[info]?[0m [phantom] Step anonymous 102/112: done in 39093ms.
?[36m[info]?[0m [phantom] Step anonymous 103/112 https://www.spidasoftware.com/projectmanager/formTemplate/edit/6471 (HTTP 200)
?[36m[info]?[0m [phantom] Step anonymous 103/112: done in 39115ms.
?[36m[info]?[0m [phantom] Step anonymous 104/112 https://www.spidasoftware.com/projectmanager/formTemplate/edit/6471 (HTTP 200)
?[36m[info]?[0m [phantom] Step anonymous 104/112: done in 39137ms.
?[36m[info]?[0m [phantom] Step _step 105/113 https://www.spidasoftware.com/projectmanager/formTemplate/edit/6471 (HTTP 200)
?[36m[info]?[0m [phantom] Step _step 105/113: done in 39160ms.
?[32;1m[debug]?[0m [phantom] Navigation requested: url=https://www.spidasoftware.com/projectmanager/formTemplate/list?offset=20&max=10&sort=name&order=asc, type=BackOrForward, willNavigate=true, isMainFrame=true
?[33m[warning]?[0m [phantom] Loading resource failed with status=fail (HTTP 200): https://www.spidasoftware.com/projectmanager/formTemplate/list?offset=20&max=10&sort=name&order=asc
?[32;1m[debug]?[0m [phantom] url changed to "https://www.spidasoftware.com/projectmanager/formTemplate/list?offset=20&max=10&sort=name&order=asc"
?[32;1m[debug]?[0m [phantom] Successfully injected Casper client-side utilities
?[36m[info]?[0m [phantom] Step _step 106/113 https://www.spidasoftware.com/projectmanager/formTemplate/list?offset=20&max=10&sort=name&order=asc (HTTP 200)
?[36m[info]?[0m [phantom] Step _step 106/113: done in 40013ms.
?[36m[info]?[0m [phantom] waitFor() finished in 40ms.
?[36m[info]?[0m [phantom] Step anonymous 107/114 https://www.spidasoftware.com/projectmanager/formTemplate/list?offset=20&max=10&sort=name&order=asc (HTTP 200)
?[36m[info]?[0m [phantom] Step anonymous 107/114: done in 40078ms.
?[36m[info]?[0m [phantom] Step clickForm 108/114 https://www.spidasoftware.com/projectmanager/formTemplate/list?offset=20&max=10&sort=name&order=asc (HTTP 200)
?[32;1m[debug]?[0m [phantom] Mouse event 'mousedown' on selector: xpath selector: //*[text()="IJUS Tracking Information"]
?[32;1m[debug]?[0m [phantom] Mouse event 'mouseup' on selector: xpath selector: //*[text()="IJUS Tracking Information"]
?[32;1m[debug]?[0m [phantom] Mouse event 'click' on selector: xpath selector: //*[text()="IJUS Tracking Information"]
?[32;1m[debug]?[0m [phantom] Navigation requested: url=https://www.spidasoftware.com/projectmanager/formTemplate/edit/6387, type=LinkClicked, willNavigate=true, isMainFrame=true
?[36m[info]?[0m [phantom] Step clickForm 108/114: done in 40110ms.
?[33m[warning]?[0m [phantom] Loading resource failed with status=fail (HTTP 200): https://www.spidasoftware.com/projectmanager/formTemplate/edit/6387
?[32;1m[debug]?[0m [phantom] url changed to "https://www.spidasoftware.com/projectmanager/formTemplate/edit/6387"
?[32;1m[debug]?[0m [phantom] Successfully injected Casper client-side utilities
?[36m[info]?[0m [phantom] Step _step 109/114 https://www.spidasoftware.com/projectmanager/formTemplate/edit/6387 (HTTP 200)
?[36m[info]?[0m [phantom] Step _step 109/114: done in 40799ms.
?[36m[info]?[0m [phantom] waitFor() finished in 41ms.
?[36m[info]?[0m [phantom] Step anonymous 110/115 https://www.spidasoftware.com/projectmanager/formTemplate/edit/6387 (HTTP 200)
?[36m[info]?[0m [phantom] Step anonymous 110/115: done in 40865ms.
?[36m[info]?[0m [phantom] Step anonymous 111/115 https://www.spidasoftware.com/projectmanager/formTemplate/edit/6387 (HTTP 200)
?[36m[info]?[0m [phantom] Step anonymous 111/115: done in 40891ms.
?[36m[info]?[0m [phantom] Step anonymous 112/115 https://www.spidasoftware.com/projectmanager/formTemplate/edit/6387 (HTTP 200)
?[36m[info]?[0m [phantom] Step anonymous 112/115: done in 40911ms.
?[36m[info]?[0m [phantom] Step _step 113/116 https://www.spidasoftware.com/projectmanager/formTemplate/edit/6387 (HTTP 200)
?[36m[info]?[0m [phantom] Step _step 113/116: done in 40934ms.
?[32;1m[debug]?[0m [phantom] Navigation requested: url=https://www.spidasoftware.com/projectmanager/formTemplate/list?offset=20&max=10&sort=name&order=asc, type=BackOrForward, willNavigate=true, isMainFrame=true
?[33m[warning]?[0m [phantom] Loading resource failed with status=fail (HTTP 200): https://www.spidasoftware.com/projectmanager/formTemplate/list?offset=20&max=10&sort=name&order=asc
?[32;1m[debug]?[0m [phantom] url changed to "https://www.spidasoftware.com/projectmanager/formTemplate/list?offset=20&max=10&sort=name&order=asc"
?[32;1m[debug]?[0m [phantom] Successfully injected Casper client-side utilities
?[36m[info]?[0m [phantom] Step _step 114/116 https://www.spidasoftware.com/projectmanager/formTemplate/list?offset=20&max=10&sort=name&order=asc (HTTP 200)
?[36m[info]?[0m [phantom] Step _step 114/116: done in 42200ms.
?[36m[info]?[0m [phantom] waitFor() finished in 40ms.
?[36m[info]?[0m [phantom] Step anonymous 115/117 https://www.spidasoftware.com/projectmanager/formTemplate/list?offset=20&max=10&sort=name&order=asc (HTTP 200)
?[36m[info]?[0m [phantom] Step anonymous 115/117: done in 42260ms.
?[32;1m[debug]?[0m [phantom] opening url: https://www.spidasoftware.com/projectmanager/formTemplate/list?offset=30&max=10&sort=name&order=asc, HTTP GET
?[32;1m[debug]?[0m [phantom] Navigation requested: url=https://www.spidasoftware.com/projectmanager/formTemplate/list?offset=30&max=10&sort=name&order=asc, type=Other, willNavigate=true, isMainFrame=true
?[33m[warning]?[0m [phantom] Loading resource failed with status=fail (HTTP 200): https://www.spidasoftware.com/projectmanager/formTemplate/list?offset=30&max=10&sort=name&order=asc
?[32;1m[debug]?[0m [phantom] url changed to "https://www.spidasoftware.com/projectmanager/formTemplate/list?offset=30&max=10&sort=name&order=asc"
?[32;1m[debug]?[0m [phantom] Successfully injected Casper client-side utilities
?[36m[info]?[0m [phantom] Step anonymous 117/117 https://www.spidasoftware.com/projectmanager/formTemplate/list?offset=30&max=10&sort=name&order=asc (HTTP 200)
?[36m[info]?[0m [phantom] Step anonymous 117/117: done in 42860ms.
?[36m[info]?[0m [phantom] Step _step 118/118 https://www.spidasoftware.com/projectmanager/formTemplate/list?offset=30&max=10&sort=name&order=asc (HTTP 200)
?[36m[info]?[0m [phantom] Step _step 118/118: done in 42878ms.
?[36m[info]?[0m [phantom] waitFor() finished in 43ms.
?[36m[info]?[0m [phantom] Step anonymous 119/119 https://www.spidasoftware.com/projectmanager/formTemplate/list?offset=30&max=10&sort=name&order=asc (HTTP 200)
?[36m[info]?[0m [phantom] Step anonymous 119/119: done in 42963ms.
?[36m[info]?[0m [phantom] Done 119 steps in 42965ms
Forms to generate: 
0: EJU - Ride Out Checklist
1: EJU - Covermap Checklist
2: IJUS Tracking Information
3: Core Form
4: EJU - Field Checklist
5: Asset Information
6: EJU - Davey Form
7: EJU - Transmission Checklist
8: EJU - Remediation Review Checklist
9: EJU - Office Checklist
10: Billing Code
?[36m[info]?[0m [phantom] Starting...
?[36m[info]?[0m [phantom] Execution timeout set to 12000ms
?[36m[info]?[0m [phantom] Running suite: 22 steps
?[32;1m[debug]?[0m [phantom] opening url: file:///Users/zpeugh/code/min/scripts/flowdocument/Resources/formHtmls/EJU - Ride Out Checklist.html, HTTP GET
?[32;1m[debug]?[0m [phantom] Navigation requested: url=file:///Users/zpeugh/code/min/scripts/flowdocument/Resources/formHtmls/EJU - Ride Out Checklist.html, type=Other, willNavigate=true, isMainFrame=true
?[32;1m[debug]?[0m [phantom] url changed to "file:///Users/zpeugh/code/min/scripts/flowdocument/Resources/formHtmls/EJU - Ride Out Checklist.html"
?[32;1m[debug]?[0m [phantom] Successfully injected Casper client-side utilities
?[36m[info]?[0m [phantom] Step anonymous 2/22: done in 51ms.
?[36m[info]?[0m [phantom] Step _step 3/25: done in 71ms.
?[36m[info]?[0m [phantom] waitFor() finished in 44ms.
?[32;1m[debug]?[0m [phantom] Capturing page to /Users/zpeugh/code/min/scripts/flowdocument/Resources/formHtmls/formPNGs/EJU - Ride Out Checklist.png with clipRect {"top":13,"height":507,"left":8,"width":808}
?[36m[info]?[0m [phantom] Capture saved to /Users/zpeugh/code/min/scripts/flowdocument/Resources/formHtmls/formPNGs/EJU - Ride Out Checklist.png
?[36m[info]?[0m [phantom] Step anonymous 4/26: done in 235ms.
?[36m[info]?[0m [phantom] Step anonymous 5/26: done in 238ms.
?[36m[info]?[0m [phantom] Step _step 6/26: done in 258ms.
?[36m[info]?[0m [phantom] waitFor() finished in 47ms.
?[32;1m[debug]?[0m [phantom] opening url: file:///Users/zpeugh/code/min/scripts/flowdocument/Resources/formHtmls/EJU - Covermap Checklist.html, HTTP GET
?[32;1m[debug]?[0m [phantom] Navigation requested: url=file:///Users/zpeugh/code/min/scripts/flowdocument/Resources/formHtmls/EJU - Covermap Checklist.html, type=Other, willNavigate=true, isMainFrame=true
?[32;1m[debug]?[0m [phantom] url changed to "file:///Users/zpeugh/code/min/scripts/flowdocument/Resources/formHtmls/EJU - Covermap Checklist.html"
?[32;1m[debug]?[0m [phantom] Successfully injected Casper client-side utilities
?[36m[info]?[0m [phantom] Step anonymous 8/26: done in 356ms.
?[36m[info]?[0m [phantom] Step _step 9/29: done in 371ms.
?[36m[info]?[0m [phantom] waitFor() finished in 48ms.
?[32;1m[debug]?[0m [phantom] Capturing page to /Users/zpeugh/code/min/scripts/flowdocument/Resources/formHtmls/formPNGs/EJU - Covermap Checklist.png with clipRect {"top":13,"height":1134,"left":8,"width":808}
?[36m[info]?[0m [phantom] Capture saved to /Users/zpeugh/code/min/scripts/flowdocument/Resources/formHtmls/formPNGs/EJU - Covermap Checklist.png
?[36m[info]?[0m [phantom] Step anonymous 10/30: done in 597ms.
?[36m[info]?[0m [phantom] Step anonymous 11/30: done in 602ms.
?[36m[info]?[0m [phantom] Step _step 12/30: done in 620ms.
?[36m[info]?[0m [phantom] waitFor() finished in 47ms.
?[32;1m[debug]?[0m [phantom] opening url: file:///Users/zpeugh/code/min/scripts/flowdocument/Resources/formHtmls/IJUS Tracking Information.html, HTTP GET
?[32;1m[debug]?[0m [phantom] Navigation requested: url=file:///Users/zpeugh/code/min/scripts/flowdocument/Resources/formHtmls/IJUS Tracking Information.html, type=Other, willNavigate=true, isMainFrame=true
?[32;1m[debug]?[0m [phantom] url changed to "file:///Users/zpeugh/code/min/scripts/flowdocument/Resources/formHtmls/IJUS Tracking Information.html"
?[32;1m[debug]?[0m [phantom] Successfully injected Casper client-side utilities
?[36m[info]?[0m [phantom] Step anonymous 14/30: done in 715ms.
?[36m[info]?[0m [phantom] Step _step 15/33: done in 734ms.
?[36m[info]?[0m [phantom] waitFor() finished in 47ms.
?[32;1m[debug]?[0m [phantom] Capturing page to /Users/zpeugh/code/min/scripts/flowdocument/Resources/formHtmls/formPNGs/IJUS Tracking Information.png with clipRect {"top":13,"height":699,"left":8,"width":808}
?[36m[info]?[0m [phantom] Capture saved to /Users/zpeugh/code/min/scripts/flowdocument/Resources/formHtmls/formPNGs/IJUS Tracking Information.png
?[36m[info]?[0m [phantom] Step anonymous 16/34: done in 912ms.
?[36m[info]?[0m [phantom] Step anonymous 17/34: done in 916ms.
?[36m[info]?[0m [phantom] Step _step 18/34: done in 934ms.
?[36m[info]?[0m [phantom] waitFor() finished in 48ms.
?[32;1m[debug]?[0m [phantom] opening url: file:///Users/zpeugh/code/min/scripts/flowdocument/Resources/formHtmls/Core Form.html, HTTP GET
?[32;1m[debug]?[0m [phantom] Navigation requested: url=file:///Users/zpeugh/code/min/scripts/flowdocument/Resources/formHtmls/Core Form.html, type=Other, willNavigate=true, isMainFrame=true
?[32;1m[debug]?[0m [phantom] url changed to "file:///Users/zpeugh/code/min/scripts/flowdocument/Resources/formHtmls/Core Form.html"
?[32;1m[debug]?[0m [phantom] Successfully injected Casper client-side utilities
?[36m[info]?[0m [phantom] Step anonymous 20/34: done in 1031ms.
?[36m[info]?[0m [phantom] Step _step 21/37: done in 1051ms.
?[36m[info]?[0m [phantom] waitFor() finished in 43ms.
?[32;1m[debug]?[0m [phantom] Capturing page to /Users/zpeugh/code/min/scripts/flowdocument/Resources/formHtmls/formPNGs/Core Form.png with clipRect {"top":13,"height":544,"left":8,"width":808}
?[36m[info]?[0m [phantom] Capture saved to /Users/zpeugh/code/min/scripts/flowdocument/Resources/formHtmls/formPNGs/Core Form.png
?[36m[info]?[0m [phantom] Step anonymous 22/38: done in 1214ms.
?[36m[info]?[0m [phantom] Step anonymous 23/38: done in 1217ms.
?[36m[info]?[0m [phantom] Step _step 24/38: done in 1235ms.
?[36m[info]?[0m [phantom] waitFor() finished in 46ms.
?[32;1m[debug]?[0m [phantom] opening url: file:///Users/zpeugh/code/min/scripts/flowdocument/Resources/formHtmls/EJU - Field Checklist.html, HTTP GET
?[32;1m[debug]?[0m [phantom] Navigation requested: url=file:///Users/zpeugh/code/min/scripts/flowdocument/Resources/formHtmls/EJU - Field Checklist.html, type=Other, willNavigate=true, isMainFrame=true
?[32;1m[debug]?[0m [phantom] url changed to "file:///Users/zpeugh/code/min/scripts/flowdocument/Resources/formHtmls/EJU - Field Checklist.html"
?[32;1m[debug]?[0m [phantom] Successfully injected Casper client-side utilities
?[36m[info]?[0m [phantom] Step anonymous 26/38: done in 1336ms.
?[36m[info]?[0m [phantom] Step _step 27/41: done in 1343ms.
?[36m[info]?[0m [phantom] waitFor() finished in 47ms.
?[32;1m[debug]?[0m [phantom] Capturing page to /Users/zpeugh/code/min/scripts/flowdocument/Resources/formHtmls/formPNGs/EJU - Field Checklist.png with clipRect {"top":13,"height":1929,"left":8,"width":808}
?[36m[info]?[0m [phantom] Capture saved to /Users/zpeugh/code/min/scripts/flowdocument/Resources/formHtmls/formPNGs/EJU - Field Checklist.png
?[36m[info]?[0m [phantom] Step anonymous 28/42: done in 1645ms.
?[36m[info]?[0m [phantom] Step anonymous 29/42: done in 1653ms.
?[36m[info]?[0m [phantom] Step _step 30/42: done in 1668ms.
?[36m[info]?[0m [phantom] waitFor() finished in 43ms.
?[32;1m[debug]?[0m [phantom] opening url: file:///Users/zpeugh/code/min/scripts/flowdocument/Resources/formHtmls/Asset Information.html, HTTP GET
?[32;1m[debug]?[0m [phantom] Navigation requested: url=file:///Users/zpeugh/code/min/scripts/flowdocument/Resources/formHtmls/Asset Information.html, type=Other, willNavigate=true, isMainFrame=true
?[32;1m[debug]?[0m [phantom] url changed to "file:///Users/zpeugh/code/min/scripts/flowdocument/Resources/formHtmls/Asset Information.html"
?[32;1m[debug]?[0m [phantom] Successfully injected Casper client-side utilities
?[36m[info]?[0m [phantom] Step anonymous 32/42: done in 1759ms.
?[36m[info]?[0m [phantom] Step _step 33/45: done in 1776ms.
?[36m[info]?[0m [phantom] waitFor() finished in 46ms.
?[32;1m[debug]?[0m [phantom] Capturing page to /Users/zpeugh/code/min/scripts/flowdocument/Resources/formHtmls/formPNGs/Asset Information.png with clipRect {"top":13,"height":562,"left":8,"width":808}
?[36m[info]?[0m [phantom] Capture saved to /Users/zpeugh/code/min/scripts/flowdocument/Resources/formHtmls/formPNGs/Asset Information.png
?[36m[info]?[0m [phantom] Step anonymous 34/46: done in 1943ms.
?[36m[info]?[0m [phantom] Step anonymous 35/46: done in 1946ms.
?[36m[info]?[0m [phantom] Step _step 36/46: done in 1967ms.
?[36m[info]?[0m [phantom] waitFor() finished in 48ms.
?[32;1m[debug]?[0m [phantom] opening url: file:///Users/zpeugh/code/min/scripts/flowdocument/Resources/formHtmls/EJU - Davey Form.html, HTTP GET
?[32;1m[debug]?[0m [phantom] Navigation requested: url=file:///Users/zpeugh/code/min/scripts/flowdocument/Resources/formHtmls/EJU - Davey Form.html, type=Other, willNavigate=true, isMainFrame=true
?[32;1m[debug]?[0m [phantom] url changed to "file:///Users/zpeugh/code/min/scripts/flowdocument/Resources/formHtmls/EJU - Davey Form.html"
?[32;1m[debug]?[0m [phantom] Successfully injected Casper client-side utilities
?[36m[info]?[0m [phantom] Step anonymous 38/46: done in 2061ms.
?[36m[info]?[0m [phantom] Step _step 39/49: done in 2081ms.
?[36m[info]?[0m [phantom] waitFor() finished in 45ms.
?[32;1m[debug]?[0m [phantom] Capturing page to /Users/zpeugh/code/min/scripts/flowdocument/Resources/formHtmls/formPNGs/EJU - Davey Form.png with clipRect {"top":13,"height":251,"left":8,"width":808}
?[36m[info]?[0m [phantom] Capture saved to /Users/zpeugh/code/min/scripts/flowdocument/Resources/formHtmls/formPNGs/EJU - Davey Form.png
?[36m[info]?[0m [phantom] Step anonymous 40/50: done in 2217ms.
?[36m[info]?[0m [phantom] Step anonymous 41/50: done in 2218ms.
?[36m[info]?[0m [phantom] Step _step 42/50: done in 2239ms.
?[36m[info]?[0m [phantom] waitFor() finished in 48ms.
?[32;1m[debug]?[0m [phantom] opening url: file:///Users/zpeugh/code/min/scripts/flowdocument/Resources/formHtmls/EJU - Transmission Checklist.html, HTTP GET
?[32;1m[debug]?[0m [phantom] Navigation requested: url=file:///Users/zpeugh/code/min/scripts/flowdocument/Resources/formHtmls/EJU - Transmission Checklist.html, type=Other, willNavigate=true, isMainFrame=true
?[32;1m[debug]?[0m [phantom] url changed to "file:///Users/zpeugh/code/min/scripts/flowdocument/Resources/formHtmls/EJU - Transmission Checklist.html"
?[32;1m[debug]?[0m [phantom] Successfully injected Casper client-side utilities
?[36m[info]?[0m [phantom] Step anonymous 44/50: done in 2333ms.
?[36m[info]?[0m [phantom] Step _step 45/53: done in 2353ms.
?[36m[info]?[0m [phantom] waitFor() finished in 43ms.
?[32;1m[debug]?[0m [phantom] Capturing page to /Users/zpeugh/code/min/scripts/flowdocument/Resources/formHtmls/formPNGs/EJU - Transmission Checklist.png with clipRect {"top":13,"height":286,"left":8,"width":808}
?[36m[info]?[0m [phantom] Capture saved to /Users/zpeugh/code/min/scripts/flowdocument/Resources/formHtmls/formPNGs/EJU - Transmission Checklist.png
?[36m[info]?[0m [phantom] Step anonymous 46/54: done in 2488ms.
?[36m[info]?[0m [phantom] Step anonymous 47/54: done in 2490ms.
?[36m[info]?[0m [phantom] Step _step 48/54: done in 2512ms.
?[36m[info]?[0m [phantom] waitFor() finished in 46ms.
?[32;1m[debug]?[0m [phantom] opening url: file:///Users/zpeugh/code/min/scripts/flowdocument/Resources/formHtmls/EJU - Remediation Review Checklist.html, HTTP GET
?[32;1m[debug]?[0m [phantom] Navigation requested: url=file:///Users/zpeugh/code/min/scripts/flowdocument/Resources/formHtmls/EJU - Remediation Review Checklist.html, type=Other, willNavigate=true, isMainFrame=true
?[32;1m[debug]?[0m [phantom] url changed to "file:///Users/zpeugh/code/min/scripts/flowdocument/Resources/formHtmls/EJU - Remediation Review Checklist.html"
?[32;1m[debug]?[0m [phantom] Successfully injected Casper client-side utilities
?[36m[info]?[0m [phantom] Step anonymous 50/54: done in 2609ms.
?[36m[info]?[0m [phantom] Step _step 51/57: done in 2626ms.
?[36m[info]?[0m [phantom] waitFor() finished in 47ms.
?[32;1m[debug]?[0m [phantom] Capturing page to /Users/zpeugh/code/min/scripts/flowdocument/Resources/formHtmls/formPNGs/EJU - Remediation Review Checklist.png with clipRect {"top":13,"height":710,"left":8,"width":808}
?[36m[info]?[0m [phantom] Capture saved to /Users/zpeugh/code/min/scripts/flowdocument/Resources/formHtmls/formPNGs/EJU - Remediation Review Checklist.png
?[36m[info]?[0m [phantom] Step anonymous 52/58: done in 2849ms.
?[36m[info]?[0m [phantom] Step anonymous 53/58: done in 2853ms.
?[36m[info]?[0m [phantom] Step _step 54/58: done in 2872ms.
?[36m[info]?[0m [phantom] waitFor() finished in 42ms.
?[32;1m[debug]?[0m [phantom] opening url: file:///Users/zpeugh/code/min/scripts/flowdocument/Resources/formHtmls/EJU - Office Checklist.html, HTTP GET
?[32;1m[debug]?[0m [phantom] Navigation requested: url=file:///Users/zpeugh/code/min/scripts/flowdocument/Resources/formHtmls/EJU - Office Checklist.html, type=Other, willNavigate=true, isMainFrame=true
?[32;1m[debug]?[0m [phantom] url changed to "file:///Users/zpeugh/code/min/scripts/flowdocument/Resources/formHtmls/EJU - Office Checklist.html"
?[32;1m[debug]?[0m [phantom] Successfully injected Casper client-side utilities
?[36m[info]?[0m [phantom] Step anonymous 56/58: done in 2975ms.
?[36m[info]?[0m [phantom] Step _step 57/61: done in 2986ms.
?[36m[info]?[0m [phantom] waitFor() finished in 41ms.
?[32;1m[debug]?[0m [phantom] Capturing page to /Users/zpeugh/code/min/scripts/flowdocument/Resources/formHtmls/formPNGs/EJU - Office Checklist.png with clipRect {"top":13,"height":1513,"left":8,"width":808}
?[36m[info]?[0m [phantom] Capture saved to /Users/zpeugh/code/min/scripts/flowdocument/Resources/formHtmls/formPNGs/EJU - Office Checklist.png
?[36m[info]?[0m [phantom] Step anonymous 58/62: done in 3268ms.
?[36m[info]?[0m [phantom] Step anonymous 59/62: done in 3275ms.
?[36m[info]?[0m [phantom] Step _step 60/62: done in 3289ms.
?[36m[info]?[0m [phantom] waitFor() finished in 43ms.
?[32;1m[debug]?[0m [phantom] opening url: file:///Users/zpeugh/code/min/scripts/flowdocument/Resources/formHtmls/Billing Code.html, HTTP GET
?[32;1m[debug]?[0m [phantom] Navigation requested: url=file:///Users/zpeugh/code/min/scripts/flowdocument/Resources/formHtmls/Billing Code.html, type=Other, willNavigate=true, isMainFrame=true
?[32;1m[debug]?[0m [phantom] url changed to "file:///Users/zpeugh/code/min/scripts/flowdocument/Resources/formHtmls/Billing Code.html"
?[32;1m[debug]?[0m [phantom] Successfully injected Casper client-side utilities
?[36m[info]?[0m [phantom] Step anonymous 62/62: done in 3378ms.
?[36m[info]?[0m [phantom] Step _step 63/65: done in 3397ms.
?[36m[info]?[0m [phantom] waitFor() finished in 42ms.
?[32;1m[debug]?[0m [phantom] Capturing page to /Users/zpeugh/code/min/scripts/flowdocument/Resources/formHtmls/formPNGs/Billing Code.png with clipRect {"top":13,"height":505,"left":8,"width":808}
?[36m[info]?[0m [phantom] Capture saved to /Users/zpeugh/code/min/scripts/flowdocument/Resources/formHtmls/formPNGs/Billing Code.png
?[36m[info]?[0m [phantom] Step anonymous 64/66: done in 3555ms.
?[36m[info]?[0m [phantom] Step anonymous 65/66: done in 3558ms.
?[36m[info]?[0m [phantom] Step _step 66/66: done in 3579ms.
?[36m[info]?[0m [phantom] waitFor() finished in 49ms.
?[36m[info]?[0m [phantom] Done 66 steps in 3651ms
All forms: [EJU - Ride Out Checklist, EJU - Covermap Checklist, IJUS Tracking Information, Core Form, EJU - Field Checklist, Asset Information, EJU - Davey Form, EJU - Transmission Checklist, EJU - Remediation Review Checklist, EJU - Office Checklist, Billing Code]
Missed Forms: null
company name: American Electric Power
flow Name: EJU
2: Hold 45 Day Clock
3: Resume 45 Day Clock
4: 15 Day Return Clock
5: Pull Forms from Calc
6: 45 Day Clock
7: Pull Photos from Calc
8: LockProject
9: ProjectUnlocked
10: Creator as Manager
11: Pole Details
12: Generate Calc File
?[36m[info]?[0m [phantom] Starting...
?[36m[info]?[0m [phantom] Execution timeout set to 10000ms
?[36m[info]?[0m [phantom] Running suite: 13 steps
?[32;1m[debug]?[0m [phantom] opening url: https://www.spidasoftware.com/projectmanager/, HTTP GET
?[32;1m[debug]?[0m [phantom] Navigation requested: url=https://www.spidasoftware.com/projectmanager/, type=Other, willNavigate=true, isMainFrame=true
?[32;1m[debug]?[0m [phantom] Navigation requested: url=https://www.spidasoftware.com/cas/login?service=https://www.spidasoftware.com/projectmanager/j_spring_cas_security_check, type=Other, willNavigate=true, isMainFrame=true
?[32;1m[debug]?[0m [phantom] url changed to "https://www.spidasoftware.com/cas/login?service=https://www.spidasoftware.com/projectmanager/j_spring_cas_security_check"
?[32;1m[debug]?[0m [phantom] Successfully injected Casper client-side utilities
?[32;1m[debug]?[0m [phantom] start page is loaded
?[36m[info]?[0m [phantom] Step login 3/13 https://www.spidasoftware.com/cas/login?service=https://www.spidasoftware.com/projectmanager/j_spring_cas_security_check (HTTP 200)
?[36m[info]?[0m [remote] attempting to fetch form element from selector: 'form#fm1'
?[32;1m[debug]?[0m [remote] Set "username" field value to admin@spidasoftware.com
?[32;1m[debug]?[0m [remote] Set "password" field value to ***************
?[36m[info]?[0m [remote] submitting form to /cas/login;jsessionid=161239091313401D355C12D66EFC3658?service=https%3A%2F%2Fwww.spidasoftware.com%2Fprojectmanager%2Fj_spring_cas_security_check, HTTP POST
?[36m[info]?[0m [phantom] Step login 3/13: done in 1820ms.
?[32;1m[debug]?[0m [phantom] Navigation requested: url=https://www.spidasoftware.com/cas/login;jsessionid=161239091313401D355C12D66EFC3658?service=https://www.spidasoftware.com/projectmanager/j_spring_cas_security_check, type=FormSubmitted, willNavigate=true, isMainFrame=true
?[32;1m[debug]?[0m [phantom] Navigation requested: url=https://www.spidasoftware.com/projectmanager/j_spring_cas_security_check?ticket=ST-338-ph27dusj3ccQmPgDUx24-www.spidasoftware.com, type=FormSubmitted, willNavigate=true, isMainFrame=true
?[32;1m[debug]?[0m [phantom] Navigation requested: url=https://www.spidasoftware.com/projectmanager/, type=FormSubmitted, willNavigate=true, isMainFrame=true
?[32;1m[debug]?[0m [phantom] url changed to "https://www.spidasoftware.com/projectmanager/"
?[32;1m[debug]?[0m [phantom] Successfully injected Casper client-side utilities
?[36m[info]?[0m [phantom] Step _step 4/13 https://www.spidasoftware.com/projectmanager/ (HTTP 200)
?[36m[info]?[0m [phantom] Step _step 4/13: done in 7084ms.
?[36m[info]?[0m [phantom] waitFor() finished in 1270ms.
?[36m[info]?[0m [phantom] Step afterLogin 5/14 https://www.spidasoftware.com/projectmanager/ (HTTP 200)
Logged in successfully
?[36m[info]?[0m [phantom] Step afterLogin 5/14: done in 8378ms.
?[36m[info]?[0m [phantom] Step _step 6/14 https://www.spidasoftware.com/projectmanager/ (HTTP 200)
?[36m[info]?[0m [phantom] Step _step 6/14: done in 8399ms.
?[36m[info]?[0m [phantom] waitFor() finished in 43ms.
?[36m[info]?[0m [phantom] Step anonymous 7/15 https://www.spidasoftware.com/projectmanager/ (HTTP 200)
?[32;1m[debug]?[0m [phantom] Mouse event 'mousedown' on selector: xpath selector: //*[text()="American Electric Power"]
?[32;1m[debug]?[0m [phantom] Mouse event 'mouseup' on selector: xpath selector: //*[text()="American Electric Power"]
?[32;1m[debug]?[0m [phantom] Mouse event 'click' on selector: xpath selector: //*[text()="American Electric Power"]
?[32;1m[debug]?[0m [phantom] Navigation requested: url=https://www.spidasoftware.com/projectmanager/#, type=LinkClicked, willNavigate=true, isMainFrame=true
?[32;1m[debug]?[0m [phantom] url changed to "https://www.spidasoftware.com/projectmanager/#"
?[36m[info]?[0m [phantom] Step anonymous 7/15: done in 8474ms.
?[32;1m[debug]?[0m [phantom] Navigation requested: url=https://www.spidasoftware.com/projectmanager/switchcompany, type=FormSubmitted, willNavigate=true, isMainFrame=true
?[33m[warning]?[0m [phantom] Loading resource failed with status=fail (HTTP 200): https://www.spidasoftware.com/projectmanager/switchcompany
?[32;1m[debug]?[0m [phantom] Navigation requested: url=https://www.spidasoftware.com/projectmanager/dashboard/index, type=FormSubmitted, willNavigate=true, isMainFrame=true
script timed out
?[36m[info]?[0m [phantom] Step _step 8/15 https://www.spidasoftware.com/projectmanager/# (HTTP 302)
?[36m[info]?[0m [phantom] Step _step 8/15: done in 10018ms.
?[32;1m[debug]?[0m [phantom] url changed to "https://www.spidasoftware.com/projectmanager/dashboard/index"
?[32;1m[debug]?[0m [phantom] Successfully injected Casper client-side utilities
?[36m[info]?[0m [phantom] waitFor() finished in 2330ms.
?[36m[info]?[0m [phantom] Step anonymous 9/16 https://www.spidasoftware.com/projectmanager/dashboard/index (HTTP 200)
Logged in as: American Electric Power
?[36m[info]?[0m [phantom] Step anonymous 9/16: done in 12371ms.
?[32;1m[debug]?[0m [phantom] opening url: https://www.spidasoftware.com/projectmanager/flow/list, HTTP GET
?[32;1m[debug]?[0m [phantom] Navigation requested: url=https://www.spidasoftware.com/projectmanager/flow/list, type=Other, willNavigate=true, isMainFrame=true
?[33m[warning]?[0m [phantom] Loading resource failed with status=fail (HTTP 200): https://www.spidasoftware.com/projectmanager/flow/list
?[32;1m[debug]?[0m [phantom] url changed to "https://www.spidasoftware.com/projectmanager/flow/list"
?[32;1m[debug]?[0m [phantom] Successfully injected Casper client-side utilities
?[36m[info]?[0m [phantom] Step openFlowList 11/16 https://www.spidasoftware.com/projectmanager/flow/list (HTTP 200)
Navigating to Flow List
?[36m[info]?[0m [phantom] Step openFlowList 11/16: done in 14174ms.
?[36m[info]?[0m [phantom] Step _step 12/16 https://www.spidasoftware.com/projectmanager/flow/list (HTTP 200)
?[36m[info]?[0m [phantom] Step _step 12/16: done in 14193ms.
?[36m[info]?[0m [phantom] waitFor() finished in 44ms.
?[36m[info]?[0m [phantom] Step clickFlow 13/17 https://www.spidasoftware.com/projectmanager/flow/list (HTTP 200)
Currently at: https://www.spidasoftware.com/projectmanager/flow/list
?[32;1m[debug]?[0m [phantom] Mouse event 'mousedown' on selector: xpath selector: //a[text()="EJU"]
?[32;1m[debug]?[0m [phantom] Mouse event 'mouseup' on selector: xpath selector: //a[text()="EJU"]
?[32;1m[debug]?[0m [phantom] Mouse event 'click' on selector: xpath selector: //a[text()="EJU"]
?[32;1m[debug]?[0m [phantom] Navigation requested: url=https://www.spidasoftware.com/projectmanager/flow/edit/6378, type=LinkClicked, willNavigate=true, isMainFrame=true
?[36m[info]?[0m [phantom] Step clickFlow 13/17: done in 14265ms.
?[33m[warning]?[0m [phantom] Loading resource failed with status=fail (HTTP 200): https://www.spidasoftware.com/projectmanager/flow/edit/6378
?[32;1m[debug]?[0m [phantom] url changed to "https://www.spidasoftware.com/projectmanager/flow/edit/6378"
?[32;1m[debug]?[0m [phantom] Successfully injected Casper client-side utilities
?[36m[info]?[0m [phantom] Step _step 14/17 https://www.spidasoftware.com/projectmanager/flow/edit/6378 (HTTP 200)
?[36m[info]?[0m [phantom] Step _step 14/17: done in 16407ms.
?[36m[info]?[0m [phantom] waitFor() finished in 151ms.
?[36m[info]?[0m [phantom] Step getOrder 15/18 https://www.spidasoftware.com/projectmanager/flow/edit/6378 (HTTP 200)
?[36m[info]?[0m [phantom] Step getOrder 15/18: done in 16611ms.
?[36m[info]?[0m [phantom] Step _step 16/18 https://www.spidasoftware.com/projectmanager/flow/edit/6378 (HTTP 200)
?[36m[info]?[0m [phantom] Step _step 16/18: done in 16623ms.
?[36m[info]?[0m [phantom] wait() finished waiting for 2000ms.
Currently at: https://www.spidasoftware.com/projectmanager/flow/edit/6378
?[32;1m[debug]?[0m [phantom] Mouse event 'mousedown' on selector: #events_table>table>tbody>tr:nth-child(1)>td:nth-child(5)>a
?[32;1m[debug]?[0m [phantom] Mouse event 'mouseup' on selector: #events_table>table>tbody>tr:nth-child(1)>td:nth-child(5)>a
?[32;1m[debug]?[0m [phantom] Mouse event 'click' on selector: #events_table>table>tbody>tr:nth-child(1)>td:nth-child(5)>a
?[32;1m[debug]?[0m [phantom] Navigation requested: url=https://www.spidasoftware.com/projectmanager/flow/edit/6378#, type=LinkClicked, willNavigate=true, isMainFrame=true
?[32;1m[debug]?[0m [phantom] url changed to "https://www.spidasoftware.com/projectmanager/flow/edit/6378#"
?[36m[info]?[0m [phantom] Step _step 17/18 https://www.spidasoftware.com/projectmanager/flow/edit/6378# (HTTP 200)
?[36m[info]?[0m [phantom] Step _step 17/18: done in 18640ms.
?[36m[info]?[0m [phantom] waitFor() finished in 995ms.
?[36m[info]?[0m [phantom] Step clickActionTab 18/19 https://www.spidasoftware.com/projectmanager/flow/edit/6378# (HTTP 200)
?[32;1m[debug]?[0m [phantom] Mouse event 'mousedown' on selector: form>div>div>dl>dd:nth-child(2)>a
?[32;1m[debug]?[0m [phantom] Mouse event 'mouseup' on selector: form>div>div>dl>dd:nth-child(2)>a
?[32;1m[debug]?[0m [phantom] Mouse event 'click' on selector: form>div>div>dl>dd:nth-child(2)>a
?[36m[info]?[0m [phantom] Step clickActionTab 18/19: done in 19667ms.
?[36m[info]?[0m [phantom] Step _step 19/19 https://www.spidasoftware.com/projectmanager/flow/edit/6378# (HTTP 200)
?[36m[info]?[0m [phantom] Step _step 19/19: done in 19674ms.
?[36m[info]?[0m [phantom] waitFor() finished in 1097ms.
?[36m[info]?[0m [phantom] Step chooseAnAction 20/20 https://www.spidasoftware.com/projectmanager/flow/edit/6378# (HTTP 200)
Capturing action: ProjectUnlocked...
6381
Capturing action: Pole Details...
6382
Capturing action: 45 Day Clock...
6386
Capturing action: LockProject...
6410
Capturing action: Creator as Manager...
6413
Capturing action: Hold 45 Day Clock...
6416
Capturing action: Resume 45 Day Clock...
6417
Capturing action: Generate Calc File...
6478
Capturing action: 15 Day Return Clock...
6481
Capturing action: Pull Forms from Calc...
6482
Capturing action: Pull Photos from Calc...
6483
?[36m[info]?[0m [phantom] Step chooseAnAction 20/20: done in 21651ms.
?[36m[info]?[0m [phantom] Step changeOnClickValue 21/42 https://www.spidasoftware.com/projectmanager/flow/edit/6378# (HTTP 200)
?[36m[info]?[0m [phantom] Step changeOnClickValue 21/42: done in 21654ms.
?[36m[info]?[0m [phantom] Step _step 22/42 https://www.spidasoftware.com/projectmanager/flow/edit/6378# (HTTP 200)
?[36m[info]?[0m [phantom] Step _step 22/42: done in 21673ms.
?[36m[info]?[0m [phantom] wait() finished waiting for 2000ms.
?[36m[info]?[0m [phantom] Step _step 23/43 https://www.spidasoftware.com/projectmanager/flow/edit/6378# (HTTP 200)
?[36m[info]?[0m [phantom] Step _step 23/43: done in 23680ms.
?[36m[info]?[0m [phantom] waitFor() finished in 42ms.
?[36m[info]?[0m [phantom] Step waitedForJavascript 24/44 https://www.spidasoftware.com/projectmanager/flow/edit/6378# (HTTP 200)
?[32;1m[debug]?[0m [phantom] Capturing page to /Users/zpeugh/code/min/scripts/flowdocument/pngs/ProjectUnlocked.png
?[36m[info]?[0m [phantom] Capture saved to /Users/zpeugh/code/min/scripts/flowdocument/pngs/ProjectUnlocked.png
Captured action: ProjectUnlockedvalue: 6381
?[36m[info]?[0m [phantom] Step waitedForJavascript 24/44: done in 24170ms.
?[36m[info]?[0m [phantom] Step changeOnClickValue 25/44 https://www.spidasoftware.com/projectmanager/flow/edit/6378# (HTTP 200)
?[36m[info]?[0m [phantom] Step changeOnClickValue 25/44: done in 24249ms.
?[36m[info]?[0m [phantom] Step _step 26/44 https://www.spidasoftware.com/projectmanager/flow/edit/6378# (HTTP 200)
?[36m[info]?[0m [phantom] Step _step 26/44: done in 24281ms.
?[36m[info]?[0m [phantom] wait() finished waiting for 2000ms.
?[36m[info]?[0m [phantom] Step _step 27/45 https://www.spidasoftware.com/projectmanager/flow/edit/6378# (HTTP 200)
?[36m[info]?[0m [phantom] Step _step 27/45: done in 26303ms.
?[36m[info]?[0m [phantom] waitFor() finished in 41ms.
?[36m[info]?[0m [phantom] Step waitedForJavascript 28/46 https://www.spidasoftware.com/projectmanager/flow/edit/6378# (HTTP 200)
?[32;1m[debug]?[0m [phantom] Capturing page to /Users/zpeugh/code/min/scripts/flowdocument/pngs/Pole Details.png
?[36m[info]?[0m [phantom] Capture saved to /Users/zpeugh/code/min/scripts/flowdocument/pngs/Pole Details.png
Captured action: Pole Detailsvalue: 6382
?[36m[info]?[0m [phantom] Step waitedForJavascript 28/46: done in 26689ms.
?[36m[info]?[0m [phantom] Step changeOnClickValue 29/46 https://www.spidasoftware.com/projectmanager/flow/edit/6378# (HTTP 200)
?[36m[info]?[0m [phantom] Step changeOnClickValue 29/46: done in 26691ms.
?[36m[info]?[0m [phantom] Step _step 30/46 https://www.spidasoftware.com/projectmanager/flow/edit/6378# (HTTP 200)
?[36m[info]?[0m [phantom] Step _step 30/46: done in 26771ms.
?[36m[info]?[0m [phantom] wait() finished waiting for 2000ms.
?[36m[info]?[0m [phantom] Step _step 31/47 https://www.spidasoftware.com/projectmanager/flow/edit/6378# (HTTP 200)
?[36m[info]?[0m [phantom] Step _step 31/47: done in 28787ms.
?[36m[info]?[0m [phantom] waitFor() finished in 41ms.
?[36m[info]?[0m [phantom] Step waitedForJavascript 32/48 https://www.spidasoftware.com/projectmanager/flow/edit/6378# (HTTP 200)
?[32;1m[debug]?[0m [phantom] Capturing page to /Users/zpeugh/code/min/scripts/flowdocument/pngs/45 Day Clock.png
?[36m[info]?[0m [phantom] Capture saved to /Users/zpeugh/code/min/scripts/flowdocument/pngs/45 Day Clock.png
Captured action: 45 Day Clockvalue: 6386
?[36m[info]?[0m [phantom] Step waitedForJavascript 32/48: done in 29174ms.
?[36m[info]?[0m [phantom] Step changeOnClickValue 33/48 https://www.spidasoftware.com/projectmanager/flow/edit/6378# (HTTP 200)
?[36m[info]?[0m [phantom] Step changeOnClickValue 33/48: done in 29176ms.
?[36m[info]?[0m [phantom] Step _step 34/48 https://www.spidasoftware.com/projectmanager/flow/edit/6378# (HTTP 200)
?[36m[info]?[0m [phantom] Step _step 34/48: done in 29253ms.
?[36m[info]?[0m [phantom] wait() finished waiting for 2000ms.
?[36m[info]?[0m [phantom] Step _step 35/49 https://www.spidasoftware.com/projectmanager/flow/edit/6378# (HTTP 200)
?[36m[info]?[0m [phantom] Step _step 35/49: done in 31275ms.
?[36m[info]?[0m [phantom] waitFor() finished in 42ms.
?[36m[info]?[0m [phantom] Step waitedForJavascript 36/50 https://www.spidasoftware.com/projectmanager/flow/edit/6378# (HTTP 200)
?[32;1m[debug]?[0m [phantom] Capturing page to /Users/zpeugh/code/min/scripts/flowdocument/pngs/LockProject.png
?[36m[info]?[0m [phantom] Capture saved to /Users/zpeugh/code/min/scripts/flowdocument/pngs/LockProject.png
Captured action: LockProjectvalue: 6410
?[36m[info]?[0m [phantom] Step waitedForJavascript 36/50: done in 31660ms.
?[36m[info]?[0m [phantom] Step changeOnClickValue 37/50 https://www.spidasoftware.com/projectmanager/flow/edit/6378# (HTTP 200)
?[36m[info]?[0m [phantom] Step changeOnClickValue 37/50: done in 31667ms.
?[36m[info]?[0m [phantom] Step _step 38/50 https://www.spidasoftware.com/projectmanager/flow/edit/6378# (HTTP 200)
?[36m[info]?[0m [phantom] Step _step 38/50: done in 31746ms.
?[36m[info]?[0m [phantom] wait() finished waiting for 2000ms.
?[36m[info]?[0m [phantom] Step _step 39/51 https://www.spidasoftware.com/projectmanager/flow/edit/6378# (HTTP 200)
?[36m[info]?[0m [phantom] Step _step 39/51: done in 33759ms.
?[36m[info]?[0m [phantom] waitFor() finished in 41ms.
?[36m[info]?[0m [phantom] Step waitedForJavascript 40/52 https://www.spidasoftware.com/projectmanager/flow/edit/6378# (HTTP 200)
?[32;1m[debug]?[0m [phantom] Capturing page to /Users/zpeugh/code/min/scripts/flowdocument/pngs/Creator as Manager.png
?[36m[info]?[0m [phantom] Capture saved to /Users/zpeugh/code/min/scripts/flowdocument/pngs/Creator as Manager.png
Captured action: Creator as Managervalue: 6413
?[36m[info]?[0m [phantom] Step waitedForJavascript 40/52: done in 34189ms.
?[36m[info]?[0m [phantom] Step changeOnClickValue 41/52 https://www.spidasoftware.com/projectmanager/flow/edit/6378# (HTTP 200)
?[36m[info]?[0m [phantom] Step changeOnClickValue 41/52: done in 34191ms.
?[36m[info]?[0m [phantom] Step _step 42/52 https://www.spidasoftware.com/projectmanager/flow/edit/6378# (HTTP 200)
?[36m[info]?[0m [phantom] Step _step 42/52: done in 34274ms.
?[36m[info]?[0m [phantom] wait() finished waiting for 2000ms.
?[36m[info]?[0m [phantom] Step _step 43/53 https://www.spidasoftware.com/projectmanager/flow/edit/6378# (HTTP 200)
?[36m[info]?[0m [phantom] Step _step 43/53: done in 36292ms.
?[36m[info]?[0m [phantom] waitFor() finished in 41ms.
?[36m[info]?[0m [phantom] Step waitedForJavascript 44/54 https://www.spidasoftware.com/projectmanager/flow/edit/6378# (HTTP 200)
?[32;1m[debug]?[0m [phantom] Capturing page to /Users/zpeugh/code/min/scripts/flowdocument/pngs/Hold 45 Day Clock.png
?[36m[info]?[0m [phantom] Capture saved to /Users/zpeugh/code/min/scripts/flowdocument/pngs/Hold 45 Day Clock.png
Captured action: Hold 45 Day Clockvalue: 6416
?[36m[info]?[0m [phantom] Step waitedForJavascript 44/54: done in 36673ms.
?[36m[info]?[0m [phantom] Step changeOnClickValue 45/54 https://www.spidasoftware.com/projectmanager/flow/edit/6378# (HTTP 200)
?[36m[info]?[0m [phantom] Step changeOnClickValue 45/54: done in 36675ms.
?[36m[info]?[0m [phantom] Step _step 46/54 https://www.spidasoftware.com/projectmanager/flow/edit/6378# (HTTP 200)
?[36m[info]?[0m [phantom] Step _step 46/54: done in 36783ms.
?[36m[info]?[0m [phantom] wait() finished waiting for 2000ms.
?[36m[info]?[0m [phantom] Step _step 47/55 https://www.spidasoftware.com/projectmanager/flow/edit/6378# (HTTP 200)
?[36m[info]?[0m [phantom] Step _step 47/55: done in 38797ms.
?[36m[info]?[0m [phantom] waitFor() finished in 40ms.
?[36m[info]?[0m [phantom] Step waitedForJavascript 48/56 https://www.spidasoftware.com/projectmanager/flow/edit/6378# (HTTP 200)
?[32;1m[debug]?[0m [phantom] Capturing page to /Users/zpeugh/code/min/scripts/flowdocument/pngs/Resume 45 Day Clock.png
?[36m[info]?[0m [phantom] Capture saved to /Users/zpeugh/code/min/scripts/flowdocument/pngs/Resume 45 Day Clock.png
Captured action: Resume 45 Day Clockvalue: 6417
?[36m[info]?[0m [phantom] Step waitedForJavascript 48/56: done in 39176ms.
?[36m[info]?[0m [phantom] Step changeOnClickValue 49/56 https://www.spidasoftware.com/projectmanager/flow/edit/6378# (HTTP 200)
?[36m[info]?[0m [phantom] Step changeOnClickValue 49/56: done in 39178ms.
?[36m[info]?[0m [phantom] Step _step 50/56 https://www.spidasoftware.com/projectmanager/flow/edit/6378# (HTTP 200)
?[36m[info]?[0m [phantom] Step _step 50/56: done in 39255ms.
?[36m[info]?[0m [phantom] wait() finished waiting for 2000ms.
?[36m[info]?[0m [phantom] Step _step 51/57 https://www.spidasoftware.com/projectmanager/flow/edit/6378# (HTTP 200)
?[36m[info]?[0m [phantom] Step _step 51/57: done in 41258ms.
?[36m[info]?[0m [phantom] waitFor() finished in 41ms.
?[36m[info]?[0m [phantom] Step waitedForJavascript 52/58 https://www.spidasoftware.com/projectmanager/flow/edit/6378# (HTTP 200)
?[32;1m[debug]?[0m [phantom] Capturing page to /Users/zpeugh/code/min/scripts/flowdocument/pngs/Generate Calc File.png
?[36m[info]?[0m [phantom] Capture saved to /Users/zpeugh/code/min/scripts/flowdocument/pngs/Generate Calc File.png
Captured action: Generate Calc Filevalue: 6478
?[36m[info]?[0m [phantom] Step waitedForJavascript 52/58: done in 41641ms.
?[36m[info]?[0m [phantom] Step changeOnClickValue 53/58 https://www.spidasoftware.com/projectmanager/flow/edit/6378# (HTTP 200)
?[36m[info]?[0m [phantom] Step changeOnClickValue 53/58: done in 41643ms.
?[36m[info]?[0m [phantom] Step _step 54/58 https://www.spidasoftware.com/projectmanager/flow/edit/6378# (HTTP 200)
?[36m[info]?[0m [phantom] Step _step 54/58: done in 41721ms.
?[36m[info]?[0m [phantom] wait() finished waiting for 2000ms.
?[36m[info]?[0m [phantom] Step _step 55/59 https://www.spidasoftware.com/projectmanager/flow/edit/6378# (HTTP 200)
?[36m[info]?[0m [phantom] Step _step 55/59: done in 43739ms.
?[36m[info]?[0m [phantom] waitFor() finished in 41ms.
?[36m[info]?[0m [phantom] Step waitedForJavascript 56/60 https://www.spidasoftware.com/projectmanager/flow/edit/6378# (HTTP 200)
?[32;1m[debug]?[0m [phantom] Capturing page to /Users/zpeugh/code/min/scripts/flowdocument/pngs/15 Day Return Clock.png
?[36m[info]?[0m [phantom] Capture saved to /Users/zpeugh/code/min/scripts/flowdocument/pngs/15 Day Return Clock.png
Captured action: 15 Day Return Clockvalue: 6481
?[36m[info]?[0m [phantom] Step waitedForJavascript 56/60: done in 44127ms.
?[36m[info]?[0m [phantom] Step changeOnClickValue 57/60 https://www.spidasoftware.com/projectmanager/flow/edit/6378# (HTTP 200)
?[36m[info]?[0m [phantom] Step changeOnClickValue 57/60: done in 44130ms.
?[36m[info]?[0m [phantom] Step _step 58/60 https://www.spidasoftware.com/projectmanager/flow/edit/6378# (HTTP 200)
?[36m[info]?[0m [phantom] Step _step 58/60: done in 44209ms.
?[36m[info]?[0m [phantom] wait() finished waiting for 2000ms.
?[36m[info]?[0m [phantom] Step _step 59/61 https://www.spidasoftware.com/projectmanager/flow/edit/6378# (HTTP 200)
?[36m[info]?[0m [phantom] Step _step 59/61: done in 46231ms.
?[36m[info]?[0m [phantom] waitFor() finished in 40ms.
?[36m[info]?[0m [phantom] Step waitedForJavascript 60/62 https://www.spidasoftware.com/projectmanager/flow/edit/6378# (HTTP 200)
?[32;1m[debug]?[0m [phantom] Capturing page to /Users/zpeugh/code/min/scripts/flowdocument/pngs/Pull Forms from Calc.png
?[36m[info]?[0m [phantom] Capture saved to /Users/zpeugh/code/min/scripts/flowdocument/pngs/Pull Forms from Calc.png
Captured action: Pull Forms from Calcvalue: 6482
?[36m[info]?[0m [phantom] Step waitedForJavascript 60/62: done in 46611ms.
?[36m[info]?[0m [phantom] Step changeOnClickValue 61/62 https://www.spidasoftware.com/projectmanager/flow/edit/6378# (HTTP 200)
?[36m[info]?[0m [phantom] Step changeOnClickValue 61/62: done in 46613ms.
?[36m[info]?[0m [phantom] Step _step 62/62 https://www.spidasoftware.com/projectmanager/flow/edit/6378# (HTTP 200)
?[36m[info]?[0m [phantom] Step _step 62/62: done in 46692ms.
?[36m[info]?[0m [phantom] wait() finished waiting for 2000ms.
?[36m[info]?[0m [phantom] Step _step 63/63 https://www.spidasoftware.com/projectmanager/flow/edit/6378# (HTTP 200)
?[36m[info]?[0m [phantom] Step _step 63/63: done in 48694ms.
?[36m[info]?[0m [phantom] waitFor() finished in 40ms.
?[36m[info]?[0m [phantom] Step waitedForJavascript 64/64 https://www.spidasoftware.com/projectmanager/flow/edit/6378# (HTTP 200)
?[32;1m[debug]?[0m [phantom] Capturing page to /Users/zpeugh/code/min/scripts/flowdocument/pngs/Pull Photos from Calc.png
?[36m[info]?[0m [phantom] Capture saved to /Users/zpeugh/code/min/scripts/flowdocument/pngs/Pull Photos from Calc.png
Captured action: Pull Photos from Calcvalue: 6483
?[36m[info]?[0m [phantom] Step waitedForJavascript 64/64: done in 49074ms.
?[36m[info]?[0m [phantom] Done 64 steps in 49074ms
args: Hold~45~Day~Clock Resume~45~Day~Clock 15~Day~Return~Clock Pull~Forms~from~Calc 45~Day~Clock Pull~Photos~from~Calc LockProject ProjectUnlocked Creator~as~Manager Pole~Details Generate~Calc~File
Actions to capture: 
0: Hold 45 Day Clock
1: Resume 45 Day Clock
2: 15 Day Return Clock
3: Pull Forms from Calc
4: 45 Day Clock
5: Pull Photos from Calc
6: LockProject
7: ProjectUnlocked
8: Creator as Manager
9: Pole Details
10: Generate Calc File
?[36m[info]?[0m [phantom] Starting...
?[36m[info]?[0m [phantom] Execution timeout set to 8000ms
?[36m[info]?[0m [phantom] Running suite: 44 steps
?[32;1m[debug]?[0m [phantom] opening url: file:///Users/zpeugh/code/min/scripts/flowdocument/Resources/actionHtmls/Hold 45 Day Clock.html, HTTP GET
?[32;1m[debug]?[0m [phantom] Navigation requested: url=file:///Users/zpeugh/code/min/scripts/flowdocument/Resources/actionHtmls/Hold 45 Day Clock.html, type=Other, willNavigate=true, isMainFrame=true
?[32;1m[debug]?[0m [phantom] url changed to "file:///Users/zpeugh/code/min/scripts/flowdocument/Resources/actionHtmls/Hold 45 Day Clock.html"
?[32;1m[debug]?[0m [phantom] Successfully injected Casper client-side utilities
?[36m[info]?[0m [phantom] Step anonymous 2/44: done in 82ms.
?[36m[info]?[0m [phantom] Step _step 3/45: done in 103ms.
?[36m[info]?[0m [phantom] waitFor() finished in 40ms.
?[32;1m[debug]?[0m [phantom] Capturing page to /Users/zpeugh/code/min/scripts/flowdocument/Resources/actionHtmls/actionPNGs/Hold 45 Day Clock.png with clipRect {"top":15,"height":171,"left":62,"width":501}
?[36m[info]?[0m [phantom] Capture saved to /Users/zpeugh/code/min/scripts/flowdocument/Resources/actionHtmls/actionPNGs/Hold 45 Day Clock.png
?[36m[info]?[0m [phantom] Step anonymous 4/46: done in 221ms.
?[32;1m[debug]?[0m [phantom] opening url: file:///Users/zpeugh/code/min/scripts/flowdocument/Resources/actionHtmls/Resume 45 Day Clock.html, HTTP GET
?[32;1m[debug]?[0m [phantom] Navigation requested: url=file:///Users/zpeugh/code/min/scripts/flowdocument/Resources/actionHtmls/Resume 45 Day Clock.html, type=Other, willNavigate=true, isMainFrame=true
?[32;1m[debug]?[0m [phantom] url changed to "file:///Users/zpeugh/code/min/scripts/flowdocument/Resources/actionHtmls/Resume 45 Day Clock.html"
?[32;1m[debug]?[0m [phantom] Successfully injected Casper client-side utilities
?[36m[info]?[0m [phantom] Step anonymous 6/46: done in 274ms.
?[36m[info]?[0m [phantom] Step _step 7/47: done in 298ms.
?[36m[info]?[0m [phantom] waitFor() finished in 46ms.
?[32;1m[debug]?[0m [phantom] Capturing page to /Users/zpeugh/code/min/scripts/flowdocument/Resources/actionHtmls/actionPNGs/Resume 45 Day Clock.png with clipRect {"top":15,"height":171,"left":62,"width":501}
?[36m[info]?[0m [phantom] Capture saved to /Users/zpeugh/code/min/scripts/flowdocument/Resources/actionHtmls/actionPNGs/Resume 45 Day Clock.png
?[36m[info]?[0m [phantom] Step anonymous 8/48: done in 419ms.
?[32;1m[debug]?[0m [phantom] opening url: file:///Users/zpeugh/code/min/scripts/flowdocument/Resources/actionHtmls/15 Day Return Clock.html, HTTP GET
?[32;1m[debug]?[0m [phantom] Navigation requested: url=file:///Users/zpeugh/code/min/scripts/flowdocument/Resources/actionHtmls/15 Day Return Clock.html, type=Other, willNavigate=true, isMainFrame=true
?[32;1m[debug]?[0m [phantom] url changed to "file:///Users/zpeugh/code/min/scripts/flowdocument/Resources/actionHtmls/15 Day Return Clock.html"
?[32;1m[debug]?[0m [phantom] Successfully injected Casper client-side utilities
?[36m[info]?[0m [phantom] Step anonymous 10/48: done in 475ms.
?[36m[info]?[0m [phantom] Step _step 11/49: done in 499ms.
?[36m[info]?[0m [phantom] waitFor() finished in 48ms.
?[32;1m[debug]?[0m [phantom] Capturing page to /Users/zpeugh/code/min/scripts/flowdocument/Resources/actionHtmls/actionPNGs/15 Day Return Clock.png with clipRect {"top":15,"height":393,"left":62,"width":501}
?[36m[info]?[0m [phantom] Capture saved to /Users/zpeugh/code/min/scripts/flowdocument/Resources/actionHtmls/actionPNGs/15 Day Return Clock.png
?[36m[info]?[0m [phantom] Step anonymous 12/50: done in 639ms.
?[32;1m[debug]?[0m [phantom] opening url: file:///Users/zpeugh/code/min/scripts/flowdocument/Resources/actionHtmls/Pull Forms from Calc.html, HTTP GET
?[32;1m[debug]?[0m [phantom] Navigation requested: url=file:///Users/zpeugh/code/min/scripts/flowdocument/Resources/actionHtmls/Pull Forms from Calc.html, type=Other, willNavigate=true, isMainFrame=true
?[32;1m[debug]?[0m [phantom] url changed to "file:///Users/zpeugh/code/min/scripts/flowdocument/Resources/actionHtmls/Pull Forms from Calc.html"
?[32;1m[debug]?[0m [phantom] Successfully injected Casper client-side utilities
?[36m[info]?[0m [phantom] Step anonymous 14/50: done in 694ms.
?[36m[info]?[0m [phantom] Step _step 15/51: done in 713ms.
?[36m[info]?[0m [phantom] waitFor() finished in 48ms.
?[32;1m[debug]?[0m [phantom] Capturing page to /Users/zpeugh/code/min/scripts/flowdocument/Resources/actionHtmls/actionPNGs/Pull Forms from Calc.png with clipRect {"top":15,"height":171,"left":62,"width":501}
?[36m[info]?[0m [phantom] Capture saved to /Users/zpeugh/code/min/scripts/flowdocument/Resources/actionHtmls/actionPNGs/Pull Forms from Calc.png
?[36m[info]?[0m [phantom] Step anonymous 16/52: done in 839ms.
?[32;1m[debug]?[0m [phantom] opening url: file:///Users/zpeugh/code/min/scripts/flowdocument/Resources/actionHtmls/45 Day Clock.html, HTTP GET
?[32;1m[debug]?[0m [phantom] Navigation requested: url=file:///Users/zpeugh/code/min/scripts/flowdocument/Resources/actionHtmls/45 Day Clock.html, type=Other, willNavigate=true, isMainFrame=true
?[32;1m[debug]?[0m [phantom] url changed to "file:///Users/zpeugh/code/min/scripts/flowdocument/Resources/actionHtmls/45 Day Clock.html"
?[32;1m[debug]?[0m [phantom] Successfully injected Casper client-side utilities
?[36m[info]?[0m [phantom] Step anonymous 18/52: done in 892ms.
?[36m[info]?[0m [phantom] Step _step 19/53: done in 914ms.
?[36m[info]?[0m [phantom] waitFor() finished in 41ms.
?[32;1m[debug]?[0m [phantom] Capturing page to /Users/zpeugh/code/min/scripts/flowdocument/Resources/actionHtmls/actionPNGs/45 Day Clock.png with clipRect {"top":15,"height":393,"left":62,"width":501}
?[36m[info]?[0m [phantom] Capture saved to /Users/zpeugh/code/min/scripts/flowdocument/Resources/actionHtmls/actionPNGs/45 Day Clock.png
?[36m[info]?[0m [phantom] Step anonymous 20/54: done in 1042ms.
?[32;1m[debug]?[0m [phantom] opening url: file:///Users/zpeugh/code/min/scripts/flowdocument/Resources/actionHtmls/Pull Photos from Calc.html, HTTP GET
?[32;1m[debug]?[0m [phantom] Navigation requested: url=file:///Users/zpeugh/code/min/scripts/flowdocument/Resources/actionHtmls/Pull Photos from Calc.html, type=Other, willNavigate=true, isMainFrame=true
?[32;1m[debug]?[0m [phantom] url changed to "file:///Users/zpeugh/code/min/scripts/flowdocument/Resources/actionHtmls/Pull Photos from Calc.html"
?[32;1m[debug]?[0m [phantom] Successfully injected Casper client-side utilities
?[36m[info]?[0m [phantom] Step anonymous 22/54: done in 1097ms.
?[36m[info]?[0m [phantom] Step _step 23/55: done in 1116ms.
?[36m[info]?[0m [phantom] waitFor() finished in 46ms.
?[32;1m[debug]?[0m [phantom] Capturing page to /Users/zpeugh/code/min/scripts/flowdocument/Resources/actionHtmls/actionPNGs/Pull Photos from Calc.png with clipRect {"top":15,"height":171,"left":62,"width":501}
?[36m[info]?[0m [phantom] Capture saved to /Users/zpeugh/code/min/scripts/flowdocument/Resources/actionHtmls/actionPNGs/Pull Photos from Calc.png
?[36m[info]?[0m [phantom] Step anonymous 24/56: done in 1238ms.
?[32;1m[debug]?[0m [phantom] opening url: file:///Users/zpeugh/code/min/scripts/flowdocument/Resources/actionHtmls/LockProject.html, HTTP GET
?[32;1m[debug]?[0m [phantom] Navigation requested: url=file:///Users/zpeugh/code/min/scripts/flowdocument/Resources/actionHtmls/LockProject.html, type=Other, willNavigate=true, isMainFrame=true
?[32;1m[debug]?[0m [phantom] url changed to "file:///Users/zpeugh/code/min/scripts/flowdocument/Resources/actionHtmls/LockProject.html"
?[32;1m[debug]?[0m [phantom] Successfully injected Casper client-side utilities
?[36m[info]?[0m [phantom] Step anonymous 26/56: done in 1292ms.
?[36m[info]?[0m [phantom] Step _step 27/57: done in 1312ms.
?[36m[info]?[0m [phantom] waitFor() finished in 48ms.
?[32;1m[debug]?[0m [phantom] Capturing page to /Users/zpeugh/code/min/scripts/flowdocument/Resources/actionHtmls/actionPNGs/LockProject.png with clipRect {"top":15,"height":245,"left":62,"width":501}
?[36m[info]?[0m [phantom] Capture saved to /Users/zpeugh/code/min/scripts/flowdocument/Resources/actionHtmls/actionPNGs/LockProject.png
?[36m[info]?[0m [phantom] Step anonymous 28/58: done in 1440ms.
?[32;1m[debug]?[0m [phantom] opening url: file:///Users/zpeugh/code/min/scripts/flowdocument/Resources/actionHtmls/ProjectUnlocked.html, HTTP GET
?[32;1m[debug]?[0m [phantom] Navigation requested: url=file:///Users/zpeugh/code/min/scripts/flowdocument/Resources/actionHtmls/ProjectUnlocked.html, type=Other, willNavigate=true, isMainFrame=true
?[32;1m[debug]?[0m [phantom] url changed to "file:///Users/zpeugh/code/min/scripts/flowdocument/Resources/actionHtmls/ProjectUnlocked.html"
?[32;1m[debug]?[0m [phantom] Successfully injected Casper client-side utilities
?[36m[info]?[0m [phantom] Step anonymous 30/58: done in 1495ms.
?[36m[info]?[0m [phantom] Step _step 31/59: done in 1515ms.
?[36m[info]?[0m [phantom] waitFor() finished in 48ms.
?[32;1m[debug]?[0m [phantom] Capturing page to /Users/zpeugh/code/min/scripts/flowdocument/Resources/actionHtmls/actionPNGs/ProjectUnlocked.png with clipRect {"top":15,"height":245,"left":62,"width":501}
?[36m[info]?[0m [phantom] Capture saved to /Users/zpeugh/code/min/scripts/flowdocument/Resources/actionHtmls/actionPNGs/ProjectUnlocked.png
?[36m[info]?[0m [phantom] Step anonymous 32/60: done in 1648ms.
?[32;1m[debug]?[0m [phantom] opening url: file:///Users/zpeugh/code/min/scripts/flowdocument/Resources/actionHtmls/Creator as Manager.html, HTTP GET
?[32;1m[debug]?[0m [phantom] Navigation requested: url=file:///Users/zpeugh/code/min/scripts/flowdocument/Resources/actionHtmls/Creator as Manager.html, type=Other, willNavigate=true, isMainFrame=true
?[32;1m[debug]?[0m [phantom] url changed to "file:///Users/zpeugh/code/min/scripts/flowdocument/Resources/actionHtmls/Creator as Manager.html"
?[32;1m[debug]?[0m [phantom] Successfully injected Casper client-side utilities
?[36m[info]?[0m [phantom] Step anonymous 34/60: done in 1708ms.
?[36m[info]?[0m [phantom] Step _step 35/61: done in 1731ms.
?[36m[info]?[0m [phantom] waitFor() finished in 48ms.
?[32;1m[debug]?[0m [phantom] Capturing page to /Users/zpeugh/code/min/scripts/flowdocument/Resources/actionHtmls/actionPNGs/Creator as Manager.png with clipRect {"top":15,"height":393,"left":62,"width":501}
?[36m[info]?[0m [phantom] Capture saved to /Users/zpeugh/code/min/scripts/flowdocument/Resources/actionHtmls/actionPNGs/Creator as Manager.png
?[36m[info]?[0m [phantom] Step anonymous 36/62: done in 1870ms.
?[32;1m[debug]?[0m [phantom] opening url: file:///Users/zpeugh/code/min/scripts/flowdocument/Resources/actionHtmls/Pole Details.html, HTTP GET
?[32;1m[debug]?[0m [phantom] Navigation requested: url=file:///Users/zpeugh/code/min/scripts/flowdocument/Resources/actionHtmls/Pole Details.html, type=Other, willNavigate=true, isMainFrame=true
?[32;1m[debug]?[0m [phantom] url changed to "file:///Users/zpeugh/code/min/scripts/flowdocument/Resources/actionHtmls/Pole Details.html"
?[32;1m[debug]?[0m [phantom] Successfully injected Casper client-side utilities
?[36m[info]?[0m [phantom] Step anonymous 38/62: done in 1927ms.
?[36m[info]?[0m [phantom] Step _step 39/63: done in 1948ms.
?[36m[info]?[0m [phantom] waitFor() finished in 47ms.
?[32;1m[debug]?[0m [phantom] Capturing page to /Users/zpeugh/code/min/scripts/flowdocument/Resources/actionHtmls/actionPNGs/Pole Details.png with clipRect {"top":15,"height":319,"left":62,"width":501}
?[36m[info]?[0m [phantom] Capture saved to /Users/zpeugh/code/min/scripts/flowdocument/Resources/actionHtmls/actionPNGs/Pole Details.png
?[36m[info]?[0m [phantom] Step anonymous 40/64: done in 2080ms.
?[32;1m[debug]?[0m [phantom] opening url: file:///Users/zpeugh/code/min/scripts/flowdocument/Resources/actionHtmls/Generate Calc File.html, HTTP GET
?[32;1m[debug]?[0m [phantom] Navigation requested: url=file:///Users/zpeugh/code/min/scripts/flowdocument/Resources/actionHtmls/Generate Calc File.html, type=Other, willNavigate=true, isMainFrame=true
?[32;1m[debug]?[0m [phantom] url changed to "file:///Users/zpeugh/code/min/scripts/flowdocument/Resources/actionHtmls/Generate Calc File.html"
?[32;1m[debug]?[0m [phantom] Successfully injected Casper client-side utilities
?[36m[info]?[0m [phantom] Step anonymous 42/64: done in 2135ms.
?[36m[info]?[0m [phantom] Step _step 43/65: done in 2156ms.
?[36m[info]?[0m [phantom] waitFor() finished in 47ms.
?[32;1m[debug]?[0m [phantom] Capturing page to /Users/zpeugh/code/min/scripts/flowdocument/Resources/actionHtmls/actionPNGs/Generate Calc File.png with clipRect {"top":15,"height":245,"left":62,"width":501}
?[36m[info]?[0m [phantom] Capture saved to /Users/zpeugh/code/min/scripts/flowdocument/Resources/actionHtmls/actionPNGs/Generate Calc File.png
?[36m[info]?[0m [phantom] Step anonymous 44/66: done in 2285ms.
?[32;1m[debug]?[0m [phantom] opening url: file:///Users/zpeugh/code/min/scripts/flowdocument/Resources/actionHtmls/Hold 45 Day Clock.html, HTTP GET
?[32;1m[debug]?[0m [phantom] Navigation requested: url=file:///Users/zpeugh/code/min/scripts/flowdocument/Resources/actionHtmls/Hold 45 Day Clock.html, type=Other, willNavigate=true, isMainFrame=true
?[32;1m[debug]?[0m [phantom] url changed to "file:///Users/zpeugh/code/min/scripts/flowdocument/Resources/actionHtmls/Hold 45 Day Clock.html"
?[32;1m[debug]?[0m [phantom] Successfully injected Casper client-side utilities
?[36m[info]?[0m [phantom] Step anonymous 46/66: done in 2340ms.
?[32;1m[debug]?[0m [phantom] opening url: file:///Users/zpeugh/code/min/scripts/flowdocument/Resources/actionHtmls/Hold 45 Day Clock.html, HTTP GET
?[32;1m[debug]?[0m [phantom] Navigation requested: url=file:///Users/zpeugh/code/min/scripts/flowdocument/Resources/actionHtmls/Hold 45 Day Clock.html, type=Other, willNavigate=true, isMainFrame=true
?[32;1m[debug]?[0m [phantom] url changed to "file:///Users/zpeugh/code/min/scripts/flowdocument/Resources/actionHtmls/Hold 45 Day Clock.html"
?[32;1m[debug]?[0m [phantom] Successfully injected Casper client-side utilities
?[36m[info]?[0m [phantom] Step anonymous 48/68: done in 2413ms.
?[32;1m[debug]?[0m [phantom] opening url: file:///Users/zpeugh/code/min/scripts/flowdocument/Resources/actionHtmls/Resume 45 Day Clock.html, HTTP GET
?[32;1m[debug]?[0m [phantom] Navigation requested: url=file:///Users/zpeugh/code/min/scripts/flowdocument/Resources/actionHtmls/Resume 45 Day Clock.html, type=Other, willNavigate=true, isMainFrame=true
?[32;1m[debug]?[0m [phantom] url changed to "file:///Users/zpeugh/code/min/scripts/flowdocument/Resources/actionHtmls/Resume 45 Day Clock.html"
?[32;1m[debug]?[0m [phantom] Successfully injected Casper client-side utilities
?[36m[info]?[0m [phantom] Step anonymous 50/68: done in 2492ms.
?[32;1m[debug]?[0m [phantom] opening url: file:///Users/zpeugh/code/min/scripts/flowdocument/Resources/actionHtmls/Resume 45 Day Clock.html, HTTP GET
?[32;1m[debug]?[0m [phantom] Navigation requested: url=file:///Users/zpeugh/code/min/scripts/flowdocument/Resources/actionHtmls/Resume 45 Day Clock.html, type=Other, willNavigate=true, isMainFrame=true
?[32;1m[debug]?[0m [phantom] url changed to "file:///Users/zpeugh/code/min/scripts/flowdocument/Resources/actionHtmls/Resume 45 Day Clock.html"
?[32;1m[debug]?[0m [phantom] Successfully injected Casper client-side utilities
?[36m[info]?[0m [phantom] Step anonymous 52/70: done in 2566ms.
?[32;1m[debug]?[0m [phantom] opening url: file:///Users/zpeugh/code/min/scripts/flowdocument/Resources/actionHtmls/15 Day Return Clock.html, HTTP GET
?[32;1m[debug]?[0m [phantom] Navigation requested: url=file:///Users/zpeugh/code/min/scripts/flowdocument/Resources/actionHtmls/15 Day Return Clock.html, type=Other, willNavigate=true, isMainFrame=true
?[32;1m[debug]?[0m [phantom] url changed to "file:///Users/zpeugh/code/min/scripts/flowdocument/Resources/actionHtmls/15 Day Return Clock.html"
?[32;1m[debug]?[0m [phantom] Successfully injected Casper client-side utilities
?[36m[info]?[0m [phantom] Step anonymous 54/70: done in 2641ms.
?[32;1m[debug]?[0m [phantom] opening url: file:///Users/zpeugh/code/min/scripts/flowdocument/Resources/actionHtmls/15 Day Return Clock.html, HTTP GET
?[32;1m[debug]?[0m [phantom] Navigation requested: url=file:///Users/zpeugh/code/min/scripts/flowdocument/Resources/actionHtmls/15 Day Return Clock.html, type=Other, willNavigate=true, isMainFrame=true
?[32;1m[debug]?[0m [phantom] url changed to "file:///Users/zpeugh/code/min/scripts/flowdocument/Resources/actionHtmls/15 Day Return Clock.html"
?[32;1m[debug]?[0m [phantom] Successfully injected Casper client-side utilities
?[36m[info]?[0m [phantom] Step anonymous 56/72: done in 2716ms.
?[32;1m[debug]?[0m [phantom] opening url: file:///Users/zpeugh/code/min/scripts/flowdocument/Resources/actionHtmls/Pull Forms from Calc.html, HTTP GET
?[32;1m[debug]?[0m [phantom] Navigation requested: url=file:///Users/zpeugh/code/min/scripts/flowdocument/Resources/actionHtmls/Pull Forms from Calc.html, type=Other, willNavigate=true, isMainFrame=true
?[32;1m[debug]?[0m [phantom] url changed to "file:///Users/zpeugh/code/min/scripts/flowdocument/Resources/actionHtmls/Pull Forms from Calc.html"
?[32;1m[debug]?[0m [phantom] Successfully injected Casper client-side utilities
?[36m[info]?[0m [phantom] Step anonymous 58/72: done in 2790ms.
?[32;1m[debug]?[0m [phantom] opening url: file:///Users/zpeugh/code/min/scripts/flowdocument/Resources/actionHtmls/Pull Forms from Calc.html, HTTP GET
?[32;1m[debug]?[0m [phantom] Navigation requested: url=file:///Users/zpeugh/code/min/scripts/flowdocument/Resources/actionHtmls/Pull Forms from Calc.html, type=Other, willNavigate=true, isMainFrame=true
?[32;1m[debug]?[0m [phantom] url changed to "file:///Users/zpeugh/code/min/scripts/flowdocument/Resources/actionHtmls/Pull Forms from Calc.html"
?[32;1m[debug]?[0m [phantom] Successfully injected Casper client-side utilities
?[36m[info]?[0m [phantom] Step anonymous 60/74: done in 2867ms.
?[32;1m[debug]?[0m [phantom] opening url: file:///Users/zpeugh/code/min/scripts/flowdocument/Resources/actionHtmls/45 Day Clock.html, HTTP GET
?[32;1m[debug]?[0m [phantom] Navigation requested: url=file:///Users/zpeugh/code/min/scripts/flowdocument/Resources/actionHtmls/45 Day Clock.html, type=Other, willNavigate=true, isMainFrame=true
?[32;1m[debug]?[0m [phantom] url changed to "file:///Users/zpeugh/code/min/scripts/flowdocument/Resources/actionHtmls/45 Day Clock.html"
?[32;1m[debug]?[0m [phantom] Successfully injected Casper client-side utilities
?[36m[info]?[0m [phantom] Step anonymous 62/74: done in 2941ms.
?[32;1m[debug]?[0m [phantom] opening url: file:///Users/zpeugh/code/min/scripts/flowdocument/Resources/actionHtmls/45 Day Clock.html, HTTP GET
?[32;1m[debug]?[0m [phantom] Navigation requested: url=file:///Users/zpeugh/code/min/scripts/flowdocument/Resources/actionHtmls/45 Day Clock.html, type=Other, willNavigate=true, isMainFrame=true
?[32;1m[debug]?[0m [phantom] url changed to "file:///Users/zpeugh/code/min/scripts/flowdocument/Resources/actionHtmls/45 Day Clock.html"
?[32;1m[debug]?[0m [phantom] Successfully injected Casper client-side utilities
?[36m[info]?[0m [phantom] Step anonymous 64/76: done in 3020ms.
?[32;1m[debug]?[0m [phantom] opening url: file:///Users/zpeugh/code/min/scripts/flowdocument/Resources/actionHtmls/Pull Photos from Calc.html, HTTP GET
?[32;1m[debug]?[0m [phantom] Navigation requested: url=file:///Users/zpeugh/code/min/scripts/flowdocument/Resources/actionHtmls/Pull Photos from Calc.html, type=Other, willNavigate=true, isMainFrame=true
?[32;1m[debug]?[0m [phantom] url changed to "file:///Users/zpeugh/code/min/scripts/flowdocument/Resources/actionHtmls/Pull Photos from Calc.html"
?[32;1m[debug]?[0m [phantom] Successfully injected Casper client-side utilities
?[36m[info]?[0m [phantom] Step anonymous 66/76: done in 3095ms.
?[32;1m[debug]?[0m [phantom] opening url: file:///Users/zpeugh/code/min/scripts/flowdocument/Resources/actionHtmls/Pull Photos from Calc.html, HTTP GET
?[32;1m[debug]?[0m [phantom] Navigation requested: url=file:///Users/zpeugh/code/min/scripts/flowdocument/Resources/actionHtmls/Pull Photos from Calc.html, type=Other, willNavigate=true, isMainFrame=true
?[32;1m[debug]?[0m [phantom] url changed to "file:///Users/zpeugh/code/min/scripts/flowdocument/Resources/actionHtmls/Pull Photos from Calc.html"
?[32;1m[debug]?[0m [phantom] Successfully injected Casper client-side utilities
?[36m[info]?[0m [phantom] Step anonymous 68/78: done in 3172ms.
?[32;1m[debug]?[0m [phantom] opening url: file:///Users/zpeugh/code/min/scripts/flowdocument/Resources/actionHtmls/LockProject.html, HTTP GET
?[32;1m[debug]?[0m [phantom] Navigation requested: url=file:///Users/zpeugh/code/min/scripts/flowdocument/Resources/actionHtmls/LockProject.html, type=Other, willNavigate=true, isMainFrame=true
?[32;1m[debug]?[0m [phantom] url changed to "file:///Users/zpeugh/code/min/scripts/flowdocument/Resources/actionHtmls/LockProject.html"
?[32;1m[debug]?[0m [phantom] Successfully injected Casper client-side utilities
?[36m[info]?[0m [phantom] Step anonymous 70/78: done in 3248ms.
?[32;1m[debug]?[0m [phantom] opening url: file:///Users/zpeugh/code/min/scripts/flowdocument/Resources/actionHtmls/LockProject.html, HTTP GET
?[32;1m[debug]?[0m [phantom] Navigation requested: url=file:///Users/zpeugh/code/min/scripts/flowdocument/Resources/actionHtmls/LockProject.html, type=Other, willNavigate=true, isMainFrame=true
?[32;1m[debug]?[0m [phantom] url changed to "file:///Users/zpeugh/code/min/scripts/flowdocument/Resources/actionHtmls/LockProject.html"
?[32;1m[debug]?[0m [phantom] Successfully injected Casper client-side utilities
?[36m[info]?[0m [phantom] Step anonymous 72/80: done in 3322ms.
?[32;1m[debug]?[0m [phantom] opening url: file:///Users/zpeugh/code/min/scripts/flowdocument/Resources/actionHtmls/ProjectUnlocked.html, HTTP GET
?[32;1m[debug]?[0m [phantom] Navigation requested: url=file:///Users/zpeugh/code/min/scripts/flowdocument/Resources/actionHtmls/ProjectUnlocked.html, type=Other, willNavigate=true, isMainFrame=true
?[32;1m[debug]?[0m [phantom] url changed to "file:///Users/zpeugh/code/min/scripts/flowdocument/Resources/actionHtmls/ProjectUnlocked.html"
?[32;1m[debug]?[0m [phantom] Successfully injected Casper client-side utilities
?[36m[info]?[0m [phantom] Step anonymous 74/80: done in 3397ms.
?[32;1m[debug]?[0m [phantom] opening url: file:///Users/zpeugh/code/min/scripts/flowdocument/Resources/actionHtmls/ProjectUnlocked.html, HTTP GET
?[32;1m[debug]?[0m [phantom] Navigation requested: url=file:///Users/zpeugh/code/min/scripts/flowdocument/Resources/actionHtmls/ProjectUnlocked.html, type=Other, willNavigate=true, isMainFrame=true
?[32;1m[debug]?[0m [phantom] url changed to "file:///Users/zpeugh/code/min/scripts/flowdocument/Resources/actionHtmls/ProjectUnlocked.html"
?[32;1m[debug]?[0m [phantom] Successfully injected Casper client-side utilities
?[36m[info]?[0m [phantom] Step anonymous 76/82: done in 3475ms.
?[32;1m[debug]?[0m [phantom] opening url: file:///Users/zpeugh/code/min/scripts/flowdocument/Resources/actionHtmls/Creator as Manager.html, HTTP GET
?[32;1m[debug]?[0m [phantom] Navigation requested: url=file:///Users/zpeugh/code/min/scripts/flowdocument/Resources/actionHtmls/Creator as Manager.html, type=Other, willNavigate=true, isMainFrame=true
?[32;1m[debug]?[0m [phantom] url changed to "file:///Users/zpeugh/code/min/scripts/flowdocument/Resources/actionHtmls/Creator as Manager.html"
?[32;1m[debug]?[0m [phantom] Successfully injected Casper client-side utilities
?[36m[info]?[0m [phantom] Step anonymous 78/82: done in 3549ms.
?[32;1m[debug]?[0m [phantom] opening url: file:///Users/zpeugh/code/min/scripts/flowdocument/Resources/actionHtmls/Creator as Manager.html, HTTP GET
?[32;1m[debug]?[0m [phantom] Navigation requested: url=file:///Users/zpeugh/code/min/scripts/flowdocument/Resources/actionHtmls/Creator as Manager.html, type=Other, willNavigate=true, isMainFrame=true
?[32;1m[debug]?[0m [phantom] url changed to "file:///Users/zpeugh/code/min/scripts/flowdocument/Resources/actionHtmls/Creator as Manager.html"
?[32;1m[debug]?[0m [phantom] Successfully injected Casper client-side utilities
?[36m[info]?[0m [phantom] Step anonymous 80/84: done in 3625ms.
?[32;1m[debug]?[0m [phantom] opening url: file:///Users/zpeugh/code/min/scripts/flowdocument/Resources/actionHtmls/Pole Details.html, HTTP GET
?[32;1m[debug]?[0m [phantom] Navigation requested: url=file:///Users/zpeugh/code/min/scripts/flowdocument/Resources/actionHtmls/Pole Details.html, type=Other, willNavigate=true, isMainFrame=true
?[32;1m[debug]?[0m [phantom] url changed to "file:///Users/zpeugh/code/min/scripts/flowdocument/Resources/actionHtmls/Pole Details.html"
?[32;1m[debug]?[0m [phantom] Successfully injected Casper client-side utilities
?[36m[info]?[0m [phantom] Step anonymous 82/84: done in 3699ms.
?[32;1m[debug]?[0m [phantom] opening url: file:///Users/zpeugh/code/min/scripts/flowdocument/Resources/actionHtmls/Pole Details.html, HTTP GET
?[32;1m[debug]?[0m [phantom] Navigation requested: url=file:///Users/zpeugh/code/min/scripts/flowdocument/Resources/actionHtmls/Pole Details.html, type=Other, willNavigate=true, isMainFrame=true
?[32;1m[debug]?[0m [phantom] url changed to "file:///Users/zpeugh/code/min/scripts/flowdocument/Resources/actionHtmls/Pole Details.html"
?[32;1m[debug]?[0m [phantom] Successfully injected Casper client-side utilities
?[36m[info]?[0m [phantom] Step anonymous 84/86: done in 3775ms.
?[32;1m[debug]?[0m [phantom] opening url: file:///Users/zpeugh/code/min/scripts/flowdocument/Resources/actionHtmls/Generate Calc File.html, HTTP GET
?[32;1m[debug]?[0m [phantom] Navigation requested: url=file:///Users/zpeugh/code/min/scripts/flowdocument/Resources/actionHtmls/Generate Calc File.html, type=Other, willNavigate=true, isMainFrame=true
?[32;1m[debug]?[0m [phantom] url changed to "file:///Users/zpeugh/code/min/scripts/flowdocument/Resources/actionHtmls/Generate Calc File.html"
?[32;1m[debug]?[0m [phantom] Successfully injected Casper client-side utilities
?[36m[info]?[0m [phantom] Step anonymous 86/86: done in 3859ms.
?[32;1m[debug]?[0m [phantom] opening url: file:///Users/zpeugh/code/min/scripts/flowdocument/Resources/actionHtmls/Generate Calc File.html, HTTP GET
?[32;1m[debug]?[0m [phantom] Navigation requested: url=file:///Users/zpeugh/code/min/scripts/flowdocument/Resources/actionHtmls/Generate Calc File.html, type=Other, willNavigate=true, isMainFrame=true
?[32;1m[debug]?[0m [phantom] url changed to "file:///Users/zpeugh/code/min/scripts/flowdocument/Resources/actionHtmls/Generate Calc File.html"
?[32;1m[debug]?[0m [phantom] Successfully injected Casper client-side utilities
?[36m[info]?[0m [phantom] Step anonymous 88/88: done in 3934ms.
?[36m[info]?[0m [phantom] Done 88 steps in 3956ms
All actions: [Hold 45 Day Clock, Resume 45 Day Clock, 15 Day Return Clock, Pull Forms from Calc, 45 Day Clock, Pull Photos from Calc, LockProject, ProjectUnlocked, Creator as Manager, Pole Details, Generate Calc File]
Missed actions: null
Forms to capture: 
1: EJU - Covermap Checklist
2: EJU - Ride Out Checklist
3: OVL - Checklist
4: IJUS Tracking Information
5: Core Form
6: Asset Information
7: EJU - Field Checklist
8: EJU - Transmission Checklist
9: EJU - Remediation Review Checklist
10: EJU - Davey Form
11: EJU - Office Checklist
12: Billing Code
?[36m[info]?[0m [phantom] Starting...
?[36m[info]?[0m [phantom] Execution timeout set to 10000ms
?[36m[info]?[0m [phantom] Running suite: 10 steps
?[32;1m[debug]?[0m [phantom] opening url: https://www.spidasoftware.com/projectmanager/, HTTP GET
?[32;1m[debug]?[0m [phantom] Navigation requested: url=https://www.spidasoftware.com/projectmanager/, type=Other, willNavigate=true, isMainFrame=true
?[32;1m[debug]?[0m [phantom] Navigation requested: url=https://www.spidasoftware.com/cas/login?service=https://www.spidasoftware.com/projectmanager/j_spring_cas_security_check, type=Other, willNavigate=true, isMainFrame=true
?[32;1m[debug]?[0m [phantom] url changed to "https://www.spidasoftware.com/cas/login?service=https://www.spidasoftware.com/projectmanager/j_spring_cas_security_check"
?[32;1m[debug]?[0m [phantom] Successfully injected Casper client-side utilities
?[32;1m[debug]?[0m [phantom] start page is loaded
?[36m[info]?[0m [phantom] Step login 3/10 https://www.spidasoftware.com/cas/login?service=https://www.spidasoftware.com/projectmanager/j_spring_cas_security_check (HTTP 200)
?[36m[info]?[0m [remote] attempting to fetch form element from selector: 'form#fm1'
?[32;1m[debug]?[0m [remote] Set "username" field value to admin@spidasoftware.com
?[32;1m[debug]?[0m [remote] Set "password" field value to ***************
?[36m[info]?[0m [remote] submitting form to /cas/login;jsessionid=F2B5287C4A0524E63428968BA54176EE?service=https%3A%2F%2Fwww.spidasoftware.com%2Fprojectmanager%2Fj_spring_cas_security_check, HTTP POST
?[36m[info]?[0m [phantom] Step login 3/10: done in 1623ms.
?[32;1m[debug]?[0m [phantom] Navigation requested: url=https://www.spidasoftware.com/cas/login;jsessionid=F2B5287C4A0524E63428968BA54176EE?service=https://www.spidasoftware.com/projectmanager/j_spring_cas_security_check, type=FormSubmitted, willNavigate=true, isMainFrame=true
?[32;1m[debug]?[0m [phantom] Navigation requested: url=https://www.spidasoftware.com/projectmanager/j_spring_cas_security_check?ticket=ST-339-LgD0kEUvURiUkku7u7N4-www.spidasoftware.com, type=FormSubmitted, willNavigate=true, isMainFrame=true
?[32;1m[debug]?[0m [phantom] Navigation requested: url=https://www.spidasoftware.com/projectmanager/, type=FormSubmitted, willNavigate=true, isMainFrame=true
?[32;1m[debug]?[0m [phantom] url changed to "https://www.spidasoftware.com/projectmanager/"
?[32;1m[debug]?[0m [phantom] Successfully injected Casper client-side utilities
?[36m[info]?[0m [phantom] Step _step 4/10 https://www.spidasoftware.com/projectmanager/ (HTTP 200)
?[36m[info]?[0m [phantom] Step _step 4/10: done in 6663ms.
?[36m[info]?[0m [phantom] waitFor() finished in 1270ms.
?[36m[info]?[0m [phantom] Step afterLogin 5/11 https://www.spidasoftware.com/projectmanager/ (HTTP 200)
?[36m[info]?[0m [phantom] Step afterLogin 5/11: done in 7957ms.
?[36m[info]?[0m [phantom] Step _step 6/11 https://www.spidasoftware.com/projectmanager/ (HTTP 200)
?[36m[info]?[0m [phantom] Step _step 6/11: done in 7980ms.
?[36m[info]?[0m [phantom] waitFor() finished in 47ms.
?[36m[info]?[0m [phantom] Step anonymous 7/12 https://www.spidasoftware.com/projectmanager/ (HTTP 200)
?[32;1m[debug]?[0m [phantom] Mouse event 'mousedown' on selector: xpath selector: //*[text()="American Electric Power"]
?[32;1m[debug]?[0m [phantom] Mouse event 'mouseup' on selector: xpath selector: //*[text()="American Electric Power"]
?[32;1m[debug]?[0m [phantom] Mouse event 'click' on selector: xpath selector: //*[text()="American Electric Power"]
?[32;1m[debug]?[0m [phantom] Navigation requested: url=https://www.spidasoftware.com/projectmanager/#, type=LinkClicked, willNavigate=true, isMainFrame=true
?[32;1m[debug]?[0m [phantom] url changed to "https://www.spidasoftware.com/projectmanager/#"
?[36m[info]?[0m [phantom] Step anonymous 7/12: done in 8060ms.
?[32;1m[debug]?[0m [phantom] Navigation requested: url=https://www.spidasoftware.com/projectmanager/switchcompany, type=FormSubmitted, willNavigate=true, isMainFrame=true
?[33m[warning]?[0m [phantom] Loading resource failed with status=fail (HTTP 200): https://www.spidasoftware.com/projectmanager/switchcompany
?[32;1m[debug]?[0m [phantom] Navigation requested: url=https://www.spidasoftware.com/projectmanager/dashboard/index, type=FormSubmitted, willNavigate=true, isMainFrame=true
script timed out
?[36m[info]?[0m [phantom] Step _step 8/12 https://www.spidasoftware.com/projectmanager/# (HTTP 302)
?[36m[info]?[0m [phantom] Step _step 8/12: done in 10019ms.
?[32;1m[debug]?[0m [phantom] url changed to "https://www.spidasoftware.com/projectmanager/dashboard/index"
?[32;1m[debug]?[0m [phantom] Successfully injected Casper client-side utilities
?[36m[info]?[0m [phantom] waitFor() finished in 1970ms.
?[36m[info]?[0m [phantom] Step anonymous 9/13 https://www.spidasoftware.com/projectmanager/dashboard/index (HTTP 200)
Logged in as: American Electric Power
?[36m[info]?[0m [phantom] Step anonymous 9/13: done in 12011ms.
?[32;1m[debug]?[0m [phantom] opening url: https://www.spidasoftware.com/projectmanager/formTemplate/list, HTTP GET
?[32;1m[debug]?[0m [phantom] Navigation requested: url=https://www.spidasoftware.com/projectmanager/formTemplate/list, type=Other, willNavigate=true, isMainFrame=true
?[33m[warning]?[0m [phantom] Loading resource failed with status=fail (HTTP 200): https://www.spidasoftware.com/projectmanager/formTemplate/list
?[32;1m[debug]?[0m [phantom] url changed to "https://www.spidasoftware.com/projectmanager/formTemplate/list"
?[32;1m[debug]?[0m [phantom] Successfully injected Casper client-side utilities
?[36m[info]?[0m [phantom] Step openFormList 11/13 https://www.spidasoftware.com/projectmanager/formTemplate/list (HTTP 200)
Navigating to Flow Form List
?[36m[info]?[0m [phantom] Step openFormList 11/13: done in 12823ms.
?[36m[info]?[0m [phantom] Step _step 12/13 https://www.spidasoftware.com/projectmanager/formTemplate/list (HTTP 200)
?[36m[info]?[0m [phantom] Step _step 12/13: done in 12839ms.
?[36m[info]?[0m [phantom] waitFor() finished in 45ms.
?[36m[info]?[0m [phantom] Step waitForFormList 13/14 https://www.spidasoftware.com/projectmanager/formTemplate/list (HTTP 200)
Currently at: https://www.spidasoftware.com/projectmanager/formTemplate/list
?[36m[info]?[0m [phantom] Step waitForFormList 13/14: done in 12905ms.
?[36m[info]?[0m [phantom] Step _step 14/14 https://www.spidasoftware.com/projectmanager/formTemplate/list (HTTP 200)
?[36m[info]?[0m [phantom] Step _step 14/14: done in 12927ms.
?[36m[info]?[0m [phantom] waitFor() finished in 44ms.
?[36m[info]?[0m [phantom] Step loopThrough 15/15 https://www.spidasoftware.com/projectmanager/formTemplate/list (HTTP 200)
?[36m[info]?[0m [phantom] Step loopThrough 15/15: done in 12993ms.
?[32;1m[debug]?[0m [phantom] opening url: https://www.spidasoftware.com/projectmanager/formTemplate/list?offset=0&max=10&sort=name&order=asc, HTTP GET
?[32;1m[debug]?[0m [phantom] Navigation requested: url=https://www.spidasoftware.com/projectmanager/formTemplate/list?offset=0&max=10&sort=name&order=asc, type=Other, willNavigate=true, isMainFrame=true
?[33m[warning]?[0m [phantom] Loading resource failed with status=fail (HTTP 200): https://www.spidasoftware.com/projectmanager/formTemplate/list?offset=0&max=10&sort=name&order=asc
?[32;1m[debug]?[0m [phantom] url changed to "https://www.spidasoftware.com/projectmanager/formTemplate/list?offset=0&max=10&sort=name&order=asc"
?[32;1m[debug]?[0m [phantom] Successfully injected Casper client-side utilities
?[36m[info]?[0m [phantom] Step anonymous 17/23 https://www.spidasoftware.com/projectmanager/formTemplate/list?offset=0&max=10&sort=name&order=asc (HTTP 200)
?[36m[info]?[0m [phantom] Step anonymous 17/23: done in 13870ms.
?[36m[info]?[0m [phantom] Step _step 18/24 https://www.spidasoftware.com/projectmanager/formTemplate/list?offset=0&max=10&sort=name&order=asc (HTTP 200)
?[36m[info]?[0m [phantom] Step _step 18/24: done in 13886ms.
?[36m[info]?[0m [phantom] waitFor() finished in 40ms.
?[36m[info]?[0m [phantom] Step anonymous 19/25 https://www.spidasoftware.com/projectmanager/formTemplate/list?offset=0&max=10&sort=name&order=asc (HTTP 200)
Stored screenshot of form: Asset Information
Stored screenshot of form: Billing Code
Stored screenshot of form: Core Form
?[36m[info]?[0m [phantom] Step anonymous 19/25: done in 13979ms.
?[36m[info]?[0m [phantom] Step clickForm 20/40 https://www.spidasoftware.com/projectmanager/formTemplate/list?offset=0&max=10&sort=name&order=asc (HTTP 200)
?[32;1m[debug]?[0m [phantom] Mouse event 'mousedown' on selector: xpath selector: //*[text()="Asset Information"]
?[32;1m[debug]?[0m [phantom] Mouse event 'mouseup' on selector: xpath selector: //*[text()="Asset Information"]
?[32;1m[debug]?[0m [phantom] Mouse event 'click' on selector: xpath selector: //*[text()="Asset Information"]
?[32;1m[debug]?[0m [phantom] Navigation requested: url=https://www.spidasoftware.com/projectmanager/formTemplate/edit/6438, type=LinkClicked, willNavigate=true, isMainFrame=true
?[36m[info]?[0m [phantom] Step clickForm 20/40: done in 13989ms.
?[33m[warning]?[0m [phantom] Loading resource failed with status=fail (HTTP 200): https://www.spidasoftware.com/projectmanager/formTemplate/edit/6438
?[32;1m[debug]?[0m [phantom] url changed to "https://www.spidasoftware.com/projectmanager/formTemplate/edit/6438"
?[32;1m[debug]?[0m [phantom] Successfully injected Casper client-side utilities
?[36m[info]?[0m [phantom] Step _step 21/40 https://www.spidasoftware.com/projectmanager/formTemplate/edit/6438 (HTTP 200)
?[36m[info]?[0m [phantom] Step _step 21/40: done in 15299ms.
?[36m[info]?[0m [phantom] waitFor() finished in 41ms.
?[36m[info]?[0m [phantom] Step anonymous 22/41 https://www.spidasoftware.com/projectmanager/formTemplate/edit/6438 (HTTP 200)
?[36m[info]?[0m [phantom] Step anonymous 22/41: done in 15365ms.
?[36m[info]?[0m [phantom] Step anonymous 23/41 https://www.spidasoftware.com/projectmanager/formTemplate/edit/6438 (HTTP 200)
?[36m[info]?[0m [phantom] Step anonymous 23/41: done in 15391ms.
?[36m[info]?[0m [phantom] Step anonymous 24/41 https://www.spidasoftware.com/projectmanager/formTemplate/edit/6438 (HTTP 200)
?[36m[info]?[0m [phantom] Step anonymous 24/41: done in 15413ms.
?[36m[info]?[0m [phantom] Step _step 25/42 https://www.spidasoftware.com/projectmanager/formTemplate/edit/6438 (HTTP 200)
?[36m[info]?[0m [phantom] Step _step 25/42: done in 15434ms.
?[32;1m[debug]?[0m [phantom] Navigation requested: url=https://www.spidasoftware.com/projectmanager/formTemplate/list?offset=0&max=10&sort=name&order=asc, type=BackOrForward, willNavigate=true, isMainFrame=true
?[33m[warning]?[0m [phantom] Loading resource failed with status=fail (HTTP 200): https://www.spidasoftware.com/projectmanager/formTemplate/list?offset=0&max=10&sort=name&order=asc
?[32;1m[debug]?[0m [phantom] url changed to "https://www.spidasoftware.com/projectmanager/formTemplate/list?offset=0&max=10&sort=name&order=asc"
?[32;1m[debug]?[0m [phantom] Successfully injected Casper client-side utilities
?[36m[info]?[0m [phantom] Step _step 26/42 https://www.spidasoftware.com/projectmanager/formTemplate/list?offset=0&max=10&sort=name&order=asc (HTTP 200)
?[36m[info]?[0m [phantom] Step _step 26/42: done in 16592ms.
?[36m[info]?[0m [phantom] waitFor() finished in 40ms.
?[36m[info]?[0m [phantom] Step anonymous 27/43 https://www.spidasoftware.com/projectmanager/formTemplate/list?offset=0&max=10&sort=name&order=asc (HTTP 200)
?[36m[info]?[0m [phantom] Step anonymous 27/43: done in 16652ms.
?[36m[info]?[0m [phantom] Step clickForm 28/43 https://www.spidasoftware.com/projectmanager/formTemplate/list?offset=0&max=10&sort=name&order=asc (HTTP 200)
?[32;1m[debug]?[0m [phantom] Mouse event 'mousedown' on selector: xpath selector: //*[text()="Billing Code"]
?[32;1m[debug]?[0m [phantom] Mouse event 'mouseup' on selector: xpath selector: //*[text()="Billing Code"]
?[32;1m[debug]?[0m [phantom] Mouse event 'click' on selector: xpath selector: //*[text()="Billing Code"]
?[32;1m[debug]?[0m [phantom] Navigation requested: url=https://www.spidasoftware.com/projectmanager/formTemplate/edit/6430, type=LinkClicked, willNavigate=true, isMainFrame=true
?[36m[info]?[0m [phantom] Step clickForm 28/43: done in 16685ms.
?[33m[warning]?[0m [phantom] Loading resource failed with status=fail (HTTP 200): https://www.spidasoftware.com/projectmanager/formTemplate/edit/6430
?[32;1m[debug]?[0m [phantom] url changed to "https://www.spidasoftware.com/projectmanager/formTemplate/edit/6430"
?[32;1m[debug]?[0m [phantom] Successfully injected Casper client-side utilities
?[36m[info]?[0m [phantom] Step _step 29/43 https://www.spidasoftware.com/projectmanager/formTemplate/edit/6430 (HTTP 200)
?[36m[info]?[0m [phantom] Step _step 29/43: done in 17540ms.
?[36m[info]?[0m [phantom] waitFor() finished in 41ms.
?[36m[info]?[0m [phantom] Step anonymous 30/44 https://www.spidasoftware.com/projectmanager/formTemplate/edit/6430 (HTTP 200)
?[36m[info]?[0m [phantom] Step anonymous 30/44: done in 17600ms.
?[36m[info]?[0m [phantom] Step anonymous 31/44 https://www.spidasoftware.com/projectmanager/formTemplate/edit/6430 (HTTP 200)
?[36m[info]?[0m [phantom] Step anonymous 31/44: done in 17625ms.
?[36m[info]?[0m [phantom] Step anonymous 32/44 https://www.spidasoftware.com/projectmanager/formTemplate/edit/6430 (HTTP 200)
?[36m[info]?[0m [phantom] Step anonymous 32/44: done in 17643ms.
?[36m[info]?[0m [phantom] Step _step 33/45 https://www.spidasoftware.com/projectmanager/formTemplate/edit/6430 (HTTP 200)
?[36m[info]?[0m [phantom] Step _step 33/45: done in 17668ms.
?[32;1m[debug]?[0m [phantom] Navigation requested: url=https://www.spidasoftware.com/projectmanager/formTemplate/list?offset=0&max=10&sort=name&order=asc, type=BackOrForward, willNavigate=true, isMainFrame=true
?[33m[warning]?[0m [phantom] Loading resource failed with status=fail (HTTP 200): https://www.spidasoftware.com/projectmanager/formTemplate/list?offset=0&max=10&sort=name&order=asc
?[32;1m[debug]?[0m [phantom] url changed to "https://www.spidasoftware.com/projectmanager/formTemplate/list?offset=0&max=10&sort=name&order=asc"
?[32;1m[debug]?[0m [phantom] Successfully injected Casper client-side utilities
?[36m[info]?[0m [phantom] Step _step 34/45 https://www.spidasoftware.com/projectmanager/formTemplate/list?offset=0&max=10&sort=name&order=asc (HTTP 200)
?[36m[info]?[0m [phantom] Step _step 34/45: done in 18352ms.
?[36m[info]?[0m [phantom] waitFor() finished in 40ms.
?[36m[info]?[0m [phantom] Step anonymous 35/46 https://www.spidasoftware.com/projectmanager/formTemplate/list?offset=0&max=10&sort=name&order=asc (HTTP 200)
?[36m[info]?[0m [phantom] Step anonymous 35/46: done in 18414ms.
?[36m[info]?[0m [phantom] Step clickForm 36/46 https://www.spidasoftware.com/projectmanager/formTemplate/list?offset=0&max=10&sort=name&order=asc (HTTP 200)
?[32;1m[debug]?[0m [phantom] Mouse event 'mousedown' on selector: xpath selector: //*[text()="Core Form"]
?[32;1m[debug]?[0m [phantom] Mouse event 'mouseup' on selector: xpath selector: //*[text()="Core Form"]
?[32;1m[debug]?[0m [phantom] Mouse event 'click' on selector: xpath selector: //*[text()="Core Form"]
?[32;1m[debug]?[0m [phantom] Navigation requested: url=https://www.spidasoftware.com/projectmanager/formTemplate/edit/6566, type=LinkClicked, willNavigate=true, isMainFrame=true
?[36m[info]?[0m [phantom] Step clickForm 36/46: done in 18441ms.
?[33m[warning]?[0m [phantom] Loading resource failed with status=fail (HTTP 200): https://www.spidasoftware.com/projectmanager/formTemplate/edit/6566
?[32;1m[debug]?[0m [phantom] url changed to "https://www.spidasoftware.com/projectmanager/formTemplate/edit/6566"
?[32;1m[debug]?[0m [phantom] Successfully injected Casper client-side utilities
?[36m[info]?[0m [phantom] Step _step 37/46 https://www.spidasoftware.com/projectmanager/formTemplate/edit/6566 (HTTP 200)
?[36m[info]?[0m [phantom] Step _step 37/46: done in 19518ms.
?[36m[info]?[0m [phantom] waitFor() finished in 40ms.
?[36m[info]?[0m [phantom] Step anonymous 38/47 https://www.spidasoftware.com/projectmanager/formTemplate/edit/6566 (HTTP 200)
?[36m[info]?[0m [phantom] Step anonymous 38/47: done in 19578ms.
?[36m[info]?[0m [phantom] Step anonymous 39/47 https://www.spidasoftware.com/projectmanager/formTemplate/edit/6566 (HTTP 200)
?[36m[info]?[0m [phantom] Step anonymous 39/47: done in 19603ms.
?[36m[info]?[0m [phantom] Step anonymous 40/47 https://www.spidasoftware.com/projectmanager/formTemplate/edit/6566 (HTTP 200)
?[36m[info]?[0m [phantom] Step anonymous 40/47: done in 19623ms.
?[36m[info]?[0m [phantom] Step _step 41/48 https://www.spidasoftware.com/projectmanager/formTemplate/edit/6566 (HTTP 200)
?[36m[info]?[0m [phantom] Step _step 41/48: done in 19645ms.
?[32;1m[debug]?[0m [phantom] Navigation requested: url=https://www.spidasoftware.com/projectmanager/formTemplate/list?offset=0&max=10&sort=name&order=asc, type=BackOrForward, willNavigate=true, isMainFrame=true
?[33m[warning]?[0m [phantom] Loading resource failed with status=fail (HTTP 200): https://www.spidasoftware.com/projectmanager/formTemplate/list?offset=0&max=10&sort=name&order=asc
?[32;1m[debug]?[0m [phantom] url changed to "https://www.spidasoftware.com/projectmanager/formTemplate/list?offset=0&max=10&sort=name&order=asc"
?[32;1m[debug]?[0m [phantom] Successfully injected Casper client-side utilities
?[36m[info]?[0m [phantom] Step _step 42/48 https://www.spidasoftware.com/projectmanager/formTemplate/list?offset=0&max=10&sort=name&order=asc (HTTP 200)
?[36m[info]?[0m [phantom] Step _step 42/48: done in 20929ms.
?[36m[info]?[0m [phantom] waitFor() finished in 42ms.
?[36m[info]?[0m [phantom] Step anonymous 43/49 https://www.spidasoftware.com/projectmanager/formTemplate/list?offset=0&max=10&sort=name&order=asc (HTTP 200)
?[36m[info]?[0m [phantom] Step anonymous 43/49: done in 20996ms.
?[32;1m[debug]?[0m [phantom] opening url: https://www.spidasoftware.com/projectmanager/formTemplate/list?offset=10&max=10&sort=name&order=asc, HTTP GET
?[32;1m[debug]?[0m [phantom] Navigation requested: url=https://www.spidasoftware.com/projectmanager/formTemplate/list?offset=10&max=10&sort=name&order=asc, type=Other, willNavigate=true, isMainFrame=true
?[33m[warning]?[0m [phantom] Loading resource failed with status=fail (HTTP 200): https://www.spidasoftware.com/projectmanager/formTemplate/list?offset=10&max=10&sort=name&order=asc
?[32;1m[debug]?[0m [phantom] url changed to "https://www.spidasoftware.com/projectmanager/formTemplate/list?offset=10&max=10&sort=name&order=asc"
?[32;1m[debug]?[0m [phantom] Successfully injected Casper client-side utilities
?[36m[info]?[0m [phantom] Step anonymous 45/49 https://www.spidasoftware.com/projectmanager/formTemplate/list?offset=10&max=10&sort=name&order=asc (HTTP 200)
?[36m[info]?[0m [phantom] Step anonymous 45/49: done in 21625ms.
?[36m[info]?[0m [phantom] Step _step 46/50 https://www.spidasoftware.com/projectmanager/formTemplate/list?offset=10&max=10&sort=name&order=asc (HTTP 200)
?[36m[info]?[0m [phantom] Step _step 46/50: done in 21642ms.
?[36m[info]?[0m [phantom] waitFor() finished in 42ms.
?[36m[info]?[0m [phantom] Step anonymous 47/51 https://www.spidasoftware.com/projectmanager/formTemplate/list?offset=10&max=10&sort=name&order=asc (HTTP 200)
Stored screenshot of form: EJU - Covermap Checklist
Stored screenshot of form: EJU - Davey Form
Stored screenshot of form: EJU - Field Checklist
Stored screenshot of form: EJU - Office Checklist
?[36m[info]?[0m [phantom] Step anonymous 47/51: done in 21739ms.
?[36m[info]?[0m [phantom] Step clickForm 48/71 https://www.spidasoftware.com/projectmanager/formTemplate/list?offset=10&max=10&sort=name&order=asc (HTTP 200)
?[32;1m[debug]?[0m [phantom] Mouse event 'mousedown' on selector: xpath selector: //*[text()="EJU - Covermap Checklist"]
?[32;1m[debug]?[0m [phantom] Mouse event 'mouseup' on selector: xpath selector: //*[text()="EJU - Covermap Checklist"]
?[32;1m[debug]?[0m [phantom] Mouse event 'click' on selector: xpath selector: //*[text()="EJU - Covermap Checklist"]
?[32;1m[debug]?[0m [phantom] Navigation requested: url=https://www.spidasoftware.com/projectmanager/formTemplate/edit/6449, type=LinkClicked, willNavigate=true, isMainFrame=true
?[36m[info]?[0m [phantom] Step clickForm 48/71: done in 21748ms.
?[33m[warning]?[0m [phantom] Loading resource failed with status=fail (HTTP 200): https://www.spidasoftware.com/projectmanager/formTemplate/edit/6449
?[32;1m[debug]?[0m [phantom] url changed to "https://www.spidasoftware.com/projectmanager/formTemplate/edit/6449"
?[32;1m[debug]?[0m [phantom] Successfully injected Casper client-side utilities
?[36m[info]?[0m [phantom] Step _step 49/71 https://www.spidasoftware.com/projectmanager/formTemplate/edit/6449 (HTTP 200)
?[36m[info]?[0m [phantom] Step _step 49/71: done in 22648ms.
?[36m[info]?[0m [phantom] waitFor() finished in 40ms.
?[36m[info]?[0m [phantom] Step anonymous 50/72 https://www.spidasoftware.com/projectmanager/formTemplate/edit/6449 (HTTP 200)
?[36m[info]?[0m [phantom] Step anonymous 50/72: done in 22711ms.
?[36m[info]?[0m [phantom] Step anonymous 51/72 https://www.spidasoftware.com/projectmanager/formTemplate/edit/6449 (HTTP 200)
?[36m[info]?[0m [phantom] Step anonymous 51/72: done in 22734ms.
?[36m[info]?[0m [phantom] Step anonymous 52/72 https://www.spidasoftware.com/projectmanager/formTemplate/edit/6449 (HTTP 200)
?[36m[info]?[0m [phantom] Step anonymous 52/72: done in 22755ms.
?[36m[info]?[0m [phantom] Step _step 53/73 https://www.spidasoftware.com/projectmanager/formTemplate/edit/6449 (HTTP 200)
?[36m[info]?[0m [phantom] Step _step 53/73: done in 22779ms.
?[32;1m[debug]?[0m [phantom] Navigation requested: url=https://www.spidasoftware.com/projectmanager/formTemplate/list?offset=10&max=10&sort=name&order=asc, type=BackOrForward, willNavigate=true, isMainFrame=true
?[33m[warning]?[0m [phantom] Loading resource failed with status=fail (HTTP 200): https://www.spidasoftware.com/projectmanager/formTemplate/list?offset=10&max=10&sort=name&order=asc
?[32;1m[debug]?[0m [phantom] url changed to "https://www.spidasoftware.com/projectmanager/formTemplate/list?offset=10&max=10&sort=name&order=asc"
?[32;1m[debug]?[0m [phantom] Successfully injected Casper client-side utilities
?[36m[info]?[0m [phantom] Step _step 54/73 https://www.spidasoftware.com/projectmanager/formTemplate/list?offset=10&max=10&sort=name&order=asc (HTTP 200)
?[36m[info]?[0m [phantom] Step _step 54/73: done in 24084ms.
?[36m[info]?[0m [phantom] waitFor() finished in 41ms.
?[36m[info]?[0m [phantom] Step anonymous 55/74 https://www.spidasoftware.com/projectmanager/formTemplate/list?offset=10&max=10&sort=name&order=asc (HTTP 200)
?[36m[info]?[0m [phantom] Step anonymous 55/74: done in 24150ms.
?[36m[info]?[0m [phantom] Step clickForm 56/74 https://www.spidasoftware.com/projectmanager/formTemplate/list?offset=10&max=10&sort=name&order=asc (HTTP 200)
?[32;1m[debug]?[0m [phantom] Mouse event 'mousedown' on selector: xpath selector: //*[text()="EJU - Davey Form"]
?[32;1m[debug]?[0m [phantom] Mouse event 'mouseup' on selector: xpath selector: //*[text()="EJU - Davey Form"]
?[32;1m[debug]?[0m [phantom] Mouse event 'click' on selector: xpath selector: //*[text()="EJU - Davey Form"]
?[32;1m[debug]?[0m [phantom] Navigation requested: url=https://www.spidasoftware.com/projectmanager/formTemplate/edit/6423, type=LinkClicked, willNavigate=true, isMainFrame=true
?[36m[info]?[0m [phantom] Step clickForm 56/74: done in 24183ms.
?[33m[warning]?[0m [phantom] Loading resource failed with status=fail (HTTP 200): https://www.spidasoftware.com/projectmanager/formTemplate/edit/6423
?[32;1m[debug]?[0m [phantom] url changed to "https://www.spidasoftware.com/projectmanager/formTemplate/edit/6423"
?[32;1m[debug]?[0m [phantom] Successfully injected Casper client-side utilities
?[36m[info]?[0m [phantom] Step _step 57/74 https://www.spidasoftware.com/projectmanager/formTemplate/edit/6423 (HTTP 200)
?[36m[info]?[0m [phantom] Step _step 57/74: done in 25232ms.
?[36m[info]?[0m [phantom] waitFor() finished in 41ms.
?[36m[info]?[0m [phantom] Step anonymous 58/75 https://www.spidasoftware.com/projectmanager/formTemplate/edit/6423 (HTTP 200)
?[36m[info]?[0m [phantom] Step anonymous 58/75: done in 25296ms.
?[36m[info]?[0m [phantom] Step anonymous 59/75 https://www.spidasoftware.com/projectmanager/formTemplate/edit/6423 (HTTP 200)
?[36m[info]?[0m [phantom] Step anonymous 59/75: done in 25320ms.
?[36m[info]?[0m [phantom] Step anonymous 60/75 https://www.spidasoftware.com/projectmanager/formTemplate/edit/6423 (HTTP 200)
?[36m[info]?[0m [phantom] Step anonymous 60/75: done in 25340ms.
?[36m[info]?[0m [phantom] Step _step 61/76 https://www.spidasoftware.com/projectmanager/formTemplate/edit/6423 (HTTP 200)
?[36m[info]?[0m [phantom] Step _step 61/76: done in 25360ms.
?[32;1m[debug]?[0m [phantom] Navigation requested: url=https://www.spidasoftware.com/projectmanager/formTemplate/list?offset=10&max=10&sort=name&order=asc, type=BackOrForward, willNavigate=true, isMainFrame=true
?[33m[warning]?[0m [phantom] Loading resource failed with status=fail (HTTP 200): https://www.spidasoftware.com/projectmanager/formTemplate/list?offset=10&max=10&sort=name&order=asc
?[32;1m[debug]?[0m [phantom] url changed to "https://www.spidasoftware.com/projectmanager/formTemplate/list?offset=10&max=10&sort=name&order=asc"
?[32;1m[debug]?[0m [phantom] Successfully injected Casper client-side utilities
?[36m[info]?[0m [phantom] Step _step 62/76 https://www.spidasoftware.com/projectmanager/formTemplate/list?offset=10&max=10&sort=name&order=asc (HTTP 200)
?[36m[info]?[0m [phantom] Step _step 62/76: done in 27474ms.
?[36m[info]?[0m [phantom] waitFor() finished in 41ms.
?[36m[info]?[0m [phantom] Step anonymous 63/77 https://www.spidasoftware.com/projectmanager/formTemplate/list?offset=10&max=10&sort=name&order=asc (HTTP 200)
?[36m[info]?[0m [phantom] Step anonymous 63/77: done in 27534ms.
?[36m[info]?[0m [phantom] Step clickForm 64/77 https://www.spidasoftware.com/projectmanager/formTemplate/list?offset=10&max=10&sort=name&order=asc (HTTP 200)
?[32;1m[debug]?[0m [phantom] Mouse event 'mousedown' on selector: xpath selector: //*[text()="EJU - Field Checklist"]
?[32;1m[debug]?[0m [phantom] Mouse event 'mouseup' on selector: xpath selector: //*[text()="EJU - Field Checklist"]
?[32;1m[debug]?[0m [phantom] Mouse event 'click' on selector: xpath selector: //*[text()="EJU - Field Checklist"]
?[32;1m[debug]?[0m [phantom] Navigation requested: url=https://www.spidasoftware.com/projectmanager/formTemplate/edit/6502, type=LinkClicked, willNavigate=true, isMainFrame=true
?[36m[info]?[0m [phantom] Step clickForm 64/77: done in 27567ms.
?[33m[warning]?[0m [phantom] Loading resource failed with status=fail (HTTP 200): https://www.spidasoftware.com/projectmanager/formTemplate/edit/6502
?[32;1m[debug]?[0m [phantom] url changed to "https://www.spidasoftware.com/projectmanager/formTemplate/edit/6502"
?[32;1m[debug]?[0m [phantom] Successfully injected Casper client-side utilities
?[36m[info]?[0m [phantom] Step _step 65/77 https://www.spidasoftware.com/projectmanager/formTemplate/edit/6502 (HTTP 200)
?[36m[info]?[0m [phantom] Step _step 65/77: done in 28438ms.
?[36m[info]?[0m [phantom] waitFor() finished in 41ms.
?[36m[info]?[0m [phantom] Step anonymous 66/78 https://www.spidasoftware.com/projectmanager/formTemplate/edit/6502 (HTTP 200)
?[36m[info]?[0m [phantom] Step anonymous 66/78: done in 28502ms.
?[36m[info]?[0m [phantom] Step anonymous 67/78 https://www.spidasoftware.com/projectmanager/formTemplate/edit/6502 (HTTP 200)
?[36m[info]?[0m [phantom] Step anonymous 67/78: done in 28527ms.
?[36m[info]?[0m [phantom] Step anonymous 68/78 https://www.spidasoftware.com/projectmanager/formTemplate/edit/6502 (HTTP 200)
?[36m[info]?[0m [phantom] Step anonymous 68/78: done in 28544ms.
?[36m[info]?[0m [phantom] Step _step 69/79 https://www.spidasoftware.com/projectmanager/formTemplate/edit/6502 (HTTP 200)
?[36m[info]?[0m [phantom] Step _step 69/79: done in 28564ms.
?[32;1m[debug]?[0m [phantom] Navigation requested: url=https://www.spidasoftware.com/projectmanager/formTemplate/list?offset=10&max=10&sort=name&order=asc, type=BackOrForward, willNavigate=true, isMainFrame=true
?[33m[warning]?[0m [phantom] Loading resource failed with status=fail (HTTP 200): https://www.spidasoftware.com/projectmanager/formTemplate/list?offset=10&max=10&sort=name&order=asc
?[32;1m[debug]?[0m [phantom] url changed to "https://www.spidasoftware.com/projectmanager/formTemplate/list?offset=10&max=10&sort=name&order=asc"
?[32;1m[debug]?[0m [phantom] Successfully injected Casper client-side utilities
?[36m[info]?[0m [phantom] Step _step 70/79 https://www.spidasoftware.com/projectmanager/formTemplate/list?offset=10&max=10&sort=name&order=asc (HTTP 200)
?[36m[info]?[0m [phantom] Step _step 70/79: done in 29193ms.
?[36m[info]?[0m [phantom] waitFor() finished in 41ms.
?[36m[info]?[0m [phantom] Step anonymous 71/80 https://www.spidasoftware.com/projectmanager/formTemplate/list?offset=10&max=10&sort=name&order=asc (HTTP 200)
?[36m[info]?[0m [phantom] Step anonymous 71/80: done in 29253ms.
?[36m[info]?[0m [phantom] Step clickForm 72/80 https://www.spidasoftware.com/projectmanager/formTemplate/list?offset=10&max=10&sort=name&order=asc (HTTP 200)
?[32;1m[debug]?[0m [phantom] Mouse event 'mousedown' on selector: xpath selector: //*[text()="EJU - Office Checklist"]
?[32;1m[debug]?[0m [phantom] Mouse event 'mouseup' on selector: xpath selector: //*[text()="EJU - Office Checklist"]
?[32;1m[debug]?[0m [phantom] Mouse event 'click' on selector: xpath selector: //*[text()="EJU - Office Checklist"]
?[32;1m[debug]?[0m [phantom] Navigation requested: url=https://www.spidasoftware.com/projectmanager/formTemplate/edit/6537, type=LinkClicked, willNavigate=true, isMainFrame=true
?[36m[info]?[0m [phantom] Step clickForm 72/80: done in 29287ms.
?[33m[warning]?[0m [phantom] Loading resource failed with status=fail (HTTP 200): https://www.spidasoftware.com/projectmanager/formTemplate/edit/6537
?[32;1m[debug]?[0m [phantom] url changed to "https://www.spidasoftware.com/projectmanager/formTemplate/edit/6537"
?[32;1m[debug]?[0m [phantom] Successfully injected Casper client-side utilities
?[36m[info]?[0m [phantom] Step _step 73/80 https://www.spidasoftware.com/projectmanager/formTemplate/edit/6537 (HTTP 200)
?[36m[info]?[0m [phantom] Step _step 73/80: done in 29850ms.
?[36m[info]?[0m [phantom] waitFor() finished in 41ms.
?[36m[info]?[0m [phantom] Step anonymous 74/81 https://www.spidasoftware.com/projectmanager/formTemplate/edit/6537 (HTTP 200)
?[36m[info]?[0m [phantom] Step anonymous 74/81: done in 29909ms.
?[36m[info]?[0m [phantom] Step anonymous 75/81 https://www.spidasoftware.com/projectmanager/formTemplate/edit/6537 (HTTP 200)
?[36m[info]?[0m [phantom] Step anonymous 75/81: done in 29936ms.
?[36m[info]?[0m [phantom] Step anonymous 76/81 https://www.spidasoftware.com/projectmanager/formTemplate/edit/6537 (HTTP 200)
?[36m[info]?[0m [phantom] Step anonymous 76/81: done in 29953ms.
?[36m[info]?[0m [phantom] Step _step 77/82 https://www.spidasoftware.com/projectmanager/formTemplate/edit/6537 (HTTP 200)
?[36m[info]?[0m [phantom] Step _step 77/82: done in 29975ms.
?[32;1m[debug]?[0m [phantom] Navigation requested: url=https://www.spidasoftware.com/projectmanager/formTemplate/list?offset=10&max=10&sort=name&order=asc, type=BackOrForward, willNavigate=true, isMainFrame=true
?[33m[warning]?[0m [phantom] Loading resource failed with status=fail (HTTP 200): https://www.spidasoftware.com/projectmanager/formTemplate/list?offset=10&max=10&sort=name&order=asc
?[32;1m[debug]?[0m [phantom] url changed to "https://www.spidasoftware.com/projectmanager/formTemplate/list?offset=10&max=10&sort=name&order=asc"
?[32;1m[debug]?[0m [phantom] Successfully injected Casper client-side utilities
?[36m[info]?[0m [phantom] Step _step 78/82 https://www.spidasoftware.com/projectmanager/formTemplate/list?offset=10&max=10&sort=name&order=asc (HTTP 200)
?[36m[info]?[0m [phantom] Step _step 78/82: done in 31168ms.
?[36m[info]?[0m [phantom] waitFor() finished in 41ms.
?[36m[info]?[0m [phantom] Step anonymous 79/83 https://www.spidasoftware.com/projectmanager/formTemplate/list?offset=10&max=10&sort=name&order=asc (HTTP 200)
?[36m[info]?[0m [phantom] Step anonymous 79/83: done in 31231ms.
?[32;1m[debug]?[0m [phantom] opening url: https://www.spidasoftware.com/projectmanager/formTemplate/list?offset=20&max=10&sort=name&order=asc, HTTP GET
?[32;1m[debug]?[0m [phantom] Navigation requested: url=https://www.spidasoftware.com/projectmanager/formTemplate/list?offset=20&max=10&sort=name&order=asc, type=Other, willNavigate=true, isMainFrame=true
?[33m[warning]?[0m [phantom] Loading resource failed with status=fail (HTTP 200): https://www.spidasoftware.com/projectmanager/formTemplate/list?offset=20&max=10&sort=name&order=asc
?[32;1m[debug]?[0m [phantom] url changed to "https://www.spidasoftware.com/projectmanager/formTemplate/list?offset=20&max=10&sort=name&order=asc"
?[32;1m[debug]?[0m [phantom] Successfully injected Casper client-side utilities
?[36m[info]?[0m [phantom] Step anonymous 81/83 https://www.spidasoftware.com/projectmanager/formTemplate/list?offset=20&max=10&sort=name&order=asc (HTTP 200)
?[36m[info]?[0m [phantom] Step anonymous 81/83: done in 31622ms.
?[36m[info]?[0m [phantom] Step _step 82/84 https://www.spidasoftware.com/projectmanager/formTemplate/list?offset=20&max=10&sort=name&order=asc (HTTP 200)
?[36m[info]?[0m [phantom] Step _step 82/84: done in 31641ms.
?[36m[info]?[0m [phantom] waitFor() finished in 40ms.
?[36m[info]?[0m [phantom] Step anonymous 83/85 https://www.spidasoftware.com/projectmanager/formTemplate/list?offset=20&max=10&sort=name&order=asc (HTTP 200)
Stored screenshot of form: EJU - Remediation Review Checklist
Stored screenshot of form: EJU - Ride Out Checklist
Stored screenshot of form: EJU - Transmission Checklist
Stored screenshot of form: IJUS Tracking Information
?[36m[info]?[0m [phantom] Step anonymous 83/85: done in 31735ms.
?[36m[info]?[0m [phantom] Step clickForm 84/105 https://www.spidasoftware.com/projectmanager/formTemplate/list?offset=20&max=10&sort=name&order=asc (HTTP 200)
?[32;1m[debug]?[0m [phantom] Mouse event 'mousedown' on selector: xpath selector: //*[text()="EJU - Remediation Review Checklist"]
?[32;1m[debug]?[0m [phantom] Mouse event 'mouseup' on selector: xpath selector: //*[text()="EJU - Remediation Review Checklist"]
?[32;1m[debug]?[0m [phantom] Mouse event 'click' on selector: xpath selector: //*[text()="EJU - Remediation Review Checklist"]
?[32;1m[debug]?[0m [phantom] Navigation requested: url=https://www.spidasoftware.com/projectmanager/formTemplate/edit/6487, type=LinkClicked, willNavigate=true, isMainFrame=true
?[36m[info]?[0m [phantom] Step clickForm 84/105: done in 31745ms.
?[33m[warning]?[0m [phantom] Loading resource failed with status=fail (HTTP 200): https://www.spidasoftware.com/projectmanager/formTemplate/edit/6487
?[32;1m[debug]?[0m [phantom] url changed to "https://www.spidasoftware.com/projectmanager/formTemplate/edit/6487"
?[32;1m[debug]?[0m [phantom] Successfully injected Casper client-side utilities
?[36m[info]?[0m [phantom] Step _step 85/105 https://www.spidasoftware.com/projectmanager/formTemplate/edit/6487 (HTTP 200)
?[36m[info]?[0m [phantom] Step _step 85/105: done in 33153ms.
?[36m[info]?[0m [phantom] waitFor() finished in 41ms.
?[36m[info]?[0m [phantom] Step anonymous 86/106 https://www.spidasoftware.com/projectmanager/formTemplate/edit/6487 (HTTP 200)
?[36m[info]?[0m [phantom] Step anonymous 86/106: done in 33216ms.
?[36m[info]?[0m [phantom] Step anonymous 87/106 https://www.spidasoftware.com/projectmanager/formTemplate/edit/6487 (HTTP 200)
?[36m[info]?[0m [phantom] Step anonymous 87/106: done in 33239ms.
?[36m[info]?[0m [phantom] Step anonymous 88/106 https://www.spidasoftware.com/projectmanager/formTemplate/edit/6487 (HTTP 200)
?[36m[info]?[0m [phantom] Step anonymous 88/106: done in 33260ms.
?[36m[info]?[0m [phantom] Step _step 89/107 https://www.spidasoftware.com/projectmanager/formTemplate/edit/6487 (HTTP 200)
?[36m[info]?[0m [phantom] Step _step 89/107: done in 33280ms.
?[32;1m[debug]?[0m [phantom] Navigation requested: url=https://www.spidasoftware.com/projectmanager/formTemplate/list?offset=20&max=10&sort=name&order=asc, type=BackOrForward, willNavigate=true, isMainFrame=true
?[33m[warning]?[0m [phantom] Loading resource failed with status=fail (HTTP 200): https://www.spidasoftware.com/projectmanager/formTemplate/list?offset=20&max=10&sort=name&order=asc
?[32;1m[debug]?[0m [phantom] url changed to "https://www.spidasoftware.com/projectmanager/formTemplate/list?offset=20&max=10&sort=name&order=asc"
?[32;1m[debug]?[0m [phantom] Successfully injected Casper client-side utilities
?[36m[info]?[0m [phantom] Step _step 90/107 https://www.spidasoftware.com/projectmanager/formTemplate/list?offset=20&max=10&sort=name&order=asc (HTTP 200)
?[36m[info]?[0m [phantom] Step _step 90/107: done in 34078ms.
?[36m[info]?[0m [phantom] waitFor() finished in 41ms.
?[36m[info]?[0m [phantom] Step anonymous 91/108 https://www.spidasoftware.com/projectmanager/formTemplate/list?offset=20&max=10&sort=name&order=asc (HTTP 200)
?[36m[info]?[0m [phantom] Step anonymous 91/108: done in 34145ms.
?[36m[info]?[0m [phantom] Step clickForm 92/108 https://www.spidasoftware.com/projectmanager/formTemplate/list?offset=20&max=10&sort=name&order=asc (HTTP 200)
?[32;1m[debug]?[0m [phantom] Mouse event 'mousedown' on selector: xpath selector: //*[text()="EJU - Ride Out Checklist"]
?[32;1m[debug]?[0m [phantom] Mouse event 'mouseup' on selector: xpath selector: //*[text()="EJU - Ride Out Checklist"]
?[32;1m[debug]?[0m [phantom] Mouse event 'click' on selector: xpath selector: //*[text()="EJU - Ride Out Checklist"]
?[32;1m[debug]?[0m [phantom] Navigation requested: url=https://www.spidasoftware.com/projectmanager/formTemplate/edit/6401, type=LinkClicked, willNavigate=true, isMainFrame=true
?[36m[info]?[0m [phantom] Step clickForm 92/108: done in 34176ms.
?[33m[warning]?[0m [phantom] Loading resource failed with status=fail (HTTP 200): https://www.spidasoftware.com/projectmanager/formTemplate/edit/6401
?[32;1m[debug]?[0m [phantom] url changed to "https://www.spidasoftware.com/projectmanager/formTemplate/edit/6401"
?[32;1m[debug]?[0m [phantom] Successfully injected Casper client-side utilities
?[36m[info]?[0m [phantom] Step _step 93/108 https://www.spidasoftware.com/projectmanager/formTemplate/edit/6401 (HTTP 200)
?[36m[info]?[0m [phantom] Step _step 93/108: done in 34985ms.
?[36m[info]?[0m [phantom] waitFor() finished in 40ms.
?[36m[info]?[0m [phantom] Step anonymous 94/109 https://www.spidasoftware.com/projectmanager/formTemplate/edit/6401 (HTTP 200)
?[36m[info]?[0m [phantom] Step anonymous 94/109: done in 35046ms.
?[36m[info]?[0m [phantom] Step anonymous 95/109 https://www.spidasoftware.com/projectmanager/formTemplate/edit/6401 (HTTP 200)
?[36m[info]?[0m [phantom] Step anonymous 95/109: done in 35073ms.
?[36m[info]?[0m [phantom] Step anonymous 96/109 https://www.spidasoftware.com/projectmanager/formTemplate/edit/6401 (HTTP 200)
?[36m[info]?[0m [phantom] Step anonymous 96/109: done in 35093ms.
?[36m[info]?[0m [phantom] Step _step 97/110 https://www.spidasoftware.com/projectmanager/formTemplate/edit/6401 (HTTP 200)
?[36m[info]?[0m [phantom] Step _step 97/110: done in 35117ms.
?[32;1m[debug]?[0m [phantom] Navigation requested: url=https://www.spidasoftware.com/projectmanager/formTemplate/list?offset=20&max=10&sort=name&order=asc, type=BackOrForward, willNavigate=true, isMainFrame=true
?[33m[warning]?[0m [phantom] Loading resource failed with status=fail (HTTP 200): https://www.spidasoftware.com/projectmanager/formTemplate/list?offset=20&max=10&sort=name&order=asc
?[32;1m[debug]?[0m [phantom] url changed to "https://www.spidasoftware.com/projectmanager/formTemplate/list?offset=20&max=10&sort=name&order=asc"
?[32;1m[debug]?[0m [phantom] Successfully injected Casper client-side utilities
?[36m[info]?[0m [phantom] Step _step 98/110 https://www.spidasoftware.com/projectmanager/formTemplate/list?offset=20&max=10&sort=name&order=asc (HTTP 200)
?[36m[info]?[0m [phantom] Step _step 98/110: done in 36990ms.
?[36m[info]?[0m [phantom] waitFor() finished in 40ms.
?[36m[info]?[0m [phantom] Step anonymous 99/111 https://www.spidasoftware.com/projectmanager/formTemplate/list?offset=20&max=10&sort=name&order=asc (HTTP 200)
?[36m[info]?[0m [phantom] Step anonymous 99/111: done in 37054ms.
?[36m[info]?[0m [phantom] Step clickForm 100/111 https://www.spidasoftware.com/projectmanager/formTemplate/list?offset=20&max=10&sort=name&order=asc (HTTP 200)
?[32;1m[debug]?[0m [phantom] Mouse event 'mousedown' on selector: xpath selector: //*[text()="EJU - Transmission Checklist"]
?[32;1m[debug]?[0m [phantom] Mouse event 'mouseup' on selector: xpath selector: //*[text()="EJU - Transmission Checklist"]
?[32;1m[debug]?[0m [phantom] Mouse event 'click' on selector: xpath selector: //*[text()="EJU - Transmission Checklist"]
?[32;1m[debug]?[0m [phantom] Navigation requested: url=https://www.spidasoftware.com/projectmanager/formTemplate/edit/6471, type=LinkClicked, willNavigate=true, isMainFrame=true
?[36m[info]?[0m [phantom] Step clickForm 100/111: done in 37083ms.
?[33m[warning]?[0m [phantom] Loading resource failed with status=fail (HTTP 200): https://www.spidasoftware.com/projectmanager/formTemplate/edit/6471
?[32;1m[debug]?[0m [phantom] url changed to "https://www.spidasoftware.com/projectmanager/formTemplate/edit/6471"
?[32;1m[debug]?[0m [phantom] Successfully injected Casper client-side utilities
?[36m[info]?[0m [phantom] Step _step 101/111 https://www.spidasoftware.com/projectmanager/formTemplate/edit/6471 (HTTP 200)
?[36m[info]?[0m [phantom] Step _step 101/111: done in 38331ms.
?[36m[info]?[0m [phantom] waitFor() finished in 40ms.
?[36m[info]?[0m [phantom] Step anonymous 102/112 https://www.spidasoftware.com/projectmanager/formTemplate/edit/6471 (HTTP 200)
?[36m[info]?[0m [phantom] Step anonymous 102/112: done in 38394ms.
?[36m[info]?[0m [phantom] Step anonymous 103/112 https://www.spidasoftware.com/projectmanager/formTemplate/edit/6471 (HTTP 200)
?[36m[info]?[0m [phantom] Step anonymous 103/112: done in 38418ms.
?[36m[info]?[0m [phantom] Step anonymous 104/112 https://www.spidasoftware.com/projectmanager/formTemplate/edit/6471 (HTTP 200)
?[36m[info]?[0m [phantom] Step anonymous 104/112: done in 38439ms.
?[36m[info]?[0m [phantom] Step _step 105/113 https://www.spidasoftware.com/projectmanager/formTemplate/edit/6471 (HTTP 200)
?[36m[info]?[0m [phantom] Step _step 105/113: done in 38464ms.
?[32;1m[debug]?[0m [phantom] Navigation requested: url=https://www.spidasoftware.com/projectmanager/formTemplate/list?offset=20&max=10&sort=name&order=asc, type=BackOrForward, willNavigate=true, isMainFrame=true
?[33m[warning]?[0m [phantom] Loading resource failed with status=fail (HTTP 200): https://www.spidasoftware.com/projectmanager/formTemplate/list?offset=20&max=10&sort=name&order=asc
?[32;1m[debug]?[0m [phantom] url changed to "https://www.spidasoftware.com/projectmanager/formTemplate/list?offset=20&max=10&sort=name&order=asc"
?[32;1m[debug]?[0m [phantom] Successfully injected Casper client-side utilities
?[36m[info]?[0m [phantom] Step _step 106/113 https://www.spidasoftware.com/projectmanager/formTemplate/list?offset=20&max=10&sort=name&order=asc (HTTP 200)
?[36m[info]?[0m [phantom] Step _step 106/113: done in 40240ms.
?[36m[info]?[0m [phantom] waitFor() finished in 42ms.
?[36m[info]?[0m [phantom] Step anonymous 107/114 https://www.spidasoftware.com/projectmanager/formTemplate/list?offset=20&max=10&sort=name&order=asc (HTTP 200)
?[36m[info]?[0m [phantom] Step anonymous 107/114: done in 40301ms.
?[36m[info]?[0m [phantom] Step clickForm 108/114 https://www.spidasoftware.com/projectmanager/formTemplate/list?offset=20&max=10&sort=name&order=asc (HTTP 200)
?[32;1m[debug]?[0m [phantom] Mouse event 'mousedown' on selector: xpath selector: //*[text()="IJUS Tracking Information"]
?[32;1m[debug]?[0m [phantom] Mouse event 'mouseup' on selector: xpath selector: //*[text()="IJUS Tracking Information"]
?[32;1m[debug]?[0m [phantom] Mouse event 'click' on selector: xpath selector: //*[text()="IJUS Tracking Information"]
?[32;1m[debug]?[0m [phantom] Navigation requested: url=https://www.spidasoftware.com/projectmanager/formTemplate/edit/6387, type=LinkClicked, willNavigate=true, isMainFrame=true
?[36m[info]?[0m [phantom] Step clickForm 108/114: done in 40329ms.
?[33m[warning]?[0m [phantom] Loading resource failed with status=fail (HTTP 200): https://www.spidasoftware.com/projectmanager/formTemplate/edit/6387
?[32;1m[debug]?[0m [phantom] url changed to "https://www.spidasoftware.com/projectmanager/formTemplate/edit/6387"
?[32;1m[debug]?[0m [phantom] Successfully injected Casper client-side utilities
?[36m[info]?[0m [phantom] Step _step 109/114 https://www.spidasoftware.com/projectmanager/formTemplate/edit/6387 (HTTP 200)
?[36m[info]?[0m [phantom] Step _step 109/114: done in 41089ms.
?[36m[info]?[0m [phantom] waitFor() finished in 41ms.
?[36m[info]?[0m [phantom] Step anonymous 110/115 https://www.spidasoftware.com/projectmanager/formTemplate/edit/6387 (HTTP 200)
?[36m[info]?[0m [phantom] Step anonymous 110/115: done in 41149ms.
?[36m[info]?[0m [phantom] Step anonymous 111/115 https://www.spidasoftware.com/projectmanager/formTemplate/edit/6387 (HTTP 200)
?[36m[info]?[0m [phantom] Step anonymous 111/115: done in 41172ms.
?[36m[info]?[0m [phantom] Step anonymous 112/115 https://www.spidasoftware.com/projectmanager/formTemplate/edit/6387 (HTTP 200)
?[36m[info]?[0m [phantom] Step anonymous 112/115: done in 41189ms.
?[36m[info]?[0m [phantom] Step _step 113/116 https://www.spidasoftware.com/projectmanager/formTemplate/edit/6387 (HTTP 200)
?[36m[info]?[0m [phantom] Step _step 113/116: done in 41209ms.
?[32;1m[debug]?[0m [phantom] Navigation requested: url=https://www.spidasoftware.com/projectmanager/formTemplate/list?offset=20&max=10&sort=name&order=asc, type=BackOrForward, willNavigate=true, isMainFrame=true
?[33m[warning]?[0m [phantom] Loading resource failed with status=fail (HTTP 200): https://www.spidasoftware.com/projectmanager/formTemplate/list?offset=20&max=10&sort=name&order=asc
?[32;1m[debug]?[0m [phantom] url changed to "https://www.spidasoftware.com/projectmanager/formTemplate/list?offset=20&max=10&sort=name&order=asc"
?[32;1m[debug]?[0m [phantom] Successfully injected Casper client-side utilities
?[36m[info]?[0m [phantom] Step _step 114/116 https://www.spidasoftware.com/projectmanager/formTemplate/list?offset=20&max=10&sort=name&order=asc (HTTP 200)
?[36m[info]?[0m [phantom] Step _step 114/116: done in 42189ms.
?[36m[info]?[0m [phantom] waitFor() finished in 41ms.
?[36m[info]?[0m [phantom] Step anonymous 115/117 https://www.spidasoftware.com/projectmanager/formTemplate/list?offset=20&max=10&sort=name&order=asc (HTTP 200)
?[36m[info]?[0m [phantom] Step anonymous 115/117: done in 42251ms.
?[32;1m[debug]?[0m [phantom] opening url: https://www.spidasoftware.com/projectmanager/formTemplate/list?offset=30&max=10&sort=name&order=asc, HTTP GET
?[32;1m[debug]?[0m [phantom] Navigation requested: url=https://www.spidasoftware.com/projectmanager/formTemplate/list?offset=30&max=10&sort=name&order=asc, type=Other, willNavigate=true, isMainFrame=true
?[33m[warning]?[0m [phantom] Loading resource failed with status=fail (HTTP 200): https://www.spidasoftware.com/projectmanager/formTemplate/list?offset=30&max=10&sort=name&order=asc
?[32;1m[debug]?[0m [phantom] url changed to "https://www.spidasoftware.com/projectmanager/formTemplate/list?offset=30&max=10&sort=name&order=asc"
?[32;1m[debug]?[0m [phantom] Successfully injected Casper client-side utilities
?[36m[info]?[0m [phantom] Step anonymous 117/117 https://www.spidasoftware.com/projectmanager/formTemplate/list?offset=30&max=10&sort=name&order=asc (HTTP 200)
?[36m[info]?[0m [phantom] Step anonymous 117/117: done in 42811ms.
?[36m[info]?[0m [phantom] Step _step 118/118 https://www.spidasoftware.com/projectmanager/formTemplate/list?offset=30&max=10&sort=name&order=asc (HTTP 200)
?[36m[info]?[0m [phantom] Step _step 118/118: done in 42828ms.
?[36m[info]?[0m [phantom] waitFor() finished in 44ms.
?[36m[info]?[0m [phantom] Step anonymous 119/119 https://www.spidasoftware.com/projectmanager/formTemplate/list?offset=30&max=10&sort=name&order=asc (HTTP 200)
Stored screenshot of form: OVL - Checklist
?[36m[info]?[0m [phantom] Step anonymous 119/119: done in 42914ms.
?[36m[info]?[0m [phantom] Step clickForm 120/124 https://www.spidasoftware.com/projectmanager/formTemplate/list?offset=30&max=10&sort=name&order=asc (HTTP 200)
?[32;1m[debug]?[0m [phantom] Mouse event 'mousedown' on selector: xpath selector: //*[text()="OVL - Checklist"]
?[32;1m[debug]?[0m [phantom] Mouse event 'mouseup' on selector: xpath selector: //*[text()="OVL - Checklist"]
?[32;1m[debug]?[0m [phantom] Mouse event 'click' on selector: xpath selector: //*[text()="OVL - Checklist"]
?[32;1m[debug]?[0m [phantom] Navigation requested: url=https://www.spidasoftware.com/projectmanager/formTemplate/edit/6594, type=LinkClicked, willNavigate=true, isMainFrame=true
?[36m[info]?[0m [phantom] Step clickForm 120/124: done in 42923ms.
?[33m[warning]?[0m [phantom] Loading resource failed with status=fail (HTTP 200): https://www.spidasoftware.com/projectmanager/formTemplate/edit/6594
?[32;1m[debug]?[0m [phantom] url changed to "https://www.spidasoftware.com/projectmanager/formTemplate/edit/6594"
?[32;1m[debug]?[0m [phantom] Successfully injected Casper client-side utilities
?[36m[info]?[0m [phantom] Step _step 121/124 https://www.spidasoftware.com/projectmanager/formTemplate/edit/6594 (HTTP 200)
?[36m[info]?[0m [phantom] Step _step 121/124: done in 43679ms.
?[36m[info]?[0m [phantom] waitFor() finished in 40ms.
?[36m[info]?[0m [phantom] Step anonymous 122/125 https://www.spidasoftware.com/projectmanager/formTemplate/edit/6594 (HTTP 200)
?[36m[info]?[0m [phantom] Step anonymous 122/125: done in 43741ms.
?[36m[info]?[0m [phantom] Step anonymous 123/125 https://www.spidasoftware.com/projectmanager/formTemplate/edit/6594 (HTTP 200)
?[36m[info]?[0m [phantom] Step anonymous 123/125: done in 43765ms.
?[36m[info]?[0m [phantom] Step anonymous 124/125 https://www.spidasoftware.com/projectmanager/formTemplate/edit/6594 (HTTP 200)
?[36m[info]?[0m [phantom] Step anonymous 124/125: done in 43788ms.
?[36m[info]?[0m [phantom] Step _step 125/126 https://www.spidasoftware.com/projectmanager/formTemplate/edit/6594 (HTTP 200)
?[36m[info]?[0m [phantom] Step _step 125/126: done in 43809ms.
?[32;1m[debug]?[0m [phantom] Navigation requested: url=https://www.spidasoftware.com/projectmanager/formTemplate/list?offset=30&max=10&sort=name&order=asc, type=BackOrForward, willNavigate=true, isMainFrame=true
?[33m[warning]?[0m [phantom] Loading resource failed with status=fail (HTTP 200): https://www.spidasoftware.com/projectmanager/formTemplate/list?offset=30&max=10&sort=name&order=asc
?[32;1m[debug]?[0m [phantom] url changed to "https://www.spidasoftware.com/projectmanager/formTemplate/list?offset=30&max=10&sort=name&order=asc"
?[32;1m[debug]?[0m [phantom] Successfully injected Casper client-side utilities
?[36m[info]?[0m [phantom] Step _step 126/126 https://www.spidasoftware.com/projectmanager/formTemplate/list?offset=30&max=10&sort=name&order=asc (HTTP 200)
?[36m[info]?[0m [phantom] Step _step 126/126: done in 44925ms.
?[36m[info]?[0m [phantom] waitFor() finished in 40ms.
?[36m[info]?[0m [phantom] Step anonymous 127/127 https://www.spidasoftware.com/projectmanager/formTemplate/list?offset=30&max=10&sort=name&order=asc (HTTP 200)
?[36m[info]?[0m [phantom] Step anonymous 127/127: done in 44984ms.
?[36m[info]?[0m [phantom] Done 127 steps in 45006ms
Forms to generate: 
0: EJU - Covermap Checklist
1: EJU - Ride Out Checklist
2: OVL - Checklist
3: IJUS Tracking Information
4: Core Form
5: Asset Information
6: EJU - Field Checklist
7: EJU - Transmission Checklist
8: EJU - Remediation Review Checklist
9: EJU - Davey Form
10: EJU - Office Checklist
11: Billing Code
?[36m[info]?[0m [phantom] Starting...
?[36m[info]?[0m [phantom] Execution timeout set to 12000ms
?[36m[info]?[0m [phantom] Running suite: 24 steps
?[32;1m[debug]?[0m [phantom] opening url: file:///Users/zpeugh/code/min/scripts/flowdocument/Resources/formHtmls/EJU - Covermap Checklist.html, HTTP GET
?[32;1m[debug]?[0m [phantom] Navigation requested: url=file:///Users/zpeugh/code/min/scripts/flowdocument/Resources/formHtmls/EJU - Covermap Checklist.html, type=Other, willNavigate=true, isMainFrame=true
?[32;1m[debug]?[0m [phantom] url changed to "file:///Users/zpeugh/code/min/scripts/flowdocument/Resources/formHtmls/EJU - Covermap Checklist.html"
?[32;1m[debug]?[0m [phantom] Successfully injected Casper client-side utilities
?[36m[info]?[0m [phantom] Step anonymous 2/24: done in 55ms.
?[36m[info]?[0m [phantom] Step _step 3/27: done in 68ms.
?[36m[info]?[0m [phantom] waitFor() finished in 43ms.
?[32;1m[debug]?[0m [phantom] Capturing page to /Users/zpeugh/code/min/scripts/flowdocument/Resources/formHtmls/formPNGs/EJU - Covermap Checklist.png with clipRect {"top":13,"height":1134,"left":8,"width":808}
?[36m[info]?[0m [phantom] Capture saved to /Users/zpeugh/code/min/scripts/flowdocument/Resources/formHtmls/formPNGs/EJU - Covermap Checklist.png
?[36m[info]?[0m [phantom] Step anonymous 4/28: done in 291ms.
?[36m[info]?[0m [phantom] Step anonymous 5/28: done in 296ms.
?[36m[info]?[0m [phantom] Step _step 6/28: done in 316ms.
?[36m[info]?[0m [phantom] waitFor() finished in 49ms.
?[32;1m[debug]?[0m [phantom] opening url: file:///Users/zpeugh/code/min/scripts/flowdocument/Resources/formHtmls/EJU - Ride Out Checklist.html, HTTP GET
?[32;1m[debug]?[0m [phantom] Navigation requested: url=file:///Users/zpeugh/code/min/scripts/flowdocument/Resources/formHtmls/EJU - Ride Out Checklist.html, type=Other, willNavigate=true, isMainFrame=true
?[32;1m[debug]?[0m [phantom] url changed to "file:///Users/zpeugh/code/min/scripts/flowdocument/Resources/formHtmls/EJU - Ride Out Checklist.html"
?[32;1m[debug]?[0m [phantom] Successfully injected Casper client-side utilities
?[36m[info]?[0m [phantom] Step anonymous 8/28: done in 410ms.
?[36m[info]?[0m [phantom] Step _step 9/31: done in 430ms.
?[36m[info]?[0m [phantom] waitFor() finished in 46ms.
?[32;1m[debug]?[0m [phantom] Capturing page to /Users/zpeugh/code/min/scripts/flowdocument/Resources/formHtmls/formPNGs/EJU - Ride Out Checklist.png with clipRect {"top":13,"height":507,"left":8,"width":808}
?[36m[info]?[0m [phantom] Capture saved to /Users/zpeugh/code/min/scripts/flowdocument/Resources/formHtmls/formPNGs/EJU - Ride Out Checklist.png
?[36m[info]?[0m [phantom] Step anonymous 10/32: done in 587ms.
?[36m[info]?[0m [phantom] Step anonymous 11/32: done in 590ms.
?[36m[info]?[0m [phantom] Step _step 12/32: done in 611ms.
?[36m[info]?[0m [phantom] waitFor() finished in 48ms.
?[32;1m[debug]?[0m [phantom] opening url: file:///Users/zpeugh/code/min/scripts/flowdocument/Resources/formHtmls/OVL - Checklist.html, HTTP GET
?[32;1m[debug]?[0m [phantom] Navigation requested: url=file:///Users/zpeugh/code/min/scripts/flowdocument/Resources/formHtmls/OVL - Checklist.html, type=Other, willNavigate=true, isMainFrame=true
?[32;1m[debug]?[0m [phantom] url changed to "file:///Users/zpeugh/code/min/scripts/flowdocument/Resources/formHtmls/OVL - Checklist.html"
?[32;1m[debug]?[0m [phantom] Successfully injected Casper client-side utilities
?[36m[info]?[0m [phantom] Step anonymous 14/32: done in 706ms.
?[36m[info]?[0m [phantom] Step _step 15/35: done in 726ms.
?[36m[info]?[0m [phantom] waitFor() finished in 43ms.
?[32;1m[debug]?[0m [phantom] Capturing page to /Users/zpeugh/code/min/scripts/flowdocument/Resources/formHtmls/formPNGs/OVL - Checklist.png with clipRect {"top":13,"height":233,"left":8,"width":808}
?[36m[info]?[0m [phantom] Capture saved to /Users/zpeugh/code/min/scripts/flowdocument/Resources/formHtmls/formPNGs/OVL - Checklist.png
?[36m[info]?[0m [phantom] Step anonymous 16/36: done in 857ms.
?[36m[info]?[0m [phantom] Step anonymous 17/36: done in 858ms.
?[36m[info]?[0m [phantom] Step _step 18/36: done in 878ms.
?[36m[info]?[0m [phantom] waitFor() finished in 47ms.
?[32;1m[debug]?[0m [phantom] opening url: file:///Users/zpeugh/code/min/scripts/flowdocument/Resources/formHtmls/IJUS Tracking Information.html, HTTP GET
?[32;1m[debug]?[0m [phantom] Navigation requested: url=file:///Users/zpeugh/code/min/scripts/flowdocument/Resources/formHtmls/IJUS Tracking Information.html, type=Other, willNavigate=true, isMainFrame=true
?[32;1m[debug]?[0m [phantom] url changed to "file:///Users/zpeugh/code/min/scripts/flowdocument/Resources/formHtmls/IJUS Tracking Information.html"
?[32;1m[debug]?[0m [phantom] Successfully injected Casper client-side utilities
?[36m[info]?[0m [phantom] Step anonymous 20/36: done in 975ms.
?[36m[info]?[0m [phantom] Step _step 21/39: done in 994ms.
?[36m[info]?[0m [phantom] waitFor() finished in 46ms.
?[32;1m[debug]?[0m [phantom] Capturing page to /Users/zpeugh/code/min/scripts/flowdocument/Resources/formHtmls/formPNGs/IJUS Tracking Information.png with clipRect {"top":13,"height":699,"left":8,"width":808}
?[36m[info]?[0m [phantom] Capture saved to /Users/zpeugh/code/min/scripts/flowdocument/Resources/formHtmls/formPNGs/IJUS Tracking Information.png
?[36m[info]?[0m [phantom] Step anonymous 22/40: done in 1170ms.
?[36m[info]?[0m [phantom] Step anonymous 23/40: done in 1173ms.
?[36m[info]?[0m [phantom] Step _step 24/40: done in 1194ms.
?[36m[info]?[0m [phantom] waitFor() finished in 49ms.
?[32;1m[debug]?[0m [phantom] opening url: file:///Users/zpeugh/code/min/scripts/flowdocument/Resources/formHtmls/Core Form.html, HTTP GET
?[32;1m[debug]?[0m [phantom] Navigation requested: url=file:///Users/zpeugh/code/min/scripts/flowdocument/Resources/formHtmls/Core Form.html, type=Other, willNavigate=true, isMainFrame=true
?[32;1m[debug]?[0m [phantom] url changed to "file:///Users/zpeugh/code/min/scripts/flowdocument/Resources/formHtmls/Core Form.html"
?[32;1m[debug]?[0m [phantom] Successfully injected Casper client-side utilities
?[36m[info]?[0m [phantom] Step anonymous 26/40: done in 1292ms.
?[36m[info]?[0m [phantom] Step _step 27/43: done in 1311ms.
?[36m[info]?[0m [phantom] waitFor() finished in 45ms.
?[32;1m[debug]?[0m [phantom] Capturing page to /Users/zpeugh/code/min/scripts/flowdocument/Resources/formHtmls/formPNGs/Core Form.png with clipRect {"top":13,"height":544,"left":8,"width":808}
?[36m[info]?[0m [phantom] Capture saved to /Users/zpeugh/code/min/scripts/flowdocument/Resources/formHtmls/formPNGs/Core Form.png
?[36m[info]?[0m [phantom] Step anonymous 28/44: done in 1474ms.
?[36m[info]?[0m [phantom] Step anonymous 29/44: done in 1477ms.
?[36m[info]?[0m [phantom] Step _step 30/44: done in 1495ms.
?[36m[info]?[0m [phantom] waitFor() finished in 46ms.
?[32;1m[debug]?[0m [phantom] opening url: file:///Users/zpeugh/code/min/scripts/flowdocument/Resources/formHtmls/Asset Information.html, HTTP GET
?[32;1m[debug]?[0m [phantom] Navigation requested: url=file:///Users/zpeugh/code/min/scripts/flowdocument/Resources/formHtmls/Asset Information.html, type=Other, willNavigate=true, isMainFrame=true
?[32;1m[debug]?[0m [phantom] url changed to "file:///Users/zpeugh/code/min/scripts/flowdocument/Resources/formHtmls/Asset Information.html"
?[32;1m[debug]?[0m [phantom] Successfully injected Casper client-side utilities
?[36m[info]?[0m [phantom] Step anonymous 32/44: done in 1588ms.
?[36m[info]?[0m [phantom] Step _step 33/47: done in 1607ms.
?[36m[info]?[0m [phantom] waitFor() finished in 42ms.
?[32;1m[debug]?[0m [phantom] Capturing page to /Users/zpeugh/code/min/scripts/flowdocument/Resources/formHtmls/formPNGs/Asset Information.png with clipRect {"top":13,"height":562,"left":8,"width":808}
?[36m[info]?[0m [phantom] Capture saved to /Users/zpeugh/code/min/scripts/flowdocument/Resources/formHtmls/formPNGs/Asset Information.png
?[36m[info]?[0m [phantom] Step anonymous 34/48: done in 1768ms.
?[36m[info]?[0m [phantom] Step anonymous 35/48: done in 1771ms.
?[36m[info]?[0m [phantom] Step _step 36/48: done in 1790ms.
?[36m[info]?[0m [phantom] waitFor() finished in 47ms.
?[32;1m[debug]?[0m [phantom] opening url: file:///Users/zpeugh/code/min/scripts/flowdocument/Resources/formHtmls/EJU - Field Checklist.html, HTTP GET
?[32;1m[debug]?[0m [phantom] Navigation requested: url=file:///Users/zpeugh/code/min/scripts/flowdocument/Resources/formHtmls/EJU - Field Checklist.html, type=Other, willNavigate=true, isMainFrame=true
?[32;1m[debug]?[0m [phantom] url changed to "file:///Users/zpeugh/code/min/scripts/flowdocument/Resources/formHtmls/EJU - Field Checklist.html"
?[32;1m[debug]?[0m [phantom] Successfully injected Casper client-side utilities
?[36m[info]?[0m [phantom] Step anonymous 38/48: done in 1896ms.
?[36m[info]?[0m [phantom] Step _step 39/51: done in 1904ms.
?[36m[info]?[0m [phantom] waitFor() finished in 44ms.
?[32;1m[debug]?[0m [phantom] Capturing page to /Users/zpeugh/code/min/scripts/flowdocument/Resources/formHtmls/formPNGs/EJU - Field Checklist.png with clipRect {"top":13,"height":1929,"left":8,"width":808}
?[36m[info]?[0m [phantom] Capture saved to /Users/zpeugh/code/min/scripts/flowdocument/Resources/formHtmls/formPNGs/EJU - Field Checklist.png
?[36m[info]?[0m [phantom] Step anonymous 40/52: done in 2205ms.
?[36m[info]?[0m [phantom] Step anonymous 41/52: done in 2212ms.
?[36m[info]?[0m [phantom] Step _step 42/52: done in 2229ms.
?[36m[info]?[0m [phantom] waitFor() finished in 48ms.
?[32;1m[debug]?[0m [phantom] opening url: file:///Users/zpeugh/code/min/scripts/flowdocument/Resources/formHtmls/EJU - Transmission Checklist.html, HTTP GET
?[32;1m[debug]?[0m [phantom] Navigation requested: url=file:///Users/zpeugh/code/min/scripts/flowdocument/Resources/formHtmls/EJU - Transmission Checklist.html, type=Other, willNavigate=true, isMainFrame=true
?[32;1m[debug]?[0m [phantom] url changed to "file:///Users/zpeugh/code/min/scripts/flowdocument/Resources/formHtmls/EJU - Transmission Checklist.html"
?[32;1m[debug]?[0m [phantom] Successfully injected Casper client-side utilities
?[36m[info]?[0m [phantom] Step anonymous 44/52: done in 2320ms.
?[36m[info]?[0m [phantom] Step _step 45/55: done in 2341ms.
?[36m[info]?[0m [phantom] waitFor() finished in 46ms.
?[32;1m[debug]?[0m [phantom] Capturing page to /Users/zpeugh/code/min/scripts/flowdocument/Resources/formHtmls/formPNGs/EJU - Transmission Checklist.png with clipRect {"top":13,"height":286,"left":8,"width":808}
?[36m[info]?[0m [phantom] Capture saved to /Users/zpeugh/code/min/scripts/flowdocument/Resources/formHtmls/formPNGs/EJU - Transmission Checklist.png
?[36m[info]?[0m [phantom] Step anonymous 46/56: done in 2475ms.
?[36m[info]?[0m [phantom] Step anonymous 47/56: done in 2476ms.
?[36m[info]?[0m [phantom] Step _step 48/56: done in 2499ms.
?[36m[info]?[0m [phantom] waitFor() finished in 47ms.
?[32;1m[debug]?[0m [phantom] opening url: file:///Users/zpeugh/code/min/scripts/flowdocument/Resources/formHtmls/EJU - Remediation Review Checklist.html, HTTP GET
?[32;1m[debug]?[0m [phantom] Navigation requested: url=file:///Users/zpeugh/code/min/scripts/flowdocument/Resources/formHtmls/EJU - Remediation Review Checklist.html, type=Other, willNavigate=true, isMainFrame=true
?[32;1m[debug]?[0m [phantom] url changed to "file:///Users/zpeugh/code/min/scripts/flowdocument/Resources/formHtmls/EJU - Remediation Review Checklist.html"
?[32;1m[debug]?[0m [phantom] Successfully injected Casper client-side utilities
?[36m[info]?[0m [phantom] Step anonymous 50/56: done in 2597ms.
?[36m[info]?[0m [phantom] Step _step 51/59: done in 2614ms.
?[36m[info]?[0m [phantom] waitFor() finished in 46ms.
?[32;1m[debug]?[0m [phantom] Capturing page to /Users/zpeugh/code/min/scripts/flowdocument/Resources/formHtmls/formPNGs/EJU - Remediation Review Checklist.png with clipRect {"top":13,"height":710,"left":8,"width":808}
?[36m[info]?[0m [phantom] Capture saved to /Users/zpeugh/code/min/scripts/flowdocument/Resources/formHtmls/formPNGs/EJU - Remediation Review Checklist.png
?[36m[info]?[0m [phantom] Step anonymous 52/60: done in 2788ms.
?[36m[info]?[0m [phantom] Step anonymous 53/60: done in 2791ms.
?[36m[info]?[0m [phantom] Step _step 54/60: done in 2810ms.
?[36m[info]?[0m [phantom] waitFor() finished in 46ms.
?[32;1m[debug]?[0m [phantom] opening url: file:///Users/zpeugh/code/min/scripts/flowdocument/Resources/formHtmls/EJU - Davey Form.html, HTTP GET
?[32;1m[debug]?[0m [phantom] Navigation requested: url=file:///Users/zpeugh/code/min/scripts/flowdocument/Resources/formHtmls/EJU - Davey Form.html, type=Other, willNavigate=true, isMainFrame=true
?[32;1m[debug]?[0m [phantom] url changed to "file:///Users/zpeugh/code/min/scripts/flowdocument/Resources/formHtmls/EJU - Davey Form.html"
?[32;1m[debug]?[0m [phantom] Successfully injected Casper client-side utilities
?[36m[info]?[0m [phantom] Step anonymous 56/60: done in 2900ms.
?[36m[info]?[0m [phantom] Step _step 57/63: done in 2922ms.
?[36m[info]?[0m [phantom] waitFor() finished in 48ms.
?[32;1m[debug]?[0m [phantom] Capturing page to /Users/zpeugh/code/min/scripts/flowdocument/Resources/formHtmls/formPNGs/EJU - Davey Form.png with clipRect {"top":13,"height":251,"left":8,"width":808}
?[36m[info]?[0m [phantom] Capture saved to /Users/zpeugh/code/min/scripts/flowdocument/Resources/formHtmls/formPNGs/EJU - Davey Form.png
?[36m[info]?[0m [phantom] Step anonymous 58/64: done in 3059ms.
?[36m[info]?[0m [phantom] Step anonymous 59/64: done in 3061ms.
?[36m[info]?[0m [phantom] Step _step 60/64: done in 3082ms.
?[36m[info]?[0m [phantom] waitFor() finished in 40ms.
?[32;1m[debug]?[0m [phantom] opening url: file:///Users/zpeugh/code/min/scripts/flowdocument/Resources/formHtmls/EJU - Office Checklist.html, HTTP GET
?[32;1m[debug]?[0m [phantom] Navigation requested: url=file:///Users/zpeugh/code/min/scripts/flowdocument/Resources/formHtmls/EJU - Office Checklist.html, type=Other, willNavigate=true, isMainFrame=true
?[32;1m[debug]?[0m [phantom] url changed to "file:///Users/zpeugh/code/min/scripts/flowdocument/Resources/formHtmls/EJU - Office Checklist.html"
?[32;1m[debug]?[0m [phantom] Successfully injected Casper client-side utilities
?[36m[info]?[0m [phantom] Step anonymous 62/64: done in 3174ms.
?[36m[info]?[0m [phantom] Step _step 63/67: done in 3185ms.
?[36m[info]?[0m [phantom] waitFor() finished in 44ms.
?[32;1m[debug]?[0m [phantom] Capturing page to /Users/zpeugh/code/min/scripts/flowdocument/Resources/formHtmls/formPNGs/EJU - Office Checklist.png with clipRect {"top":13,"height":1513,"left":8,"width":808}
?[36m[info]?[0m [phantom] Capture saved to /Users/zpeugh/code/min/scripts/flowdocument/Resources/formHtmls/formPNGs/EJU - Office Checklist.png
?[36m[info]?[0m [phantom] Step anonymous 64/68: done in 3446ms.
?[36m[info]?[0m [phantom] Step anonymous 65/68: done in 3453ms.
?[36m[info]?[0m [phantom] Step _step 66/68: done in 3467ms.
?[36m[info]?[0m [phantom] waitFor() finished in 48ms.
?[32;1m[debug]?[0m [phantom] opening url: file:///Users/zpeugh/code/min/scripts/flowdocument/Resources/formHtmls/Billing Code.html, HTTP GET
?[32;1m[debug]?[0m [phantom] Navigation requested: url=file:///Users/zpeugh/code/min/scripts/flowdocument/Resources/formHtmls/Billing Code.html, type=Other, willNavigate=true, isMainFrame=true
?[32;1m[debug]?[0m [phantom] url changed to "file:///Users/zpeugh/code/min/scripts/flowdocument/Resources/formHtmls/Billing Code.html"
?[32;1m[debug]?[0m [phantom] Successfully injected Casper client-side utilities
?[36m[info]?[0m [phantom] Step anonymous 68/68: done in 3564ms.
?[36m[info]?[0m [phantom] Step _step 69/71: done in 3583ms.
?[36m[info]?[0m [phantom] waitFor() finished in 46ms.
?[32;1m[debug]?[0m [phantom] Capturing page to /Users/zpeugh/code/min/scripts/flowdocument/Resources/formHtmls/formPNGs/Billing Code.png with clipRect {"top":13,"height":505,"left":8,"width":808}
?[36m[info]?[0m [phantom] Capture saved to /Users/zpeugh/code/min/scripts/flowdocument/Resources/formHtmls/formPNGs/Billing Code.png
?[36m[info]?[0m [phantom] Step anonymous 70/72: done in 3743ms.
?[36m[info]?[0m [phantom] Step anonymous 71/72: done in 3746ms.
?[36m[info]?[0m [phantom] Step _step 72/72: done in 3764ms.
?[36m[info]?[0m [phantom] waitFor() finished in 49ms.
?[36m[info]?[0m [phantom] Done 72 steps in 3837ms
All forms: [EJU - Covermap Checklist, EJU - Ride Out Checklist, OVL - Checklist, IJUS Tracking Information, Core Form, Asset Information, EJU - Field Checklist, EJU - Transmission Checklist, EJU - Remediation Review Checklist, EJU - Davey Form, EJU - Office Checklist, Billing Code]
Missed Forms: null
company name: American Electric Power
flow Name: Overlash (imported 4/9/13 11:11:07 PM)
2: Hold 45 Day Clock
3: Resume 45 Day Clock
4: 15 Day Return Clock
5: Pull Forms from Calc
6: Pull Photos from Calc
7: LockProject
8: ProjectUnlocked
9: Creator as Manager
10: Generate Calc File
11: Pole Details
12: Push Forms To Calc
?[36m[info]?[0m [phantom] Starting...
?[36m[info]?[0m [phantom] Execution timeout set to 10000ms
?[36m[info]?[0m [phantom] Running suite: 13 steps
?[32;1m[debug]?[0m [phantom] opening url: https://www.spidasoftware.com/projectmanager/, HTTP GET
?[32;1m[debug]?[0m [phantom] Navigation requested: url=https://www.spidasoftware.com/projectmanager/, type=Other, willNavigate=true, isMainFrame=true
?[32;1m[debug]?[0m [phantom] Navigation requested: url=https://www.spidasoftware.com/cas/login?service=https://www.spidasoftware.com/projectmanager/j_spring_cas_security_check, type=Other, willNavigate=true, isMainFrame=true
?[32;1m[debug]?[0m [phantom] url changed to "https://www.spidasoftware.com/cas/login?service=https://www.spidasoftware.com/projectmanager/j_spring_cas_security_check"
?[32;1m[debug]?[0m [phantom] Successfully injected Casper client-side utilities
?[32;1m[debug]?[0m [phantom] start page is loaded
?[36m[info]?[0m [phantom] Step login 3/13 https://www.spidasoftware.com/cas/login?service=https://www.spidasoftware.com/projectmanager/j_spring_cas_security_check (HTTP 200)
?[36m[info]?[0m [remote] attempting to fetch form element from selector: 'form#fm1'
?[32;1m[debug]?[0m [remote] Set "username" field value to admin@spidasoftware.com
?[32;1m[debug]?[0m [remote] Set "password" field value to ***************
?[36m[info]?[0m [remote] submitting form to /cas/login;jsessionid=819A3D01501DEE06605820727885B6F1?service=https%3A%2F%2Fwww.spidasoftware.com%2Fprojectmanager%2Fj_spring_cas_security_check, HTTP POST
?[36m[info]?[0m [phantom] Step login 3/13: done in 2031ms.
?[32;1m[debug]?[0m [phantom] Navigation requested: url=https://www.spidasoftware.com/cas/login;jsessionid=819A3D01501DEE06605820727885B6F1?service=https://www.spidasoftware.com/projectmanager/j_spring_cas_security_check, type=FormSubmitted, willNavigate=true, isMainFrame=true
?[32;1m[debug]?[0m [phantom] Navigation requested: url=https://www.spidasoftware.com/projectmanager/j_spring_cas_security_check?ticket=ST-340-T6XxLwz4bi19nOOOdZf1-www.spidasoftware.com, type=FormSubmitted, willNavigate=true, isMainFrame=true
?[32;1m[debug]?[0m [phantom] Navigation requested: url=https://www.spidasoftware.com/projectmanager/, type=FormSubmitted, willNavigate=true, isMainFrame=true
?[32;1m[debug]?[0m [phantom] url changed to "https://www.spidasoftware.com/projectmanager/"
?[32;1m[debug]?[0m [phantom] Successfully injected Casper client-side utilities
?[36m[info]?[0m [phantom] Step _step 4/13 https://www.spidasoftware.com/projectmanager/ (HTTP 200)
?[36m[info]?[0m [phantom] Step _step 4/13: done in 9668ms.
?[36m[info]?[0m [phantom] waitFor() finished in 47ms.
?[36m[info]?[0m [phantom] Step afterLogin 5/14 https://www.spidasoftware.com/projectmanager/ (HTTP 200)
Logged in successfully
?[36m[info]?[0m [phantom] Step afterLogin 5/14: done in 9716ms.
?[36m[info]?[0m [phantom] Step _step 6/14 https://www.spidasoftware.com/projectmanager/ (HTTP 200)
?[36m[info]?[0m [phantom] Step _step 6/14: done in 9737ms.
?[36m[info]?[0m [phantom] waitFor() finished in 43ms.
?[36m[info]?[0m [phantom] Step anonymous 7/15 https://www.spidasoftware.com/projectmanager/ (HTTP 200)
?[32;1m[debug]?[0m [phantom] Mouse event 'mousedown' on selector: xpath selector: //*[text()="American Electric Power"]
?[32;1m[debug]?[0m [phantom] Mouse event 'mouseup' on selector: xpath selector: //*[text()="American Electric Power"]
?[32;1m[debug]?[0m [phantom] Mouse event 'click' on selector: xpath selector: //*[text()="American Electric Power"]
?[32;1m[debug]?[0m [phantom] Navigation requested: url=https://www.spidasoftware.com/projectmanager/#, type=LinkClicked, willNavigate=true, isMainFrame=true
?[32;1m[debug]?[0m [phantom] url changed to "https://www.spidasoftware.com/projectmanager/#"
?[36m[info]?[0m [phantom] Step anonymous 7/15: done in 9809ms.
?[32;1m[debug]?[0m [phantom] Navigation requested: url=https://www.spidasoftware.com/projectmanager/switchcompany, type=FormSubmitted, willNavigate=true, isMainFrame=true
?[33m[warning]?[0m [phantom] Loading resource failed with status=fail (HTTP 200): https://www.spidasoftware.com/projectmanager/switchcompany
script timed out
?[36m[info]?[0m [phantom] Step _step 8/15 https://www.spidasoftware.com/projectmanager/# (HTTP 200)
?[36m[info]?[0m [phantom] Step _step 8/15: done in 10006ms.
?[32;1m[debug]?[0m [phantom] Navigation requested: url=https://www.spidasoftware.com/projectmanager/dashboard/index, type=FormSubmitted, willNavigate=true, isMainFrame=true
?[32;1m[debug]?[0m [phantom] url changed to "https://www.spidasoftware.com/projectmanager/dashboard/index"
?[32;1m[debug]?[0m [phantom] Successfully injected Casper client-side utilities
?[36m[info]?[0m [phantom] waitFor() finished in 3909ms.
?[36m[info]?[0m [phantom] Step anonymous 9/16 https://www.spidasoftware.com/projectmanager/dashboard/index (HTTP 200)
Logged in as: American Electric Power
?[36m[info]?[0m [phantom] Step anonymous 9/16: done in 13940ms.
?[32;1m[debug]?[0m [phantom] opening url: https://www.spidasoftware.com/projectmanager/flow/list, HTTP GET
?[32;1m[debug]?[0m [phantom] Navigation requested: url=https://www.spidasoftware.com/projectmanager/flow/list, type=Other, willNavigate=true, isMainFrame=true
?[33m[warning]?[0m [phantom] Loading resource failed with status=fail (HTTP 200): https://www.spidasoftware.com/projectmanager/flow/list
?[32;1m[debug]?[0m [phantom] url changed to "https://www.spidasoftware.com/projectmanager/flow/list"
?[32;1m[debug]?[0m [phantom] Successfully injected Casper client-side utilities
?[36m[info]?[0m [phantom] Step openFlowList 11/16 https://www.spidasoftware.com/projectmanager/flow/list (HTTP 200)
Navigating to Flow List
?[36m[info]?[0m [phantom] Step openFlowList 11/16: done in 16033ms.
?[36m[info]?[0m [phantom] Step _step 12/16 https://www.spidasoftware.com/projectmanager/flow/list (HTTP 200)
?[36m[info]?[0m [phantom] Step _step 12/16: done in 16052ms.
?[36m[info]?[0m [phantom] waitFor() finished in 46ms.
?[36m[info]?[0m [phantom] Step clickFlow 13/17 https://www.spidasoftware.com/projectmanager/flow/list (HTTP 200)
Currently at: https://www.spidasoftware.com/projectmanager/flow/list
?[32;1m[debug]?[0m [phantom] Mouse event 'mousedown' on selector: xpath selector: //a[text()="Overlash (imported 4/9/13 11:11:07 PM)"]
?[32;1m[debug]?[0m [phantom] Mouse event 'mouseup' on selector: xpath selector: //a[text()="Overlash (imported 4/9/13 11:11:07 PM)"]
?[32;1m[debug]?[0m [phantom] Mouse event 'click' on selector: xpath selector: //a[text()="Overlash (imported 4/9/13 11:11:07 PM)"]
?[32;1m[debug]?[0m [phantom] Navigation requested: url=https://www.spidasoftware.com/projectmanager/flow/edit/6565, type=LinkClicked, willNavigate=true, isMainFrame=true
?[36m[info]?[0m [phantom] Step clickFlow 13/17: done in 16127ms.
?[33m[warning]?[0m [phantom] Loading resource failed with status=fail (HTTP 200): https://www.spidasoftware.com/projectmanager/flow/edit/6565
?[32;1m[debug]?[0m [phantom] url changed to "https://www.spidasoftware.com/projectmanager/flow/edit/6565"
?[32;1m[debug]?[0m [phantom] Successfully injected Casper client-side utilities
?[36m[info]?[0m [phantom] Step _step 14/17 https://www.spidasoftware.com/projectmanager/flow/edit/6565 (HTTP 200)
?[36m[info]?[0m [phantom] Step _step 14/17: done in 18127ms.
?[36m[info]?[0m [phantom] waitFor() finished in 158ms.
?[36m[info]?[0m [phantom] Step getOrder 15/18 https://www.spidasoftware.com/projectmanager/flow/edit/6565 (HTTP 200)
?[36m[info]?[0m [phantom] Step getOrder 15/18: done in 18338ms.
?[36m[info]?[0m [phantom] Step _step 16/18 https://www.spidasoftware.com/projectmanager/flow/edit/6565 (HTTP 200)
?[36m[info]?[0m [phantom] Step _step 16/18: done in 18348ms.
?[36m[info]?[0m [phantom] wait() finished waiting for 2000ms.
Currently at: https://www.spidasoftware.com/projectmanager/flow/edit/6565
?[32;1m[debug]?[0m [phantom] Mouse event 'mousedown' on selector: #events_table>table>tbody>tr:nth-child(1)>td:nth-child(5)>a
?[32;1m[debug]?[0m [phantom] Mouse event 'mouseup' on selector: #events_table>table>tbody>tr:nth-child(1)>td:nth-child(5)>a
?[32;1m[debug]?[0m [phantom] Mouse event 'click' on selector: #events_table>table>tbody>tr:nth-child(1)>td:nth-child(5)>a
?[32;1m[debug]?[0m [phantom] Navigation requested: url=https://www.spidasoftware.com/projectmanager/flow/edit/6565#, type=LinkClicked, willNavigate=true, isMainFrame=true
?[32;1m[debug]?[0m [phantom] url changed to "https://www.spidasoftware.com/projectmanager/flow/edit/6565#"
?[36m[info]?[0m [phantom] Step _step 17/18 https://www.spidasoftware.com/projectmanager/flow/edit/6565# (HTTP 200)
?[36m[info]?[0m [phantom] Step _step 17/18: done in 20366ms.
?[36m[info]?[0m [phantom] waitFor() finished in 1159ms.
?[36m[info]?[0m [phantom] Step clickActionTab 18/19 https://www.spidasoftware.com/projectmanager/flow/edit/6565# (HTTP 200)
?[32;1m[debug]?[0m [phantom] Mouse event 'mousedown' on selector: form>div>div>dl>dd:nth-child(2)>a
?[32;1m[debug]?[0m [phantom] Mouse event 'mouseup' on selector: form>div>div>dl>dd:nth-child(2)>a
?[32;1m[debug]?[0m [phantom] Mouse event 'click' on selector: form>div>div>dl>dd:nth-child(2)>a
?[36m[info]?[0m [phantom] Step clickActionTab 18/19: done in 21558ms.
?[36m[info]?[0m [phantom] Step _step 19/19 https://www.spidasoftware.com/projectmanager/flow/edit/6565# (HTTP 200)
?[36m[info]?[0m [phantom] Step _step 19/19: done in 21565ms.
?[36m[info]?[0m [phantom] waitFor() finished in 1202ms.
?[36m[info]?[0m [phantom] Step chooseAnAction 20/20 https://www.spidasoftware.com/projectmanager/flow/edit/6565# (HTTP 200)
Capturing action: ProjectUnlocked...
6381
Capturing action: Pole Details...
6382
Capturing action: LockProject...
6410
Capturing action: Creator as Manager...
6413
Capturing action: Hold 45 Day Clock...
6416
Capturing action: Resume 45 Day Clock...
6417
Capturing action: Generate Calc File...
6478
Capturing action: Push Forms To Calc...
6479
Capturing action: 15 Day Return Clock...
6481
Capturing action: Pull Forms from Calc...
6482
Capturing action: Pull Photos from Calc...
6483
?[36m[info]?[0m [phantom] Step chooseAnAction 20/20: done in 23660ms.
?[36m[info]?[0m [phantom] Step changeOnClickValue 21/42 https://www.spidasoftware.com/projectmanager/flow/edit/6565# (HTTP 200)
?[36m[info]?[0m [phantom] Step changeOnClickValue 21/42: done in 23662ms.
?[36m[info]?[0m [phantom] Step _step 22/42 https://www.spidasoftware.com/projectmanager/flow/edit/6565# (HTTP 200)
?[36m[info]?[0m [phantom] Step _step 22/42: done in 23682ms.
?[36m[info]?[0m [phantom] wait() finished waiting for 2000ms.
?[36m[info]?[0m [phantom] Step _step 23/43 https://www.spidasoftware.com/projectmanager/flow/edit/6565# (HTTP 200)
?[36m[info]?[0m [phantom] Step _step 23/43: done in 25685ms.
?[36m[info]?[0m [phantom] waitFor() finished in 43ms.
?[36m[info]?[0m [phantom] Step waitedForJavascript 24/44 https://www.spidasoftware.com/projectmanager/flow/edit/6565# (HTTP 200)
?[32;1m[debug]?[0m [phantom] Capturing page to /Users/zpeugh/code/min/scripts/flowdocument/pngs/ProjectUnlocked.png
?[36m[info]?[0m [phantom] Capture saved to /Users/zpeugh/code/min/scripts/flowdocument/pngs/ProjectUnlocked.png
Captured action: ProjectUnlockedvalue: 6381
?[36m[info]?[0m [phantom] Step waitedForJavascript 24/44: done in 26118ms.
?[36m[info]?[0m [phantom] Step changeOnClickValue 25/44 https://www.spidasoftware.com/projectmanager/flow/edit/6565# (HTTP 200)
?[36m[info]?[0m [phantom] Step changeOnClickValue 25/44: done in 26200ms.
?[36m[info]?[0m [phantom] Step _step 26/44 https://www.spidasoftware.com/projectmanager/flow/edit/6565# (HTTP 200)
?[36m[info]?[0m [phantom] Step _step 26/44: done in 26231ms.
?[36m[info]?[0m [phantom] wait() finished waiting for 2000ms.
?[36m[info]?[0m [phantom] Step _step 27/45 https://www.spidasoftware.com/projectmanager/flow/edit/6565# (HTTP 200)
?[36m[info]?[0m [phantom] Step _step 27/45: done in 28254ms.
?[36m[info]?[0m [phantom] waitFor() finished in 44ms.
?[36m[info]?[0m [phantom] Step waitedForJavascript 28/46 https://www.spidasoftware.com/projectmanager/flow/edit/6565# (HTTP 200)
?[32;1m[debug]?[0m [phantom] Capturing page to /Users/zpeugh/code/min/scripts/flowdocument/pngs/Pole Details.png
?[36m[info]?[0m [phantom] Capture saved to /Users/zpeugh/code/min/scripts/flowdocument/pngs/Pole Details.png
Captured action: Pole Detailsvalue: 6382
?[36m[info]?[0m [phantom] Step waitedForJavascript 28/46: done in 28652ms.
?[36m[info]?[0m [phantom] Step changeOnClickValue 29/46 https://www.spidasoftware.com/projectmanager/flow/edit/6565# (HTTP 200)
?[36m[info]?[0m [phantom] Step changeOnClickValue 29/46: done in 28654ms.
?[36m[info]?[0m [phantom] Step _step 30/46 https://www.spidasoftware.com/projectmanager/flow/edit/6565# (HTTP 200)
?[36m[info]?[0m [phantom] Step _step 30/46: done in 28736ms.
?[36m[info]?[0m [phantom] wait() finished waiting for 2000ms.
?[36m[info]?[0m [phantom] Step _step 31/47 https://www.spidasoftware.com/projectmanager/flow/edit/6565# (HTTP 200)
?[36m[info]?[0m [phantom] Step _step 31/47: done in 30745ms.
?[36m[info]?[0m [phantom] waitFor() finished in 41ms.
?[36m[info]?[0m [phantom] Step waitedForJavascript 32/48 https://www.spidasoftware.com/projectmanager/flow/edit/6565# (HTTP 200)
?[32;1m[debug]?[0m [phantom] Capturing page to /Users/zpeugh/code/min/scripts/flowdocument/pngs/LockProject.png
?[36m[info]?[0m [phantom] Capture saved to /Users/zpeugh/code/min/scripts/flowdocument/pngs/LockProject.png
Captured action: LockProjectvalue: 6410
?[36m[info]?[0m [phantom] Step waitedForJavascript 32/48: done in 31131ms.
?[36m[info]?[0m [phantom] Step changeOnClickValue 33/48 https://www.spidasoftware.com/projectmanager/flow/edit/6565# (HTTP 200)
?[36m[info]?[0m [phantom] Step changeOnClickValue 33/48: done in 31133ms.
?[36m[info]?[0m [phantom] Step _step 34/48 https://www.spidasoftware.com/projectmanager/flow/edit/6565# (HTTP 200)
?[36m[info]?[0m [phantom] Step _step 34/48: done in 31215ms.
?[36m[info]?[0m [phantom] wait() finished waiting for 2000ms.
?[36m[info]?[0m [phantom] Step _step 35/49 https://www.spidasoftware.com/projectmanager/flow/edit/6565# (HTTP 200)
?[36m[info]?[0m [phantom] Step _step 35/49: done in 33226ms.
?[36m[info]?[0m [phantom] waitFor() finished in 40ms.
?[36m[info]?[0m [phantom] Step waitedForJavascript 36/50 https://www.spidasoftware.com/projectmanager/flow/edit/6565# (HTTP 200)
?[32;1m[debug]?[0m [phantom] Capturing page to /Users/zpeugh/code/min/scripts/flowdocument/pngs/Creator as Manager.png
?[36m[info]?[0m [phantom] Capture saved to /Users/zpeugh/code/min/scripts/flowdocument/pngs/Creator as Manager.png
Captured action: Creator as Managervalue: 6413
?[36m[info]?[0m [phantom] Step waitedForJavascript 36/50: done in 33619ms.
?[36m[info]?[0m [phantom] Step changeOnClickValue 37/50 https://www.spidasoftware.com/projectmanager/flow/edit/6565# (HTTP 200)
?[36m[info]?[0m [phantom] Step changeOnClickValue 37/50: done in 33621ms.
?[36m[info]?[0m [phantom] Step _step 38/50 https://www.spidasoftware.com/projectmanager/flow/edit/6565# (HTTP 200)
?[36m[info]?[0m [phantom] Step _step 38/50: done in 33704ms.
?[36m[info]?[0m [phantom] wait() finished waiting for 2000ms.
?[36m[info]?[0m [phantom] Step _step 39/51 https://www.spidasoftware.com/projectmanager/flow/edit/6565# (HTTP 200)
?[36m[info]?[0m [phantom] Step _step 39/51: done in 35717ms.
?[36m[info]?[0m [phantom] waitFor() finished in 41ms.
?[36m[info]?[0m [phantom] Step waitedForJavascript 40/52 https://www.spidasoftware.com/projectmanager/flow/edit/6565# (HTTP 200)
?[32;1m[debug]?[0m [phantom] Capturing page to /Users/zpeugh/code/min/scripts/flowdocument/pngs/Hold 45 Day Clock.png
?[36m[info]?[0m [phantom] Capture saved to /Users/zpeugh/code/min/scripts/flowdocument/pngs/Hold 45 Day Clock.png
Captured action: Hold 45 Day Clockvalue: 6416
?[36m[info]?[0m [phantom] Step waitedForJavascript 40/52: done in 36105ms.
?[36m[info]?[0m [phantom] Step changeOnClickValue 41/52 https://www.spidasoftware.com/projectmanager/flow/edit/6565# (HTTP 200)
?[36m[info]?[0m [phantom] Step changeOnClickValue 41/52: done in 36107ms.
?[36m[info]?[0m [phantom] Step _step 42/52 https://www.spidasoftware.com/projectmanager/flow/edit/6565# (HTTP 200)
?[36m[info]?[0m [phantom] Step _step 42/52: done in 36203ms.
?[36m[info]?[0m [phantom] wait() finished waiting for 2000ms.
?[36m[info]?[0m [phantom] Step _step 43/53 https://www.spidasoftware.com/projectmanager/flow/edit/6565# (HTTP 200)
?[36m[info]?[0m [phantom] Step _step 43/53: done in 38214ms.
?[36m[info]?[0m [phantom] waitFor() finished in 40ms.
?[36m[info]?[0m [phantom] Step waitedForJavascript 44/54 https://www.spidasoftware.com/projectmanager/flow/edit/6565# (HTTP 200)
?[32;1m[debug]?[0m [phantom] Capturing page to /Users/zpeugh/code/min/scripts/flowdocument/pngs/Resume 45 Day Clock.png
?[36m[info]?[0m [phantom] Capture saved to /Users/zpeugh/code/min/scripts/flowdocument/pngs/Resume 45 Day Clock.png
Captured action: Resume 45 Day Clockvalue: 6417
?[36m[info]?[0m [phantom] Step waitedForJavascript 44/54: done in 38605ms.
?[36m[info]?[0m [phantom] Step changeOnClickValue 45/54 https://www.spidasoftware.com/projectmanager/flow/edit/6565# (HTTP 200)
?[36m[info]?[0m [phantom] Step changeOnClickValue 45/54: done in 38607ms.
?[36m[info]?[0m [phantom] Step _step 46/54 https://www.spidasoftware.com/projectmanager/flow/edit/6565# (HTTP 200)
?[36m[info]?[0m [phantom] Step _step 46/54: done in 38687ms.
?[36m[info]?[0m [phantom] wait() finished waiting for 2000ms.
?[36m[info]?[0m [phantom] Step _step 47/55 https://www.spidasoftware.com/projectmanager/flow/edit/6565# (HTTP 200)
?[36m[info]?[0m [phantom] Step _step 47/55: done in 40710ms.
?[36m[info]?[0m [phantom] waitFor() finished in 40ms.
?[36m[info]?[0m [phantom] Step waitedForJavascript 48/56 https://www.spidasoftware.com/projectmanager/flow/edit/6565# (HTTP 200)
?[32;1m[debug]?[0m [phantom] Capturing page to /Users/zpeugh/code/min/scripts/flowdocument/pngs/Generate Calc File.png
?[36m[info]?[0m [phantom] Capture saved to /Users/zpeugh/code/min/scripts/flowdocument/pngs/Generate Calc File.png
Captured action: Generate Calc Filevalue: 6478
?[36m[info]?[0m [phantom] Step waitedForJavascript 48/56: done in 41101ms.
?[36m[info]?[0m [phantom] Step changeOnClickValue 49/56 https://www.spidasoftware.com/projectmanager/flow/edit/6565# (HTTP 200)
?[36m[info]?[0m [phantom] Step changeOnClickValue 49/56: done in 41103ms.
?[36m[info]?[0m [phantom] Step _step 50/56 https://www.spidasoftware.com/projectmanager/flow/edit/6565# (HTTP 200)
?[36m[info]?[0m [phantom] Step _step 50/56: done in 41182ms.
?[36m[info]?[0m [phantom] wait() finished waiting for 2000ms.
?[36m[info]?[0m [phantom] Step _step 51/57 https://www.spidasoftware.com/projectmanager/flow/edit/6565# (HTTP 200)
?[36m[info]?[0m [phantom] Step _step 51/57: done in 43192ms.
?[36m[info]?[0m [phantom] waitFor() finished in 44ms.
?[36m[info]?[0m [phantom] Step waitedForJavascript 52/58 https://www.spidasoftware.com/projectmanager/flow/edit/6565# (HTTP 200)
?[32;1m[debug]?[0m [phantom] Capturing page to /Users/zpeugh/code/min/scripts/flowdocument/pngs/Push Forms To Calc.png
?[36m[info]?[0m [phantom] Capture saved to /Users/zpeugh/code/min/scripts/flowdocument/pngs/Push Forms To Calc.png
Captured action: Push Forms To Calcvalue: 6479
?[36m[info]?[0m [phantom] Step waitedForJavascript 52/58: done in 43671ms.
?[36m[info]?[0m [phantom] Step changeOnClickValue 53/58 https://www.spidasoftware.com/projectmanager/flow/edit/6565# (HTTP 200)
?[36m[info]?[0m [phantom] Step changeOnClickValue 53/58: done in 43673ms.
?[36m[info]?[0m [phantom] Step _step 54/58 https://www.spidasoftware.com/projectmanager/flow/edit/6565# (HTTP 200)
?[36m[info]?[0m [phantom] Step _step 54/58: done in 43752ms.
?[36m[info]?[0m [phantom] wait() finished waiting for 2000ms.
?[36m[info]?[0m [phantom] Step _step 55/59 https://www.spidasoftware.com/projectmanager/flow/edit/6565# (HTTP 200)
?[36m[info]?[0m [phantom] Step _step 55/59: done in 45767ms.
?[36m[info]?[0m [phantom] waitFor() finished in 41ms.
?[36m[info]?[0m [phantom] Step waitedForJavascript 56/60 https://www.spidasoftware.com/projectmanager/flow/edit/6565# (HTTP 200)
?[32;1m[debug]?[0m [phantom] Capturing page to /Users/zpeugh/code/min/scripts/flowdocument/pngs/15 Day Return Clock.png
?[36m[info]?[0m [phantom] Capture saved to /Users/zpeugh/code/min/scripts/flowdocument/pngs/15 Day Return Clock.png
Captured action: 15 Day Return Clockvalue: 6481
?[36m[info]?[0m [phantom] Step waitedForJavascript 56/60: done in 46156ms.
?[36m[info]?[0m [phantom] Step changeOnClickValue 57/60 https://www.spidasoftware.com/projectmanager/flow/edit/6565# (HTTP 200)
?[36m[info]?[0m [phantom] Step changeOnClickValue 57/60: done in 46158ms.
?[36m[info]?[0m [phantom] Step _step 58/60 https://www.spidasoftware.com/projectmanager/flow/edit/6565# (HTTP 200)
?[36m[info]?[0m [phantom] Step _step 58/60: done in 46241ms.
?[36m[info]?[0m [phantom] wait() finished waiting for 2000ms.
?[36m[info]?[0m [phantom] Step _step 59/61 https://www.spidasoftware.com/projectmanager/flow/edit/6565# (HTTP 200)
?[36m[info]?[0m [phantom] Step _step 59/61: done in 48262ms.
?[36m[info]?[0m [phantom] waitFor() finished in 42ms.
?[36m[info]?[0m [phantom] Step waitedForJavascript 60/62 https://www.spidasoftware.com/projectmanager/flow/edit/6565# (HTTP 200)
?[32;1m[debug]?[0m [phantom] Capturing page to /Users/zpeugh/code/min/scripts/flowdocument/pngs/Pull Forms from Calc.png
?[36m[info]?[0m [phantom] Capture saved to /Users/zpeugh/code/min/scripts/flowdocument/pngs/Pull Forms from Calc.png
Captured action: Pull Forms from Calcvalue: 6482
?[36m[info]?[0m [phantom] Step waitedForJavascript 60/62: done in 48655ms.
?[36m[info]?[0m [phantom] Step changeOnClickValue 61/62 https://www.spidasoftware.com/projectmanager/flow/edit/6565# (HTTP 200)
?[36m[info]?[0m [phantom] Step changeOnClickValue 61/62: done in 48658ms.
?[36m[info]?[0m [phantom] Step _step 62/62 https://www.spidasoftware.com/projectmanager/flow/edit/6565# (HTTP 200)
?[36m[info]?[0m [phantom] Step _step 62/62: done in 48740ms.
?[36m[info]?[0m [phantom] wait() finished waiting for 2000ms.
?[36m[info]?[0m [phantom] Step _step 63/63 https://www.spidasoftware.com/projectmanager/flow/edit/6565# (HTTP 200)
?[36m[info]?[0m [phantom] Step _step 63/63: done in 50756ms.
?[36m[info]?[0m [phantom] waitFor() finished in 41ms.
?[36m[info]?[0m [phantom] Step waitedForJavascript 64/64 https://www.spidasoftware.com/projectmanager/flow/edit/6565# (HTTP 200)
?[32;1m[debug]?[0m [phantom] Capturing page to /Users/zpeugh/code/min/scripts/flowdocument/pngs/Pull Photos from Calc.png
?[36m[info]?[0m [phantom] Capture saved to /Users/zpeugh/code/min/scripts/flowdocument/pngs/Pull Photos from Calc.png
Captured action: Pull Photos from Calcvalue: 6483
?[36m[info]?[0m [phantom] Step waitedForJavascript 64/64: done in 51146ms.
?[36m[info]?[0m [phantom] Done 64 steps in 51146ms
args: Hold~45~Day~Clock Resume~45~Day~Clock 15~Day~Return~Clock Pull~Forms~from~Calc Pull~Photos~from~Calc LockProject ProjectUnlocked Creator~as~Manager Generate~Calc~File Pole~Details Push~Forms~To~Calc
Actions to capture: 
0: Hold 45 Day Clock
1: Resume 45 Day Clock
2: 15 Day Return Clock
3: Pull Forms from Calc
4: Pull Photos from Calc
5: LockProject
6: ProjectUnlocked
7: Creator as Manager
8: Generate Calc File
9: Pole Details
10: Push Forms To Calc
?[36m[info]?[0m [phantom] Starting...
?[36m[info]?[0m [phantom] Execution timeout set to 8000ms
?[36m[info]?[0m [phantom] Running suite: 44 steps
?[32;1m[debug]?[0m [phantom] opening url: file:///Users/zpeugh/code/min/scripts/flowdocument/Resources/actionHtmls/Hold 45 Day Clock.html, HTTP GET
?[32;1m[debug]?[0m [phantom] Navigation requested: url=file:///Users/zpeugh/code/min/scripts/flowdocument/Resources/actionHtmls/Hold 45 Day Clock.html, type=Other, willNavigate=true, isMainFrame=true
?[32;1m[debug]?[0m [phantom] url changed to "file:///Users/zpeugh/code/min/scripts/flowdocument/Resources/actionHtmls/Hold 45 Day Clock.html"
?[32;1m[debug]?[0m [phantom] Successfully injected Casper client-side utilities
?[36m[info]?[0m [phantom] Step anonymous 2/44: done in 109ms.
?[36m[info]?[0m [phantom] Step _step 3/45: done in 134ms.
?[36m[info]?[0m [phantom] waitFor() finished in 46ms.
?[32;1m[debug]?[0m [phantom] Capturing page to /Users/zpeugh/code/min/scripts/flowdocument/Resources/actionHtmls/actionPNGs/Hold 45 Day Clock.png with clipRect {"top":15,"height":171,"left":62,"width":501}
?[36m[info]?[0m [phantom] Capture saved to /Users/zpeugh/code/min/scripts/flowdocument/Resources/actionHtmls/actionPNGs/Hold 45 Day Clock.png
?[36m[info]?[0m [phantom] Step anonymous 4/46: done in 270ms.
?[32;1m[debug]?[0m [phantom] opening url: file:///Users/zpeugh/code/min/scripts/flowdocument/Resources/actionHtmls/Resume 45 Day Clock.html, HTTP GET
?[32;1m[debug]?[0m [phantom] Navigation requested: url=file:///Users/zpeugh/code/min/scripts/flowdocument/Resources/actionHtmls/Resume 45 Day Clock.html, type=Other, willNavigate=true, isMainFrame=true
?[32;1m[debug]?[0m [phantom] url changed to "file:///Users/zpeugh/code/min/scripts/flowdocument/Resources/actionHtmls/Resume 45 Day Clock.html"
?[32;1m[debug]?[0m [phantom] Successfully injected Casper client-side utilities
?[36m[info]?[0m [phantom] Step anonymous 6/46: done in 324ms.
?[36m[info]?[0m [phantom] Step _step 7/47: done in 347ms.
?[36m[info]?[0m [phantom] waitFor() finished in 46ms.
?[32;1m[debug]?[0m [phantom] Capturing page to /Users/zpeugh/code/min/scripts/flowdocument/Resources/actionHtmls/actionPNGs/Resume 45 Day Clock.png with clipRect {"top":15,"height":171,"left":62,"width":501}
?[36m[info]?[0m [phantom] Capture saved to /Users/zpeugh/code/min/scripts/flowdocument/Resources/actionHtmls/actionPNGs/Resume 45 Day Clock.png
?[36m[info]?[0m [phantom] Step anonymous 8/48: done in 482ms.
?[32;1m[debug]?[0m [phantom] opening url: file:///Users/zpeugh/code/min/scripts/flowdocument/Resources/actionHtmls/15 Day Return Clock.html, HTTP GET
?[32;1m[debug]?[0m [phantom] Navigation requested: url=file:///Users/zpeugh/code/min/scripts/flowdocument/Resources/actionHtmls/15 Day Return Clock.html, type=Other, willNavigate=true, isMainFrame=true
?[32;1m[debug]?[0m [phantom] url changed to "file:///Users/zpeugh/code/min/scripts/flowdocument/Resources/actionHtmls/15 Day Return Clock.html"
?[32;1m[debug]?[0m [phantom] Successfully injected Casper client-side utilities
?[36m[info]?[0m [phantom] Step anonymous 10/48: done in 537ms.
?[36m[info]?[0m [phantom] Step _step 11/49: done in 557ms.
?[36m[info]?[0m [phantom] waitFor() finished in 44ms.
?[32;1m[debug]?[0m [phantom] Capturing page to /Users/zpeugh/code/min/scripts/flowdocument/Resources/actionHtmls/actionPNGs/15 Day Return Clock.png with clipRect {"top":15,"height":393,"left":62,"width":501}
?[36m[info]?[0m [phantom] Capture saved to /Users/zpeugh/code/min/scripts/flowdocument/Resources/actionHtmls/actionPNGs/15 Day Return Clock.png
?[36m[info]?[0m [phantom] Step anonymous 12/50: done in 693ms.
?[32;1m[debug]?[0m [phantom] opening url: file:///Users/zpeugh/code/min/scripts/flowdocument/Resources/actionHtmls/Pull Forms from Calc.html, HTTP GET
?[32;1m[debug]?[0m [phantom] Navigation requested: url=file:///Users/zpeugh/code/min/scripts/flowdocument/Resources/actionHtmls/Pull Forms from Calc.html, type=Other, willNavigate=true, isMainFrame=true
?[32;1m[debug]?[0m [phantom] url changed to "file:///Users/zpeugh/code/min/scripts/flowdocument/Resources/actionHtmls/Pull Forms from Calc.html"
?[32;1m[debug]?[0m [phantom] Successfully injected Casper client-side utilities
?[36m[info]?[0m [phantom] Step anonymous 14/50: done in 748ms.
?[36m[info]?[0m [phantom] Step _step 15/51: done in 772ms.
?[36m[info]?[0m [phantom] waitFor() finished in 48ms.
?[32;1m[debug]?[0m [phantom] Capturing page to /Users/zpeugh/code/min/scripts/flowdocument/Resources/actionHtmls/actionPNGs/Pull Forms from Calc.png with clipRect {"top":15,"height":171,"left":62,"width":501}
?[36m[info]?[0m [phantom] Capture saved to /Users/zpeugh/code/min/scripts/flowdocument/Resources/actionHtmls/actionPNGs/Pull Forms from Calc.png
?[36m[info]?[0m [phantom] Step anonymous 16/52: done in 897ms.
?[32;1m[debug]?[0m [phantom] opening url: file:///Users/zpeugh/code/min/scripts/flowdocument/Resources/actionHtmls/Pull Photos from Calc.html, HTTP GET
?[32;1m[debug]?[0m [phantom] Navigation requested: url=file:///Users/zpeugh/code/min/scripts/flowdocument/Resources/actionHtmls/Pull Photos from Calc.html, type=Other, willNavigate=true, isMainFrame=true
?[32;1m[debug]?[0m [phantom] url changed to "file:///Users/zpeugh/code/min/scripts/flowdocument/Resources/actionHtmls/Pull Photos from Calc.html"
?[32;1m[debug]?[0m [phantom] Successfully injected Casper client-side utilities
?[36m[info]?[0m [phantom] Step anonymous 18/52: done in 950ms.
?[36m[info]?[0m [phantom] Step _step 19/53: done in 973ms.
?[36m[info]?[0m [phantom] waitFor() finished in 47ms.
?[32;1m[debug]?[0m [phantom] Capturing page to /Users/zpeugh/code/min/scripts/flowdocument/Resources/actionHtmls/actionPNGs/Pull Photos from Calc.png with clipRect {"top":15,"height":171,"left":62,"width":501}
?[36m[info]?[0m [phantom] Capture saved to /Users/zpeugh/code/min/scripts/flowdocument/Resources/actionHtmls/actionPNGs/Pull Photos from Calc.png
?[36m[info]?[0m [phantom] Step anonymous 20/54: done in 1093ms.
?[32;1m[debug]?[0m [phantom] opening url: file:///Users/zpeugh/code/min/scripts/flowdocument/Resources/actionHtmls/LockProject.html, HTTP GET
?[32;1m[debug]?[0m [phantom] Navigation requested: url=file:///Users/zpeugh/code/min/scripts/flowdocument/Resources/actionHtmls/LockProject.html, type=Other, willNavigate=true, isMainFrame=true
?[32;1m[debug]?[0m [phantom] url changed to "file:///Users/zpeugh/code/min/scripts/flowdocument/Resources/actionHtmls/LockProject.html"
?[32;1m[debug]?[0m [phantom] Successfully injected Casper client-side utilities
?[36m[info]?[0m [phantom] Step anonymous 22/54: done in 1147ms.
?[36m[info]?[0m [phantom] Step _step 23/55: done in 1170ms.
?[36m[info]?[0m [phantom] waitFor() finished in 45ms.
?[32;1m[debug]?[0m [phantom] Capturing page to /Users/zpeugh/code/min/scripts/flowdocument/Resources/actionHtmls/actionPNGs/LockProject.png with clipRect {"top":15,"height":245,"left":62,"width":501}
?[36m[info]?[0m [phantom] Capture saved to /Users/zpeugh/code/min/scripts/flowdocument/Resources/actionHtmls/actionPNGs/LockProject.png
?[36m[info]?[0m [phantom] Step anonymous 24/56: done in 1294ms.
?[32;1m[debug]?[0m [phantom] opening url: file:///Users/zpeugh/code/min/scripts/flowdocument/Resources/actionHtmls/ProjectUnlocked.html, HTTP GET
?[32;1m[debug]?[0m [phantom] Navigation requested: url=file:///Users/zpeugh/code/min/scripts/flowdocument/Resources/actionHtmls/ProjectUnlocked.html, type=Other, willNavigate=true, isMainFrame=true
?[32;1m[debug]?[0m [phantom] url changed to "file:///Users/zpeugh/code/min/scripts/flowdocument/Resources/actionHtmls/ProjectUnlocked.html"
?[32;1m[debug]?[0m [phantom] Successfully injected Casper client-side utilities
?[36m[info]?[0m [phantom] Step anonymous 26/56: done in 1360ms.
?[36m[info]?[0m [phantom] Step _step 27/57: done in 1384ms.
?[36m[info]?[0m [phantom] waitFor() finished in 41ms.
?[32;1m[debug]?[0m [phantom] Capturing page to /Users/zpeugh/code/min/scripts/flowdocument/Resources/actionHtmls/actionPNGs/ProjectUnlocked.png with clipRect {"top":15,"height":245,"left":62,"width":501}
?[36m[info]?[0m [phantom] Capture saved to /Users/zpeugh/code/min/scripts/flowdocument/Resources/actionHtmls/actionPNGs/ProjectUnlocked.png
?[36m[info]?[0m [phantom] Step anonymous 28/58: done in 1507ms.
?[32;1m[debug]?[0m [phantom] opening url: file:///Users/zpeugh/code/min/scripts/flowdocument/Resources/actionHtmls/Creator as Manager.html, HTTP GET
?[32;1m[debug]?[0m [phantom] Navigation requested: url=file:///Users/zpeugh/code/min/scripts/flowdocument/Resources/actionHtmls/Creator as Manager.html, type=Other, willNavigate=true, isMainFrame=true
?[32;1m[debug]?[0m [phantom] url changed to "file:///Users/zpeugh/code/min/scripts/flowdocument/Resources/actionHtmls/Creator as Manager.html"
?[32;1m[debug]?[0m [phantom] Successfully injected Casper client-side utilities
?[36m[info]?[0m [phantom] Step anonymous 30/58: done in 1561ms.
?[36m[info]?[0m [phantom] Step _step 31/59: done in 1581ms.
?[36m[info]?[0m [phantom] waitFor() finished in 44ms.
?[32;1m[debug]?[0m [phantom] Capturing page to /Users/zpeugh/code/min/scripts/flowdocument/Resources/actionHtmls/actionPNGs/Creator as Manager.png with clipRect {"top":15,"height":393,"left":62,"width":501}
?[36m[info]?[0m [phantom] Capture saved to /Users/zpeugh/code/min/scripts/flowdocument/Resources/actionHtmls/actionPNGs/Creator as Manager.png
?[36m[info]?[0m [phantom] Step anonymous 32/60: done in 1714ms.
?[32;1m[debug]?[0m [phantom] opening url: file:///Users/zpeugh/code/min/scripts/flowdocument/Resources/actionHtmls/Generate Calc File.html, HTTP GET
?[32;1m[debug]?[0m [phantom] Navigation requested: url=file:///Users/zpeugh/code/min/scripts/flowdocument/Resources/actionHtmls/Generate Calc File.html, type=Other, willNavigate=true, isMainFrame=true
?[32;1m[debug]?[0m [phantom] url changed to "file:///Users/zpeugh/code/min/scripts/flowdocument/Resources/actionHtmls/Generate Calc File.html"
?[32;1m[debug]?[0m [phantom] Successfully injected Casper client-side utilities
?[36m[info]?[0m [phantom] Step anonymous 34/60: done in 1766ms.
?[36m[info]?[0m [phantom] Step _step 35/61: done in 1785ms.
?[36m[info]?[0m [phantom] waitFor() finished in 47ms.
?[32;1m[debug]?[0m [phantom] Capturing page to /Users/zpeugh/code/min/scripts/flowdocument/Resources/actionHtmls/actionPNGs/Generate Calc File.png with clipRect {"top":15,"height":245,"left":62,"width":501}
?[36m[info]?[0m [phantom] Capture saved to /Users/zpeugh/code/min/scripts/flowdocument/Resources/actionHtmls/actionPNGs/Generate Calc File.png
?[36m[info]?[0m [phantom] Step anonymous 36/62: done in 1914ms.
?[32;1m[debug]?[0m [phantom] opening url: file:///Users/zpeugh/code/min/scripts/flowdocument/Resources/actionHtmls/Pole Details.html, HTTP GET
?[32;1m[debug]?[0m [phantom] Navigation requested: url=file:///Users/zpeugh/code/min/scripts/flowdocument/Resources/actionHtmls/Pole Details.html, type=Other, willNavigate=true, isMainFrame=true
?[32;1m[debug]?[0m [phantom] url changed to "file:///Users/zpeugh/code/min/scripts/flowdocument/Resources/actionHtmls/Pole Details.html"
?[32;1m[debug]?[0m [phantom] Successfully injected Casper client-side utilities
?[36m[info]?[0m [phantom] Step anonymous 38/62: done in 1970ms.
?[36m[info]?[0m [phantom] Step _step 39/63: done in 1993ms.
?[36m[info]?[0m [phantom] waitFor() finished in 46ms.
?[32;1m[debug]?[0m [phantom] Capturing page to /Users/zpeugh/code/min/scripts/flowdocument/Resources/actionHtmls/actionPNGs/Pole Details.png with clipRect {"top":15,"height":319,"left":62,"width":501}
?[36m[info]?[0m [phantom] Capture saved to /Users/zpeugh/code/min/scripts/flowdocument/Resources/actionHtmls/actionPNGs/Pole Details.png
?[36m[info]?[0m [phantom] Step anonymous 40/64: done in 2121ms.
?[32;1m[debug]?[0m [phantom] opening url: file:///Users/zpeugh/code/min/scripts/flowdocument/Resources/actionHtmls/Push Forms To Calc.html, HTTP GET
?[32;1m[debug]?[0m [phantom] Navigation requested: url=file:///Users/zpeugh/code/min/scripts/flowdocument/Resources/actionHtmls/Push Forms To Calc.html, type=Other, willNavigate=true, isMainFrame=true
?[32;1m[debug]?[0m [phantom] url changed to "file:///Users/zpeugh/code/min/scripts/flowdocument/Resources/actionHtmls/Push Forms To Calc.html"
?[32;1m[debug]?[0m [phantom] Successfully injected Casper client-side utilities
?[36m[info]?[0m [phantom] Step anonymous 42/64: done in 2173ms.
?[36m[info]?[0m [phantom] Step _step 43/65: done in 2192ms.
?[36m[info]?[0m [phantom] waitFor() finished in 44ms.
?[32;1m[debug]?[0m [phantom] Capturing page to /Users/zpeugh/code/min/scripts/flowdocument/Resources/actionHtmls/actionPNGs/Push Forms To Calc.png with clipRect {"top":15,"height":171,"left":62,"width":501}
?[36m[info]?[0m [phantom] Capture saved to /Users/zpeugh/code/min/scripts/flowdocument/Resources/actionHtmls/actionPNGs/Push Forms To Calc.png
?[36m[info]?[0m [phantom] Step anonymous 44/66: done in 2312ms.
?[32;1m[debug]?[0m [phantom] opening url: file:///Users/zpeugh/code/min/scripts/flowdocument/Resources/actionHtmls/Hold 45 Day Clock.html, HTTP GET
?[32;1m[debug]?[0m [phantom] Navigation requested: url=file:///Users/zpeugh/code/min/scripts/flowdocument/Resources/actionHtmls/Hold 45 Day Clock.html, type=Other, willNavigate=true, isMainFrame=true
?[32;1m[debug]?[0m [phantom] url changed to "file:///Users/zpeugh/code/min/scripts/flowdocument/Resources/actionHtmls/Hold 45 Day Clock.html"
?[32;1m[debug]?[0m [phantom] Successfully injected Casper client-side utilities
?[36m[info]?[0m [phantom] Step anonymous 46/66: done in 2367ms.
?[32;1m[debug]?[0m [phantom] opening url: file:///Users/zpeugh/code/min/scripts/flowdocument/Resources/actionHtmls/Hold 45 Day Clock.html, HTTP GET
?[32;1m[debug]?[0m [phantom] Navigation requested: url=file:///Users/zpeugh/code/min/scripts/flowdocument/Resources/actionHtmls/Hold 45 Day Clock.html, type=Other, willNavigate=true, isMainFrame=true
?[32;1m[debug]?[0m [phantom] url changed to "file:///Users/zpeugh/code/min/scripts/flowdocument/Resources/actionHtmls/Hold 45 Day Clock.html"
?[32;1m[debug]?[0m [phantom] Successfully injected Casper client-side utilities
?[36m[info]?[0m [phantom] Step anonymous 48/68: done in 2443ms.
?[32;1m[debug]?[0m [phantom] opening url: file:///Users/zpeugh/code/min/scripts/flowdocument/Resources/actionHtmls/Resume 45 Day Clock.html, HTTP GET
?[32;1m[debug]?[0m [phantom] Navigation requested: url=file:///Users/zpeugh/code/min/scripts/flowdocument/Resources/actionHtmls/Resume 45 Day Clock.html, type=Other, willNavigate=true, isMainFrame=true
?[32;1m[debug]?[0m [phantom] url changed to "file:///Users/zpeugh/code/min/scripts/flowdocument/Resources/actionHtmls/Resume 45 Day Clock.html"
?[32;1m[debug]?[0m [phantom] Successfully injected Casper client-side utilities
?[36m[info]?[0m [phantom] Step anonymous 50/68: done in 2516ms.
?[32;1m[debug]?[0m [phantom] opening url: file:///Users/zpeugh/code/min/scripts/flowdocument/Resources/actionHtmls/Resume 45 Day Clock.html, HTTP GET
?[32;1m[debug]?[0m [phantom] Navigation requested: url=file:///Users/zpeugh/code/min/scripts/flowdocument/Resources/actionHtmls/Resume 45 Day Clock.html, type=Other, willNavigate=true, isMainFrame=true
?[32;1m[debug]?[0m [phantom] url changed to "file:///Users/zpeugh/code/min/scripts/flowdocument/Resources/actionHtmls/Resume 45 Day Clock.html"
?[32;1m[debug]?[0m [phantom] Successfully injected Casper client-side utilities
?[36m[info]?[0m [phantom] Step anonymous 52/70: done in 2590ms.
?[32;1m[debug]?[0m [phantom] opening url: file:///Users/zpeugh/code/min/scripts/flowdocument/Resources/actionHtmls/15 Day Return Clock.html, HTTP GET
?[32;1m[debug]?[0m [phantom] Navigation requested: url=file:///Users/zpeugh/code/min/scripts/flowdocument/Resources/actionHtmls/15 Day Return Clock.html, type=Other, willNavigate=true, isMainFrame=true
?[32;1m[debug]?[0m [phantom] url changed to "file:///Users/zpeugh/code/min/scripts/flowdocument/Resources/actionHtmls/15 Day Return Clock.html"
?[32;1m[debug]?[0m [phantom] Successfully injected Casper client-side utilities
?[36m[info]?[0m [phantom] Step anonymous 54/70: done in 2668ms.
?[32;1m[debug]?[0m [phantom] opening url: file:///Users/zpeugh/code/min/scripts/flowdocument/Resources/actionHtmls/15 Day Return Clock.html, HTTP GET
?[32;1m[debug]?[0m [phantom] Navigation requested: url=file:///Users/zpeugh/code/min/scripts/flowdocument/Resources/actionHtmls/15 Day Return Clock.html, type=Other, willNavigate=true, isMainFrame=true
?[32;1m[debug]?[0m [phantom] url changed to "file:///Users/zpeugh/code/min/scripts/flowdocument/Resources/actionHtmls/15 Day Return Clock.html"
?[32;1m[debug]?[0m [phantom] Successfully injected Casper client-side utilities
?[36m[info]?[0m [phantom] Step anonymous 56/72: done in 2744ms.
?[32;1m[debug]?[0m [phantom] opening url: file:///Users/zpeugh/code/min/scripts/flowdocument/Resources/actionHtmls/Pull Forms from Calc.html, HTTP GET
?[32;1m[debug]?[0m [phantom] Navigation requested: url=file:///Users/zpeugh/code/min/scripts/flowdocument/Resources/actionHtmls/Pull Forms from Calc.html, type=Other, willNavigate=true, isMainFrame=true
?[32;1m[debug]?[0m [phantom] url changed to "file:///Users/zpeugh/code/min/scripts/flowdocument/Resources/actionHtmls/Pull Forms from Calc.html"
?[32;1m[debug]?[0m [phantom] Successfully injected Casper client-side utilities
?[36m[info]?[0m [phantom] Step anonymous 58/72: done in 2823ms.
?[32;1m[debug]?[0m [phantom] opening url: file:///Users/zpeugh/code/min/scripts/flowdocument/Resources/actionHtmls/Pull Forms from Calc.html, HTTP GET
?[32;1m[debug]?[0m [phantom] Navigation requested: url=file:///Users/zpeugh/code/min/scripts/flowdocument/Resources/actionHtmls/Pull Forms from Calc.html, type=Other, willNavigate=true, isMainFrame=true
?[32;1m[debug]?[0m [phantom] url changed to "file:///Users/zpeugh/code/min/scripts/flowdocument/Resources/actionHtmls/Pull Forms from Calc.html"
?[32;1m[debug]?[0m [phantom] Successfully injected Casper client-side utilities
?[36m[info]?[0m [phantom] Step anonymous 60/74: done in 2906ms.
?[32;1m[debug]?[0m [phantom] opening url: file:///Users/zpeugh/code/min/scripts/flowdocument/Resources/actionHtmls/Pull Photos from Calc.html, HTTP GET
?[32;1m[debug]?[0m [phantom] Navigation requested: url=file:///Users/zpeugh/code/min/scripts/flowdocument/Resources/actionHtmls/Pull Photos from Calc.html, type=Other, willNavigate=true, isMainFrame=true
?[32;1m[debug]?[0m [phantom] url changed to "file:///Users/zpeugh/code/min/scripts/flowdocument/Resources/actionHtmls/Pull Photos from Calc.html"
?[32;1m[debug]?[0m [phantom] Successfully injected Casper client-side utilities
?[36m[info]?[0m [phantom] Step anonymous 62/74: done in 2969ms.
?[32;1m[debug]?[0m [phantom] opening url: file:///Users/zpeugh/code/min/scripts/flowdocument/Resources/actionHtmls/Pull Photos from Calc.html, HTTP GET
?[32;1m[debug]?[0m [phantom] Navigation requested: url=file:///Users/zpeugh/code/min/scripts/flowdocument/Resources/actionHtmls/Pull Photos from Calc.html, type=Other, willNavigate=true, isMainFrame=true
?[32;1m[debug]?[0m [phantom] url changed to "file:///Users/zpeugh/code/min/scripts/flowdocument/Resources/actionHtmls/Pull Photos from Calc.html"
?[32;1m[debug]?[0m [phantom] Successfully injected Casper client-side utilities
?[36m[info]?[0m [phantom] Step anonymous 64/76: done in 3081ms.
?[32;1m[debug]?[0m [phantom] opening url: file:///Users/zpeugh/code/min/scripts/flowdocument/Resources/actionHtmls/LockProject.html, HTTP GET
?[32;1m[debug]?[0m [phantom] Navigation requested: url=file:///Users/zpeugh/code/min/scripts/flowdocument/Resources/actionHtmls/LockProject.html, type=Other, willNavigate=true, isMainFrame=true
?[32;1m[debug]?[0m [phantom] url changed to "file:///Users/zpeugh/code/min/scripts/flowdocument/Resources/actionHtmls/LockProject.html"
?[32;1m[debug]?[0m [phantom] Successfully injected Casper client-side utilities
?[36m[info]?[0m [phantom] Step anonymous 66/76: done in 3130ms.
?[32;1m[debug]?[0m [phantom] opening url: file:///Users/zpeugh/code/min/scripts/flowdocument/Resources/actionHtmls/LockProject.html, HTTP GET
?[32;1m[debug]?[0m [phantom] Navigation requested: url=file:///Users/zpeugh/code/min/scripts/flowdocument/Resources/actionHtmls/LockProject.html, type=Other, willNavigate=true, isMainFrame=true
?[32;1m[debug]?[0m [phantom] url changed to "file:///Users/zpeugh/code/min/scripts/flowdocument/Resources/actionHtmls/LockProject.html"
?[32;1m[debug]?[0m [phantom] Successfully injected Casper client-side utilities
?[36m[info]?[0m [phantom] Step anonymous 68/78: done in 3219ms.
?[32;1m[debug]?[0m [phantom] opening url: file:///Users/zpeugh/code/min/scripts/flowdocument/Resources/actionHtmls/ProjectUnlocked.html, HTTP GET
?[32;1m[debug]?[0m [phantom] Navigation requested: url=file:///Users/zpeugh/code/min/scripts/flowdocument/Resources/actionHtmls/ProjectUnlocked.html, type=Other, willNavigate=true, isMainFrame=true
?[32;1m[debug]?[0m [phantom] url changed to "file:///Users/zpeugh/code/min/scripts/flowdocument/Resources/actionHtmls/ProjectUnlocked.html"
?[32;1m[debug]?[0m [phantom] Successfully injected Casper client-side utilities
?[36m[info]?[0m [phantom] Step anonymous 70/78: done in 3276ms.
?[32;1m[debug]?[0m [phantom] opening url: file:///Users/zpeugh/code/min/scripts/flowdocument/Resources/actionHtmls/ProjectUnlocked.html, HTTP GET
?[32;1m[debug]?[0m [phantom] Navigation requested: url=file:///Users/zpeugh/code/min/scripts/flowdocument/Resources/actionHtmls/ProjectUnlocked.html, type=Other, willNavigate=true, isMainFrame=true
?[32;1m[debug]?[0m [phantom] url changed to "file:///Users/zpeugh/code/min/scripts/flowdocument/Resources/actionHtmls/ProjectUnlocked.html"
?[32;1m[debug]?[0m [phantom] Successfully injected Casper client-side utilities
?[36m[info]?[0m [phantom] Step anonymous 72/80: done in 3351ms.
?[32;1m[debug]?[0m [phantom] opening url: file:///Users/zpeugh/code/min/scripts/flowdocument/Resources/actionHtmls/Creator as Manager.html, HTTP GET
?[32;1m[debug]?[0m [phantom] Navigation requested: url=file:///Users/zpeugh/code/min/scripts/flowdocument/Resources/actionHtmls/Creator as Manager.html, type=Other, willNavigate=true, isMainFrame=true
?[32;1m[debug]?[0m [phantom] url changed to "file:///Users/zpeugh/code/min/scripts/flowdocument/Resources/actionHtmls/Creator as Manager.html"
?[32;1m[debug]?[0m [phantom] Successfully injected Casper client-side utilities
?[36m[info]?[0m [phantom] Step anonymous 74/80: done in 3422ms.
?[32;1m[debug]?[0m [phantom] opening url: file:///Users/zpeugh/code/min/scripts/flowdocument/Resources/actionHtmls/Creator as Manager.html, HTTP GET
?[32;1m[debug]?[0m [phantom] Navigation requested: url=file:///Users/zpeugh/code/min/scripts/flowdocument/Resources/actionHtmls/Creator as Manager.html, type=Other, willNavigate=true, isMainFrame=true
?[32;1m[debug]?[0m [phantom] url changed to "file:///Users/zpeugh/code/min/scripts/flowdocument/Resources/actionHtmls/Creator as Manager.html"
?[32;1m[debug]?[0m [phantom] Successfully injected Casper client-side utilities
?[36m[info]?[0m [phantom] Step anonymous 76/82: done in 3510ms.
?[32;1m[debug]?[0m [phantom] opening url: file:///Users/zpeugh/code/min/scripts/flowdocument/Resources/actionHtmls/Generate Calc File.html, HTTP GET
?[32;1m[debug]?[0m [phantom] Navigation requested: url=file:///Users/zpeugh/code/min/scripts/flowdocument/Resources/actionHtmls/Generate Calc File.html, type=Other, willNavigate=true, isMainFrame=true
?[32;1m[debug]?[0m [phantom] url changed to "file:///Users/zpeugh/code/min/scripts/flowdocument/Resources/actionHtmls/Generate Calc File.html"
?[32;1m[debug]?[0m [phantom] Successfully injected Casper client-side utilities
?[36m[info]?[0m [phantom] Step anonymous 78/82: done in 3577ms.
?[32;1m[debug]?[0m [phantom] opening url: file:///Users/zpeugh/code/min/scripts/flowdocument/Resources/actionHtmls/Generate Calc File.html, HTTP GET
?[32;1m[debug]?[0m [phantom] Navigation requested: url=file:///Users/zpeugh/code/min/scripts/flowdocument/Resources/actionHtmls/Generate Calc File.html, type=Other, willNavigate=true, isMainFrame=true
?[32;1m[debug]?[0m [phantom] url changed to "file:///Users/zpeugh/code/min/scripts/flowdocument/Resources/actionHtmls/Generate Calc File.html"
?[32;1m[debug]?[0m [phantom] Successfully injected Casper client-side utilities
?[36m[info]?[0m [phantom] Step anonymous 80/84: done in 3656ms.
?[32;1m[debug]?[0m [phantom] opening url: file:///Users/zpeugh/code/min/scripts/flowdocument/Resources/actionHtmls/Pole Details.html, HTTP GET
?[32;1m[debug]?[0m [phantom] Navigation requested: url=file:///Users/zpeugh/code/min/scripts/flowdocument/Resources/actionHtmls/Pole Details.html, type=Other, willNavigate=true, isMainFrame=true
?[32;1m[debug]?[0m [phantom] url changed to "file:///Users/zpeugh/code/min/scripts/flowdocument/Resources/actionHtmls/Pole Details.html"
?[32;1m[debug]?[0m [phantom] Successfully injected Casper client-side utilities
?[36m[info]?[0m [phantom] Step anonymous 82/84: done in 3724ms.
?[32;1m[debug]?[0m [phantom] opening url: file:///Users/zpeugh/code/min/scripts/flowdocument/Resources/actionHtmls/Pole Details.html, HTTP GET
?[32;1m[debug]?[0m [phantom] Navigation requested: url=file:///Users/zpeugh/code/min/scripts/flowdocument/Resources/actionHtmls/Pole Details.html, type=Other, willNavigate=true, isMainFrame=true
?[32;1m[debug]?[0m [phantom] url changed to "file:///Users/zpeugh/code/min/scripts/flowdocument/Resources/actionHtmls/Pole Details.html"
?[32;1m[debug]?[0m [phantom] Successfully injected Casper client-side utilities
?[36m[info]?[0m [phantom] Step anonymous 84/86: done in 3800ms.
?[32;1m[debug]?[0m [phantom] opening url: file:///Users/zpeugh/code/min/scripts/flowdocument/Resources/actionHtmls/Push Forms To Calc.html, HTTP GET
?[32;1m[debug]?[0m [phantom] Navigation requested: url=file:///Users/zpeugh/code/min/scripts/flowdocument/Resources/actionHtmls/Push Forms To Calc.html, type=Other, willNavigate=true, isMainFrame=true
?[32;1m[debug]?[0m [phantom] url changed to "file:///Users/zpeugh/code/min/scripts/flowdocument/Resources/actionHtmls/Push Forms To Calc.html"
?[32;1m[debug]?[0m [phantom] Successfully injected Casper client-side utilities
?[36m[info]?[0m [phantom] Step anonymous 86/86: done in 3873ms.
?[32;1m[debug]?[0m [phantom] opening url: file:///Users/zpeugh/code/min/scripts/flowdocument/Resources/actionHtmls/Push Forms To Calc.html, HTTP GET
?[32;1m[debug]?[0m [phantom] Navigation requested: url=file:///Users/zpeugh/code/min/scripts/flowdocument/Resources/actionHtmls/Push Forms To Calc.html, type=Other, willNavigate=true, isMainFrame=true
?[32;1m[debug]?[0m [phantom] url changed to "file:///Users/zpeugh/code/min/scripts/flowdocument/Resources/actionHtmls/Push Forms To Calc.html"
?[32;1m[debug]?[0m [phantom] Successfully injected Casper client-side utilities
?[36m[info]?[0m [phantom] Step anonymous 88/88: done in 3949ms.
?[36m[info]?[0m [phantom] Done 88 steps in 3967ms
All actions: [Hold 45 Day Clock, Resume 45 Day Clock, 15 Day Return Clock, Pull Forms from Calc, Pull Photos from Calc, LockProject, ProjectUnlocked, Creator as Manager, Generate Calc File, Pole Details, Push Forms To Calc]
Missed actions: null
Forms to capture: 
1: Permit Submission Checklist
2: Make Ready Engineering
3: Permit Closure Checklist
4: DG Permit
5: Assign Engineer
6: MRE Engineer Analysis Review
7: Advance Route Review
8: Pole Inventory
?[36m[info]?[0m [phantom] Starting...
?[36m[info]?[0m [phantom] Execution timeout set to 10000ms
?[36m[info]?[0m [phantom] Running suite: 10 steps
?[32;1m[debug]?[0m [phantom] opening url: https://www.spidasoftware.com/projectmanager/, HTTP GET
?[32;1m[debug]?[0m [phantom] Navigation requested: url=https://www.spidasoftware.com/projectmanager/, type=Other, willNavigate=true, isMainFrame=true
?[32;1m[debug]?[0m [phantom] Navigation requested: url=https://www.spidasoftware.com/cas/login?service=https://www.spidasoftware.com/projectmanager/j_spring_cas_security_check, type=Other, willNavigate=true, isMainFrame=true
?[32;1m[debug]?[0m [phantom] url changed to "https://www.spidasoftware.com/cas/login?service=https://www.spidasoftware.com/projectmanager/j_spring_cas_security_check"
?[32;1m[debug]?[0m [phantom] Successfully injected Casper client-side utilities
?[32;1m[debug]?[0m [phantom] start page is loaded
?[36m[info]?[0m [phantom] Step login 3/10 https://www.spidasoftware.com/cas/login?service=https://www.spidasoftware.com/projectmanager/j_spring_cas_security_check (HTTP 200)
?[36m[info]?[0m [remote] attempting to fetch form element from selector: 'form#fm1'
?[32;1m[debug]?[0m [remote] Set "username" field value to admin@spidasoftware.com
?[32;1m[debug]?[0m [remote] Set "password" field value to ***************
?[36m[info]?[0m [remote] submitting form to /cas/login;jsessionid=158F69B8E141D4D7D4A1D1B565EE380A?service=https%3A%2F%2Fwww.spidasoftware.com%2Fprojectmanager%2Fj_spring_cas_security_check, HTTP POST
?[36m[info]?[0m [phantom] Step login 3/10: done in 2560ms.
?[36m[info]?[0m [phantom] Step _step 4/10 https://www.spidasoftware.com/cas/login?service=https://www.spidasoftware.com/projectmanager/j_spring_cas_security_check (HTTP 200)
?[36m[info]?[0m [phantom] Step _step 4/10: done in 2561ms.
?[32;1m[debug]?[0m [phantom] Navigation requested: url=https://www.spidasoftware.com/cas/login;jsessionid=158F69B8E141D4D7D4A1D1B565EE380A?service=https://www.spidasoftware.com/projectmanager/j_spring_cas_security_check, type=FormSubmitted, willNavigate=true, isMainFrame=true
?[36m[info]?[0m [phantom] waitFor() finished in 49ms.
?[32;1m[debug]?[0m [phantom] Navigation requested: url=https://www.spidasoftware.com/projectmanager/j_spring_cas_security_check?ticket=ST-341-cfXL7HlcqUm1w4RJd2Be-www.spidasoftware.com, type=FormSubmitted, willNavigate=true, isMainFrame=true
?[32;1m[debug]?[0m [phantom] Navigation requested: url=https://www.spidasoftware.com/projectmanager/, type=FormSubmitted, willNavigate=true, isMainFrame=true
?[32;1m[debug]?[0m [phantom] url changed to "https://www.spidasoftware.com/projectmanager/"
?[32;1m[debug]?[0m [phantom] Successfully injected Casper client-side utilities
?[36m[info]?[0m [phantom] Step afterLogin 5/11 https://www.spidasoftware.com/projectmanager/ (HTTP 200)
?[36m[info]?[0m [phantom] Step afterLogin 5/11: done in 8542ms.
?[36m[info]?[0m [phantom] Step _step 6/11 https://www.spidasoftware.com/projectmanager/ (HTTP 200)
?[36m[info]?[0m [phantom] Step _step 6/11: done in 8565ms.
?[36m[info]?[0m [phantom] waitFor() finished in 55ms.
?[36m[info]?[0m [phantom] Step anonymous 7/12 https://www.spidasoftware.com/projectmanager/ (HTTP 200)
?[32;1m[debug]?[0m [phantom] Mouse event 'mousedown' on selector: xpath selector: //*[text()="DG"]
?[32;1m[debug]?[0m [phantom] Mouse event 'mouseup' on selector: xpath selector: //*[text()="DG"]
?[32;1m[debug]?[0m [phantom] Mouse event 'click' on selector: xpath selector: //*[text()="DG"]
?[32;1m[debug]?[0m [phantom] Navigation requested: url=https://www.spidasoftware.com/projectmanager/#, type=LinkClicked, willNavigate=true, isMainFrame=true
?[32;1m[debug]?[0m [phantom] url changed to "https://www.spidasoftware.com/projectmanager/#"
?[36m[info]?[0m [phantom] Step anonymous 7/12: done in 8655ms.
?[32;1m[debug]?[0m [phantom] Navigation requested: url=https://www.spidasoftware.com/projectmanager/switchcompany, type=FormSubmitted, willNavigate=true, isMainFrame=true
?[33m[warning]?[0m [phantom] Loading resource failed with status=fail (HTTP 200): https://www.spidasoftware.com/projectmanager/switchcompany
?[32;1m[debug]?[0m [phantom] Navigation requested: url=https://www.spidasoftware.com/projectmanager/dashboard/index, type=FormSubmitted, willNavigate=true, isMainFrame=true
script timed out
?[36m[info]?[0m [phantom] Step _step 8/12 https://www.spidasoftware.com/projectmanager/# (HTTP 302)
?[36m[info]?[0m [phantom] Step _step 8/12: done in 10023ms.
?[32;1m[debug]?[0m [phantom] url changed to "https://www.spidasoftware.com/projectmanager/dashboard/index"
?[32;1m[debug]?[0m [phantom] Successfully injected Casper client-side utilities
?[36m[info]?[0m [phantom] waitFor() finished in 1354ms.
?[36m[info]?[0m [phantom] Step anonymous 9/13 https://www.spidasoftware.com/projectmanager/dashboard/index (HTTP 200)
Logged in as: DG
?[36m[info]?[0m [phantom] Step anonymous 9/13: done in 11408ms.
?[32;1m[debug]?[0m [phantom] opening url: https://www.spidasoftware.com/projectmanager/formTemplate/list, HTTP GET
?[32;1m[debug]?[0m [phantom] Navigation requested: url=https://www.spidasoftware.com/projectmanager/formTemplate/list, type=Other, willNavigate=true, isMainFrame=true
?[33m[warning]?[0m [phantom] Loading resource failed with status=fail (HTTP 200): https://www.spidasoftware.com/projectmanager/formTemplate/list
?[32;1m[debug]?[0m [phantom] url changed to "https://www.spidasoftware.com/projectmanager/formTemplate/list"
?[32;1m[debug]?[0m [phantom] Successfully injected Casper client-side utilities
?[36m[info]?[0m [phantom] Step openFormList 11/13 https://www.spidasoftware.com/projectmanager/formTemplate/list (HTTP 200)
Navigating to Flow Form List
?[36m[info]?[0m [phantom] Step openFormList 11/13: done in 11726ms.
?[36m[info]?[0m [phantom] Step _step 12/13 https://www.spidasoftware.com/projectmanager/formTemplate/list (HTTP 200)
?[36m[info]?[0m [phantom] Step _step 12/13: done in 11745ms.
?[36m[info]?[0m [phantom] waitFor() finished in 40ms.
?[36m[info]?[0m [phantom] Step waitForFormList 13/14 https://www.spidasoftware.com/projectmanager/formTemplate/list (HTTP 200)
Currently at: https://www.spidasoftware.com/projectmanager/formTemplate/list
?[36m[info]?[0m [phantom] Step waitForFormList 13/14: done in 11808ms.
?[36m[info]?[0m [phantom] Step _step 14/14 https://www.spidasoftware.com/projectmanager/formTemplate/list (HTTP 200)
?[36m[info]?[0m [phantom] Step _step 14/14: done in 11828ms.
?[36m[info]?[0m [phantom] waitFor() finished in 46ms.
?[36m[info]?[0m [phantom] Step loopThrough 15/15 https://www.spidasoftware.com/projectmanager/formTemplate/list (HTTP 200)
?[36m[info]?[0m [phantom] Step loopThrough 15/15: done in 11897ms.
?[32;1m[debug]?[0m [phantom] opening url: https://www.spidasoftware.com/projectmanager/formTemplate/list?offset=0&max=10&sort=name&order=asc, HTTP GET
?[32;1m[debug]?[0m [phantom] Navigation requested: url=https://www.spidasoftware.com/projectmanager/formTemplate/list?offset=0&max=10&sort=name&order=asc, type=Other, willNavigate=true, isMainFrame=true
?[33m[warning]?[0m [phantom] Loading resource failed with status=fail (HTTP 200): https://www.spidasoftware.com/projectmanager/formTemplate/list?offset=0&max=10&sort=name&order=asc
?[32;1m[debug]?[0m [phantom] url changed to "https://www.spidasoftware.com/projectmanager/formTemplate/list?offset=0&max=10&sort=name&order=asc"
?[32;1m[debug]?[0m [phantom] Successfully injected Casper client-side utilities
?[36m[info]?[0m [phantom] Step anonymous 17/19 https://www.spidasoftware.com/projectmanager/formTemplate/list?offset=0&max=10&sort=name&order=asc (HTTP 200)
?[36m[info]?[0m [phantom] Step anonymous 17/19: done in 12876ms.
?[36m[info]?[0m [phantom] Step _step 18/20 https://www.spidasoftware.com/projectmanager/formTemplate/list?offset=0&max=10&sort=name&order=asc (HTTP 200)
?[36m[info]?[0m [phantom] Step _step 18/20: done in 12895ms.
?[36m[info]?[0m [phantom] waitFor() finished in 45ms.
?[36m[info]?[0m [phantom] Step anonymous 19/21 https://www.spidasoftware.com/projectmanager/formTemplate/list?offset=0&max=10&sort=name&order=asc (HTTP 200)
Stored screenshot of form: Advance Route Review
Stored screenshot of form: Assign Engineer
Stored screenshot of form: DG Permit
Stored screenshot of form: Make Ready Engineering
Stored screenshot of form: MRE Engineer Analysis Review
Stored screenshot of form: Permit Closure Checklist
Stored screenshot of form: Permit Submission Checklist
?[36m[info]?[0m [phantom] Step anonymous 19/21: done in 12983ms.
?[36m[info]?[0m [phantom] Step clickForm 20/56 https://www.spidasoftware.com/projectmanager/formTemplate/list?offset=0&max=10&sort=name&order=asc (HTTP 200)
?[32;1m[debug]?[0m [phantom] Mouse event 'mousedown' on selector: xpath selector: //*[text()="Advance Route Review"]
?[32;1m[debug]?[0m [phantom] Mouse event 'mouseup' on selector: xpath selector: //*[text()="Advance Route Review"]
?[32;1m[debug]?[0m [phantom] Mouse event 'click' on selector: xpath selector: //*[text()="Advance Route Review"]
?[32;1m[debug]?[0m [phantom] Navigation requested: url=https://www.spidasoftware.com/projectmanager/formTemplate/edit/95306, type=LinkClicked, willNavigate=true, isMainFrame=true
?[36m[info]?[0m [phantom] Step clickForm 20/56: done in 12993ms.
?[33m[warning]?[0m [phantom] Loading resource failed with status=fail (HTTP 200): https://www.spidasoftware.com/projectmanager/formTemplate/edit/95306
?[32;1m[debug]?[0m [phantom] url changed to "https://www.spidasoftware.com/projectmanager/formTemplate/edit/95306"
?[32;1m[debug]?[0m [phantom] Successfully injected Casper client-side utilities
?[36m[info]?[0m [phantom] Step _step 21/56 https://www.spidasoftware.com/projectmanager/formTemplate/edit/95306 (HTTP 200)
?[36m[info]?[0m [phantom] Step _step 21/56: done in 15221ms.
?[36m[info]?[0m [phantom] waitFor() finished in 45ms.
?[36m[info]?[0m [phantom] Step anonymous 22/57 https://www.spidasoftware.com/projectmanager/formTemplate/edit/95306 (HTTP 200)
?[36m[info]?[0m [phantom] Step anonymous 22/57: done in 15296ms.
?[36m[info]?[0m [phantom] Step anonymous 23/57 https://www.spidasoftware.com/projectmanager/formTemplate/edit/95306 (HTTP 200)
?[36m[info]?[0m [phantom] Step anonymous 23/57: done in 15395ms.
?[36m[info]?[0m [phantom] Step anonymous 24/57 https://www.spidasoftware.com/projectmanager/formTemplate/edit/95306 (HTTP 200)
?[36m[info]?[0m [phantom] Step anonymous 24/57: done in 15396ms.
?[36m[info]?[0m [phantom] Step _step 25/58 https://www.spidasoftware.com/projectmanager/formTemplate/edit/95306 (HTTP 200)
?[36m[info]?[0m [phantom] Step _step 25/58: done in 15417ms.
?[32;1m[debug]?[0m [phantom] Navigation requested: url=https://www.spidasoftware.com/projectmanager/formTemplate/list?offset=0&max=10&sort=name&order=asc, type=BackOrForward, willNavigate=true, isMainFrame=true
?[33m[warning]?[0m [phantom] Loading resource failed with status=fail (HTTP 200): https://www.spidasoftware.com/projectmanager/formTemplate/list?offset=0&max=10&sort=name&order=asc
?[32;1m[debug]?[0m [phantom] url changed to "https://www.spidasoftware.com/projectmanager/formTemplate/list?offset=0&max=10&sort=name&order=asc"
?[32;1m[debug]?[0m [phantom] Successfully injected Casper client-side utilities
?[36m[info]?[0m [phantom] Step _step 26/58 https://www.spidasoftware.com/projectmanager/formTemplate/list?offset=0&max=10&sort=name&order=asc (HTTP 200)
?[36m[info]?[0m [phantom] Step _step 26/58: done in 17099ms.
?[36m[info]?[0m [phantom] waitFor() finished in 44ms.
?[36m[info]?[0m [phantom] Step anonymous 27/59 https://www.spidasoftware.com/projectmanager/formTemplate/list?offset=0&max=10&sort=name&order=asc (HTTP 200)
?[36m[info]?[0m [phantom] Step anonymous 27/59: done in 17156ms.
?[36m[info]?[0m [phantom] Step clickForm 28/59 https://www.spidasoftware.com/projectmanager/formTemplate/list?offset=0&max=10&sort=name&order=asc (HTTP 200)
?[32;1m[debug]?[0m [phantom] Mouse event 'mousedown' on selector: xpath selector: //*[text()="Assign Engineer"]
?[32;1m[debug]?[0m [phantom] Mouse event 'mouseup' on selector: xpath selector: //*[text()="Assign Engineer"]
?[32;1m[debug]?[0m [phantom] Mouse event 'click' on selector: xpath selector: //*[text()="Assign Engineer"]
?[32;1m[debug]?[0m [phantom] Navigation requested: url=https://www.spidasoftware.com/projectmanager/formTemplate/edit/96006, type=LinkClicked, willNavigate=true, isMainFrame=true
?[36m[info]?[0m [phantom] Step clickForm 28/59: done in 17183ms.
?[33m[warning]?[0m [phantom] Loading resource failed with status=fail (HTTP 200): https://www.spidasoftware.com/projectmanager/formTemplate/edit/96006
?[32;1m[debug]?[0m [phantom] url changed to "https://www.spidasoftware.com/projectmanager/formTemplate/edit/96006"
?[32;1m[debug]?[0m [phantom] Successfully injected Casper client-side utilities
?[36m[info]?[0m [phantom] Step _step 29/59 https://www.spidasoftware.com/projectmanager/formTemplate/edit/96006 (HTTP 200)
?[36m[info]?[0m [phantom] Step _step 29/59: done in 17850ms.
?[36m[info]?[0m [phantom] waitFor() finished in 44ms.
?[36m[info]?[0m [phantom] Step anonymous 30/60 https://www.spidasoftware.com/projectmanager/formTemplate/edit/96006 (HTTP 200)
?[36m[info]?[0m [phantom] Step anonymous 30/60: done in 17924ms.
?[36m[info]?[0m [phantom] Step anonymous 31/60 https://www.spidasoftware.com/projectmanager/formTemplate/edit/96006 (HTTP 200)
?[36m[info]?[0m [phantom] Step anonymous 31/60: done in 17953ms.
?[36m[info]?[0m [phantom] Step anonymous 32/60 https://www.spidasoftware.com/projectmanager/formTemplate/edit/96006 (HTTP 200)
?[36m[info]?[0m [phantom] Step anonymous 32/60: done in 17965ms.
?[36m[info]?[0m [phantom] Step _step 33/61 https://www.spidasoftware.com/projectmanager/formTemplate/edit/96006 (HTTP 200)
?[36m[info]?[0m [phantom] Step _step 33/61: done in 17986ms.
?[32;1m[debug]?[0m [phantom] Navigation requested: url=https://www.spidasoftware.com/projectmanager/formTemplate/list?offset=0&max=10&sort=name&order=asc, type=BackOrForward, willNavigate=true, isMainFrame=true
?[33m[warning]?[0m [phantom] Loading resource failed with status=fail (HTTP 200): https://www.spidasoftware.com/projectmanager/formTemplate/list?offset=0&max=10&sort=name&order=asc
?[32;1m[debug]?[0m [phantom] url changed to "https://www.spidasoftware.com/projectmanager/formTemplate/list?offset=0&max=10&sort=name&order=asc"
?[32;1m[debug]?[0m [phantom] Successfully injected Casper client-side utilities
?[36m[info]?[0m [phantom] Step _step 34/61 https://www.spidasoftware.com/projectmanager/formTemplate/list?offset=0&max=10&sort=name&order=asc (HTTP 200)
?[36m[info]?[0m [phantom] Step _step 34/61: done in 18597ms.
?[36m[info]?[0m [phantom] waitFor() finished in 40ms.
?[36m[info]?[0m [phantom] Step anonymous 35/62 https://www.spidasoftware.com/projectmanager/formTemplate/list?offset=0&max=10&sort=name&order=asc (HTTP 200)
?[36m[info]?[0m [phantom] Step anonymous 35/62: done in 18657ms.
?[36m[info]?[0m [phantom] Step clickForm 36/62 https://www.spidasoftware.com/projectmanager/formTemplate/list?offset=0&max=10&sort=name&order=asc (HTTP 200)
?[32;1m[debug]?[0m [phantom] Mouse event 'mousedown' on selector: xpath selector: //*[text()="DG Permit"]
?[32;1m[debug]?[0m [phantom] Mouse event 'mouseup' on selector: xpath selector: //*[text()="DG Permit"]
?[32;1m[debug]?[0m [phantom] Mouse event 'click' on selector: xpath selector: //*[text()="DG Permit"]
?[32;1m[debug]?[0m [phantom] Navigation requested: url=https://www.spidasoftware.com/projectmanager/formTemplate/edit/95606, type=LinkClicked, willNavigate=true, isMainFrame=true
?[36m[info]?[0m [phantom] Step clickForm 36/62: done in 18688ms.
?[33m[warning]?[0m [phantom] Loading resource failed with status=fail (HTTP 200): https://www.spidasoftware.com/projectmanager/formTemplate/edit/95606
?[32;1m[debug]?[0m [phantom] url changed to "https://www.spidasoftware.com/projectmanager/formTemplate/edit/95606"
?[32;1m[debug]?[0m [phantom] Successfully injected Casper client-side utilities
?[36m[info]?[0m [phantom] Step _step 37/62 https://www.spidasoftware.com/projectmanager/formTemplate/edit/95606 (HTTP 200)
?[36m[info]?[0m [phantom] Step _step 37/62: done in 19921ms.
?[36m[info]?[0m [phantom] waitFor() finished in 40ms.
?[36m[info]?[0m [phantom] Step anonymous 38/63 https://www.spidasoftware.com/projectmanager/formTemplate/edit/95606 (HTTP 200)
?[36m[info]?[0m [phantom] Step anonymous 38/63: done in 19986ms.
?[36m[info]?[0m [phantom] Step anonymous 39/63 https://www.spidasoftware.com/projectmanager/formTemplate/edit/95606 (HTTP 200)
?[36m[info]?[0m [phantom] Step anonymous 39/63: done in 20018ms.
?[36m[info]?[0m [phantom] Step anonymous 40/63 https://www.spidasoftware.com/projectmanager/formTemplate/edit/95606 (HTTP 200)
?[36m[info]?[0m [phantom] Step anonymous 40/63: done in 20038ms.
?[36m[info]?[0m [phantom] Step _step 41/64 https://www.spidasoftware.com/projectmanager/formTemplate/edit/95606 (HTTP 200)
?[36m[info]?[0m [phantom] Step _step 41/64: done in 20064ms.
?[32;1m[debug]?[0m [phantom] Navigation requested: url=https://www.spidasoftware.com/projectmanager/formTemplate/list?offset=0&max=10&sort=name&order=asc, type=BackOrForward, willNavigate=true, isMainFrame=true
?[33m[warning]?[0m [phantom] Loading resource failed with status=fail (HTTP 200): https://www.spidasoftware.com/projectmanager/formTemplate/list?offset=0&max=10&sort=name&order=asc
?[32;1m[debug]?[0m [phantom] url changed to "https://www.spidasoftware.com/projectmanager/formTemplate/list?offset=0&max=10&sort=name&order=asc"
?[32;1m[debug]?[0m [phantom] Successfully injected Casper client-side utilities
?[36m[info]?[0m [phantom] Step _step 42/64 https://www.spidasoftware.com/projectmanager/formTemplate/list?offset=0&max=10&sort=name&order=asc (HTTP 200)
?[36m[info]?[0m [phantom] Step _step 42/64: done in 21213ms.
?[36m[info]?[0m [phantom] waitFor() finished in 43ms.
?[36m[info]?[0m [phantom] Step anonymous 43/65 https://www.spidasoftware.com/projectmanager/formTemplate/list?offset=0&max=10&sort=name&order=asc (HTTP 200)
?[36m[info]?[0m [phantom] Step anonymous 43/65: done in 21279ms.
?[36m[info]?[0m [phantom] Step clickForm 44/65 https://www.spidasoftware.com/projectmanager/formTemplate/list?offset=0&max=10&sort=name&order=asc (HTTP 200)
?[32;1m[debug]?[0m [phantom] Mouse event 'mousedown' on selector: xpath selector: //*[text()="Make Ready Engineering"]
?[32;1m[debug]?[0m [phantom] Mouse event 'mouseup' on selector: xpath selector: //*[text()="Make Ready Engineering"]
?[32;1m[debug]?[0m [phantom] Mouse event 'click' on selector: xpath selector: //*[text()="Make Ready Engineering"]
?[32;1m[debug]?[0m [phantom] Navigation requested: url=https://www.spidasoftware.com/projectmanager/formTemplate/edit/95219, type=LinkClicked, willNavigate=true, isMainFrame=true
?[36m[info]?[0m [phantom] Step clickForm 44/65: done in 21311ms.
?[33m[warning]?[0m [phantom] Loading resource failed with status=fail (HTTP 200): https://www.spidasoftware.com/projectmanager/formTemplate/edit/95219
?[32;1m[debug]?[0m [phantom] url changed to "https://www.spidasoftware.com/projectmanager/formTemplate/edit/95219"
?[32;1m[debug]?[0m [phantom] Successfully injected Casper client-side utilities
?[36m[info]?[0m [phantom] Step _step 45/65 https://www.spidasoftware.com/projectmanager/formTemplate/edit/95219 (HTTP 200)
?[36m[info]?[0m [phantom] Step _step 45/65: done in 22078ms.
?[36m[info]?[0m [phantom] waitFor() finished in 46ms.
?[36m[info]?[0m [phantom] Step anonymous 46/66 https://www.spidasoftware.com/projectmanager/formTemplate/edit/95219 (HTTP 200)
?[36m[info]?[0m [phantom] Step anonymous 46/66: done in 22152ms.
?[36m[info]?[0m [phantom] Step anonymous 47/66 https://www.spidasoftware.com/projectmanager/formTemplate/edit/95219 (HTTP 200)
?[36m[info]?[0m [phantom] Step anonymous 47/66: done in 22180ms.
?[36m[info]?[0m [phantom] Step anonymous 48/66 https://www.spidasoftware.com/projectmanager/formTemplate/edit/95219 (HTTP 200)
?[36m[info]?[0m [phantom] Step anonymous 48/66: done in 22202ms.
?[36m[info]?[0m [phantom] Step _step 49/67 https://www.spidasoftware.com/projectmanager/formTemplate/edit/95219 (HTTP 200)
?[36m[info]?[0m [phantom] Step _step 49/67: done in 22222ms.
?[32;1m[debug]?[0m [phantom] Navigation requested: url=https://www.spidasoftware.com/projectmanager/formTemplate/list?offset=0&max=10&sort=name&order=asc, type=BackOrForward, willNavigate=true, isMainFrame=true
?[33m[warning]?[0m [phantom] Loading resource failed with status=fail (HTTP 200): https://www.spidasoftware.com/projectmanager/formTemplate/list?offset=0&max=10&sort=name&order=asc
?[32;1m[debug]?[0m [phantom] url changed to "https://www.spidasoftware.com/projectmanager/formTemplate/list?offset=0&max=10&sort=name&order=asc"
?[32;1m[debug]?[0m [phantom] Successfully injected Casper client-side utilities
?[36m[info]?[0m [phantom] Step _step 50/67 https://www.spidasoftware.com/projectmanager/formTemplate/list?offset=0&max=10&sort=name&order=asc (HTTP 200)
?[36m[info]?[0m [phantom] Step _step 50/67: done in 23059ms.
?[36m[info]?[0m [phantom] waitFor() finished in 45ms.
?[36m[info]?[0m [phantom] Step anonymous 51/68 https://www.spidasoftware.com/projectmanager/formTemplate/list?offset=0&max=10&sort=name&order=asc (HTTP 200)
?[36m[info]?[0m [phantom] Step anonymous 51/68: done in 23127ms.
?[36m[info]?[0m [phantom] Step clickForm 52/68 https://www.spidasoftware.com/projectmanager/formTemplate/list?offset=0&max=10&sort=name&order=asc (HTTP 200)
?[32;1m[debug]?[0m [phantom] Mouse event 'mousedown' on selector: xpath selector: //*[text()="MRE Engineer Analysis Review"]
?[32;1m[debug]?[0m [phantom] Mouse event 'mouseup' on selector: xpath selector: //*[text()="MRE Engineer Analysis Review"]
?[32;1m[debug]?[0m [phantom] Mouse event 'click' on selector: xpath selector: //*[text()="MRE Engineer Analysis Review"]
?[32;1m[debug]?[0m [phantom] Navigation requested: url=https://www.spidasoftware.com/projectmanager/formTemplate/edit/96043, type=LinkClicked, willNavigate=true, isMainFrame=true
?[36m[info]?[0m [phantom] Step clickForm 52/68: done in 23163ms.
?[33m[warning]?[0m [phantom] Loading resource failed with status=fail (HTTP 200): https://www.spidasoftware.com/projectmanager/formTemplate/edit/96043
?[32;1m[debug]?[0m [phantom] url changed to "https://www.spidasoftware.com/projectmanager/formTemplate/edit/96043"
?[32;1m[debug]?[0m [phantom] Successfully injected Casper client-side utilities
?[36m[info]?[0m [phantom] Step _step 53/68 https://www.spidasoftware.com/projectmanager/formTemplate/edit/96043 (HTTP 200)
?[36m[info]?[0m [phantom] Step _step 53/68: done in 25139ms.
?[36m[info]?[0m [phantom] waitFor() finished in 40ms.
?[36m[info]?[0m [phantom] Step anonymous 54/69 https://www.spidasoftware.com/projectmanager/formTemplate/edit/96043 (HTTP 200)
?[36m[info]?[0m [phantom] Step anonymous 54/69: done in 25210ms.
?[36m[info]?[0m [phantom] Step anonymous 55/69 https://www.spidasoftware.com/projectmanager/formTemplate/edit/96043 (HTTP 200)
?[36m[info]?[0m [phantom] Step anonymous 55/69: done in 25235ms.
?[36m[info]?[0m [phantom] Step anonymous 56/69 https://www.spidasoftware.com/projectmanager/formTemplate/edit/96043 (HTTP 200)
?[36m[info]?[0m [phantom] Step anonymous 56/69: done in 25256ms.
?[36m[info]?[0m [phantom] Step _step 57/70 https://www.spidasoftware.com/projectmanager/formTemplate/edit/96043 (HTTP 200)
?[36m[info]?[0m [phantom] Step _step 57/70: done in 25284ms.
?[32;1m[debug]?[0m [phantom] Navigation requested: url=https://www.spidasoftware.com/projectmanager/formTemplate/list?offset=0&max=10&sort=name&order=asc, type=BackOrForward, willNavigate=true, isMainFrame=true
?[33m[warning]?[0m [phantom] Loading resource failed with status=fail (HTTP 200): https://www.spidasoftware.com/projectmanager/formTemplate/list?offset=0&max=10&sort=name&order=asc
?[32;1m[debug]?[0m [phantom] url changed to "https://www.spidasoftware.com/projectmanager/formTemplate/list?offset=0&max=10&sort=name&order=asc"
?[32;1m[debug]?[0m [phantom] Successfully injected Casper client-side utilities
?[36m[info]?[0m [phantom] Step _step 58/70 https://www.spidasoftware.com/projectmanager/formTemplate/list?offset=0&max=10&sort=name&order=asc (HTTP 200)
?[36m[info]?[0m [phantom] Step _step 58/70: done in 25943ms.
?[36m[info]?[0m [phantom] waitFor() finished in 41ms.
?[36m[info]?[0m [phantom] Step anonymous 59/71 https://www.spidasoftware.com/projectmanager/formTemplate/list?offset=0&max=10&sort=name&order=asc (HTTP 200)
?[36m[info]?[0m [phantom] Step anonymous 59/71: done in 26008ms.
?[36m[info]?[0m [phantom] Step clickForm 60/71 https://www.spidasoftware.com/projectmanager/formTemplate/list?offset=0&max=10&sort=name&order=asc (HTTP 200)
?[32;1m[debug]?[0m [phantom] Mouse event 'mousedown' on selector: xpath selector: //*[text()="Permit Closure Checklist"]
?[32;1m[debug]?[0m [phantom] Mouse event 'mouseup' on selector: xpath selector: //*[text()="Permit Closure Checklist"]
?[32;1m[debug]?[0m [phantom] Mouse event 'click' on selector: xpath selector: //*[text()="Permit Closure Checklist"]
?[32;1m[debug]?[0m [phantom] Navigation requested: url=https://www.spidasoftware.com/projectmanager/formTemplate/edit/96082, type=LinkClicked, willNavigate=true, isMainFrame=true
?[36m[info]?[0m [phantom] Step clickForm 60/71: done in 26036ms.
?[33m[warning]?[0m [phantom] Loading resource failed with status=fail (HTTP 200): https://www.spidasoftware.com/projectmanager/formTemplate/edit/96082
?[32;1m[debug]?[0m [phantom] url changed to "https://www.spidasoftware.com/projectmanager/formTemplate/edit/96082"
?[32;1m[debug]?[0m [phantom] Successfully injected Casper client-side utilities
?[36m[info]?[0m [phantom] Step _step 61/71 https://www.spidasoftware.com/projectmanager/formTemplate/edit/96082 (HTTP 200)
?[36m[info]?[0m [phantom] Step _step 61/71: done in 27014ms.
?[36m[info]?[0m [phantom] waitFor() finished in 40ms.
?[36m[info]?[0m [phantom] Step anonymous 62/72 https://www.spidasoftware.com/projectmanager/formTemplate/edit/96082 (HTTP 200)
?[36m[info]?[0m [phantom] Step anonymous 62/72: done in 27080ms.
?[36m[info]?[0m [phantom] Step anonymous 63/72 https://www.spidasoftware.com/projectmanager/formTemplate/edit/96082 (HTTP 200)
?[36m[info]?[0m [phantom] Step anonymous 63/72: done in 27109ms.
?[36m[info]?[0m [phantom] Step anonymous 64/72 https://www.spidasoftware.com/projectmanager/formTemplate/edit/96082 (HTTP 200)
?[36m[info]?[0m [phantom] Step anonymous 64/72: done in 27129ms.
?[36m[info]?[0m [phantom] Step _step 65/73 https://www.spidasoftware.com/projectmanager/formTemplate/edit/96082 (HTTP 200)
?[36m[info]?[0m [phantom] Step _step 65/73: done in 27153ms.
?[32;1m[debug]?[0m [phantom] Navigation requested: url=https://www.spidasoftware.com/projectmanager/formTemplate/list?offset=0&max=10&sort=name&order=asc, type=BackOrForward, willNavigate=true, isMainFrame=true
?[33m[warning]?[0m [phantom] Loading resource failed with status=fail (HTTP 200): https://www.spidasoftware.com/projectmanager/formTemplate/list?offset=0&max=10&sort=name&order=asc
?[32;1m[debug]?[0m [phantom] url changed to "https://www.spidasoftware.com/projectmanager/formTemplate/list?offset=0&max=10&sort=name&order=asc"
?[32;1m[debug]?[0m [phantom] Successfully injected Casper client-side utilities
?[36m[info]?[0m [phantom] Step _step 66/73 https://www.spidasoftware.com/projectmanager/formTemplate/list?offset=0&max=10&sort=name&order=asc (HTTP 200)
?[36m[info]?[0m [phantom] Step _step 66/73: done in 28131ms.
?[36m[info]?[0m [phantom] waitFor() finished in 45ms.
?[36m[info]?[0m [phantom] Step anonymous 67/74 https://www.spidasoftware.com/projectmanager/formTemplate/list?offset=0&max=10&sort=name&order=asc (HTTP 200)
?[36m[info]?[0m [phantom] Step anonymous 67/74: done in 28194ms.
?[36m[info]?[0m [phantom] Step clickForm 68/74 https://www.spidasoftware.com/projectmanager/formTemplate/list?offset=0&max=10&sort=name&order=asc (HTTP 200)
?[32;1m[debug]?[0m [phantom] Mouse event 'mousedown' on selector: xpath selector: //*[text()="Permit Submission Checklist"]
?[32;1m[debug]?[0m [phantom] Mouse event 'mouseup' on selector: xpath selector: //*[text()="Permit Submission Checklist"]
?[32;1m[debug]?[0m [phantom] Mouse event 'click' on selector: xpath selector: //*[text()="Permit Submission Checklist"]
?[32;1m[debug]?[0m [phantom] Navigation requested: url=https://www.spidasoftware.com/projectmanager/formTemplate/edit/96355, type=LinkClicked, willNavigate=true, isMainFrame=true
?[36m[info]?[0m [phantom] Step clickForm 68/74: done in 28231ms.
?[33m[warning]?[0m [phantom] Loading resource failed with status=fail (HTTP 200): https://www.spidasoftware.com/projectmanager/formTemplate/edit/96355
?[32;1m[debug]?[0m [phantom] url changed to "https://www.spidasoftware.com/projectmanager/formTemplate/edit/96355"
?[32;1m[debug]?[0m [phantom] Successfully injected Casper client-side utilities
?[36m[info]?[0m [phantom] Step _step 69/74 https://www.spidasoftware.com/projectmanager/formTemplate/edit/96355 (HTTP 200)
?[36m[info]?[0m [phantom] Step _step 69/74: done in 29021ms.
?[36m[info]?[0m [phantom] waitFor() finished in 43ms.
?[36m[info]?[0m [phantom] Step anonymous 70/75 https://www.spidasoftware.com/projectmanager/formTemplate/edit/96355 (HTTP 200)
?[36m[info]?[0m [phantom] Step anonymous 70/75: done in 29095ms.
?[36m[info]?[0m [phantom] Step anonymous 71/75 https://www.spidasoftware.com/projectmanager/formTemplate/edit/96355 (HTTP 200)
?[36m[info]?[0m [phantom] Step anonymous 71/75: done in 29121ms.
?[36m[info]?[0m [phantom] Step anonymous 72/75 https://www.spidasoftware.com/projectmanager/formTemplate/edit/96355 (HTTP 200)
?[36m[info]?[0m [phantom] Step anonymous 72/75: done in 29145ms.
?[36m[info]?[0m [phantom] Step _step 73/76 https://www.spidasoftware.com/projectmanager/formTemplate/edit/96355 (HTTP 200)
?[36m[info]?[0m [phantom] Step _step 73/76: done in 29172ms.
?[32;1m[debug]?[0m [phantom] Navigation requested: url=https://www.spidasoftware.com/projectmanager/formTemplate/list?offset=0&max=10&sort=name&order=asc, type=BackOrForward, willNavigate=true, isMainFrame=true
?[33m[warning]?[0m [phantom] Loading resource failed with status=fail (HTTP 200): https://www.spidasoftware.com/projectmanager/formTemplate/list?offset=0&max=10&sort=name&order=asc
?[32;1m[debug]?[0m [phantom] url changed to "https://www.spidasoftware.com/projectmanager/formTemplate/list?offset=0&max=10&sort=name&order=asc"
?[32;1m[debug]?[0m [phantom] Successfully injected Casper client-side utilities
?[36m[info]?[0m [phantom] Step _step 74/76 https://www.spidasoftware.com/projectmanager/formTemplate/list?offset=0&max=10&sort=name&order=asc (HTTP 200)
?[36m[info]?[0m [phantom] Step _step 74/76: done in 29936ms.
?[36m[info]?[0m [phantom] waitFor() finished in 43ms.
?[36m[info]?[0m [phantom] Step anonymous 75/77 https://www.spidasoftware.com/projectmanager/formTemplate/list?offset=0&max=10&sort=name&order=asc (HTTP 200)
?[36m[info]?[0m [phantom] Step anonymous 75/77: done in 29995ms.
?[32;1m[debug]?[0m [phantom] opening url: https://www.spidasoftware.com/projectmanager/formTemplate/list?offset=10&max=10&sort=name&order=asc, HTTP GET
?[32;1m[debug]?[0m [phantom] Navigation requested: url=https://www.spidasoftware.com/projectmanager/formTemplate/list?offset=10&max=10&sort=name&order=asc, type=Other, willNavigate=true, isMainFrame=true
?[33m[warning]?[0m [phantom] Loading resource failed with status=fail (HTTP 200): https://www.spidasoftware.com/projectmanager/formTemplate/list?offset=10&max=10&sort=name&order=asc
?[32;1m[debug]?[0m [phantom] url changed to "https://www.spidasoftware.com/projectmanager/formTemplate/list?offset=10&max=10&sort=name&order=asc"
?[32;1m[debug]?[0m [phantom] Successfully injected Casper client-side utilities
?[36m[info]?[0m [phantom] Step anonymous 77/77 https://www.spidasoftware.com/projectmanager/formTemplate/list?offset=10&max=10&sort=name&order=asc (HTTP 200)
?[36m[info]?[0m [phantom] Step anonymous 77/77: done in 30667ms.
?[36m[info]?[0m [phantom] Step _step 78/78 https://www.spidasoftware.com/projectmanager/formTemplate/list?offset=10&max=10&sort=name&order=asc (HTTP 200)
?[36m[info]?[0m [phantom] Step _step 78/78: done in 30685ms.
?[36m[info]?[0m [phantom] waitFor() finished in 44ms.
?[36m[info]?[0m [phantom] Step anonymous 79/79 https://www.spidasoftware.com/projectmanager/formTemplate/list?offset=10&max=10&sort=name&order=asc (HTTP 200)
Stored screenshot of form: Pole Inventory
?[36m[info]?[0m [phantom] Step anonymous 79/79: done in 30761ms.
?[36m[info]?[0m [phantom] Step clickForm 80/84 https://www.spidasoftware.com/projectmanager/formTemplate/list?offset=10&max=10&sort=name&order=asc (HTTP 200)
?[32;1m[debug]?[0m [phantom] Mouse event 'mousedown' on selector: xpath selector: //*[text()="Pole Inventory"]
?[32;1m[debug]?[0m [phantom] Mouse event 'mouseup' on selector: xpath selector: //*[text()="Pole Inventory"]
?[32;1m[debug]?[0m [phantom] Mouse event 'click' on selector: xpath selector: //*[text()="Pole Inventory"]
?[32;1m[debug]?[0m [phantom] Navigation requested: url=https://www.spidasoftware.com/projectmanager/formTemplate/edit/96090, type=LinkClicked, willNavigate=true, isMainFrame=true
?[36m[info]?[0m [phantom] Step clickForm 80/84: done in 30780ms.
?[33m[warning]?[0m [phantom] Loading resource failed with status=fail (HTTP 200): https://www.spidasoftware.com/projectmanager/formTemplate/edit/96090
?[32;1m[debug]?[0m [phantom] url changed to "https://www.spidasoftware.com/projectmanager/formTemplate/edit/96090"
?[32;1m[debug]?[0m [phantom] Successfully injected Casper client-side utilities
?[36m[info]?[0m [phantom] Step _step 81/84 https://www.spidasoftware.com/projectmanager/formTemplate/edit/96090 (HTTP 200)
?[36m[info]?[0m [phantom] Step _step 81/84: done in 31826ms.
?[36m[info]?[0m [phantom] waitFor() finished in 43ms.
?[36m[info]?[0m [phantom] Step anonymous 82/85 https://www.spidasoftware.com/projectmanager/formTemplate/edit/96090 (HTTP 200)
?[36m[info]?[0m [phantom] Step anonymous 82/85: done in 31891ms.
?[36m[info]?[0m [phantom] Step anonymous 83/85 https://www.spidasoftware.com/projectmanager/formTemplate/edit/96090 (HTTP 200)
?[36m[info]?[0m [phantom] Step anonymous 83/85: done in 31920ms.
?[36m[info]?[0m [phantom] Step anonymous 84/85 https://www.spidasoftware.com/projectmanager/formTemplate/edit/96090 (HTTP 200)
?[36m[info]?[0m [phantom] Step anonymous 84/85: done in 31943ms.
?[36m[info]?[0m [phantom] Step _step 85/86 https://www.spidasoftware.com/projectmanager/formTemplate/edit/96090 (HTTP 200)
?[36m[info]?[0m [phantom] Step _step 85/86: done in 31966ms.
?[32;1m[debug]?[0m [phantom] Navigation requested: url=https://www.spidasoftware.com/projectmanager/formTemplate/list?offset=10&max=10&sort=name&order=asc, type=BackOrForward, willNavigate=true, isMainFrame=true
?[33m[warning]?[0m [phantom] Loading resource failed with status=fail (HTTP 200): https://www.spidasoftware.com/projectmanager/formTemplate/list?offset=10&max=10&sort=name&order=asc
?[32;1m[debug]?[0m [phantom] url changed to "https://www.spidasoftware.com/projectmanager/formTemplate/list?offset=10&max=10&sort=name&order=asc"
?[32;1m[debug]?[0m [phantom] Successfully injected Casper client-side utilities
?[36m[info]?[0m [phantom] Step _step 86/86 https://www.spidasoftware.com/projectmanager/formTemplate/list?offset=10&max=10&sort=name&order=asc (HTTP 200)
?[36m[info]?[0m [phantom] Step _step 86/86: done in 32940ms.
?[36m[info]?[0m [phantom] waitFor() finished in 45ms.
?[36m[info]?[0m [phantom] Step anonymous 87/87 https://www.spidasoftware.com/projectmanager/formTemplate/list?offset=10&max=10&sort=name&order=asc (HTTP 200)
?[36m[info]?[0m [phantom] Step anonymous 87/87: done in 33011ms.
?[36m[info]?[0m [phantom] Done 87 steps in 33037ms
Forms to generate: 
0: Permit Submission Checklist
1: Make Ready Engineering
2: Permit Closure Checklist
3: DG Permit
4: Assign Engineer
5: MRE Engineer Analysis Review
6: Advance Route Review
7: Pole Inventory
?[36m[info]?[0m [phantom] Starting...
?[36m[info]?[0m [phantom] Execution timeout set to 12000ms
?[36m[info]?[0m [phantom] Running suite: 16 steps
?[32;1m[debug]?[0m [phantom] opening url: file:///Users/zpeugh/code/min/scripts/flowdocument/Resources/formHtmls/Permit Submission Checklist.html, HTTP GET
?[32;1m[debug]?[0m [phantom] Navigation requested: url=file:///Users/zpeugh/code/min/scripts/flowdocument/Resources/formHtmls/Permit Submission Checklist.html, type=Other, willNavigate=true, isMainFrame=true
?[32;1m[debug]?[0m [phantom] url changed to "file:///Users/zpeugh/code/min/scripts/flowdocument/Resources/formHtmls/Permit Submission Checklist.html"
?[32;1m[debug]?[0m [phantom] Successfully injected Casper client-side utilities
?[36m[info]?[0m [phantom] Step anonymous 2/16: done in 48ms.
?[36m[info]?[0m [phantom] Step _step 3/19: done in 75ms.
?[36m[info]?[0m [phantom] waitFor() finished in 47ms.
?[32;1m[debug]?[0m [phantom] Capturing page to /Users/zpeugh/code/min/scripts/flowdocument/Resources/formHtmls/formPNGs/Permit Submission Checklist.png with clipRect {"top":13,"height":184,"left":8,"width":808}
?[36m[info]?[0m [phantom] Capture saved to /Users/zpeugh/code/min/scripts/flowdocument/Resources/formHtmls/formPNGs/Permit Submission Checklist.png
?[36m[info]?[0m [phantom] Step anonymous 4/20: done in 214ms.
?[36m[info]?[0m [phantom] Step anonymous 5/20: done in 215ms.
?[36m[info]?[0m [phantom] Step _step 6/20: done in 241ms.
?[36m[info]?[0m [phantom] waitFor() finished in 53ms.
?[32;1m[debug]?[0m [phantom] opening url: file:///Users/zpeugh/code/min/scripts/flowdocument/Resources/formHtmls/Make Ready Engineering.html, HTTP GET
?[32;1m[debug]?[0m [phantom] Navigation requested: url=file:///Users/zpeugh/code/min/scripts/flowdocument/Resources/formHtmls/Make Ready Engineering.html, type=Other, willNavigate=true, isMainFrame=true
?[32;1m[debug]?[0m [phantom] url changed to "file:///Users/zpeugh/code/min/scripts/flowdocument/Resources/formHtmls/Make Ready Engineering.html"
?[32;1m[debug]?[0m [phantom] Successfully injected Casper client-side utilities
?[36m[info]?[0m [phantom] Step anonymous 8/20: done in 340ms.
?[36m[info]?[0m [phantom] Step _step 9/23: done in 362ms.
?[36m[info]?[0m [phantom] waitFor() finished in 54ms.
?[32;1m[debug]?[0m [phantom] Capturing page to /Users/zpeugh/code/min/scripts/flowdocument/Resources/formHtmls/formPNGs/Make Ready Engineering.png with clipRect {"top":13,"height":482,"left":8,"width":808}
?[36m[info]?[0m [phantom] Capture saved to /Users/zpeugh/code/min/scripts/flowdocument/Resources/formHtmls/formPNGs/Make Ready Engineering.png
?[36m[info]?[0m [phantom] Step anonymous 10/24: done in 531ms.
?[36m[info]?[0m [phantom] Step anonymous 11/24: done in 533ms.
?[36m[info]?[0m [phantom] Step _step 12/24: done in 558ms.
?[36m[info]?[0m [phantom] waitFor() finished in 53ms.
?[32;1m[debug]?[0m [phantom] opening url: file:///Users/zpeugh/code/min/scripts/flowdocument/Resources/formHtmls/Permit Closure Checklist.html, HTTP GET
?[32;1m[debug]?[0m [phantom] Navigation requested: url=file:///Users/zpeugh/code/min/scripts/flowdocument/Resources/formHtmls/Permit Closure Checklist.html, type=Other, willNavigate=true, isMainFrame=true
?[32;1m[debug]?[0m [phantom] url changed to "file:///Users/zpeugh/code/min/scripts/flowdocument/Resources/formHtmls/Permit Closure Checklist.html"
?[32;1m[debug]?[0m [phantom] Successfully injected Casper client-side utilities
?[36m[info]?[0m [phantom] Step anonymous 14/24: done in 657ms.
?[36m[info]?[0m [phantom] Step _step 15/27: done in 677ms.
?[36m[info]?[0m [phantom] waitFor() finished in 45ms.
?[32;1m[debug]?[0m [phantom] Capturing page to /Users/zpeugh/code/min/scripts/flowdocument/Resources/formHtmls/formPNGs/Permit Closure Checklist.png with clipRect {"top":13,"height":609,"left":8,"width":808}
?[36m[info]?[0m [phantom] Capture saved to /Users/zpeugh/code/min/scripts/flowdocument/Resources/formHtmls/formPNGs/Permit Closure Checklist.png
?[36m[info]?[0m [phantom] Step anonymous 16/28: done in 846ms.
?[36m[info]?[0m [phantom] Step anonymous 17/28: done in 848ms.
?[36m[info]?[0m [phantom] Step _step 18/28: done in 871ms.
?[36m[info]?[0m [phantom] waitFor() finished in 51ms.
?[32;1m[debug]?[0m [phantom] opening url: file:///Users/zpeugh/code/min/scripts/flowdocument/Resources/formHtmls/DG Permit.html, HTTP GET
?[32;1m[debug]?[0m [phantom] Navigation requested: url=file:///Users/zpeugh/code/min/scripts/flowdocument/Resources/formHtmls/DG Permit.html, type=Other, willNavigate=true, isMainFrame=true
?[32;1m[debug]?[0m [phantom] url changed to "file:///Users/zpeugh/code/min/scripts/flowdocument/Resources/formHtmls/DG Permit.html"
?[32;1m[debug]?[0m [phantom] Successfully injected Casper client-side utilities
?[36m[info]?[0m [phantom] Step anonymous 20/28: done in 980ms.
?[36m[info]?[0m [phantom] Step _step 21/31: done in 1000ms.
?[36m[info]?[0m [phantom] waitFor() finished in 57ms.
?[32;1m[debug]?[0m [phantom] Capturing page to /Users/zpeugh/code/min/scripts/flowdocument/Resources/formHtmls/formPNGs/DG Permit.png with clipRect {"top":13,"height":961,"left":8,"width":808}
?[36m[info]?[0m [phantom] Capture saved to /Users/zpeugh/code/min/scripts/flowdocument/Resources/formHtmls/formPNGs/DG Permit.png
?[36m[info]?[0m [phantom] Step anonymous 22/32: done in 1217ms.
?[36m[info]?[0m [phantom] Step anonymous 23/32: done in 1222ms.
?[36m[info]?[0m [phantom] Step _step 24/32: done in 1244ms.
?[36m[info]?[0m [phantom] waitFor() finished in 59ms.
?[32;1m[debug]?[0m [phantom] opening url: file:///Users/zpeugh/code/min/scripts/flowdocument/Resources/formHtmls/Assign Engineer.html, HTTP GET
?[32;1m[debug]?[0m [phantom] Navigation requested: url=file:///Users/zpeugh/code/min/scripts/flowdocument/Resources/formHtmls/Assign Engineer.html, type=Other, willNavigate=true, isMainFrame=true
?[32;1m[debug]?[0m [phantom] url changed to "file:///Users/zpeugh/code/min/scripts/flowdocument/Resources/formHtmls/Assign Engineer.html"
?[32;1m[debug]?[0m [phantom] Successfully injected Casper client-side utilities
?[36m[info]?[0m [phantom] Step anonymous 26/32: done in 1353ms.
?[36m[info]?[0m [phantom] Step _step 27/35: done in 1371ms.
?[36m[info]?[0m [phantom] waitFor() finished in 48ms.
?[32;1m[debug]?[0m [phantom] Capturing page to /Users/zpeugh/code/min/scripts/flowdocument/Resources/formHtmls/formPNGs/Assign Engineer.png with clipRect {"top":13,"height":184,"left":8,"width":808}
?[36m[info]?[0m [phantom] Capture saved to /Users/zpeugh/code/min/scripts/flowdocument/Resources/formHtmls/formPNGs/Assign Engineer.png
?[36m[info]?[0m [phantom] Step anonymous 28/36: done in 1498ms.
?[36m[info]?[0m [phantom] Step anonymous 29/36: done in 1500ms.
?[36m[info]?[0m [phantom] Step _step 30/36: done in 1524ms.
?[36m[info]?[0m [phantom] waitFor() finished in 51ms.
?[32;1m[debug]?[0m [phantom] opening url: file:///Users/zpeugh/code/min/scripts/flowdocument/Resources/formHtmls/MRE Engineer Analysis Review.html, HTTP GET
?[32;1m[debug]?[0m [phantom] Navigation requested: url=file:///Users/zpeugh/code/min/scripts/flowdocument/Resources/formHtmls/MRE Engineer Analysis Review.html, type=Other, willNavigate=true, isMainFrame=true
?[32;1m[debug]?[0m [phantom] url changed to "file:///Users/zpeugh/code/min/scripts/flowdocument/Resources/formHtmls/MRE Engineer Analysis Review.html"
?[32;1m[debug]?[0m [phantom] Successfully injected Casper client-side utilities
?[36m[info]?[0m [phantom] Step anonymous 32/36: done in 1629ms.
?[36m[info]?[0m [phantom] Step _step 33/39: done in 1653ms.
?[36m[info]?[0m [phantom] waitFor() finished in 45ms.
?[32;1m[debug]?[0m [phantom] Capturing page to /Users/zpeugh/code/min/scripts/flowdocument/Resources/formHtmls/formPNGs/MRE Engineer Analysis Review.png with clipRect {"top":13,"height":368,"left":8,"width":808}
?[36m[info]?[0m [phantom] Capture saved to /Users/zpeugh/code/min/scripts/flowdocument/Resources/formHtmls/formPNGs/MRE Engineer Analysis Review.png
?[36m[info]?[0m [phantom] Step anonymous 34/40: done in 1797ms.
?[36m[info]?[0m [phantom] Step anonymous 35/40: done in 1799ms.
?[36m[info]?[0m [phantom] Step _step 36/40: done in 1819ms.
?[36m[info]?[0m [phantom] waitFor() finished in 57ms.
?[32;1m[debug]?[0m [phantom] opening url: file:///Users/zpeugh/code/min/scripts/flowdocument/Resources/formHtmls/Advance Route Review.html, HTTP GET
?[32;1m[debug]?[0m [phantom] Navigation requested: url=file:///Users/zpeugh/code/min/scripts/flowdocument/Resources/formHtmls/Advance Route Review.html, type=Other, willNavigate=true, isMainFrame=true
?[32;1m[debug]?[0m [phantom] url changed to "file:///Users/zpeugh/code/min/scripts/flowdocument/Resources/formHtmls/Advance Route Review.html"
?[32;1m[debug]?[0m [phantom] Successfully injected Casper client-side utilities
?[36m[info]?[0m [phantom] Step anonymous 38/40: done in 1922ms.
?[36m[info]?[0m [phantom] Step _step 39/43: done in 1941ms.
?[36m[info]?[0m [phantom] waitFor() finished in 42ms.
?[32;1m[debug]?[0m [phantom] Capturing page to /Users/zpeugh/code/min/scripts/flowdocument/Resources/formHtmls/formPNGs/Advance Route Review.png with clipRect {"top":13,"height":368,"left":8,"width":808}
?[36m[info]?[0m [phantom] Capture saved to /Users/zpeugh/code/min/scripts/flowdocument/Resources/formHtmls/formPNGs/Advance Route Review.png
?[36m[info]?[0m [phantom] Step anonymous 40/44: done in 2082ms.
?[36m[info]?[0m [phantom] Step anonymous 41/44: done in 2083ms.
?[36m[info]?[0m [phantom] Step _step 42/44: done in 2106ms.
?[36m[info]?[0m [phantom] waitFor() finished in 45ms.
?[32;1m[debug]?[0m [phantom] opening url: file:///Users/zpeugh/code/min/scripts/flowdocument/Resources/formHtmls/Pole Inventory.html, HTTP GET
?[32;1m[debug]?[0m [phantom] Navigation requested: url=file:///Users/zpeugh/code/min/scripts/flowdocument/Resources/formHtmls/Pole Inventory.html, type=Other, willNavigate=true, isMainFrame=true
?[32;1m[debug]?[0m [phantom] url changed to "file:///Users/zpeugh/code/min/scripts/flowdocument/Resources/formHtmls/Pole Inventory.html"
?[32;1m[debug]?[0m [phantom] Successfully injected Casper client-side utilities
?[36m[info]?[0m [phantom] Step anonymous 44/44: done in 2203ms.
?[36m[info]?[0m [phantom] Step _step 45/47: done in 2228ms.
?[36m[info]?[0m [phantom] waitFor() finished in 51ms.
?[32;1m[debug]?[0m [phantom] Capturing page to /Users/zpeugh/code/min/scripts/flowdocument/Resources/formHtmls/formPNGs/Pole Inventory.png with clipRect {"top":13,"height":329,"left":8,"width":808}
?[36m[info]?[0m [phantom] Capture saved to /Users/zpeugh/code/min/scripts/flowdocument/Resources/formHtmls/formPNGs/Pole Inventory.png
?[36m[info]?[0m [phantom] Step anonymous 46/48: done in 2373ms.
?[36m[info]?[0m [phantom] Step anonymous 47/48: done in 2375ms.
?[36m[info]?[0m [phantom] Step _step 48/48: done in 2398ms.
?[36m[info]?[0m [phantom] waitFor() finished in 58ms.
?[36m[info]?[0m [phantom] Done 48 steps in 2485ms
All forms: [Permit Submission Checklist, Make Ready Engineering, Permit Closure Checklist, DG Permit, Assign Engineer, MRE Engineer Analysis Review, Advance Route Review, Pole Inventory]
Missed Forms: null
company name: DG
flow Name: DGPermitOLD
2: Assign Central Engineer Supervisor UG-Remove Others
3: Assign Bechtel FOC Contractor From Form-Remove Others
4: Assign Bechtel Engineer-From Form-Remove Others
5: Assign to Duke North Engineer Supervisor UG-Remove Others
6: Email Assignees: Project in Pole-by-Pole Review for 2 Weeks
7: Populate Pole IDs in Pole Inventory FOrm
8: Assign Engineer from Assign Engineer form-Don't Remove Others
9: Assign Creator-Remove Others
10: Email Assignee(s): Project in Advance Route Review for 2 Weeks
11: Assign Duke Construction UG-Remove Others
12: Assign Duke Finance UG-Don't Remove Others
13: Assign Bechtel MRE Contractor from form-Remove Others
14: Assign Duke IJUS Usergroup-Don't Remove Others
15: Email Bechtel Design-From Form-Field Pole Survey Completed
16: Email Bechtel Engineer-Field Pole Survey Completed
17: Email Assignees: IJUS Review Complete-Conflicting Permits Found
18: Email Assignees: IJUS Complete-No Conflicting Permits
?[36m[info]?[0m [phantom] Starting...
?[36m[info]?[0m [phantom] Execution timeout set to 10000ms
?[36m[info]?[0m [phantom] Running suite: 13 steps
?[32;1m[debug]?[0m [phantom] opening url: https://www.spidasoftware.com/projectmanager/, HTTP GET
?[32;1m[debug]?[0m [phantom] Navigation requested: url=https://www.spidasoftware.com/projectmanager/, type=Other, willNavigate=true, isMainFrame=true
?[32;1m[debug]?[0m [phantom] Navigation requested: url=https://www.spidasoftware.com/cas/login?service=https://www.spidasoftware.com/projectmanager/j_spring_cas_security_check, type=Other, willNavigate=true, isMainFrame=true
?[32;1m[debug]?[0m [phantom] url changed to "https://www.spidasoftware.com/cas/login?service=https://www.spidasoftware.com/projectmanager/j_spring_cas_security_check"
?[32;1m[debug]?[0m [phantom] Successfully injected Casper client-side utilities
?[32;1m[debug]?[0m [phantom] start page is loaded
?[36m[info]?[0m [phantom] Step login 3/13 https://www.spidasoftware.com/cas/login?service=https://www.spidasoftware.com/projectmanager/j_spring_cas_security_check (HTTP 200)
?[36m[info]?[0m [remote] attempting to fetch form element from selector: 'form#fm1'
?[32;1m[debug]?[0m [remote] Set "username" field value to admin@spidasoftware.com
?[32;1m[debug]?[0m [remote] Set "password" field value to ***************
?[36m[info]?[0m [remote] submitting form to /cas/login;jsessionid=C731D669B8D78BC66195B10852EA931E?service=https%3A%2F%2Fwww.spidasoftware.com%2Fprojectmanager%2Fj_spring_cas_security_check, HTTP POST
?[36m[info]?[0m [phantom] Step login 3/13: done in 1526ms.
?[32;1m[debug]?[0m [phantom] Navigation requested: url=https://www.spidasoftware.com/cas/login;jsessionid=C731D669B8D78BC66195B10852EA931E?service=https://www.spidasoftware.com/projectmanager/j_spring_cas_security_check, type=FormSubmitted, willNavigate=true, isMainFrame=true
?[32;1m[debug]?[0m [phantom] Navigation requested: url=https://www.spidasoftware.com/projectmanager/j_spring_cas_security_check?ticket=ST-342-ZhyWF7gETFloZibvu7ev-www.spidasoftware.com, type=FormSubmitted, willNavigate=true, isMainFrame=true
?[32;1m[debug]?[0m [phantom] Navigation requested: url=https://www.spidasoftware.com/projectmanager/, type=FormSubmitted, willNavigate=true, isMainFrame=true
?[32;1m[debug]?[0m [phantom] url changed to "https://www.spidasoftware.com/projectmanager/"
?[32;1m[debug]?[0m [phantom] Successfully injected Casper client-side utilities
?[36m[info]?[0m [phantom] Step _step 4/13 https://www.spidasoftware.com/projectmanager/ (HTTP 200)
?[36m[info]?[0m [phantom] Step _step 4/13: done in 8351ms.
?[36m[info]?[0m [phantom] waitFor() finished in 42ms.
?[36m[info]?[0m [phantom] Step afterLogin 5/14 https://www.spidasoftware.com/projectmanager/ (HTTP 200)
Logged in successfully
?[36m[info]?[0m [phantom] Step afterLogin 5/14: done in 8415ms.
?[36m[info]?[0m [phantom] Step _step 6/14 https://www.spidasoftware.com/projectmanager/ (HTTP 200)
?[36m[info]?[0m [phantom] Step _step 6/14: done in 8443ms.
?[36m[info]?[0m [phantom] waitFor() finished in 54ms.
?[36m[info]?[0m [phantom] Step anonymous 7/15 https://www.spidasoftware.com/projectmanager/ (HTTP 200)
?[32;1m[debug]?[0m [phantom] Mouse event 'mousedown' on selector: xpath selector: //*[text()="DG"]
?[32;1m[debug]?[0m [phantom] Mouse event 'mouseup' on selector: xpath selector: //*[text()="DG"]
?[32;1m[debug]?[0m [phantom] Mouse event 'click' on selector: xpath selector: //*[text()="DG"]
?[32;1m[debug]?[0m [phantom] Navigation requested: url=https://www.spidasoftware.com/projectmanager/#, type=LinkClicked, willNavigate=true, isMainFrame=true
?[32;1m[debug]?[0m [phantom] url changed to "https://www.spidasoftware.com/projectmanager/#"
?[36m[info]?[0m [phantom] Step anonymous 7/15: done in 8532ms.
?[32;1m[debug]?[0m [phantom] Navigation requested: url=https://www.spidasoftware.com/projectmanager/switchcompany, type=FormSubmitted, willNavigate=true, isMainFrame=true
?[33m[warning]?[0m [phantom] Loading resource failed with status=fail (HTTP 200): https://www.spidasoftware.com/projectmanager/switchcompany
?[32;1m[debug]?[0m [phantom] Navigation requested: url=https://www.spidasoftware.com/projectmanager/dashboard/index, type=FormSubmitted, willNavigate=true, isMainFrame=true
script timed out
?[36m[info]?[0m [phantom] Step _step 8/15 https://www.spidasoftware.com/projectmanager/# (HTTP 302)
?[36m[info]?[0m [phantom] Step _step 8/15: done in 10014ms.
?[32;1m[debug]?[0m [phantom] url changed to "https://www.spidasoftware.com/projectmanager/dashboard/index"
?[32;1m[debug]?[0m [phantom] Successfully injected Casper client-side utilities
?[36m[info]?[0m [phantom] waitFor() finished in 2105ms.
?[36m[info]?[0m [phantom] Step anonymous 9/16 https://www.spidasoftware.com/projectmanager/dashboard/index (HTTP 200)
Logged in as: DG
?[36m[info]?[0m [phantom] Step anonymous 9/16: done in 12142ms.
?[32;1m[debug]?[0m [phantom] opening url: https://www.spidasoftware.com/projectmanager/flow/list, HTTP GET
?[32;1m[debug]?[0m [phantom] Navigation requested: url=https://www.spidasoftware.com/projectmanager/flow/list, type=Other, willNavigate=true, isMainFrame=true
?[33m[warning]?[0m [phantom] Loading resource failed with status=fail (HTTP 200): https://www.spidasoftware.com/projectmanager/flow/list
?[32;1m[debug]?[0m [phantom] url changed to "https://www.spidasoftware.com/projectmanager/flow/list"
?[32;1m[debug]?[0m [phantom] Successfully injected Casper client-side utilities
?[36m[info]?[0m [phantom] Step openFlowList 11/16 https://www.spidasoftware.com/projectmanager/flow/list (HTTP 200)
Navigating to Flow List
?[36m[info]?[0m [phantom] Step openFlowList 11/16: done in 13971ms.
?[36m[info]?[0m [phantom] Step _step 12/16 https://www.spidasoftware.com/projectmanager/flow/list (HTTP 200)
?[36m[info]?[0m [phantom] Step _step 12/16: done in 13994ms.
?[36m[info]?[0m [phantom] waitFor() finished in 43ms.
?[36m[info]?[0m [phantom] Step clickFlow 13/17 https://www.spidasoftware.com/projectmanager/flow/list (HTTP 200)
Currently at: https://www.spidasoftware.com/projectmanager/flow/list
?[32;1m[debug]?[0m [phantom] Mouse event 'mousedown' on selector: xpath selector: //a[text()="DGPermitOLD"]
?[32;1m[debug]?[0m [phantom] Mouse event 'mouseup' on selector: xpath selector: //a[text()="DGPermitOLD"]
?[32;1m[debug]?[0m [phantom] Mouse event 'click' on selector: xpath selector: //a[text()="DGPermitOLD"]
?[32;1m[debug]?[0m [phantom] Navigation requested: url=https://www.spidasoftware.com/projectmanager/flow/edit/95207, type=LinkClicked, willNavigate=true, isMainFrame=true
?[36m[info]?[0m [phantom] Step clickFlow 13/17: done in 14069ms.
?[33m[warning]?[0m [phantom] Loading resource failed with status=fail (HTTP 200): https://www.spidasoftware.com/projectmanager/flow/edit/95207
?[32;1m[debug]?[0m [phantom] url changed to "https://www.spidasoftware.com/projectmanager/flow/edit/95207"
?[32;1m[debug]?[0m [phantom] Successfully injected Casper client-side utilities
?[36m[info]?[0m [phantom] Step _step 14/17 https://www.spidasoftware.com/projectmanager/flow/edit/95207 (HTTP 200)
?[36m[info]?[0m [phantom] Step _step 14/17: done in 15637ms.
?[36m[info]?[0m [phantom] waitFor() finished in 2227ms.
?[36m[info]?[0m [phantom] Step getOrder 15/18 https://www.spidasoftware.com/projectmanager/flow/edit/95207 (HTTP 200)
?[36m[info]?[0m [phantom] Step getOrder 15/18: done in 17942ms.
?[36m[info]?[0m [phantom] Step _step 16/18 https://www.spidasoftware.com/projectmanager/flow/edit/95207 (HTTP 200)
?[36m[info]?[0m [phantom] Step _step 16/18: done in 17945ms.
?[36m[info]?[0m [phantom] wait() finished waiting for 2000ms.
Currently at: https://www.spidasoftware.com/projectmanager/flow/edit/95207
?[32;1m[debug]?[0m [phantom] Mouse event 'mousedown' on selector: #events_table>table>tbody>tr:nth-child(1)>td:nth-child(5)>a
?[32;1m[debug]?[0m [phantom] Mouse event 'mouseup' on selector: #events_table>table>tbody>tr:nth-child(1)>td:nth-child(5)>a
?[32;1m[debug]?[0m [phantom] Mouse event 'click' on selector: #events_table>table>tbody>tr:nth-child(1)>td:nth-child(5)>a
?[32;1m[debug]?[0m [phantom] Navigation requested: url=https://www.spidasoftware.com/projectmanager/flow/edit/95207#, type=LinkClicked, willNavigate=true, isMainFrame=true
?[32;1m[debug]?[0m [phantom] url changed to "https://www.spidasoftware.com/projectmanager/flow/edit/95207#"
?[36m[info]?[0m [phantom] Step _step 17/18 https://www.spidasoftware.com/projectmanager/flow/edit/95207# (HTTP 200)
?[36m[info]?[0m [phantom] Step _step 17/18: done in 19964ms.
?[36m[info]?[0m [phantom] waitFor() finished in 1418ms.
?[36m[info]?[0m [phantom] Step clickActionTab 18/19 https://www.spidasoftware.com/projectmanager/flow/edit/95207# (HTTP 200)
?[32;1m[debug]?[0m [phantom] Mouse event 'mousedown' on selector: form>div>div>dl>dd:nth-child(2)>a
?[32;1m[debug]?[0m [phantom] Mouse event 'mouseup' on selector: form>div>div>dl>dd:nth-child(2)>a
?[32;1m[debug]?[0m [phantom] Mouse event 'click' on selector: form>div>div>dl>dd:nth-child(2)>a
?[36m[info]?[0m [phantom] Step clickActionTab 18/19: done in 21415ms.
?[36m[info]?[0m [phantom] Step _step 19/19 https://www.spidasoftware.com/projectmanager/flow/edit/95207# (HTTP 200)
?[36m[info]?[0m [phantom] Step _step 19/19: done in 21423ms.
?[36m[info]?[0m [phantom] waitFor() finished in 1793ms.
?[36m[info]?[0m [phantom] Step chooseAnAction 20/20 https://www.spidasoftware.com/projectmanager/flow/edit/95207# (HTTP 200)
Capturing action: Assign Bechtel Engineer-From Form-Remove Others...
96037
Capturing action: Assign Bechtel FOC Contractor From Form-Remove Others...
96067
Capturing action: Assign Bechtel MRE Contractor from form-Remove Others...
96020
Capturing action: Assign Central Engineer Supervisor UG-Remove Others...
96003
Capturing action: Assign Creator-Remove Others...
96015
Capturing action: Assign Duke Construction UG-Remove Others...
95728
Capturing action: Assign Duke Finance UG-Don't Remove Others...
96083
Capturing action: Assign Duke IJUS Usergroup-Don't Remove Others...
96089
Capturing action: Assign Engineer from Assign Engineer form-Don't Remove Others...
96010
Capturing action: Assign to Duke North Engineer Supervisor UG-Remove Others...
96004
Capturing action: Email Assignees: IJUS Complete-No Conflicting Permits...
96060
Capturing action: Email Assignees: IJUS Review Complete-Conflicting Permits Found...
96093
Capturing action: Email Assignee(s): Project in Advance Route Review for 2 Weeks...
96017
Capturing action: Email Assignees: Project in Pole-by-Pole Review for 2 Weeks...
96294
Capturing action: Email Bechtel Design-From Form-Field Pole Survey Completed...
96025
Capturing action: Email Bechtel Engineer-Field Pole Survey Completed...
96024
Capturing action: Populate Pole IDs in Pole Inventory FOrm...
96297
?[36m[info]?[0m [phantom] Step chooseAnAction 20/20: done in 23725ms.
?[36m[info]?[0m [phantom] Step changeOnClickValue 21/54 https://www.spidasoftware.com/projectmanager/flow/edit/95207# (HTTP 200)
?[36m[info]?[0m [phantom] Step changeOnClickValue 21/54: done in 23728ms.
?[36m[info]?[0m [phantom] Step _step 22/54 https://www.spidasoftware.com/projectmanager/flow/edit/95207# (HTTP 200)
?[36m[info]?[0m [phantom] Step _step 22/54: done in 23748ms.
?[36m[info]?[0m [phantom] wait() finished waiting for 2000ms.
?[36m[info]?[0m [phantom] Step _step 23/55 https://www.spidasoftware.com/projectmanager/flow/edit/95207# (HTTP 200)
?[36m[info]?[0m [phantom] Step _step 23/55: done in 25772ms.
?[36m[info]?[0m [phantom] waitFor() finished in 44ms.
?[36m[info]?[0m [phantom] Step waitedForJavascript 24/56 https://www.spidasoftware.com/projectmanager/flow/edit/95207# (HTTP 200)
?[32;1m[debug]?[0m [phantom] Capturing page to /Users/zpeugh/code/min/scripts/flowdocument/pngs/Assign Bechtel Engineer-From Form-Remove Others.png
?[36m[info]?[0m [phantom] Capture saved to /Users/zpeugh/code/min/scripts/flowdocument/pngs/Assign Bechtel Engineer-From Form-Remove Others.png
Captured action: Assign Bechtel Engineer-From Form-Remove Othersvalue: 96037
?[36m[info]?[0m [phantom] Step waitedForJavascript 24/56: done in 26207ms.
?[36m[info]?[0m [phantom] Step changeOnClickValue 25/56 https://www.spidasoftware.com/projectmanager/flow/edit/95207# (HTTP 200)
?[36m[info]?[0m [phantom] Step changeOnClickValue 25/56: done in 26308ms.
?[36m[info]?[0m [phantom] Step _step 26/56 https://www.spidasoftware.com/projectmanager/flow/edit/95207# (HTTP 200)
?[36m[info]?[0m [phantom] Step _step 26/56: done in 26347ms.
?[36m[info]?[0m [phantom] wait() finished waiting for 2000ms.
?[36m[info]?[0m [phantom] Step _step 27/57 https://www.spidasoftware.com/projectmanager/flow/edit/95207# (HTTP 200)
?[36m[info]?[0m [phantom] Step _step 27/57: done in 28368ms.
?[36m[info]?[0m [phantom] waitFor() finished in 41ms.
?[36m[info]?[0m [phantom] Step waitedForJavascript 28/58 https://www.spidasoftware.com/projectmanager/flow/edit/95207# (HTTP 200)
?[32;1m[debug]?[0m [phantom] Capturing page to /Users/zpeugh/code/min/scripts/flowdocument/pngs/Assign Bechtel FOC Contractor From Form-Remove Others.png
?[36m[info]?[0m [phantom] Capture saved to /Users/zpeugh/code/min/scripts/flowdocument/pngs/Assign Bechtel FOC Contractor From Form-Remove Others.png
Captured action: Assign Bechtel FOC Contractor From Form-Remove Othersvalue: 96067
?[36m[info]?[0m [phantom] Step waitedForJavascript 28/58: done in 29133ms.
?[36m[info]?[0m [phantom] Step changeOnClickValue 29/58 https://www.spidasoftware.com/projectmanager/flow/edit/95207# (HTTP 200)
?[36m[info]?[0m [phantom] Step changeOnClickValue 29/58: done in 29135ms.
?[36m[info]?[0m [phantom] Step _step 30/58 https://www.spidasoftware.com/projectmanager/flow/edit/95207# (HTTP 200)
?[36m[info]?[0m [phantom] Step _step 30/58: done in 29238ms.
?[36m[info]?[0m [phantom] wait() finished waiting for 2000ms.
?[36m[info]?[0m [phantom] Step _step 31/59 https://www.spidasoftware.com/projectmanager/flow/edit/95207# (HTTP 200)
?[36m[info]?[0m [phantom] Step _step 31/59: done in 31259ms.
?[36m[info]?[0m [phantom] waitFor() finished in 41ms.
?[36m[info]?[0m [phantom] Step waitedForJavascript 32/60 https://www.spidasoftware.com/projectmanager/flow/edit/95207# (HTTP 200)
?[32;1m[debug]?[0m [phantom] Capturing page to /Users/zpeugh/code/min/scripts/flowdocument/pngs/Assign Bechtel MRE Contractor from form-Remove Others.png
?[36m[info]?[0m [phantom] Capture saved to /Users/zpeugh/code/min/scripts/flowdocument/pngs/Assign Bechtel MRE Contractor from form-Remove Others.png
Captured action: Assign Bechtel MRE Contractor from form-Remove Othersvalue: 96020
?[36m[info]?[0m [phantom] Step waitedForJavascript 32/60: done in 31705ms.
?[36m[info]?[0m [phantom] Step changeOnClickValue 33/60 https://www.spidasoftware.com/projectmanager/flow/edit/95207# (HTTP 200)
?[36m[info]?[0m [phantom] Step changeOnClickValue 33/60: done in 31772ms.
?[36m[info]?[0m [phantom] Step _step 34/60 https://www.spidasoftware.com/projectmanager/flow/edit/95207# (HTTP 200)
?[36m[info]?[0m [phantom] Step _step 34/60: done in 31853ms.
?[36m[info]?[0m [phantom] wait() finished waiting for 2000ms.
?[36m[info]?[0m [phantom] Step _step 35/61 https://www.spidasoftware.com/projectmanager/flow/edit/95207# (HTTP 200)
?[36m[info]?[0m [phantom] Step _step 35/61: done in 33866ms.
?[36m[info]?[0m [phantom] waitFor() finished in 41ms.
?[36m[info]?[0m [phantom] Step waitedForJavascript 36/62 https://www.spidasoftware.com/projectmanager/flow/edit/95207# (HTTP 200)
?[32;1m[debug]?[0m [phantom] Capturing page to /Users/zpeugh/code/min/scripts/flowdocument/pngs/Assign Central Engineer Supervisor UG-Remove Others.png
?[36m[info]?[0m [phantom] Capture saved to /Users/zpeugh/code/min/scripts/flowdocument/pngs/Assign Central Engineer Supervisor UG-Remove Others.png
Captured action: Assign Central Engineer Supervisor UG-Remove Othersvalue: 96003
?[36m[info]?[0m [phantom] Step waitedForJavascript 36/62: done in 34361ms.
?[36m[info]?[0m [phantom] Step changeOnClickValue 37/62 https://www.spidasoftware.com/projectmanager/flow/edit/95207# (HTTP 200)
?[36m[info]?[0m [phantom] Step changeOnClickValue 37/62: done in 34363ms.
?[36m[info]?[0m [phantom] Step _step 38/62 https://www.spidasoftware.com/projectmanager/flow/edit/95207# (HTTP 200)
?[36m[info]?[0m [phantom] Step _step 38/62: done in 34463ms.
?[36m[info]?[0m [phantom] wait() finished waiting for 2000ms.
?[36m[info]?[0m [phantom] Step _step 39/63 https://www.spidasoftware.com/projectmanager/flow/edit/95207# (HTTP 200)
?[36m[info]?[0m [phantom] Step _step 39/63: done in 36475ms.
?[36m[info]?[0m [phantom] waitFor() finished in 42ms.
?[36m[info]?[0m [phantom] Step waitedForJavascript 40/64 https://www.spidasoftware.com/projectmanager/flow/edit/95207# (HTTP 200)
?[32;1m[debug]?[0m [phantom] Capturing page to /Users/zpeugh/code/min/scripts/flowdocument/pngs/Assign Creator-Remove Others.png
?[36m[info]?[0m [phantom] Capture saved to /Users/zpeugh/code/min/scripts/flowdocument/pngs/Assign Creator-Remove Others.png
Captured action: Assign Creator-Remove Othersvalue: 96015
?[36m[info]?[0m [phantom] Step waitedForJavascript 40/64: done in 36873ms.
?[36m[info]?[0m [phantom] Step changeOnClickValue 41/64 https://www.spidasoftware.com/projectmanager/flow/edit/95207# (HTTP 200)
?[36m[info]?[0m [phantom] Step changeOnClickValue 41/64: done in 36875ms.
?[36m[info]?[0m [phantom] Step _step 42/64 https://www.spidasoftware.com/projectmanager/flow/edit/95207# (HTTP 200)
?[36m[info]?[0m [phantom] Step _step 42/64: done in 36975ms.
?[36m[info]?[0m [phantom] wait() finished waiting for 2000ms.
?[36m[info]?[0m [phantom] Step _step 43/65 https://www.spidasoftware.com/projectmanager/flow/edit/95207# (HTTP 200)
?[36m[info]?[0m [phantom] Step _step 43/65: done in 38978ms.
?[36m[info]?[0m [phantom] waitFor() finished in 44ms.
?[36m[info]?[0m [phantom] Step waitedForJavascript 44/66 https://www.spidasoftware.com/projectmanager/flow/edit/95207# (HTTP 200)
?[32;1m[debug]?[0m [phantom] Capturing page to /Users/zpeugh/code/min/scripts/flowdocument/pngs/Assign Duke Construction UG-Remove Others.png
?[36m[info]?[0m [phantom] Capture saved to /Users/zpeugh/code/min/scripts/flowdocument/pngs/Assign Duke Construction UG-Remove Others.png
Captured action: Assign Duke Construction UG-Remove Othersvalue: 95728
?[36m[info]?[0m [phantom] Step waitedForJavascript 44/66: done in 39383ms.
?[36m[info]?[0m [phantom] Step changeOnClickValue 45/66 https://www.spidasoftware.com/projectmanager/flow/edit/95207# (HTTP 200)
?[36m[info]?[0m [phantom] Step changeOnClickValue 45/66: done in 39386ms.
?[36m[info]?[0m [phantom] Step _step 46/66 https://www.spidasoftware.com/projectmanager/flow/edit/95207# (HTTP 200)
?[36m[info]?[0m [phantom] Step _step 46/66: done in 39486ms.
?[36m[info]?[0m [phantom] wait() finished waiting for 2000ms.
?[36m[info]?[0m [phantom] Step _step 47/67 https://www.spidasoftware.com/projectmanager/flow/edit/95207# (HTTP 200)
?[36m[info]?[0m [phantom] Step _step 47/67: done in 41500ms.
?[36m[info]?[0m [phantom] waitFor() finished in 45ms.
?[36m[info]?[0m [phantom] Step waitedForJavascript 48/68 https://www.spidasoftware.com/projectmanager/flow/edit/95207# (HTTP 200)
?[32;1m[debug]?[0m [phantom] Capturing page to /Users/zpeugh/code/min/scripts/flowdocument/pngs/Assign Duke Finance UG-Don't Remove Others.png
?[36m[info]?[0m [phantom] Capture saved to /Users/zpeugh/code/min/scripts/flowdocument/pngs/Assign Duke Finance UG-Don't Remove Others.png
Captured action: Assign Duke Finance UG-Don't Remove Othersvalue: 96083
?[36m[info]?[0m [phantom] Step waitedForJavascript 48/68: done in 41902ms.
?[36m[info]?[0m [phantom] Step changeOnClickValue 49/68 https://www.spidasoftware.com/projectmanager/flow/edit/95207# (HTTP 200)
?[36m[info]?[0m [phantom] Step changeOnClickValue 49/68: done in 41904ms.
?[36m[info]?[0m [phantom] Step _step 50/68 https://www.spidasoftware.com/projectmanager/flow/edit/95207# (HTTP 200)
?[36m[info]?[0m [phantom] Step _step 50/68: done in 42005ms.
?[36m[info]?[0m [phantom] wait() finished waiting for 2000ms.
?[36m[info]?[0m [phantom] Step _step 51/69 https://www.spidasoftware.com/projectmanager/flow/edit/95207# (HTTP 200)
?[36m[info]?[0m [phantom] Step _step 51/69: done in 44032ms.
?[36m[info]?[0m [phantom] waitFor() finished in 43ms.
?[36m[info]?[0m [phantom] Step waitedForJavascript 52/70 https://www.spidasoftware.com/projectmanager/flow/edit/95207# (HTTP 200)
?[32;1m[debug]?[0m [phantom] Capturing page to /Users/zpeugh/code/min/scripts/flowdocument/pngs/Assign Duke IJUS Usergroup-Don't Remove Others.png
?[36m[info]?[0m [phantom] Capture saved to /Users/zpeugh/code/min/scripts/flowdocument/pngs/Assign Duke IJUS Usergroup-Don't Remove Others.png
Captured action: Assign Duke IJUS Usergroup-Don't Remove Othersvalue: 96089
?[36m[info]?[0m [phantom] Step waitedForJavascript 52/70: done in 44431ms.
?[36m[info]?[0m [phantom] Step changeOnClickValue 53/70 https://www.spidasoftware.com/projectmanager/flow/edit/95207# (HTTP 200)
?[36m[info]?[0m [phantom] Step changeOnClickValue 53/70: done in 44433ms.
?[36m[info]?[0m [phantom] Step _step 54/70 https://www.spidasoftware.com/projectmanager/flow/edit/95207# (HTTP 200)
?[36m[info]?[0m [phantom] Step _step 54/70: done in 44537ms.
?[36m[info]?[0m [phantom] wait() finished waiting for 2000ms.
?[36m[info]?[0m [phantom] Step _step 55/71 https://www.spidasoftware.com/projectmanager/flow/edit/95207# (HTTP 200)
?[36m[info]?[0m [phantom] Step _step 55/71: done in 46544ms.
?[36m[info]?[0m [phantom] waitFor() finished in 44ms.
?[36m[info]?[0m [phantom] Step waitedForJavascript 56/72 https://www.spidasoftware.com/projectmanager/flow/edit/95207# (HTTP 200)
?[32;1m[debug]?[0m [phantom] Capturing page to /Users/zpeugh/code/min/scripts/flowdocument/pngs/Assign Engineer from Assign Engineer form-Don't Remove Others.png
?[36m[info]?[0m [phantom] Capture saved to /Users/zpeugh/code/min/scripts/flowdocument/pngs/Assign Engineer from Assign Engineer form-Don't Remove Others.png
Captured action: Assign Engineer from Assign Engineer form-Don't Remove Othersvalue: 96010
?[36m[info]?[0m [phantom] Step waitedForJavascript 56/72: done in 46944ms.
?[36m[info]?[0m [phantom] Step changeOnClickValue 57/72 https://www.spidasoftware.com/projectmanager/flow/edit/95207# (HTTP 200)
?[36m[info]?[0m [phantom] Step changeOnClickValue 57/72: done in 46946ms.
?[36m[info]?[0m [phantom] Step _step 58/72 https://www.spidasoftware.com/projectmanager/flow/edit/95207# (HTTP 200)
?[36m[info]?[0m [phantom] Step _step 58/72: done in 47046ms.
?[36m[info]?[0m [phantom] wait() finished waiting for 2000ms.
?[36m[info]?[0m [phantom] Step _step 59/73 https://www.spidasoftware.com/projectmanager/flow/edit/95207# (HTTP 200)
?[36m[info]?[0m [phantom] Step _step 59/73: done in 49051ms.
?[36m[info]?[0m [phantom] waitFor() finished in 42ms.
?[36m[info]?[0m [phantom] Step waitedForJavascript 60/74 https://www.spidasoftware.com/projectmanager/flow/edit/95207# (HTTP 200)
?[32;1m[debug]?[0m [phantom] Capturing page to /Users/zpeugh/code/min/scripts/flowdocument/pngs/Assign to Duke North Engineer Supervisor UG-Remove Others.png
?[36m[info]?[0m [phantom] Capture saved to /Users/zpeugh/code/min/scripts/flowdocument/pngs/Assign to Duke North Engineer Supervisor UG-Remove Others.png
Captured action: Assign to Duke North Engineer Supervisor UG-Remove Othersvalue: 96004
?[36m[info]?[0m [phantom] Step waitedForJavascript 60/74: done in 49456ms.
?[36m[info]?[0m [phantom] Step changeOnClickValue 61/74 https://www.spidasoftware.com/projectmanager/flow/edit/95207# (HTTP 200)
?[36m[info]?[0m [phantom] Step changeOnClickValue 61/74: done in 49458ms.
?[36m[info]?[0m [phantom] Step _step 62/74 https://www.spidasoftware.com/projectmanager/flow/edit/95207# (HTTP 200)
?[36m[info]?[0m [phantom] Step _step 62/74: done in 49560ms.
?[36m[info]?[0m [phantom] wait() finished waiting for 2000ms.
?[36m[info]?[0m [phantom] Step _step 63/75 https://www.spidasoftware.com/projectmanager/flow/edit/95207# (HTTP 200)
?[36m[info]?[0m [phantom] Step _step 63/75: done in 51569ms.
?[36m[info]?[0m [phantom] waitFor() finished in 44ms.
?[36m[info]?[0m [phantom] Step waitedForJavascript 64/76 https://www.spidasoftware.com/projectmanager/flow/edit/95207# (HTTP 200)
?[32;1m[debug]?[0m [phantom] Capturing page to /Users/zpeugh/code/min/scripts/flowdocument/pngs/Email Assignees: IJUS Complete-No Conflicting Permits.png
?[36m[info]?[0m [phantom] Capture saved to /Users/zpeugh/code/min/scripts/flowdocument/pngs/Email Assignees: IJUS Complete-No Conflicting Permits.png
Captured action: Email Assignees: IJUS Complete-No Conflicting Permitsvalue: 96060
?[36m[info]?[0m [phantom] Step waitedForJavascript 64/76: done in 52041ms.
?[36m[info]?[0m [phantom] Step changeOnClickValue 65/76 https://www.spidasoftware.com/projectmanager/flow/edit/95207# (HTTP 200)
?[36m[info]?[0m [phantom] Step changeOnClickValue 65/76: done in 52043ms.
?[36m[info]?[0m [phantom] Step _step 66/76 https://www.spidasoftware.com/projectmanager/flow/edit/95207# (HTTP 200)
?[36m[info]?[0m [phantom] Step _step 66/76: done in 52144ms.
?[36m[info]?[0m [phantom] wait() finished waiting for 2000ms.
?[36m[info]?[0m [phantom] Step _step 67/77 https://www.spidasoftware.com/projectmanager/flow/edit/95207# (HTTP 200)
?[36m[info]?[0m [phantom] Step _step 67/77: done in 54163ms.
?[36m[info]?[0m [phantom] waitFor() finished in 44ms.
?[36m[info]?[0m [phantom] Step waitedForJavascript 68/78 https://www.spidasoftware.com/projectmanager/flow/edit/95207# (HTTP 200)
?[32;1m[debug]?[0m [phantom] Capturing page to /Users/zpeugh/code/min/scripts/flowdocument/pngs/Email Assignees: IJUS Review Complete-Conflicting Permits Found.png
?[36m[info]?[0m [phantom] Capture saved to /Users/zpeugh/code/min/scripts/flowdocument/pngs/Email Assignees: IJUS Review Complete-Conflicting Permits Found.png
Captured action: Email Assignees: IJUS Review Complete-Conflicting Permits Foundvalue: 96093
?[36m[info]?[0m [phantom] Step waitedForJavascript 68/78: done in 54573ms.
?[36m[info]?[0m [phantom] Step changeOnClickValue 69/78 https://www.spidasoftware.com/projectmanager/flow/edit/95207# (HTTP 200)
?[36m[info]?[0m [phantom] Step changeOnClickValue 69/78: done in 54575ms.
?[36m[info]?[0m [phantom] Step _step 70/78 https://www.spidasoftware.com/projectmanager/flow/edit/95207# (HTTP 200)
?[36m[info]?[0m [phantom] Step _step 70/78: done in 54686ms.
?[36m[info]?[0m [phantom] wait() finished waiting for 2000ms.
?[36m[info]?[0m [phantom] Step _step 71/79 https://www.spidasoftware.com/projectmanager/flow/edit/95207# (HTTP 200)
?[36m[info]?[0m [phantom] Step _step 71/79: done in 56697ms.
?[36m[info]?[0m [phantom] waitFor() finished in 40ms.
?[36m[info]?[0m [phantom] Step waitedForJavascript 72/80 https://www.spidasoftware.com/projectmanager/flow/edit/95207# (HTTP 200)
?[32;1m[debug]?[0m [phantom] Capturing page to /Users/zpeugh/code/min/scripts/flowdocument/pngs/Email Assignee(s): Project in Advance Route Review for 2 Weeks.png
?[36m[info]?[0m [phantom] Capture saved to /Users/zpeugh/code/min/scripts/flowdocument/pngs/Email Assignee(s): Project in Advance Route Review for 2 Weeks.png
Captured action: Email Assignee(s): Project in Advance Route Review for 2 Weeksvalue: 96017
?[36m[info]?[0m [phantom] Step waitedForJavascript 72/80: done in 57101ms.
?[36m[info]?[0m [phantom] Step changeOnClickValue 73/80 https://www.spidasoftware.com/projectmanager/flow/edit/95207# (HTTP 200)
?[36m[info]?[0m [phantom] Step changeOnClickValue 73/80: done in 57166ms.
?[36m[info]?[0m [phantom] Step _step 74/80 https://www.spidasoftware.com/projectmanager/flow/edit/95207# (HTTP 200)
?[36m[info]?[0m [phantom] Step _step 74/80: done in 57242ms.
?[36m[info]?[0m [phantom] wait() finished waiting for 2000ms.
?[36m[info]?[0m [phantom] Step _step 75/81 https://www.spidasoftware.com/projectmanager/flow/edit/95207# (HTTP 200)
?[36m[info]?[0m [phantom] Step _step 75/81: done in 59245ms.
?[36m[info]?[0m [phantom] waitFor() finished in 43ms.
?[36m[info]?[0m [phantom] Step waitedForJavascript 76/82 https://www.spidasoftware.com/projectmanager/flow/edit/95207# (HTTP 200)
?[32;1m[debug]?[0m [phantom] Capturing page to /Users/zpeugh/code/min/scripts/flowdocument/pngs/Email Assignees: Project in Pole-by-Pole Review for 2 Weeks.png
?[36m[info]?[0m [phantom] Capture saved to /Users/zpeugh/code/min/scripts/flowdocument/pngs/Email Assignees: Project in Pole-by-Pole Review for 2 Weeks.png
Captured action: Email Assignees: Project in Pole-by-Pole Review for 2 Weeksvalue: 96294
?[36m[info]?[0m [phantom] Step waitedForJavascript 76/82: done in 59654ms.
?[36m[info]?[0m [phantom] Step changeOnClickValue 77/82 https://www.spidasoftware.com/projectmanager/flow/edit/95207# (HTTP 200)
?[36m[info]?[0m [phantom] Step changeOnClickValue 77/82: done in 59656ms.
?[36m[info]?[0m [phantom] Step _step 78/82 https://www.spidasoftware.com/projectmanager/flow/edit/95207# (HTTP 200)
?[36m[info]?[0m [phantom] Step _step 78/82: done in 59756ms.
?[36m[info]?[0m [phantom] wait() finished waiting for 2000ms.
?[36m[info]?[0m [phantom] Step _step 79/83 https://www.spidasoftware.com/projectmanager/flow/edit/95207# (HTTP 200)
?[36m[info]?[0m [phantom] Step _step 79/83: done in 61764ms.
?[36m[info]?[0m [phantom] waitFor() finished in 43ms.
?[36m[info]?[0m [phantom] Step waitedForJavascript 80/84 https://www.spidasoftware.com/projectmanager/flow/edit/95207# (HTTP 200)
?[32;1m[debug]?[0m [phantom] Capturing page to /Users/zpeugh/code/min/scripts/flowdocument/pngs/Email Bechtel Design-From Form-Field Pole Survey Completed.png
?[36m[info]?[0m [phantom] Capture saved to /Users/zpeugh/code/min/scripts/flowdocument/pngs/Email Bechtel Design-From Form-Field Pole Survey Completed.png
Captured action: Email Bechtel Design-From Form-Field Pole Survey Completedvalue: 96025
?[36m[info]?[0m [phantom] Step waitedForJavascript 80/84: done in 62177ms.
?[36m[info]?[0m [phantom] Step changeOnClickValue 81/84 https://www.spidasoftware.com/projectmanager/flow/edit/95207# (HTTP 200)
?[36m[info]?[0m [phantom] Step changeOnClickValue 81/84: done in 62179ms.
?[36m[info]?[0m [phantom] Step _step 82/84 https://www.spidasoftware.com/projectmanager/flow/edit/95207# (HTTP 200)
?[36m[info]?[0m [phantom] Step _step 82/84: done in 62280ms.
?[36m[info]?[0m [phantom] wait() finished waiting for 2000ms.
?[36m[info]?[0m [phantom] Step _step 83/85 https://www.spidasoftware.com/projectmanager/flow/edit/95207# (HTTP 200)
?[36m[info]?[0m [phantom] Step _step 83/85: done in 64292ms.
?[36m[info]?[0m [phantom] waitFor() finished in 42ms.
?[36m[info]?[0m [phantom] Step waitedForJavascript 84/86 https://www.spidasoftware.com/projectmanager/flow/edit/95207# (HTTP 200)
?[32;1m[debug]?[0m [phantom] Capturing page to /Users/zpeugh/code/min/scripts/flowdocument/pngs/Email Bechtel Engineer-Field Pole Survey Completed.png
?[36m[info]?[0m [phantom] Capture saved to /Users/zpeugh/code/min/scripts/flowdocument/pngs/Email Bechtel Engineer-Field Pole Survey Completed.png
Captured action: Email Bechtel Engineer-Field Pole Survey Completedvalue: 96024
?[36m[info]?[0m [phantom] Step waitedForJavascript 84/86: done in 64698ms.
?[36m[info]?[0m [phantom] Step changeOnClickValue 85/86 https://www.spidasoftware.com/projectmanager/flow/edit/95207# (HTTP 200)
?[36m[info]?[0m [phantom] Step changeOnClickValue 85/86: done in 64701ms.
?[36m[info]?[0m [phantom] Step _step 86/86 https://www.spidasoftware.com/projectmanager/flow/edit/95207# (HTTP 200)
?[36m[info]?[0m [phantom] Step _step 86/86: done in 64802ms.
?[36m[info]?[0m [phantom] wait() finished waiting for 2000ms.
?[36m[info]?[0m [phantom] Step _step 87/87 https://www.spidasoftware.com/projectmanager/flow/edit/95207# (HTTP 200)
?[36m[info]?[0m [phantom] Step _step 87/87: done in 66818ms.
?[36m[info]?[0m [phantom] waitFor() finished in 41ms.
?[36m[info]?[0m [phantom] Step waitedForJavascript 88/88 https://www.spidasoftware.com/projectmanager/flow/edit/95207# (HTTP 200)
?[32;1m[debug]?[0m [phantom] Capturing page to /Users/zpeugh/code/min/scripts/flowdocument/pngs/Populate Pole IDs in Pole Inventory FOrm.png
?[36m[info]?[0m [phantom] Capture saved to /Users/zpeugh/code/min/scripts/flowdocument/pngs/Populate Pole IDs in Pole Inventory FOrm.png
Captured action: Populate Pole IDs in Pole Inventory FOrmvalue: 96297
?[36m[info]?[0m [phantom] Step waitedForJavascript 88/88: done in 67291ms.
?[36m[info]?[0m [phantom] Done 88 steps in 67291ms
args: Assign~Central~Engineer~Supervisor~UG-Remove~Others Assign~Bechtel~FOC~Contractor~From~Form-Remove~Others Assign~Bechtel~Engineer-From~Form-Remove~Others Assign~to~Duke~North~Engineer~Supervisor~UG-Remove~Others Email~Assignees:~Project~in~Pole-by-Pole~Review~for~2~Weeks Populate~Pole~IDs~in~Pole~Inventory~FOrm Assign~Engineer~from~Assign~Engineer~form-Don't~Remove~Others Assign~Creator-Remove~Others Email~Assignee(s):~Project~in~Advance~Route~Review~for~2~Weeks Assign~Duke~Construction~UG-Remove~Others Assign~Duke~Finance~UG-Don't~Remove~Others Assign~Bechtel~MRE~Contractor~from~form-Remove~Others Assign~Duke~IJUS~Usergroup-Don't~Remove~Others Email~Bechtel~Design-From~Form-Field~Pole~Survey~Completed Email~Bechtel~Engineer-Field~Pole~Survey~Completed Email~Assignees:~IJUS~Review~Complete-Conflicting~Permits~Found Email~Assignees:~IJUS~Complete-No~Conflicting~Permits
Actions to capture: 
0: Assign Central Engineer Supervisor UG-Remove Others
1: Assign Bechtel FOC Contractor From Form-Remove Others
2: Assign Bechtel Engineer-From Form-Remove Others
3: Assign to Duke North Engineer Supervisor UG-Remove Others
4: Email Assignees: Project in Pole-by-Pole Review for 2 Weeks
5: Populate Pole IDs in Pole Inventory FOrm
6: Assign Engineer from Assign Engineer form-Don't Remove Others
7: Assign Creator-Remove Others
8: Email Assignee(s): Project in Advance Route Review for 2 Weeks
9: Assign Duke Construction UG-Remove Others
10: Assign Duke Finance UG-Don't Remove Others
11: Assign Bechtel MRE Contractor from form-Remove Others
12: Assign Duke IJUS Usergroup-Don't Remove Others
13: Email Bechtel Design-From Form-Field Pole Survey Completed
14: Email Bechtel Engineer-Field Pole Survey Completed
15: Email Assignees: IJUS Review Complete-Conflicting Permits Found
16: Email Assignees: IJUS Complete-No Conflicting Permits
?[36m[info]?[0m [phantom] Starting...
?[36m[info]?[0m [phantom] Execution timeout set to 8000ms
?[36m[info]?[0m [phantom] Running suite: 68 steps
?[32;1m[debug]?[0m [phantom] opening url: file:///Users/zpeugh/code/min/scripts/flowdocument/Resources/actionHtmls/Assign Central Engineer Supervisor UG-Remove Others.html, HTTP GET
?[32;1m[debug]?[0m [phantom] Navigation requested: url=file:///Users/zpeugh/code/min/scripts/flowdocument/Resources/actionHtmls/Assign Central Engineer Supervisor UG-Remove Others.html, type=Other, willNavigate=true, isMainFrame=true
?[32;1m[debug]?[0m [phantom] url changed to "file:///Users/zpeugh/code/min/scripts/flowdocument/Resources/actionHtmls/Assign Central Engineer Supervisor UG-Remove Others.html"
?[32;1m[debug]?[0m [phantom] Successfully injected Casper client-side utilities
?[36m[info]?[0m [phantom] Step anonymous 2/68: done in 134ms.
?[36m[info]?[0m [phantom] Step _step 3/69: done in 164ms.
?[36m[info]?[0m [phantom] waitFor() finished in 46ms.
?[32;1m[debug]?[0m [phantom] Capturing page to /Users/zpeugh/code/min/scripts/flowdocument/Resources/actionHtmls/actionPNGs/Assign Central Engineer Supervisor UG-Remove Others.png with clipRect {"top":15,"height":393,"left":62,"width":501}
?[36m[info]?[0m [phantom] Capture saved to /Users/zpeugh/code/min/scripts/flowdocument/Resources/actionHtmls/actionPNGs/Assign Central Engineer Supervisor UG-Remove Others.png
?[36m[info]?[0m [phantom] Step anonymous 4/70: done in 325ms.
?[32;1m[debug]?[0m [phantom] opening url: file:///Users/zpeugh/code/min/scripts/flowdocument/Resources/actionHtmls/Assign Bechtel FOC Contractor From Form-Remove Others.html, HTTP GET
?[32;1m[debug]?[0m [phantom] Navigation requested: url=file:///Users/zpeugh/code/min/scripts/flowdocument/Resources/actionHtmls/Assign Bechtel FOC Contractor From Form-Remove Others.html, type=Other, willNavigate=true, isMainFrame=true
?[32;1m[debug]?[0m [phantom] url changed to "file:///Users/zpeugh/code/min/scripts/flowdocument/Resources/actionHtmls/Assign Bechtel FOC Contractor From Form-Remove Others.html"
?[32;1m[debug]?[0m [phantom] Successfully injected Casper client-side utilities
?[36m[info]?[0m [phantom] Step anonymous 6/70: done in 377ms.
?[36m[info]?[0m [phantom] Step _step 7/71: done in 405ms.
?[36m[info]?[0m [phantom] waitFor() finished in 49ms.
?[32;1m[debug]?[0m [phantom] Capturing page to /Users/zpeugh/code/min/scripts/flowdocument/Resources/actionHtmls/actionPNGs/Assign Bechtel FOC Contractor From Form-Remove Others.png with clipRect {"top":15,"height":541,"left":62,"width":501}
?[36m[info]?[0m [phantom] Capture saved to /Users/zpeugh/code/min/scripts/flowdocument/Resources/actionHtmls/actionPNGs/Assign Bechtel FOC Contractor From Form-Remove Others.png
?[36m[info]?[0m [phantom] Step anonymous 8/72: done in 560ms.
?[32;1m[debug]?[0m [phantom] opening url: file:///Users/zpeugh/code/min/scripts/flowdocument/Resources/actionHtmls/Assign Bechtel Engineer-From Form-Remove Others.html, HTTP GET
?[32;1m[debug]?[0m [phantom] Navigation requested: url=file:///Users/zpeugh/code/min/scripts/flowdocument/Resources/actionHtmls/Assign Bechtel Engineer-From Form-Remove Others.html, type=Other, willNavigate=true, isMainFrame=true
?[32;1m[debug]?[0m [phantom] url changed to "file:///Users/zpeugh/code/min/scripts/flowdocument/Resources/actionHtmls/Assign Bechtel Engineer-From Form-Remove Others.html"
?[32;1m[debug]?[0m [phantom] Successfully injected Casper client-side utilities
?[36m[info]?[0m [phantom] Step anonymous 10/72: done in 619ms.
?[36m[info]?[0m [phantom] Step _step 11/73: done in 646ms.
?[36m[info]?[0m [phantom] waitFor() finished in 49ms.
?[32;1m[debug]?[0m [phantom] Capturing page to /Users/zpeugh/code/min/scripts/flowdocument/Resources/actionHtmls/actionPNGs/Assign Bechtel Engineer-From Form-Remove Others.png with clipRect {"top":15,"height":541,"left":62,"width":501}
?[36m[info]?[0m [phantom] Capture saved to /Users/zpeugh/code/min/scripts/flowdocument/Resources/actionHtmls/actionPNGs/Assign Bechtel Engineer-From Form-Remove Others.png
?[36m[info]?[0m [phantom] Step anonymous 12/74: done in 802ms.
?[32;1m[debug]?[0m [phantom] opening url: file:///Users/zpeugh/code/min/scripts/flowdocument/Resources/actionHtmls/Assign to Duke North Engineer Supervisor UG-Remove Others.html, HTTP GET
?[32;1m[debug]?[0m [phantom] Navigation requested: url=file:///Users/zpeugh/code/min/scripts/flowdocument/Resources/actionHtmls/Assign to Duke North Engineer Supervisor UG-Remove Others.html, type=Other, willNavigate=true, isMainFrame=true
?[32;1m[debug]?[0m [phantom] url changed to "file:///Users/zpeugh/code/min/scripts/flowdocument/Resources/actionHtmls/Assign to Duke North Engineer Supervisor UG-Remove Others.html"
?[32;1m[debug]?[0m [phantom] Successfully injected Casper client-side utilities
?[36m[info]?[0m [phantom] Step anonymous 14/74: done in 864ms.
?[36m[info]?[0m [phantom] Step _step 15/75: done in 886ms.
?[36m[info]?[0m [phantom] waitFor() finished in 45ms.
?[32;1m[debug]?[0m [phantom] Capturing page to /Users/zpeugh/code/min/scripts/flowdocument/Resources/actionHtmls/actionPNGs/Assign to Duke North Engineer Supervisor UG-Remove Others.png with clipRect {"top":15,"height":393,"left":62,"width":501}
?[36m[info]?[0m [phantom] Capture saved to /Users/zpeugh/code/min/scripts/flowdocument/Resources/actionHtmls/actionPNGs/Assign to Duke North Engineer Supervisor UG-Remove Others.png
?[36m[info]?[0m [phantom] Step anonymous 16/76: done in 1040ms.
?[32;1m[debug]?[0m [phantom] opening url: file:///Users/zpeugh/code/min/scripts/flowdocument/Resources/actionHtmls/Email Assignees: Project in Pole-by-Pole Review for 2 Weeks.html, HTTP GET
?[32;1m[debug]?[0m [phantom] Navigation requested: url=file:///Users/zpeugh/code/min/scripts/flowdocument/Resources/actionHtmls/Email Assignees: Project in Pole-by-Pole Review for 2 Weeks.html, type=Other, willNavigate=true, isMainFrame=true
?[32;1m[debug]?[0m [phantom] url changed to "file:///Users/zpeugh/code/min/scripts/flowdocument/Resources/actionHtmls/Email Assignees: Project in Pole-by-Pole Review for 2 Weeks.html"
?[32;1m[debug]?[0m [phantom] Successfully injected Casper client-side utilities
?[36m[info]?[0m [phantom] Step anonymous 18/76: done in 1099ms.
?[36m[info]?[0m [phantom] Step _step 19/77: done in 1127ms.
?[36m[info]?[0m [phantom] waitFor() finished in 45ms.
?[32;1m[debug]?[0m [phantom] Capturing page to /Users/zpeugh/code/min/scripts/flowdocument/Resources/actionHtmls/actionPNGs/Email Assignees: Project in Pole-by-Pole Review for 2 Weeks.png with clipRect {"top":15,"height":406,"left":62,"width":501}
?[36m[info]?[0m [phantom] Capture saved to /Users/zpeugh/code/min/scripts/flowdocument/Resources/actionHtmls/actionPNGs/Email Assignees: Project in Pole-by-Pole Review for 2 Weeks.png
?[36m[info]?[0m [phantom] Step anonymous 20/78: done in 1273ms.
?[32;1m[debug]?[0m [phantom] opening url: file:///Users/zpeugh/code/min/scripts/flowdocument/Resources/actionHtmls/Populate Pole IDs in Pole Inventory FOrm.html, HTTP GET
?[32;1m[debug]?[0m [phantom] Navigation requested: url=file:///Users/zpeugh/code/min/scripts/flowdocument/Resources/actionHtmls/Populate Pole IDs in Pole Inventory FOrm.html, type=Other, willNavigate=true, isMainFrame=true
?[32;1m[debug]?[0m [phantom] url changed to "file:///Users/zpeugh/code/min/scripts/flowdocument/Resources/actionHtmls/Populate Pole IDs in Pole Inventory FOrm.html"
?[32;1m[debug]?[0m [phantom] Successfully injected Casper client-side utilities
?[36m[info]?[0m [phantom] Step anonymous 22/78: done in 1328ms.
?[36m[info]?[0m [phantom] Step _step 23/79: done in 1354ms.
?[36m[info]?[0m [phantom] waitFor() finished in 48ms.
?[32;1m[debug]?[0m [phantom] Capturing page to /Users/zpeugh/code/min/scripts/flowdocument/Resources/actionHtmls/actionPNGs/Populate Pole IDs in Pole Inventory FOrm.png with clipRect {"top":15,"height":426,"left":62,"width":501}
?[36m[info]?[0m [phantom] Capture saved to /Users/zpeugh/code/min/scripts/flowdocument/Resources/actionHtmls/actionPNGs/Populate Pole IDs in Pole Inventory FOrm.png
?[36m[info]?[0m [phantom] Step anonymous 24/80: done in 1501ms.
?[32;1m[debug]?[0m [phantom] opening url: file:///Users/zpeugh/code/min/scripts/flowdocument/Resources/actionHtmls/Assign Engineer from Assign Engineer form-Don't Remove Others.html, HTTP GET
?[32;1m[debug]?[0m [phantom] Navigation requested: url=file:///Users/zpeugh/code/min/scripts/flowdocument/Resources/actionHtmls/Assign Engineer from Assign Engineer form-Don't Remove Others.html, type=Other, willNavigate=true, isMainFrame=true
?[32;1m[debug]?[0m [phantom] url changed to "file:///Users/zpeugh/code/min/scripts/flowdocument/Resources/actionHtmls/Assign Engineer from Assign Engineer form-Don't Remove Others.html"
?[32;1m[debug]?[0m [phantom] Successfully injected Casper client-side utilities
?[36m[info]?[0m [phantom] Step anonymous 26/80: done in 1559ms.
?[36m[info]?[0m [phantom] Step _step 27/81: done in 1585ms.
?[36m[info]?[0m [phantom] waitFor() finished in 53ms.
?[32;1m[debug]?[0m [phantom] Capturing page to /Users/zpeugh/code/min/scripts/flowdocument/Resources/actionHtmls/actionPNGs/Assign Engineer from Assign Engineer form-Don't Remove Others.png with clipRect {"top":15,"height":541,"left":62,"width":501}
?[36m[info]?[0m [phantom] Capture saved to /Users/zpeugh/code/min/scripts/flowdocument/Resources/actionHtmls/actionPNGs/Assign Engineer from Assign Engineer form-Don't Remove Others.png
?[36m[info]?[0m [phantom] Step anonymous 28/82: done in 1751ms.
?[32;1m[debug]?[0m [phantom] opening url: file:///Users/zpeugh/code/min/scripts/flowdocument/Resources/actionHtmls/Assign Creator-Remove Others.html, HTTP GET
?[32;1m[debug]?[0m [phantom] Navigation requested: url=file:///Users/zpeugh/code/min/scripts/flowdocument/Resources/actionHtmls/Assign Creator-Remove Others.html, type=Other, willNavigate=true, isMainFrame=true
?[32;1m[debug]?[0m [phantom] url changed to "file:///Users/zpeugh/code/min/scripts/flowdocument/Resources/actionHtmls/Assign Creator-Remove Others.html"
?[32;1m[debug]?[0m [phantom] Successfully injected Casper client-side utilities
?[36m[info]?[0m [phantom] Step anonymous 30/82: done in 1812ms.
?[36m[info]?[0m [phantom] Step _step 31/83: done in 1834ms.
?[36m[info]?[0m [phantom] waitFor() finished in 58ms.
?[32;1m[debug]?[0m [phantom] Capturing page to /Users/zpeugh/code/min/scripts/flowdocument/Resources/actionHtmls/actionPNGs/Assign Creator-Remove Others.png with clipRect {"top":15,"height":393,"left":62,"width":501}
?[36m[info]?[0m [phantom] Capture saved to /Users/zpeugh/code/min/scripts/flowdocument/Resources/actionHtmls/actionPNGs/Assign Creator-Remove Others.png
?[36m[info]?[0m [phantom] Step anonymous 32/84: done in 1978ms.
?[32;1m[debug]?[0m [phantom] opening url: file:///Users/zpeugh/code/min/scripts/flowdocument/Resources/actionHtmls/Email Assignee(s): Project in Advance Route Review for 2 Weeks.html, HTTP GET
?[32;1m[debug]?[0m [phantom] Navigation requested: url=file:///Users/zpeugh/code/min/scripts/flowdocument/Resources/actionHtmls/Email Assignee(s): Project in Advance Route Review for 2 Weeks.html, type=Other, willNavigate=true, isMainFrame=true
?[32;1m[debug]?[0m [phantom] url changed to "file:///Users/zpeugh/code/min/scripts/flowdocument/Resources/actionHtmls/Email Assignee(s): Project in Advance Route Review for 2 Weeks.html"
?[32;1m[debug]?[0m [phantom] Successfully injected Casper client-side utilities
?[36m[info]?[0m [phantom] Step anonymous 34/84: done in 2030ms.
?[36m[info]?[0m [phantom] Step _step 35/85: done in 2051ms.
?[36m[info]?[0m [phantom] waitFor() finished in 49ms.
?[32;1m[debug]?[0m [phantom] Capturing page to /Users/zpeugh/code/min/scripts/flowdocument/Resources/actionHtmls/actionPNGs/Email Assignee(s): Project in Advance Route Review for 2 Weeks.png with clipRect {"top":15,"height":406,"left":62,"width":501}
?[36m[info]?[0m [phantom] Capture saved to /Users/zpeugh/code/min/scripts/flowdocument/Resources/actionHtmls/actionPNGs/Email Assignee(s): Project in Advance Route Review for 2 Weeks.png
?[36m[info]?[0m [phantom] Step anonymous 36/86: done in 2189ms.
?[32;1m[debug]?[0m [phantom] opening url: file:///Users/zpeugh/code/min/scripts/flowdocument/Resources/actionHtmls/Assign Duke Construction UG-Remove Others.html, HTTP GET
?[32;1m[debug]?[0m [phantom] Navigation requested: url=file:///Users/zpeugh/code/min/scripts/flowdocument/Resources/actionHtmls/Assign Duke Construction UG-Remove Others.html, type=Other, willNavigate=true, isMainFrame=true
?[32;1m[debug]?[0m [phantom] url changed to "file:///Users/zpeugh/code/min/scripts/flowdocument/Resources/actionHtmls/Assign Duke Construction UG-Remove Others.html"
?[32;1m[debug]?[0m [phantom] Successfully injected Casper client-side utilities
?[36m[info]?[0m [phantom] Step anonymous 38/86: done in 2248ms.
?[36m[info]?[0m [phantom] Step _step 39/87: done in 2276ms.
?[36m[info]?[0m [phantom] waitFor() finished in 52ms.
?[32;1m[debug]?[0m [phantom] Capturing page to /Users/zpeugh/code/min/scripts/flowdocument/Resources/actionHtmls/actionPNGs/Assign Duke Construction UG-Remove Others.png with clipRect {"top":15,"height":393,"left":62,"width":501}
?[36m[info]?[0m [phantom] Capture saved to /Users/zpeugh/code/min/scripts/flowdocument/Resources/actionHtmls/actionPNGs/Assign Duke Construction UG-Remove Others.png
?[36m[info]?[0m [phantom] Step anonymous 40/88: done in 2423ms.
?[32;1m[debug]?[0m [phantom] opening url: file:///Users/zpeugh/code/min/scripts/flowdocument/Resources/actionHtmls/Assign Duke Finance UG-Don't Remove Others.html, HTTP GET
?[32;1m[debug]?[0m [phantom] Navigation requested: url=file:///Users/zpeugh/code/min/scripts/flowdocument/Resources/actionHtmls/Assign Duke Finance UG-Don't Remove Others.html, type=Other, willNavigate=true, isMainFrame=true
?[32;1m[debug]?[0m [phantom] url changed to "file:///Users/zpeugh/code/min/scripts/flowdocument/Resources/actionHtmls/Assign Duke Finance UG-Don't Remove Others.html"
?[32;1m[debug]?[0m [phantom] Successfully injected Casper client-side utilities
?[36m[info]?[0m [phantom] Step anonymous 42/88: done in 2484ms.
?[36m[info]?[0m [phantom] Step _step 43/89: done in 2506ms.
?[36m[info]?[0m [phantom] waitFor() finished in 48ms.
?[32;1m[debug]?[0m [phantom] Capturing page to /Users/zpeugh/code/min/scripts/flowdocument/Resources/actionHtmls/actionPNGs/Assign Duke Finance UG-Don't Remove Others.png with clipRect {"top":15,"height":393,"left":62,"width":501}
?[36m[info]?[0m [phantom] Capture saved to /Users/zpeugh/code/min/scripts/flowdocument/Resources/actionHtmls/actionPNGs/Assign Duke Finance UG-Don't Remove Others.png
?[36m[info]?[0m [phantom] Step anonymous 44/90: done in 2646ms.
?[32;1m[debug]?[0m [phantom] opening url: file:///Users/zpeugh/code/min/scripts/flowdocument/Resources/actionHtmls/Assign Bechtel MRE Contractor from form-Remove Others.html, HTTP GET
?[32;1m[debug]?[0m [phantom] Navigation requested: url=file:///Users/zpeugh/code/min/scripts/flowdocument/Resources/actionHtmls/Assign Bechtel MRE Contractor from form-Remove Others.html, type=Other, willNavigate=true, isMainFrame=true
?[32;1m[debug]?[0m [phantom] url changed to "file:///Users/zpeugh/code/min/scripts/flowdocument/Resources/actionHtmls/Assign Bechtel MRE Contractor from form-Remove Others.html"
?[32;1m[debug]?[0m [phantom] Successfully injected Casper client-side utilities
?[36m[info]?[0m [phantom] Step anonymous 46/90: done in 2699ms.
?[36m[info]?[0m [phantom] Step _step 47/91: done in 2724ms.
?[36m[info]?[0m [phantom] waitFor() finished in 43ms.
?[32;1m[debug]?[0m [phantom] Capturing page to /Users/zpeugh/code/min/scripts/flowdocument/Resources/actionHtmls/actionPNGs/Assign Bechtel MRE Contractor from form-Remove Others.png with clipRect {"top":15,"height":541,"left":62,"width":501}
?[36m[info]?[0m [phantom] Capture saved to /Users/zpeugh/code/min/scripts/flowdocument/Resources/actionHtmls/actionPNGs/Assign Bechtel MRE Contractor from form-Remove Others.png
?[36m[info]?[0m [phantom] Step anonymous 48/92: done in 2873ms.
?[32;1m[debug]?[0m [phantom] opening url: file:///Users/zpeugh/code/min/scripts/flowdocument/Resources/actionHtmls/Assign Duke IJUS Usergroup-Don't Remove Others.html, HTTP GET
?[32;1m[debug]?[0m [phantom] Navigation requested: url=file:///Users/zpeugh/code/min/scripts/flowdocument/Resources/actionHtmls/Assign Duke IJUS Usergroup-Don't Remove Others.html, type=Other, willNavigate=true, isMainFrame=true
?[32;1m[debug]?[0m [phantom] url changed to "file:///Users/zpeugh/code/min/scripts/flowdocument/Resources/actionHtmls/Assign Duke IJUS Usergroup-Don't Remove Others.html"
?[32;1m[debug]?[0m [phantom] Successfully injected Casper client-side utilities
?[36m[info]?[0m [phantom] Step anonymous 50/92: done in 2931ms.
?[36m[info]?[0m [phantom] Step _step 51/93: done in 2954ms.
?[36m[info]?[0m [phantom] waitFor() finished in 48ms.
?[32;1m[debug]?[0m [phantom] Capturing page to /Users/zpeugh/code/min/scripts/flowdocument/Resources/actionHtmls/actionPNGs/Assign Duke IJUS Usergroup-Don't Remove Others.png with clipRect {"top":15,"height":393,"left":62,"width":501}
?[36m[info]?[0m [phantom] Capture saved to /Users/zpeugh/code/min/scripts/flowdocument/Resources/actionHtmls/actionPNGs/Assign Duke IJUS Usergroup-Don't Remove Others.png
?[36m[info]?[0m [phantom] Step anonymous 52/94: done in 3091ms.
?[32;1m[debug]?[0m [phantom] opening url: file:///Users/zpeugh/code/min/scripts/flowdocument/Resources/actionHtmls/Email Bechtel Design-From Form-Field Pole Survey Completed.html, HTTP GET
?[32;1m[debug]?[0m [phantom] Navigation requested: url=file:///Users/zpeugh/code/min/scripts/flowdocument/Resources/actionHtmls/Email Bechtel Design-From Form-Field Pole Survey Completed.html, type=Other, willNavigate=true, isMainFrame=true
?[32;1m[debug]?[0m [phantom] url changed to "file:///Users/zpeugh/code/min/scripts/flowdocument/Resources/actionHtmls/Email Bechtel Design-From Form-Field Pole Survey Completed.html"
?[32;1m[debug]?[0m [phantom] Successfully injected Casper client-side utilities
?[36m[info]?[0m [phantom] Step anonymous 54/94: done in 3147ms.
?[36m[info]?[0m [phantom] Step _step 55/95: done in 3173ms.
?[36m[info]?[0m [phantom] waitFor() finished in 46ms.
?[32;1m[debug]?[0m [phantom] Capturing page to /Users/zpeugh/code/min/scripts/flowdocument/Resources/actionHtmls/actionPNGs/Email Bechtel Design-From Form-Field Pole Survey Completed.png with clipRect {"top":15,"height":467,"left":62,"width":501}
?[36m[info]?[0m [phantom] Capture saved to /Users/zpeugh/code/min/scripts/flowdocument/Resources/actionHtmls/actionPNGs/Email Bechtel Design-From Form-Field Pole Survey Completed.png
?[36m[info]?[0m [phantom] Step anonymous 56/96: done in 3314ms.
?[32;1m[debug]?[0m [phantom] opening url: file:///Users/zpeugh/code/min/scripts/flowdocument/Resources/actionHtmls/Email Bechtel Engineer-Field Pole Survey Completed.html, HTTP GET
?[32;1m[debug]?[0m [phantom] Navigation requested: url=file:///Users/zpeugh/code/min/scripts/flowdocument/Resources/actionHtmls/Email Bechtel Engineer-Field Pole Survey Completed.html, type=Other, willNavigate=true, isMainFrame=true
?[32;1m[debug]?[0m [phantom] url changed to "file:///Users/zpeugh/code/min/scripts/flowdocument/Resources/actionHtmls/Email Bechtel Engineer-Field Pole Survey Completed.html"
?[32;1m[debug]?[0m [phantom] Successfully injected Casper client-side utilities
?[36m[info]?[0m [phantom] Step anonymous 58/96: done in 3370ms.
?[36m[info]?[0m [phantom] Step _step 59/97: done in 3398ms.
?[36m[info]?[0m [phantom] waitFor() finished in 45ms.
?[32;1m[debug]?[0m [phantom] Capturing page to /Users/zpeugh/code/min/scripts/flowdocument/Resources/actionHtmls/actionPNGs/Email Bechtel Engineer-Field Pole Survey Completed.png with clipRect {"top":15,"height":467,"left":62,"width":501}
?[36m[info]?[0m [phantom] Capture saved to /Users/zpeugh/code/min/scripts/flowdocument/Resources/actionHtmls/actionPNGs/Email Bechtel Engineer-Field Pole Survey Completed.png
?[36m[info]?[0m [phantom] Step anonymous 60/98: done in 3538ms.
?[32;1m[debug]?[0m [phantom] opening url: file:///Users/zpeugh/code/min/scripts/flowdocument/Resources/actionHtmls/Email Assignees: IJUS Review Complete-Conflicting Permits Found.html, HTTP GET
?[32;1m[debug]?[0m [phantom] Navigation requested: url=file:///Users/zpeugh/code/min/scripts/flowdocument/Resources/actionHtmls/Email Assignees: IJUS Review Complete-Conflicting Permits Found.html, type=Other, willNavigate=true, isMainFrame=true
?[32;1m[debug]?[0m [phantom] url changed to "file:///Users/zpeugh/code/min/scripts/flowdocument/Resources/actionHtmls/Email Assignees: IJUS Review Complete-Conflicting Permits Found.html"
?[32;1m[debug]?[0m [phantom] Successfully injected Casper client-side utilities
?[36m[info]?[0m [phantom] Step anonymous 62/98: done in 3591ms.
?[36m[info]?[0m [phantom] Step _step 63/99: done in 3611ms.
?[36m[info]?[0m [phantom] waitFor() finished in 50ms.
?[32;1m[debug]?[0m [phantom] Capturing page to /Users/zpeugh/code/min/scripts/flowdocument/Resources/actionHtmls/actionPNGs/Email Assignees: IJUS Review Complete-Conflicting Permits Found.png with clipRect {"top":15,"height":406,"left":62,"width":501}
?[36m[info]?[0m [phantom] Capture saved to /Users/zpeugh/code/min/scripts/flowdocument/Resources/actionHtmls/actionPNGs/Email Assignees: IJUS Review Complete-Conflicting Permits Found.png
?[36m[info]?[0m [phantom] Step anonymous 64/100: done in 3767ms.
?[32;1m[debug]?[0m [phantom] opening url: file:///Users/zpeugh/code/min/scripts/flowdocument/Resources/actionHtmls/Email Assignees: IJUS Complete-No Conflicting Permits.html, HTTP GET
?[32;1m[debug]?[0m [phantom] Navigation requested: url=file:///Users/zpeugh/code/min/scripts/flowdocument/Resources/actionHtmls/Email Assignees: IJUS Complete-No Conflicting Permits.html, type=Other, willNavigate=true, isMainFrame=true
?[32;1m[debug]?[0m [phantom] url changed to "file:///Users/zpeugh/code/min/scripts/flowdocument/Resources/actionHtmls/Email Assignees: IJUS Complete-No Conflicting Permits.html"
?[32;1m[debug]?[0m [phantom] Successfully injected Casper client-side utilities
?[36m[info]?[0m [phantom] Step anonymous 66/100: done in 3832ms.
?[36m[info]?[0m [phantom] Step _step 67/101: done in 3856ms.
?[36m[info]?[0m [phantom] waitFor() finished in 48ms.
?[32;1m[debug]?[0m [phantom] Capturing page to /Users/zpeugh/code/min/scripts/flowdocument/Resources/actionHtmls/actionPNGs/Email Assignees: IJUS Complete-No Conflicting Permits.png with clipRect {"top":15,"height":406,"left":62,"width":501}
?[36m[info]?[0m [phantom] Capture saved to /Users/zpeugh/code/min/scripts/flowdocument/Resources/actionHtmls/actionPNGs/Email Assignees: IJUS Complete-No Conflicting Permits.png
?[36m[info]?[0m [phantom] Step anonymous 68/102: done in 4016ms.
?[32;1m[debug]?[0m [phantom] opening url: file:///Users/zpeugh/code/min/scripts/flowdocument/Resources/actionHtmls/Assign Central Engineer Supervisor UG-Remove Others.html, HTTP GET
?[32;1m[debug]?[0m [phantom] Navigation requested: url=file:///Users/zpeugh/code/min/scripts/flowdocument/Resources/actionHtmls/Assign Central Engineer Supervisor UG-Remove Others.html, type=Other, willNavigate=true, isMainFrame=true
?[32;1m[debug]?[0m [phantom] url changed to "file:///Users/zpeugh/code/min/scripts/flowdocument/Resources/actionHtmls/Assign Central Engineer Supervisor UG-Remove Others.html"
?[32;1m[debug]?[0m [phantom] Successfully injected Casper client-side utilities
?[36m[info]?[0m [phantom] Step anonymous 70/102: done in 4079ms.
?[32;1m[debug]?[0m [phantom] opening url: file:///Users/zpeugh/code/min/scripts/flowdocument/Resources/actionHtmls/Assign Central Engineer Supervisor UG-Remove Others.html, HTTP GET
?[32;1m[debug]?[0m [phantom] Navigation requested: url=file:///Users/zpeugh/code/min/scripts/flowdocument/Resources/actionHtmls/Assign Central Engineer Supervisor UG-Remove Others.html, type=Other, willNavigate=true, isMainFrame=true
?[32;1m[debug]?[0m [phantom] url changed to "file:///Users/zpeugh/code/min/scripts/flowdocument/Resources/actionHtmls/Assign Central Engineer Supervisor UG-Remove Others.html"
?[32;1m[debug]?[0m [phantom] Successfully injected Casper client-side utilities
?[36m[info]?[0m [phantom] Step anonymous 72/104: done in 4165ms.
?[32;1m[debug]?[0m [phantom] opening url: file:///Users/zpeugh/code/min/scripts/flowdocument/Resources/actionHtmls/Assign Bechtel FOC Contractor From Form-Remove Others.html, HTTP GET
?[32;1m[debug]?[0m [phantom] Navigation requested: url=file:///Users/zpeugh/code/min/scripts/flowdocument/Resources/actionHtmls/Assign Bechtel FOC Contractor From Form-Remove Others.html, type=Other, willNavigate=true, isMainFrame=true
?[32;1m[debug]?[0m [phantom] url changed to "file:///Users/zpeugh/code/min/scripts/flowdocument/Resources/actionHtmls/Assign Bechtel FOC Contractor From Form-Remove Others.html"
?[32;1m[debug]?[0m [phantom] Successfully injected Casper client-side utilities
?[36m[info]?[0m [phantom] Step anonymous 74/104: done in 4246ms.
?[32;1m[debug]?[0m [phantom] opening url: file:///Users/zpeugh/code/min/scripts/flowdocument/Resources/actionHtmls/Assign Bechtel FOC Contractor From Form-Remove Others.html, HTTP GET
?[32;1m[debug]?[0m [phantom] Navigation requested: url=file:///Users/zpeugh/code/min/scripts/flowdocument/Resources/actionHtmls/Assign Bechtel FOC Contractor From Form-Remove Others.html, type=Other, willNavigate=true, isMainFrame=true
?[32;1m[debug]?[0m [phantom] url changed to "file:///Users/zpeugh/code/min/scripts/flowdocument/Resources/actionHtmls/Assign Bechtel FOC Contractor From Form-Remove Others.html"
?[32;1m[debug]?[0m [phantom] Successfully injected Casper client-side utilities
?[36m[info]?[0m [phantom] Step anonymous 76/106: done in 4321ms.
?[32;1m[debug]?[0m [phantom] opening url: file:///Users/zpeugh/code/min/scripts/flowdocument/Resources/actionHtmls/Assign Bechtel Engineer-From Form-Remove Others.html, HTTP GET
?[32;1m[debug]?[0m [phantom] Navigation requested: url=file:///Users/zpeugh/code/min/scripts/flowdocument/Resources/actionHtmls/Assign Bechtel Engineer-From Form-Remove Others.html, type=Other, willNavigate=true, isMainFrame=true
?[32;1m[debug]?[0m [phantom] url changed to "file:///Users/zpeugh/code/min/scripts/flowdocument/Resources/actionHtmls/Assign Bechtel Engineer-From Form-Remove Others.html"
?[32;1m[debug]?[0m [phantom] Successfully injected Casper client-side utilities
?[36m[info]?[0m [phantom] Step anonymous 78/106: done in 4396ms.
?[32;1m[debug]?[0m [phantom] opening url: file:///Users/zpeugh/code/min/scripts/flowdocument/Resources/actionHtmls/Assign Bechtel Engineer-From Form-Remove Others.html, HTTP GET
?[32;1m[debug]?[0m [phantom] Navigation requested: url=file:///Users/zpeugh/code/min/scripts/flowdocument/Resources/actionHtmls/Assign Bechtel Engineer-From Form-Remove Others.html, type=Other, willNavigate=true, isMainFrame=true
?[32;1m[debug]?[0m [phantom] url changed to "file:///Users/zpeugh/code/min/scripts/flowdocument/Resources/actionHtmls/Assign Bechtel Engineer-From Form-Remove Others.html"
?[32;1m[debug]?[0m [phantom] Successfully injected Casper client-side utilities
?[36m[info]?[0m [phantom] Step anonymous 80/108: done in 4474ms.
?[32;1m[debug]?[0m [phantom] opening url: file:///Users/zpeugh/code/min/scripts/flowdocument/Resources/actionHtmls/Assign to Duke North Engineer Supervisor UG-Remove Others.html, HTTP GET
?[32;1m[debug]?[0m [phantom] Navigation requested: url=file:///Users/zpeugh/code/min/scripts/flowdocument/Resources/actionHtmls/Assign to Duke North Engineer Supervisor UG-Remove Others.html, type=Other, willNavigate=true, isMainFrame=true
?[32;1m[debug]?[0m [phantom] url changed to "file:///Users/zpeugh/code/min/scripts/flowdocument/Resources/actionHtmls/Assign to Duke North Engineer Supervisor UG-Remove Others.html"
?[32;1m[debug]?[0m [phantom] Successfully injected Casper client-side utilities
?[36m[info]?[0m [phantom] Step anonymous 82/108: done in 4547ms.
?[32;1m[debug]?[0m [phantom] opening url: file:///Users/zpeugh/code/min/scripts/flowdocument/Resources/actionHtmls/Assign to Duke North Engineer Supervisor UG-Remove Others.html, HTTP GET
?[32;1m[debug]?[0m [phantom] Navigation requested: url=file:///Users/zpeugh/code/min/scripts/flowdocument/Resources/actionHtmls/Assign to Duke North Engineer Supervisor UG-Remove Others.html, type=Other, willNavigate=true, isMainFrame=true
?[32;1m[debug]?[0m [phantom] url changed to "file:///Users/zpeugh/code/min/scripts/flowdocument/Resources/actionHtmls/Assign to Duke North Engineer Supervisor UG-Remove Others.html"
?[32;1m[debug]?[0m [phantom] Successfully injected Casper client-side utilities
?[36m[info]?[0m [phantom] Step anonymous 84/110: done in 4632ms.
?[32;1m[debug]?[0m [phantom] opening url: file:///Users/zpeugh/code/min/scripts/flowdocument/Resources/actionHtmls/Email Assignees: Project in Pole-by-Pole Review for 2 Weeks.html, HTTP GET
?[32;1m[debug]?[0m [phantom] Navigation requested: url=file:///Users/zpeugh/code/min/scripts/flowdocument/Resources/actionHtmls/Email Assignees: Project in Pole-by-Pole Review for 2 Weeks.html, type=Other, willNavigate=true, isMainFrame=true
?[32;1m[debug]?[0m [phantom] url changed to "file:///Users/zpeugh/code/min/scripts/flowdocument/Resources/actionHtmls/Email Assignees: Project in Pole-by-Pole Review for 2 Weeks.html"
?[32;1m[debug]?[0m [phantom] Successfully injected Casper client-side utilities
?[36m[info]?[0m [phantom] Step anonymous 86/110: done in 4709ms.
?[32;1m[debug]?[0m [phantom] opening url: file:///Users/zpeugh/code/min/scripts/flowdocument/Resources/actionHtmls/Email Assignees: Project in Pole-by-Pole Review for 2 Weeks.html, HTTP GET
?[32;1m[debug]?[0m [phantom] Navigation requested: url=file:///Users/zpeugh/code/min/scripts/flowdocument/Resources/actionHtmls/Email Assignees: Project in Pole-by-Pole Review for 2 Weeks.html, type=Other, willNavigate=true, isMainFrame=true
?[32;1m[debug]?[0m [phantom] url changed to "file:///Users/zpeugh/code/min/scripts/flowdocument/Resources/actionHtmls/Email Assignees: Project in Pole-by-Pole Review for 2 Weeks.html"
?[32;1m[debug]?[0m [phantom] Successfully injected Casper client-side utilities
?[36m[info]?[0m [phantom] Step anonymous 88/112: done in 4786ms.
?[32;1m[debug]?[0m [phantom] opening url: file:///Users/zpeugh/code/min/scripts/flowdocument/Resources/actionHtmls/Populate Pole IDs in Pole Inventory FOrm.html, HTTP GET
?[32;1m[debug]?[0m [phantom] Navigation requested: url=file:///Users/zpeugh/code/min/scripts/flowdocument/Resources/actionHtmls/Populate Pole IDs in Pole Inventory FOrm.html, type=Other, willNavigate=true, isMainFrame=true
?[32;1m[debug]?[0m [phantom] url changed to "file:///Users/zpeugh/code/min/scripts/flowdocument/Resources/actionHtmls/Populate Pole IDs in Pole Inventory FOrm.html"
?[32;1m[debug]?[0m [phantom] Successfully injected Casper client-side utilities
?[36m[info]?[0m [phantom] Step anonymous 90/112: done in 4870ms.
?[32;1m[debug]?[0m [phantom] opening url: file:///Users/zpeugh/code/min/scripts/flowdocument/Resources/actionHtmls/Populate Pole IDs in Pole Inventory FOrm.html, HTTP GET
?[32;1m[debug]?[0m [phantom] Navigation requested: url=file:///Users/zpeugh/code/min/scripts/flowdocument/Resources/actionHtmls/Populate Pole IDs in Pole Inventory FOrm.html, type=Other, willNavigate=true, isMainFrame=true
?[32;1m[debug]?[0m [phantom] url changed to "file:///Users/zpeugh/code/min/scripts/flowdocument/Resources/actionHtmls/Populate Pole IDs in Pole Inventory FOrm.html"
?[32;1m[debug]?[0m [phantom] Successfully injected Casper client-side utilities
?[36m[info]?[0m [phantom] Step anonymous 92/114: done in 4951ms.
?[32;1m[debug]?[0m [phantom] opening url: file:///Users/zpeugh/code/min/scripts/flowdocument/Resources/actionHtmls/Assign Engineer from Assign Engineer form-Don't Remove Others.html, HTTP GET
?[32;1m[debug]?[0m [phantom] Navigation requested: url=file:///Users/zpeugh/code/min/scripts/flowdocument/Resources/actionHtmls/Assign Engineer from Assign Engineer form-Don't Remove Others.html, type=Other, willNavigate=true, isMainFrame=true
?[32;1m[debug]?[0m [phantom] url changed to "file:///Users/zpeugh/code/min/scripts/flowdocument/Resources/actionHtmls/Assign Engineer from Assign Engineer form-Don't Remove Others.html"
?[32;1m[debug]?[0m [phantom] Successfully injected Casper client-side utilities
?[36m[info]?[0m [phantom] Step anonymous 94/114: done in 5028ms.
?[32;1m[debug]?[0m [phantom] opening url: file:///Users/zpeugh/code/min/scripts/flowdocument/Resources/actionHtmls/Assign Engineer from Assign Engineer form-Don't Remove Others.html, HTTP GET
?[32;1m[debug]?[0m [phantom] Navigation requested: url=file:///Users/zpeugh/code/min/scripts/flowdocument/Resources/actionHtmls/Assign Engineer from Assign Engineer form-Don't Remove Others.html, type=Other, willNavigate=true, isMainFrame=true
?[32;1m[debug]?[0m [phantom] url changed to "file:///Users/zpeugh/code/min/scripts/flowdocument/Resources/actionHtmls/Assign Engineer from Assign Engineer form-Don't Remove Others.html"
?[32;1m[debug]?[0m [phantom] Successfully injected Casper client-side utilities
?[36m[info]?[0m [phantom] Step anonymous 96/116: done in 5112ms.
?[32;1m[debug]?[0m [phantom] opening url: file:///Users/zpeugh/code/min/scripts/flowdocument/Resources/actionHtmls/Assign Creator-Remove Others.html, HTTP GET
?[32;1m[debug]?[0m [phantom] Navigation requested: url=file:///Users/zpeugh/code/min/scripts/flowdocument/Resources/actionHtmls/Assign Creator-Remove Others.html, type=Other, willNavigate=true, isMainFrame=true
?[32;1m[debug]?[0m [phantom] url changed to "file:///Users/zpeugh/code/min/scripts/flowdocument/Resources/actionHtmls/Assign Creator-Remove Others.html"
?[32;1m[debug]?[0m [phantom] Successfully injected Casper client-side utilities
?[36m[info]?[0m [phantom] Step anonymous 98/116: done in 5188ms.
?[32;1m[debug]?[0m [phantom] opening url: file:///Users/zpeugh/code/min/scripts/flowdocument/Resources/actionHtmls/Assign Creator-Remove Others.html, HTTP GET
?[32;1m[debug]?[0m [phantom] Navigation requested: url=file:///Users/zpeugh/code/min/scripts/flowdocument/Resources/actionHtmls/Assign Creator-Remove Others.html, type=Other, willNavigate=true, isMainFrame=true
?[32;1m[debug]?[0m [phantom] url changed to "file:///Users/zpeugh/code/min/scripts/flowdocument/Resources/actionHtmls/Assign Creator-Remove Others.html"
?[32;1m[debug]?[0m [phantom] Successfully injected Casper client-side utilities
?[36m[info]?[0m [phantom] Step anonymous 100/118: done in 5268ms.
?[32;1m[debug]?[0m [phantom] opening url: file:///Users/zpeugh/code/min/scripts/flowdocument/Resources/actionHtmls/Email Assignee(s): Project in Advance Route Review for 2 Weeks.html, HTTP GET
?[32;1m[debug]?[0m [phantom] Navigation requested: url=file:///Users/zpeugh/code/min/scripts/flowdocument/Resources/actionHtmls/Email Assignee(s): Project in Advance Route Review for 2 Weeks.html, type=Other, willNavigate=true, isMainFrame=true
?[32;1m[debug]?[0m [phantom] url changed to "file:///Users/zpeugh/code/min/scripts/flowdocument/Resources/actionHtmls/Email Assignee(s): Project in Advance Route Review for 2 Weeks.html"
?[32;1m[debug]?[0m [phantom] Successfully injected Casper client-side utilities
?[36m[info]?[0m [phantom] Step anonymous 102/118: done in 5344ms.
?[32;1m[debug]?[0m [phantom] opening url: file:///Users/zpeugh/code/min/scripts/flowdocument/Resources/actionHtmls/Email Assignee(s): Project in Advance Route Review for 2 Weeks.html, HTTP GET
?[32;1m[debug]?[0m [phantom] Navigation requested: url=file:///Users/zpeugh/code/min/scripts/flowdocument/Resources/actionHtmls/Email Assignee(s): Project in Advance Route Review for 2 Weeks.html, type=Other, willNavigate=true, isMainFrame=true
?[32;1m[debug]?[0m [phantom] url changed to "file:///Users/zpeugh/code/min/scripts/flowdocument/Resources/actionHtmls/Email Assignee(s): Project in Advance Route Review for 2 Weeks.html"
?[32;1m[debug]?[0m [phantom] Successfully injected Casper client-side utilities
?[36m[info]?[0m [phantom] Step anonymous 104/120: done in 5429ms.
?[32;1m[debug]?[0m [phantom] opening url: file:///Users/zpeugh/code/min/scripts/flowdocument/Resources/actionHtmls/Assign Duke Construction UG-Remove Others.html, HTTP GET
?[32;1m[debug]?[0m [phantom] Navigation requested: url=file:///Users/zpeugh/code/min/scripts/flowdocument/Resources/actionHtmls/Assign Duke Construction UG-Remove Others.html, type=Other, willNavigate=true, isMainFrame=true
?[32;1m[debug]?[0m [phantom] url changed to "file:///Users/zpeugh/code/min/scripts/flowdocument/Resources/actionHtmls/Assign Duke Construction UG-Remove Others.html"
?[32;1m[debug]?[0m [phantom] Successfully injected Casper client-side utilities
?[36m[info]?[0m [phantom] Step anonymous 106/120: done in 5511ms.
?[32;1m[debug]?[0m [phantom] opening url: file:///Users/zpeugh/code/min/scripts/flowdocument/Resources/actionHtmls/Assign Duke Construction UG-Remove Others.html, HTTP GET
?[32;1m[debug]?[0m [phantom] Navigation requested: url=file:///Users/zpeugh/code/min/scripts/flowdocument/Resources/actionHtmls/Assign Duke Construction UG-Remove Others.html, type=Other, willNavigate=true, isMainFrame=true
?[32;1m[debug]?[0m [phantom] url changed to "file:///Users/zpeugh/code/min/scripts/flowdocument/Resources/actionHtmls/Assign Duke Construction UG-Remove Others.html"
?[32;1m[debug]?[0m [phantom] Successfully injected Casper client-side utilities
?[36m[info]?[0m [phantom] Step anonymous 108/122: done in 5590ms.
?[32;1m[debug]?[0m [phantom] opening url: file:///Users/zpeugh/code/min/scripts/flowdocument/Resources/actionHtmls/Assign Duke Finance UG-Don't Remove Others.html, HTTP GET
?[32;1m[debug]?[0m [phantom] Navigation requested: url=file:///Users/zpeugh/code/min/scripts/flowdocument/Resources/actionHtmls/Assign Duke Finance UG-Don't Remove Others.html, type=Other, willNavigate=true, isMainFrame=true
?[32;1m[debug]?[0m [phantom] url changed to "file:///Users/zpeugh/code/min/scripts/flowdocument/Resources/actionHtmls/Assign Duke Finance UG-Don't Remove Others.html"
?[32;1m[debug]?[0m [phantom] Successfully injected Casper client-side utilities
?[36m[info]?[0m [phantom] Step anonymous 110/122: done in 5669ms.
?[32;1m[debug]?[0m [phantom] opening url: file:///Users/zpeugh/code/min/scripts/flowdocument/Resources/actionHtmls/Assign Duke Finance UG-Don't Remove Others.html, HTTP GET
?[32;1m[debug]?[0m [phantom] Navigation requested: url=file:///Users/zpeugh/code/min/scripts/flowdocument/Resources/actionHtmls/Assign Duke Finance UG-Don't Remove Others.html, type=Other, willNavigate=true, isMainFrame=true
?[32;1m[debug]?[0m [phantom] url changed to "file:///Users/zpeugh/code/min/scripts/flowdocument/Resources/actionHtmls/Assign Duke Finance UG-Don't Remove Others.html"
?[32;1m[debug]?[0m [phantom] Successfully injected Casper client-side utilities
?[36m[info]?[0m [phantom] Step anonymous 112/124: done in 5755ms.
?[32;1m[debug]?[0m [phantom] opening url: file:///Users/zpeugh/code/min/scripts/flowdocument/Resources/actionHtmls/Assign Bechtel MRE Contractor from form-Remove Others.html, HTTP GET
?[32;1m[debug]?[0m [phantom] Navigation requested: url=file:///Users/zpeugh/code/min/scripts/flowdocument/Resources/actionHtmls/Assign Bechtel MRE Contractor from form-Remove Others.html, type=Other, willNavigate=true, isMainFrame=true
?[32;1m[debug]?[0m [phantom] url changed to "file:///Users/zpeugh/code/min/scripts/flowdocument/Resources/actionHtmls/Assign Bechtel MRE Contractor from form-Remove Others.html"
?[32;1m[debug]?[0m [phantom] Successfully injected Casper client-side utilities
?[36m[info]?[0m [phantom] Step anonymous 114/124: done in 5835ms.
?[32;1m[debug]?[0m [phantom] opening url: file:///Users/zpeugh/code/min/scripts/flowdocument/Resources/actionHtmls/Assign Bechtel MRE Contractor from form-Remove Others.html, HTTP GET
?[32;1m[debug]?[0m [phantom] Navigation requested: url=file:///Users/zpeugh/code/min/scripts/flowdocument/Resources/actionHtmls/Assign Bechtel MRE Contractor from form-Remove Others.html, type=Other, willNavigate=true, isMainFrame=true
?[32;1m[debug]?[0m [phantom] url changed to "file:///Users/zpeugh/code/min/scripts/flowdocument/Resources/actionHtmls/Assign Bechtel MRE Contractor from form-Remove Others.html"
?[32;1m[debug]?[0m [phantom] Successfully injected Casper client-side utilities
?[36m[info]?[0m [phantom] Step anonymous 116/126: done in 5915ms.
?[32;1m[debug]?[0m [phantom] opening url: file:///Users/zpeugh/code/min/scripts/flowdocument/Resources/actionHtmls/Assign Duke IJUS Usergroup-Don't Remove Others.html, HTTP GET
?[32;1m[debug]?[0m [phantom] Navigation requested: url=file:///Users/zpeugh/code/min/scripts/flowdocument/Resources/actionHtmls/Assign Duke IJUS Usergroup-Don't Remove Others.html, type=Other, willNavigate=true, isMainFrame=true
?[32;1m[debug]?[0m [phantom] url changed to "file:///Users/zpeugh/code/min/scripts/flowdocument/Resources/actionHtmls/Assign Duke IJUS Usergroup-Don't Remove Others.html"
?[32;1m[debug]?[0m [phantom] Successfully injected Casper client-side utilities
?[36m[info]?[0m [phantom] Step anonymous 118/126: done in 5995ms.
?[32;1m[debug]?[0m [phantom] opening url: file:///Users/zpeugh/code/min/scripts/flowdocument/Resources/actionHtmls/Assign Duke IJUS Usergroup-Don't Remove Others.html, HTTP GET
?[32;1m[debug]?[0m [phantom] Navigation requested: url=file:///Users/zpeugh/code/min/scripts/flowdocument/Resources/actionHtmls/Assign Duke IJUS Usergroup-Don't Remove Others.html, type=Other, willNavigate=true, isMainFrame=true
?[32;1m[debug]?[0m [phantom] url changed to "file:///Users/zpeugh/code/min/scripts/flowdocument/Resources/actionHtmls/Assign Duke IJUS Usergroup-Don't Remove Others.html"
?[32;1m[debug]?[0m [phantom] Successfully injected Casper client-side utilities
?[36m[info]?[0m [phantom] Step anonymous 120/128: done in 6077ms.
?[32;1m[debug]?[0m [phantom] opening url: file:///Users/zpeugh/code/min/scripts/flowdocument/Resources/actionHtmls/Email Bechtel Design-From Form-Field Pole Survey Completed.html, HTTP GET
?[32;1m[debug]?[0m [phantom] Navigation requested: url=file:///Users/zpeugh/code/min/scripts/flowdocument/Resources/actionHtmls/Email Bechtel Design-From Form-Field Pole Survey Completed.html, type=Other, willNavigate=true, isMainFrame=true
?[32;1m[debug]?[0m [phantom] url changed to "file:///Users/zpeugh/code/min/scripts/flowdocument/Resources/actionHtmls/Email Bechtel Design-From Form-Field Pole Survey Completed.html"
?[32;1m[debug]?[0m [phantom] Successfully injected Casper client-side utilities
?[36m[info]?[0m [phantom] Step anonymous 122/128: done in 6150ms.
?[32;1m[debug]?[0m [phantom] opening url: file:///Users/zpeugh/code/min/scripts/flowdocument/Resources/actionHtmls/Email Bechtel Design-From Form-Field Pole Survey Completed.html, HTTP GET
?[32;1m[debug]?[0m [phantom] Navigation requested: url=file:///Users/zpeugh/code/min/scripts/flowdocument/Resources/actionHtmls/Email Bechtel Design-From Form-Field Pole Survey Completed.html, type=Other, willNavigate=true, isMainFrame=true
?[32;1m[debug]?[0m [phantom] url changed to "file:///Users/zpeugh/code/min/scripts/flowdocument/Resources/actionHtmls/Email Bechtel Design-From Form-Field Pole Survey Completed.html"
?[32;1m[debug]?[0m [phantom] Successfully injected Casper client-side utilities
?[36m[info]?[0m [phantom] Step anonymous 124/130: done in 6229ms.
?[32;1m[debug]?[0m [phantom] opening url: file:///Users/zpeugh/code/min/scripts/flowdocument/Resources/actionHtmls/Email Bechtel Engineer-Field Pole Survey Completed.html, HTTP GET
?[32;1m[debug]?[0m [phantom] Navigation requested: url=file:///Users/zpeugh/code/min/scripts/flowdocument/Resources/actionHtmls/Email Bechtel Engineer-Field Pole Survey Completed.html, type=Other, willNavigate=true, isMainFrame=true
?[32;1m[debug]?[0m [phantom] url changed to "file:///Users/zpeugh/code/min/scripts/flowdocument/Resources/actionHtmls/Email Bechtel Engineer-Field Pole Survey Completed.html"
?[32;1m[debug]?[0m [phantom] Successfully injected Casper client-side utilities
?[36m[info]?[0m [phantom] Step anonymous 126/130: done in 6300ms.
?[32;1m[debug]?[0m [phantom] opening url: file:///Users/zpeugh/code/min/scripts/flowdocument/Resources/actionHtmls/Email Bechtel Engineer-Field Pole Survey Completed.html, HTTP GET
?[32;1m[debug]?[0m [phantom] Navigation requested: url=file:///Users/zpeugh/code/min/scripts/flowdocument/Resources/actionHtmls/Email Bechtel Engineer-Field Pole Survey Completed.html, type=Other, willNavigate=true, isMainFrame=true
?[32;1m[debug]?[0m [phantom] url changed to "file:///Users/zpeugh/code/min/scripts/flowdocument/Resources/actionHtmls/Email Bechtel Engineer-Field Pole Survey Completed.html"
?[32;1m[debug]?[0m [phantom] Successfully injected Casper client-side utilities
?[36m[info]?[0m [phantom] Step anonymous 128/132: done in 6376ms.
?[32;1m[debug]?[0m [phantom] opening url: file:///Users/zpeugh/code/min/scripts/flowdocument/Resources/actionHtmls/Email Assignees: IJUS Review Complete-Conflicting Permits Found.html, HTTP GET
?[32;1m[debug]?[0m [phantom] Navigation requested: url=file:///Users/zpeugh/code/min/scripts/flowdocument/Resources/actionHtmls/Email Assignees: IJUS Review Complete-Conflicting Permits Found.html, type=Other, willNavigate=true, isMainFrame=true
?[32;1m[debug]?[0m [phantom] url changed to "file:///Users/zpeugh/code/min/scripts/flowdocument/Resources/actionHtmls/Email Assignees: IJUS Review Complete-Conflicting Permits Found.html"
?[32;1m[debug]?[0m [phantom] Successfully injected Casper client-side utilities
?[36m[info]?[0m [phantom] Step anonymous 130/132: done in 6456ms.
?[32;1m[debug]?[0m [phantom] opening url: file:///Users/zpeugh/code/min/scripts/flowdocument/Resources/actionHtmls/Email Assignees: IJUS Review Complete-Conflicting Permits Found.html, HTTP GET
?[32;1m[debug]?[0m [phantom] Navigation requested: url=file:///Users/zpeugh/code/min/scripts/flowdocument/Resources/actionHtmls/Email Assignees: IJUS Review Complete-Conflicting Permits Found.html, type=Other, willNavigate=true, isMainFrame=true
?[32;1m[debug]?[0m [phantom] url changed to "file:///Users/zpeugh/code/min/scripts/flowdocument/Resources/actionHtmls/Email Assignees: IJUS Review Complete-Conflicting Permits Found.html"
?[32;1m[debug]?[0m [phantom] Successfully injected Casper client-side utilities
?[36m[info]?[0m [phantom] Step anonymous 132/134: done in 6533ms.
?[32;1m[debug]?[0m [phantom] opening url: file:///Users/zpeugh/code/min/scripts/flowdocument/Resources/actionHtmls/Email Assignees: IJUS Complete-No Conflicting Permits.html, HTTP GET
?[32;1m[debug]?[0m [phantom] Navigation requested: url=file:///Users/zpeugh/code/min/scripts/flowdocument/Resources/actionHtmls/Email Assignees: IJUS Complete-No Conflicting Permits.html, type=Other, willNavigate=true, isMainFrame=true
?[32;1m[debug]?[0m [phantom] url changed to "file:///Users/zpeugh/code/min/scripts/flowdocument/Resources/actionHtmls/Email Assignees: IJUS Complete-No Conflicting Permits.html"
?[32;1m[debug]?[0m [phantom] Successfully injected Casper client-side utilities
?[36m[info]?[0m [phantom] Step anonymous 134/134: done in 6605ms.
?[32;1m[debug]?[0m [phantom] opening url: file:///Users/zpeugh/code/min/scripts/flowdocument/Resources/actionHtmls/Email Assignees: IJUS Complete-No Conflicting Permits.html, HTTP GET
?[32;1m[debug]?[0m [phantom] Navigation requested: url=file:///Users/zpeugh/code/min/scripts/flowdocument/Resources/actionHtmls/Email Assignees: IJUS Complete-No Conflicting Permits.html, type=Other, willNavigate=true, isMainFrame=true
?[32;1m[debug]?[0m [phantom] url changed to "file:///Users/zpeugh/code/min/scripts/flowdocument/Resources/actionHtmls/Email Assignees: IJUS Complete-No Conflicting Permits.html"
?[32;1m[debug]?[0m [phantom] Successfully injected Casper client-side utilities
?[36m[info]?[0m [phantom] Step anonymous 136/136: done in 6685ms.
?[36m[info]?[0m [phantom] Done 136 steps in 6709ms
All actions: [Assign Central Engineer Supervisor UG-Remove Others, Assign Bechtel FOC Contractor From Form-Remove Others, Assign Bechtel Engineer-From Form-Remove Others, Assign to Duke North Engineer Supervisor UG-Remove Others, Email Assignees: Project in Pole-by-Pole Review for 2 Weeks, Populate Pole IDs in Pole Inventory FOrm, Assign Engineer from Assign Engineer form-Don't Remove Others, Assign Creator-Remove Others, Email Assignee(s): Project in Advance Route Review for 2 Weeks, Assign Duke Construction UG-Remove Others, Assign Duke Finance UG-Don't Remove Others, Assign Bechtel MRE Contractor from form-Remove Others, Assign Duke IJUS Usergroup-Don't Remove Others, Email Bechtel Design-From Form-Field Pole Survey Completed, Email Bechtel Engineer-Field Pole Survey Completed, Email Assignees: IJUS Review Complete-Conflicting Permits Found, Email Assignees: IJUS Complete-No Conflicting Permits]
Missed actions: null
Forms to capture: 
1: Make Ready Engineering
2: Advance Route Review
3: MRE Review
4: Application
5: Assign Engineer
6: Pole Inventory
7: Permit Submission Checklist
8: Conflicting Permit Check
9: MRE Engineer Analysis Review
10: Permit Closure Checklist
?[36m[info]?[0m [phantom] Starting...
?[36m[info]?[0m [phantom] Execution timeout set to 10000ms
?[36m[info]?[0m [phantom] Running suite: 10 steps
?[32;1m[debug]?[0m [phantom] opening url: https://www.spidasoftware.com/projectmanager/, HTTP GET
?[32;1m[debug]?[0m [phantom] Navigation requested: url=https://www.spidasoftware.com/projectmanager/, type=Other, willNavigate=true, isMainFrame=true
?[32;1m[debug]?[0m [phantom] Navigation requested: url=https://www.spidasoftware.com/cas/login?service=https://www.spidasoftware.com/projectmanager/j_spring_cas_security_check, type=Other, willNavigate=true, isMainFrame=true
?[32;1m[debug]?[0m [phantom] url changed to "https://www.spidasoftware.com/cas/login?service=https://www.spidasoftware.com/projectmanager/j_spring_cas_security_check"
?[32;1m[debug]?[0m [phantom] Successfully injected Casper client-side utilities
?[32;1m[debug]?[0m [phantom] start page is loaded
?[36m[info]?[0m [phantom] Step login 3/10 https://www.spidasoftware.com/cas/login?service=https://www.spidasoftware.com/projectmanager/j_spring_cas_security_check (HTTP 200)
?[36m[info]?[0m [remote] attempting to fetch form element from selector: 'form#fm1'
?[32;1m[debug]?[0m [remote] Set "username" field value to admin@spidasoftware.com
?[32;1m[debug]?[0m [remote] Set "password" field value to ***************
?[36m[info]?[0m [remote] submitting form to /cas/login;jsessionid=D4F1D10B1A87C964D541B2F317892A8E?service=https%3A%2F%2Fwww.spidasoftware.com%2Fprojectmanager%2Fj_spring_cas_security_check, HTTP POST
?[36m[info]?[0m [phantom] Step login 3/10: done in 1251ms.
?[36m[info]?[0m [phantom] Step _step 4/10 https://www.spidasoftware.com/cas/login?service=https://www.spidasoftware.com/projectmanager/j_spring_cas_security_check (HTTP 200)
?[36m[info]?[0m [phantom] Step _step 4/10: done in 1252ms.
?[32;1m[debug]?[0m [phantom] Navigation requested: url=https://www.spidasoftware.com/cas/login;jsessionid=D4F1D10B1A87C964D541B2F317892A8E?service=https://www.spidasoftware.com/projectmanager/j_spring_cas_security_check, type=FormSubmitted, willNavigate=true, isMainFrame=true
?[36m[info]?[0m [phantom] waitFor() finished in 48ms.
?[32;1m[debug]?[0m [phantom] Navigation requested: url=https://www.spidasoftware.com/projectmanager/j_spring_cas_security_check?ticket=ST-343-BdZUOn7zaKyC0Fn9SdXb-www.spidasoftware.com, type=FormSubmitted, willNavigate=true, isMainFrame=true
?[32;1m[debug]?[0m [phantom] Navigation requested: url=https://www.spidasoftware.com/projectmanager/, type=FormSubmitted, willNavigate=true, isMainFrame=true
?[32;1m[debug]?[0m [phantom] url changed to "https://www.spidasoftware.com/projectmanager/"
?[32;1m[debug]?[0m [phantom] Successfully injected Casper client-side utilities
?[36m[info]?[0m [phantom] Step afterLogin 5/11 https://www.spidasoftware.com/projectmanager/ (HTTP 200)
?[36m[info]?[0m [phantom] Step afterLogin 5/11: done in 6657ms.
?[36m[info]?[0m [phantom] Step _step 6/11 https://www.spidasoftware.com/projectmanager/ (HTTP 200)
?[36m[info]?[0m [phantom] Step _step 6/11: done in 6675ms.
?[36m[info]?[0m [phantom] waitFor() finished in 43ms.
?[36m[info]?[0m [phantom] Step anonymous 7/12 https://www.spidasoftware.com/projectmanager/ (HTTP 200)
?[32;1m[debug]?[0m [phantom] Mouse event 'mousedown' on selector: xpath selector: //*[text()="DG2"]
?[32;1m[debug]?[0m [phantom] Mouse event 'mouseup' on selector: xpath selector: //*[text()="DG2"]
?[32;1m[debug]?[0m [phantom] Mouse event 'click' on selector: xpath selector: //*[text()="DG2"]
?[32;1m[debug]?[0m [phantom] Navigation requested: url=https://www.spidasoftware.com/projectmanager/#, type=LinkClicked, willNavigate=true, isMainFrame=true
?[32;1m[debug]?[0m [phantom] url changed to "https://www.spidasoftware.com/projectmanager/#"
?[36m[info]?[0m [phantom] Step anonymous 7/12: done in 6748ms.
?[32;1m[debug]?[0m [phantom] Navigation requested: url=https://www.spidasoftware.com/projectmanager/switchcompany, type=FormSubmitted, willNavigate=true, isMainFrame=true
?[33m[warning]?[0m [phantom] Loading resource failed with status=fail (HTTP 200): https://www.spidasoftware.com/projectmanager/switchcompany
?[32;1m[debug]?[0m [phantom] Navigation requested: url=https://www.spidasoftware.com/projectmanager/dashboard/index, type=FormSubmitted, willNavigate=true, isMainFrame=true
?[32;1m[debug]?[0m [phantom] url changed to "https://www.spidasoftware.com/projectmanager/dashboard/index"
?[32;1m[debug]?[0m [phantom] Successfully injected Casper client-side utilities
?[36m[info]?[0m [phantom] Step _step 8/12 https://www.spidasoftware.com/projectmanager/dashboard/index (HTTP 200)
?[36m[info]?[0m [phantom] Step _step 8/12: done in 9421ms.
?[36m[info]?[0m [phantom] waitFor() finished in 41ms.
?[36m[info]?[0m [phantom] Step anonymous 9/13 https://www.spidasoftware.com/projectmanager/dashboard/index (HTTP 200)
Logged in as: DG2
?[36m[info]?[0m [phantom] Step anonymous 9/13: done in 9484ms.
?[32;1m[debug]?[0m [phantom] opening url: https://www.spidasoftware.com/projectmanager/formTemplate/list, HTTP GET
?[32;1m[debug]?[0m [phantom] Navigation requested: url=https://www.spidasoftware.com/projectmanager/formTemplate/list, type=Other, willNavigate=true, isMainFrame=true
?[33m[warning]?[0m [phantom] Loading resource failed with status=fail (HTTP 200): https://www.spidasoftware.com/projectmanager/formTemplate/list
?[32;1m[debug]?[0m [phantom] url changed to "https://www.spidasoftware.com/projectmanager/formTemplate/list"
script timed out
?[32;1m[debug]?[0m [phantom] Successfully injected Casper client-side utilities
?[36m[info]?[0m [phantom] Step openFormList 11/13 https://www.spidasoftware.com/projectmanager/formTemplate/list (HTTP 200)
Navigating to Flow Form List
?[36m[info]?[0m [phantom] Step openFormList 11/13: done in 10083ms.
?[36m[info]?[0m [phantom] Step _step 12/13 https://www.spidasoftware.com/projectmanager/formTemplate/list (HTTP 200)
?[36m[info]?[0m [phantom] Step _step 12/13: done in 10104ms.
?[36m[info]?[0m [phantom] waitFor() finished in 43ms.
?[36m[info]?[0m [phantom] Step waitForFormList 13/14 https://www.spidasoftware.com/projectmanager/formTemplate/list (HTTP 200)
Currently at: https://www.spidasoftware.com/projectmanager/formTemplate/list
?[36m[info]?[0m [phantom] Step waitForFormList 13/14: done in 10168ms.
?[36m[info]?[0m [phantom] Step _step 14/14 https://www.spidasoftware.com/projectmanager/formTemplate/list (HTTP 200)
?[36m[info]?[0m [phantom] Step _step 14/14: done in 10190ms.
?[36m[info]?[0m [phantom] waitFor() finished in 43ms.
?[36m[info]?[0m [phantom] Step loopThrough 15/15 https://www.spidasoftware.com/projectmanager/formTemplate/list (HTTP 200)
?[36m[info]?[0m [phantom] Step loopThrough 15/15: done in 10262ms.
?[32;1m[debug]?[0m [phantom] opening url: https://www.spidasoftware.com/projectmanager/formTemplate/list?offset=0&max=10&sort=name&order=asc, HTTP GET
?[32;1m[debug]?[0m [phantom] Navigation requested: url=https://www.spidasoftware.com/projectmanager/formTemplate/list?offset=0&max=10&sort=name&order=asc, type=Other, willNavigate=true, isMainFrame=true
?[33m[warning]?[0m [phantom] Loading resource failed with status=fail (HTTP 200): https://www.spidasoftware.com/projectmanager/formTemplate/list?offset=0&max=10&sort=name&order=asc
?[32;1m[debug]?[0m [phantom] url changed to "https://www.spidasoftware.com/projectmanager/formTemplate/list?offset=0&max=10&sort=name&order=asc"
?[32;1m[debug]?[0m [phantom] Successfully injected Casper client-side utilities
?[36m[info]?[0m [phantom] Step anonymous 17/19 https://www.spidasoftware.com/projectmanager/formTemplate/list?offset=0&max=10&sort=name&order=asc (HTTP 200)
?[36m[info]?[0m [phantom] Step anonymous 17/19: done in 11042ms.
?[36m[info]?[0m [phantom] Step _step 18/20 https://www.spidasoftware.com/projectmanager/formTemplate/list?offset=0&max=10&sort=name&order=asc (HTTP 200)
?[36m[info]?[0m [phantom] Step _step 18/20: done in 11061ms.
?[36m[info]?[0m [phantom] waitFor() finished in 50ms.
?[36m[info]?[0m [phantom] Step anonymous 19/21 https://www.spidasoftware.com/projectmanager/formTemplate/list?offset=0&max=10&sort=name&order=asc (HTTP 200)
Stored screenshot of form: Advance Route Review
Stored screenshot of form: Application
Stored screenshot of form: Assign Engineer
Stored screenshot of form: Conflicting Permit Check
Stored screenshot of form: Make Ready Engineering
Stored screenshot of form: MRE Engineer Analysis Review
Stored screenshot of form: MRE Review
Stored screenshot of form: Permit Closure Checklist
Stored screenshot of form: Permit Submission Checklist
?[36m[info]?[0m [phantom] Step anonymous 19/21: done in 11159ms.
?[36m[info]?[0m [phantom] Step clickForm 20/66 https://www.spidasoftware.com/projectmanager/formTemplate/list?offset=0&max=10&sort=name&order=asc (HTTP 200)
?[32;1m[debug]?[0m [phantom] Mouse event 'mousedown' on selector: xpath selector: //*[text()="Advance Route Review"]
?[32;1m[debug]?[0m [phantom] Mouse event 'mouseup' on selector: xpath selector: //*[text()="Advance Route Review"]
?[32;1m[debug]?[0m [phantom] Mouse event 'click' on selector: xpath selector: //*[text()="Advance Route Review"]
?[32;1m[debug]?[0m [phantom] Navigation requested: url=https://www.spidasoftware.com/projectmanager/formTemplate/edit/96917, type=LinkClicked, willNavigate=true, isMainFrame=true
?[36m[info]?[0m [phantom] Step clickForm 20/66: done in 11168ms.
?[33m[warning]?[0m [phantom] Loading resource failed with status=fail (HTTP 200): https://www.spidasoftware.com/projectmanager/formTemplate/edit/96917
?[32;1m[debug]?[0m [phantom] url changed to "https://www.spidasoftware.com/projectmanager/formTemplate/edit/96917"
?[32;1m[debug]?[0m [phantom] Successfully injected Casper client-side utilities
?[36m[info]?[0m [phantom] Step _step 21/66 https://www.spidasoftware.com/projectmanager/formTemplate/edit/96917 (HTTP 200)
?[36m[info]?[0m [phantom] Step _step 21/66: done in 13580ms.
?[36m[info]?[0m [phantom] waitFor() finished in 44ms.
?[36m[info]?[0m [phantom] Step anonymous 22/67 https://www.spidasoftware.com/projectmanager/formTemplate/edit/96917 (HTTP 200)
?[36m[info]?[0m [phantom] Step anonymous 22/67: done in 13648ms.
?[36m[info]?[0m [phantom] Step anonymous 23/67 https://www.spidasoftware.com/projectmanager/formTemplate/edit/96917 (HTTP 200)
?[36m[info]?[0m [phantom] Step anonymous 23/67: done in 13728ms.
?[36m[info]?[0m [phantom] Step anonymous 24/67 https://www.spidasoftware.com/projectmanager/formTemplate/edit/96917 (HTTP 200)
?[36m[info]?[0m [phantom] Step anonymous 24/67: done in 13730ms.
?[36m[info]?[0m [phantom] Step _step 25/68 https://www.spidasoftware.com/projectmanager/formTemplate/edit/96917 (HTTP 200)
?[36m[info]?[0m [phantom] Step _step 25/68: done in 13754ms.
?[32;1m[debug]?[0m [phantom] Navigation requested: url=https://www.spidasoftware.com/projectmanager/formTemplate/list?offset=0&max=10&sort=name&order=asc, type=BackOrForward, willNavigate=true, isMainFrame=true
?[33m[warning]?[0m [phantom] Loading resource failed with status=fail (HTTP 200): https://www.spidasoftware.com/projectmanager/formTemplate/list?offset=0&max=10&sort=name&order=asc
?[32;1m[debug]?[0m [phantom] url changed to "https://www.spidasoftware.com/projectmanager/formTemplate/list?offset=0&max=10&sort=name&order=asc"
?[32;1m[debug]?[0m [phantom] Successfully injected Casper client-side utilities
?[36m[info]?[0m [phantom] Step _step 26/68 https://www.spidasoftware.com/projectmanager/formTemplate/list?offset=0&max=10&sort=name&order=asc (HTTP 200)
?[36m[info]?[0m [phantom] Step _step 26/68: done in 14252ms.
?[36m[info]?[0m [phantom] waitFor() finished in 40ms.
?[36m[info]?[0m [phantom] Step anonymous 27/69 https://www.spidasoftware.com/projectmanager/formTemplate/list?offset=0&max=10&sort=name&order=asc (HTTP 200)
?[36m[info]?[0m [phantom] Step anonymous 27/69: done in 14319ms.
?[36m[info]?[0m [phantom] Step clickForm 28/69 https://www.spidasoftware.com/projectmanager/formTemplate/list?offset=0&max=10&sort=name&order=asc (HTTP 200)
?[32;1m[debug]?[0m [phantom] Mouse event 'mousedown' on selector: xpath selector: //*[text()="Application"]
?[32;1m[debug]?[0m [phantom] Mouse event 'mouseup' on selector: xpath selector: //*[text()="Application"]
?[32;1m[debug]?[0m [phantom] Mouse event 'click' on selector: xpath selector: //*[text()="Application"]
?[32;1m[debug]?[0m [phantom] Navigation requested: url=https://www.spidasoftware.com/projectmanager/formTemplate/edit/96884, type=LinkClicked, willNavigate=true, isMainFrame=true
?[36m[info]?[0m [phantom] Step clickForm 28/69: done in 14353ms.
?[33m[warning]?[0m [phantom] Loading resource failed with status=fail (HTTP 200): https://www.spidasoftware.com/projectmanager/formTemplate/edit/96884
?[32;1m[debug]?[0m [phantom] url changed to "https://www.spidasoftware.com/projectmanager/formTemplate/edit/96884"
?[32;1m[debug]?[0m [phantom] Successfully injected Casper client-side utilities
?[36m[info]?[0m [phantom] Step _step 29/69 https://www.spidasoftware.com/projectmanager/formTemplate/edit/96884 (HTTP 200)
?[36m[info]?[0m [phantom] Step _step 29/69: done in 15502ms.
?[36m[info]?[0m [phantom] waitFor() finished in 43ms.
?[36m[info]?[0m [phantom] Step anonymous 30/70 https://www.spidasoftware.com/projectmanager/formTemplate/edit/96884 (HTTP 200)
?[36m[info]?[0m [phantom] Step anonymous 30/70: done in 15568ms.
?[36m[info]?[0m [phantom] Step anonymous 31/70 https://www.spidasoftware.com/projectmanager/formTemplate/edit/96884 (HTTP 200)
?[36m[info]?[0m [phantom] Step anonymous 31/70: done in 15645ms.
?[36m[info]?[0m [phantom] Step anonymous 32/70 https://www.spidasoftware.com/projectmanager/formTemplate/edit/96884 (HTTP 200)
?[36m[info]?[0m [phantom] Step anonymous 32/70: done in 15647ms.
?[36m[info]?[0m [phantom] Step _step 33/71 https://www.spidasoftware.com/projectmanager/formTemplate/edit/96884 (HTTP 200)
?[36m[info]?[0m [phantom] Step _step 33/71: done in 15673ms.
?[32;1m[debug]?[0m [phantom] Navigation requested: url=https://www.spidasoftware.com/projectmanager/formTemplate/list?offset=0&max=10&sort=name&order=asc, type=BackOrForward, willNavigate=true, isMainFrame=true
?[33m[warning]?[0m [phantom] Loading resource failed with status=fail (HTTP 200): https://www.spidasoftware.com/projectmanager/formTemplate/list?offset=0&max=10&sort=name&order=asc
?[32;1m[debug]?[0m [phantom] url changed to "https://www.spidasoftware.com/projectmanager/formTemplate/list?offset=0&max=10&sort=name&order=asc"
?[32;1m[debug]?[0m [phantom] Successfully injected Casper client-side utilities
?[36m[info]?[0m [phantom] Step _step 34/71 https://www.spidasoftware.com/projectmanager/formTemplate/list?offset=0&max=10&sort=name&order=asc (HTTP 200)
?[36m[info]?[0m [phantom] Step _step 34/71: done in 16542ms.
?[36m[info]?[0m [phantom] waitFor() finished in 42ms.
?[36m[info]?[0m [phantom] Step anonymous 35/72 https://www.spidasoftware.com/projectmanager/formTemplate/list?offset=0&max=10&sort=name&order=asc (HTTP 200)
?[36m[info]?[0m [phantom] Step anonymous 35/72: done in 16613ms.
?[36m[info]?[0m [phantom] Step clickForm 36/72 https://www.spidasoftware.com/projectmanager/formTemplate/list?offset=0&max=10&sort=name&order=asc (HTTP 200)
?[32;1m[debug]?[0m [phantom] Mouse event 'mousedown' on selector: xpath selector: //*[text()="Assign Engineer"]
?[32;1m[debug]?[0m [phantom] Mouse event 'mouseup' on selector: xpath selector: //*[text()="Assign Engineer"]
?[32;1m[debug]?[0m [phantom] Mouse event 'click' on selector: xpath selector: //*[text()="Assign Engineer"]
?[32;1m[debug]?[0m [phantom] Navigation requested: url=https://www.spidasoftware.com/projectmanager/formTemplate/edit/96900, type=LinkClicked, willNavigate=true, isMainFrame=true
?[36m[info]?[0m [phantom] Step clickForm 36/72: done in 16644ms.
?[33m[warning]?[0m [phantom] Loading resource failed with status=fail (HTTP 200): https://www.spidasoftware.com/projectmanager/formTemplate/edit/96900
?[32;1m[debug]?[0m [phantom] url changed to "https://www.spidasoftware.com/projectmanager/formTemplate/edit/96900"
?[32;1m[debug]?[0m [phantom] Successfully injected Casper client-side utilities
?[36m[info]?[0m [phantom] Step _step 37/72 https://www.spidasoftware.com/projectmanager/formTemplate/edit/96900 (HTTP 200)
?[36m[info]?[0m [phantom] Step _step 37/72: done in 17347ms.
?[36m[info]?[0m [phantom] waitFor() finished in 43ms.
?[36m[info]?[0m [phantom] Step anonymous 38/73 https://www.spidasoftware.com/projectmanager/formTemplate/edit/96900 (HTTP 200)
?[36m[info]?[0m [phantom] Step anonymous 38/73: done in 17415ms.
?[36m[info]?[0m [phantom] Step anonymous 39/73 https://www.spidasoftware.com/projectmanager/formTemplate/edit/96900 (HTTP 200)
?[36m[info]?[0m [phantom] Step anonymous 39/73: done in 17440ms.
?[36m[info]?[0m [phantom] Step anonymous 40/73 https://www.spidasoftware.com/projectmanager/formTemplate/edit/96900 (HTTP 200)
?[36m[info]?[0m [phantom] Step anonymous 40/73: done in 17462ms.
?[36m[info]?[0m [phantom] Step _step 41/74 https://www.spidasoftware.com/projectmanager/formTemplate/edit/96900 (HTTP 200)
?[36m[info]?[0m [phantom] Step _step 41/74: done in 17483ms.
?[32;1m[debug]?[0m [phantom] Navigation requested: url=https://www.spidasoftware.com/projectmanager/formTemplate/list?offset=0&max=10&sort=name&order=asc, type=BackOrForward, willNavigate=true, isMainFrame=true
?[33m[warning]?[0m [phantom] Loading resource failed with status=fail (HTTP 200): https://www.spidasoftware.com/projectmanager/formTemplate/list?offset=0&max=10&sort=name&order=asc
?[32;1m[debug]?[0m [phantom] url changed to "https://www.spidasoftware.com/projectmanager/formTemplate/list?offset=0&max=10&sort=name&order=asc"
?[32;1m[debug]?[0m [phantom] Successfully injected Casper client-side utilities
?[36m[info]?[0m [phantom] Step _step 42/74 https://www.spidasoftware.com/projectmanager/formTemplate/list?offset=0&max=10&sort=name&order=asc (HTTP 200)
?[36m[info]?[0m [phantom] Step _step 42/74: done in 18832ms.
?[36m[info]?[0m [phantom] waitFor() finished in 43ms.
?[36m[info]?[0m [phantom] Step anonymous 43/75 https://www.spidasoftware.com/projectmanager/formTemplate/list?offset=0&max=10&sort=name&order=asc (HTTP 200)
?[36m[info]?[0m [phantom] Step anonymous 43/75: done in 18902ms.
?[36m[info]?[0m [phantom] Step clickForm 44/75 https://www.spidasoftware.com/projectmanager/formTemplate/list?offset=0&max=10&sort=name&order=asc (HTTP 200)
?[32;1m[debug]?[0m [phantom] Mouse event 'mousedown' on selector: xpath selector: //*[text()="Conflicting Permit Check"]
?[32;1m[debug]?[0m [phantom] Mouse event 'mouseup' on selector: xpath selector: //*[text()="Conflicting Permit Check"]
?[32;1m[debug]?[0m [phantom] Mouse event 'click' on selector: xpath selector: //*[text()="Conflicting Permit Check"]
?[32;1m[debug]?[0m [phantom] Navigation requested: url=https://www.spidasoftware.com/projectmanager/formTemplate/edit/97066, type=LinkClicked, willNavigate=true, isMainFrame=true
?[36m[info]?[0m [phantom] Step clickForm 44/75: done in 18931ms.
?[33m[warning]?[0m [phantom] Loading resource failed with status=fail (HTTP 200): https://www.spidasoftware.com/projectmanager/formTemplate/edit/97066
?[32;1m[debug]?[0m [phantom] url changed to "https://www.spidasoftware.com/projectmanager/formTemplate/edit/97066"
?[32;1m[debug]?[0m [phantom] Successfully injected Casper client-side utilities
?[36m[info]?[0m [phantom] Step _step 45/75 https://www.spidasoftware.com/projectmanager/formTemplate/edit/97066 (HTTP 200)
?[36m[info]?[0m [phantom] Step _step 45/75: done in 20153ms.
?[36m[info]?[0m [phantom] waitFor() finished in 41ms.
?[36m[info]?[0m [phantom] Step anonymous 46/76 https://www.spidasoftware.com/projectmanager/formTemplate/edit/97066 (HTTP 200)
?[36m[info]?[0m [phantom] Step anonymous 46/76: done in 20212ms.
?[36m[info]?[0m [phantom] Step anonymous 47/76 https://www.spidasoftware.com/projectmanager/formTemplate/edit/97066 (HTTP 200)
?[36m[info]?[0m [phantom] Step anonymous 47/76: done in 20242ms.
?[36m[info]?[0m [phantom] Step anonymous 48/76 https://www.spidasoftware.com/projectmanager/formTemplate/edit/97066 (HTTP 200)
?[36m[info]?[0m [phantom] Step anonymous 48/76: done in 20264ms.
?[36m[info]?[0m [phantom] Step _step 49/77 https://www.spidasoftware.com/projectmanager/formTemplate/edit/97066 (HTTP 200)
?[36m[info]?[0m [phantom] Step _step 49/77: done in 20288ms.
?[32;1m[debug]?[0m [phantom] Navigation requested: url=https://www.spidasoftware.com/projectmanager/formTemplate/list?offset=0&max=10&sort=name&order=asc, type=BackOrForward, willNavigate=true, isMainFrame=true
?[33m[warning]?[0m [phantom] Loading resource failed with status=fail (HTTP 200): https://www.spidasoftware.com/projectmanager/formTemplate/list?offset=0&max=10&sort=name&order=asc
?[32;1m[debug]?[0m [phantom] url changed to "https://www.spidasoftware.com/projectmanager/formTemplate/list?offset=0&max=10&sort=name&order=asc"
?[32;1m[debug]?[0m [phantom] Successfully injected Casper client-side utilities
?[36m[info]?[0m [phantom] Step _step 50/77 https://www.spidasoftware.com/projectmanager/formTemplate/list?offset=0&max=10&sort=name&order=asc (HTTP 200)
?[36m[info]?[0m [phantom] Step _step 50/77: done in 20858ms.
?[36m[info]?[0m [phantom] waitFor() finished in 43ms.
?[36m[info]?[0m [phantom] Step anonymous 51/78 https://www.spidasoftware.com/projectmanager/formTemplate/list?offset=0&max=10&sort=name&order=asc (HTTP 200)
?[36m[info]?[0m [phantom] Step anonymous 51/78: done in 20926ms.
?[36m[info]?[0m [phantom] Step clickForm 52/78 https://www.spidasoftware.com/projectmanager/formTemplate/list?offset=0&max=10&sort=name&order=asc (HTTP 200)
?[32;1m[debug]?[0m [phantom] Mouse event 'mousedown' on selector: xpath selector: //*[text()="Make Ready Engineering"]
?[32;1m[debug]?[0m [phantom] Mouse event 'mouseup' on selector: xpath selector: //*[text()="Make Ready Engineering"]
?[32;1m[debug]?[0m [phantom] Mouse event 'click' on selector: xpath selector: //*[text()="Make Ready Engineering"]
?[32;1m[debug]?[0m [phantom] Navigation requested: url=https://www.spidasoftware.com/projectmanager/formTemplate/edit/96912, type=LinkClicked, willNavigate=true, isMainFrame=true
?[36m[info]?[0m [phantom] Step clickForm 52/78: done in 20963ms.
?[33m[warning]?[0m [phantom] Loading resource failed with status=fail (HTTP 200): https://www.spidasoftware.com/projectmanager/formTemplate/edit/96912
?[32;1m[debug]?[0m [phantom] url changed to "https://www.spidasoftware.com/projectmanager/formTemplate/edit/96912"
?[32;1m[debug]?[0m [phantom] Successfully injected Casper client-side utilities
?[36m[info]?[0m [phantom] Step _step 53/78 https://www.spidasoftware.com/projectmanager/formTemplate/edit/96912 (HTTP 200)
?[36m[info]?[0m [phantom] Step _step 53/78: done in 21912ms.
?[36m[info]?[0m [phantom] waitFor() finished in 42ms.
?[36m[info]?[0m [phantom] Step anonymous 54/79 https://www.spidasoftware.com/projectmanager/formTemplate/edit/96912 (HTTP 200)
?[36m[info]?[0m [phantom] Step anonymous 54/79: done in 21980ms.
?[36m[info]?[0m [phantom] Step anonymous 55/79 https://www.spidasoftware.com/projectmanager/formTemplate/edit/96912 (HTTP 200)
?[36m[info]?[0m [phantom] Step anonymous 55/79: done in 22008ms.
?[36m[info]?[0m [phantom] Step anonymous 56/79 https://www.spidasoftware.com/projectmanager/formTemplate/edit/96912 (HTTP 200)
?[36m[info]?[0m [phantom] Step anonymous 56/79: done in 22025ms.
?[36m[info]?[0m [phantom] Step _step 57/80 https://www.spidasoftware.com/projectmanager/formTemplate/edit/96912 (HTTP 200)
?[36m[info]?[0m [phantom] Step _step 57/80: done in 22054ms.
?[32;1m[debug]?[0m [phantom] Navigation requested: url=https://www.spidasoftware.com/projectmanager/formTemplate/list?offset=0&max=10&sort=name&order=asc, type=BackOrForward, willNavigate=true, isMainFrame=true
?[33m[warning]?[0m [phantom] Loading resource failed with status=fail (HTTP 200): https://www.spidasoftware.com/projectmanager/formTemplate/list?offset=0&max=10&sort=name&order=asc
?[32;1m[debug]?[0m [phantom] url changed to "https://www.spidasoftware.com/projectmanager/formTemplate/list?offset=0&max=10&sort=name&order=asc"
?[32;1m[debug]?[0m [phantom] Successfully injected Casper client-side utilities
?[36m[info]?[0m [phantom] Step _step 58/80 https://www.spidasoftware.com/projectmanager/formTemplate/list?offset=0&max=10&sort=name&order=asc (HTTP 200)
?[36m[info]?[0m [phantom] Step _step 58/80: done in 23080ms.
?[36m[info]?[0m [phantom] waitFor() finished in 42ms.
?[36m[info]?[0m [phantom] Step anonymous 59/81 https://www.spidasoftware.com/projectmanager/formTemplate/list?offset=0&max=10&sort=name&order=asc (HTTP 200)
?[36m[info]?[0m [phantom] Step anonymous 59/81: done in 23141ms.
?[36m[info]?[0m [phantom] Step clickForm 60/81 https://www.spidasoftware.com/projectmanager/formTemplate/list?offset=0&max=10&sort=name&order=asc (HTTP 200)
?[32;1m[debug]?[0m [phantom] Mouse event 'mousedown' on selector: xpath selector: //*[text()="MRE Engineer Analysis Review"]
?[32;1m[debug]?[0m [phantom] Mouse event 'mouseup' on selector: xpath selector: //*[text()="MRE Engineer Analysis Review"]
?[32;1m[debug]?[0m [phantom] Mouse event 'click' on selector: xpath selector: //*[text()="MRE Engineer Analysis Review"]
?[32;1m[debug]?[0m [phantom] Navigation requested: url=https://www.spidasoftware.com/projectmanager/formTemplate/edit/96922, type=LinkClicked, willNavigate=true, isMainFrame=true
?[36m[info]?[0m [phantom] Step clickForm 60/81: done in 23176ms.
?[33m[warning]?[0m [phantom] Loading resource failed with status=fail (HTTP 200): https://www.spidasoftware.com/projectmanager/formTemplate/edit/96922
?[32;1m[debug]?[0m [phantom] url changed to "https://www.spidasoftware.com/projectmanager/formTemplate/edit/96922"
?[32;1m[debug]?[0m [phantom] Successfully injected Casper client-side utilities
?[36m[info]?[0m [phantom] Step _step 61/81 https://www.spidasoftware.com/projectmanager/formTemplate/edit/96922 (HTTP 200)
?[36m[info]?[0m [phantom] Step _step 61/81: done in 23976ms.
?[36m[info]?[0m [phantom] waitFor() finished in 42ms.
?[36m[info]?[0m [phantom] Step anonymous 62/82 https://www.spidasoftware.com/projectmanager/formTemplate/edit/96922 (HTTP 200)
?[36m[info]?[0m [phantom] Step anonymous 62/82: done in 24036ms.
?[36m[info]?[0m [phantom] Step anonymous 63/82 https://www.spidasoftware.com/projectmanager/formTemplate/edit/96922 (HTTP 200)
?[36m[info]?[0m [phantom] Step anonymous 63/82: done in 24067ms.
?[36m[info]?[0m [phantom] Step anonymous 64/82 https://www.spidasoftware.com/projectmanager/formTemplate/edit/96922 (HTTP 200)
?[36m[info]?[0m [phantom] Step anonymous 64/82: done in 24088ms.
?[36m[info]?[0m [phantom] Step _step 65/83 https://www.spidasoftware.com/projectmanager/formTemplate/edit/96922 (HTTP 200)
?[36m[info]?[0m [phantom] Step _step 65/83: done in 24111ms.
?[32;1m[debug]?[0m [phantom] Navigation requested: url=https://www.spidasoftware.com/projectmanager/formTemplate/list?offset=0&max=10&sort=name&order=asc, type=BackOrForward, willNavigate=true, isMainFrame=true
?[33m[warning]?[0m [phantom] Loading resource failed with status=fail (HTTP 200): https://www.spidasoftware.com/projectmanager/formTemplate/list?offset=0&max=10&sort=name&order=asc
?[32;1m[debug]?[0m [phantom] url changed to "https://www.spidasoftware.com/projectmanager/formTemplate/list?offset=0&max=10&sort=name&order=asc"
?[32;1m[debug]?[0m [phantom] Successfully injected Casper client-side utilities
?[36m[info]?[0m [phantom] Step _step 66/83 https://www.spidasoftware.com/projectmanager/formTemplate/list?offset=0&max=10&sort=name&order=asc (HTTP 200)
?[36m[info]?[0m [phantom] Step _step 66/83: done in 24878ms.
?[36m[info]?[0m [phantom] waitFor() finished in 42ms.
?[36m[info]?[0m [phantom] Step anonymous 67/84 https://www.spidasoftware.com/projectmanager/formTemplate/list?offset=0&max=10&sort=name&order=asc (HTTP 200)
?[36m[info]?[0m [phantom] Step anonymous 67/84: done in 24941ms.
?[36m[info]?[0m [phantom] Step clickForm 68/84 https://www.spidasoftware.com/projectmanager/formTemplate/list?offset=0&max=10&sort=name&order=asc (HTTP 200)
?[32;1m[debug]?[0m [phantom] Mouse event 'mousedown' on selector: xpath selector: //*[text()="MRE Review"]
?[32;1m[debug]?[0m [phantom] Mouse event 'mouseup' on selector: xpath selector: //*[text()="MRE Review"]
?[32;1m[debug]?[0m [phantom] Mouse event 'click' on selector: xpath selector: //*[text()="MRE Review"]
?[32;1m[debug]?[0m [phantom] Navigation requested: url=https://www.spidasoftware.com/projectmanager/formTemplate/edit/97077, type=LinkClicked, willNavigate=true, isMainFrame=true
?[36m[info]?[0m [phantom] Step clickForm 68/84: done in 24970ms.
?[33m[warning]?[0m [phantom] Loading resource failed with status=fail (HTTP 200): https://www.spidasoftware.com/projectmanager/formTemplate/edit/97077
?[32;1m[debug]?[0m [phantom] url changed to "https://www.spidasoftware.com/projectmanager/formTemplate/edit/97077"
?[32;1m[debug]?[0m [phantom] Successfully injected Casper client-side utilities
?[36m[info]?[0m [phantom] Step _step 69/84 https://www.spidasoftware.com/projectmanager/formTemplate/edit/97077 (HTTP 200)
?[36m[info]?[0m [phantom] Step _step 69/84: done in 25824ms.
?[36m[info]?[0m [phantom] waitFor() finished in 43ms.
?[36m[info]?[0m [phantom] Step anonymous 70/85 https://www.spidasoftware.com/projectmanager/formTemplate/edit/97077 (HTTP 200)
?[36m[info]?[0m [phantom] Step anonymous 70/85: done in 25883ms.
?[36m[info]?[0m [phantom] Step anonymous 71/85 https://www.spidasoftware.com/projectmanager/formTemplate/edit/97077 (HTTP 200)
?[36m[info]?[0m [phantom] Step anonymous 71/85: done in 25905ms.
?[36m[info]?[0m [phantom] Step anonymous 72/85 https://www.spidasoftware.com/projectmanager/formTemplate/edit/97077 (HTTP 200)
?[36m[info]?[0m [phantom] Step anonymous 72/85: done in 25927ms.
?[36m[info]?[0m [phantom] Step _step 73/86 https://www.spidasoftware.com/projectmanager/formTemplate/edit/97077 (HTTP 200)
?[36m[info]?[0m [phantom] Step _step 73/86: done in 25952ms.
?[32;1m[debug]?[0m [phantom] Navigation requested: url=https://www.spidasoftware.com/projectmanager/formTemplate/list?offset=0&max=10&sort=name&order=asc, type=BackOrForward, willNavigate=true, isMainFrame=true
?[33m[warning]?[0m [phantom] Loading resource failed with status=fail (HTTP 200): https://www.spidasoftware.com/projectmanager/formTemplate/list?offset=0&max=10&sort=name&order=asc
?[32;1m[debug]?[0m [phantom] url changed to "https://www.spidasoftware.com/projectmanager/formTemplate/list?offset=0&max=10&sort=name&order=asc"
?[32;1m[debug]?[0m [phantom] Successfully injected Casper client-side utilities
?[36m[info]?[0m [phantom] Step _step 74/86 https://www.spidasoftware.com/projectmanager/formTemplate/list?offset=0&max=10&sort=name&order=asc (HTTP 200)
?[36m[info]?[0m [phantom] Step _step 74/86: done in 26696ms.
?[36m[info]?[0m [phantom] waitFor() finished in 43ms.
?[36m[info]?[0m [phantom] Step anonymous 75/87 https://www.spidasoftware.com/projectmanager/formTemplate/list?offset=0&max=10&sort=name&order=asc (HTTP 200)
?[36m[info]?[0m [phantom] Step anonymous 75/87: done in 26754ms.
?[36m[info]?[0m [phantom] Step clickForm 76/87 https://www.spidasoftware.com/projectmanager/formTemplate/list?offset=0&max=10&sort=name&order=asc (HTTP 200)
?[32;1m[debug]?[0m [phantom] Mouse event 'mousedown' on selector: xpath selector: //*[text()="Permit Closure Checklist"]
?[32;1m[debug]?[0m [phantom] Mouse event 'mouseup' on selector: xpath selector: //*[text()="Permit Closure Checklist"]
?[32;1m[debug]?[0m [phantom] Mouse event 'click' on selector: xpath selector: //*[text()="Permit Closure Checklist"]
?[32;1m[debug]?[0m [phantom] Navigation requested: url=https://www.spidasoftware.com/projectmanager/formTemplate/edit/96925, type=LinkClicked, willNavigate=true, isMainFrame=true
?[36m[info]?[0m [phantom] Step clickForm 76/87: done in 26791ms.
?[33m[warning]?[0m [phantom] Loading resource failed with status=fail (HTTP 200): https://www.spidasoftware.com/projectmanager/formTemplate/edit/96925
?[32;1m[debug]?[0m [phantom] url changed to "https://www.spidasoftware.com/projectmanager/formTemplate/edit/96925"
?[32;1m[debug]?[0m [phantom] Successfully injected Casper client-side utilities
?[36m[info]?[0m [phantom] Step _step 77/87 https://www.spidasoftware.com/projectmanager/formTemplate/edit/96925 (HTTP 200)
?[36m[info]?[0m [phantom] Step _step 77/87: done in 27625ms.
?[36m[info]?[0m [phantom] waitFor() finished in 41ms.
?[36m[info]?[0m [phantom] Step anonymous 78/88 https://www.spidasoftware.com/projectmanager/formTemplate/edit/96925 (HTTP 200)
?[36m[info]?[0m [phantom] Step anonymous 78/88: done in 27689ms.
?[36m[info]?[0m [phantom] Step anonymous 79/88 https://www.spidasoftware.com/projectmanager/formTemplate/edit/96925 (HTTP 200)
?[36m[info]?[0m [phantom] Step anonymous 79/88: done in 27714ms.
?[36m[info]?[0m [phantom] Step anonymous 80/88 https://www.spidasoftware.com/projectmanager/formTemplate/edit/96925 (HTTP 200)
?[36m[info]?[0m [phantom] Step anonymous 80/88: done in 27734ms.
?[36m[info]?[0m [phantom] Step _step 81/89 https://www.spidasoftware.com/projectmanager/formTemplate/edit/96925 (HTTP 200)
?[36m[info]?[0m [phantom] Step _step 81/89: done in 27756ms.
?[32;1m[debug]?[0m [phantom] Navigation requested: url=https://www.spidasoftware.com/projectmanager/formTemplate/list?offset=0&max=10&sort=name&order=asc, type=BackOrForward, willNavigate=true, isMainFrame=true
?[33m[warning]?[0m [phantom] Loading resource failed with status=fail (HTTP 200): https://www.spidasoftware.com/projectmanager/formTemplate/list?offset=0&max=10&sort=name&order=asc
?[32;1m[debug]?[0m [phantom] url changed to "https://www.spidasoftware.com/projectmanager/formTemplate/list?offset=0&max=10&sort=name&order=asc"
?[32;1m[debug]?[0m [phantom] Successfully injected Casper client-side utilities
?[36m[info]?[0m [phantom] Step _step 82/89 https://www.spidasoftware.com/projectmanager/formTemplate/list?offset=0&max=10&sort=name&order=asc (HTTP 200)
?[36m[info]?[0m [phantom] Step _step 82/89: done in 28478ms.
?[36m[info]?[0m [phantom] waitFor() finished in 44ms.
?[36m[info]?[0m [phantom] Step anonymous 83/90 https://www.spidasoftware.com/projectmanager/formTemplate/list?offset=0&max=10&sort=name&order=asc (HTTP 200)
?[36m[info]?[0m [phantom] Step anonymous 83/90: done in 28540ms.
?[36m[info]?[0m [phantom] Step clickForm 84/90 https://www.spidasoftware.com/projectmanager/formTemplate/list?offset=0&max=10&sort=name&order=asc (HTTP 200)
?[32;1m[debug]?[0m [phantom] Mouse event 'mousedown' on selector: xpath selector: //*[text()="Permit Submission Checklist"]
?[32;1m[debug]?[0m [phantom] Mouse event 'mouseup' on selector: xpath selector: //*[text()="Permit Submission Checklist"]
?[32;1m[debug]?[0m [phantom] Mouse event 'click' on selector: xpath selector: //*[text()="Permit Submission Checklist"]
?[32;1m[debug]?[0m [phantom] Navigation requested: url=https://www.spidasoftware.com/projectmanager/formTemplate/edit/96920, type=LinkClicked, willNavigate=true, isMainFrame=true
?[36m[info]?[0m [phantom] Step clickForm 84/90: done in 28568ms.
?[33m[warning]?[0m [phantom] Loading resource failed with status=fail (HTTP 200): https://www.spidasoftware.com/projectmanager/formTemplate/edit/96920
?[32;1m[debug]?[0m [phantom] url changed to "https://www.spidasoftware.com/projectmanager/formTemplate/edit/96920"
?[32;1m[debug]?[0m [phantom] Successfully injected Casper client-side utilities
?[36m[info]?[0m [phantom] Step _step 85/90 https://www.spidasoftware.com/projectmanager/formTemplate/edit/96920 (HTTP 200)
?[36m[info]?[0m [phantom] Step _step 85/90: done in 29406ms.
?[36m[info]?[0m [phantom] waitFor() finished in 48ms.
?[36m[info]?[0m [phantom] Step anonymous 86/91 https://www.spidasoftware.com/projectmanager/formTemplate/edit/96920 (HTTP 200)
?[36m[info]?[0m [phantom] Step anonymous 86/91: done in 29478ms.
?[36m[info]?[0m [phantom] Step anonymous 87/91 https://www.spidasoftware.com/projectmanager/formTemplate/edit/96920 (HTTP 200)
?[36m[info]?[0m [phantom] Step anonymous 87/91: done in 29506ms.
?[36m[info]?[0m [phantom] Step anonymous 88/91 https://www.spidasoftware.com/projectmanager/formTemplate/edit/96920 (HTTP 200)
?[36m[info]?[0m [phantom] Step anonymous 88/91: done in 29524ms.
?[36m[info]?[0m [phantom] Step _step 89/92 https://www.spidasoftware.com/projectmanager/formTemplate/edit/96920 (HTTP 200)
?[36m[info]?[0m [phantom] Step _step 89/92: done in 29549ms.
?[32;1m[debug]?[0m [phantom] Navigation requested: url=https://www.spidasoftware.com/projectmanager/formTemplate/list?offset=0&max=10&sort=name&order=asc, type=BackOrForward, willNavigate=true, isMainFrame=true
?[33m[warning]?[0m [phantom] Loading resource failed with status=fail (HTTP 200): https://www.spidasoftware.com/projectmanager/formTemplate/list?offset=0&max=10&sort=name&order=asc
?[32;1m[debug]?[0m [phantom] url changed to "https://www.spidasoftware.com/projectmanager/formTemplate/list?offset=0&max=10&sort=name&order=asc"
?[32;1m[debug]?[0m [phantom] Successfully injected Casper client-side utilities
?[36m[info]?[0m [phantom] Step _step 90/92 https://www.spidasoftware.com/projectmanager/formTemplate/list?offset=0&max=10&sort=name&order=asc (HTTP 200)
?[36m[info]?[0m [phantom] Step _step 90/92: done in 30285ms.
?[36m[info]?[0m [phantom] waitFor() finished in 44ms.
?[36m[info]?[0m [phantom] Step anonymous 91/93 https://www.spidasoftware.com/projectmanager/formTemplate/list?offset=0&max=10&sort=name&order=asc (HTTP 200)
?[36m[info]?[0m [phantom] Step anonymous 91/93: done in 30352ms.
?[32;1m[debug]?[0m [phantom] opening url: https://www.spidasoftware.com/projectmanager/formTemplate/list?offset=10&max=10&sort=name&order=asc, HTTP GET
?[32;1m[debug]?[0m [phantom] Navigation requested: url=https://www.spidasoftware.com/projectmanager/formTemplate/list?offset=10&max=10&sort=name&order=asc, type=Other, willNavigate=true, isMainFrame=true
?[33m[warning]?[0m [phantom] Loading resource failed with status=fail (HTTP 200): https://www.spidasoftware.com/projectmanager/formTemplate/list?offset=10&max=10&sort=name&order=asc
?[32;1m[debug]?[0m [phantom] url changed to "https://www.spidasoftware.com/projectmanager/formTemplate/list?offset=10&max=10&sort=name&order=asc"
?[32;1m[debug]?[0m [phantom] Successfully injected Casper client-side utilities
?[36m[info]?[0m [phantom] Step anonymous 93/93 https://www.spidasoftware.com/projectmanager/formTemplate/list?offset=10&max=10&sort=name&order=asc (HTTP 200)
?[36m[info]?[0m [phantom] Step anonymous 93/93: done in 31125ms.
?[36m[info]?[0m [phantom] Step _step 94/94 https://www.spidasoftware.com/projectmanager/formTemplate/list?offset=10&max=10&sort=name&order=asc (HTTP 200)
?[36m[info]?[0m [phantom] Step _step 94/94: done in 31147ms.
?[36m[info]?[0m [phantom] waitFor() finished in 45ms.
?[36m[info]?[0m [phantom] Step anonymous 95/95 https://www.spidasoftware.com/projectmanager/formTemplate/list?offset=10&max=10&sort=name&order=asc (HTTP 200)
Stored screenshot of form: Pole Inventory
?[36m[info]?[0m [phantom] Step anonymous 95/95: done in 31220ms.
?[36m[info]?[0m [phantom] Step clickForm 96/100 https://www.spidasoftware.com/projectmanager/formTemplate/list?offset=10&max=10&sort=name&order=asc (HTTP 200)
?[32;1m[debug]?[0m [phantom] Mouse event 'mousedown' on selector: xpath selector: //*[text()="Pole Inventory"]
?[32;1m[debug]?[0m [phantom] Mouse event 'mouseup' on selector: xpath selector: //*[text()="Pole Inventory"]
?[32;1m[debug]?[0m [phantom] Mouse event 'click' on selector: xpath selector: //*[text()="Pole Inventory"]
?[32;1m[debug]?[0m [phantom] Navigation requested: url=https://www.spidasoftware.com/projectmanager/formTemplate/edit/96902, type=LinkClicked, willNavigate=true, isMainFrame=true
?[36m[info]?[0m [phantom] Step clickForm 96/100: done in 31249ms.
?[33m[warning]?[0m [phantom] Loading resource failed with status=fail (HTTP 200): https://www.spidasoftware.com/projectmanager/formTemplate/edit/96902
?[32;1m[debug]?[0m [phantom] url changed to "https://www.spidasoftware.com/projectmanager/formTemplate/edit/96902"
?[32;1m[debug]?[0m [phantom] Successfully injected Casper client-side utilities
?[36m[info]?[0m [phantom] Step _step 97/100 https://www.spidasoftware.com/projectmanager/formTemplate/edit/96902 (HTTP 200)
?[36m[info]?[0m [phantom] Step _step 97/100: done in 32122ms.
?[36m[info]?[0m [phantom] waitFor() finished in 45ms.
?[36m[info]?[0m [phantom] Step anonymous 98/101 https://www.spidasoftware.com/projectmanager/formTemplate/edit/96902 (HTTP 200)
?[36m[info]?[0m [phantom] Step anonymous 98/101: done in 32197ms.
?[36m[info]?[0m [phantom] Step anonymous 99/101 https://www.spidasoftware.com/projectmanager/formTemplate/edit/96902 (HTTP 200)
?[36m[info]?[0m [phantom] Step anonymous 99/101: done in 32224ms.
?[36m[info]?[0m [phantom] Step anonymous 100/101 https://www.spidasoftware.com/projectmanager/formTemplate/edit/96902 (HTTP 200)
?[36m[info]?[0m [phantom] Step anonymous 100/101: done in 32244ms.
?[36m[info]?[0m [phantom] Step _step 101/102 https://www.spidasoftware.com/projectmanager/formTemplate/edit/96902 (HTTP 200)
?[36m[info]?[0m [phantom] Step _step 101/102: done in 32265ms.
?[32;1m[debug]?[0m [phantom] Navigation requested: url=https://www.spidasoftware.com/projectmanager/formTemplate/list?offset=10&max=10&sort=name&order=asc, type=BackOrForward, willNavigate=true, isMainFrame=true
?[33m[warning]?[0m [phantom] Loading resource failed with status=fail (HTTP 200): https://www.spidasoftware.com/projectmanager/formTemplate/list?offset=10&max=10&sort=name&order=asc
?[32;1m[debug]?[0m [phantom] url changed to "https://www.spidasoftware.com/projectmanager/formTemplate/list?offset=10&max=10&sort=name&order=asc"
?[32;1m[debug]?[0m [phantom] Successfully injected Casper client-side utilities
?[36m[info]?[0m [phantom] Step _step 102/102 https://www.spidasoftware.com/projectmanager/formTemplate/list?offset=10&max=10&sort=name&order=asc (HTTP 200)
?[36m[info]?[0m [phantom] Step _step 102/102: done in 32743ms.
?[36m[info]?[0m [phantom] waitFor() finished in 50ms.
?[36m[info]?[0m [phantom] Step anonymous 103/103 https://www.spidasoftware.com/projectmanager/formTemplate/list?offset=10&max=10&sort=name&order=asc (HTTP 200)
?[36m[info]?[0m [phantom] Step anonymous 103/103: done in 32816ms.
?[36m[info]?[0m [phantom] Done 103 steps in 32836ms
Forms to generate: 
0: Make Ready Engineering
1: Advance Route Review
2: MRE Review
3: Application
4: Assign Engineer
5: Pole Inventory
6: Permit Submission Checklist
7: Conflicting Permit Check
8: MRE Engineer Analysis Review
9: Permit Closure Checklist
?[36m[info]?[0m [phantom] Starting...
?[36m[info]?[0m [phantom] Execution timeout set to 12000ms
?[36m[info]?[0m [phantom] Running suite: 20 steps
?[32;1m[debug]?[0m [phantom] opening url: file:///Users/zpeugh/code/min/scripts/flowdocument/Resources/formHtmls/Make Ready Engineering.html, HTTP GET
?[32;1m[debug]?[0m [phantom] Navigation requested: url=file:///Users/zpeugh/code/min/scripts/flowdocument/Resources/formHtmls/Make Ready Engineering.html, type=Other, willNavigate=true, isMainFrame=true
?[32;1m[debug]?[0m [phantom] url changed to "file:///Users/zpeugh/code/min/scripts/flowdocument/Resources/formHtmls/Make Ready Engineering.html"
?[32;1m[debug]?[0m [phantom] Successfully injected Casper client-side utilities
?[36m[info]?[0m [phantom] Step anonymous 2/20: done in 50ms.
?[36m[info]?[0m [phantom] Step _step 3/23: done in 74ms.
?[36m[info]?[0m [phantom] waitFor() finished in 53ms.
?[32;1m[debug]?[0m [phantom] Capturing page to /Users/zpeugh/code/min/scripts/flowdocument/Resources/formHtmls/formPNGs/Make Ready Engineering.png with clipRect {"top":13,"height":482,"left":8,"width":808}
?[36m[info]?[0m [phantom] Capture saved to /Users/zpeugh/code/min/scripts/flowdocument/Resources/formHtmls/formPNGs/Make Ready Engineering.png
?[36m[info]?[0m [phantom] Step anonymous 4/24: done in 254ms.
?[36m[info]?[0m [phantom] Step anonymous 5/24: done in 257ms.
?[36m[info]?[0m [phantom] Step _step 6/24: done in 275ms.
?[36m[info]?[0m [phantom] waitFor() finished in 44ms.
?[32;1m[debug]?[0m [phantom] opening url: file:///Users/zpeugh/code/min/scripts/flowdocument/Resources/formHtmls/Advance Route Review.html, HTTP GET
?[32;1m[debug]?[0m [phantom] Navigation requested: url=file:///Users/zpeugh/code/min/scripts/flowdocument/Resources/formHtmls/Advance Route Review.html, type=Other, willNavigate=true, isMainFrame=true
?[32;1m[debug]?[0m [phantom] url changed to "file:///Users/zpeugh/code/min/scripts/flowdocument/Resources/formHtmls/Advance Route Review.html"
?[32;1m[debug]?[0m [phantom] Successfully injected Casper client-side utilities
?[36m[info]?[0m [phantom] Step anonymous 8/24: done in 374ms.
?[36m[info]?[0m [phantom] Step _step 9/27: done in 398ms.
?[36m[info]?[0m [phantom] waitFor() finished in 49ms.
?[32;1m[debug]?[0m [phantom] Capturing page to /Users/zpeugh/code/min/scripts/flowdocument/Resources/formHtmls/formPNGs/Advance Route Review.png with clipRect {"top":13,"height":368,"left":8,"width":808}
?[36m[info]?[0m [phantom] Capture saved to /Users/zpeugh/code/min/scripts/flowdocument/Resources/formHtmls/formPNGs/Advance Route Review.png
?[36m[info]?[0m [phantom] Step anonymous 10/28: done in 541ms.
?[36m[info]?[0m [phantom] Step anonymous 11/28: done in 542ms.
?[36m[info]?[0m [phantom] Step _step 12/28: done in 568ms.
?[36m[info]?[0m [phantom] waitFor() finished in 55ms.
?[32;1m[debug]?[0m [phantom] opening url: file:///Users/zpeugh/code/min/scripts/flowdocument/Resources/formHtmls/MRE Review.html, HTTP GET
?[32;1m[debug]?[0m [phantom] Navigation requested: url=file:///Users/zpeugh/code/min/scripts/flowdocument/Resources/formHtmls/MRE Review.html, type=Other, willNavigate=true, isMainFrame=true
?[32;1m[debug]?[0m [phantom] url changed to "file:///Users/zpeugh/code/min/scripts/flowdocument/Resources/formHtmls/MRE Review.html"
?[32;1m[debug]?[0m [phantom] Successfully injected Casper client-side utilities
?[36m[info]?[0m [phantom] Step anonymous 14/28: done in 667ms.
?[36m[info]?[0m [phantom] Step _step 15/31: done in 691ms.
?[36m[info]?[0m [phantom] waitFor() finished in 58ms.
?[32;1m[debug]?[0m [phantom] Capturing page to /Users/zpeugh/code/min/scripts/flowdocument/Resources/formHtmls/formPNGs/MRE Review.png with clipRect {"top":13,"height":184,"left":8,"width":808}
?[36m[info]?[0m [phantom] Capture saved to /Users/zpeugh/code/min/scripts/flowdocument/Resources/formHtmls/formPNGs/MRE Review.png
?[36m[info]?[0m [phantom] Step anonymous 16/32: done in 828ms.
?[36m[info]?[0m [phantom] Step anonymous 17/32: done in 830ms.
?[36m[info]?[0m [phantom] Step _step 18/32: done in 855ms.
?[36m[info]?[0m [phantom] waitFor() finished in 43ms.
?[32;1m[debug]?[0m [phantom] opening url: file:///Users/zpeugh/code/min/scripts/flowdocument/Resources/formHtmls/Application.html, HTTP GET
?[32;1m[debug]?[0m [phantom] Navigation requested: url=file:///Users/zpeugh/code/min/scripts/flowdocument/Resources/formHtmls/Application.html, type=Other, willNavigate=true, isMainFrame=true
?[32;1m[debug]?[0m [phantom] url changed to "file:///Users/zpeugh/code/min/scripts/flowdocument/Resources/formHtmls/Application.html"
?[32;1m[debug]?[0m [phantom] Successfully injected Casper client-side utilities
?[36m[info]?[0m [phantom] Step anonymous 20/32: done in 949ms.
?[36m[info]?[0m [phantom] Step _step 21/35: done in 963ms.
?[36m[info]?[0m [phantom] waitFor() finished in 48ms.
?[32;1m[debug]?[0m [phantom] Capturing page to /Users/zpeugh/code/min/scripts/flowdocument/Resources/formHtmls/formPNGs/Application.png with clipRect {"top":13,"height":961,"left":8,"width":808}
?[36m[info]?[0m [phantom] Capture saved to /Users/zpeugh/code/min/scripts/flowdocument/Resources/formHtmls/formPNGs/Application.png
?[36m[info]?[0m [phantom] Step anonymous 22/36: done in 1174ms.
?[36m[info]?[0m [phantom] Step anonymous 23/36: done in 1178ms.
?[36m[info]?[0m [phantom] Step _step 24/36: done in 1200ms.
?[36m[info]?[0m [phantom] waitFor() finished in 51ms.
?[32;1m[debug]?[0m [phantom] opening url: file:///Users/zpeugh/code/min/scripts/flowdocument/Resources/formHtmls/Assign Engineer.html, HTTP GET
?[32;1m[debug]?[0m [phantom] Navigation requested: url=file:///Users/zpeugh/code/min/scripts/flowdocument/Resources/formHtmls/Assign Engineer.html, type=Other, willNavigate=true, isMainFrame=true
?[32;1m[debug]?[0m [phantom] url changed to "file:///Users/zpeugh/code/min/scripts/flowdocument/Resources/formHtmls/Assign Engineer.html"
?[32;1m[debug]?[0m [phantom] Successfully injected Casper client-side utilities
?[36m[info]?[0m [phantom] Step anonymous 26/36: done in 1300ms.
?[36m[info]?[0m [phantom] Step _step 27/39: done in 1326ms.
?[36m[info]?[0m [phantom] waitFor() finished in 41ms.
?[32;1m[debug]?[0m [phantom] Capturing page to /Users/zpeugh/code/min/scripts/flowdocument/Resources/formHtmls/formPNGs/Assign Engineer.png with clipRect {"top":13,"height":184,"left":8,"width":808}
?[36m[info]?[0m [phantom] Capture saved to /Users/zpeugh/code/min/scripts/flowdocument/Resources/formHtmls/formPNGs/Assign Engineer.png
?[36m[info]?[0m [phantom] Step anonymous 28/40: done in 1448ms.
?[36m[info]?[0m [phantom] Step anonymous 29/40: done in 1449ms.
?[36m[info]?[0m [phantom] Step _step 30/40: done in 1470ms.
?[36m[info]?[0m [phantom] waitFor() finished in 43ms.
?[32;1m[debug]?[0m [phantom] opening url: file:///Users/zpeugh/code/min/scripts/flowdocument/Resources/formHtmls/Pole Inventory.html, HTTP GET
?[32;1m[debug]?[0m [phantom] Navigation requested: url=file:///Users/zpeugh/code/min/scripts/flowdocument/Resources/formHtmls/Pole Inventory.html, type=Other, willNavigate=true, isMainFrame=true
?[32;1m[debug]?[0m [phantom] url changed to "file:///Users/zpeugh/code/min/scripts/flowdocument/Resources/formHtmls/Pole Inventory.html"
?[32;1m[debug]?[0m [phantom] Successfully injected Casper client-side utilities
?[36m[info]?[0m [phantom] Step anonymous 32/40: done in 1564ms.
?[36m[info]?[0m [phantom] Step _step 33/43: done in 1589ms.
?[36m[info]?[0m [phantom] waitFor() finished in 55ms.
?[32;1m[debug]?[0m [phantom] Capturing page to /Users/zpeugh/code/min/scripts/flowdocument/Resources/formHtmls/formPNGs/Pole Inventory.png with clipRect {"top":13,"height":377,"left":8,"width":808}
?[36m[info]?[0m [phantom] Capture saved to /Users/zpeugh/code/min/scripts/flowdocument/Resources/formHtmls/formPNGs/Pole Inventory.png
?[36m[info]?[0m [phantom] Step anonymous 34/44: done in 1754ms.
?[36m[info]?[0m [phantom] Step anonymous 35/44: done in 1756ms.
?[36m[info]?[0m [phantom] Step _step 36/44: done in 1777ms.
?[36m[info]?[0m [phantom] waitFor() finished in 46ms.
?[32;1m[debug]?[0m [phantom] opening url: file:///Users/zpeugh/code/min/scripts/flowdocument/Resources/formHtmls/Permit Submission Checklist.html, HTTP GET
?[32;1m[debug]?[0m [phantom] Navigation requested: url=file:///Users/zpeugh/code/min/scripts/flowdocument/Resources/formHtmls/Permit Submission Checklist.html, type=Other, willNavigate=true, isMainFrame=true
?[32;1m[debug]?[0m [phantom] url changed to "file:///Users/zpeugh/code/min/scripts/flowdocument/Resources/formHtmls/Permit Submission Checklist.html"
?[32;1m[debug]?[0m [phantom] Successfully injected Casper client-side utilities
?[36m[info]?[0m [phantom] Step anonymous 38/44: done in 1878ms.
?[36m[info]?[0m [phantom] Step _step 39/47: done in 1899ms.
?[36m[info]?[0m [phantom] waitFor() finished in 49ms.
?[32;1m[debug]?[0m [phantom] Capturing page to /Users/zpeugh/code/min/scripts/flowdocument/Resources/formHtmls/formPNGs/Permit Submission Checklist.png with clipRect {"top":13,"height":184,"left":8,"width":808}
?[36m[info]?[0m [phantom] Capture saved to /Users/zpeugh/code/min/scripts/flowdocument/Resources/formHtmls/formPNGs/Permit Submission Checklist.png
?[36m[info]?[0m [phantom] Step anonymous 40/48: done in 2029ms.
?[36m[info]?[0m [phantom] Step anonymous 41/48: done in 2030ms.
?[36m[info]?[0m [phantom] Step _step 42/48: done in 2051ms.
?[36m[info]?[0m [phantom] waitFor() finished in 51ms.
?[32;1m[debug]?[0m [phantom] opening url: file:///Users/zpeugh/code/min/scripts/flowdocument/Resources/formHtmls/Conflicting Permit Check.html, HTTP GET
?[32;1m[debug]?[0m [phantom] Navigation requested: url=file:///Users/zpeugh/code/min/scripts/flowdocument/Resources/formHtmls/Conflicting Permit Check.html, type=Other, willNavigate=true, isMainFrame=true
?[32;1m[debug]?[0m [phantom] url changed to "file:///Users/zpeugh/code/min/scripts/flowdocument/Resources/formHtmls/Conflicting Permit Check.html"
?[32;1m[debug]?[0m [phantom] Successfully injected Casper client-side utilities
?[36m[info]?[0m [phantom] Step anonymous 44/48: done in 2157ms.
?[36m[info]?[0m [phantom] Step _step 45/51: done in 2183ms.
?[36m[info]?[0m [phantom] waitFor() finished in 44ms.
?[32;1m[debug]?[0m [phantom] Capturing page to /Users/zpeugh/code/min/scripts/flowdocument/Resources/formHtmls/formPNGs/Conflicting Permit Check.png with clipRect {"top":13,"height":368,"left":8,"width":808}
?[36m[info]?[0m [phantom] Capture saved to /Users/zpeugh/code/min/scripts/flowdocument/Resources/formHtmls/formPNGs/Conflicting Permit Check.png
?[36m[info]?[0m [phantom] Step anonymous 46/52: done in 2326ms.
?[36m[info]?[0m [phantom] Step anonymous 47/52: done in 2327ms.
?[36m[info]?[0m [phantom] Step _step 48/52: done in 2349ms.
?[36m[info]?[0m [phantom] waitFor() finished in 42ms.
?[32;1m[debug]?[0m [phantom] opening url: file:///Users/zpeugh/code/min/scripts/flowdocument/Resources/formHtmls/MRE Engineer Analysis Review.html, HTTP GET
?[32;1m[debug]?[0m [phantom] Navigation requested: url=file:///Users/zpeugh/code/min/scripts/flowdocument/Resources/formHtmls/MRE Engineer Analysis Review.html, type=Other, willNavigate=true, isMainFrame=true
?[32;1m[debug]?[0m [phantom] url changed to "file:///Users/zpeugh/code/min/scripts/flowdocument/Resources/formHtmls/MRE Engineer Analysis Review.html"
?[32;1m[debug]?[0m [phantom] Successfully injected Casper client-side utilities
?[36m[info]?[0m [phantom] Step anonymous 50/52: done in 2437ms.
?[36m[info]?[0m [phantom] Step _step 51/55: done in 2464ms.
?[36m[info]?[0m [phantom] waitFor() finished in 51ms.
?[32;1m[debug]?[0m [phantom] Capturing page to /Users/zpeugh/code/min/scripts/flowdocument/Resources/formHtmls/formPNGs/MRE Engineer Analysis Review.png with clipRect {"top":13,"height":368,"left":8,"width":808}
?[36m[info]?[0m [phantom] Capture saved to /Users/zpeugh/code/min/scripts/flowdocument/Resources/formHtmls/formPNGs/MRE Engineer Analysis Review.png
?[36m[info]?[0m [phantom] Step anonymous 52/56: done in 2618ms.
?[36m[info]?[0m [phantom] Step anonymous 53/56: done in 2620ms.
?[36m[info]?[0m [phantom] Step _step 54/56: done in 2640ms.
?[36m[info]?[0m [phantom] waitFor() finished in 52ms.
?[32;1m[debug]?[0m [phantom] opening url: file:///Users/zpeugh/code/min/scripts/flowdocument/Resources/formHtmls/Permit Closure Checklist.html, HTTP GET
?[32;1m[debug]?[0m [phantom] Navigation requested: url=file:///Users/zpeugh/code/min/scripts/flowdocument/Resources/formHtmls/Permit Closure Checklist.html, type=Other, willNavigate=true, isMainFrame=true
?[32;1m[debug]?[0m [phantom] url changed to "file:///Users/zpeugh/code/min/scripts/flowdocument/Resources/formHtmls/Permit Closure Checklist.html"
?[32;1m[debug]?[0m [phantom] Successfully injected Casper client-side utilities
?[36m[info]?[0m [phantom] Step anonymous 56/56: done in 2741ms.
?[36m[info]?[0m [phantom] Step _step 57/59: done in 2765ms.
?[36m[info]?[0m [phantom] waitFor() finished in 50ms.
?[32;1m[debug]?[0m [phantom] Capturing page to /Users/zpeugh/code/min/scripts/flowdocument/Resources/formHtmls/formPNGs/Permit Closure Checklist.png with clipRect {"top":13,"height":850,"left":8,"width":808}
?[36m[info]?[0m [phantom] Capture saved to /Users/zpeugh/code/min/scripts/flowdocument/Resources/formHtmls/formPNGs/Permit Closure Checklist.png
?[36m[info]?[0m [phantom] Step anonymous 58/60: done in 2965ms.
?[36m[info]?[0m [phantom] Step anonymous 59/60: done in 2968ms.
?[36m[info]?[0m [phantom] Step _step 60/60: done in 2993ms.
?[36m[info]?[0m [phantom] waitFor() finished in 50ms.
?[36m[info]?[0m [phantom] Done 60 steps in 3063ms
All forms: [Make Ready Engineering, Advance Route Review, MRE Review, Application, Assign Engineer, Pole Inventory, Permit Submission Checklist, Conflicting Permit Check, MRE Engineer Analysis Review, Permit Closure Checklist]
Missed Forms: null
company name: DG2
flow Name: North Carolina Make Ready Process
2: Email EPC Engineer from form: FOC Installation Complete
3: Assign Engineer  from Assign Engineer Form-Remove Others
4: Assign EPC Engineer-From Form-Don't Remove Others
5: Assign MRC Electric Contractor-Don't Remove Others
6: Assign MRC Communication Contractor from Application Form-Remove Others
7: Remove Engineer From Assign Engineer Form
8: Assign to Duke North Engineer Supervisor UG-Remove Others
9: Assign MRC Communication Contractor from App Form-Don't Remove Others
10: Assign MRE Contractor from form-Remove Others
11: Email Duke JU-Permit Authorized for Construction
12: Assign Central Engineer Supervisor UG-Remove Others
13: Assign EPC Engineer-From Form-Remove Others
14: Assign Duke Construction UG-Don't Remove Others
15: Assign Engineer from Assign Engineer form-Don't Remove Others
16: Assign Mark Brooks (need email address)
17: Email EPC Engineer-Permit Authorized for Construction
18: Assign FOC Contractor From Form-Remove Others
19: Email EPC Design-From Form-Field Pole Survey Completed
20: Assign Duke IJUS Usergroup-Don't Remove Others
21: Assign Doug Everheart (need email address)
22: Assign Duke Construction UG-Remove Others
23: Assign Waylon Blakely (need email address)
24: Email EPC Engineer-Field Pole Survey Completed
25: Assign Creator-Remove Others
26: Email Assignee(s): Project in Advance Route Review for 2 Weeks
27: Assign Duke Finance UG-Don't Remove Others
28: Populate Pole IDs in Pole Inventory FOrm
29: Email Assignees: Project in Pole-by-Pole Review for 2 Weeks
30: Email Assignees: IJUS Complete-No Conflicting Permits
31: Email Assignees: IJUS Review Complete-Conflicting Permits Found
32: Set Stations to Permit Check
33: Set Stations to "Conflicting Permit Check"
34: Email Project Creator-Territory and Zone Mismatch
?[36m[info]?[0m [phantom] Starting...
?[36m[info]?[0m [phantom] Execution timeout set to 10000ms
?[36m[info]?[0m [phantom] Running suite: 13 steps
?[32;1m[debug]?[0m [phantom] opening url: https://www.spidasoftware.com/projectmanager/, HTTP GET
?[32;1m[debug]?[0m [phantom] Navigation requested: url=https://www.spidasoftware.com/projectmanager/, type=Other, willNavigate=true, isMainFrame=true
?[32;1m[debug]?[0m [phantom] Navigation requested: url=https://www.spidasoftware.com/cas/login?service=https://www.spidasoftware.com/projectmanager/j_spring_cas_security_check, type=Other, willNavigate=true, isMainFrame=true
?[32;1m[debug]?[0m [phantom] url changed to "https://www.spidasoftware.com/cas/login?service=https://www.spidasoftware.com/projectmanager/j_spring_cas_security_check"
?[32;1m[debug]?[0m [phantom] Successfully injected Casper client-side utilities
?[32;1m[debug]?[0m [phantom] start page is loaded
?[36m[info]?[0m [phantom] Step login 3/13 https://www.spidasoftware.com/cas/login?service=https://www.spidasoftware.com/projectmanager/j_spring_cas_security_check (HTTP 200)
?[36m[info]?[0m [remote] attempting to fetch form element from selector: 'form#fm1'
?[32;1m[debug]?[0m [remote] Set "username" field value to admin@spidasoftware.com
?[32;1m[debug]?[0m [remote] Set "password" field value to ***************
?[36m[info]?[0m [remote] submitting form to /cas/login;jsessionid=4385EDEECB55D7436D34B95620FD33CD?service=https%3A%2F%2Fwww.spidasoftware.com%2Fprojectmanager%2Fj_spring_cas_security_check, HTTP POST
?[36m[info]?[0m [phantom] Step login 3/13: done in 1012ms.
?[32;1m[debug]?[0m [phantom] Navigation requested: url=https://www.spidasoftware.com/cas/login;jsessionid=4385EDEECB55D7436D34B95620FD33CD?service=https://www.spidasoftware.com/projectmanager/j_spring_cas_security_check, type=FormSubmitted, willNavigate=true, isMainFrame=true
?[32;1m[debug]?[0m [phantom] Navigation requested: url=https://www.spidasoftware.com/projectmanager/j_spring_cas_security_check?ticket=ST-344-WeXxE3qatch5k7cTjUkH-www.spidasoftware.com, type=FormSubmitted, willNavigate=true, isMainFrame=true
?[32;1m[debug]?[0m [phantom] Navigation requested: url=https://www.spidasoftware.com/projectmanager/, type=FormSubmitted, willNavigate=true, isMainFrame=true
?[32;1m[debug]?[0m [phantom] url changed to "https://www.spidasoftware.com/projectmanager/"
?[32;1m[debug]?[0m [phantom] Successfully injected Casper client-side utilities
?[36m[info]?[0m [phantom] Step _step 4/13 https://www.spidasoftware.com/projectmanager/ (HTTP 200)
?[36m[info]?[0m [phantom] Step _step 4/13: done in 5233ms.
?[36m[info]?[0m [phantom] waitFor() finished in 1241ms.
?[36m[info]?[0m [phantom] Step afterLogin 5/14 https://www.spidasoftware.com/projectmanager/ (HTTP 200)
Logged in successfully
?[36m[info]?[0m [phantom] Step afterLogin 5/14: done in 6503ms.
?[36m[info]?[0m [phantom] Step _step 6/14 https://www.spidasoftware.com/projectmanager/ (HTTP 200)
?[36m[info]?[0m [phantom] Step _step 6/14: done in 6528ms.
?[36m[info]?[0m [phantom] waitFor() finished in 55ms.
?[36m[info]?[0m [phantom] Step anonymous 7/15 https://www.spidasoftware.com/projectmanager/ (HTTP 200)
?[32;1m[debug]?[0m [phantom] Mouse event 'mousedown' on selector: xpath selector: //*[text()="DG2"]
?[32;1m[debug]?[0m [phantom] Mouse event 'mouseup' on selector: xpath selector: //*[text()="DG2"]
?[32;1m[debug]?[0m [phantom] Mouse event 'click' on selector: xpath selector: //*[text()="DG2"]
?[32;1m[debug]?[0m [phantom] Navigation requested: url=https://www.spidasoftware.com/projectmanager/#, type=LinkClicked, willNavigate=true, isMainFrame=true
?[32;1m[debug]?[0m [phantom] url changed to "https://www.spidasoftware.com/projectmanager/#"
?[36m[info]?[0m [phantom] Step anonymous 7/15: done in 6615ms.
?[32;1m[debug]?[0m [phantom] Navigation requested: url=https://www.spidasoftware.com/projectmanager/switchcompany, type=FormSubmitted, willNavigate=true, isMainFrame=true
?[33m[warning]?[0m [phantom] Loading resource failed with status=fail (HTTP 200): https://www.spidasoftware.com/projectmanager/switchcompany
?[32;1m[debug]?[0m [phantom] Navigation requested: url=https://www.spidasoftware.com/projectmanager/dashboard/index, type=FormSubmitted, willNavigate=true, isMainFrame=true
?[32;1m[debug]?[0m [phantom] url changed to "https://www.spidasoftware.com/projectmanager/dashboard/index"
?[32;1m[debug]?[0m [phantom] Successfully injected Casper client-side utilities
?[36m[info]?[0m [phantom] Step _step 8/15 https://www.spidasoftware.com/projectmanager/dashboard/index (HTTP 200)
?[36m[info]?[0m [phantom] Step _step 8/15: done in 9136ms.
?[36m[info]?[0m [phantom] waitFor() finished in 41ms.
?[36m[info]?[0m [phantom] Step anonymous 9/16 https://www.spidasoftware.com/projectmanager/dashboard/index (HTTP 200)
Logged in as: DG2
?[36m[info]?[0m [phantom] Step anonymous 9/16: done in 9195ms.
?[32;1m[debug]?[0m [phantom] opening url: https://www.spidasoftware.com/projectmanager/flow/list, HTTP GET
?[32;1m[debug]?[0m [phantom] Navigation requested: url=https://www.spidasoftware.com/projectmanager/flow/list, type=Other, willNavigate=true, isMainFrame=true
?[33m[warning]?[0m [phantom] Loading resource failed with status=fail (HTTP 200): https://www.spidasoftware.com/projectmanager/flow/list
?[32;1m[debug]?[0m [phantom] url changed to "https://www.spidasoftware.com/projectmanager/flow/list"
?[32;1m[debug]?[0m [phantom] Successfully injected Casper client-side utilities
?[36m[info]?[0m [phantom] Step openFlowList 11/16 https://www.spidasoftware.com/projectmanager/flow/list (HTTP 200)
Navigating to Flow List
?[36m[info]?[0m [phantom] Step openFlowList 11/16: done in 9891ms.
?[36m[info]?[0m [phantom] Step _step 12/16 https://www.spidasoftware.com/projectmanager/flow/list (HTTP 200)
?[36m[info]?[0m [phantom] Step _step 12/16: done in 9913ms.
?[36m[info]?[0m [phantom] waitFor() finished in 45ms.
?[36m[info]?[0m [phantom] Step clickFlow 13/17 https://www.spidasoftware.com/projectmanager/flow/list (HTTP 200)
Currently at: https://www.spidasoftware.com/projectmanager/flow/list
?[32;1m[debug]?[0m [phantom] Mouse event 'mousedown' on selector: xpath selector: //a[text()="North Carolina Make Ready Process"]
?[32;1m[debug]?[0m [phantom] Mouse event 'mouseup' on selector: xpath selector: //a[text()="North Carolina Make Ready Process"]
?[32;1m[debug]?[0m [phantom] Mouse event 'click' on selector: xpath selector: //a[text()="North Carolina Make Ready Process"]
?[32;1m[debug]?[0m [phantom] Navigation requested: url=https://www.spidasoftware.com/projectmanager/flow/edit/96853, type=LinkClicked, willNavigate=true, isMainFrame=true
?[36m[info]?[0m [phantom] Step clickFlow 13/17: done in 9994ms.
?[33m[warning]?[0m [phantom] Loading resource failed with status=fail (HTTP 200): https://www.spidasoftware.com/projectmanager/flow/edit/96853
script timed out
?[36m[info]?[0m [phantom] Step _step 14/17 https://www.spidasoftware.com/projectmanager/flow/list (HTTP 200)
?[36m[info]?[0m [phantom] Step _step 14/17: done in 10008ms.
?[32;1m[debug]?[0m [phantom] url changed to "https://www.spidasoftware.com/projectmanager/flow/edit/96853"
?[32;1m[debug]?[0m [phantom] Successfully injected Casper client-side utilities
?[36m[info]?[0m [phantom] waitFor() finished in 4442ms.
?[36m[info]?[0m [phantom] Step getOrder 15/18 https://www.spidasoftware.com/projectmanager/flow/edit/96853 (HTTP 200)
?[36m[info]?[0m [phantom] Step getOrder 15/18: done in 14549ms.
?[36m[info]?[0m [phantom] Step _step 16/18 https://www.spidasoftware.com/projectmanager/flow/edit/96853 (HTTP 200)
?[36m[info]?[0m [phantom] Step _step 16/18: done in 14553ms.
?[36m[info]?[0m [phantom] wait() finished waiting for 2000ms.
Currently at: https://www.spidasoftware.com/projectmanager/flow/edit/96853
?[32;1m[debug]?[0m [phantom] Mouse event 'mousedown' on selector: #events_table>table>tbody>tr:nth-child(1)>td:nth-child(5)>a
?[32;1m[debug]?[0m [phantom] Mouse event 'mouseup' on selector: #events_table>table>tbody>tr:nth-child(1)>td:nth-child(5)>a
?[32;1m[debug]?[0m [phantom] Mouse event 'click' on selector: #events_table>table>tbody>tr:nth-child(1)>td:nth-child(5)>a
?[32;1m[debug]?[0m [phantom] Navigation requested: url=https://www.spidasoftware.com/projectmanager/flow/edit/96853#, type=LinkClicked, willNavigate=true, isMainFrame=true
?[32;1m[debug]?[0m [phantom] url changed to "https://www.spidasoftware.com/projectmanager/flow/edit/96853#"
?[36m[info]?[0m [phantom] Step _step 17/18 https://www.spidasoftware.com/projectmanager/flow/edit/96853# (HTTP 200)
?[36m[info]?[0m [phantom] Step _step 17/18: done in 16575ms.
?[36m[info]?[0m [phantom] waitFor() finished in 2111ms.
?[36m[info]?[0m [phantom] Step clickActionTab 18/19 https://www.spidasoftware.com/projectmanager/flow/edit/96853# (HTTP 200)
?[32;1m[debug]?[0m [phantom] Mouse event 'mousedown' on selector: form>div>div>dl>dd:nth-child(2)>a
?[32;1m[debug]?[0m [phantom] Mouse event 'mouseup' on selector: form>div>div>dl>dd:nth-child(2)>a
?[32;1m[debug]?[0m [phantom] Mouse event 'click' on selector: form>div>div>dl>dd:nth-child(2)>a
?[36m[info]?[0m [phantom] Step clickActionTab 18/19: done in 18718ms.
?[36m[info]?[0m [phantom] Step _step 19/19 https://www.spidasoftware.com/projectmanager/flow/edit/96853# (HTTP 200)
?[36m[info]?[0m [phantom] Step _step 19/19: done in 18724ms.
?[36m[info]?[0m [phantom] waitFor() finished in 2980ms.
?[36m[info]?[0m [phantom] Step chooseAnAction 20/20 https://www.spidasoftware.com/projectmanager/flow/edit/96853# (HTTP 200)
Capturing action: Assign Central Engineer Supervisor UG-Remove Others...
96857
Capturing action: Assign Creator-Remove Others...
96865
Capturing action: Assign Doug Everheart (need email address)...
97116
Capturing action: Assign Duke Construction UG-Don't Remove Others...
97112
Capturing action: Assign Duke Construction UG-Remove Others...
96863
Capturing action: Assign Duke Finance UG-Don't Remove Others...
96867
Capturing action: Assign Duke IJUS Usergroup-Don't Remove Others...
96860
Capturing action: Assign Engineer from Assign Engineer form-Don't Remove Others...
96859
Capturing action: Assign Engineer  from Assign Engineer Form-Remove Others...
97097
Capturing action: Assign EPC Engineer-From Form-Don't Remove Others...
97107
Capturing action: Assign EPC Engineer-From Form-Remove Others...
96856
Capturing action: Assign FOC Contractor From Form-Remove Others...
96858
Capturing action: Assign Mark Brooks (need email address)...
97115
Capturing action: Assign MRC Communication Contractor from App Form-Don't Remove Others...
97111
Capturing action: Assign MRC Communication Contractor from Application Form-Remove Others...
97109
Capturing action: Assign MRC Electric Contractor-Don't Remove Others...
97106
Capturing action: Assign MRE Contractor from form-Remove Others...
96854
Capturing action: Assign to Duke North Engineer Supervisor UG-Remove Others...
96855
Capturing action: Assign Waylon Blakely (need email address)...
97119
Capturing action: Email Assignees: IJUS Complete-No Conflicting Permits...
96868
Capturing action: Email Assignees: IJUS Review Complete-Conflicting Permits Found...
96870
Capturing action: Email Assignee(s): Project in Advance Route Review for 2 Weeks...
96864
Capturing action: Email Assignees: Project in Pole-by-Pole Review for 2 Weeks...
96869
Capturing action: Email Duke JU-Permit Authorized for Construction...
97113
Capturing action: Email EPC Design-From Form-Field Pole Survey Completed...
96861
Capturing action: Email EPC Engineer-Field Pole Survey Completed...
96862
Capturing action: Email EPC Engineer from form: FOC Installation Complete...
97092
Capturing action: Email EPC Engineer-Permit Authorized for Construction...
97114
Capturing action: Email Project Creator-Territory and Zone Mismatch...
97085
Capturing action: Populate Pole IDs in Pole Inventory FOrm...
96866
Capturing action: Remove Engineer From Assign Engineer Form...
97108
Capturing action: Set Stations to "Conflicting Permit Check"...
97074
Capturing action: Set Stations to Permit Check...
97075
?[36m[info]?[0m [phantom] Step chooseAnAction 20/20: done in 22951ms.
?[36m[info]?[0m [phantom] Step changeOnClickValue 21/86 https://www.spidasoftware.com/projectmanager/flow/edit/96853# (HTTP 200)
?[36m[info]?[0m [phantom] Step changeOnClickValue 21/86: done in 22954ms.
?[36m[info]?[0m [phantom] Step _step 22/86 https://www.spidasoftware.com/projectmanager/flow/edit/96853# (HTTP 200)
?[36m[info]?[0m [phantom] Step _step 22/86: done in 22973ms.
?[36m[info]?[0m [phantom] wait() finished waiting for 2000ms.
?[36m[info]?[0m [phantom] Step _step 23/87 https://www.spidasoftware.com/projectmanager/flow/edit/96853# (HTTP 200)
?[36m[info]?[0m [phantom] Step _step 23/87: done in 24993ms.
?[36m[info]?[0m [phantom] waitFor() finished in 44ms.
?[36m[info]?[0m [phantom] Step waitedForJavascript 24/88 https://www.spidasoftware.com/projectmanager/flow/edit/96853# (HTTP 200)
?[32;1m[debug]?[0m [phantom] Capturing page to /Users/zpeugh/code/min/scripts/flowdocument/pngs/Assign Central Engineer Supervisor UG-Remove Others.png
?[36m[info]?[0m [phantom] Capture saved to /Users/zpeugh/code/min/scripts/flowdocument/pngs/Assign Central Engineer Supervisor UG-Remove Others.png
Captured action: Assign Central Engineer Supervisor UG-Remove Othersvalue: 96857
?[36m[info]?[0m [phantom] Step waitedForJavascript 24/88: done in 25461ms.
?[36m[info]?[0m [phantom] Step changeOnClickValue 25/88 https://www.spidasoftware.com/projectmanager/flow/edit/96853# (HTTP 200)
?[36m[info]?[0m [phantom] Step changeOnClickValue 25/88: done in 25586ms.
?[36m[info]?[0m [phantom] Step _step 26/88 https://www.spidasoftware.com/projectmanager/flow/edit/96853# (HTTP 200)
?[36m[info]?[0m [phantom] Step _step 26/88: done in 25632ms.
?[36m[info]?[0m [phantom] wait() finished waiting for 2000ms.
?[36m[info]?[0m [phantom] Step _step 27/89 https://www.spidasoftware.com/projectmanager/flow/edit/96853# (HTTP 200)
?[36m[info]?[0m [phantom] Step _step 27/89: done in 27649ms.
?[36m[info]?[0m [phantom] waitFor() finished in 42ms.
?[36m[info]?[0m [phantom] Step waitedForJavascript 28/90 https://www.spidasoftware.com/projectmanager/flow/edit/96853# (HTTP 200)
?[32;1m[debug]?[0m [phantom] Capturing page to /Users/zpeugh/code/min/scripts/flowdocument/pngs/Assign Creator-Remove Others.png
?[36m[info]?[0m [phantom] Capture saved to /Users/zpeugh/code/min/scripts/flowdocument/pngs/Assign Creator-Remove Others.png
Captured action: Assign Creator-Remove Othersvalue: 96865
?[36m[info]?[0m [phantom] Step waitedForJavascript 28/90: done in 28061ms.
?[36m[info]?[0m [phantom] Step changeOnClickValue 29/90 https://www.spidasoftware.com/projectmanager/flow/edit/96853# (HTTP 200)
?[36m[info]?[0m [phantom] Step changeOnClickValue 29/90: done in 28063ms.
?[36m[info]?[0m [phantom] Step _step 30/90 https://www.spidasoftware.com/projectmanager/flow/edit/96853# (HTTP 200)
?[36m[info]?[0m [phantom] Step _step 30/90: done in 28187ms.
?[36m[info]?[0m [phantom] wait() finished waiting for 2000ms.
?[36m[info]?[0m [phantom] Step _step 31/91 https://www.spidasoftware.com/projectmanager/flow/edit/96853# (HTTP 200)
?[36m[info]?[0m [phantom] Step _step 31/91: done in 30203ms.
?[36m[info]?[0m [phantom] waitFor() finished in 46ms.
?[36m[info]?[0m [phantom] Step waitedForJavascript 32/92 https://www.spidasoftware.com/projectmanager/flow/edit/96853# (HTTP 200)
?[32;1m[debug]?[0m [phantom] Capturing page to /Users/zpeugh/code/min/scripts/flowdocument/pngs/Assign Doug Everheart (need email address).png
?[36m[info]?[0m [phantom] Capture saved to /Users/zpeugh/code/min/scripts/flowdocument/pngs/Assign Doug Everheart (need email address).png
Captured action: Assign Doug Everheart (need email address)value: 97116
?[36m[info]?[0m [phantom] Step waitedForJavascript 32/92: done in 30676ms.
?[36m[info]?[0m [phantom] Step changeOnClickValue 33/92 https://www.spidasoftware.com/projectmanager/flow/edit/96853# (HTTP 200)
?[36m[info]?[0m [phantom] Step changeOnClickValue 33/92: done in 30678ms.
?[36m[info]?[0m [phantom] Step _step 34/92 https://www.spidasoftware.com/projectmanager/flow/edit/96853# (HTTP 200)
?[36m[info]?[0m [phantom] Step _step 34/92: done in 30798ms.
?[36m[info]?[0m [phantom] wait() finished waiting for 2000ms.
?[36m[info]?[0m [phantom] Step _step 35/93 https://www.spidasoftware.com/projectmanager/flow/edit/96853# (HTTP 200)
?[36m[info]?[0m [phantom] Step _step 35/93: done in 32814ms.
?[36m[info]?[0m [phantom] waitFor() finished in 41ms.
?[36m[info]?[0m [phantom] Step waitedForJavascript 36/94 https://www.spidasoftware.com/projectmanager/flow/edit/96853# (HTTP 200)
?[32;1m[debug]?[0m [phantom] Capturing page to /Users/zpeugh/code/min/scripts/flowdocument/pngs/Assign Duke Construction UG-Don't Remove Others.png
?[36m[info]?[0m [phantom] Capture saved to /Users/zpeugh/code/min/scripts/flowdocument/pngs/Assign Duke Construction UG-Don't Remove Others.png
Captured action: Assign Duke Construction UG-Don't Remove Othersvalue: 97112
?[36m[info]?[0m [phantom] Step waitedForJavascript 36/94: done in 33221ms.
?[36m[info]?[0m [phantom] Step changeOnClickValue 37/94 https://www.spidasoftware.com/projectmanager/flow/edit/96853# (HTTP 200)
?[36m[info]?[0m [phantom] Step changeOnClickValue 37/94: done in 33224ms.
?[36m[info]?[0m [phantom] Step _step 38/94 https://www.spidasoftware.com/projectmanager/flow/edit/96853# (HTTP 200)
?[36m[info]?[0m [phantom] Step _step 38/94: done in 33347ms.
?[36m[info]?[0m [phantom] wait() finished waiting for 2000ms.
?[36m[info]?[0m [phantom] Step _step 39/95 https://www.spidasoftware.com/projectmanager/flow/edit/96853# (HTTP 200)
?[36m[info]?[0m [phantom] Step _step 39/95: done in 35351ms.
?[36m[info]?[0m [phantom] waitFor() finished in 43ms.
?[36m[info]?[0m [phantom] Step waitedForJavascript 40/96 https://www.spidasoftware.com/projectmanager/flow/edit/96853# (HTTP 200)
?[32;1m[debug]?[0m [phantom] Capturing page to /Users/zpeugh/code/min/scripts/flowdocument/pngs/Assign Duke Construction UG-Remove Others.png
?[36m[info]?[0m [phantom] Capture saved to /Users/zpeugh/code/min/scripts/flowdocument/pngs/Assign Duke Construction UG-Remove Others.png
Captured action: Assign Duke Construction UG-Remove Othersvalue: 96863
?[36m[info]?[0m [phantom] Step waitedForJavascript 40/96: done in 35761ms.
?[36m[info]?[0m [phantom] Step changeOnClickValue 41/96 https://www.spidasoftware.com/projectmanager/flow/edit/96853# (HTTP 200)
?[36m[info]?[0m [phantom] Step changeOnClickValue 41/96: done in 35763ms.
?[36m[info]?[0m [phantom] Step _step 42/96 https://www.spidasoftware.com/projectmanager/flow/edit/96853# (HTTP 200)
?[36m[info]?[0m [phantom] Step _step 42/96: done in 35886ms.
?[36m[info]?[0m [phantom] wait() finished waiting for 2000ms.
?[36m[info]?[0m [phantom] Step _step 43/97 https://www.spidasoftware.com/projectmanager/flow/edit/96853# (HTTP 200)
?[36m[info]?[0m [phantom] Step _step 43/97: done in 37902ms.
?[36m[info]?[0m [phantom] waitFor() finished in 40ms.
?[36m[info]?[0m [phantom] Step waitedForJavascript 44/98 https://www.spidasoftware.com/projectmanager/flow/edit/96853# (HTTP 200)
?[32;1m[debug]?[0m [phantom] Capturing page to /Users/zpeugh/code/min/scripts/flowdocument/pngs/Assign Duke Finance UG-Don't Remove Others.png
?[36m[info]?[0m [phantom] Capture saved to /Users/zpeugh/code/min/scripts/flowdocument/pngs/Assign Duke Finance UG-Don't Remove Others.png
Captured action: Assign Duke Finance UG-Don't Remove Othersvalue: 96867
?[36m[info]?[0m [phantom] Step waitedForJavascript 44/98: done in 38309ms.
?[36m[info]?[0m [phantom] Step changeOnClickValue 45/98 https://www.spidasoftware.com/projectmanager/flow/edit/96853# (HTTP 200)
?[36m[info]?[0m [phantom] Step changeOnClickValue 45/98: done in 38311ms.
?[36m[info]?[0m [phantom] Step _step 46/98 https://www.spidasoftware.com/projectmanager/flow/edit/96853# (HTTP 200)
?[36m[info]?[0m [phantom] Step _step 46/98: done in 38433ms.
?[36m[info]?[0m [phantom] wait() finished waiting for 2000ms.
?[36m[info]?[0m [phantom] Step _step 47/99 https://www.spidasoftware.com/projectmanager/flow/edit/96853# (HTTP 200)
?[36m[info]?[0m [phantom] Step _step 47/99: done in 40451ms.
?[36m[info]?[0m [phantom] waitFor() finished in 43ms.
?[36m[info]?[0m [phantom] Step waitedForJavascript 48/100 https://www.spidasoftware.com/projectmanager/flow/edit/96853# (HTTP 200)
?[32;1m[debug]?[0m [phantom] Capturing page to /Users/zpeugh/code/min/scripts/flowdocument/pngs/Assign Duke IJUS Usergroup-Don't Remove Others.png
?[36m[info]?[0m [phantom] Capture saved to /Users/zpeugh/code/min/scripts/flowdocument/pngs/Assign Duke IJUS Usergroup-Don't Remove Others.png
Captured action: Assign Duke IJUS Usergroup-Don't Remove Othersvalue: 96860
?[36m[info]?[0m [phantom] Step waitedForJavascript 48/100: done in 40863ms.
?[36m[info]?[0m [phantom] Step changeOnClickValue 49/100 https://www.spidasoftware.com/projectmanager/flow/edit/96853# (HTTP 200)
?[36m[info]?[0m [phantom] Step changeOnClickValue 49/100: done in 40865ms.
?[36m[info]?[0m [phantom] Step _step 50/100 https://www.spidasoftware.com/projectmanager/flow/edit/96853# (HTTP 200)
?[36m[info]?[0m [phantom] Step _step 50/100: done in 40985ms.
?[36m[info]?[0m [phantom] wait() finished waiting for 2000ms.
?[36m[info]?[0m [phantom] Step _step 51/101 https://www.spidasoftware.com/projectmanager/flow/edit/96853# (HTTP 200)
?[36m[info]?[0m [phantom] Step _step 51/101: done in 43000ms.
?[36m[info]?[0m [phantom] waitFor() finished in 40ms.
?[36m[info]?[0m [phantom] Step waitedForJavascript 52/102 https://www.spidasoftware.com/projectmanager/flow/edit/96853# (HTTP 200)
?[32;1m[debug]?[0m [phantom] Capturing page to /Users/zpeugh/code/min/scripts/flowdocument/pngs/Assign Engineer from Assign Engineer form-Don't Remove Others.png
?[36m[info]?[0m [phantom] Capture saved to /Users/zpeugh/code/min/scripts/flowdocument/pngs/Assign Engineer from Assign Engineer form-Don't Remove Others.png
Captured action: Assign Engineer from Assign Engineer form-Don't Remove Othersvalue: 96859
?[36m[info]?[0m [phantom] Step waitedForJavascript 52/102: done in 43411ms.
?[36m[info]?[0m [phantom] Step changeOnClickValue 53/102 https://www.spidasoftware.com/projectmanager/flow/edit/96853# (HTTP 200)
?[36m[info]?[0m [phantom] Step changeOnClickValue 53/102: done in 43413ms.
?[36m[info]?[0m [phantom] Step _step 54/102 https://www.spidasoftware.com/projectmanager/flow/edit/96853# (HTTP 200)
?[36m[info]?[0m [phantom] Step _step 54/102: done in 43536ms.
?[36m[info]?[0m [phantom] wait() finished waiting for 2000ms.
?[36m[info]?[0m [phantom] Step _step 55/103 https://www.spidasoftware.com/projectmanager/flow/edit/96853# (HTTP 200)
?[36m[info]?[0m [phantom] Step _step 55/103: done in 45559ms.
?[36m[info]?[0m [phantom] waitFor() finished in 41ms.
?[36m[info]?[0m [phantom] Step waitedForJavascript 56/104 https://www.spidasoftware.com/projectmanager/flow/edit/96853# (HTTP 200)
?[32;1m[debug]?[0m [phantom] Capturing page to /Users/zpeugh/code/min/scripts/flowdocument/pngs/Assign Engineer  from Assign Engineer Form-Remove Others.png
?[36m[info]?[0m [phantom] Capture saved to /Users/zpeugh/code/min/scripts/flowdocument/pngs/Assign Engineer  from Assign Engineer Form-Remove Others.png
Captured action: Assign Engineer  from Assign Engineer Form-Remove Othersvalue: 97097
?[36m[info]?[0m [phantom] Step waitedForJavascript 56/104: done in 45970ms.
?[36m[info]?[0m [phantom] Step changeOnClickValue 57/104 https://www.spidasoftware.com/projectmanager/flow/edit/96853# (HTTP 200)
?[36m[info]?[0m [phantom] Step changeOnClickValue 57/104: done in 45972ms.
?[36m[info]?[0m [phantom] Step _step 58/104 https://www.spidasoftware.com/projectmanager/flow/edit/96853# (HTTP 200)
?[36m[info]?[0m [phantom] Step _step 58/104: done in 46094ms.
?[36m[info]?[0m [phantom] wait() finished waiting for 2000ms.
?[36m[info]?[0m [phantom] Step _step 59/105 https://www.spidasoftware.com/projectmanager/flow/edit/96853# (HTTP 200)
?[36m[info]?[0m [phantom] Step _step 59/105: done in 48104ms.
?[36m[info]?[0m [phantom] waitFor() finished in 43ms.
?[36m[info]?[0m [phantom] Step waitedForJavascript 60/106 https://www.spidasoftware.com/projectmanager/flow/edit/96853# (HTTP 200)
?[32;1m[debug]?[0m [phantom] Capturing page to /Users/zpeugh/code/min/scripts/flowdocument/pngs/Assign EPC Engineer-From Form-Don't Remove Others.png
?[36m[info]?[0m [phantom] Capture saved to /Users/zpeugh/code/min/scripts/flowdocument/pngs/Assign EPC Engineer-From Form-Don't Remove Others.png
Captured action: Assign EPC Engineer-From Form-Don't Remove Othersvalue: 97107
?[36m[info]?[0m [phantom] Step waitedForJavascript 60/106: done in 48521ms.
?[36m[info]?[0m [phantom] Step changeOnClickValue 61/106 https://www.spidasoftware.com/projectmanager/flow/edit/96853# (HTTP 200)
?[36m[info]?[0m [phantom] Step changeOnClickValue 61/106: done in 48523ms.
?[36m[info]?[0m [phantom] Step _step 62/106 https://www.spidasoftware.com/projectmanager/flow/edit/96853# (HTTP 200)
?[36m[info]?[0m [phantom] Step _step 62/106: done in 48645ms.
?[36m[info]?[0m [phantom] wait() finished waiting for 2000ms.
?[36m[info]?[0m [phantom] Step _step 63/107 https://www.spidasoftware.com/projectmanager/flow/edit/96853# (HTTP 200)
?[36m[info]?[0m [phantom] Step _step 63/107: done in 50668ms.
?[36m[info]?[0m [phantom] waitFor() finished in 43ms.
?[36m[info]?[0m [phantom] Step waitedForJavascript 64/108 https://www.spidasoftware.com/projectmanager/flow/edit/96853# (HTTP 200)
?[32;1m[debug]?[0m [phantom] Capturing page to /Users/zpeugh/code/min/scripts/flowdocument/pngs/Assign EPC Engineer-From Form-Remove Others.png
?[36m[info]?[0m [phantom] Capture saved to /Users/zpeugh/code/min/scripts/flowdocument/pngs/Assign EPC Engineer-From Form-Remove Others.png
Captured action: Assign EPC Engineer-From Form-Remove Othersvalue: 96856
?[36m[info]?[0m [phantom] Step waitedForJavascript 64/108: done in 51088ms.
?[36m[info]?[0m [phantom] Step changeOnClickValue 65/108 https://www.spidasoftware.com/projectmanager/flow/edit/96853# (HTTP 200)
?[36m[info]?[0m [phantom] Step changeOnClickValue 65/108: done in 51090ms.
?[36m[info]?[0m [phantom] Step _step 66/108 https://www.spidasoftware.com/projectmanager/flow/edit/96853# (HTTP 200)
?[36m[info]?[0m [phantom] Step _step 66/108: done in 51211ms.
?[36m[info]?[0m [phantom] wait() finished waiting for 2000ms.
?[36m[info]?[0m [phantom] Step _step 67/109 https://www.spidasoftware.com/projectmanager/flow/edit/96853# (HTTP 200)
?[36m[info]?[0m [phantom] Step _step 67/109: done in 53233ms.
?[36m[info]?[0m [phantom] waitFor() finished in 42ms.
?[36m[info]?[0m [phantom] Step waitedForJavascript 68/110 https://www.spidasoftware.com/projectmanager/flow/edit/96853# (HTTP 200)
?[32;1m[debug]?[0m [phantom] Capturing page to /Users/zpeugh/code/min/scripts/flowdocument/pngs/Assign FOC Contractor From Form-Remove Others.png
?[36m[info]?[0m [phantom] Capture saved to /Users/zpeugh/code/min/scripts/flowdocument/pngs/Assign FOC Contractor From Form-Remove Others.png
Captured action: Assign FOC Contractor From Form-Remove Othersvalue: 96858
?[36m[info]?[0m [phantom] Step waitedForJavascript 68/110: done in 53675ms.
?[36m[info]?[0m [phantom] Step changeOnClickValue 69/110 https://www.spidasoftware.com/projectmanager/flow/edit/96853# (HTTP 200)
?[36m[info]?[0m [phantom] Step changeOnClickValue 69/110: done in 53677ms.
?[36m[info]?[0m [phantom] Step _step 70/110 https://www.spidasoftware.com/projectmanager/flow/edit/96853# (HTTP 200)
?[36m[info]?[0m [phantom] Step _step 70/110: done in 53802ms.
?[36m[info]?[0m [phantom] wait() finished waiting for 2000ms.
?[36m[info]?[0m [phantom] Step _step 71/111 https://www.spidasoftware.com/projectmanager/flow/edit/96853# (HTTP 200)
?[36m[info]?[0m [phantom] Step _step 71/111: done in 55810ms.
?[36m[info]?[0m [phantom] waitFor() finished in 44ms.
?[36m[info]?[0m [phantom] Step waitedForJavascript 72/112 https://www.spidasoftware.com/projectmanager/flow/edit/96853# (HTTP 200)
?[32;1m[debug]?[0m [phantom] Capturing page to /Users/zpeugh/code/min/scripts/flowdocument/pngs/Assign Mark Brooks (need email address).png
?[36m[info]?[0m [phantom] Capture saved to /Users/zpeugh/code/min/scripts/flowdocument/pngs/Assign Mark Brooks (need email address).png
Captured action: Assign Mark Brooks (need email address)value: 97115
?[36m[info]?[0m [phantom] Step waitedForJavascript 72/112: done in 56226ms.
?[36m[info]?[0m [phantom] Step changeOnClickValue 73/112 https://www.spidasoftware.com/projectmanager/flow/edit/96853# (HTTP 200)
?[36m[info]?[0m [phantom] Step changeOnClickValue 73/112: done in 56228ms.
?[36m[info]?[0m [phantom] Step _step 74/112 https://www.spidasoftware.com/projectmanager/flow/edit/96853# (HTTP 200)
?[36m[info]?[0m [phantom] Step _step 74/112: done in 56352ms.
?[36m[info]?[0m [phantom] wait() finished waiting for 2000ms.
?[36m[info]?[0m [phantom] Step _step 75/113 https://www.spidasoftware.com/projectmanager/flow/edit/96853# (HTTP 200)
?[36m[info]?[0m [phantom] Step _step 75/113: done in 58369ms.
?[36m[info]?[0m [phantom] waitFor() finished in 43ms.
?[36m[info]?[0m [phantom] Step waitedForJavascript 76/114 https://www.spidasoftware.com/projectmanager/flow/edit/96853# (HTTP 200)
?[32;1m[debug]?[0m [phantom] Capturing page to /Users/zpeugh/code/min/scripts/flowdocument/pngs/Assign MRC Communication Contractor from App Form-Don't Remove Others.png
?[36m[info]?[0m [phantom] Capture saved to /Users/zpeugh/code/min/scripts/flowdocument/pngs/Assign MRC Communication Contractor from App Form-Don't Remove Others.png
Captured action: Assign MRC Communication Contractor from App Form-Don't Remove Othersvalue: 97111
?[36m[info]?[0m [phantom] Step waitedForJavascript 76/114: done in 58786ms.
?[36m[info]?[0m [phantom] Step changeOnClickValue 77/114 https://www.spidasoftware.com/projectmanager/flow/edit/96853# (HTTP 200)
?[36m[info]?[0m [phantom] Step changeOnClickValue 77/114: done in 58788ms.
?[36m[info]?[0m [phantom] Step _step 78/114 https://www.spidasoftware.com/projectmanager/flow/edit/96853# (HTTP 200)
?[36m[info]?[0m [phantom] Step _step 78/114: done in 58914ms.
?[36m[info]?[0m [phantom] wait() finished waiting for 2000ms.
?[36m[info]?[0m [phantom] Step _step 79/115 https://www.spidasoftware.com/projectmanager/flow/edit/96853# (HTTP 200)
?[36m[info]?[0m [phantom] Step _step 79/115: done in 60933ms.
?[36m[info]?[0m [phantom] waitFor() finished in 43ms.
?[36m[info]?[0m [phantom] Step waitedForJavascript 80/116 https://www.spidasoftware.com/projectmanager/flow/edit/96853# (HTTP 200)
?[32;1m[debug]?[0m [phantom] Capturing page to /Users/zpeugh/code/min/scripts/flowdocument/pngs/Assign MRC Communication Contractor from Application Form-Remove Others.png
?[36m[info]?[0m [phantom] Capture saved to /Users/zpeugh/code/min/scripts/flowdocument/pngs/Assign MRC Communication Contractor from Application Form-Remove Others.png
Captured action: Assign MRC Communication Contractor from Application Form-Remove Othersvalue: 97109
?[36m[info]?[0m [phantom] Step waitedForJavascript 80/116: done in 61350ms.
?[36m[info]?[0m [phantom] Step changeOnClickValue 81/116 https://www.spidasoftware.com/projectmanager/flow/edit/96853# (HTTP 200)
?[36m[info]?[0m [phantom] Step changeOnClickValue 81/116: done in 61353ms.
?[36m[info]?[0m [phantom] Step _step 82/116 https://www.spidasoftware.com/projectmanager/flow/edit/96853# (HTTP 200)
?[36m[info]?[0m [phantom] Step _step 82/116: done in 61479ms.
?[36m[info]?[0m [phantom] wait() finished waiting for 2000ms.
?[36m[info]?[0m [phantom] Step _step 83/117 https://www.spidasoftware.com/projectmanager/flow/edit/96853# (HTTP 200)
?[36m[info]?[0m [phantom] Step _step 83/117: done in 63483ms.
?[36m[info]?[0m [phantom] waitFor() finished in 41ms.
?[36m[info]?[0m [phantom] Step waitedForJavascript 84/118 https://www.spidasoftware.com/projectmanager/flow/edit/96853# (HTTP 200)
?[32;1m[debug]?[0m [phantom] Capturing page to /Users/zpeugh/code/min/scripts/flowdocument/pngs/Assign MRC Electric Contractor-Don't Remove Others.png
?[36m[info]?[0m [phantom] Capture saved to /Users/zpeugh/code/min/scripts/flowdocument/pngs/Assign MRC Electric Contractor-Don't Remove Others.png
Captured action: Assign MRC Electric Contractor-Don't Remove Othersvalue: 97106
?[36m[info]?[0m [phantom] Step waitedForJavascript 84/118: done in 63896ms.
?[36m[info]?[0m [phantom] Step changeOnClickValue 85/118 https://www.spidasoftware.com/projectmanager/flow/edit/96853# (HTTP 200)
?[36m[info]?[0m [phantom] Step changeOnClickValue 85/118: done in 63898ms.
?[36m[info]?[0m [phantom] Step _step 86/118 https://www.spidasoftware.com/projectmanager/flow/edit/96853# (HTTP 200)
?[36m[info]?[0m [phantom] Step _step 86/118: done in 64030ms.
?[36m[info]?[0m [phantom] wait() finished waiting for 2000ms.
?[36m[info]?[0m [phantom] Step _step 87/119 https://www.spidasoftware.com/projectmanager/flow/edit/96853# (HTTP 200)
?[36m[info]?[0m [phantom] Step _step 87/119: done in 66052ms.
?[36m[info]?[0m [phantom] waitFor() finished in 40ms.
?[36m[info]?[0m [phantom] Step waitedForJavascript 88/120 https://www.spidasoftware.com/projectmanager/flow/edit/96853# (HTTP 200)
?[32;1m[debug]?[0m [phantom] Capturing page to /Users/zpeugh/code/min/scripts/flowdocument/pngs/Assign MRE Contractor from form-Remove Others.png
?[36m[info]?[0m [phantom] Capture saved to /Users/zpeugh/code/min/scripts/flowdocument/pngs/Assign MRE Contractor from form-Remove Others.png
Captured action: Assign MRE Contractor from form-Remove Othersvalue: 96854
?[36m[info]?[0m [phantom] Step waitedForJavascript 88/120: done in 66466ms.
?[36m[info]?[0m [phantom] Step changeOnClickValue 89/120 https://www.spidasoftware.com/projectmanager/flow/edit/96853# (HTTP 200)
?[36m[info]?[0m [phantom] Step changeOnClickValue 89/120: done in 66468ms.
?[36m[info]?[0m [phantom] Step _step 90/120 https://www.spidasoftware.com/projectmanager/flow/edit/96853# (HTTP 200)
?[36m[info]?[0m [phantom] Step _step 90/120: done in 66591ms.
?[36m[info]?[0m [phantom] wait() finished waiting for 2000ms.
?[36m[info]?[0m [phantom] Step _step 91/121 https://www.spidasoftware.com/projectmanager/flow/edit/96853# (HTTP 200)
?[36m[info]?[0m [phantom] Step _step 91/121: done in 68612ms.
?[36m[info]?[0m [phantom] waitFor() finished in 45ms.
?[36m[info]?[0m [phantom] Step waitedForJavascript 92/122 https://www.spidasoftware.com/projectmanager/flow/edit/96853# (HTTP 200)
?[32;1m[debug]?[0m [phantom] Capturing page to /Users/zpeugh/code/min/scripts/flowdocument/pngs/Assign to Duke North Engineer Supervisor UG-Remove Others.png
?[36m[info]?[0m [phantom] Capture saved to /Users/zpeugh/code/min/scripts/flowdocument/pngs/Assign to Duke North Engineer Supervisor UG-Remove Others.png
Captured action: Assign to Duke North Engineer Supervisor UG-Remove Othersvalue: 96855
?[36m[info]?[0m [phantom] Step waitedForJavascript 92/122: done in 69023ms.
?[36m[info]?[0m [phantom] Step changeOnClickValue 93/122 https://www.spidasoftware.com/projectmanager/flow/edit/96853# (HTTP 200)
?[36m[info]?[0m [phantom] Step changeOnClickValue 93/122: done in 69025ms.
?[36m[info]?[0m [phantom] Step _step 94/122 https://www.spidasoftware.com/projectmanager/flow/edit/96853# (HTTP 200)
?[36m[info]?[0m [phantom] Step _step 94/122: done in 69149ms.
?[36m[info]?[0m [phantom] wait() finished waiting for 2000ms.
?[36m[info]?[0m [phantom] Step _step 95/123 https://www.spidasoftware.com/projectmanager/flow/edit/96853# (HTTP 200)
?[36m[info]?[0m [phantom] Step _step 95/123: done in 71157ms.
?[36m[info]?[0m [phantom] waitFor() finished in 43ms.
?[36m[info]?[0m [phantom] Step waitedForJavascript 96/124 https://www.spidasoftware.com/projectmanager/flow/edit/96853# (HTTP 200)
?[32;1m[debug]?[0m [phantom] Capturing page to /Users/zpeugh/code/min/scripts/flowdocument/pngs/Assign Waylon Blakely (need email address).png
?[36m[info]?[0m [phantom] Capture saved to /Users/zpeugh/code/min/scripts/flowdocument/pngs/Assign Waylon Blakely (need email address).png
Captured action: Assign Waylon Blakely (need email address)value: 97119
?[36m[info]?[0m [phantom] Step waitedForJavascript 96/124: done in 71568ms.
?[36m[info]?[0m [phantom] Step changeOnClickValue 97/124 https://www.spidasoftware.com/projectmanager/flow/edit/96853# (HTTP 200)
?[36m[info]?[0m [phantom] Step changeOnClickValue 97/124: done in 71570ms.
?[36m[info]?[0m [phantom] Step _step 98/124 https://www.spidasoftware.com/projectmanager/flow/edit/96853# (HTTP 200)
?[36m[info]?[0m [phantom] Step _step 98/124: done in 71697ms.
?[36m[info]?[0m [phantom] wait() finished waiting for 2000ms.
?[36m[info]?[0m [phantom] Step _step 99/125 https://www.spidasoftware.com/projectmanager/flow/edit/96853# (HTTP 200)
?[36m[info]?[0m [phantom] Step _step 99/125: done in 73714ms.
?[36m[info]?[0m [phantom] waitFor() finished in 44ms.
?[36m[info]?[0m [phantom] Step waitedForJavascript 100/126 https://www.spidasoftware.com/projectmanager/flow/edit/96853# (HTTP 200)
?[32;1m[debug]?[0m [phantom] Capturing page to /Users/zpeugh/code/min/scripts/flowdocument/pngs/Email Assignees: IJUS Complete-No Conflicting Permits.png
?[36m[info]?[0m [phantom] Capture saved to /Users/zpeugh/code/min/scripts/flowdocument/pngs/Email Assignees: IJUS Complete-No Conflicting Permits.png
Captured action: Email Assignees: IJUS Complete-No Conflicting Permitsvalue: 96868
?[36m[info]?[0m [phantom] Step waitedForJavascript 100/126: done in 74129ms.
?[36m[info]?[0m [phantom] Step changeOnClickValue 101/126 https://www.spidasoftware.com/projectmanager/flow/edit/96853# (HTTP 200)
?[36m[info]?[0m [phantom] Step changeOnClickValue 101/126: done in 74131ms.
?[36m[info]?[0m [phantom] Step _step 102/126 https://www.spidasoftware.com/projectmanager/flow/edit/96853# (HTTP 200)
?[36m[info]?[0m [phantom] Step _step 102/126: done in 74255ms.
?[36m[info]?[0m [phantom] wait() finished waiting for 2000ms.
?[36m[info]?[0m [phantom] Step _step 103/127 https://www.spidasoftware.com/projectmanager/flow/edit/96853# (HTTP 200)
?[36m[info]?[0m [phantom] Step _step 103/127: done in 76268ms.
?[36m[info]?[0m [phantom] waitFor() finished in 41ms.
?[36m[info]?[0m [phantom] Step waitedForJavascript 104/128 https://www.spidasoftware.com/projectmanager/flow/edit/96853# (HTTP 200)
?[32;1m[debug]?[0m [phantom] Capturing page to /Users/zpeugh/code/min/scripts/flowdocument/pngs/Email Assignees: IJUS Review Complete-Conflicting Permits Found.png
?[36m[info]?[0m [phantom] Capture saved to /Users/zpeugh/code/min/scripts/flowdocument/pngs/Email Assignees: IJUS Review Complete-Conflicting Permits Found.png
Captured action: Email Assignees: IJUS Review Complete-Conflicting Permits Foundvalue: 96870
?[36m[info]?[0m [phantom] Step waitedForJavascript 104/128: done in 76684ms.
?[36m[info]?[0m [phantom] Step changeOnClickValue 105/128 https://www.spidasoftware.com/projectmanager/flow/edit/96853# (HTTP 200)
?[36m[info]?[0m [phantom] Step changeOnClickValue 105/128: done in 76687ms.
?[36m[info]?[0m [phantom] Step _step 106/128 https://www.spidasoftware.com/projectmanager/flow/edit/96853# (HTTP 200)
?[36m[info]?[0m [phantom] Step _step 106/128: done in 76808ms.
?[36m[info]?[0m [phantom] wait() finished waiting for 2000ms.
?[36m[info]?[0m [phantom] Step _step 107/129 https://www.spidasoftware.com/projectmanager/flow/edit/96853# (HTTP 200)
?[36m[info]?[0m [phantom] Step _step 107/129: done in 78828ms.
?[36m[info]?[0m [phantom] waitFor() finished in 42ms.
?[36m[info]?[0m [phantom] Step waitedForJavascript 108/130 https://www.spidasoftware.com/projectmanager/flow/edit/96853# (HTTP 200)
?[32;1m[debug]?[0m [phantom] Capturing page to /Users/zpeugh/code/min/scripts/flowdocument/pngs/Email Assignee(s): Project in Advance Route Review for 2 Weeks.png
?[36m[info]?[0m [phantom] Capture saved to /Users/zpeugh/code/min/scripts/flowdocument/pngs/Email Assignee(s): Project in Advance Route Review for 2 Weeks.png
Captured action: Email Assignee(s): Project in Advance Route Review for 2 Weeksvalue: 96864
?[36m[info]?[0m [phantom] Step waitedForJavascript 108/130: done in 79257ms.
?[36m[info]?[0m [phantom] Step changeOnClickValue 109/130 https://www.spidasoftware.com/projectmanager/flow/edit/96853# (HTTP 200)
?[36m[info]?[0m [phantom] Step changeOnClickValue 109/130: done in 79259ms.
?[36m[info]?[0m [phantom] Step _step 110/130 https://www.spidasoftware.com/projectmanager/flow/edit/96853# (HTTP 200)
?[36m[info]?[0m [phantom] Step _step 110/130: done in 79384ms.
?[36m[info]?[0m [phantom] wait() finished waiting for 2000ms.
?[36m[info]?[0m [phantom] Step _step 111/131 https://www.spidasoftware.com/projectmanager/flow/edit/96853# (HTTP 200)
?[36m[info]?[0m [phantom] Step _step 111/131: done in 81399ms.
?[36m[info]?[0m [phantom] waitFor() finished in 44ms.
?[36m[info]?[0m [phantom] Step waitedForJavascript 112/132 https://www.spidasoftware.com/projectmanager/flow/edit/96853# (HTTP 200)
?[32;1m[debug]?[0m [phantom] Capturing page to /Users/zpeugh/code/min/scripts/flowdocument/pngs/Email Assignees: Project in Pole-by-Pole Review for 2 Weeks.png
?[36m[info]?[0m [phantom] Capture saved to /Users/zpeugh/code/min/scripts/flowdocument/pngs/Email Assignees: Project in Pole-by-Pole Review for 2 Weeks.png
Captured action: Email Assignees: Project in Pole-by-Pole Review for 2 Weeksvalue: 96869
?[36m[info]?[0m [phantom] Step waitedForJavascript 112/132: done in 81824ms.
?[36m[info]?[0m [phantom] Step changeOnClickValue 113/132 https://www.spidasoftware.com/projectmanager/flow/edit/96853# (HTTP 200)
?[36m[info]?[0m [phantom] Step changeOnClickValue 113/132: done in 81826ms.
?[36m[info]?[0m [phantom] Step _step 114/132 https://www.spidasoftware.com/projectmanager/flow/edit/96853# (HTTP 200)
?[36m[info]?[0m [phantom] Step _step 114/132: done in 81957ms.
?[36m[info]?[0m [phantom] wait() finished waiting for 2000ms.
?[36m[info]?[0m [phantom] Step _step 115/133 https://www.spidasoftware.com/projectmanager/flow/edit/96853# (HTTP 200)
?[36m[info]?[0m [phantom] Step _step 115/133: done in 83978ms.
?[36m[info]?[0m [phantom] waitFor() finished in 43ms.
?[36m[info]?[0m [phantom] Step waitedForJavascript 116/134 https://www.spidasoftware.com/projectmanager/flow/edit/96853# (HTTP 200)
?[32;1m[debug]?[0m [phantom] Capturing page to /Users/zpeugh/code/min/scripts/flowdocument/pngs/Email Duke JU-Permit Authorized for Construction.png
?[36m[info]?[0m [phantom] Capture saved to /Users/zpeugh/code/min/scripts/flowdocument/pngs/Email Duke JU-Permit Authorized for Construction.png
Captured action: Email Duke JU-Permit Authorized for Constructionvalue: 97113
?[36m[info]?[0m [phantom] Step waitedForJavascript 116/134: done in 84398ms.
?[36m[info]?[0m [phantom] Step changeOnClickValue 117/134 https://www.spidasoftware.com/projectmanager/flow/edit/96853# (HTTP 200)
?[36m[info]?[0m [phantom] Step changeOnClickValue 117/134: done in 84400ms.
?[36m[info]?[0m [phantom] Step _step 118/134 https://www.spidasoftware.com/projectmanager/flow/edit/96853# (HTTP 200)
?[36m[info]?[0m [phantom] Step _step 118/134: done in 84525ms.
?[36m[info]?[0m [phantom] wait() finished waiting for 2000ms.
?[36m[info]?[0m [phantom] Step _step 119/135 https://www.spidasoftware.com/projectmanager/flow/edit/96853# (HTTP 200)
?[36m[info]?[0m [phantom] Step _step 119/135: done in 86539ms.
?[36m[info]?[0m [phantom] waitFor() finished in 42ms.
?[36m[info]?[0m [phantom] Step waitedForJavascript 120/136 https://www.spidasoftware.com/projectmanager/flow/edit/96853# (HTTP 200)
?[32;1m[debug]?[0m [phantom] Capturing page to /Users/zpeugh/code/min/scripts/flowdocument/pngs/Email EPC Design-From Form-Field Pole Survey Completed.png
?[36m[info]?[0m [phantom] Capture saved to /Users/zpeugh/code/min/scripts/flowdocument/pngs/Email EPC Design-From Form-Field Pole Survey Completed.png
Captured action: Email EPC Design-From Form-Field Pole Survey Completedvalue: 96861
?[36m[info]?[0m [phantom] Step waitedForJavascript 120/136: done in 86964ms.
?[36m[info]?[0m [phantom] Step changeOnClickValue 121/136 https://www.spidasoftware.com/projectmanager/flow/edit/96853# (HTTP 200)
?[36m[info]?[0m [phantom] Step changeOnClickValue 121/136: done in 86966ms.
?[36m[info]?[0m [phantom] Step _step 122/136 https://www.spidasoftware.com/projectmanager/flow/edit/96853# (HTTP 200)
?[36m[info]?[0m [phantom] Step _step 122/136: done in 87090ms.
?[36m[info]?[0m [phantom] wait() finished waiting for 2000ms.
?[36m[info]?[0m [phantom] Step _step 123/137 https://www.spidasoftware.com/projectmanager/flow/edit/96853# (HTTP 200)
?[36m[info]?[0m [phantom] Step _step 123/137: done in 89115ms.
?[36m[info]?[0m [phantom] waitFor() finished in 41ms.
?[36m[info]?[0m [phantom] Step waitedForJavascript 124/138 https://www.spidasoftware.com/projectmanager/flow/edit/96853# (HTTP 200)
?[32;1m[debug]?[0m [phantom] Capturing page to /Users/zpeugh/code/min/scripts/flowdocument/pngs/Email EPC Engineer-Field Pole Survey Completed.png
?[36m[info]?[0m [phantom] Capture saved to /Users/zpeugh/code/min/scripts/flowdocument/pngs/Email EPC Engineer-Field Pole Survey Completed.png
Captured action: Email EPC Engineer-Field Pole Survey Completedvalue: 96862
?[36m[info]?[0m [phantom] Step waitedForJavascript 124/138: done in 89531ms.
?[36m[info]?[0m [phantom] Step changeOnClickValue 125/138 https://www.spidasoftware.com/projectmanager/flow/edit/96853# (HTTP 200)
?[36m[info]?[0m [phantom] Step changeOnClickValue 125/138: done in 89533ms.
?[36m[info]?[0m [phantom] Step _step 126/138 https://www.spidasoftware.com/projectmanager/flow/edit/96853# (HTTP 200)
?[36m[info]?[0m [phantom] Step _step 126/138: done in 89659ms.
?[36m[info]?[0m [phantom] wait() finished waiting for 2000ms.
?[36m[info]?[0m [phantom] Step _step 127/139 https://www.spidasoftware.com/projectmanager/flow/edit/96853# (HTTP 200)
?[36m[info]?[0m [phantom] Step _step 127/139: done in 91670ms.
?[36m[info]?[0m [phantom] waitFor() finished in 42ms.
?[36m[info]?[0m [phantom] Step waitedForJavascript 128/140 https://www.spidasoftware.com/projectmanager/flow/edit/96853# (HTTP 200)
?[32;1m[debug]?[0m [phantom] Capturing page to /Users/zpeugh/code/min/scripts/flowdocument/pngs/Email EPC Engineer from form: FOC Installation Complete.png
?[36m[info]?[0m [phantom] Capture saved to /Users/zpeugh/code/min/scripts/flowdocument/pngs/Email EPC Engineer from form: FOC Installation Complete.png
Captured action: Email EPC Engineer from form: FOC Installation Completevalue: 97092
?[36m[info]?[0m [phantom] Step waitedForJavascript 128/140: done in 92088ms.
?[36m[info]?[0m [phantom] Step changeOnClickValue 129/140 https://www.spidasoftware.com/projectmanager/flow/edit/96853# (HTTP 200)
?[36m[info]?[0m [phantom] Step changeOnClickValue 129/140: done in 92166ms.
?[36m[info]?[0m [phantom] Step _step 130/140 https://www.spidasoftware.com/projectmanager/flow/edit/96853# (HTTP 200)
?[36m[info]?[0m [phantom] Step _step 130/140: done in 92254ms.
?[36m[info]?[0m [phantom] wait() finished waiting for 2000ms.
?[36m[info]?[0m [phantom] Step _step 131/141 https://www.spidasoftware.com/projectmanager/flow/edit/96853# (HTTP 200)
?[36m[info]?[0m [phantom] Step _step 131/141: done in 94275ms.
?[36m[info]?[0m [phantom] waitFor() finished in 41ms.
?[36m[info]?[0m [phantom] Step waitedForJavascript 132/142 https://www.spidasoftware.com/projectmanager/flow/edit/96853# (HTTP 200)
?[32;1m[debug]?[0m [phantom] Capturing page to /Users/zpeugh/code/min/scripts/flowdocument/pngs/Email EPC Engineer-Permit Authorized for Construction.png
?[36m[info]?[0m [phantom] Capture saved to /Users/zpeugh/code/min/scripts/flowdocument/pngs/Email EPC Engineer-Permit Authorized for Construction.png
Captured action: Email EPC Engineer-Permit Authorized for Constructionvalue: 97114
?[36m[info]?[0m [phantom] Step waitedForJavascript 132/142: done in 94691ms.
?[36m[info]?[0m [phantom] Step changeOnClickValue 133/142 https://www.spidasoftware.com/projectmanager/flow/edit/96853# (HTTP 200)
?[36m[info]?[0m [phantom] Step changeOnClickValue 133/142: done in 94693ms.
?[36m[info]?[0m [phantom] Step _step 134/142 https://www.spidasoftware.com/projectmanager/flow/edit/96853# (HTTP 200)
?[36m[info]?[0m [phantom] Step _step 134/142: done in 94819ms.
?[36m[info]?[0m [phantom] wait() finished waiting for 2000ms.
?[36m[info]?[0m [phantom] Step _step 135/143 https://www.spidasoftware.com/projectmanager/flow/edit/96853# (HTTP 200)
?[36m[info]?[0m [phantom] Step _step 135/143: done in 96841ms.
?[36m[info]?[0m [phantom] waitFor() finished in 45ms.
?[36m[info]?[0m [phantom] Step waitedForJavascript 136/144 https://www.spidasoftware.com/projectmanager/flow/edit/96853# (HTTP 200)
?[32;1m[debug]?[0m [phantom] Capturing page to /Users/zpeugh/code/min/scripts/flowdocument/pngs/Email Project Creator-Territory and Zone Mismatch.png
?[36m[info]?[0m [phantom] Capture saved to /Users/zpeugh/code/min/scripts/flowdocument/pngs/Email Project Creator-Territory and Zone Mismatch.png
Captured action: Email Project Creator-Territory and Zone Mismatchvalue: 97085
?[36m[info]?[0m [phantom] Step waitedForJavascript 136/144: done in 97258ms.
?[36m[info]?[0m [phantom] Step changeOnClickValue 137/144 https://www.spidasoftware.com/projectmanager/flow/edit/96853# (HTTP 200)
?[36m[info]?[0m [phantom] Step changeOnClickValue 137/144: done in 97260ms.
?[36m[info]?[0m [phantom] Step _step 138/144 https://www.spidasoftware.com/projectmanager/flow/edit/96853# (HTTP 200)
?[36m[info]?[0m [phantom] Step _step 138/144: done in 97386ms.
?[36m[info]?[0m [phantom] wait() finished waiting for 2000ms.
?[36m[info]?[0m [phantom] Step _step 139/145 https://www.spidasoftware.com/projectmanager/flow/edit/96853# (HTTP 200)
?[36m[info]?[0m [phantom] Step _step 139/145: done in 99391ms.
?[36m[info]?[0m [phantom] waitFor() finished in 40ms.
?[36m[info]?[0m [phantom] Step waitedForJavascript 140/146 https://www.spidasoftware.com/projectmanager/flow/edit/96853# (HTTP 200)
?[32;1m[debug]?[0m [phantom] Capturing page to /Users/zpeugh/code/min/scripts/flowdocument/pngs/Populate Pole IDs in Pole Inventory FOrm.png
?[36m[info]?[0m [phantom] Capture saved to /Users/zpeugh/code/min/scripts/flowdocument/pngs/Populate Pole IDs in Pole Inventory FOrm.png
Captured action: Populate Pole IDs in Pole Inventory FOrmvalue: 96866
?[36m[info]?[0m [phantom] Step waitedForJavascript 140/146: done in 99809ms.
?[36m[info]?[0m [phantom] Step changeOnClickValue 141/146 https://www.spidasoftware.com/projectmanager/flow/edit/96853# (HTTP 200)
?[36m[info]?[0m [phantom] Step changeOnClickValue 141/146: done in 99811ms.
?[36m[info]?[0m [phantom] Step _step 142/146 https://www.spidasoftware.com/projectmanager/flow/edit/96853# (HTTP 200)
?[36m[info]?[0m [phantom] Step _step 142/146: done in 99937ms.
?[36m[info]?[0m [phantom] wait() finished waiting for 2000ms.
?[36m[info]?[0m [phantom] Step _step 143/147 https://www.spidasoftware.com/projectmanager/flow/edit/96853# (HTTP 200)
?[36m[info]?[0m [phantom] Step _step 143/147: done in 101958ms.
?[36m[info]?[0m [phantom] waitFor() finished in 47ms.
?[36m[info]?[0m [phantom] Step waitedForJavascript 144/148 https://www.spidasoftware.com/projectmanager/flow/edit/96853# (HTTP 200)
?[32;1m[debug]?[0m [phantom] Capturing page to /Users/zpeugh/code/min/scripts/flowdocument/pngs/Remove Engineer From Assign Engineer Form.png
?[36m[info]?[0m [phantom] Capture saved to /Users/zpeugh/code/min/scripts/flowdocument/pngs/Remove Engineer From Assign Engineer Form.png
Captured action: Remove Engineer From Assign Engineer Formvalue: 97108
?[36m[info]?[0m [phantom] Step waitedForJavascript 144/148: done in 102382ms.
?[36m[info]?[0m [phantom] Step changeOnClickValue 145/148 https://www.spidasoftware.com/projectmanager/flow/edit/96853# (HTTP 200)
?[36m[info]?[0m [phantom] Step changeOnClickValue 145/148: done in 102384ms.
?[36m[info]?[0m [phantom] Step _step 146/148 https://www.spidasoftware.com/projectmanager/flow/edit/96853# (HTTP 200)
?[36m[info]?[0m [phantom] Step _step 146/148: done in 102506ms.
?[36m[info]?[0m [phantom] wait() finished waiting for 2000ms.
?[36m[info]?[0m [phantom] Step _step 147/149 https://www.spidasoftware.com/projectmanager/flow/edit/96853# (HTTP 200)
?[36m[info]?[0m [phantom] Step _step 147/149: done in 104520ms.
?[36m[info]?[0m [phantom] waitFor() finished in 44ms.
?[36m[info]?[0m [phantom] Step waitedForJavascript 148/150 https://www.spidasoftware.com/projectmanager/flow/edit/96853# (HTTP 200)
?[32;1m[debug]?[0m [phantom] Capturing page to /Users/zpeugh/code/min/scripts/flowdocument/pngs/Set Stations to "Conflicting Permit Check".png
?[36m[info]?[0m [phantom] Capture saved to /Users/zpeugh/code/min/scripts/flowdocument/pngs/Set Stations to "Conflicting Permit Check".png
Captured action: Set Stations to "Conflicting Permit Check"value: 97074
?[36m[info]?[0m [phantom] Step waitedForJavascript 148/150: done in 104932ms.
?[36m[info]?[0m [phantom] Step changeOnClickValue 149/150 https://www.spidasoftware.com/projectmanager/flow/edit/96853# (HTTP 200)
?[36m[info]?[0m [phantom] Step changeOnClickValue 149/150: done in 104934ms.
?[36m[info]?[0m [phantom] Step _step 150/150 https://www.spidasoftware.com/projectmanager/flow/edit/96853# (HTTP 200)
?[36m[info]?[0m [phantom] Step _step 150/150: done in 105060ms.
?[36m[info]?[0m [phantom] wait() finished waiting for 2000ms.
?[36m[info]?[0m [phantom] Step _step 151/151 https://www.spidasoftware.com/projectmanager/flow/edit/96853# (HTTP 200)
?[36m[info]?[0m [phantom] Step _step 151/151: done in 107079ms.
?[36m[info]?[0m [phantom] waitFor() finished in 47ms.
?[36m[info]?[0m [phantom] Step waitedForJavascript 152/152 https://www.spidasoftware.com/projectmanager/flow/edit/96853# (HTTP 200)
?[32;1m[debug]?[0m [phantom] Capturing page to /Users/zpeugh/code/min/scripts/flowdocument/pngs/Set Stations to Permit Check.png
?[36m[info]?[0m [phantom] Capture saved to /Users/zpeugh/code/min/scripts/flowdocument/pngs/Set Stations to Permit Check.png
Captured action: Set Stations to Permit Checkvalue: 97075
?[36m[info]?[0m [phantom] Step waitedForJavascript 152/152: done in 107493ms.
?[36m[info]?[0m [phantom] Done 152 steps in 107493ms
args: Email~EPC~Engineer~from~form:~FOC~Installation~Complete Assign~Engineer~~from~Assign~Engineer~Form-Remove~Others Assign~EPC~Engineer-From~Form-Don't~Remove~Others Assign~MRC~Electric~Contractor-Don't~Remove~Others Assign~MRC~Communication~Contractor~from~Application~Form-Remove~Others Remove~Engineer~From~Assign~Engineer~Form Assign~to~Duke~North~Engineer~Supervisor~UG-Remove~Others Assign~MRC~Communication~Contractor~from~App~Form-Don't~Remove~Others Assign~MRE~Contractor~from~form-Remove~Others Email~Duke~JU-Permit~Authorized~for~Construction Assign~Central~Engineer~Supervisor~UG-Remove~Others Assign~EPC~Engineer-From~Form-Remove~Others Assign~Duke~Construction~UG-Don't~Remove~Others Assign~Engineer~from~Assign~Engineer~form-Don't~Remove~Others Assign~Mark~Brooks~(need~email~address) Email~EPC~Engineer-Permit~Authorized~for~Construction Assign~FOC~Contractor~From~Form-Remove~Others Email~EPC~Design-From~Form-Field~Pole~Survey~Completed Assign~Duke~IJUS~Usergroup-Don't~Remove~Others Assign~Doug~Everheart~(need~email~address) Assign~Duke~Construction~UG-Remove~Others Assign~Waylon~Blakely~(need~email~address) Email~EPC~Engineer-Field~Pole~Survey~Completed Assign~Creator-Remove~Others Email~Assignee(s):~Project~in~Advance~Route~Review~for~2~Weeks Assign~Duke~Finance~UG-Don't~Remove~Others Populate~Pole~IDs~in~Pole~Inventory~FOrm Email~Assignees:~Project~in~Pole-by-Pole~Review~for~2~Weeks Email~Assignees:~IJUS~Complete-No~Conflicting~Permits Email~Assignees:~IJUS~Review~Complete-Conflicting~Permits~Found Set~Stations~to~Permit~Check Set~Stations~to~"Conflicting~Permit~Check" Email~Project~Creator-Territory~and~Zone~Mismatch
Actions to capture: 
0: Email EPC Engineer from form: FOC Installation Complete
1: Assign Engineer  from Assign Engineer Form-Remove Others
2: Assign EPC Engineer-From Form-Don't Remove Others
3: Assign MRC Electric Contractor-Don't Remove Others
4: Assign MRC Communication Contractor from Application Form-Remove Others
5: Remove Engineer From Assign Engineer Form
6: Assign to Duke North Engineer Supervisor UG-Remove Others
7: Assign MRC Communication Contractor from App Form-Don't Remove Others
8: Assign MRE Contractor from form-Remove Others
9: Email Duke JU-Permit Authorized for Construction
10: Assign Central Engineer Supervisor UG-Remove Others
11: Assign EPC Engineer-From Form-Remove Others
12: Assign Duke Construction UG-Don't Remove Others
13: Assign Engineer from Assign Engineer form-Don't Remove Others
14: Assign Mark Brooks (need email address)
15: Email EPC Engineer-Permit Authorized for Construction
16: Assign FOC Contractor From Form-Remove Others
17: Email EPC Design-From Form-Field Pole Survey Completed
18: Assign Duke IJUS Usergroup-Don't Remove Others
19: Assign Doug Everheart (need email address)
20: Assign Duke Construction UG-Remove Others
21: Assign Waylon Blakely (need email address)
22: Email EPC Engineer-Field Pole Survey Completed
23: Assign Creator-Remove Others
24: Email Assignee(s): Project in Advance Route Review for 2 Weeks
25: Assign Duke Finance UG-Don't Remove Others
26: Populate Pole IDs in Pole Inventory FOrm
27: Email Assignees: Project in Pole-by-Pole Review for 2 Weeks
28: Email Assignees: IJUS Complete-No Conflicting Permits
29: Email Assignees: IJUS Review Complete-Conflicting Permits Found
30: Set Stations to Permit Check
31: Set Stations to "Conflicting Permit Check"
32: Email Project Creator-Territory and Zone Mismatch
?[36m[info]?[0m [phantom] Starting...
?[36m[info]?[0m [phantom] Execution timeout set to 8000ms
?[36m[info]?[0m [phantom] Running suite: 132 steps
?[32;1m[debug]?[0m [phantom] opening url: file:///Users/zpeugh/code/min/scripts/flowdocument/Resources/actionHtmls/Email EPC Engineer from form: FOC Installation Complete.html, HTTP GET
?[32;1m[debug]?[0m [phantom] Navigation requested: url=file:///Users/zpeugh/code/min/scripts/flowdocument/Resources/actionHtmls/Email EPC Engineer from form: FOC Installation Complete.html, type=Other, willNavigate=true, isMainFrame=true
?[32;1m[debug]?[0m [phantom] url changed to "file:///Users/zpeugh/code/min/scripts/flowdocument/Resources/actionHtmls/Email EPC Engineer from form: FOC Installation Complete.html"
?[32;1m[debug]?[0m [phantom] Successfully injected Casper client-side utilities
?[36m[info]?[0m [phantom] Step anonymous 2/132: done in 172ms.
?[36m[info]?[0m [phantom] Step _step 3/133: done in 200ms.
?[36m[info]?[0m [phantom] waitFor() finished in 55ms.
?[32;1m[debug]?[0m [phantom] Capturing page to /Users/zpeugh/code/min/scripts/flowdocument/Resources/actionHtmls/actionPNGs/Email EPC Engineer from form: FOC Installation Complete.png with clipRect {"top":15,"height":467,"left":62,"width":501}
?[36m[info]?[0m [phantom] Capture saved to /Users/zpeugh/code/min/scripts/flowdocument/Resources/actionHtmls/actionPNGs/Email EPC Engineer from form: FOC Installation Complete.png
?[36m[info]?[0m [phantom] Step anonymous 4/134: done in 362ms.
?[32;1m[debug]?[0m [phantom] opening url: file:///Users/zpeugh/code/min/scripts/flowdocument/Resources/actionHtmls/Assign Engineer  from Assign Engineer Form-Remove Others.html, HTTP GET
?[32;1m[debug]?[0m [phantom] Navigation requested: url=file:///Users/zpeugh/code/min/scripts/flowdocument/Resources/actionHtmls/Assign Engineer  from Assign Engineer Form-Remove Others.html, type=Other, willNavigate=true, isMainFrame=true
?[32;1m[debug]?[0m [phantom] url changed to "file:///Users/zpeugh/code/min/scripts/flowdocument/Resources/actionHtmls/Assign Engineer  from Assign Engineer Form-Remove Others.html"
?[32;1m[debug]?[0m [phantom] Successfully injected Casper client-side utilities
?[36m[info]?[0m [phantom] Step anonymous 6/134: done in 441ms.
?[36m[info]?[0m [phantom] Step _step 7/135: done in 464ms.
?[36m[info]?[0m [phantom] waitFor() finished in 49ms.
?[32;1m[debug]?[0m [phantom] Capturing page to /Users/zpeugh/code/min/scripts/flowdocument/Resources/actionHtmls/actionPNGs/Assign Engineer  from Assign Engineer Form-Remove Others.png with clipRect {"top":15,"height":541,"left":62,"width":501}
?[36m[info]?[0m [phantom] Capture saved to /Users/zpeugh/code/min/scripts/flowdocument/Resources/actionHtmls/actionPNGs/Assign Engineer  from Assign Engineer Form-Remove Others.png
?[36m[info]?[0m [phantom] Step anonymous 8/136: done in 622ms.
?[32;1m[debug]?[0m [phantom] opening url: file:///Users/zpeugh/code/min/scripts/flowdocument/Resources/actionHtmls/Assign EPC Engineer-From Form-Don't Remove Others.html, HTTP GET
?[32;1m[debug]?[0m [phantom] Navigation requested: url=file:///Users/zpeugh/code/min/scripts/flowdocument/Resources/actionHtmls/Assign EPC Engineer-From Form-Don't Remove Others.html, type=Other, willNavigate=true, isMainFrame=true
?[32;1m[debug]?[0m [phantom] url changed to "file:///Users/zpeugh/code/min/scripts/flowdocument/Resources/actionHtmls/Assign EPC Engineer-From Form-Don't Remove Others.html"
?[32;1m[debug]?[0m [phantom] Successfully injected Casper client-side utilities
?[36m[info]?[0m [phantom] Step anonymous 10/136: done in 684ms.
?[36m[info]?[0m [phantom] Step _step 11/137: done in 704ms.
?[36m[info]?[0m [phantom] waitFor() finished in 55ms.
?[32;1m[debug]?[0m [phantom] Capturing page to /Users/zpeugh/code/min/scripts/flowdocument/Resources/actionHtmls/actionPNGs/Assign EPC Engineer-From Form-Don't Remove Others.png with clipRect {"top":15,"height":541,"left":62,"width":501}
?[36m[info]?[0m [phantom] Capture saved to /Users/zpeugh/code/min/scripts/flowdocument/Resources/actionHtmls/actionPNGs/Assign EPC Engineer-From Form-Don't Remove Others.png
?[36m[info]?[0m [phantom] Step anonymous 12/138: done in 861ms.
?[32;1m[debug]?[0m [phantom] opening url: file:///Users/zpeugh/code/min/scripts/flowdocument/Resources/actionHtmls/Assign MRC Electric Contractor-Don't Remove Others.html, HTTP GET
?[32;1m[debug]?[0m [phantom] Navigation requested: url=file:///Users/zpeugh/code/min/scripts/flowdocument/Resources/actionHtmls/Assign MRC Electric Contractor-Don't Remove Others.html, type=Other, willNavigate=true, isMainFrame=true
?[32;1m[debug]?[0m [phantom] url changed to "file:///Users/zpeugh/code/min/scripts/flowdocument/Resources/actionHtmls/Assign MRC Electric Contractor-Don't Remove Others.html"
?[32;1m[debug]?[0m [phantom] Successfully injected Casper client-side utilities
?[36m[info]?[0m [phantom] Step anonymous 14/138: done in 929ms.
?[36m[info]?[0m [phantom] Step _step 15/139: done in 956ms.
?[36m[info]?[0m [phantom] waitFor() finished in 44ms.
?[32;1m[debug]?[0m [phantom] Capturing page to /Users/zpeugh/code/min/scripts/flowdocument/Resources/actionHtmls/actionPNGs/Assign MRC Electric Contractor-Don't Remove Others.png with clipRect {"top":15,"height":541,"left":62,"width":501}
?[36m[info]?[0m [phantom] Capture saved to /Users/zpeugh/code/min/scripts/flowdocument/Resources/actionHtmls/actionPNGs/Assign MRC Electric Contractor-Don't Remove Others.png
?[36m[info]?[0m [phantom] Step anonymous 16/140: done in 1107ms.
?[32;1m[debug]?[0m [phantom] opening url: file:///Users/zpeugh/code/min/scripts/flowdocument/Resources/actionHtmls/Assign MRC Communication Contractor from Application Form-Remove Others.html, HTTP GET
?[32;1m[debug]?[0m [phantom] Navigation requested: url=file:///Users/zpeugh/code/min/scripts/flowdocument/Resources/actionHtmls/Assign MRC Communication Contractor from Application Form-Remove Others.html, type=Other, willNavigate=true, isMainFrame=true
?[32;1m[debug]?[0m [phantom] url changed to "file:///Users/zpeugh/code/min/scripts/flowdocument/Resources/actionHtmls/Assign MRC Communication Contractor from Application Form-Remove Others.html"
?[32;1m[debug]?[0m [phantom] Successfully injected Casper client-side utilities
?[36m[info]?[0m [phantom] Step anonymous 18/140: done in 1170ms.
?[36m[info]?[0m [phantom] Step _step 19/141: done in 1192ms.
?[36m[info]?[0m [phantom] waitFor() finished in 55ms.
?[32;1m[debug]?[0m [phantom] Capturing page to /Users/zpeugh/code/min/scripts/flowdocument/Resources/actionHtmls/actionPNGs/Assign MRC Communication Contractor from Application Form-Remove Others.png with clipRect {"top":15,"height":541,"left":62,"width":501}
?[36m[info]?[0m [phantom] Capture saved to /Users/zpeugh/code/min/scripts/flowdocument/Resources/actionHtmls/actionPNGs/Assign MRC Communication Contractor from Application Form-Remove Others.png
?[36m[info]?[0m [phantom] Step anonymous 20/142: done in 1355ms.
?[32;1m[debug]?[0m [phantom] opening url: file:///Users/zpeugh/code/min/scripts/flowdocument/Resources/actionHtmls/Remove Engineer From Assign Engineer Form.html, HTTP GET
?[32;1m[debug]?[0m [phantom] Navigation requested: url=file:///Users/zpeugh/code/min/scripts/flowdocument/Resources/actionHtmls/Remove Engineer From Assign Engineer Form.html, type=Other, willNavigate=true, isMainFrame=true
?[32;1m[debug]?[0m [phantom] url changed to "file:///Users/zpeugh/code/min/scripts/flowdocument/Resources/actionHtmls/Remove Engineer From Assign Engineer Form.html"
?[32;1m[debug]?[0m [phantom] Successfully injected Casper client-side utilities
?[36m[info]?[0m [phantom] Step anonymous 22/142: done in 1414ms.
?[36m[info]?[0m [phantom] Step _step 23/143: done in 1438ms.
?[36m[info]?[0m [phantom] waitFor() finished in 56ms.
?[32;1m[debug]?[0m [phantom] Capturing page to /Users/zpeugh/code/min/scripts/flowdocument/Resources/actionHtmls/actionPNGs/Remove Engineer From Assign Engineer Form.png with clipRect {"top":15,"height":541,"left":62,"width":501}
?[36m[info]?[0m [phantom] Capture saved to /Users/zpeugh/code/min/scripts/flowdocument/Resources/actionHtmls/actionPNGs/Remove Engineer From Assign Engineer Form.png
?[36m[info]?[0m [phantom] Step anonymous 24/144: done in 1593ms.
?[32;1m[debug]?[0m [phantom] opening url: file:///Users/zpeugh/code/min/scripts/flowdocument/Resources/actionHtmls/Assign to Duke North Engineer Supervisor UG-Remove Others.html, HTTP GET
?[32;1m[debug]?[0m [phantom] Navigation requested: url=file:///Users/zpeugh/code/min/scripts/flowdocument/Resources/actionHtmls/Assign to Duke North Engineer Supervisor UG-Remove Others.html, type=Other, willNavigate=true, isMainFrame=true
?[32;1m[debug]?[0m [phantom] url changed to "file:///Users/zpeugh/code/min/scripts/flowdocument/Resources/actionHtmls/Assign to Duke North Engineer Supervisor UG-Remove Others.html"
?[32;1m[debug]?[0m [phantom] Successfully injected Casper client-side utilities
?[36m[info]?[0m [phantom] Step anonymous 26/144: done in 1665ms.
?[36m[info]?[0m [phantom] Step _step 27/145: done in 1689ms.
?[36m[info]?[0m [phantom] waitFor() finished in 45ms.
?[32;1m[debug]?[0m [phantom] Capturing page to /Users/zpeugh/code/min/scripts/flowdocument/Resources/actionHtmls/actionPNGs/Assign to Duke North Engineer Supervisor UG-Remove Others.png with clipRect {"top":15,"height":393,"left":62,"width":501}
?[36m[info]?[0m [phantom] Capture saved to /Users/zpeugh/code/min/scripts/flowdocument/Resources/actionHtmls/actionPNGs/Assign to Duke North Engineer Supervisor UG-Remove Others.png
?[36m[info]?[0m [phantom] Step anonymous 28/146: done in 1821ms.
?[32;1m[debug]?[0m [phantom] opening url: file:///Users/zpeugh/code/min/scripts/flowdocument/Resources/actionHtmls/Assign MRC Communication Contractor from App Form-Don't Remove Others.html, HTTP GET
?[32;1m[debug]?[0m [phantom] Navigation requested: url=file:///Users/zpeugh/code/min/scripts/flowdocument/Resources/actionHtmls/Assign MRC Communication Contractor from App Form-Don't Remove Others.html, type=Other, willNavigate=true, isMainFrame=true
?[32;1m[debug]?[0m [phantom] url changed to "file:///Users/zpeugh/code/min/scripts/flowdocument/Resources/actionHtmls/Assign MRC Communication Contractor from App Form-Don't Remove Others.html"
?[32;1m[debug]?[0m [phantom] Successfully injected Casper client-side utilities
?[36m[info]?[0m [phantom] Step anonymous 30/146: done in 1889ms.
?[36m[info]?[0m [phantom] Step _step 31/147: done in 1910ms.
?[36m[info]?[0m [phantom] waitFor() finished in 49ms.
?[32;1m[debug]?[0m [phantom] Capturing page to /Users/zpeugh/code/min/scripts/flowdocument/Resources/actionHtmls/actionPNGs/Assign MRC Communication Contractor from App Form-Don't Remove Others.png with clipRect {"top":15,"height":541,"left":62,"width":501}
?[36m[info]?[0m [phantom] Capture saved to /Users/zpeugh/code/min/scripts/flowdocument/Resources/actionHtmls/actionPNGs/Assign MRC Communication Contractor from App Form-Don't Remove Others.png
?[36m[info]?[0m [phantom] Step anonymous 32/148: done in 2066ms.
?[32;1m[debug]?[0m [phantom] opening url: file:///Users/zpeugh/code/min/scripts/flowdocument/Resources/actionHtmls/Assign MRE Contractor from form-Remove Others.html, HTTP GET
?[32;1m[debug]?[0m [phantom] Navigation requested: url=file:///Users/zpeugh/code/min/scripts/flowdocument/Resources/actionHtmls/Assign MRE Contractor from form-Remove Others.html, type=Other, willNavigate=true, isMainFrame=true
?[32;1m[debug]?[0m [phantom] url changed to "file:///Users/zpeugh/code/min/scripts/flowdocument/Resources/actionHtmls/Assign MRE Contractor from form-Remove Others.html"
?[32;1m[debug]?[0m [phantom] Successfully injected Casper client-side utilities
?[36m[info]?[0m [phantom] Step anonymous 34/148: done in 2129ms.
?[36m[info]?[0m [phantom] Step _step 35/149: done in 2157ms.
?[36m[info]?[0m [phantom] waitFor() finished in 46ms.
?[32;1m[debug]?[0m [phantom] Capturing page to /Users/zpeugh/code/min/scripts/flowdocument/Resources/actionHtmls/actionPNGs/Assign MRE Contractor from form-Remove Others.png with clipRect {"top":15,"height":541,"left":62,"width":501}
?[36m[info]?[0m [phantom] Capture saved to /Users/zpeugh/code/min/scripts/flowdocument/Resources/actionHtmls/actionPNGs/Assign MRE Contractor from form-Remove Others.png
?[36m[info]?[0m [phantom] Step anonymous 36/150: done in 2305ms.
?[32;1m[debug]?[0m [phantom] opening url: file:///Users/zpeugh/code/min/scripts/flowdocument/Resources/actionHtmls/Email Duke JU-Permit Authorized for Construction.html, HTTP GET
?[32;1m[debug]?[0m [phantom] Navigation requested: url=file:///Users/zpeugh/code/min/scripts/flowdocument/Resources/actionHtmls/Email Duke JU-Permit Authorized for Construction.html, type=Other, willNavigate=true, isMainFrame=true
?[32;1m[debug]?[0m [phantom] url changed to "file:///Users/zpeugh/code/min/scripts/flowdocument/Resources/actionHtmls/Email Duke JU-Permit Authorized for Construction.html"
?[32;1m[debug]?[0m [phantom] Successfully injected Casper client-side utilities
?[36m[info]?[0m [phantom] Step anonymous 38/150: done in 2368ms.
?[36m[info]?[0m [phantom] Step _step 39/151: done in 2396ms.
?[36m[info]?[0m [phantom] waitFor() finished in 51ms.
?[32;1m[debug]?[0m [phantom] Capturing page to /Users/zpeugh/code/min/scripts/flowdocument/Resources/actionHtmls/actionPNGs/Email Duke JU-Permit Authorized for Construction.png with clipRect {"top":15,"height":406,"left":62,"width":501}
?[36m[info]?[0m [phantom] Capture saved to /Users/zpeugh/code/min/scripts/flowdocument/Resources/actionHtmls/actionPNGs/Email Duke JU-Permit Authorized for Construction.png
?[36m[info]?[0m [phantom] Step anonymous 40/152: done in 2545ms.
?[32;1m[debug]?[0m [phantom] opening url: file:///Users/zpeugh/code/min/scripts/flowdocument/Resources/actionHtmls/Assign Central Engineer Supervisor UG-Remove Others.html, HTTP GET
?[32;1m[debug]?[0m [phantom] Navigation requested: url=file:///Users/zpeugh/code/min/scripts/flowdocument/Resources/actionHtmls/Assign Central Engineer Supervisor UG-Remove Others.html, type=Other, willNavigate=true, isMainFrame=true
?[32;1m[debug]?[0m [phantom] url changed to "file:///Users/zpeugh/code/min/scripts/flowdocument/Resources/actionHtmls/Assign Central Engineer Supervisor UG-Remove Others.html"
?[32;1m[debug]?[0m [phantom] Successfully injected Casper client-side utilities
?[36m[info]?[0m [phantom] Step anonymous 42/152: done in 2624ms.
?[36m[info]?[0m [phantom] Step _step 43/153: done in 2650ms.
?[36m[info]?[0m [phantom] waitFor() finished in 53ms.
?[32;1m[debug]?[0m [phantom] Capturing page to /Users/zpeugh/code/min/scripts/flowdocument/Resources/actionHtmls/actionPNGs/Assign Central Engineer Supervisor UG-Remove Others.png with clipRect {"top":15,"height":393,"left":62,"width":501}
?[36m[info]?[0m [phantom] Capture saved to /Users/zpeugh/code/min/scripts/flowdocument/Resources/actionHtmls/actionPNGs/Assign Central Engineer Supervisor UG-Remove Others.png
?[36m[info]?[0m [phantom] Step anonymous 44/154: done in 2793ms.
?[32;1m[debug]?[0m [phantom] opening url: file:///Users/zpeugh/code/min/scripts/flowdocument/Resources/actionHtmls/Assign EPC Engineer-From Form-Remove Others.html, HTTP GET
?[32;1m[debug]?[0m [phantom] Navigation requested: url=file:///Users/zpeugh/code/min/scripts/flowdocument/Resources/actionHtmls/Assign EPC Engineer-From Form-Remove Others.html, type=Other, willNavigate=true, isMainFrame=true
?[32;1m[debug]?[0m [phantom] url changed to "file:///Users/zpeugh/code/min/scripts/flowdocument/Resources/actionHtmls/Assign EPC Engineer-From Form-Remove Others.html"
?[32;1m[debug]?[0m [phantom] Successfully injected Casper client-side utilities
?[36m[info]?[0m [phantom] Step anonymous 46/154: done in 2846ms.
?[36m[info]?[0m [phantom] Step _step 47/155: done in 2868ms.
?[36m[info]?[0m [phantom] waitFor() finished in 44ms.
?[32;1m[debug]?[0m [phantom] Capturing page to /Users/zpeugh/code/min/scripts/flowdocument/Resources/actionHtmls/actionPNGs/Assign EPC Engineer-From Form-Remove Others.png with clipRect {"top":15,"height":541,"left":62,"width":501}
?[36m[info]?[0m [phantom] Capture saved to /Users/zpeugh/code/min/scripts/flowdocument/Resources/actionHtmls/actionPNGs/Assign EPC Engineer-From Form-Remove Others.png
?[36m[info]?[0m [phantom] Step anonymous 48/156: done in 3013ms.
?[32;1m[debug]?[0m [phantom] opening url: file:///Users/zpeugh/code/min/scripts/flowdocument/Resources/actionHtmls/Assign Duke Construction UG-Don't Remove Others.html, HTTP GET
?[32;1m[debug]?[0m [phantom] Navigation requested: url=file:///Users/zpeugh/code/min/scripts/flowdocument/Resources/actionHtmls/Assign Duke Construction UG-Don't Remove Others.html, type=Other, willNavigate=true, isMainFrame=true
?[32;1m[debug]?[0m [phantom] url changed to "file:///Users/zpeugh/code/min/scripts/flowdocument/Resources/actionHtmls/Assign Duke Construction UG-Don't Remove Others.html"
?[32;1m[debug]?[0m [phantom] Successfully injected Casper client-side utilities
?[36m[info]?[0m [phantom] Step anonymous 50/156: done in 3089ms.
?[36m[info]?[0m [phantom] Step _step 51/157: done in 3117ms.
?[36m[info]?[0m [phantom] waitFor() finished in 44ms.
?[32;1m[debug]?[0m [phantom] Capturing page to /Users/zpeugh/code/min/scripts/flowdocument/Resources/actionHtmls/actionPNGs/Assign Duke Construction UG-Don't Remove Others.png with clipRect {"top":15,"height":393,"left":62,"width":501}
?[36m[info]?[0m [phantom] Capture saved to /Users/zpeugh/code/min/scripts/flowdocument/Resources/actionHtmls/actionPNGs/Assign Duke Construction UG-Don't Remove Others.png
?[36m[info]?[0m [phantom] Step anonymous 52/158: done in 3255ms.
?[32;1m[debug]?[0m [phantom] opening url: file:///Users/zpeugh/code/min/scripts/flowdocument/Resources/actionHtmls/Assign Engineer from Assign Engineer form-Don't Remove Others.html, HTTP GET
?[32;1m[debug]?[0m [phantom] Navigation requested: url=file:///Users/zpeugh/code/min/scripts/flowdocument/Resources/actionHtmls/Assign Engineer from Assign Engineer form-Don't Remove Others.html, type=Other, willNavigate=true, isMainFrame=true
?[32;1m[debug]?[0m [phantom] url changed to "file:///Users/zpeugh/code/min/scripts/flowdocument/Resources/actionHtmls/Assign Engineer from Assign Engineer form-Don't Remove Others.html"
?[32;1m[debug]?[0m [phantom] Successfully injected Casper client-side utilities
?[36m[info]?[0m [phantom] Step anonymous 54/158: done in 3321ms.
?[36m[info]?[0m [phantom] Step _step 55/159: done in 3345ms.
?[36m[info]?[0m [phantom] waitFor() finished in 57ms.
?[32;1m[debug]?[0m [phantom] Capturing page to /Users/zpeugh/code/min/scripts/flowdocument/Resources/actionHtmls/actionPNGs/Assign Engineer from Assign Engineer form-Don't Remove Others.png with clipRect {"top":15,"height":541,"left":62,"width":501}
?[36m[info]?[0m [phantom] Capture saved to /Users/zpeugh/code/min/scripts/flowdocument/Resources/actionHtmls/actionPNGs/Assign Engineer from Assign Engineer form-Don't Remove Others.png
?[36m[info]?[0m [phantom] Step anonymous 56/160: done in 3504ms.
?[32;1m[debug]?[0m [phantom] opening url: file:///Users/zpeugh/code/min/scripts/flowdocument/Resources/actionHtmls/Assign Mark Brooks (need email address).html, HTTP GET
?[32;1m[debug]?[0m [phantom] Navigation requested: url=file:///Users/zpeugh/code/min/scripts/flowdocument/Resources/actionHtmls/Assign Mark Brooks (need email address).html, type=Other, willNavigate=true, isMainFrame=true
?[32;1m[debug]?[0m [phantom] url changed to "file:///Users/zpeugh/code/min/scripts/flowdocument/Resources/actionHtmls/Assign Mark Brooks (need email address).html"
?[32;1m[debug]?[0m [phantom] Successfully injected Casper client-side utilities
?[36m[info]?[0m [phantom] Step anonymous 58/160: done in 3583ms.
?[36m[info]?[0m [phantom] Step _step 59/161: done in 3605ms.
?[36m[info]?[0m [phantom] waitFor() finished in 51ms.
?[32;1m[debug]?[0m [phantom] Capturing page to /Users/zpeugh/code/min/scripts/flowdocument/Resources/actionHtmls/actionPNGs/Assign Mark Brooks (need email address).png with clipRect {"top":15,"height":467,"left":62,"width":501}
?[36m[info]?[0m [phantom] Capture saved to /Users/zpeugh/code/min/scripts/flowdocument/Resources/actionHtmls/actionPNGs/Assign Mark Brooks (need email address).png
?[36m[info]?[0m [phantom] Step anonymous 60/162: done in 3756ms.
?[32;1m[debug]?[0m [phantom] opening url: file:///Users/zpeugh/code/min/scripts/flowdocument/Resources/actionHtmls/Email EPC Engineer-Permit Authorized for Construction.html, HTTP GET
?[32;1m[debug]?[0m [phantom] Navigation requested: url=file:///Users/zpeugh/code/min/scripts/flowdocument/Resources/actionHtmls/Email EPC Engineer-Permit Authorized for Construction.html, type=Other, willNavigate=true, isMainFrame=true
?[32;1m[debug]?[0m [phantom] url changed to "file:///Users/zpeugh/code/min/scripts/flowdocument/Resources/actionHtmls/Email EPC Engineer-Permit Authorized for Construction.html"
?[32;1m[debug]?[0m [phantom] Successfully injected Casper client-side utilities
?[36m[info]?[0m [phantom] Step anonymous 62/162: done in 3817ms.
?[36m[info]?[0m [phantom] Step _step 63/163: done in 3841ms.
?[36m[info]?[0m [phantom] waitFor() finished in 54ms.
?[32;1m[debug]?[0m [phantom] Capturing page to /Users/zpeugh/code/min/scripts/flowdocument/Resources/actionHtmls/actionPNGs/Email EPC Engineer-Permit Authorized for Construction.png with clipRect {"top":15,"height":467,"left":62,"width":501}
?[36m[info]?[0m [phantom] Capture saved to /Users/zpeugh/code/min/scripts/flowdocument/Resources/actionHtmls/actionPNGs/Email EPC Engineer-Permit Authorized for Construction.png
?[36m[info]?[0m [phantom] Step anonymous 64/164: done in 3986ms.
?[32;1m[debug]?[0m [phantom] opening url: file:///Users/zpeugh/code/min/scripts/flowdocument/Resources/actionHtmls/Assign FOC Contractor From Form-Remove Others.html, HTTP GET
?[32;1m[debug]?[0m [phantom] Navigation requested: url=file:///Users/zpeugh/code/min/scripts/flowdocument/Resources/actionHtmls/Assign FOC Contractor From Form-Remove Others.html, type=Other, willNavigate=true, isMainFrame=true
?[32;1m[debug]?[0m [phantom] url changed to "file:///Users/zpeugh/code/min/scripts/flowdocument/Resources/actionHtmls/Assign FOC Contractor From Form-Remove Others.html"
?[32;1m[debug]?[0m [phantom] Successfully injected Casper client-side utilities
?[36m[info]?[0m [phantom] Step anonymous 66/164: done in 4062ms.
?[36m[info]?[0m [phantom] Step _step 67/165: done in 4089ms.
?[36m[info]?[0m [phantom] waitFor() finished in 51ms.
?[32;1m[debug]?[0m [phantom] Capturing page to /Users/zpeugh/code/min/scripts/flowdocument/Resources/actionHtmls/actionPNGs/Assign FOC Contractor From Form-Remove Others.png with clipRect {"top":15,"height":541,"left":62,"width":501}
?[36m[info]?[0m [phantom] Capture saved to /Users/zpeugh/code/min/scripts/flowdocument/Resources/actionHtmls/actionPNGs/Assign FOC Contractor From Form-Remove Others.png
?[36m[info]?[0m [phantom] Step anonymous 68/166: done in 4243ms.
?[32;1m[debug]?[0m [phantom] opening url: file:///Users/zpeugh/code/min/scripts/flowdocument/Resources/actionHtmls/Email EPC Design-From Form-Field Pole Survey Completed.html, HTTP GET
?[32;1m[debug]?[0m [phantom] Navigation requested: url=file:///Users/zpeugh/code/min/scripts/flowdocument/Resources/actionHtmls/Email EPC Design-From Form-Field Pole Survey Completed.html, type=Other, willNavigate=true, isMainFrame=true
?[32;1m[debug]?[0m [phantom] url changed to "file:///Users/zpeugh/code/min/scripts/flowdocument/Resources/actionHtmls/Email EPC Design-From Form-Field Pole Survey Completed.html"
?[32;1m[debug]?[0m [phantom] Successfully injected Casper client-side utilities
?[36m[info]?[0m [phantom] Step anonymous 70/166: done in 4304ms.
?[36m[info]?[0m [phantom] Step _step 71/167: done in 4328ms.
?[36m[info]?[0m [phantom] waitFor() finished in 40ms.
?[32;1m[debug]?[0m [phantom] Capturing page to /Users/zpeugh/code/min/scripts/flowdocument/Resources/actionHtmls/actionPNGs/Email EPC Design-From Form-Field Pole Survey Completed.png with clipRect {"top":15,"height":467,"left":62,"width":501}
?[36m[info]?[0m [phantom] Capture saved to /Users/zpeugh/code/min/scripts/flowdocument/Resources/actionHtmls/actionPNGs/Email EPC Design-From Form-Field Pole Survey Completed.png
?[36m[info]?[0m [phantom] Step anonymous 72/168: done in 4468ms.
?[32;1m[debug]?[0m [phantom] opening url: file:///Users/zpeugh/code/min/scripts/flowdocument/Resources/actionHtmls/Assign Duke IJUS Usergroup-Don't Remove Others.html, HTTP GET
?[32;1m[debug]?[0m [phantom] Navigation requested: url=file:///Users/zpeugh/code/min/scripts/flowdocument/Resources/actionHtmls/Assign Duke IJUS Usergroup-Don't Remove Others.html, type=Other, willNavigate=true, isMainFrame=true
?[32;1m[debug]?[0m [phantom] url changed to "file:///Users/zpeugh/code/min/scripts/flowdocument/Resources/actionHtmls/Assign Duke IJUS Usergroup-Don't Remove Others.html"
?[32;1m[debug]?[0m [phantom] Successfully injected Casper client-side utilities
?[36m[info]?[0m [phantom] Step anonymous 74/168: done in 4521ms.
?[36m[info]?[0m [phantom] Step _step 75/169: done in 4543ms.
?[36m[info]?[0m [phantom] waitFor() finished in 43ms.
?[32;1m[debug]?[0m [phantom] Capturing page to /Users/zpeugh/code/min/scripts/flowdocument/Resources/actionHtmls/actionPNGs/Assign Duke IJUS Usergroup-Don't Remove Others.png with clipRect {"top":15,"height":393,"left":62,"width":501}
?[36m[info]?[0m [phantom] Capture saved to /Users/zpeugh/code/min/scripts/flowdocument/Resources/actionHtmls/actionPNGs/Assign Duke IJUS Usergroup-Don't Remove Others.png
?[36m[info]?[0m [phantom] Step anonymous 76/170: done in 4672ms.
?[32;1m[debug]?[0m [phantom] opening url: file:///Users/zpeugh/code/min/scripts/flowdocument/Resources/actionHtmls/Assign Doug Everheart (need email address).html, HTTP GET
?[32;1m[debug]?[0m [phantom] Navigation requested: url=file:///Users/zpeugh/code/min/scripts/flowdocument/Resources/actionHtmls/Assign Doug Everheart (need email address).html, type=Other, willNavigate=true, isMainFrame=true
?[32;1m[debug]?[0m [phantom] url changed to "file:///Users/zpeugh/code/min/scripts/flowdocument/Resources/actionHtmls/Assign Doug Everheart (need email address).html"
?[32;1m[debug]?[0m [phantom] Successfully injected Casper client-side utilities
?[36m[info]?[0m [phantom] Step anonymous 78/170: done in 4746ms.
?[36m[info]?[0m [phantom] Step _step 79/171: done in 4771ms.
?[36m[info]?[0m [phantom] waitFor() finished in 49ms.
?[32;1m[debug]?[0m [phantom] Capturing page to /Users/zpeugh/code/min/scripts/flowdocument/Resources/actionHtmls/actionPNGs/Assign Doug Everheart (need email address).png with clipRect {"top":15,"height":467,"left":62,"width":501}
?[36m[info]?[0m [phantom] Capture saved to /Users/zpeugh/code/min/scripts/flowdocument/Resources/actionHtmls/actionPNGs/Assign Doug Everheart (need email address).png
?[36m[info]?[0m [phantom] Step anonymous 80/172: done in 4915ms.
?[32;1m[debug]?[0m [phantom] opening url: file:///Users/zpeugh/code/min/scripts/flowdocument/Resources/actionHtmls/Assign Duke Construction UG-Remove Others.html, HTTP GET
?[32;1m[debug]?[0m [phantom] Navigation requested: url=file:///Users/zpeugh/code/min/scripts/flowdocument/Resources/actionHtmls/Assign Duke Construction UG-Remove Others.html, type=Other, willNavigate=true, isMainFrame=true
?[32;1m[debug]?[0m [phantom] url changed to "file:///Users/zpeugh/code/min/scripts/flowdocument/Resources/actionHtmls/Assign Duke Construction UG-Remove Others.html"
?[32;1m[debug]?[0m [phantom] Successfully injected Casper client-side utilities
?[36m[info]?[0m [phantom] Step anonymous 82/172: done in 4985ms.
?[36m[info]?[0m [phantom] Step _step 83/173: done in 5005ms.
?[36m[info]?[0m [phantom] waitFor() finished in 52ms.
?[32;1m[debug]?[0m [phantom] Capturing page to /Users/zpeugh/code/min/scripts/flowdocument/Resources/actionHtmls/actionPNGs/Assign Duke Construction UG-Remove Others.png with clipRect {"top":15,"height":393,"left":62,"width":501}
?[36m[info]?[0m [phantom] Capture saved to /Users/zpeugh/code/min/scripts/flowdocument/Resources/actionHtmls/actionPNGs/Assign Duke Construction UG-Remove Others.png
?[36m[info]?[0m [phantom] Step anonymous 84/174: done in 5145ms.
?[32;1m[debug]?[0m [phantom] opening url: file:///Users/zpeugh/code/min/scripts/flowdocument/Resources/actionHtmls/Assign Waylon Blakely (need email address).html, HTTP GET
?[32;1m[debug]?[0m [phantom] Navigation requested: url=file:///Users/zpeugh/code/min/scripts/flowdocument/Resources/actionHtmls/Assign Waylon Blakely (need email address).html, type=Other, willNavigate=true, isMainFrame=true
?[32;1m[debug]?[0m [phantom] url changed to "file:///Users/zpeugh/code/min/scripts/flowdocument/Resources/actionHtmls/Assign Waylon Blakely (need email address).html"
?[32;1m[debug]?[0m [phantom] Successfully injected Casper client-side utilities
?[36m[info]?[0m [phantom] Step anonymous 86/174: done in 5214ms.
?[36m[info]?[0m [phantom] Step _step 87/175: done in 5240ms.
?[36m[info]?[0m [phantom] waitFor() finished in 46ms.
?[32;1m[debug]?[0m [phantom] Capturing page to /Users/zpeugh/code/min/scripts/flowdocument/Resources/actionHtmls/actionPNGs/Assign Waylon Blakely (need email address).png with clipRect {"top":15,"height":467,"left":62,"width":501}
?[36m[info]?[0m [phantom] Capture saved to /Users/zpeugh/code/min/scripts/flowdocument/Resources/actionHtmls/actionPNGs/Assign Waylon Blakely (need email address).png
?[36m[info]?[0m [phantom] Step anonymous 88/176: done in 5379ms.
?[32;1m[debug]?[0m [phantom] opening url: file:///Users/zpeugh/code/min/scripts/flowdocument/Resources/actionHtmls/Email EPC Engineer-Field Pole Survey Completed.html, HTTP GET
?[32;1m[debug]?[0m [phantom] Navigation requested: url=file:///Users/zpeugh/code/min/scripts/flowdocument/Resources/actionHtmls/Email EPC Engineer-Field Pole Survey Completed.html, type=Other, willNavigate=true, isMainFrame=true
?[32;1m[debug]?[0m [phantom] url changed to "file:///Users/zpeugh/code/min/scripts/flowdocument/Resources/actionHtmls/Email EPC Engineer-Field Pole Survey Completed.html"
?[32;1m[debug]?[0m [phantom] Successfully injected Casper client-side utilities
?[36m[info]?[0m [phantom] Step anonymous 90/176: done in 5431ms.
?[36m[info]?[0m [phantom] Step _step 91/177: done in 5457ms.
?[36m[info]?[0m [phantom] waitFor() finished in 51ms.
?[32;1m[debug]?[0m [phantom] Capturing page to /Users/zpeugh/code/min/scripts/flowdocument/Resources/actionHtmls/actionPNGs/Email EPC Engineer-Field Pole Survey Completed.png with clipRect {"top":15,"height":467,"left":62,"width":501}
?[36m[info]?[0m [phantom] Capture saved to /Users/zpeugh/code/min/scripts/flowdocument/Resources/actionHtmls/actionPNGs/Email EPC Engineer-Field Pole Survey Completed.png
?[36m[info]?[0m [phantom] Step anonymous 92/178: done in 5604ms.
?[32;1m[debug]?[0m [phantom] opening url: file:///Users/zpeugh/code/min/scripts/flowdocument/Resources/actionHtmls/Assign Creator-Remove Others.html, HTTP GET
?[32;1m[debug]?[0m [phantom] Navigation requested: url=file:///Users/zpeugh/code/min/scripts/flowdocument/Resources/actionHtmls/Assign Creator-Remove Others.html, type=Other, willNavigate=true, isMainFrame=true
?[32;1m[debug]?[0m [phantom] url changed to "file:///Users/zpeugh/code/min/scripts/flowdocument/Resources/actionHtmls/Assign Creator-Remove Others.html"
?[32;1m[debug]?[0m [phantom] Successfully injected Casper client-side utilities
?[36m[info]?[0m [phantom] Step anonymous 94/178: done in 5662ms.
?[36m[info]?[0m [phantom] Step _step 95/179: done in 5690ms.
?[36m[info]?[0m [phantom] waitFor() finished in 45ms.
?[32;1m[debug]?[0m [phantom] Capturing page to /Users/zpeugh/code/min/scripts/flowdocument/Resources/actionHtmls/actionPNGs/Assign Creator-Remove Others.png with clipRect {"top":15,"height":393,"left":62,"width":501}
?[36m[info]?[0m [phantom] Capture saved to /Users/zpeugh/code/min/scripts/flowdocument/Resources/actionHtmls/actionPNGs/Assign Creator-Remove Others.png
?[36m[info]?[0m [phantom] Step anonymous 96/180: done in 5825ms.
?[32;1m[debug]?[0m [phantom] opening url: file:///Users/zpeugh/code/min/scripts/flowdocument/Resources/actionHtmls/Email Assignee(s): Project in Advance Route Review for 2 Weeks.html, HTTP GET
?[32;1m[debug]?[0m [phantom] Navigation requested: url=file:///Users/zpeugh/code/min/scripts/flowdocument/Resources/actionHtmls/Email Assignee(s): Project in Advance Route Review for 2 Weeks.html, type=Other, willNavigate=true, isMainFrame=true
?[32;1m[debug]?[0m [phantom] url changed to "file:///Users/zpeugh/code/min/scripts/flowdocument/Resources/actionHtmls/Email Assignee(s): Project in Advance Route Review for 2 Weeks.html"
?[32;1m[debug]?[0m [phantom] Successfully injected Casper client-side utilities
?[36m[info]?[0m [phantom] Step anonymous 98/180: done in 5898ms.
?[36m[info]?[0m [phantom] Step _step 99/181: done in 5918ms.
?[36m[info]?[0m [phantom] waitFor() finished in 50ms.
?[32;1m[debug]?[0m [phantom] Capturing page to /Users/zpeugh/code/min/scripts/flowdocument/Resources/actionHtmls/actionPNGs/Email Assignee(s): Project in Advance Route Review for 2 Weeks.png with clipRect {"top":15,"height":406,"left":62,"width":501}
?[36m[info]?[0m [phantom] Capture saved to /Users/zpeugh/code/min/scripts/flowdocument/Resources/actionHtmls/actionPNGs/Email Assignee(s): Project in Advance Route Review for 2 Weeks.png
?[36m[info]?[0m [phantom] Step anonymous 100/182: done in 6057ms.
?[32;1m[debug]?[0m [phantom] opening url: file:///Users/zpeugh/code/min/scripts/flowdocument/Resources/actionHtmls/Assign Duke Finance UG-Don't Remove Others.html, HTTP GET
?[32;1m[debug]?[0m [phantom] Navigation requested: url=file:///Users/zpeugh/code/min/scripts/flowdocument/Resources/actionHtmls/Assign Duke Finance UG-Don't Remove Others.html, type=Other, willNavigate=true, isMainFrame=true
?[32;1m[debug]?[0m [phantom] url changed to "file:///Users/zpeugh/code/min/scripts/flowdocument/Resources/actionHtmls/Assign Duke Finance UG-Don't Remove Others.html"
?[32;1m[debug]?[0m [phantom] Successfully injected Casper client-side utilities
?[36m[info]?[0m [phantom] Step anonymous 102/182: done in 6128ms.
?[36m[info]?[0m [phantom] Step _step 103/183: done in 6150ms.
?[36m[info]?[0m [phantom] waitFor() finished in 51ms.
?[32;1m[debug]?[0m [phantom] Capturing page to /Users/zpeugh/code/min/scripts/flowdocument/Resources/actionHtmls/actionPNGs/Assign Duke Finance UG-Don't Remove Others.png with clipRect {"top":15,"height":393,"left":62,"width":501}
?[36m[info]?[0m [phantom] Capture saved to /Users/zpeugh/code/min/scripts/flowdocument/Resources/actionHtmls/actionPNGs/Assign Duke Finance UG-Don't Remove Others.png
?[36m[info]?[0m [phantom] Step anonymous 104/184: done in 6287ms.
?[32;1m[debug]?[0m [phantom] opening url: file:///Users/zpeugh/code/min/scripts/flowdocument/Resources/actionHtmls/Populate Pole IDs in Pole Inventory FOrm.html, HTTP GET
?[32;1m[debug]?[0m [phantom] Navigation requested: url=file:///Users/zpeugh/code/min/scripts/flowdocument/Resources/actionHtmls/Populate Pole IDs in Pole Inventory FOrm.html, type=Other, willNavigate=true, isMainFrame=true
?[32;1m[debug]?[0m [phantom] url changed to "file:///Users/zpeugh/code/min/scripts/flowdocument/Resources/actionHtmls/Populate Pole IDs in Pole Inventory FOrm.html"
?[32;1m[debug]?[0m [phantom] Successfully injected Casper client-side utilities
?[36m[info]?[0m [phantom] Step anonymous 106/184: done in 6345ms.
?[36m[info]?[0m [phantom] Step _step 107/185: done in 6369ms.
?[36m[info]?[0m [phantom] waitFor() finished in 55ms.
?[32;1m[debug]?[0m [phantom] Capturing page to /Users/zpeugh/code/min/scripts/flowdocument/Resources/actionHtmls/actionPNGs/Populate Pole IDs in Pole Inventory FOrm.png with clipRect {"top":15,"height":426,"left":62,"width":501}
?[36m[info]?[0m [phantom] Capture saved to /Users/zpeugh/code/min/scripts/flowdocument/Resources/actionHtmls/actionPNGs/Populate Pole IDs in Pole Inventory FOrm.png
?[36m[info]?[0m [phantom] Step anonymous 108/186: done in 6522ms.
?[32;1m[debug]?[0m [phantom] opening url: file:///Users/zpeugh/code/min/scripts/flowdocument/Resources/actionHtmls/Email Assignees: Project in Pole-by-Pole Review for 2 Weeks.html, HTTP GET
?[32;1m[debug]?[0m [phantom] Navigation requested: url=file:///Users/zpeugh/code/min/scripts/flowdocument/Resources/actionHtmls/Email Assignees: Project in Pole-by-Pole Review for 2 Weeks.html, type=Other, willNavigate=true, isMainFrame=true
?[32;1m[debug]?[0m [phantom] url changed to "file:///Users/zpeugh/code/min/scripts/flowdocument/Resources/actionHtmls/Email Assignees: Project in Pole-by-Pole Review for 2 Weeks.html"
?[32;1m[debug]?[0m [phantom] Successfully injected Casper client-side utilities
?[36m[info]?[0m [phantom] Step anonymous 110/186: done in 6577ms.
?[36m[info]?[0m [phantom] Step _step 111/187: done in 6599ms.
?[36m[info]?[0m [phantom] waitFor() finished in 52ms.
?[32;1m[debug]?[0m [phantom] Capturing page to /Users/zpeugh/code/min/scripts/flowdocument/Resources/actionHtmls/actionPNGs/Email Assignees: Project in Pole-by-Pole Review for 2 Weeks.png with clipRect {"top":15,"height":406,"left":62,"width":501}
?[36m[info]?[0m [phantom] Capture saved to /Users/zpeugh/code/min/scripts/flowdocument/Resources/actionHtmls/actionPNGs/Email Assignees: Project in Pole-by-Pole Review for 2 Weeks.png
?[36m[info]?[0m [phantom] Step anonymous 112/188: done in 6746ms.
?[32;1m[debug]?[0m [phantom] opening url: file:///Users/zpeugh/code/min/scripts/flowdocument/Resources/actionHtmls/Email Assignees: IJUS Complete-No Conflicting Permits.html, HTTP GET
?[32;1m[debug]?[0m [phantom] Navigation requested: url=file:///Users/zpeugh/code/min/scripts/flowdocument/Resources/actionHtmls/Email Assignees: IJUS Complete-No Conflicting Permits.html, type=Other, willNavigate=true, isMainFrame=true
?[32;1m[debug]?[0m [phantom] url changed to "file:///Users/zpeugh/code/min/scripts/flowdocument/Resources/actionHtmls/Email Assignees: IJUS Complete-No Conflicting Permits.html"
?[32;1m[debug]?[0m [phantom] Successfully injected Casper client-side utilities
?[36m[info]?[0m [phantom] Step anonymous 114/188: done in 6821ms.
?[36m[info]?[0m [phantom] Step _step 115/189: done in 6846ms.
?[36m[info]?[0m [phantom] waitFor() finished in 43ms.
?[32;1m[debug]?[0m [phantom] Capturing page to /Users/zpeugh/code/min/scripts/flowdocument/Resources/actionHtmls/actionPNGs/Email Assignees: IJUS Complete-No Conflicting Permits.png with clipRect {"top":15,"height":406,"left":62,"width":501}
?[36m[info]?[0m [phantom] Capture saved to /Users/zpeugh/code/min/scripts/flowdocument/Resources/actionHtmls/actionPNGs/Email Assignees: IJUS Complete-No Conflicting Permits.png
?[36m[info]?[0m [phantom] Step anonymous 116/190: done in 6981ms.
?[32;1m[debug]?[0m [phantom] opening url: file:///Users/zpeugh/code/min/scripts/flowdocument/Resources/actionHtmls/Email Assignees: IJUS Review Complete-Conflicting Permits Found.html, HTTP GET
?[32;1m[debug]?[0m [phantom] Navigation requested: url=file:///Users/zpeugh/code/min/scripts/flowdocument/Resources/actionHtmls/Email Assignees: IJUS Review Complete-Conflicting Permits Found.html, type=Other, willNavigate=true, isMainFrame=true
?[32;1m[debug]?[0m [phantom] url changed to "file:///Users/zpeugh/code/min/scripts/flowdocument/Resources/actionHtmls/Email Assignees: IJUS Review Complete-Conflicting Permits Found.html"
?[32;1m[debug]?[0m [phantom] Successfully injected Casper client-side utilities
?[36m[info]?[0m [phantom] Step anonymous 118/190: done in 7036ms.
?[36m[info]?[0m [phantom] Step _step 119/191: done in 7064ms.
?[36m[info]?[0m [phantom] waitFor() finished in 53ms.
?[32;1m[debug]?[0m [phantom] Capturing page to /Users/zpeugh/code/min/scripts/flowdocument/Resources/actionHtmls/actionPNGs/Email Assignees: IJUS Review Complete-Conflicting Permits Found.png with clipRect {"top":15,"height":406,"left":62,"width":501}
?[36m[info]?[0m [phantom] Capture saved to /Users/zpeugh/code/min/scripts/flowdocument/Resources/actionHtmls/actionPNGs/Email Assignees: IJUS Review Complete-Conflicting Permits Found.png
?[36m[info]?[0m [phantom] Step anonymous 120/192: done in 7211ms.
?[32;1m[debug]?[0m [phantom] opening url: file:///Users/zpeugh/code/min/scripts/flowdocument/Resources/actionHtmls/Set Stations to Permit Check.html, HTTP GET
?[32;1m[debug]?[0m [phantom] Navigation requested: url=file:///Users/zpeugh/code/min/scripts/flowdocument/Resources/actionHtmls/Set Stations to Permit Check.html, type=Other, willNavigate=true, isMainFrame=true
?[32;1m[debug]?[0m [phantom] url changed to "file:///Users/zpeugh/code/min/scripts/flowdocument/Resources/actionHtmls/Set Stations to Permit Check.html"
?[32;1m[debug]?[0m [phantom] Successfully injected Casper client-side utilities
?[36m[info]?[0m [phantom] Step anonymous 122/192: done in 7262ms.
?[36m[info]?[0m [phantom] Step _step 123/193: done in 7282ms.
?[36m[info]?[0m [phantom] waitFor() finished in 54ms.
?[32;1m[debug]?[0m [phantom] Capturing page to /Users/zpeugh/code/min/scripts/flowdocument/Resources/actionHtmls/actionPNGs/Set Stations to Permit Check.png with clipRect {"top":15,"height":319,"left":62,"width":501}
?[36m[info]?[0m [phantom] Capture saved to /Users/zpeugh/code/min/scripts/flowdocument/Resources/actionHtmls/actionPNGs/Set Stations to Permit Check.png
?[36m[info]?[0m [phantom] Step anonymous 124/194: done in 7422ms.
?[32;1m[debug]?[0m [phantom] opening url: file:///Users/zpeugh/code/min/scripts/flowdocument/Resources/actionHtmls/Set Stations to "Conflicting Permit Check".html, HTTP GET
?[32;1m[debug]?[0m [phantom] Navigation requested: url=file:///Users/zpeugh/code/min/scripts/flowdocument/Resources/actionHtmls/Set Stations to "Conflicting Permit Check".html, type=Other, willNavigate=true, isMainFrame=true
?[32;1m[debug]?[0m [phantom] url changed to "file:///Users/zpeugh/code/min/scripts/flowdocument/Resources/actionHtmls/Set Stations to "Conflicting Permit Check".html"
?[32;1m[debug]?[0m [phantom] Successfully injected Casper client-side utilities
?[36m[info]?[0m [phantom] Step anonymous 126/194: done in 7481ms.
?[36m[info]?[0m [phantom] Step _step 127/195: done in 7500ms.
?[36m[info]?[0m [phantom] waitFor() finished in 45ms.
?[32;1m[debug]?[0m [phantom] Capturing page to /Users/zpeugh/code/min/scripts/flowdocument/Resources/actionHtmls/actionPNGs/Set Stations to "Conflicting Permit Check".png with clipRect {"top":15,"height":319,"left":62,"width":501}
?[36m[info]?[0m [phantom] Capture saved to /Users/zpeugh/code/min/scripts/flowdocument/Resources/actionHtmls/actionPNGs/Set Stations to "Conflicting Permit Check".png
?[36m[info]?[0m [phantom] Step anonymous 128/196: done in 7631ms.
?[32;1m[debug]?[0m [phantom] opening url: file:///Users/zpeugh/code/min/scripts/flowdocument/Resources/actionHtmls/Email Project Creator-Territory and Zone Mismatch.html, HTTP GET
?[32;1m[debug]?[0m [phantom] Navigation requested: url=file:///Users/zpeugh/code/min/scripts/flowdocument/Resources/actionHtmls/Email Project Creator-Territory and Zone Mismatch.html, type=Other, willNavigate=true, isMainFrame=true
?[32;1m[debug]?[0m [phantom] url changed to "file:///Users/zpeugh/code/min/scripts/flowdocument/Resources/actionHtmls/Email Project Creator-Territory and Zone Mismatch.html"
?[32;1m[debug]?[0m [phantom] Successfully injected Casper client-side utilities
?[36m[info]?[0m [phantom] Step anonymous 130/196: done in 7688ms.
?[36m[info]?[0m [phantom] Step _step 131/197: done in 7710ms.
?[36m[info]?[0m [phantom] waitFor() finished in 50ms.
?[32;1m[debug]?[0m [phantom] Capturing page to /Users/zpeugh/code/min/scripts/flowdocument/Resources/actionHtmls/actionPNGs/Email Project Creator-Territory and Zone Mismatch.png with clipRect {"top":15,"height":406,"left":62,"width":501}
?[36m[info]?[0m [phantom] Capture saved to /Users/zpeugh/code/min/scripts/flowdocument/Resources/actionHtmls/actionPNGs/Email Project Creator-Territory and Zone Mismatch.png
?[36m[info]?[0m [phantom] Step anonymous 132/198: done in 7862ms.
?[32;1m[debug]?[0m [phantom] opening url: file:///Users/zpeugh/code/min/scripts/flowdocument/Resources/actionHtmls/Email EPC Engineer from form: FOC Installation Complete.html, HTTP GET
?[32;1m[debug]?[0m [phantom] Navigation requested: url=file:///Users/zpeugh/code/min/scripts/flowdocument/Resources/actionHtmls/Email EPC Engineer from form: FOC Installation Complete.html, type=Other, willNavigate=true, isMainFrame=true
?[32;1m[debug]?[0m [phantom] url changed to "file:///Users/zpeugh/code/min/scripts/flowdocument/Resources/actionHtmls/Email EPC Engineer from form: FOC Installation Complete.html"
?[32;1m[debug]?[0m [phantom] Successfully injected Casper client-side utilities
?[36m[info]?[0m [phantom] Step anonymous 134/198: done in 7916ms.
?[32;1m[debug]?[0m [phantom] opening url: file:///Users/zpeugh/code/min/scripts/flowdocument/Resources/actionHtmls/Email EPC Engineer from form: FOC Installation Complete.html, HTTP GET
?[32;1m[debug]?[0m [phantom] Navigation requested: url=file:///Users/zpeugh/code/min/scripts/flowdocument/Resources/actionHtmls/Email EPC Engineer from form: FOC Installation Complete.html, type=Other, willNavigate=true, isMainFrame=true
?[32;1m[debug]?[0m [phantom] url changed to "file:///Users/zpeugh/code/min/scripts/flowdocument/Resources/actionHtmls/Email EPC Engineer from form: FOC Installation Complete.html"
?[32;1m[debug]?[0m [phantom] Successfully injected Casper client-side utilities
?[36m[info]?[0m [phantom] Step anonymous 136/200: done in 7994ms.
script timed out
?[32;1m[debug]?[0m [phantom] opening url: file:///Users/zpeugh/code/min/scripts/flowdocument/Resources/actionHtmls/Assign Engineer  from Assign Engineer Form-Remove Others.html, HTTP GET
?[32;1m[debug]?[0m [phantom] Navigation requested: url=file:///Users/zpeugh/code/min/scripts/flowdocument/Resources/actionHtmls/Assign Engineer  from Assign Engineer Form-Remove Others.html, type=Other, willNavigate=true, isMainFrame=true
?[32;1m[debug]?[0m [phantom] url changed to "file:///Users/zpeugh/code/min/scripts/flowdocument/Resources/actionHtmls/Assign Engineer  from Assign Engineer Form-Remove Others.html"
?[32;1m[debug]?[0m [phantom] Successfully injected Casper client-side utilities
?[36m[info]?[0m [phantom] Step anonymous 138/200: done in 8067ms.
?[32;1m[debug]?[0m [phantom] opening url: file:///Users/zpeugh/code/min/scripts/flowdocument/Resources/actionHtmls/Assign Engineer  from Assign Engineer Form-Remove Others.html, HTTP GET
?[32;1m[debug]?[0m [phantom] Navigation requested: url=file:///Users/zpeugh/code/min/scripts/flowdocument/Resources/actionHtmls/Assign Engineer  from Assign Engineer Form-Remove Others.html, type=Other, willNavigate=true, isMainFrame=true
?[32;1m[debug]?[0m [phantom] url changed to "file:///Users/zpeugh/code/min/scripts/flowdocument/Resources/actionHtmls/Assign Engineer  from Assign Engineer Form-Remove Others.html"
?[32;1m[debug]?[0m [phantom] Successfully injected Casper client-side utilities
?[36m[info]?[0m [phantom] Step anonymous 140/202: done in 8150ms.
?[32;1m[debug]?[0m [phantom] opening url: file:///Users/zpeugh/code/min/scripts/flowdocument/Resources/actionHtmls/Assign EPC Engineer-From Form-Don't Remove Others.html, HTTP GET
?[32;1m[debug]?[0m [phantom] Navigation requested: url=file:///Users/zpeugh/code/min/scripts/flowdocument/Resources/actionHtmls/Assign EPC Engineer-From Form-Don't Remove Others.html, type=Other, willNavigate=true, isMainFrame=true
?[32;1m[debug]?[0m [phantom] url changed to "file:///Users/zpeugh/code/min/scripts/flowdocument/Resources/actionHtmls/Assign EPC Engineer-From Form-Don't Remove Others.html"
?[32;1m[debug]?[0m [phantom] Successfully injected Casper client-side utilities
?[36m[info]?[0m [phantom] Step anonymous 142/202: done in 8228ms.
?[32;1m[debug]?[0m [phantom] opening url: file:///Users/zpeugh/code/min/scripts/flowdocument/Resources/actionHtmls/Assign EPC Engineer-From Form-Don't Remove Others.html, HTTP GET
?[32;1m[debug]?[0m [phantom] Navigation requested: url=file:///Users/zpeugh/code/min/scripts/flowdocument/Resources/actionHtmls/Assign EPC Engineer-From Form-Don't Remove Others.html, type=Other, willNavigate=true, isMainFrame=true
?[32;1m[debug]?[0m [phantom] url changed to "file:///Users/zpeugh/code/min/scripts/flowdocument/Resources/actionHtmls/Assign EPC Engineer-From Form-Don't Remove Others.html"
?[32;1m[debug]?[0m [phantom] Successfully injected Casper client-side utilities
?[36m[info]?[0m [phantom] Step anonymous 144/204: done in 8310ms.
?[32;1m[debug]?[0m [phantom] opening url: file:///Users/zpeugh/code/min/scripts/flowdocument/Resources/actionHtmls/Assign MRC Electric Contractor-Don't Remove Others.html, HTTP GET
?[32;1m[debug]?[0m [phantom] Navigation requested: url=file:///Users/zpeugh/code/min/scripts/flowdocument/Resources/actionHtmls/Assign MRC Electric Contractor-Don't Remove Others.html, type=Other, willNavigate=true, isMainFrame=true
?[32;1m[debug]?[0m [phantom] url changed to "file:///Users/zpeugh/code/min/scripts/flowdocument/Resources/actionHtmls/Assign MRC Electric Contractor-Don't Remove Others.html"
?[32;1m[debug]?[0m [phantom] Successfully injected Casper client-side utilities
?[36m[info]?[0m [phantom] Step anonymous 146/204: done in 8385ms.
?[32;1m[debug]?[0m [phantom] opening url: file:///Users/zpeugh/code/min/scripts/flowdocument/Resources/actionHtmls/Assign MRC Electric Contractor-Don't Remove Others.html, HTTP GET
?[32;1m[debug]?[0m [phantom] Navigation requested: url=file:///Users/zpeugh/code/min/scripts/flowdocument/Resources/actionHtmls/Assign MRC Electric Contractor-Don't Remove Others.html, type=Other, willNavigate=true, isMainFrame=true
?[32;1m[debug]?[0m [phantom] url changed to "file:///Users/zpeugh/code/min/scripts/flowdocument/Resources/actionHtmls/Assign MRC Electric Contractor-Don't Remove Others.html"
?[32;1m[debug]?[0m [phantom] Successfully injected Casper client-side utilities
?[36m[info]?[0m [phantom] Step anonymous 148/206: done in 8466ms.
?[32;1m[debug]?[0m [phantom] opening url: file:///Users/zpeugh/code/min/scripts/flowdocument/Resources/actionHtmls/Assign MRC Communication Contractor from Application Form-Remove Others.html, HTTP GET
?[32;1m[debug]?[0m [phantom] Navigation requested: url=file:///Users/zpeugh/code/min/scripts/flowdocument/Resources/actionHtmls/Assign MRC Communication Contractor from Application Form-Remove Others.html, type=Other, willNavigate=true, isMainFrame=true
?[32;1m[debug]?[0m [phantom] url changed to "file:///Users/zpeugh/code/min/scripts/flowdocument/Resources/actionHtmls/Assign MRC Communication Contractor from Application Form-Remove Others.html"
?[32;1m[debug]?[0m [phantom] Successfully injected Casper client-side utilities
?[36m[info]?[0m [phantom] Step anonymous 150/206: done in 8545ms.
?[32;1m[debug]?[0m [phantom] opening url: file:///Users/zpeugh/code/min/scripts/flowdocument/Resources/actionHtmls/Assign MRC Communication Contractor from Application Form-Remove Others.html, HTTP GET
?[32;1m[debug]?[0m [phantom] Navigation requested: url=file:///Users/zpeugh/code/min/scripts/flowdocument/Resources/actionHtmls/Assign MRC Communication Contractor from Application Form-Remove Others.html, type=Other, willNavigate=true, isMainFrame=true
?[32;1m[debug]?[0m [phantom] url changed to "file:///Users/zpeugh/code/min/scripts/flowdocument/Resources/actionHtmls/Assign MRC Communication Contractor from Application Form-Remove Others.html"
?[32;1m[debug]?[0m [phantom] Successfully injected Casper client-side utilities
?[36m[info]?[0m [phantom] Step anonymous 152/208: done in 8628ms.
?[32;1m[debug]?[0m [phantom] opening url: file:///Users/zpeugh/code/min/scripts/flowdocument/Resources/actionHtmls/Remove Engineer From Assign Engineer Form.html, HTTP GET
?[32;1m[debug]?[0m [phantom] Navigation requested: url=file:///Users/zpeugh/code/min/scripts/flowdocument/Resources/actionHtmls/Remove Engineer From Assign Engineer Form.html, type=Other, willNavigate=true, isMainFrame=true
?[32;1m[debug]?[0m [phantom] url changed to "file:///Users/zpeugh/code/min/scripts/flowdocument/Resources/actionHtmls/Remove Engineer From Assign Engineer Form.html"
?[32;1m[debug]?[0m [phantom] Successfully injected Casper client-side utilities
?[36m[info]?[0m [phantom] Step anonymous 154/208: done in 8698ms.
?[32;1m[debug]?[0m [phantom] opening url: file:///Users/zpeugh/code/min/scripts/flowdocument/Resources/actionHtmls/Remove Engineer From Assign Engineer Form.html, HTTP GET
?[32;1m[debug]?[0m [phantom] Navigation requested: url=file:///Users/zpeugh/code/min/scripts/flowdocument/Resources/actionHtmls/Remove Engineer From Assign Engineer Form.html, type=Other, willNavigate=true, isMainFrame=true
?[32;1m[debug]?[0m [phantom] url changed to "file:///Users/zpeugh/code/min/scripts/flowdocument/Resources/actionHtmls/Remove Engineer From Assign Engineer Form.html"
?[32;1m[debug]?[0m [phantom] Successfully injected Casper client-side utilities
?[36m[info]?[0m [phantom] Step anonymous 156/210: done in 8781ms.
?[32;1m[debug]?[0m [phantom] opening url: file:///Users/zpeugh/code/min/scripts/flowdocument/Resources/actionHtmls/Assign to Duke North Engineer Supervisor UG-Remove Others.html, HTTP GET
?[32;1m[debug]?[0m [phantom] Navigation requested: url=file:///Users/zpeugh/code/min/scripts/flowdocument/Resources/actionHtmls/Assign to Duke North Engineer Supervisor UG-Remove Others.html, type=Other, willNavigate=true, isMainFrame=true
?[32;1m[debug]?[0m [phantom] url changed to "file:///Users/zpeugh/code/min/scripts/flowdocument/Resources/actionHtmls/Assign to Duke North Engineer Supervisor UG-Remove Others.html"
?[32;1m[debug]?[0m [phantom] Successfully injected Casper client-side utilities
?[36m[info]?[0m [phantom] Step anonymous 158/210: done in 8851ms.
?[32;1m[debug]?[0m [phantom] opening url: file:///Users/zpeugh/code/min/scripts/flowdocument/Resources/actionHtmls/Assign to Duke North Engineer Supervisor UG-Remove Others.html, HTTP GET
?[32;1m[debug]?[0m [phantom] Navigation requested: url=file:///Users/zpeugh/code/min/scripts/flowdocument/Resources/actionHtmls/Assign to Duke North Engineer Supervisor UG-Remove Others.html, type=Other, willNavigate=true, isMainFrame=true
?[32;1m[debug]?[0m [phantom] url changed to "file:///Users/zpeugh/code/min/scripts/flowdocument/Resources/actionHtmls/Assign to Duke North Engineer Supervisor UG-Remove Others.html"
?[32;1m[debug]?[0m [phantom] Successfully injected Casper client-side utilities
?[36m[info]?[0m [phantom] Step anonymous 160/212: done in 8933ms.
?[32;1m[debug]?[0m [phantom] opening url: file:///Users/zpeugh/code/min/scripts/flowdocument/Resources/actionHtmls/Assign MRC Communication Contractor from App Form-Don't Remove Others.html, HTTP GET
?[32;1m[debug]?[0m [phantom] Navigation requested: url=file:///Users/zpeugh/code/min/scripts/flowdocument/Resources/actionHtmls/Assign MRC Communication Contractor from App Form-Don't Remove Others.html, type=Other, willNavigate=true, isMainFrame=true
?[32;1m[debug]?[0m [phantom] url changed to "file:///Users/zpeugh/code/min/scripts/flowdocument/Resources/actionHtmls/Assign MRC Communication Contractor from App Form-Don't Remove Others.html"
?[32;1m[debug]?[0m [phantom] Successfully injected Casper client-side utilities
?[36m[info]?[0m [phantom] Step anonymous 162/212: done in 9010ms.
?[32;1m[debug]?[0m [phantom] opening url: file:///Users/zpeugh/code/min/scripts/flowdocument/Resources/actionHtmls/Assign MRC Communication Contractor from App Form-Don't Remove Others.html, HTTP GET
?[32;1m[debug]?[0m [phantom] Navigation requested: url=file:///Users/zpeugh/code/min/scripts/flowdocument/Resources/actionHtmls/Assign MRC Communication Contractor from App Form-Don't Remove Others.html, type=Other, willNavigate=true, isMainFrame=true
?[32;1m[debug]?[0m [phantom] url changed to "file:///Users/zpeugh/code/min/scripts/flowdocument/Resources/actionHtmls/Assign MRC Communication Contractor from App Form-Don't Remove Others.html"
?[32;1m[debug]?[0m [phantom] Successfully injected Casper client-side utilities
?[36m[info]?[0m [phantom] Step anonymous 164/214: done in 9092ms.
?[32;1m[debug]?[0m [phantom] opening url: file:///Users/zpeugh/code/min/scripts/flowdocument/Resources/actionHtmls/Assign MRE Contractor from form-Remove Others.html, HTTP GET
?[32;1m[debug]?[0m [phantom] Navigation requested: url=file:///Users/zpeugh/code/min/scripts/flowdocument/Resources/actionHtmls/Assign MRE Contractor from form-Remove Others.html, type=Other, willNavigate=true, isMainFrame=true
?[32;1m[debug]?[0m [phantom] url changed to "file:///Users/zpeugh/code/min/scripts/flowdocument/Resources/actionHtmls/Assign MRE Contractor from form-Remove Others.html"
?[32;1m[debug]?[0m [phantom] Successfully injected Casper client-side utilities
?[36m[info]?[0m [phantom] Step anonymous 166/214: done in 9170ms.
?[32;1m[debug]?[0m [phantom] opening url: file:///Users/zpeugh/code/min/scripts/flowdocument/Resources/actionHtmls/Assign MRE Contractor from form-Remove Others.html, HTTP GET
?[32;1m[debug]?[0m [phantom] Navigation requested: url=file:///Users/zpeugh/code/min/scripts/flowdocument/Resources/actionHtmls/Assign MRE Contractor from form-Remove Others.html, type=Other, willNavigate=true, isMainFrame=true
?[32;1m[debug]?[0m [phantom] url changed to "file:///Users/zpeugh/code/min/scripts/flowdocument/Resources/actionHtmls/Assign MRE Contractor from form-Remove Others.html"
?[32;1m[debug]?[0m [phantom] Successfully injected Casper client-side utilities
?[36m[info]?[0m [phantom] Step anonymous 168/216: done in 9254ms.
?[32;1m[debug]?[0m [phantom] opening url: file:///Users/zpeugh/code/min/scripts/flowdocument/Resources/actionHtmls/Email Duke JU-Permit Authorized for Construction.html, HTTP GET
?[32;1m[debug]?[0m [phantom] Navigation requested: url=file:///Users/zpeugh/code/min/scripts/flowdocument/Resources/actionHtmls/Email Duke JU-Permit Authorized for Construction.html, type=Other, willNavigate=true, isMainFrame=true
?[32;1m[debug]?[0m [phantom] url changed to "file:///Users/zpeugh/code/min/scripts/flowdocument/Resources/actionHtmls/Email Duke JU-Permit Authorized for Construction.html"
?[32;1m[debug]?[0m [phantom] Successfully injected Casper client-side utilities
?[36m[info]?[0m [phantom] Step anonymous 170/216: done in 9326ms.
?[32;1m[debug]?[0m [phantom] opening url: file:///Users/zpeugh/code/min/scripts/flowdocument/Resources/actionHtmls/Email Duke JU-Permit Authorized for Construction.html, HTTP GET
?[32;1m[debug]?[0m [phantom] Navigation requested: url=file:///Users/zpeugh/code/min/scripts/flowdocument/Resources/actionHtmls/Email Duke JU-Permit Authorized for Construction.html, type=Other, willNavigate=true, isMainFrame=true
?[32;1m[debug]?[0m [phantom] url changed to "file:///Users/zpeugh/code/min/scripts/flowdocument/Resources/actionHtmls/Email Duke JU-Permit Authorized for Construction.html"
?[32;1m[debug]?[0m [phantom] Successfully injected Casper client-side utilities
?[36m[info]?[0m [phantom] Step anonymous 172/218: done in 9407ms.
?[32;1m[debug]?[0m [phantom] opening url: file:///Users/zpeugh/code/min/scripts/flowdocument/Resources/actionHtmls/Assign Central Engineer Supervisor UG-Remove Others.html, HTTP GET
?[32;1m[debug]?[0m [phantom] Navigation requested: url=file:///Users/zpeugh/code/min/scripts/flowdocument/Resources/actionHtmls/Assign Central Engineer Supervisor UG-Remove Others.html, type=Other, willNavigate=true, isMainFrame=true
?[32;1m[debug]?[0m [phantom] url changed to "file:///Users/zpeugh/code/min/scripts/flowdocument/Resources/actionHtmls/Assign Central Engineer Supervisor UG-Remove Others.html"
?[32;1m[debug]?[0m [phantom] Successfully injected Casper client-side utilities
?[36m[info]?[0m [phantom] Step anonymous 174/218: done in 9489ms.
?[32;1m[debug]?[0m [phantom] opening url: file:///Users/zpeugh/code/min/scripts/flowdocument/Resources/actionHtmls/Assign Central Engineer Supervisor UG-Remove Others.html, HTTP GET
?[32;1m[debug]?[0m [phantom] Navigation requested: url=file:///Users/zpeugh/code/min/scripts/flowdocument/Resources/actionHtmls/Assign Central Engineer Supervisor UG-Remove Others.html, type=Other, willNavigate=true, isMainFrame=true
?[32;1m[debug]?[0m [phantom] url changed to "file:///Users/zpeugh/code/min/scripts/flowdocument/Resources/actionHtmls/Assign Central Engineer Supervisor UG-Remove Others.html"
?[32;1m[debug]?[0m [phantom] Successfully injected Casper client-side utilities
?[36m[info]?[0m [phantom] Step anonymous 176/220: done in 9563ms.
?[32;1m[debug]?[0m [phantom] opening url: file:///Users/zpeugh/code/min/scripts/flowdocument/Resources/actionHtmls/Assign EPC Engineer-From Form-Remove Others.html, HTTP GET
?[32;1m[debug]?[0m [phantom] Navigation requested: url=file:///Users/zpeugh/code/min/scripts/flowdocument/Resources/actionHtmls/Assign EPC Engineer-From Form-Remove Others.html, type=Other, willNavigate=true, isMainFrame=true
?[32;1m[debug]?[0m [phantom] url changed to "file:///Users/zpeugh/code/min/scripts/flowdocument/Resources/actionHtmls/Assign EPC Engineer-From Form-Remove Others.html"
?[32;1m[debug]?[0m [phantom] Successfully injected Casper client-side utilities
?[36m[info]?[0m [phantom] Step anonymous 178/220: done in 9644ms.
?[32;1m[debug]?[0m [phantom] opening url: file:///Users/zpeugh/code/min/scripts/flowdocument/Resources/actionHtmls/Assign EPC Engineer-From Form-Remove Others.html, HTTP GET
?[32;1m[debug]?[0m [phantom] Navigation requested: url=file:///Users/zpeugh/code/min/scripts/flowdocument/Resources/actionHtmls/Assign EPC Engineer-From Form-Remove Others.html, type=Other, willNavigate=true, isMainFrame=true
?[32;1m[debug]?[0m [phantom] url changed to "file:///Users/zpeugh/code/min/scripts/flowdocument/Resources/actionHtmls/Assign EPC Engineer-From Form-Remove Others.html"
?[32;1m[debug]?[0m [phantom] Successfully injected Casper client-side utilities
?[36m[info]?[0m [phantom] Step anonymous 180/222: done in 9721ms.
?[32;1m[debug]?[0m [phantom] opening url: file:///Users/zpeugh/code/min/scripts/flowdocument/Resources/actionHtmls/Assign Duke Construction UG-Don't Remove Others.html, HTTP GET
?[32;1m[debug]?[0m [phantom] Navigation requested: url=file:///Users/zpeugh/code/min/scripts/flowdocument/Resources/actionHtmls/Assign Duke Construction UG-Don't Remove Others.html, type=Other, willNavigate=true, isMainFrame=true
?[32;1m[debug]?[0m [phantom] url changed to "file:///Users/zpeugh/code/min/scripts/flowdocument/Resources/actionHtmls/Assign Duke Construction UG-Don't Remove Others.html"
?[32;1m[debug]?[0m [phantom] Successfully injected Casper client-side utilities
?[36m[info]?[0m [phantom] Step anonymous 182/222: done in 9797ms.
?[32;1m[debug]?[0m [phantom] opening url: file:///Users/zpeugh/code/min/scripts/flowdocument/Resources/actionHtmls/Assign Duke Construction UG-Don't Remove Others.html, HTTP GET
?[32;1m[debug]?[0m [phantom] Navigation requested: url=file:///Users/zpeugh/code/min/scripts/flowdocument/Resources/actionHtmls/Assign Duke Construction UG-Don't Remove Others.html, type=Other, willNavigate=true, isMainFrame=true
?[32;1m[debug]?[0m [phantom] url changed to "file:///Users/zpeugh/code/min/scripts/flowdocument/Resources/actionHtmls/Assign Duke Construction UG-Don't Remove Others.html"
?[32;1m[debug]?[0m [phantom] Successfully injected Casper client-side utilities
?[36m[info]?[0m [phantom] Step anonymous 184/224: done in 9862ms.
?[32;1m[debug]?[0m [phantom] opening url: file:///Users/zpeugh/code/min/scripts/flowdocument/Resources/actionHtmls/Assign Engineer from Assign Engineer form-Don't Remove Others.html, HTTP GET
?[32;1m[debug]?[0m [phantom] Navigation requested: url=file:///Users/zpeugh/code/min/scripts/flowdocument/Resources/actionHtmls/Assign Engineer from Assign Engineer form-Don't Remove Others.html, type=Other, willNavigate=true, isMainFrame=true
?[32;1m[debug]?[0m [phantom] url changed to "file:///Users/zpeugh/code/min/scripts/flowdocument/Resources/actionHtmls/Assign Engineer from Assign Engineer form-Don't Remove Others.html"
?[32;1m[debug]?[0m [phantom] Successfully injected Casper client-side utilities
?[36m[info]?[0m [phantom] Step anonymous 186/224: done in 9938ms.
?[32;1m[debug]?[0m [phantom] opening url: file:///Users/zpeugh/code/min/scripts/flowdocument/Resources/actionHtmls/Assign Engineer from Assign Engineer form-Don't Remove Others.html, HTTP GET
?[32;1m[debug]?[0m [phantom] Navigation requested: url=file:///Users/zpeugh/code/min/scripts/flowdocument/Resources/actionHtmls/Assign Engineer from Assign Engineer form-Don't Remove Others.html, type=Other, willNavigate=true, isMainFrame=true
?[32;1m[debug]?[0m [phantom] url changed to "file:///Users/zpeugh/code/min/scripts/flowdocument/Resources/actionHtmls/Assign Engineer from Assign Engineer form-Don't Remove Others.html"
?[32;1m[debug]?[0m [phantom] Successfully injected Casper client-side utilities
?[36m[info]?[0m [phantom] Step anonymous 188/226: done in 10019ms.
?[32;1m[debug]?[0m [phantom] opening url: file:///Users/zpeugh/code/min/scripts/flowdocument/Resources/actionHtmls/Assign Mark Brooks (need email address).html, HTTP GET
?[32;1m[debug]?[0m [phantom] Navigation requested: url=file:///Users/zpeugh/code/min/scripts/flowdocument/Resources/actionHtmls/Assign Mark Brooks (need email address).html, type=Other, willNavigate=true, isMainFrame=true
?[32;1m[debug]?[0m [phantom] url changed to "file:///Users/zpeugh/code/min/scripts/flowdocument/Resources/actionHtmls/Assign Mark Brooks (need email address).html"
?[32;1m[debug]?[0m [phantom] Successfully injected Casper client-side utilities
?[36m[info]?[0m [phantom] Step anonymous 190/226: done in 10092ms.
?[32;1m[debug]?[0m [phantom] opening url: file:///Users/zpeugh/code/min/scripts/flowdocument/Resources/actionHtmls/Assign Mark Brooks (need email address).html, HTTP GET
?[32;1m[debug]?[0m [phantom] Navigation requested: url=file:///Users/zpeugh/code/min/scripts/flowdocument/Resources/actionHtmls/Assign Mark Brooks (need email address).html, type=Other, willNavigate=true, isMainFrame=true
?[32;1m[debug]?[0m [phantom] url changed to "file:///Users/zpeugh/code/min/scripts/flowdocument/Resources/actionHtmls/Assign Mark Brooks (need email address).html"
?[32;1m[debug]?[0m [phantom] Successfully injected Casper client-side utilities
?[36m[info]?[0m [phantom] Step anonymous 192/228: done in 10172ms.
?[32;1m[debug]?[0m [phantom] opening url: file:///Users/zpeugh/code/min/scripts/flowdocument/Resources/actionHtmls/Email EPC Engineer-Permit Authorized for Construction.html, HTTP GET
?[32;1m[debug]?[0m [phantom] Navigation requested: url=file:///Users/zpeugh/code/min/scripts/flowdocument/Resources/actionHtmls/Email EPC Engineer-Permit Authorized for Construction.html, type=Other, willNavigate=true, isMainFrame=true
?[32;1m[debug]?[0m [phantom] url changed to "file:///Users/zpeugh/code/min/scripts/flowdocument/Resources/actionHtmls/Email EPC Engineer-Permit Authorized for Construction.html"
?[32;1m[debug]?[0m [phantom] Successfully injected Casper client-side utilities
?[36m[info]?[0m [phantom] Step anonymous 194/228: done in 10250ms.
?[32;1m[debug]?[0m [phantom] opening url: file:///Users/zpeugh/code/min/scripts/flowdocument/Resources/actionHtmls/Email EPC Engineer-Permit Authorized for Construction.html, HTTP GET
?[32;1m[debug]?[0m [phantom] Navigation requested: url=file:///Users/zpeugh/code/min/scripts/flowdocument/Resources/actionHtmls/Email EPC Engineer-Permit Authorized for Construction.html, type=Other, willNavigate=true, isMainFrame=true
?[32;1m[debug]?[0m [phantom] url changed to "file:///Users/zpeugh/code/min/scripts/flowdocument/Resources/actionHtmls/Email EPC Engineer-Permit Authorized for Construction.html"
?[32;1m[debug]?[0m [phantom] Successfully injected Casper client-side utilities
?[36m[info]?[0m [phantom] Step anonymous 196/230: done in 10331ms.
?[32;1m[debug]?[0m [phantom] opening url: file:///Users/zpeugh/code/min/scripts/flowdocument/Resources/actionHtmls/Assign FOC Contractor From Form-Remove Others.html, HTTP GET
?[32;1m[debug]?[0m [phantom] Navigation requested: url=file:///Users/zpeugh/code/min/scripts/flowdocument/Resources/actionHtmls/Assign FOC Contractor From Form-Remove Others.html, type=Other, willNavigate=true, isMainFrame=true
?[32;1m[debug]?[0m [phantom] url changed to "file:///Users/zpeugh/code/min/scripts/flowdocument/Resources/actionHtmls/Assign FOC Contractor From Form-Remove Others.html"
?[32;1m[debug]?[0m [phantom] Successfully injected Casper client-side utilities
?[36m[info]?[0m [phantom] Step anonymous 198/230: done in 10409ms.
?[32;1m[debug]?[0m [phantom] opening url: file:///Users/zpeugh/code/min/scripts/flowdocument/Resources/actionHtmls/Assign FOC Contractor From Form-Remove Others.html, HTTP GET
?[32;1m[debug]?[0m [phantom] Navigation requested: url=file:///Users/zpeugh/code/min/scripts/flowdocument/Resources/actionHtmls/Assign FOC Contractor From Form-Remove Others.html, type=Other, willNavigate=true, isMainFrame=true
?[32;1m[debug]?[0m [phantom] url changed to "file:///Users/zpeugh/code/min/scripts/flowdocument/Resources/actionHtmls/Assign FOC Contractor From Form-Remove Others.html"
?[32;1m[debug]?[0m [phantom] Successfully injected Casper client-side utilities
?[36m[info]?[0m [phantom] Step anonymous 200/232: done in 10496ms.
?[32;1m[debug]?[0m [phantom] opening url: file:///Users/zpeugh/code/min/scripts/flowdocument/Resources/actionHtmls/Email EPC Design-From Form-Field Pole Survey Completed.html, HTTP GET
?[32;1m[debug]?[0m [phantom] Navigation requested: url=file:///Users/zpeugh/code/min/scripts/flowdocument/Resources/actionHtmls/Email EPC Design-From Form-Field Pole Survey Completed.html, type=Other, willNavigate=true, isMainFrame=true
?[32;1m[debug]?[0m [phantom] url changed to "file:///Users/zpeugh/code/min/scripts/flowdocument/Resources/actionHtmls/Email EPC Design-From Form-Field Pole Survey Completed.html"
?[32;1m[debug]?[0m [phantom] Successfully injected Casper client-side utilities
?[36m[info]?[0m [phantom] Step anonymous 202/232: done in 10575ms.
?[32;1m[debug]?[0m [phantom] opening url: file:///Users/zpeugh/code/min/scripts/flowdocument/Resources/actionHtmls/Email EPC Design-From Form-Field Pole Survey Completed.html, HTTP GET
?[32;1m[debug]?[0m [phantom] Navigation requested: url=file:///Users/zpeugh/code/min/scripts/flowdocument/Resources/actionHtmls/Email EPC Design-From Form-Field Pole Survey Completed.html, type=Other, willNavigate=true, isMainFrame=true
?[32;1m[debug]?[0m [phantom] url changed to "file:///Users/zpeugh/code/min/scripts/flowdocument/Resources/actionHtmls/Email EPC Design-From Form-Field Pole Survey Completed.html"
?[32;1m[debug]?[0m [phantom] Successfully injected Casper client-side utilities
?[36m[info]?[0m [phantom] Step anonymous 204/234: done in 10660ms.
?[32;1m[debug]?[0m [phantom] opening url: file:///Users/zpeugh/code/min/scripts/flowdocument/Resources/actionHtmls/Assign Duke IJUS Usergroup-Don't Remove Others.html, HTTP GET
?[32;1m[debug]?[0m [phantom] Navigation requested: url=file:///Users/zpeugh/code/min/scripts/flowdocument/Resources/actionHtmls/Assign Duke IJUS Usergroup-Don't Remove Others.html, type=Other, willNavigate=true, isMainFrame=true
?[32;1m[debug]?[0m [phantom] url changed to "file:///Users/zpeugh/code/min/scripts/flowdocument/Resources/actionHtmls/Assign Duke IJUS Usergroup-Don't Remove Others.html"
?[32;1m[debug]?[0m [phantom] Successfully injected Casper client-side utilities
?[36m[info]?[0m [phantom] Step anonymous 206/234: done in 10738ms.
?[32;1m[debug]?[0m [phantom] opening url: file:///Users/zpeugh/code/min/scripts/flowdocument/Resources/actionHtmls/Assign Duke IJUS Usergroup-Don't Remove Others.html, HTTP GET
?[32;1m[debug]?[0m [phantom] Navigation requested: url=file:///Users/zpeugh/code/min/scripts/flowdocument/Resources/actionHtmls/Assign Duke IJUS Usergroup-Don't Remove Others.html, type=Other, willNavigate=true, isMainFrame=true
?[32;1m[debug]?[0m [phantom] url changed to "file:///Users/zpeugh/code/min/scripts/flowdocument/Resources/actionHtmls/Assign Duke IJUS Usergroup-Don't Remove Others.html"
?[32;1m[debug]?[0m [phantom] Successfully injected Casper client-side utilities
?[36m[info]?[0m [phantom] Step anonymous 208/236: done in 10816ms.
?[32;1m[debug]?[0m [phantom] opening url: file:///Users/zpeugh/code/min/scripts/flowdocument/Resources/actionHtmls/Assign Doug Everheart (need email address).html, HTTP GET
?[32;1m[debug]?[0m [phantom] Navigation requested: url=file:///Users/zpeugh/code/min/scripts/flowdocument/Resources/actionHtmls/Assign Doug Everheart (need email address).html, type=Other, willNavigate=true, isMainFrame=true
?[32;1m[debug]?[0m [phantom] url changed to "file:///Users/zpeugh/code/min/scripts/flowdocument/Resources/actionHtmls/Assign Doug Everheart (need email address).html"
?[32;1m[debug]?[0m [phantom] Successfully injected Casper client-side utilities
?[36m[info]?[0m [phantom] Step anonymous 210/236: done in 10891ms.
?[32;1m[debug]?[0m [phantom] opening url: file:///Users/zpeugh/code/min/scripts/flowdocument/Resources/actionHtmls/Assign Doug Everheart (need email address).html, HTTP GET
?[32;1m[debug]?[0m [phantom] Navigation requested: url=file:///Users/zpeugh/code/min/scripts/flowdocument/Resources/actionHtmls/Assign Doug Everheart (need email address).html, type=Other, willNavigate=true, isMainFrame=true
?[32;1m[debug]?[0m [phantom] url changed to "file:///Users/zpeugh/code/min/scripts/flowdocument/Resources/actionHtmls/Assign Doug Everheart (need email address).html"
?[32;1m[debug]?[0m [phantom] Successfully injected Casper client-side utilities
?[36m[info]?[0m [phantom] Step anonymous 212/238: done in 10969ms.
?[32;1m[debug]?[0m [phantom] opening url: file:///Users/zpeugh/code/min/scripts/flowdocument/Resources/actionHtmls/Assign Duke Construction UG-Remove Others.html, HTTP GET
?[32;1m[debug]?[0m [phantom] Navigation requested: url=file:///Users/zpeugh/code/min/scripts/flowdocument/Resources/actionHtmls/Assign Duke Construction UG-Remove Others.html, type=Other, willNavigate=true, isMainFrame=true
?[32;1m[debug]?[0m [phantom] url changed to "file:///Users/zpeugh/code/min/scripts/flowdocument/Resources/actionHtmls/Assign Duke Construction UG-Remove Others.html"
?[32;1m[debug]?[0m [phantom] Successfully injected Casper client-side utilities
?[36m[info]?[0m [phantom] Step anonymous 214/238: done in 11052ms.
?[32;1m[debug]?[0m [phantom] opening url: file:///Users/zpeugh/code/min/scripts/flowdocument/Resources/actionHtmls/Assign Duke Construction UG-Remove Others.html, HTTP GET
?[32;1m[debug]?[0m [phantom] Navigation requested: url=file:///Users/zpeugh/code/min/scripts/flowdocument/Resources/actionHtmls/Assign Duke Construction UG-Remove Others.html, type=Other, willNavigate=true, isMainFrame=true
?[32;1m[debug]?[0m [phantom] url changed to "file:///Users/zpeugh/code/min/scripts/flowdocument/Resources/actionHtmls/Assign Duke Construction UG-Remove Others.html"
?[32;1m[debug]?[0m [phantom] Successfully injected Casper client-side utilities
?[36m[info]?[0m [phantom] Step anonymous 216/240: done in 11127ms.
?[32;1m[debug]?[0m [phantom] opening url: file:///Users/zpeugh/code/min/scripts/flowdocument/Resources/actionHtmls/Assign Waylon Blakely (need email address).html, HTTP GET
?[32;1m[debug]?[0m [phantom] Navigation requested: url=file:///Users/zpeugh/code/min/scripts/flowdocument/Resources/actionHtmls/Assign Waylon Blakely (need email address).html, type=Other, willNavigate=true, isMainFrame=true
?[32;1m[debug]?[0m [phantom] url changed to "file:///Users/zpeugh/code/min/scripts/flowdocument/Resources/actionHtmls/Assign Waylon Blakely (need email address).html"
?[32;1m[debug]?[0m [phantom] Successfully injected Casper client-side utilities
?[36m[info]?[0m [phantom] Step anonymous 218/240: done in 11211ms.
?[32;1m[debug]?[0m [phantom] opening url: file:///Users/zpeugh/code/min/scripts/flowdocument/Resources/actionHtmls/Assign Waylon Blakely (need email address).html, HTTP GET
?[32;1m[debug]?[0m [phantom] Navigation requested: url=file:///Users/zpeugh/code/min/scripts/flowdocument/Resources/actionHtmls/Assign Waylon Blakely (need email address).html, type=Other, willNavigate=true, isMainFrame=true
?[32;1m[debug]?[0m [phantom] url changed to "file:///Users/zpeugh/code/min/scripts/flowdocument/Resources/actionHtmls/Assign Waylon Blakely (need email address).html"
?[32;1m[debug]?[0m [phantom] Successfully injected Casper client-side utilities
?[36m[info]?[0m [phantom] Step anonymous 220/242: done in 11297ms.
?[32;1m[debug]?[0m [phantom] opening url: file:///Users/zpeugh/code/min/scripts/flowdocument/Resources/actionHtmls/Email EPC Engineer-Field Pole Survey Completed.html, HTTP GET
?[32;1m[debug]?[0m [phantom] Navigation requested: url=file:///Users/zpeugh/code/min/scripts/flowdocument/Resources/actionHtmls/Email EPC Engineer-Field Pole Survey Completed.html, type=Other, willNavigate=true, isMainFrame=true
?[32;1m[debug]?[0m [phantom] url changed to "file:///Users/zpeugh/code/min/scripts/flowdocument/Resources/actionHtmls/Email EPC Engineer-Field Pole Survey Completed.html"
?[32;1m[debug]?[0m [phantom] Successfully injected Casper client-side utilities
?[36m[info]?[0m [phantom] Step anonymous 222/242: done in 11375ms.
?[32;1m[debug]?[0m [phantom] opening url: file:///Users/zpeugh/code/min/scripts/flowdocument/Resources/actionHtmls/Email EPC Engineer-Field Pole Survey Completed.html, HTTP GET
?[32;1m[debug]?[0m [phantom] Navigation requested: url=file:///Users/zpeugh/code/min/scripts/flowdocument/Resources/actionHtmls/Email EPC Engineer-Field Pole Survey Completed.html, type=Other, willNavigate=true, isMainFrame=true
?[32;1m[debug]?[0m [phantom] url changed to "file:///Users/zpeugh/code/min/scripts/flowdocument/Resources/actionHtmls/Email EPC Engineer-Field Pole Survey Completed.html"
?[32;1m[debug]?[0m [phantom] Successfully injected Casper client-side utilities
?[36m[info]?[0m [phantom] Step anonymous 224/244: done in 11456ms.
?[32;1m[debug]?[0m [phantom] opening url: file:///Users/zpeugh/code/min/scripts/flowdocument/Resources/actionHtmls/Assign Creator-Remove Others.html, HTTP GET
?[32;1m[debug]?[0m [phantom] Navigation requested: url=file:///Users/zpeugh/code/min/scripts/flowdocument/Resources/actionHtmls/Assign Creator-Remove Others.html, type=Other, willNavigate=true, isMainFrame=true
?[32;1m[debug]?[0m [phantom] url changed to "file:///Users/zpeugh/code/min/scripts/flowdocument/Resources/actionHtmls/Assign Creator-Remove Others.html"
?[32;1m[debug]?[0m [phantom] Successfully injected Casper client-side utilities
?[36m[info]?[0m [phantom] Step anonymous 226/244: done in 11535ms.
?[32;1m[debug]?[0m [phantom] opening url: file:///Users/zpeugh/code/min/scripts/flowdocument/Resources/actionHtmls/Assign Creator-Remove Others.html, HTTP GET
?[32;1m[debug]?[0m [phantom] Navigation requested: url=file:///Users/zpeugh/code/min/scripts/flowdocument/Resources/actionHtmls/Assign Creator-Remove Others.html, type=Other, willNavigate=true, isMainFrame=true
?[32;1m[debug]?[0m [phantom] url changed to "file:///Users/zpeugh/code/min/scripts/flowdocument/Resources/actionHtmls/Assign Creator-Remove Others.html"
?[32;1m[debug]?[0m [phantom] Successfully injected Casper client-side utilities
?[36m[info]?[0m [phantom] Step anonymous 228/246: done in 11615ms.
?[32;1m[debug]?[0m [phantom] opening url: file:///Users/zpeugh/code/min/scripts/flowdocument/Resources/actionHtmls/Email Assignee(s): Project in Advance Route Review for 2 Weeks.html, HTTP GET
?[32;1m[debug]?[0m [phantom] Navigation requested: url=file:///Users/zpeugh/code/min/scripts/flowdocument/Resources/actionHtmls/Email Assignee(s): Project in Advance Route Review for 2 Weeks.html, type=Other, willNavigate=true, isMainFrame=true
?[32;1m[debug]?[0m [phantom] url changed to "file:///Users/zpeugh/code/min/scripts/flowdocument/Resources/actionHtmls/Email Assignee(s): Project in Advance Route Review for 2 Weeks.html"
?[32;1m[debug]?[0m [phantom] Successfully injected Casper client-side utilities
?[36m[info]?[0m [phantom] Step anonymous 230/246: done in 11686ms.
?[32;1m[debug]?[0m [phantom] opening url: file:///Users/zpeugh/code/min/scripts/flowdocument/Resources/actionHtmls/Email Assignee(s): Project in Advance Route Review for 2 Weeks.html, HTTP GET
?[32;1m[debug]?[0m [phantom] Navigation requested: url=file:///Users/zpeugh/code/min/scripts/flowdocument/Resources/actionHtmls/Email Assignee(s): Project in Advance Route Review for 2 Weeks.html, type=Other, willNavigate=true, isMainFrame=true
?[32;1m[debug]?[0m [phantom] url changed to "file:///Users/zpeugh/code/min/scripts/flowdocument/Resources/actionHtmls/Email Assignee(s): Project in Advance Route Review for 2 Weeks.html"
?[32;1m[debug]?[0m [phantom] Successfully injected Casper client-side utilities
?[36m[info]?[0m [phantom] Step anonymous 232/248: done in 11763ms.
?[32;1m[debug]?[0m [phantom] opening url: file:///Users/zpeugh/code/min/scripts/flowdocument/Resources/actionHtmls/Assign Duke Finance UG-Don't Remove Others.html, HTTP GET
?[32;1m[debug]?[0m [phantom] Navigation requested: url=file:///Users/zpeugh/code/min/scripts/flowdocument/Resources/actionHtmls/Assign Duke Finance UG-Don't Remove Others.html, type=Other, willNavigate=true, isMainFrame=true
?[32;1m[debug]?[0m [phantom] url changed to "file:///Users/zpeugh/code/min/scripts/flowdocument/Resources/actionHtmls/Assign Duke Finance UG-Don't Remove Others.html"
?[32;1m[debug]?[0m [phantom] Successfully injected Casper client-side utilities
?[36m[info]?[0m [phantom] Step anonymous 234/248: done in 11842ms.
?[32;1m[debug]?[0m [phantom] opening url: file:///Users/zpeugh/code/min/scripts/flowdocument/Resources/actionHtmls/Assign Duke Finance UG-Don't Remove Others.html, HTTP GET
?[32;1m[debug]?[0m [phantom] Navigation requested: url=file:///Users/zpeugh/code/min/scripts/flowdocument/Resources/actionHtmls/Assign Duke Finance UG-Don't Remove Others.html, type=Other, willNavigate=true, isMainFrame=true
?[32;1m[debug]?[0m [phantom] url changed to "file:///Users/zpeugh/code/min/scripts/flowdocument/Resources/actionHtmls/Assign Duke Finance UG-Don't Remove Others.html"
?[32;1m[debug]?[0m [phantom] Successfully injected Casper client-side utilities
?[36m[info]?[0m [phantom] Step anonymous 236/250: done in 11923ms.
?[32;1m[debug]?[0m [phantom] opening url: file:///Users/zpeugh/code/min/scripts/flowdocument/Resources/actionHtmls/Populate Pole IDs in Pole Inventory FOrm.html, HTTP GET
?[32;1m[debug]?[0m [phantom] Navigation requested: url=file:///Users/zpeugh/code/min/scripts/flowdocument/Resources/actionHtmls/Populate Pole IDs in Pole Inventory FOrm.html, type=Other, willNavigate=true, isMainFrame=true
?[32;1m[debug]?[0m [phantom] url changed to "file:///Users/zpeugh/code/min/scripts/flowdocument/Resources/actionHtmls/Populate Pole IDs in Pole Inventory FOrm.html"
?[32;1m[debug]?[0m [phantom] Successfully injected Casper client-side utilities
?[36m[info]?[0m [phantom] Step anonymous 238/250: done in 12002ms.
?[32;1m[debug]?[0m [phantom] opening url: file:///Users/zpeugh/code/min/scripts/flowdocument/Resources/actionHtmls/Populate Pole IDs in Pole Inventory FOrm.html, HTTP GET
?[32;1m[debug]?[0m [phantom] Navigation requested: url=file:///Users/zpeugh/code/min/scripts/flowdocument/Resources/actionHtmls/Populate Pole IDs in Pole Inventory FOrm.html, type=Other, willNavigate=true, isMainFrame=true
?[32;1m[debug]?[0m [phantom] url changed to "file:///Users/zpeugh/code/min/scripts/flowdocument/Resources/actionHtmls/Populate Pole IDs in Pole Inventory FOrm.html"
?[32;1m[debug]?[0m [phantom] Successfully injected Casper client-side utilities
?[36m[info]?[0m [phantom] Step anonymous 240/252: done in 12084ms.
?[32;1m[debug]?[0m [phantom] opening url: file:///Users/zpeugh/code/min/scripts/flowdocument/Resources/actionHtmls/Email Assignees: Project in Pole-by-Pole Review for 2 Weeks.html, HTTP GET
?[32;1m[debug]?[0m [phantom] Navigation requested: url=file:///Users/zpeugh/code/min/scripts/flowdocument/Resources/actionHtmls/Email Assignees: Project in Pole-by-Pole Review for 2 Weeks.html, type=Other, willNavigate=true, isMainFrame=true
?[32;1m[debug]?[0m [phantom] url changed to "file:///Users/zpeugh/code/min/scripts/flowdocument/Resources/actionHtmls/Email Assignees: Project in Pole-by-Pole Review for 2 Weeks.html"
?[32;1m[debug]?[0m [phantom] Successfully injected Casper client-side utilities
?[36m[info]?[0m [phantom] Step anonymous 242/252: done in 12162ms.
?[32;1m[debug]?[0m [phantom] opening url: file:///Users/zpeugh/code/min/scripts/flowdocument/Resources/actionHtmls/Email Assignees: Project in Pole-by-Pole Review for 2 Weeks.html, HTTP GET
?[32;1m[debug]?[0m [phantom] Navigation requested: url=file:///Users/zpeugh/code/min/scripts/flowdocument/Resources/actionHtmls/Email Assignees: Project in Pole-by-Pole Review for 2 Weeks.html, type=Other, willNavigate=true, isMainFrame=true
?[32;1m[debug]?[0m [phantom] url changed to "file:///Users/zpeugh/code/min/scripts/flowdocument/Resources/actionHtmls/Email Assignees: Project in Pole-by-Pole Review for 2 Weeks.html"
?[32;1m[debug]?[0m [phantom] Successfully injected Casper client-side utilities
?[36m[info]?[0m [phantom] Step anonymous 244/254: done in 12244ms.
?[32;1m[debug]?[0m [phantom] opening url: file:///Users/zpeugh/code/min/scripts/flowdocument/Resources/actionHtmls/Email Assignees: IJUS Complete-No Conflicting Permits.html, HTTP GET
?[32;1m[debug]?[0m [phantom] Navigation requested: url=file:///Users/zpeugh/code/min/scripts/flowdocument/Resources/actionHtmls/Email Assignees: IJUS Complete-No Conflicting Permits.html, type=Other, willNavigate=true, isMainFrame=true
?[32;1m[debug]?[0m [phantom] url changed to "file:///Users/zpeugh/code/min/scripts/flowdocument/Resources/actionHtmls/Email Assignees: IJUS Complete-No Conflicting Permits.html"
?[32;1m[debug]?[0m [phantom] Successfully injected Casper client-side utilities
?[36m[info]?[0m [phantom] Step anonymous 246/254: done in 12315ms.
?[32;1m[debug]?[0m [phantom] opening url: file:///Users/zpeugh/code/min/scripts/flowdocument/Resources/actionHtmls/Email Assignees: IJUS Complete-No Conflicting Permits.html, HTTP GET
?[32;1m[debug]?[0m [phantom] Navigation requested: url=file:///Users/zpeugh/code/min/scripts/flowdocument/Resources/actionHtmls/Email Assignees: IJUS Complete-No Conflicting Permits.html, type=Other, willNavigate=true, isMainFrame=true
?[32;1m[debug]?[0m [phantom] url changed to "file:///Users/zpeugh/code/min/scripts/flowdocument/Resources/actionHtmls/Email Assignees: IJUS Complete-No Conflicting Permits.html"
?[32;1m[debug]?[0m [phantom] Successfully injected Casper client-side utilities
?[36m[info]?[0m [phantom] Step anonymous 248/256: done in 12396ms.
?[32;1m[debug]?[0m [phantom] opening url: file:///Users/zpeugh/code/min/scripts/flowdocument/Resources/actionHtmls/Email Assignees: IJUS Review Complete-Conflicting Permits Found.html, HTTP GET
?[32;1m[debug]?[0m [phantom] Navigation requested: url=file:///Users/zpeugh/code/min/scripts/flowdocument/Resources/actionHtmls/Email Assignees: IJUS Review Complete-Conflicting Permits Found.html, type=Other, willNavigate=true, isMainFrame=true
?[32;1m[debug]?[0m [phantom] url changed to "file:///Users/zpeugh/code/min/scripts/flowdocument/Resources/actionHtmls/Email Assignees: IJUS Review Complete-Conflicting Permits Found.html"
?[32;1m[debug]?[0m [phantom] Successfully injected Casper client-side utilities
?[36m[info]?[0m [phantom] Step anonymous 250/256: done in 12474ms.
?[32;1m[debug]?[0m [phantom] opening url: file:///Users/zpeugh/code/min/scripts/flowdocument/Resources/actionHtmls/Email Assignees: IJUS Review Complete-Conflicting Permits Found.html, HTTP GET
?[32;1m[debug]?[0m [phantom] Navigation requested: url=file:///Users/zpeugh/code/min/scripts/flowdocument/Resources/actionHtmls/Email Assignees: IJUS Review Complete-Conflicting Permits Found.html, type=Other, willNavigate=true, isMainFrame=true
?[32;1m[debug]?[0m [phantom] url changed to "file:///Users/zpeugh/code/min/scripts/flowdocument/Resources/actionHtmls/Email Assignees: IJUS Review Complete-Conflicting Permits Found.html"
?[32;1m[debug]?[0m [phantom] Successfully injected Casper client-side utilities
?[36m[info]?[0m [phantom] Step anonymous 252/258: done in 12555ms.
?[32;1m[debug]?[0m [phantom] opening url: file:///Users/zpeugh/code/min/scripts/flowdocument/Resources/actionHtmls/Set Stations to Permit Check.html, HTTP GET
?[32;1m[debug]?[0m [phantom] Navigation requested: url=file:///Users/zpeugh/code/min/scripts/flowdocument/Resources/actionHtmls/Set Stations to Permit Check.html, type=Other, willNavigate=true, isMainFrame=true
?[32;1m[debug]?[0m [phantom] url changed to "file:///Users/zpeugh/code/min/scripts/flowdocument/Resources/actionHtmls/Set Stations to Permit Check.html"
?[32;1m[debug]?[0m [phantom] Successfully injected Casper client-side utilities
?[36m[info]?[0m [phantom] Step anonymous 254/258: done in 12631ms.
?[32;1m[debug]?[0m [phantom] opening url: file:///Users/zpeugh/code/min/scripts/flowdocument/Resources/actionHtmls/Set Stations to Permit Check.html, HTTP GET
?[32;1m[debug]?[0m [phantom] Navigation requested: url=file:///Users/zpeugh/code/min/scripts/flowdocument/Resources/actionHtmls/Set Stations to Permit Check.html, type=Other, willNavigate=true, isMainFrame=true
?[32;1m[debug]?[0m [phantom] url changed to "file:///Users/zpeugh/code/min/scripts/flowdocument/Resources/actionHtmls/Set Stations to Permit Check.html"
?[32;1m[debug]?[0m [phantom] Successfully injected Casper client-side utilities
?[36m[info]?[0m [phantom] Step anonymous 256/260: done in 12712ms.
?[32;1m[debug]?[0m [phantom] opening url: file:///Users/zpeugh/code/min/scripts/flowdocument/Resources/actionHtmls/Set Stations to "Conflicting Permit Check".html, HTTP GET
?[32;1m[debug]?[0m [phantom] Navigation requested: url=file:///Users/zpeugh/code/min/scripts/flowdocument/Resources/actionHtmls/Set Stations to "Conflicting Permit Check".html, type=Other, willNavigate=true, isMainFrame=true
?[32;1m[debug]?[0m [phantom] url changed to "file:///Users/zpeugh/code/min/scripts/flowdocument/Resources/actionHtmls/Set Stations to "Conflicting Permit Check".html"
?[32;1m[debug]?[0m [phantom] Successfully injected Casper client-side utilities
?[36m[info]?[0m [phantom] Step anonymous 258/260: done in 12788ms.
?[32;1m[debug]?[0m [phantom] opening url: file:///Users/zpeugh/code/min/scripts/flowdocument/Resources/actionHtmls/Set Stations to "Conflicting Permit Check".html, HTTP GET
?[32;1m[debug]?[0m [phantom] Navigation requested: url=file:///Users/zpeugh/code/min/scripts/flowdocument/Resources/actionHtmls/Set Stations to "Conflicting Permit Check".html, type=Other, willNavigate=true, isMainFrame=true
?[32;1m[debug]?[0m [phantom] url changed to "file:///Users/zpeugh/code/min/scripts/flowdocument/Resources/actionHtmls/Set Stations to "Conflicting Permit Check".html"
?[32;1m[debug]?[0m [phantom] Successfully injected Casper client-side utilities
?[36m[info]?[0m [phantom] Step anonymous 260/262: done in 12873ms.
?[32;1m[debug]?[0m [phantom] opening url: file:///Users/zpeugh/code/min/scripts/flowdocument/Resources/actionHtmls/Email Project Creator-Territory and Zone Mismatch.html, HTTP GET
?[32;1m[debug]?[0m [phantom] Navigation requested: url=file:///Users/zpeugh/code/min/scripts/flowdocument/Resources/actionHtmls/Email Project Creator-Territory and Zone Mismatch.html, type=Other, willNavigate=true, isMainFrame=true
?[32;1m[debug]?[0m [phantom] url changed to "file:///Users/zpeugh/code/min/scripts/flowdocument/Resources/actionHtmls/Email Project Creator-Territory and Zone Mismatch.html"
?[32;1m[debug]?[0m [phantom] Successfully injected Casper client-side utilities
?[36m[info]?[0m [phantom] Step anonymous 262/262: done in 12955ms.
?[32;1m[debug]?[0m [phantom] opening url: file:///Users/zpeugh/code/min/scripts/flowdocument/Resources/actionHtmls/Email Project Creator-Territory and Zone Mismatch.html, HTTP GET
?[32;1m[debug]?[0m [phantom] Navigation requested: url=file:///Users/zpeugh/code/min/scripts/flowdocument/Resources/actionHtmls/Email Project Creator-Territory and Zone Mismatch.html, type=Other, willNavigate=true, isMainFrame=true
?[32;1m[debug]?[0m [phantom] url changed to "file:///Users/zpeugh/code/min/scripts/flowdocument/Resources/actionHtmls/Email Project Creator-Territory and Zone Mismatch.html"
?[32;1m[debug]?[0m [phantom] Successfully injected Casper client-side utilities
?[36m[info]?[0m [phantom] Step anonymous 264/264: done in 13036ms.
?[36m[info]?[0m [phantom] Done 264 steps in 13057ms
All actions: [Email EPC Engineer from form: FOC Installation Complete, Assign Engineer  from Assign Engineer Form-Remove Others, Assign EPC Engineer-From Form-Don't Remove Others, Assign MRC Electric Contractor-Don't Remove Others, Assign MRC Communication Contractor from Application Form-Remove Others, Remove Engineer From Assign Engineer Form, Assign to Duke North Engineer Supervisor UG-Remove Others, Assign MRC Communication Contractor from App Form-Don't Remove Others, Assign MRE Contractor from form-Remove Others, Email Duke JU-Permit Authorized for Construction, Assign Central Engineer Supervisor UG-Remove Others, Assign EPC Engineer-From Form-Remove Others, Assign Duke Construction UG-Don't Remove Others, Assign Engineer from Assign Engineer form-Don't Remove Others, Assign Mark Brooks (need email address), Email EPC Engineer-Permit Authorized for Construction, Assign FOC Contractor From Form-Remove Others, Email EPC Design-From Form-Field Pole Survey Completed, Assign Duke IJUS Usergroup-Don't Remove Others, Assign Doug Everheart (need email address), Assign Duke Construction UG-Remove Others, Assign Waylon Blakely (need email address), Email EPC Engineer-Field Pole Survey Completed, Assign Creator-Remove Others, Email Assignee(s): Project in Advance Route Review for 2 Weeks, Assign Duke Finance UG-Don't Remove Others, Populate Pole IDs in Pole Inventory FOrm, Email Assignees: Project in Pole-by-Pole Review for 2 Weeks, Email Assignees: IJUS Complete-No Conflicting Permits, Email Assignees: IJUS Review Complete-Conflicting Permits Found, Set Stations to Permit Check, Set Stations to "Conflicting Permit Check", Email Project Creator-Territory and Zone Mismatch]
Missed actions: null
Forms to capture: 
1: Attachment Details
2: IJUS Tracking Information
3: Proposal Details
4: Billing Code
?[36m[info]?[0m [phantom] Starting...
?[36m[info]?[0m [phantom] Execution timeout set to 10000ms
?[36m[info]?[0m [phantom] Running suite: 10 steps
?[32;1m[debug]?[0m [phantom] opening url: https://www.spidasoftware.com/projectmanager/, HTTP GET
?[32;1m[debug]?[0m [phantom] Navigation requested: url=https://www.spidasoftware.com/projectmanager/, type=Other, willNavigate=true, isMainFrame=true
?[32;1m[debug]?[0m [phantom] Navigation requested: url=https://www.spidasoftware.com/cas/login?service=https://www.spidasoftware.com/projectmanager/j_spring_cas_security_check, type=Other, willNavigate=true, isMainFrame=true
?[32;1m[debug]?[0m [phantom] url changed to "https://www.spidasoftware.com/cas/login?service=https://www.spidasoftware.com/projectmanager/j_spring_cas_security_check"
?[32;1m[debug]?[0m [phantom] Successfully injected Casper client-side utilities
?[32;1m[debug]?[0m [phantom] start page is loaded
?[36m[info]?[0m [phantom] Step login 3/10 https://www.spidasoftware.com/cas/login?service=https://www.spidasoftware.com/projectmanager/j_spring_cas_security_check (HTTP 200)
?[36m[info]?[0m [remote] attempting to fetch form element from selector: 'form#fm1'
?[32;1m[debug]?[0m [remote] Set "username" field value to admin@spidasoftware.com
?[32;1m[debug]?[0m [remote] Set "password" field value to ***************
?[36m[info]?[0m [remote] submitting form to /cas/login;jsessionid=50E5DAC7F5510D109807026418722A84?service=https%3A%2F%2Fwww.spidasoftware.com%2Fprojectmanager%2Fj_spring_cas_security_check, HTTP POST
?[36m[info]?[0m [phantom] Step login 3/10: done in 1668ms.
?[32;1m[debug]?[0m [phantom] Navigation requested: url=https://www.spidasoftware.com/cas/login;jsessionid=50E5DAC7F5510D109807026418722A84?service=https://www.spidasoftware.com/projectmanager/j_spring_cas_security_check, type=FormSubmitted, willNavigate=true, isMainFrame=true
?[32;1m[debug]?[0m [phantom] Navigation requested: url=https://www.spidasoftware.com/projectmanager/j_spring_cas_security_check?ticket=ST-345-omL5bDgHlYo9PGqP6cot-www.spidasoftware.com, type=FormSubmitted, willNavigate=true, isMainFrame=true
?[32;1m[debug]?[0m [phantom] Navigation requested: url=https://www.spidasoftware.com/projectmanager/, type=FormSubmitted, willNavigate=true, isMainFrame=true
?[32;1m[debug]?[0m [phantom] url changed to "https://www.spidasoftware.com/projectmanager/"
?[32;1m[debug]?[0m [phantom] Successfully injected Casper client-side utilities
?[36m[info]?[0m [phantom] Step _step 4/10 https://www.spidasoftware.com/projectmanager/ (HTTP 200)
?[36m[info]?[0m [phantom] Step _step 4/10: done in 8787ms.
?[36m[info]?[0m [phantom] waitFor() finished in 45ms.
?[36m[info]?[0m [phantom] Step afterLogin 5/11 https://www.spidasoftware.com/projectmanager/ (HTTP 200)
?[36m[info]?[0m [phantom] Step afterLogin 5/11: done in 8854ms.
?[36m[info]?[0m [phantom] Step _step 6/11 https://www.spidasoftware.com/projectmanager/ (HTTP 200)
?[36m[info]?[0m [phantom] Step _step 6/11: done in 8874ms.
?[36m[info]?[0m [phantom] waitFor() finished in 44ms.
?[36m[info]?[0m [phantom] Step anonymous 7/12 https://www.spidasoftware.com/projectmanager/ (HTTP 200)
?[32;1m[debug]?[0m [phantom] Mouse event 'mousedown' on selector: xpath selector: //*[text()="DLC"]
?[32;1m[debug]?[0m [phantom] Mouse event 'mouseup' on selector: xpath selector: //*[text()="DLC"]
?[32;1m[debug]?[0m [phantom] Mouse event 'click' on selector: xpath selector: //*[text()="DLC"]
?[32;1m[debug]?[0m [phantom] Navigation requested: url=https://www.spidasoftware.com/projectmanager/#, type=LinkClicked, willNavigate=true, isMainFrame=true
?[32;1m[debug]?[0m [phantom] url changed to "https://www.spidasoftware.com/projectmanager/#"
?[36m[info]?[0m [phantom] Step anonymous 7/12: done in 8950ms.
?[32;1m[debug]?[0m [phantom] Navigation requested: url=https://www.spidasoftware.com/projectmanager/switchcompany, type=FormSubmitted, willNavigate=true, isMainFrame=true
?[33m[warning]?[0m [phantom] Loading resource failed with status=fail (HTTP 200): https://www.spidasoftware.com/projectmanager/switchcompany
script timed out
?[36m[info]?[0m [phantom] Step _step 8/12 https://www.spidasoftware.com/projectmanager/# (HTTP 200)
?[36m[info]?[0m [phantom] Step _step 8/12: done in 10021ms.
?[32;1m[debug]?[0m [phantom] Navigation requested: url=https://www.spidasoftware.com/projectmanager/dashboard/index, type=FormSubmitted, willNavigate=true, isMainFrame=true
?[32;1m[debug]?[0m [phantom] url changed to "https://www.spidasoftware.com/projectmanager/dashboard/index"
?[32;1m[debug]?[0m [phantom] Successfully injected Casper client-side utilities
?[36m[info]?[0m [phantom] waitFor() finished in 4135ms.
?[36m[info]?[0m [phantom] Step anonymous 9/13 https://www.spidasoftware.com/projectmanager/dashboard/index (HTTP 200)
Logged in as: DLC
?[36m[info]?[0m [phantom] Step anonymous 9/13: done in 14179ms.
?[32;1m[debug]?[0m [phantom] opening url: https://www.spidasoftware.com/projectmanager/formTemplate/list, HTTP GET
?[32;1m[debug]?[0m [phantom] Navigation requested: url=https://www.spidasoftware.com/projectmanager/formTemplate/list, type=Other, willNavigate=true, isMainFrame=true
?[33m[warning]?[0m [phantom] Loading resource failed with status=fail (HTTP 200): https://www.spidasoftware.com/projectmanager/formTemplate/list
?[32;1m[debug]?[0m [phantom] url changed to "https://www.spidasoftware.com/projectmanager/formTemplate/list"
?[32;1m[debug]?[0m [phantom] Successfully injected Casper client-side utilities
?[36m[info]?[0m [phantom] Step openFormList 11/13 https://www.spidasoftware.com/projectmanager/formTemplate/list (HTTP 200)
Navigating to Flow Form List
?[36m[info]?[0m [phantom] Step openFormList 11/13: done in 15388ms.
?[36m[info]?[0m [phantom] Step _step 12/13 https://www.spidasoftware.com/projectmanager/formTemplate/list (HTTP 200)
?[36m[info]?[0m [phantom] Step _step 12/13: done in 15403ms.
?[36m[info]?[0m [phantom] waitFor() finished in 41ms.
?[36m[info]?[0m [phantom] Step waitForFormList 13/14 https://www.spidasoftware.com/projectmanager/formTemplate/list (HTTP 200)
Currently at: https://www.spidasoftware.com/projectmanager/formTemplate/list
?[36m[info]?[0m [phantom] Step waitForFormList 13/14: done in 15467ms.
?[36m[info]?[0m [phantom] Step _step 14/14 https://www.spidasoftware.com/projectmanager/formTemplate/list (HTTP 200)
?[36m[info]?[0m [phantom] Step _step 14/14: done in 15489ms.
?[36m[info]?[0m [phantom] waitFor() finished in 48ms.
?[36m[info]?[0m [phantom] Step loopThrough 15/15 https://www.spidasoftware.com/projectmanager/formTemplate/list (HTTP 200)
?[36m[info]?[0m [phantom] Step loopThrough 15/15: done in 15563ms.
?[32;1m[debug]?[0m [phantom] opening url: https://www.spidasoftware.com/projectmanager/formTemplate/list?offset=0&max=10&sort=name&order=asc, HTTP GET
?[32;1m[debug]?[0m [phantom] Navigation requested: url=https://www.spidasoftware.com/projectmanager/formTemplate/list?offset=0&max=10&sort=name&order=asc, type=Other, willNavigate=true, isMainFrame=true
?[33m[warning]?[0m [phantom] Loading resource failed with status=fail (HTTP 200): https://www.spidasoftware.com/projectmanager/formTemplate/list?offset=0&max=10&sort=name&order=asc
?[32;1m[debug]?[0m [phantom] url changed to "https://www.spidasoftware.com/projectmanager/formTemplate/list?offset=0&max=10&sort=name&order=asc"
?[32;1m[debug]?[0m [phantom] Successfully injected Casper client-side utilities
?[36m[info]?[0m [phantom] Step anonymous 17/19 https://www.spidasoftware.com/projectmanager/formTemplate/list?offset=0&max=10&sort=name&order=asc (HTTP 200)
?[36m[info]?[0m [phantom] Step anonymous 17/19: done in 16450ms.
?[36m[info]?[0m [phantom] Step _step 18/20 https://www.spidasoftware.com/projectmanager/formTemplate/list?offset=0&max=10&sort=name&order=asc (HTTP 200)
?[36m[info]?[0m [phantom] Step _step 18/20: done in 16466ms.
?[36m[info]?[0m [phantom] waitFor() finished in 47ms.
?[36m[info]?[0m [phantom] Step anonymous 19/21 https://www.spidasoftware.com/projectmanager/formTemplate/list?offset=0&max=10&sort=name&order=asc (HTTP 200)
?[36m[info]?[0m [phantom] Step anonymous 19/21: done in 16548ms.
?[32;1m[debug]?[0m [phantom] opening url: https://www.spidasoftware.com/projectmanager/formTemplate/list?offset=10&max=10&sort=name&order=asc, HTTP GET
?[32;1m[debug]?[0m [phantom] Navigation requested: url=https://www.spidasoftware.com/projectmanager/formTemplate/list?offset=10&max=10&sort=name&order=asc, type=Other, willNavigate=true, isMainFrame=true
?[33m[warning]?[0m [phantom] Loading resource failed with status=fail (HTTP 200): https://www.spidasoftware.com/projectmanager/formTemplate/list?offset=10&max=10&sort=name&order=asc
?[32;1m[debug]?[0m [phantom] url changed to "https://www.spidasoftware.com/projectmanager/formTemplate/list?offset=10&max=10&sort=name&order=asc"
?[32;1m[debug]?[0m [phantom] Successfully injected Casper client-side utilities
?[36m[info]?[0m [phantom] Step anonymous 21/21 https://www.spidasoftware.com/projectmanager/formTemplate/list?offset=10&max=10&sort=name&order=asc (HTTP 200)
?[36m[info]?[0m [phantom] Step anonymous 21/21: done in 17532ms.
?[36m[info]?[0m [phantom] Step _step 22/22 https://www.spidasoftware.com/projectmanager/formTemplate/list?offset=10&max=10&sort=name&order=asc (HTTP 200)
?[36m[info]?[0m [phantom] Step _step 22/22: done in 17554ms.
?[36m[info]?[0m [phantom] waitFor() finished in 41ms.
?[36m[info]?[0m [phantom] Step anonymous 23/23 https://www.spidasoftware.com/projectmanager/formTemplate/list?offset=10&max=10&sort=name&order=asc (HTTP 200)
?[36m[info]?[0m [phantom] Step anonymous 23/23: done in 17632ms.
?[36m[info]?[0m [phantom] Done 23 steps in 17649ms
]]></system-out>
  <system-err><![CDATA[]]></system-err>
</testsuite>
