<?xml version="1.0" encoding="UTF-8"?>
<testsuite name="flow.TestWorkFlow" tests="59" skipped="0" failures="3" errors="0" timestamp="2015-06-24T17:28:19" hostname="ca0284.local" time="1944.47">
  <properties/>
  <testcase name="SPIDA: Test-Flow: Generated all forms" classname="flow.TestWorkFlow" time="9.636">
    <failure message="Condition not satisfied:&#10;&#10;missedList.size() == 0&#10;|          |      |&#10;|          2      false&#10;[Test Project Form 1, Test Station Form 1]&#10;" type="org.spockframework.runtime.SpockComparisonFailure">Condition not satisfied:

missedList.size() == 0
|          |      |
|          2      false
[Test Project Form 1, Test Station Form 1]

	at flow.TestWorkFlow.SPIDA: Test-Flow: Generated all forms(TestWorkFlow.groovy:52)
</failure>
  </testcase>
  <testcase name="SPIDA: Test-Flow: Captured all actions" classname="flow.TestWorkFlow" time="28.819"/>
  <testcase name="SPIDA: Test-Flow: Generated all actions" classname="flow.TestWorkFlow" time="3.983"/>
  <testcase name="DLC: DLC Overhead: Capture all forms" classname="flow.TestWorkFlow" time="23.313"/>
  <testcase name="DLC: DLC Overhead: Generated all forms" classname="flow.TestWorkFlow" time="3.533"/>
  <testcase name="DLC: DLC Overhead: Captured all actions" classname="flow.TestWorkFlow" time="70.604"/>
  <testcase name="DLC: DLC Overhead: Generated all actions" classname="flow.TestWorkFlow" time="11.585"/>
  <testcase name="ACME~Power~Co.: Joint Use WorkFlow: Captured all forms" classname="flow.TestWorkFlow" time="20.623"/>
  <testcase name="ACME~Power~Co.: Joint Use WorkFlow: Generated all forms" classname="flow.TestWorkFlow" time="2.278"/>
  <testcase name="ACME~Power~Co.: Joint Use WorkFlow: Captured all actions" classname="flow.TestWorkFlow" time="135.523"/>
  <testcase name="ACME~Power~Co.: Joint Use WorkFlow: Generated all actions" classname="flow.TestWorkFlow" time="17.213"/>
  <testcase name="ACME~Power~Co.: Overhead EJU: Captured all forms" classname="flow.TestWorkFlow" time="20.882"/>
  <testcase name="ACME~Power~Co.: Overhead EJU: Generated all forms" classname="flow.TestWorkFlow" time="2.222"/>
  <testcase name="ACME~Power~Co.: Overhead EJU: Captured all actions" classname="flow.TestWorkFlow" time="78.244"/>
  <testcase name="ACME~Power~Co.: Overhead EJU: Generated all actions" classname="flow.TestWorkFlow" time="10.127"/>
  <testcase name="American~Electric~Power: EJU: Captured all forms" classname="flow.TestWorkFlow" time="39.368"/>
  <testcase name="American~Electric~Power: EJU: Generated all forms" classname="flow.TestWorkFlow" time="5.022"/>
  <testcase name="American~Electric~Power: EJU: Captured all actions" classname="flow.TestWorkFlow" time="48.973"/>
  <testcase name="American~Electric~Power: EJU: Generated all actions" classname="flow.TestWorkFlow" time="7.407"/>
  <testcase name="American~Electric~Power: Overlash (imported~4/9/13~11:11:01~PM): Captured all forms" classname="flow.TestWorkFlow" time="38.724"/>
  <testcase name="American~Electric~Power: Overlash (imported~4/9/13~11:11:01~PM): Generated all forms" classname="flow.TestWorkFlow" time="5.134"/>
  <testcase name="American~Electric~Power: Overlash (imported~4/9/13~11:11:01~PM): Captured all actions" classname="flow.TestWorkFlow" time="48.753"/>
  <testcase name="American~Electric~Power: Overlash (imported~4/9/13~11:11:01~PM): Generated all actions" classname="flow.TestWorkFlow" time="6.55"/>
  <testcase name="DG: DGPermitOLD: Captured all forms" classname="flow.TestWorkFlow" time="28.157"/>
  <testcase name="DG: DGPermitOLD: Generated all forms" classname="flow.TestWorkFlow" time="3.563"/>
  <testcase name="DG: DGPermitOLD: Captured all actions" classname="flow.TestWorkFlow" time="63.211"/>
  <testcase name="DG: DGPermitOLD: Generated all actions" classname="flow.TestWorkFlow" time="9.748"/>
  <testcase name="DG2: North~Carolina~Make~Ready~Process: Captured all forms" classname="flow.TestWorkFlow" time="28.415"/>
  <testcase name="DG2: North~Carolina~Make~Ready~Process: Generated all forms" classname="flow.TestWorkFlow" time="4.188"/>
  <testcase name="DG2: North~Carolina~Make~Ready~Process: Captured all actions" classname="flow.TestWorkFlow" time="112.065"/>
  <testcase name="DG2: North~Carolina~Make~Ready~Process: Generated all actions" classname="flow.TestWorkFlow" time="17.519"/>
  <testcase name="Duke Energy: JU Permitting: Captured all forms" classname="flow.TestWorkFlow" time="14.151"/>
  <testcase name="Duke Energy: JU Permitting: Generated all forms" classname="flow.TestWorkFlow" time="15.277">
    <failure message="Condition not satisfied:&#10;&#10;missedList.size() == 0&#10;|          |      |&#10;|          2      false&#10;[Attachment Details, Proposal Details]&#10;" type="org.spockframework.runtime.SpockComparisonFailure">Condition not satisfied:

missedList.size() == 0
|          |      |
|          2      false
[Attachment Details, Proposal Details]

	at flow.TestWorkFlow.Duke Energy: JU Permitting: Generated all forms(TestWorkFlow.groovy:771)
</failure>
  </testcase>
  <testcase name="Duke Energy: JU Permitting: Captured all actions" classname="flow.TestWorkFlow" time="35.72"/>
  <testcase name="Duke Energy: JU Permitting: Generated all actions" classname="flow.TestWorkFlow" time="7.566"/>
  <testcase name="JPO: JPA~(1): Captured all forms" classname="flow.TestWorkFlow" time="26.023"/>
  <testcase name="JPO: JPA~(1): Generated all forms" classname="flow.TestWorkFlow" time="9.211"/>
  <testcase name="JPO: JPA~(1): Captured all actions" classname="flow.TestWorkFlow" time="198.82"/>
  <testcase name="JPO: JPA~(1): Generated all actions" classname="flow.TestWorkFlow" time="26.857"/>
  <testcase name="JPO: RFA (10): Captured all forms" classname="flow.TestWorkFlow" time="29.9"/>
  <testcase name="JPO: RFA (10): Generated all forms" classname="flow.TestWorkFlow" time="8.489"/>
  <testcase name="JPO: RFA (10): Captured all actions" classname="flow.TestWorkFlow" time="199.753"/>
  <testcase name="JPO: RFA (10): Generated all actions" classname="flow.TestWorkFlow" time="27.801"/>
  <testcase name="Power Engineers: PEI: Captured all forms" classname="flow.TestWorkFlow" time="20.612"/>
  <testcase name="Power Engineers: PEI: Generated all forms" classname="flow.TestWorkFlow" time="3.267"/>
  <testcase name="Power Engineers: PEI: Captured all actions" classname="flow.TestWorkFlow" time="39.768"/>
  <testcase name="Power Engineers: PEI: Generated all actions" classname="flow.TestWorkFlow" time="7.517"/>
  <testcase name="SCE_Demo: Pole Load Analysis: Captured all forms" classname="flow.TestWorkFlow" time="1.039"/>
  <testcase name="SCE_Demo: Pole Load Analysis: Generated all forms" classname="flow.TestWorkFlow" time="1.022"/>
  <testcase name="SCE_Demo: Pole Load Analysis: Captured all actions" classname="flow.TestWorkFlow" time="1.334"/>
  <testcase name="SCE_Demo: Pole Load Analysis: Generated all actions" classname="flow.TestWorkFlow" time="1.077"/>
  <testcase name="SPIDA: JPA old: Captured all forms" classname="flow.TestWorkFlow" time="32.503"/>
  <testcase name="SPIDA: JPA old: Generated all forms" classname="flow.TestWorkFlow" time="3.933"/>
  <testcase name="SPIDA: JPA old: Captured all actions" classname="flow.TestWorkFlow" time="122.071"/>
  <testcase name="SPIDA: JPA old: Generated all actions" classname="flow.TestWorkFlow" time="17.313"/>
  <testcase name="TECO: JU- UPDATED: Captured all forms" classname="flow.TestWorkFlow" time="47.216"/>
  <testcase name="TECO: JU- UPDATED: Generated all forms" classname="flow.TestWorkFlow" time="74.878"/>
  <testcase name="TECO: JU- UPDATED: Captured all actions" classname="flow.TestWorkFlow" time="54.633"/>
  <testcase name="TECO: JU- UPDATED: Generated all actions" classname="flow.TestWorkFlow" time="11.32">
    <failure message="Condition not satisfied:&#10;&#10;missedList.size() == 0&#10;|          |      |&#10;|          1      false&#10;[ProjectPolesToMin1]&#10;" type="org.spockframework.runtime.SpockComparisonFailure">Condition not satisfied:

missedList.size() == 0
|          |      |
|          1      false
[ProjectPolesToMin1]

	at flow.TestWorkFlow.TECO: JU- UPDATED: Generated all actions(TestWorkFlow.groovy:1350)
</failure>
  </testcase>
  <system-out><![CDATA[Forms to generate: 
0: Test Project Form 1
1: Test Station Form 1
Likely a blank form html page.
Likely a blank form html page.
All forms: [Test Project Form 1, Test Station Form 1]
Missed Forms: null
company name: SPIDA
flow Name: Test-Flow
2: Set Sub Status
3: Email Creator on Start
?[36m[info]?[0m [phantom] Starting...
?[36m[info]?[0m [phantom] Execution timeout set to 10000ms
?[36m[info]?[0m [phantom] Running suite: 13 steps
?[32;1m[debug]?[0m [phantom] opening url: https://www.spidasoftware.com/projectmanager/, HTTP GET
?[32;1m[debug]?[0m [phantom] Navigation requested: url=https://www.spidasoftware.com/projectmanager/, type=Other, willNavigate=true, isMainFrame=true
Requested Url: https://www.spidasoftware.com/projectmanager/
?[32;1m[debug]?[0m [phantom] Navigation requested: url=https://www.spidasoftware.com/cas/login?service=https://www.spidasoftware.com/projectmanager/j_spring_cas_security_check, type=Other, willNavigate=true, isMainFrame=true
Requested Url: https://www.spidasoftware.com/cas/login?service=https%3A%2F%2Fwww.spidasoftware.com%2Fprojectmanager%2Fj_spring_cas_security_check
?[32;1m[debug]?[0m [phantom] url changed to "https://www.spidasoftware.com/cas/login?service=https://www.spidasoftware.com/projectmanager/j_spring_cas_security_check"
Requested Url: https://www.spidasoftware.com/cas/login?service=https%3A%2F%2Fwww.spidasoftware.com%2Fprojectmanager%2Fj_spring_cas_security_check
Requested Url: https://www.spidasoftware.com/cas/css/cas.css;jsessionid=43504F2E112FAF8BB51863A774ED1E8E
Requested Url: https://www.spidasoftware.com/cas/css/cas.css;jsessionid=43504F2E112FAF8BB51863A774ED1E8E
Requested Url: https://www.spidasoftware.com/cas/css/spida.css
Requested Url: https://www.spidasoftware.com/cas/css/spida.css
Requested Url: https://ajax.googleapis.com/ajax/libs/jqueryui/1.8.5/jquery-ui.min.js
Requested Url: https://ajax.googleapis.com/ajax/libs/jquery/1.4.2/jquery.min.js
Requested Url: https://ajax.googleapis.com/ajax/libs/jquery/1.4.2/jquery.min.js
Requested Url: https://ajax.googleapis.com/ajax/libs/jqueryui/1.8.5/jquery-ui.min.js
Requested Url: https://www.spidasoftware.com/cas/js/cas.js;jsessionid=43504F2E112FAF8BB51863A774ED1E8E
Requested Url: https://www.spidasoftware.com/cas/js/cas.js;jsessionid=43504F2E112FAF8BB51863A774ED1E8E
Requested Url: https://www.spidasoftware.com/cas/images/deboss.png
Requested Url: https://www.spidasoftware.com/cas/images/deboss.png
Requested Url: https://www.spidasoftware.com/cas/js/jquery-1.9.0.min.js
Requested Url: https://www.spidasoftware.com/cas/js/jquery-1.9.0.min.js
Requested Url: https://www.spidasoftware.com/cas/images/key-point_br.gif
Requested Url: https://www.spidasoftware.com/cas/images/key-point_br.gif
Requested Url: https://www.spidasoftware.com/cas/images/key-point_bl.gif
Requested Url: https://www.spidasoftware.com/cas/images/key-point_bl.gif
Requested Url: https://www.spidasoftware.com/cas/images/ja-sig-logo.gif
Requested Url: https://www.spidasoftware.com/cas/images/ja-sig-logo.gif
Requested Url: https://www.spidasoftware.com/cas/images/spida-small.png
Requested Url: https://www.spidasoftware.com/cas/images/spida-small.png
Requested Url: https://www.spidasoftware.com/cas/images/key-point_tr.gif
Requested Url: https://www.spidasoftware.com/cas/images/key-point_tr.gif
Requested Url: https://www.spidasoftware.com/cas/images/key-point_tl.gif
Requested Url: https://www.spidasoftware.com/cas/images/key-point_tl.gif
?[32;1m[debug]?[0m [phantom] Successfully injected Casper client-side utilities
?[32;1m[debug]?[0m [phantom] start page is loaded
?[36m[info]?[0m [phantom] Step login 3/13 https://www.spidasoftware.com/cas/login?service=https://www.spidasoftware.com/projectmanager/j_spring_cas_security_check (HTTP 200)
?[36m[info]?[0m [remote] attempting to fetch form element from selector: 'form#fm1'
?[32;1m[debug]?[0m [remote] Set "username" field value to admin@spidasoftware.com
?[32;1m[debug]?[0m [remote] Set "password" field value to ***************
?[36m[info]?[0m [remote] submitting form to /cas/login;jsessionid=43504F2E112FAF8BB51863A774ED1E8E?service=https%3A%2F%2Fwww.spidasoftware.com%2Fprojectmanager%2Fj_spring_cas_security_check, HTTP POST
?[36m[info]?[0m [phantom] Step login 3/13: done in 1748ms.
?[32;1m[debug]?[0m [phantom] Navigation requested: url=https://www.spidasoftware.com/cas/login;jsessionid=43504F2E112FAF8BB51863A774ED1E8E?service=https://www.spidasoftware.com/projectmanager/j_spring_cas_security_check, type=FormSubmitted, willNavigate=true, isMainFrame=true
Requested Url: https://www.spidasoftware.com/cas/login;jsessionid=43504F2E112FAF8BB51863A774ED1E8E?service=https%3A%2F%2Fwww.spidasoftware.com%2Fprojectmanager%2Fj_spring_cas_security_check
?[32;1m[debug]?[0m [phantom] Navigation requested: url=https://www.spidasoftware.com/projectmanager/j_spring_cas_security_check?ticket=ST-162-Aqs9NetQesxJtlLBthhI-www.spidasoftware.com, type=FormSubmitted, willNavigate=true, isMainFrame=true
Requested Url: https://www.spidasoftware.com/projectmanager/j_spring_cas_security_check?ticket=ST-162-Aqs9NetQesxJtlLBthhI-www.spidasoftware.com
?[32;1m[debug]?[0m [phantom] Navigation requested: url=https://www.spidasoftware.com/projectmanager/, type=FormSubmitted, willNavigate=true, isMainFrame=true
Requested Url: https://www.spidasoftware.com/projectmanager/
?[32;1m[debug]?[0m [phantom] url changed to "https://www.spidasoftware.com/projectmanager/"
Requested Url: https://www.spidasoftware.com/projectmanager/
Requested Url: https://www.spidasoftware.com/projectmanager/assets/fullwidth-712c8be92ed2438fa54c602fa4ead9de.css
Requested Url: https://www.spidasoftware.com/projectmanager/assets/fullwidth-712c8be92ed2438fa54c602fa4ead9de.css
Requested Url: https://www.spidasoftware.com/projectmanager/assets/manifests/dashboard-ca798a2aa13668b62f4cfb792b5cb005.js
Requested Url: https://www.spidasoftware.com/projectmanager/assets/manifests/dashboard-bb51ee3aaa45140c7b368ac1257e2bb6.css
Requested Url: https://www.spidasoftware.com/projectmanager/assets/manifests/dashboard-bb51ee3aaa45140c7b368ac1257e2bb6.css
Requested Url: https://www.spidasoftware.com/projectmanager/assets/application-eb20b43cf60215725cfe9f3ee324ab29.css
Requested Url: https://www.spidasoftware.com/projectmanager/assets/application-eb20b43cf60215725cfe9f3ee324ab29.css
Requested Url: https://www.spidasoftware.com/projectmanager/assets/layout-740b63f13e950682666c41e738489382.js
Requested Url: https://www.spidasoftware.com/projectmanager/assets/layout/bg-wrappage-4024e4b9b2f45c38e97593fdc99855fe.gif
Requested Url: https://www.spidasoftware.com/projectmanager/assets/layout/bg-wrappage-4024e4b9b2f45c38e97593fdc99855fe.gif
Requested Url: https://www.spidasoftware.com/projectmanager/assets/manifests/dashboard-ca798a2aa13668b62f4cfb792b5cb005.js
Requested Url: https://www.spidasoftware.com/projectmanager/assets/layout-740b63f13e950682666c41e738489382.js
Requested Url: https://www.spidasoftware.com/projectmanager/assets/fullwidth-712c8be92ed2438fa54c602fa4ead9de.css
Requested Url: https://www.spidasoftware.com/projectmanager/assets/fullwidth-712c8be92ed2438fa54c602fa4ead9de.css
Requested Url: https://www.spidasoftware.com/projectmanager/assets/ajax-loader-22e80548042a44cb9c0e053d56e5256c.gif
Requested Url: https://www.spidasoftware.com/projectmanager/assets/ajax-loader-22e80548042a44cb9c0e053d56e5256c.gif
Requested Url: https://www.spidasoftware.com/projectmanager/assets/deboss-ed16c7a3699e4e401f23e3e7338d8546.png
Requested Url: https://www.spidasoftware.com/projectmanager/assets/deboss-ed16c7a3699e4e401f23e3e7338d8546.png
Requested Url: https://www.spidasoftware.com/projectmanager/plugins/layout-3.7/images/16/user.png
Requested Url: https://www.spidasoftware.com/projectmanager/plugins/layout-3.7/images/16/user.png
Requested Url: https://www.spidasoftware.com/projectmanager/plugins/layout-3.7/images/32/user.png
Requested Url: https://www.spidasoftware.com/projectmanager/plugins/layout-3.7/images/32/user.png
Requested Url: https://www.spidasoftware.com/projectmanager/assets/layout/header-spidamin-e40ce1bb4403d5c7db28e7855d5c74d0.gif
Requested Url: https://www.spidasoftware.com/projectmanager/assets/layout/header-spidamin-e40ce1bb4403d5c7db28e7855d5c74d0.gif
Requested Url: https://www.spidasoftware.com/projectmanager/plugins/layout-3.7/images/16/comment.png
Requested Url: https://www.spidasoftware.com/projectmanager/plugins/layout-3.7/images/16/comment.png
Requested Url: https://www.spidasoftware.com/projectmanager/assets/menu_indicator-06e43d6d3f303158042880db8bd88a00.png
Requested Url: https://www.spidasoftware.com/projectmanager/assets/menu_indicator-06e43d6d3f303158042880db8bd88a00.png
Requested Url: https://www.spidasoftware.com/projectmanager/plugins/layout-3.7/images/16/logout.png
Requested Url: https://www.spidasoftware.com/projectmanager/plugins/layout-3.7/images/16/logout.png
Requested Url: https://www.spidasoftware.com/projectmanager/plugins/layout-3.7/images/16/config.png
Requested Url: https://www.spidasoftware.com/projectmanager/plugins/layout-3.7/images/16/config.png
Requested Url: https://www.spidasoftware.com/projectmanager/assets/16/calendar-f8cd1aa487b98cf09ba57257d68f8ae5.png
Requested Url: https://www.spidasoftware.com/projectmanager/assets/16/calendar-f8cd1aa487b98cf09ba57257d68f8ae5.png
Requested Url: https://www.spidasoftware.com/projectmanager/assets/16/save-0eedd6a7239807cde0770a15dd42321b.png
Requested Url: https://www.spidasoftware.com/projectmanager/assets/16/save-0eedd6a7239807cde0770a15dd42321b.png
Requested Url: https://www.spidasoftware.com/projectmanager/assets/16/finished-work-ad9d9abd2436e0648067a59fb689efe0.png
Requested Url: https://www.spidasoftware.com/projectmanager/assets/16/pie-0250125d48a626c8fc53759e9ab40021.png
Requested Url: https://www.spidasoftware.com/projectmanager/assets/16/finished-work-ad9d9abd2436e0648067a59fb689efe0.png
Requested Url: https://www.spidasoftware.com/projectmanager/assets/16/pie-0250125d48a626c8fc53759e9ab40021.png
Requested Url: https://www.spidasoftware.com/projectmanager/assets/Sawasdee-24fcdb41df7fca27205cfb13df8a78aa.ttf
Requested Url: https://www.spidasoftware.com/projectmanager/assets/Sawasdee-Bold-e259f8084233a474a753b405642cbe67.ttf
Requested Url: https://www.spidasoftware.com/projectmanager/assets/16/statistics-5ac61cbdfeb3383fed3cad7f2ab9feaf.png
Requested Url: https://www.spidasoftware.com/projectmanager/assets/16/statistics-5ac61cbdfeb3383fed3cad7f2ab9feaf.png
ATMOSPHERE CANCELLED
ATMOSPHERE CANCELLED
Requested Url: https://www.spidasoftware.com/projectmanager/assets/Sawasdee-24fcdb41df7fca27205cfb13df8a78aa.ttf
Requested Url: https://www.spidasoftware.com/projectmanager/assets/images/ui-bg_glass_75_e6e6e6_1x400-f4254356c2a8c9a383205ef2c4de22c4.png
Requested Url: https://www.spidasoftware.com/projectmanager/assets/images/ui-bg_glass_75_e6e6e6_1x400-f4254356c2a8c9a383205ef2c4de22c4.png
Requested Url: https://www.spidasoftware.com/projectmanager/assets/images/ui-icons_888888_256x240-9c46d7cab43e22a14bad26d2d4806d80.png
Requested Url: https://www.spidasoftware.com/projectmanager/assets/images/ui-icons_888888_256x240-9c46d7cab43e22a14bad26d2d4806d80.png
Requested Url: https://www.spidasoftware.com/projectmanager/assets/images/ui-bg_flat_75_ffffff_40x100-8692e6efddf882acbff144c38ea7dfdf.png
Requested Url: https://www.spidasoftware.com/projectmanager/assets/images/ui-bg_flat_75_ffffff_40x100-8692e6efddf882acbff144c38ea7dfdf.png
Requested Url: https://www.spidasoftware.com/projectmanager/assets/images/ui-bg_glass_65_ffffff_1x400-e5a8f32e28fd5c27bf0fed33c8a8b9b5.png
Requested Url: https://www.spidasoftware.com/projectmanager/assets/images/ui-bg_glass_65_ffffff_1x400-e5a8f32e28fd5c27bf0fed33c8a8b9b5.png
Requested Url: https://www.spidasoftware.com/projectmanager/assets/images/ui-icons_222222_256x240-3f3acb42b0d2bfd5f39069b87803eebc.png
Requested Url: https://www.spidasoftware.com/projectmanager/assets/images/ui-icons_222222_256x240-3f3acb42b0d2bfd5f39069b87803eebc.png
Requested Url: https://www.spidasoftware.com/projectmanager/assets/Sawasdee-Bold-e259f8084233a474a753b405642cbe67.ttf
ATMOSPHERE CANCELLED
?[32;1m[debug]?[0m [phantom] Successfully injected Casper client-side utilities
?[36m[info]?[0m [phantom] Step _step 4/13 https://www.spidasoftware.com/projectmanager/ (HTTP 200)
?[36m[info]?[0m [phantom] Step _step 4/13: done in 7133ms.
?[36m[info]?[0m [phantom] waitFor() finished in 40ms.
?[36m[info]?[0m [phantom] Step afterLogin 5/14 https://www.spidasoftware.com/projectmanager/ (HTTP 200)
Logged in successfully
?[36m[info]?[0m [phantom] Step afterLogin 5/14: done in 7189ms.
?[36m[info]?[0m [phantom] Step _step 6/14 https://www.spidasoftware.com/projectmanager/ (HTTP 200)
?[36m[info]?[0m [phantom] Step _step 6/14: done in 7213ms.
?[36m[info]?[0m [phantom] waitFor() finished in 41ms.
?[36m[info]?[0m [phantom] Step anonymous 7/15 https://www.spidasoftware.com/projectmanager/ (HTTP 200)
?[36m[info]?[0m [phantom] Step anonymous 7/15: done in 7275ms.
?[36m[info]?[0m [phantom] Step _step 8/15 https://www.spidasoftware.com/projectmanager/ (HTTP 200)
?[36m[info]?[0m [phantom] Step _step 8/15: done in 7299ms.
script timed out
?[33m[warning]?[0m [phantom] Casper.waitFor() timeout
Should only see this message if the company is SPIDA.
?[32;1m[debug]?[0m [phantom] opening url: https://www.spidasoftware.com/projectmanager/flow/list, HTTP GET
ATMOSPHERE CANCELLED
?[32;1m[debug]?[0m [phantom] Navigation requested: url=https://www.spidasoftware.com/projectmanager/flow/list, type=Other, willNavigate=true, isMainFrame=true
?[33m[warning]?[0m [phantom] Loading resource failed with status=fail (HTTP 200): https://www.spidasoftware.com/projectmanager/flow/list
Requested Url: https://www.spidasoftware.com/projectmanager/flow/list
?[32;1m[debug]?[0m [phantom] url changed to "https://www.spidasoftware.com/projectmanager/flow/list"
Requested Url: https://www.spidasoftware.com/projectmanager/flow/list
Requested Url: https://www.spidasoftware.com/projectmanager/assets/admin-d2fddd00cdd8169f120bbf2621fff730.css
Requested Url: https://www.spidasoftware.com/projectmanager/assets/admin-d2fddd00cdd8169f120bbf2621fff730.css
Requested Url: https://www.spidasoftware.com/projectmanager/assets/pm-adcf40c25b31c001f8363843825c5028.css
Requested Url: https://www.spidasoftware.com/projectmanager/assets/pm-adcf40c25b31c001f8363843825c5028.css
Requested Url: https://www.spidasoftware.com/projectmanager/assets/toolbar-d096400c9b5f99e9d2a8ca75f9f09bf1.css
Requested Url: https://www.spidasoftware.com/projectmanager/assets/toolbar-d096400c9b5f99e9d2a8ca75f9f09bf1.css
Requested Url: https://www.spidasoftware.com/projectmanager/assets/fullwidth-712c8be92ed2438fa54c602fa4ead9de.css
Requested Url: https://www.spidasoftware.com/projectmanager/assets/fullwidth-712c8be92ed2438fa54c602fa4ead9de.css
ATMOSPHERE CANCELLED
ATMOSPHERE CANCELLED
Requested Url: https://www.spidasoftware.com/projectmanager/assets/layout/bg-wrapheader-dd414cb70b5a653f5972d469db7d19e7.gif
Requested Url: https://www.spidasoftware.com/projectmanager/assets/layout/bg-wrapheader-dd414cb70b5a653f5972d469db7d19e7.gif
Requested Url: https://www.spidasoftware.com/projectmanager/assets/16/plus-c3d7ac6de2f7bb771dd1561a04c9fc30.png
Requested Url: https://www.spidasoftware.com/projectmanager/assets/16/plus-c3d7ac6de2f7bb771dd1561a04c9fc30.png
?[32;1m[debug]?[0m [phantom] Successfully injected Casper client-side utilities
?[36m[info]?[0m [phantom] Step openFlowList 10/15 https://www.spidasoftware.com/projectmanager/flow/list (HTTP 200)
Navigating to Flow List
?[36m[info]?[0m [phantom] Step openFlowList 10/15: done in 15966ms.
?[36m[info]?[0m [phantom] Step _step 11/15 https://www.spidasoftware.com/projectmanager/flow/list (HTTP 200)
?[36m[info]?[0m [phantom] Step _step 11/15: done in 15984ms.
Requested Url: https://www.spidasoftware.com/projectmanager/assets/default/sorted_asc-df23e44c4c4999383e95e9c8bf5da156.gif
Requested Url: https://www.spidasoftware.com/projectmanager/assets/default/sorted_asc-df23e44c4c4999383e95e9c8bf5da156.gif
?[36m[info]?[0m [phantom] waitFor() finished in 45ms.
?[36m[info]?[0m [phantom] Step clickFlow 12/16 https://www.spidasoftware.com/projectmanager/flow/list (HTTP 200)
Currently at: https://www.spidasoftware.com/projectmanager/flow/list
?[32;1m[debug]?[0m [phantom] Mouse event 'mousedown' on selector: xpath selector: //a[text()="Test-Flow"]
?[32;1m[debug]?[0m [phantom] Mouse event 'mouseup' on selector: xpath selector: //a[text()="Test-Flow"]
?[32;1m[debug]?[0m [phantom] Mouse event 'click' on selector: xpath selector: //a[text()="Test-Flow"]
?[32;1m[debug]?[0m [phantom] Navigation requested: url=https://www.spidasoftware.com/projectmanager/flow/edit/86736, type=LinkClicked, willNavigate=true, isMainFrame=true
ATMOSPHERE CANCELLED
Requested Url: https://www.spidasoftware.com/projectmanager/assets/fullwidth-712c8be92ed2438fa54c602fa4ead9de.css
?[36m[info]?[0m [phantom] Step clickFlow 12/16: done in 16065ms.
?[33m[warning]?[0m [phantom] Loading resource failed with status=fail (HTTP 200): https://www.spidasoftware.com/projectmanager/flow/edit/86736
Requested Url: https://www.spidasoftware.com/projectmanager/flow/edit/86736
?[32;1m[debug]?[0m [phantom] url changed to "https://www.spidasoftware.com/projectmanager/flow/edit/86736"
Requested Url: https://www.spidasoftware.com/projectmanager/flow/edit/86736
Requested Url: https://www.spidasoftware.com/projectmanager/assets/fullwidth-712c8be92ed2438fa54c602fa4ead9de.css
Requested Url: https://www.spidasoftware.com/projectmanager/assets/fullwidth-712c8be92ed2438fa54c602fa4ead9de.css
Requested Url: https://www.spidasoftware.com/projectmanager/assets/manifests/flow-b89a5ec3639330a36d22d254f66d6096.css
Requested Url: https://www.spidasoftware.com/projectmanager/assets/manifests/flow-head-db34cb9a3b5664d4e6849d969c2df599.js
Requested Url: https://www.spidasoftware.com/projectmanager/assets/manifests/flow-body-bad25f25c8303a2ef5f819e7f986267b.js
Requested Url: https://www.spidasoftware.com/projectmanager/assets/manifests/flow-b89a5ec3639330a36d22d254f66d6096.css
Requested Url: https://www.spidasoftware.com/projectmanager/assets/manifests/flow-body-bad25f25c8303a2ef5f819e7f986267b.js
Requested Url: https://www.spidasoftware.com/projectmanager/assets/manifests/flow-head-db34cb9a3b5664d4e6849d969c2df599.js
Requested Url: https://www.spidasoftware.com/projectmanager/assets/fullwidth-712c8be92ed2438fa54c602fa4ead9de.css
Requested Url: https://www.spidasoftware.com/projectmanager/assets/fullwidth-712c8be92ed2438fa54c602fa4ead9de.css
Requested Url: https://www.spidasoftware.com/projectmanager/images/100-90-5-monochrome.png
ATMOSPHERE CANCELLED
ATMOSPHERE CANCELLED
?[32;1m[debug]?[0m [phantom] Successfully injected Casper client-side utilities
?[36m[info]?[0m [phantom] Step _step 13/16 https://www.spidasoftware.com/projectmanager/flow/edit/86736 (HTTP 200)
?[36m[info]?[0m [phantom] Step _step 13/16: done in 17357ms.
Requested Url: https://www.spidasoftware.com/projectmanager/flow/visualJson?id=86736
Requested Url: https://www.spidasoftware.com/projectmanager/flow/visualJson?id=86736
Requested Url: https://www.spidasoftware.com/projectmanager/flow/flowEdit?id=86736
Requested Url: https://www.spidasoftware.com/projectmanager/flow/flowEdit?id=86736
Requested Url: https://www.spidasoftware.com/projectmanager/images/100-90-5-monochrome.png
ATMOSPHERE CANCELLED
Requested Url: data:image/svg+xml;base64,PHN2ZyB4bWxucz0iaHR0cDovL3d3dy53My5vcmcvMjAwMC9zdmciIHZlcnNpb249IjEuMSIgeD0iMTJweCIgeT0iMHB4IiB3aWR0aD0iMjRweCIgaGVpZ2h0PSIzcHgiIHZpZXdCb3g9IjAgMCA2IDMiIGVuYWJsZS1iYWNrZ3JvdW5kPSJuZXcgMCAwIDYgMyIgeG1sOnNwYWNlPSJwcmVzZXJ2ZSI+PHBvbHlnb24gcG9pbnRzPSI1Ljk5MiwwIDIuOTkyLDMgLTAuMDA4LDAgIi8+PC9zdmc+
Requested Url: data:image/svg+xml;base64,PHN2ZyB4bWxucz0iaHR0cDovL3d3dy53My5vcmcvMjAwMC9zdmciIHZlcnNpb249IjEuMSIgeD0iMTJweCIgeT0iMHB4IiB3aWR0aD0iMjRweCIgaGVpZ2h0PSIzcHgiIHZpZXdCb3g9IjAgMCA2IDMiIGVuYWJsZS1iYWNrZ3JvdW5kPSJuZXcgMCAwIDYgMyIgeG1sOnNwYWNlPSJwcmVzZXJ2ZSI+PHBvbHlnb24gcG9pbnRzPSI1Ljk5MiwwIDIuOTkyLDMgLTAuMDA4LDAgIi8+PC9zdmc+
Requested Url: https://www.spidasoftware.com/projectmanager/images/tools/edit.png
Requested Url: https://www.spidasoftware.com/projectmanager/images/tools/edit.png
Requested Url: https://www.spidasoftware.com/projectmanager/images/tools/add.png
Requested Url: https://www.spidasoftware.com/projectmanager/images/tools/delete.png
Requested Url: https://www.spidasoftware.com/projectmanager/images/tools/add.png
Requested Url: https://www.spidasoftware.com/projectmanager/images/tools/delete.png
?[36m[info]?[0m [phantom] waitFor() finished in 571ms.
?[36m[info]?[0m [phantom] Step getOrder 14/17 https://www.spidasoftware.com/projectmanager/flow/edit/86736 (HTTP 200)
?[36m[info]?[0m [phantom] Step getOrder 14/17: done in 17957ms.
?[36m[info]?[0m [phantom] Step _step 15/17 https://www.spidasoftware.com/projectmanager/flow/edit/86736 (HTTP 200)
?[36m[info]?[0m [phantom] Step _step 15/17: done in 17970ms.
Requested Url: https://www.spidasoftware.com/projectmanager/assets/jquery/chosen-sprite-25b9acb1b504c95c6b95c33986b7317e.png
Requested Url: https://www.spidasoftware.com/projectmanager/assets/jquery/chosen-sprite-25b9acb1b504c95c6b95c33986b7317e.png
?[36m[info]?[0m [phantom] wait() finished waiting for 2000ms.
Currently at: https://www.spidasoftware.com/projectmanager/flow/edit/86736
?[32;1m[debug]?[0m [phantom] Mouse event 'mousedown' on selector: #events_table>table>tbody>tr:nth-child(1)>td:nth-child(5)>a
?[32;1m[debug]?[0m [phantom] Mouse event 'mouseup' on selector: #events_table>table>tbody>tr:nth-child(1)>td:nth-child(5)>a
?[32;1m[debug]?[0m [phantom] Mouse event 'click' on selector: #events_table>table>tbody>tr:nth-child(1)>td:nth-child(5)>a
?[32;1m[debug]?[0m [phantom] Navigation requested: url=https://www.spidasoftware.com/projectmanager/flow/edit/86736#, type=LinkClicked, willNavigate=true, isMainFrame=true
?[32;1m[debug]?[0m [phantom] url changed to "https://www.spidasoftware.com/projectmanager/flow/edit/86736#"
?[36m[info]?[0m [phantom] Step _step 16/17 https://www.spidasoftware.com/projectmanager/flow/edit/86736# (HTTP 200)
?[36m[info]?[0m [phantom] Step _step 16/17: done in 19990ms.
Requested Url: https://www.spidasoftware.com/projectmanager/event/editEvent
Requested Url: https://www.spidasoftware.com/projectmanager/event/editEvent
?[36m[info]?[0m [phantom] waitFor() finished in 614ms.
Requested Url: https://www.spidasoftware.com/projectmanager/assets/16/no-d8558032ad0d69254d51fa76de993f0c.png
Requested Url: https://www.spidasoftware.com/projectmanager/assets/16/no-d8558032ad0d69254d51fa76de993f0c.png
?[36m[info]?[0m [phantom] Step clickActionTab 17/18 https://www.spidasoftware.com/projectmanager/flow/edit/86736# (HTTP 200)
?[32;1m[debug]?[0m [phantom] Mouse event 'mousedown' on selector: form>div>div>dl>dd:nth-child(2)>a
?[32;1m[debug]?[0m [phantom] Mouse event 'mouseup' on selector: form>div>div>dl>dd:nth-child(2)>a
?[32;1m[debug]?[0m [phantom] Mouse event 'click' on selector: form>div>div>dl>dd:nth-child(2)>a
?[36m[info]?[0m [phantom] Step clickActionTab 17/18: done in 20740ms.
?[36m[info]?[0m [phantom] Step _step 18/18 https://www.spidasoftware.com/projectmanager/flow/edit/86736# (HTTP 200)
?[36m[info]?[0m [phantom] Step _step 18/18: done in 20746ms.
?[36m[info]?[0m [phantom] waitFor() finished in 202ms.
?[36m[info]?[0m [phantom] Step chooseAnAction 19/19 https://www.spidasoftware.com/projectmanager/flow/edit/86736# (HTTP 200)
Capturing action: Set Sub Status...
86738
Capturing action: Email Creator on Start...
86761
?[36m[info]?[0m [phantom] Step chooseAnAction 19/19: done in 21404ms.
?[36m[info]?[0m [phantom] Step changeOnClickValue 20/23 https://www.spidasoftware.com/projectmanager/flow/edit/86736# (HTTP 200)
?[36m[info]?[0m [phantom] Step changeOnClickValue 20/23: done in 21409ms.
?[36m[info]?[0m [phantom] Step _step 21/23 https://www.spidasoftware.com/projectmanager/flow/edit/86736# (HTTP 200)
?[36m[info]?[0m [phantom] Step _step 21/23: done in 21426ms.
Requested Url: https://www.spidasoftware.com/projectmanager/action/editAction?id=86738
Requested Url: https://www.spidasoftware.com/projectmanager/action/editAction?id=86738
Requested Url: https://www.spidasoftware.com/projectmanager/assets/16/minus-7994d6aeef41ae69ed7c53869a22d015.png
Requested Url: https://www.spidasoftware.com/projectmanager/assets/16/minus-7994d6aeef41ae69ed7c53869a22d015.png
?[36m[info]?[0m [phantom] wait() finished waiting for 2000ms.
?[36m[info]?[0m [phantom] Step _step 22/24 https://www.spidasoftware.com/projectmanager/flow/edit/86736# (HTTP 200)
?[36m[info]?[0m [phantom] Step _step 22/24: done in 23447ms.
?[36m[info]?[0m [phantom] waitFor() finished in 41ms.
?[36m[info]?[0m [phantom] Step waitedForJavascript 23/25 https://www.spidasoftware.com/projectmanager/flow/edit/86736# (HTTP 200)
?[32;1m[debug]?[0m [phantom] Capturing page to /Users/zpeugh/code/min/scripts/flowdocument/pngs/Set Sub Status.png
?[36m[info]?[0m [phantom] Capture saved to /Users/zpeugh/code/min/scripts/flowdocument/pngs/Set Sub Status.png
Captured action: Set Sub Status
?[36m[info]?[0m [phantom] Step waitedForJavascript 23/25: done in 23946ms.
?[36m[info]?[0m [phantom] Step changeOnClickValue 24/25 https://www.spidasoftware.com/projectmanager/flow/edit/86736# (HTTP 200)
?[36m[info]?[0m [phantom] Step changeOnClickValue 24/25: done in 23991ms.
?[36m[info]?[0m [phantom] Step _step 25/25 https://www.spidasoftware.com/projectmanager/flow/edit/86736# (HTTP 200)
?[36m[info]?[0m [phantom] Step _step 25/25: done in 23993ms.
Requested Url: https://www.spidasoftware.com/projectmanager/action/editAction?id=86761
Requested Url: https://www.spidasoftware.com/projectmanager/action/editAction?id=86761
?[36m[info]?[0m [phantom] wait() finished waiting for 2000ms.
?[36m[info]?[0m [phantom] Step _step 26/26 https://www.spidasoftware.com/projectmanager/flow/edit/86736# (HTTP 200)
?[36m[info]?[0m [phantom] Step _step 26/26: done in 26010ms.
?[36m[info]?[0m [phantom] waitFor() finished in 40ms.
?[36m[info]?[0m [phantom] Step waitedForJavascript 27/27 https://www.spidasoftware.com/projectmanager/flow/edit/86736# (HTTP 200)
?[32;1m[debug]?[0m [phantom] Capturing page to /Users/zpeugh/code/min/scripts/flowdocument/pngs/Email Creator on Start.png
?[36m[info]?[0m [phantom] Capture saved to /Users/zpeugh/code/min/scripts/flowdocument/pngs/Email Creator on Start.png
Captured action: Email Creator on Start
?[36m[info]?[0m [phantom] Step waitedForJavascript 27/27: done in 26445ms.
?[36m[info]?[0m [phantom] Done 27 steps in 26445ms
args: Set~Sub~Status Email~Creator~on~Start
Actions to capture: 
0: Set Sub Status
1: Email Creator on Start
All actions: [Set Sub Status, Email Creator on Start]
Missed actions: null
Forms to capture: 
1: Project Form
2: TPA Documentation Review
3: Permits
4: Pole Profile
5: Electrical
script timed out
Logged in as: DLC
Navigating to Flow Form List
Currently at: https://www.spidasoftware.com/projectmanager/formTemplate/list
Stored screenshot of form: Electrical
Stored screenshot of form: Permits
Stored screenshot of form: Pole Profile
Stored screenshot of form: Project Form
Stored screenshot of form: TPA Documentation Review
Forms to generate: 
0: Project Form
1: TPA Documentation Review
2: Permits
3: Pole Profile
4: Electrical
All forms: [Project Form, TPA Documentation Review, Permits, Pole Profile, Electrical]
Missed Forms: null
company name: DLC
flow Name: DLC Overhead
2: Assign Construction
3: Pull Photos From Calc
4: Remove Time Markers
5: Generate Calc File
6: Estimate Process 14 Day Clock
7: Pole Details Require Corrections Email
8: Email: Major Make Ready Required
9: Assign Joint Use Clerk
10: Email: Review Complete
11: Pole Form
12: Assign TPA
13: Email: No Make Ready Work Required
14: Email: Minor Make Ready Required
15: Email: Construction Corrections Required
16: Email: TPA Construction
17: Assign Engineering
18: Lock Project
19: Assign Billing
20: Engineering Review 45 Day Clock
21: 45 Day TPA Construction Clock
22: Assign Tech
?[36m[info]?[0m [phantom] Starting...
?[36m[info]?[0m [phantom] Execution timeout set to 10000ms
?[36m[info]?[0m [phantom] Running suite: 13 steps
?[32;1m[debug]?[0m [phantom] opening url: https://www.spidasoftware.com/projectmanager/, HTTP GET
?[32;1m[debug]?[0m [phantom] Navigation requested: url=https://www.spidasoftware.com/projectmanager/, type=Other, willNavigate=true, isMainFrame=true
Requested Url: https://www.spidasoftware.com/projectmanager/
?[32;1m[debug]?[0m [phantom] Navigation requested: url=https://www.spidasoftware.com/cas/login?service=https://www.spidasoftware.com/projectmanager/j_spring_cas_security_check, type=Other, willNavigate=true, isMainFrame=true
Requested Url: https://www.spidasoftware.com/cas/login?service=https%3A%2F%2Fwww.spidasoftware.com%2Fprojectmanager%2Fj_spring_cas_security_check
?[32;1m[debug]?[0m [phantom] url changed to "https://www.spidasoftware.com/cas/login?service=https://www.spidasoftware.com/projectmanager/j_spring_cas_security_check"
Requested Url: https://www.spidasoftware.com/cas/login?service=https%3A%2F%2Fwww.spidasoftware.com%2Fprojectmanager%2Fj_spring_cas_security_check
Requested Url: https://www.spidasoftware.com/cas/css/cas.css;jsessionid=9B46C23C8E0E749E2FE6F6197C690ADE
Requested Url: https://www.spidasoftware.com/cas/css/cas.css;jsessionid=9B46C23C8E0E749E2FE6F6197C690ADE
Requested Url: https://www.spidasoftware.com/cas/css/spida.css
Requested Url: https://www.spidasoftware.com/cas/css/spida.css
Requested Url: https://ajax.googleapis.com/ajax/libs/jquery/1.4.2/jquery.min.js
Requested Url: https://ajax.googleapis.com/ajax/libs/jquery/1.4.2/jquery.min.js
Requested Url: https://ajax.googleapis.com/ajax/libs/jqueryui/1.8.5/jquery-ui.min.js
Requested Url: https://www.spidasoftware.com/cas/js/jquery-1.9.0.min.js
Requested Url: https://www.spidasoftware.com/cas/images/deboss.png
Requested Url: https://www.spidasoftware.com/cas/images/deboss.png
Requested Url: https://www.spidasoftware.com/cas/js/cas.js;jsessionid=9B46C23C8E0E749E2FE6F6197C690ADE
Requested Url: https://www.spidasoftware.com/cas/js/cas.js;jsessionid=9B46C23C8E0E749E2FE6F6197C690ADE
Requested Url: https://ajax.googleapis.com/ajax/libs/jqueryui/1.8.5/jquery-ui.min.js
Requested Url: https://www.spidasoftware.com/cas/js/jquery-1.9.0.min.js
Requested Url: https://www.spidasoftware.com/cas/images/key-point_bl.gif
Requested Url: https://www.spidasoftware.com/cas/images/key-point_bl.gif
Requested Url: https://www.spidasoftware.com/cas/images/key-point_br.gif
Requested Url: https://www.spidasoftware.com/cas/images/key-point_br.gif
Requested Url: https://www.spidasoftware.com/cas/images/key-point_tr.gif
Requested Url: https://www.spidasoftware.com/cas/images/key-point_tr.gif
Requested Url: https://www.spidasoftware.com/cas/images/key-point_tl.gif
Requested Url: https://www.spidasoftware.com/cas/images/key-point_tl.gif
Requested Url: https://www.spidasoftware.com/cas/images/spida-small.png
Requested Url: https://www.spidasoftware.com/cas/images/spida-small.png
Requested Url: https://www.spidasoftware.com/cas/images/ja-sig-logo.gif
Requested Url: https://www.spidasoftware.com/cas/images/ja-sig-logo.gif
?[32;1m[debug]?[0m [phantom] Successfully injected Casper client-side utilities
?[32;1m[debug]?[0m [phantom] start page is loaded
?[36m[info]?[0m [phantom] Step login 3/13 https://www.spidasoftware.com/cas/login?service=https://www.spidasoftware.com/projectmanager/j_spring_cas_security_check (HTTP 200)
?[36m[info]?[0m [remote] attempting to fetch form element from selector: 'form#fm1'
?[32;1m[debug]?[0m [remote] Set "username" field value to admin@spidasoftware.com
?[32;1m[debug]?[0m [remote] Set "password" field value to ***************
?[36m[info]?[0m [remote] submitting form to /cas/login;jsessionid=9B46C23C8E0E749E2FE6F6197C690ADE?service=https%3A%2F%2Fwww.spidasoftware.com%2Fprojectmanager%2Fj_spring_cas_security_check, HTTP POST
?[36m[info]?[0m [phantom] Step login 3/13: done in 1056ms.
?[32;1m[debug]?[0m [phantom] Navigation requested: url=https://www.spidasoftware.com/cas/login;jsessionid=9B46C23C8E0E749E2FE6F6197C690ADE?service=https://www.spidasoftware.com/projectmanager/j_spring_cas_security_check, type=FormSubmitted, willNavigate=true, isMainFrame=true
Requested Url: https://www.spidasoftware.com/cas/login;jsessionid=9B46C23C8E0E749E2FE6F6197C690ADE?service=https%3A%2F%2Fwww.spidasoftware.com%2Fprojectmanager%2Fj_spring_cas_security_check
?[32;1m[debug]?[0m [phantom] Navigation requested: url=https://www.spidasoftware.com/projectmanager/j_spring_cas_security_check?ticket=ST-164-jTffmU1aPwAo2IH2405l-www.spidasoftware.com, type=FormSubmitted, willNavigate=true, isMainFrame=true
Requested Url: https://www.spidasoftware.com/projectmanager/j_spring_cas_security_check?ticket=ST-164-jTffmU1aPwAo2IH2405l-www.spidasoftware.com
?[32;1m[debug]?[0m [phantom] Navigation requested: url=https://www.spidasoftware.com/projectmanager/, type=FormSubmitted, willNavigate=true, isMainFrame=true
Requested Url: https://www.spidasoftware.com/projectmanager/
?[32;1m[debug]?[0m [phantom] url changed to "https://www.spidasoftware.com/projectmanager/"
Requested Url: https://www.spidasoftware.com/projectmanager/
Requested Url: https://www.spidasoftware.com/projectmanager/assets/fullwidth-712c8be92ed2438fa54c602fa4ead9de.css
Requested Url: https://www.spidasoftware.com/projectmanager/assets/fullwidth-712c8be92ed2438fa54c602fa4ead9de.css
Requested Url: https://www.spidasoftware.com/projectmanager/assets/layout-740b63f13e950682666c41e738489382.js
Requested Url: https://www.spidasoftware.com/projectmanager/assets/application-eb20b43cf60215725cfe9f3ee324ab29.css
Requested Url: https://www.spidasoftware.com/projectmanager/assets/application-eb20b43cf60215725cfe9f3ee324ab29.css
Requested Url: https://www.spidasoftware.com/projectmanager/assets/manifests/dashboard-ca798a2aa13668b62f4cfb792b5cb005.js
Requested Url: https://www.spidasoftware.com/projectmanager/assets/manifests/dashboard-bb51ee3aaa45140c7b368ac1257e2bb6.css
Requested Url: https://www.spidasoftware.com/projectmanager/assets/manifests/dashboard-bb51ee3aaa45140c7b368ac1257e2bb6.css
Requested Url: https://www.spidasoftware.com/projectmanager/assets/layout/bg-wrappage-4024e4b9b2f45c38e97593fdc99855fe.gif
Requested Url: https://www.spidasoftware.com/projectmanager/assets/layout/bg-wrappage-4024e4b9b2f45c38e97593fdc99855fe.gif
Requested Url: https://www.spidasoftware.com/projectmanager/assets/layout-740b63f13e950682666c41e738489382.js
Requested Url: https://www.spidasoftware.com/projectmanager/assets/manifests/dashboard-ca798a2aa13668b62f4cfb792b5cb005.js
Requested Url: https://www.spidasoftware.com/projectmanager/assets/fullwidth-712c8be92ed2438fa54c602fa4ead9de.css
Requested Url: https://www.spidasoftware.com/projectmanager/assets/fullwidth-712c8be92ed2438fa54c602fa4ead9de.css
Requested Url: https://www.spidasoftware.com/projectmanager/assets/deboss-ed16c7a3699e4e401f23e3e7338d8546.png
Requested Url: https://www.spidasoftware.com/projectmanager/assets/deboss-ed16c7a3699e4e401f23e3e7338d8546.png
Requested Url: https://www.spidasoftware.com/projectmanager/assets/layout/header-spidamin-e40ce1bb4403d5c7db28e7855d5c74d0.gif
Requested Url: https://www.spidasoftware.com/projectmanager/assets/layout/header-spidamin-e40ce1bb4403d5c7db28e7855d5c74d0.gif
Requested Url: https://www.spidasoftware.com/projectmanager/plugins/layout-3.7/images/16/user.png
Requested Url: https://www.spidasoftware.com/projectmanager/plugins/layout-3.7/images/16/user.png
Requested Url: https://www.spidasoftware.com/projectmanager/plugins/layout-3.7/images/32/user.png
Requested Url: https://www.spidasoftware.com/projectmanager/plugins/layout-3.7/images/32/user.png
Requested Url: https://www.spidasoftware.com/projectmanager/assets/ajax-loader-22e80548042a44cb9c0e053d56e5256c.gif
Requested Url: https://www.spidasoftware.com/projectmanager/assets/ajax-loader-22e80548042a44cb9c0e053d56e5256c.gif
Requested Url: https://www.spidasoftware.com/projectmanager/plugins/layout-3.7/images/16/comment.png
Requested Url: https://www.spidasoftware.com/projectmanager/plugins/layout-3.7/images/16/comment.png
Requested Url: https://www.spidasoftware.com/projectmanager/plugins/layout-3.7/images/16/config.png
Requested Url: https://www.spidasoftware.com/projectmanager/plugins/layout-3.7/images/16/config.png
Requested Url: https://www.spidasoftware.com/projectmanager/assets/menu_indicator-06e43d6d3f303158042880db8bd88a00.png
Requested Url: https://www.spidasoftware.com/projectmanager/assets/menu_indicator-06e43d6d3f303158042880db8bd88a00.png
Requested Url: https://www.spidasoftware.com/projectmanager/plugins/layout-3.7/images/16/logout.png
Requested Url: https://www.spidasoftware.com/projectmanager/plugins/layout-3.7/images/16/logout.png
Requested Url: https://www.spidasoftware.com/projectmanager/assets/Sawasdee-Bold-e259f8084233a474a753b405642cbe67.ttf
Requested Url: https://www.spidasoftware.com/projectmanager/assets/16/calendar-f8cd1aa487b98cf09ba57257d68f8ae5.png
Requested Url: https://www.spidasoftware.com/projectmanager/assets/16/calendar-f8cd1aa487b98cf09ba57257d68f8ae5.png
Requested Url: https://www.spidasoftware.com/projectmanager/assets/16/finished-work-ad9d9abd2436e0648067a59fb689efe0.png
Requested Url: https://www.spidasoftware.com/projectmanager/assets/16/finished-work-ad9d9abd2436e0648067a59fb689efe0.png
Requested Url: https://www.spidasoftware.com/projectmanager/assets/16/save-0eedd6a7239807cde0770a15dd42321b.png
Requested Url: https://www.spidasoftware.com/projectmanager/assets/16/save-0eedd6a7239807cde0770a15dd42321b.png
Requested Url: https://www.spidasoftware.com/projectmanager/assets/16/pie-0250125d48a626c8fc53759e9ab40021.png
Requested Url: https://www.spidasoftware.com/projectmanager/assets/16/pie-0250125d48a626c8fc53759e9ab40021.png
Requested Url: https://www.spidasoftware.com/projectmanager/assets/Sawasdee-Bold-e259f8084233a474a753b405642cbe67.ttf
Requested Url: https://www.spidasoftware.com/projectmanager/assets/Sawasdee-24fcdb41df7fca27205cfb13df8a78aa.ttf
Requested Url: https://www.spidasoftware.com/projectmanager/assets/16/statistics-5ac61cbdfeb3383fed3cad7f2ab9feaf.png
Requested Url: https://www.spidasoftware.com/projectmanager/assets/16/statistics-5ac61cbdfeb3383fed3cad7f2ab9feaf.png
Requested Url: https://www.spidasoftware.com/projectmanager/assets/images/ui-bg_glass_75_e6e6e6_1x400-f4254356c2a8c9a383205ef2c4de22c4.png
Requested Url: https://www.spidasoftware.com/projectmanager/assets/images/ui-bg_glass_75_e6e6e6_1x400-f4254356c2a8c9a383205ef2c4de22c4.png
ATMOSPHERE CANCELLED
ATMOSPHERE CANCELLED
Requested Url: https://www.spidasoftware.com/projectmanager/assets/images/ui-bg_flat_75_ffffff_40x100-8692e6efddf882acbff144c38ea7dfdf.png
Requested Url: https://www.spidasoftware.com/projectmanager/assets/images/ui-bg_flat_75_ffffff_40x100-8692e6efddf882acbff144c38ea7dfdf.png
Requested Url: https://www.spidasoftware.com/projectmanager/assets/images/ui-icons_888888_256x240-9c46d7cab43e22a14bad26d2d4806d80.png
Requested Url: https://www.spidasoftware.com/projectmanager/assets/images/ui-icons_888888_256x240-9c46d7cab43e22a14bad26d2d4806d80.png
Requested Url: https://www.spidasoftware.com/projectmanager/assets/Sawasdee-24fcdb41df7fca27205cfb13df8a78aa.ttf
Requested Url: https://www.spidasoftware.com/projectmanager/assets/images/ui-bg_glass_65_ffffff_1x400-e5a8f32e28fd5c27bf0fed33c8a8b9b5.png
Requested Url: https://www.spidasoftware.com/projectmanager/assets/images/ui-bg_glass_65_ffffff_1x400-e5a8f32e28fd5c27bf0fed33c8a8b9b5.png
Requested Url: https://www.spidasoftware.com/projectmanager/assets/images/ui-icons_222222_256x240-3f3acb42b0d2bfd5f39069b87803eebc.png
Requested Url: https://www.spidasoftware.com/projectmanager/assets/images/ui-icons_222222_256x240-3f3acb42b0d2bfd5f39069b87803eebc.png
ATMOSPHERE CANCELLED
?[32;1m[debug]?[0m [phantom] Successfully injected Casper client-side utilities
?[36m[info]?[0m [phantom] Step _step 4/13 https://www.spidasoftware.com/projectmanager/ (HTTP 200)
?[36m[info]?[0m [phantom] Step _step 4/13: done in 5830ms.
?[36m[info]?[0m [phantom] waitFor() finished in 41ms.
?[36m[info]?[0m [phantom] Step afterLogin 5/14 https://www.spidasoftware.com/projectmanager/ (HTTP 200)
Logged in successfully
?[36m[info]?[0m [phantom] Step afterLogin 5/14: done in 5888ms.
?[36m[info]?[0m [phantom] Step _step 6/14 https://www.spidasoftware.com/projectmanager/ (HTTP 200)
?[36m[info]?[0m [phantom] Step _step 6/14: done in 5908ms.
?[36m[info]?[0m [phantom] waitFor() finished in 43ms.
?[36m[info]?[0m [phantom] Step anonymous 7/15 https://www.spidasoftware.com/projectmanager/ (HTTP 200)
?[32;1m[debug]?[0m [phantom] Mouse event 'mousedown' on selector: xpath selector: //*[text()="DLC"]
?[32;1m[debug]?[0m [phantom] Mouse event 'mouseup' on selector: xpath selector: //*[text()="DLC"]
?[32;1m[debug]?[0m [phantom] Mouse event 'click' on selector: xpath selector: //*[text()="DLC"]
?[32;1m[debug]?[0m [phantom] Navigation requested: url=https://www.spidasoftware.com/projectmanager/#, type=LinkClicked, willNavigate=true, isMainFrame=true
?[32;1m[debug]?[0m [phantom] url changed to "https://www.spidasoftware.com/projectmanager/#"
?[36m[info]?[0m [phantom] Step anonymous 7/15: done in 5981ms.
?[32;1m[debug]?[0m [phantom] Navigation requested: url=https://www.spidasoftware.com/projectmanager/switchcompany, type=FormSubmitted, willNavigate=true, isMainFrame=true
ATMOSPHERE CANCELLED
?[33m[warning]?[0m [phantom] Loading resource failed with status=fail (HTTP 200): https://www.spidasoftware.com/projectmanager/switchcompany
Requested Url: https://www.spidasoftware.com/projectmanager/switchcompany
?[32;1m[debug]?[0m [phantom] Navigation requested: url=https://www.spidasoftware.com/projectmanager/dashboard/index, type=FormSubmitted, willNavigate=true, isMainFrame=true
Requested Url: https://www.spidasoftware.com/projectmanager/dashboard/index
?[32;1m[debug]?[0m [phantom] url changed to "https://www.spidasoftware.com/projectmanager/dashboard/index"
Requested Url: https://www.spidasoftware.com/projectmanager/dashboard/index
Requested Url: https://www.spidasoftware.com/projectmanager/assets/fullwidth-712c8be92ed2438fa54c602fa4ead9de.css
Requested Url: https://www.spidasoftware.com/projectmanager/assets/fullwidth-712c8be92ed2438fa54c602fa4ead9de.css
ATMOSPHERE CANCELLED
ATMOSPHERE CANCELLED
?[32;1m[debug]?[0m [phantom] Successfully injected Casper client-side utilities
?[36m[info]?[0m [phantom] Step _step 8/15 https://www.spidasoftware.com/projectmanager/dashboard/index (HTTP 200)
?[36m[info]?[0m [phantom] Step _step 8/15: done in 8611ms.
?[36m[info]?[0m [phantom] waitFor() finished in 41ms.
Requested Url: https://www.spidasoftware.com/projectmanager/assets/fullwidth-712c8be92ed2438fa54c602fa4ead9de.css
Requested Url: https://www.spidasoftware.com/projectmanager/assets/fullwidth-712c8be92ed2438fa54c602fa4ead9de.css
ATMOSPHERE CANCELLED
?[36m[info]?[0m [phantom] Step anonymous 9/16 https://www.spidasoftware.com/projectmanager/dashboard/index (HTTP 200)
Logged in as: DLC
?[36m[info]?[0m [phantom] Step anonymous 9/16: done in 8668ms.
?[32;1m[debug]?[0m [phantom] opening url: https://www.spidasoftware.com/projectmanager/flow/list, HTTP GET
ATMOSPHERE CANCELLED
?[32;1m[debug]?[0m [phantom] Navigation requested: url=https://www.spidasoftware.com/projectmanager/flow/list, type=Other, willNavigate=true, isMainFrame=true
?[33m[warning]?[0m [phantom] Loading resource failed with status=fail (HTTP 200): https://www.spidasoftware.com/projectmanager/flow/list
Requested Url: https://www.spidasoftware.com/projectmanager/flow/list
?[32;1m[debug]?[0m [phantom] url changed to "https://www.spidasoftware.com/projectmanager/flow/list"
Requested Url: https://www.spidasoftware.com/projectmanager/flow/list
Requested Url: https://www.spidasoftware.com/projectmanager/assets/toolbar-d096400c9b5f99e9d2a8ca75f9f09bf1.css
Requested Url: https://www.spidasoftware.com/projectmanager/assets/toolbar-d096400c9b5f99e9d2a8ca75f9f09bf1.css
Requested Url: https://www.spidasoftware.com/projectmanager/assets/fullwidth-712c8be92ed2438fa54c602fa4ead9de.css
Requested Url: https://www.spidasoftware.com/projectmanager/assets/fullwidth-712c8be92ed2438fa54c602fa4ead9de.css
Requested Url: https://www.spidasoftware.com/projectmanager/assets/pm-adcf40c25b31c001f8363843825c5028.css
Requested Url: https://www.spidasoftware.com/projectmanager/assets/pm-adcf40c25b31c001f8363843825c5028.css
Requested Url: https://www.spidasoftware.com/projectmanager/assets/admin-d2fddd00cdd8169f120bbf2621fff730.css
Requested Url: https://www.spidasoftware.com/projectmanager/assets/admin-d2fddd00cdd8169f120bbf2621fff730.css
Requested Url: https://www.spidasoftware.com/projectmanager/assets/fullwidth-712c8be92ed2438fa54c602fa4ead9de.css
Requested Url: https://www.spidasoftware.com/projectmanager/assets/fullwidth-712c8be92ed2438fa54c602fa4ead9de.css
ATMOSPHERE CANCELLED
ATMOSPHERE CANCELLED
?[32;1m[debug]?[0m [phantom] Successfully injected Casper client-side utilities
?[36m[info]?[0m [phantom] Step openFlowList 11/16 https://www.spidasoftware.com/projectmanager/flow/list (HTTP 200)
Navigating to Flow List
?[36m[info]?[0m [phantom] Step openFlowList 11/16: done in 9218ms.
Requested Url: https://www.spidasoftware.com/projectmanager/assets/16/plus-c3d7ac6de2f7bb771dd1561a04c9fc30.png
Requested Url: https://www.spidasoftware.com/projectmanager/assets/16/plus-c3d7ac6de2f7bb771dd1561a04c9fc30.png
Requested Url: https://www.spidasoftware.com/projectmanager/assets/default/sorted_asc-df23e44c4c4999383e95e9c8bf5da156.gif
Requested Url: https://www.spidasoftware.com/projectmanager/assets/default/sorted_asc-df23e44c4c4999383e95e9c8bf5da156.gif
?[36m[info]?[0m [phantom] Step _step 12/16 https://www.spidasoftware.com/projectmanager/flow/list (HTTP 200)
?[36m[info]?[0m [phantom] Step _step 12/16: done in 9232ms.
?[36m[info]?[0m [phantom] waitFor() finished in 42ms.
ATMOSPHERE CANCELLED
?[36m[info]?[0m [phantom] Step clickFlow 13/17 https://www.spidasoftware.com/projectmanager/flow/list (HTTP 200)
Currently at: https://www.spidasoftware.com/projectmanager/flow/list
?[32;1m[debug]?[0m [phantom] Mouse event 'mousedown' on selector: xpath selector: //a[text()="DLC Overhead"]
?[32;1m[debug]?[0m [phantom] Mouse event 'mouseup' on selector: xpath selector: //a[text()="DLC Overhead"]
?[32;1m[debug]?[0m [phantom] Mouse event 'click' on selector: xpath selector: //a[text()="DLC Overhead"]
?[32;1m[debug]?[0m [phantom] Navigation requested: url=https://www.spidasoftware.com/projectmanager/flow/edit/67902, type=LinkClicked, willNavigate=true, isMainFrame=true
ATMOSPHERE CANCELLED
?[36m[info]?[0m [phantom] Step clickFlow 13/17: done in 9305ms.
?[33m[warning]?[0m [phantom] Loading resource failed with status=fail (HTTP 200): https://www.spidasoftware.com/projectmanager/flow/edit/67902
Requested Url: https://www.spidasoftware.com/projectmanager/flow/edit/67902
?[32;1m[debug]?[0m [phantom] url changed to "https://www.spidasoftware.com/projectmanager/flow/edit/67902"
Requested Url: https://www.spidasoftware.com/projectmanager/flow/edit/67902
Requested Url: https://www.spidasoftware.com/projectmanager/assets/fullwidth-712c8be92ed2438fa54c602fa4ead9de.css
Requested Url: https://www.spidasoftware.com/projectmanager/assets/fullwidth-712c8be92ed2438fa54c602fa4ead9de.css
Requested Url: https://www.spidasoftware.com/projectmanager/assets/manifests/flow-head-db34cb9a3b5664d4e6849d969c2df599.js
Requested Url: https://www.spidasoftware.com/projectmanager/assets/manifests/flow-b89a5ec3639330a36d22d254f66d6096.css
Requested Url: https://www.spidasoftware.com/projectmanager/assets/manifests/flow-b89a5ec3639330a36d22d254f66d6096.css
Requested Url: https://www.spidasoftware.com/projectmanager/assets/manifests/flow-body-bad25f25c8303a2ef5f819e7f986267b.js
Requested Url: https://www.spidasoftware.com/projectmanager/assets/manifests/flow-head-db34cb9a3b5664d4e6849d969c2df599.js
script timed out
?[32;1m[debug]?[0m [phantom] Successfully injected Casper client-side utilities
?[36m[info]?[0m [phantom] Step _step 14/17 https://www.spidasoftware.com/projectmanager/flow/edit/67902 (HTTP 200)
?[36m[info]?[0m [phantom] Step _step 14/17: done in 10066ms.
Requested Url: https://www.spidasoftware.com/projectmanager/assets/manifests/flow-body-bad25f25c8303a2ef5f819e7f986267b.js
Requested Url: https://www.spidasoftware.com/projectmanager/assets/fullwidth-712c8be92ed2438fa54c602fa4ead9de.css
Requested Url: https://www.spidasoftware.com/projectmanager/assets/fullwidth-712c8be92ed2438fa54c602fa4ead9de.css
Requested Url: https://www.spidasoftware.com/projectmanager/images/100-90-5-monochrome.png
ATMOSPHERE CANCELLED
ATMOSPHERE CANCELLED
Requested Url: https://www.spidasoftware.com/projectmanager/images/100-90-5-monochrome.png
Requested Url: https://www.spidasoftware.com/projectmanager/flow/flowEdit?id=67902
Requested Url: https://www.spidasoftware.com/projectmanager/flow/flowEdit?id=67902
Requested Url: data:image/svg+xml;base64,PHN2ZyB4bWxucz0iaHR0cDovL3d3dy53My5vcmcvMjAwMC9zdmciIHZlcnNpb249IjEuMSIgeD0iMTJweCIgeT0iMHB4IiB3aWR0aD0iMjRweCIgaGVpZ2h0PSIzcHgiIHZpZXdCb3g9IjAgMCA2IDMiIGVuYWJsZS1iYWNrZ3JvdW5kPSJuZXcgMCAwIDYgMyIgeG1sOnNwYWNlPSJwcmVzZXJ2ZSI+PHBvbHlnb24gcG9pbnRzPSI1Ljk5MiwwIDIuOTkyLDMgLTAuMDA4LDAgIi8+PC9zdmc+
Requested Url: data:image/svg+xml;base64,PHN2ZyB4bWxucz0iaHR0cDovL3d3dy53My5vcmcvMjAwMC9zdmciIHZlcnNpb249IjEuMSIgeD0iMTJweCIgeT0iMHB4IiB3aWR0aD0iMjRweCIgaGVpZ2h0PSIzcHgiIHZpZXdCb3g9IjAgMCA2IDMiIGVuYWJsZS1iYWNrZ3JvdW5kPSJuZXcgMCAwIDYgMyIgeG1sOnNwYWNlPSJwcmVzZXJ2ZSI+PHBvbHlnb24gcG9pbnRzPSI1Ljk5MiwwIDIuOTkyLDMgLTAuMDA4LDAgIi8+PC9zdmc+
ATMOSPHERE CANCELLED
Requested Url: https://www.spidasoftware.com/projectmanager/flow/visualJson?id=67902
Requested Url: https://www.spidasoftware.com/projectmanager/flow/visualJson?id=67902
?[36m[info]?[0m [phantom] waitFor() finished in 1197ms.
?[36m[info]?[0m [phantom] Step getOrder 15/18 https://www.spidasoftware.com/projectmanager/flow/edit/67902 (HTTP 200)
?[36m[info]?[0m [phantom] Step getOrder 15/18: done in 11313ms.
?[36m[info]?[0m [phantom] Step _step 16/18 https://www.spidasoftware.com/projectmanager/flow/edit/67902 (HTTP 200)
?[36m[info]?[0m [phantom] Step _step 16/18: done in 11314ms.
Requested Url: https://www.spidasoftware.com/projectmanager/images/tools/delete.png
Requested Url: https://www.spidasoftware.com/projectmanager/images/tools/delete.png
Requested Url: https://www.spidasoftware.com/projectmanager/images/tools/add.png
Requested Url: https://www.spidasoftware.com/projectmanager/images/tools/add.png
Requested Url: https://www.spidasoftware.com/projectmanager/images/tools/edit.png
Requested Url: https://www.spidasoftware.com/projectmanager/images/tools/edit.png
Requested Url: https://www.spidasoftware.com/projectmanager/assets/jquery/chosen-sprite-25b9acb1b504c95c6b95c33986b7317e.png
Requested Url: https://www.spidasoftware.com/projectmanager/assets/jquery/chosen-sprite-25b9acb1b504c95c6b95c33986b7317e.png
?[36m[info]?[0m [phantom] wait() finished waiting for 2000ms.
Currently at: https://www.spidasoftware.com/projectmanager/flow/edit/67902
?[32;1m[debug]?[0m [phantom] Mouse event 'mousedown' on selector: #events_table>table>tbody>tr:nth-child(1)>td:nth-child(5)>a
?[32;1m[debug]?[0m [phantom] Mouse event 'mouseup' on selector: #events_table>table>tbody>tr:nth-child(1)>td:nth-child(5)>a
?[32;1m[debug]?[0m [phantom] Mouse event 'click' on selector: #events_table>table>tbody>tr:nth-child(1)>td:nth-child(5)>a
?[32;1m[debug]?[0m [phantom] Navigation requested: url=https://www.spidasoftware.com/projectmanager/flow/edit/67902#, type=LinkClicked, willNavigate=true, isMainFrame=true
?[32;1m[debug]?[0m [phantom] url changed to "https://www.spidasoftware.com/projectmanager/flow/edit/67902#"
?[36m[info]?[0m [phantom] Step _step 17/18 https://www.spidasoftware.com/projectmanager/flow/edit/67902# (HTTP 200)
?[36m[info]?[0m [phantom] Step _step 17/18: done in 13334ms.
Requested Url: https://www.spidasoftware.com/projectmanager/event/editEvent
Requested Url: https://www.spidasoftware.com/projectmanager/event/editEvent
Requested Url: https://www.spidasoftware.com/projectmanager/assets/16/no-d8558032ad0d69254d51fa76de993f0c.png
Requested Url: https://www.spidasoftware.com/projectmanager/assets/16/no-d8558032ad0d69254d51fa76de993f0c.png
?[36m[info]?[0m [phantom] waitFor() finished in 918ms.
?[36m[info]?[0m [phantom] Step clickActionTab 18/19 https://www.spidasoftware.com/projectmanager/flow/edit/67902# (HTTP 200)
?[32;1m[debug]?[0m [phantom] Mouse event 'mousedown' on selector: form>div>div>dl>dd:nth-child(2)>a
?[32;1m[debug]?[0m [phantom] Mouse event 'mouseup' on selector: form>div>div>dl>dd:nth-child(2)>a
?[32;1m[debug]?[0m [phantom] Mouse event 'click' on selector: form>div>div>dl>dd:nth-child(2)>a
?[36m[info]?[0m [phantom] Step clickActionTab 18/19: done in 14283ms.
?[36m[info]?[0m [phantom] Step _step 19/19 https://www.spidasoftware.com/projectmanager/flow/edit/67902# (HTTP 200)
?[36m[info]?[0m [phantom] Step _step 19/19: done in 14292ms.
?[36m[info]?[0m [phantom] waitFor() finished in 848ms.
?[36m[info]?[0m [phantom] Step chooseAnAction 20/20 https://www.spidasoftware.com/projectmanager/flow/edit/67902# (HTTP 200)
Capturing action: 45 Day TPA Construction Clock...
67931
Capturing action: Assign Tech...
67933
Capturing action: Assign Engineering...
67959
Capturing action: Estimate Process 14 Day Clock...
68106
Capturing action: Remove Time Markers...
68107
Capturing action: Assign Billing...
67928
Capturing action: Engineering Review 45 Day Clock...
68536
Capturing action: Generate Calc File...
68618
Capturing action: Pole Form...
69550
Capturing action: Assign TPA...
69553
Capturing action: Lock Project...
69561
Capturing action: Assign Construction...
69570
Capturing action: Pole Details Require Corrections Email...
70573
Capturing action: Assign Joint Use Clerk...
69551
Capturing action: Email: Review Complete...
70574
Capturing action: Email: Major Make Ready Required...
70575
Capturing action: Email: Minor Make Ready Required...
70576
Capturing action: Email: No Make Ready Work Required...
70577
Capturing action: Email: TPA Construction...
70578
Capturing action: Email: Construction Corrections Required...
70579
Capturing action: Pull Photos From Calc...
72680
?[36m[info]?[0m [phantom] Step chooseAnAction 20/20: done in 16014ms.
?[36m[info]?[0m [phantom] Step changeOnClickValue 21/62 https://www.spidasoftware.com/projectmanager/flow/edit/67902# (HTTP 200)
?[36m[info]?[0m [phantom] Step changeOnClickValue 21/62: done in 16017ms.
?[36m[info]?[0m [phantom] Step _step 22/62 https://www.spidasoftware.com/projectmanager/flow/edit/67902# (HTTP 200)
?[36m[info]?[0m [phantom] Step _step 22/62: done in 16036ms.
Requested Url: https://www.spidasoftware.com/projectmanager/action/editAction?id=67931
Requested Url: https://www.spidasoftware.com/projectmanager/action/editAction?id=67931
Requested Url: https://www.spidasoftware.com/projectmanager/assets/16/minus-7994d6aeef41ae69ed7c53869a22d015.png
Requested Url: https://www.spidasoftware.com/projectmanager/assets/16/minus-7994d6aeef41ae69ed7c53869a22d015.png
?[36m[info]?[0m [phantom] wait() finished waiting for 2000ms.
?[36m[info]?[0m [phantom] Step _step 23/63 https://www.spidasoftware.com/projectmanager/flow/edit/67902# (HTTP 200)
?[36m[info]?[0m [phantom] Step _step 23/63: done in 18047ms.
?[36m[info]?[0m [phantom] waitFor() finished in 41ms.
?[36m[info]?[0m [phantom] Step waitedForJavascript 24/64 https://www.spidasoftware.com/projectmanager/flow/edit/67902# (HTTP 200)
?[32;1m[debug]?[0m [phantom] Capturing page to /Users/zpeugh/code/min/scripts/flowdocument/pngs/45 Day TPA Construction Clock.png
?[36m[info]?[0m [phantom] Capture saved to /Users/zpeugh/code/min/scripts/flowdocument/pngs/45 Day TPA Construction Clock.png
Captured action: 45 Day TPA Construction Clock
?[36m[info]?[0m [phantom] Step waitedForJavascript 24/64: done in 18563ms.
?[36m[info]?[0m [phantom] Step changeOnClickValue 25/64 https://www.spidasoftware.com/projectmanager/flow/edit/67902# (HTTP 200)
?[36m[info]?[0m [phantom] Step changeOnClickValue 25/64: done in 18649ms.
?[36m[info]?[0m [phantom] Step _step 26/64 https://www.spidasoftware.com/projectmanager/flow/edit/67902# (HTTP 200)
?[36m[info]?[0m [phantom] Step _step 26/64: done in 18679ms.
Requested Url: https://www.spidasoftware.com/projectmanager/action/editAction?id=67933
Requested Url: https://www.spidasoftware.com/projectmanager/action/editAction?id=67933
?[36m[info]?[0m [phantom] wait() finished waiting for 2000ms.
?[36m[info]?[0m [phantom] Step _step 27/65 https://www.spidasoftware.com/projectmanager/flow/edit/67902# (HTTP 200)
?[36m[info]?[0m [phantom] Step _step 27/65: done in 20683ms.
?[36m[info]?[0m [phantom] waitFor() finished in 40ms.
?[36m[info]?[0m [phantom] Step waitedForJavascript 28/66 https://www.spidasoftware.com/projectmanager/flow/edit/67902# (HTTP 200)
?[32;1m[debug]?[0m [phantom] Capturing page to /Users/zpeugh/code/min/scripts/flowdocument/pngs/Assign Tech.png
?[36m[info]?[0m [phantom] Capture saved to /Users/zpeugh/code/min/scripts/flowdocument/pngs/Assign Tech.png
Captured action: Assign Tech
?[36m[info]?[0m [phantom] Step waitedForJavascript 28/66: done in 21162ms.
?[36m[info]?[0m [phantom] Step changeOnClickValue 29/66 https://www.spidasoftware.com/projectmanager/flow/edit/67902# (HTTP 200)
?[36m[info]?[0m [phantom] Step changeOnClickValue 29/66: done in 21164ms.
?[36m[info]?[0m [phantom] Step _step 30/66 https://www.spidasoftware.com/projectmanager/flow/edit/67902# (HTTP 200)
?[36m[info]?[0m [phantom] Step _step 30/66: done in 21238ms.
Requested Url: https://www.spidasoftware.com/projectmanager/action/editAction?id=67959
Requested Url: https://www.spidasoftware.com/projectmanager/action/editAction?id=67959
?[36m[info]?[0m [phantom] wait() finished waiting for 2000ms.
?[36m[info]?[0m [phantom] Step _step 31/67 https://www.spidasoftware.com/projectmanager/flow/edit/67902# (HTTP 200)
?[36m[info]?[0m [phantom] Step _step 31/67: done in 23250ms.
?[36m[info]?[0m [phantom] waitFor() finished in 40ms.
?[36m[info]?[0m [phantom] Step waitedForJavascript 32/68 https://www.spidasoftware.com/projectmanager/flow/edit/67902# (HTTP 200)
?[32;1m[debug]?[0m [phantom] Capturing page to /Users/zpeugh/code/min/scripts/flowdocument/pngs/Assign Engineering.png
?[36m[info]?[0m [phantom] Capture saved to /Users/zpeugh/code/min/scripts/flowdocument/pngs/Assign Engineering.png
Captured action: Assign Engineering
?[36m[info]?[0m [phantom] Step waitedForJavascript 32/68: done in 23747ms.
?[36m[info]?[0m [phantom] Step changeOnClickValue 33/68 https://www.spidasoftware.com/projectmanager/flow/edit/67902# (HTTP 200)
?[36m[info]?[0m [phantom] Step changeOnClickValue 33/68: done in 23750ms.
?[36m[info]?[0m [phantom] Step _step 34/68 https://www.spidasoftware.com/projectmanager/flow/edit/67902# (HTTP 200)
?[36m[info]?[0m [phantom] Step _step 34/68: done in 23847ms.
Requested Url: https://www.spidasoftware.com/projectmanager/action/editAction?id=68106
Requested Url: https://www.spidasoftware.com/projectmanager/action/editAction?id=68106
?[36m[info]?[0m [phantom] wait() finished waiting for 2000ms.
?[36m[info]?[0m [phantom] Step _step 35/69 https://www.spidasoftware.com/projectmanager/flow/edit/67902# (HTTP 200)
?[36m[info]?[0m [phantom] Step _step 35/69: done in 25868ms.
?[36m[info]?[0m [phantom] waitFor() finished in 41ms.
?[36m[info]?[0m [phantom] Step waitedForJavascript 36/70 https://www.spidasoftware.com/projectmanager/flow/edit/67902# (HTTP 200)
?[32;1m[debug]?[0m [phantom] Capturing page to /Users/zpeugh/code/min/scripts/flowdocument/pngs/Estimate Process 14 Day Clock.png
?[36m[info]?[0m [phantom] Capture saved to /Users/zpeugh/code/min/scripts/flowdocument/pngs/Estimate Process 14 Day Clock.png
Captured action: Estimate Process 14 Day Clock
?[36m[info]?[0m [phantom] Step waitedForJavascript 36/70: done in 26346ms.
?[36m[info]?[0m [phantom] Step changeOnClickValue 37/70 https://www.spidasoftware.com/projectmanager/flow/edit/67902# (HTTP 200)
?[36m[info]?[0m [phantom] Step changeOnClickValue 37/70: done in 26348ms.
?[36m[info]?[0m [phantom] Step _step 38/70 https://www.spidasoftware.com/projectmanager/flow/edit/67902# (HTTP 200)
?[36m[info]?[0m [phantom] Step _step 38/70: done in 26429ms.
Requested Url: https://www.spidasoftware.com/projectmanager/action/editAction?id=68107
Requested Url: https://www.spidasoftware.com/projectmanager/action/editAction?id=68107
?[36m[info]?[0m [phantom] wait() finished waiting for 2000ms.
?[36m[info]?[0m [phantom] Step _step 39/71 https://www.spidasoftware.com/projectmanager/flow/edit/67902# (HTTP 200)
?[36m[info]?[0m [phantom] Step _step 39/71: done in 28439ms.
?[36m[info]?[0m [phantom] waitFor() finished in 40ms.
?[36m[info]?[0m [phantom] Step waitedForJavascript 40/72 https://www.spidasoftware.com/projectmanager/flow/edit/67902# (HTTP 200)
?[32;1m[debug]?[0m [phantom] Capturing page to /Users/zpeugh/code/min/scripts/flowdocument/pngs/Remove Time Markers.png
?[36m[info]?[0m [phantom] Capture saved to /Users/zpeugh/code/min/scripts/flowdocument/pngs/Remove Time Markers.png
Captured action: Remove Time Markers
?[36m[info]?[0m [phantom] Step waitedForJavascript 40/72: done in 28855ms.
?[36m[info]?[0m [phantom] Step changeOnClickValue 41/72 https://www.spidasoftware.com/projectmanager/flow/edit/67902# (HTTP 200)
?[36m[info]?[0m [phantom] Step changeOnClickValue 41/72: done in 28857ms.
?[36m[info]?[0m [phantom] Step _step 42/72 https://www.spidasoftware.com/projectmanager/flow/edit/67902# (HTTP 200)
?[36m[info]?[0m [phantom] Step _step 42/72: done in 28936ms.
Requested Url: https://www.spidasoftware.com/projectmanager/action/editAction?id=67928
Requested Url: https://www.spidasoftware.com/projectmanager/action/editAction?id=67928
?[36m[info]?[0m [phantom] wait() finished waiting for 2000ms.
?[36m[info]?[0m [phantom] Step _step 43/73 https://www.spidasoftware.com/projectmanager/flow/edit/67902# (HTTP 200)
?[36m[info]?[0m [phantom] Step _step 43/73: done in 30946ms.
?[36m[info]?[0m [phantom] waitFor() finished in 41ms.
?[36m[info]?[0m [phantom] Step waitedForJavascript 44/74 https://www.spidasoftware.com/projectmanager/flow/edit/67902# (HTTP 200)
?[32;1m[debug]?[0m [phantom] Capturing page to /Users/zpeugh/code/min/scripts/flowdocument/pngs/Assign Billing.png
?[36m[info]?[0m [phantom] Capture saved to /Users/zpeugh/code/min/scripts/flowdocument/pngs/Assign Billing.png
Captured action: Assign Billing
?[36m[info]?[0m [phantom] Step waitedForJavascript 44/74: done in 31335ms.
?[36m[info]?[0m [phantom] Step changeOnClickValue 45/74 https://www.spidasoftware.com/projectmanager/flow/edit/67902# (HTTP 200)
?[36m[info]?[0m [phantom] Step changeOnClickValue 45/74: done in 31337ms.
?[36m[info]?[0m [phantom] Step _step 46/74 https://www.spidasoftware.com/projectmanager/flow/edit/67902# (HTTP 200)
?[36m[info]?[0m [phantom] Step _step 46/74: done in 31413ms.
Requested Url: https://www.spidasoftware.com/projectmanager/action/editAction?id=68536
Requested Url: https://www.spidasoftware.com/projectmanager/action/editAction?id=68536
?[36m[info]?[0m [phantom] wait() finished waiting for 2000ms.
?[36m[info]?[0m [phantom] Step _step 47/75 https://www.spidasoftware.com/projectmanager/flow/edit/67902# (HTTP 200)
?[36m[info]?[0m [phantom] Step _step 47/75: done in 33435ms.
?[36m[info]?[0m [phantom] waitFor() finished in 40ms.
?[36m[info]?[0m [phantom] Step waitedForJavascript 48/76 https://www.spidasoftware.com/projectmanager/flow/edit/67902# (HTTP 200)
?[32;1m[debug]?[0m [phantom] Capturing page to /Users/zpeugh/code/min/scripts/flowdocument/pngs/Engineering Review 45 Day Clock.png
?[36m[info]?[0m [phantom] Capture saved to /Users/zpeugh/code/min/scripts/flowdocument/pngs/Engineering Review 45 Day Clock.png
Captured action: Engineering Review 45 Day Clock
?[36m[info]?[0m [phantom] Step waitedForJavascript 48/76: done in 33855ms.
?[36m[info]?[0m [phantom] Step changeOnClickValue 49/76 https://www.spidasoftware.com/projectmanager/flow/edit/67902# (HTTP 200)
?[36m[info]?[0m [phantom] Step changeOnClickValue 49/76: done in 33858ms.
?[36m[info]?[0m [phantom] Step _step 50/76 https://www.spidasoftware.com/projectmanager/flow/edit/67902# (HTTP 200)
?[36m[info]?[0m [phantom] Step _step 50/76: done in 33960ms.
Requested Url: https://www.spidasoftware.com/projectmanager/action/editAction?id=68618
Requested Url: https://www.spidasoftware.com/projectmanager/action/editAction?id=68618
?[36m[info]?[0m [phantom] wait() finished waiting for 2000ms.
?[36m[info]?[0m [phantom] Step _step 51/77 https://www.spidasoftware.com/projectmanager/flow/edit/67902# (HTTP 200)
?[36m[info]?[0m [phantom] Step _step 51/77: done in 35979ms.
?[36m[info]?[0m [phantom] waitFor() finished in 40ms.
?[36m[info]?[0m [phantom] Step waitedForJavascript 52/78 https://www.spidasoftware.com/projectmanager/flow/edit/67902# (HTTP 200)
?[32;1m[debug]?[0m [phantom] Capturing page to /Users/zpeugh/code/min/scripts/flowdocument/pngs/Generate Calc File.png
?[36m[info]?[0m [phantom] Capture saved to /Users/zpeugh/code/min/scripts/flowdocument/pngs/Generate Calc File.png
Captured action: Generate Calc File
?[36m[info]?[0m [phantom] Step waitedForJavascript 52/78: done in 36408ms.
?[36m[info]?[0m [phantom] Step changeOnClickValue 53/78 https://www.spidasoftware.com/projectmanager/flow/edit/67902# (HTTP 200)
?[36m[info]?[0m [phantom] Step changeOnClickValue 53/78: done in 36410ms.
?[36m[info]?[0m [phantom] Step _step 54/78 https://www.spidasoftware.com/projectmanager/flow/edit/67902# (HTTP 200)
?[36m[info]?[0m [phantom] Step _step 54/78: done in 36486ms.
Requested Url: https://www.spidasoftware.com/projectmanager/action/editAction?id=69550
Requested Url: https://www.spidasoftware.com/projectmanager/action/editAction?id=69550
?[36m[info]?[0m [phantom] wait() finished waiting for 2000ms.
?[36m[info]?[0m [phantom] Step _step 55/79 https://www.spidasoftware.com/projectmanager/flow/edit/67902# (HTTP 200)
?[36m[info]?[0m [phantom] Step _step 55/79: done in 38498ms.
?[36m[info]?[0m [phantom] waitFor() finished in 40ms.
?[36m[info]?[0m [phantom] Step waitedForJavascript 56/80 https://www.spidasoftware.com/projectmanager/flow/edit/67902# (HTTP 200)
?[32;1m[debug]?[0m [phantom] Capturing page to /Users/zpeugh/code/min/scripts/flowdocument/pngs/Pole Form.png
?[36m[info]?[0m [phantom] Capture saved to /Users/zpeugh/code/min/scripts/flowdocument/pngs/Pole Form.png
Captured action: Pole Form
?[36m[info]?[0m [phantom] Step waitedForJavascript 56/80: done in 38954ms.
?[36m[info]?[0m [phantom] Step changeOnClickValue 57/80 https://www.spidasoftware.com/projectmanager/flow/edit/67902# (HTTP 200)
?[36m[info]?[0m [phantom] Step changeOnClickValue 57/80: done in 38957ms.
?[36m[info]?[0m [phantom] Step _step 58/80 https://www.spidasoftware.com/projectmanager/flow/edit/67902# (HTTP 200)
?[36m[info]?[0m [phantom] Step _step 58/80: done in 39037ms.
Requested Url: https://www.spidasoftware.com/projectmanager/action/editAction?id=69553
Requested Url: https://www.spidasoftware.com/projectmanager/action/editAction?id=69553
?[36m[info]?[0m [phantom] wait() finished waiting for 2000ms.
?[36m[info]?[0m [phantom] Step _step 59/81 https://www.spidasoftware.com/projectmanager/flow/edit/67902# (HTTP 200)
?[36m[info]?[0m [phantom] Step _step 59/81: done in 41057ms.
ATMOSPHERE CANCELLED
?[36m[info]?[0m [phantom] waitFor() finished in 41ms.
?[36m[info]?[0m [phantom] Step waitedForJavascript 60/82 https://www.spidasoftware.com/projectmanager/flow/edit/67902# (HTTP 200)
?[32;1m[debug]?[0m [phantom] Capturing page to /Users/zpeugh/code/min/scripts/flowdocument/pngs/Assign TPA.png
?[36m[info]?[0m [phantom] Capture saved to /Users/zpeugh/code/min/scripts/flowdocument/pngs/Assign TPA.png
Captured action: Assign TPA
?[36m[info]?[0m [phantom] Step waitedForJavascript 60/82: done in 41438ms.
ATMOSPHERE CANCELLED
?[36m[info]?[0m [phantom] Step changeOnClickValue 61/82 https://www.spidasoftware.com/projectmanager/flow/edit/67902# (HTTP 200)
?[36m[info]?[0m [phantom] Step changeOnClickValue 61/82: done in 41441ms.
?[36m[info]?[0m [phantom] Step _step 62/82 https://www.spidasoftware.com/projectmanager/flow/edit/67902# (HTTP 200)
?[36m[info]?[0m [phantom] Step _step 62/82: done in 41517ms.
Requested Url: https://www.spidasoftware.com/projectmanager/action/editAction?id=69561
Requested Url: https://www.spidasoftware.com/projectmanager/action/editAction?id=69561
?[36m[info]?[0m [phantom] wait() finished waiting for 2000ms.
?[36m[info]?[0m [phantom] Step _step 63/83 https://www.spidasoftware.com/projectmanager/flow/edit/67902# (HTTP 200)
?[36m[info]?[0m [phantom] Step _step 63/83: done in 43534ms.
?[36m[info]?[0m [phantom] waitFor() finished in 42ms.
?[36m[info]?[0m [phantom] Step waitedForJavascript 64/84 https://www.spidasoftware.com/projectmanager/flow/edit/67902# (HTTP 200)
?[32;1m[debug]?[0m [phantom] Capturing page to /Users/zpeugh/code/min/scripts/flowdocument/pngs/Lock Project.png
?[36m[info]?[0m [phantom] Capture saved to /Users/zpeugh/code/min/scripts/flowdocument/pngs/Lock Project.png
Captured action: Lock Project
?[36m[info]?[0m [phantom] Step waitedForJavascript 64/84: done in 43914ms.
?[36m[info]?[0m [phantom] Step changeOnClickValue 65/84 https://www.spidasoftware.com/projectmanager/flow/edit/67902# (HTTP 200)
?[36m[info]?[0m [phantom] Step changeOnClickValue 65/84: done in 43917ms.
?[36m[info]?[0m [phantom] Step _step 66/84 https://www.spidasoftware.com/projectmanager/flow/edit/67902# (HTTP 200)
?[36m[info]?[0m [phantom] Step _step 66/84: done in 43994ms.
Requested Url: https://www.spidasoftware.com/projectmanager/action/editAction?id=69570
Requested Url: https://www.spidasoftware.com/projectmanager/action/editAction?id=69570
?[36m[info]?[0m [phantom] wait() finished waiting for 2000ms.
?[36m[info]?[0m [phantom] Step _step 67/85 https://www.spidasoftware.com/projectmanager/flow/edit/67902# (HTTP 200)
?[36m[info]?[0m [phantom] Step _step 67/85: done in 46004ms.
?[36m[info]?[0m [phantom] waitFor() finished in 41ms.
?[36m[info]?[0m [phantom] Step waitedForJavascript 68/86 https://www.spidasoftware.com/projectmanager/flow/edit/67902# (HTTP 200)
?[32;1m[debug]?[0m [phantom] Capturing page to /Users/zpeugh/code/min/scripts/flowdocument/pngs/Assign Construction.png
?[36m[info]?[0m [phantom] Capture saved to /Users/zpeugh/code/min/scripts/flowdocument/pngs/Assign Construction.png
Captured action: Assign Construction
?[36m[info]?[0m [phantom] Step waitedForJavascript 68/86: done in 46419ms.
?[36m[info]?[0m [phantom] Step changeOnClickValue 69/86 https://www.spidasoftware.com/projectmanager/flow/edit/67902# (HTTP 200)
?[36m[info]?[0m [phantom] Step changeOnClickValue 69/86: done in 46421ms.
?[36m[info]?[0m [phantom] Step _step 70/86 https://www.spidasoftware.com/projectmanager/flow/edit/67902# (HTTP 200)
?[36m[info]?[0m [phantom] Step _step 70/86: done in 46494ms.
Requested Url: https://www.spidasoftware.com/projectmanager/action/editAction?id=70573
Requested Url: https://www.spidasoftware.com/projectmanager/action/editAction?id=70573
?[36m[info]?[0m [phantom] wait() finished waiting for 2000ms.
?[36m[info]?[0m [phantom] Step _step 71/87 https://www.spidasoftware.com/projectmanager/flow/edit/67902# (HTTP 200)
?[36m[info]?[0m [phantom] Step _step 71/87: done in 48512ms.
?[36m[info]?[0m [phantom] waitFor() finished in 40ms.
?[36m[info]?[0m [phantom] Step waitedForJavascript 72/88 https://www.spidasoftware.com/projectmanager/flow/edit/67902# (HTTP 200)
?[32;1m[debug]?[0m [phantom] Capturing page to /Users/zpeugh/code/min/scripts/flowdocument/pngs/Pole Details Require Corrections Email.png
?[36m[info]?[0m [phantom] Capture saved to /Users/zpeugh/code/min/scripts/flowdocument/pngs/Pole Details Require Corrections Email.png
Captured action: Pole Details Require Corrections Email
?[36m[info]?[0m [phantom] Step waitedForJavascript 72/88: done in 48899ms.
?[36m[info]?[0m [phantom] Step changeOnClickValue 73/88 https://www.spidasoftware.com/projectmanager/flow/edit/67902# (HTTP 200)
?[36m[info]?[0m [phantom] Step changeOnClickValue 73/88: done in 48901ms.
?[36m[info]?[0m [phantom] Step _step 74/88 https://www.spidasoftware.com/projectmanager/flow/edit/67902# (HTTP 200)
?[36m[info]?[0m [phantom] Step _step 74/88: done in 48976ms.
Requested Url: https://www.spidasoftware.com/projectmanager/action/editAction?id=69551
Requested Url: https://www.spidasoftware.com/projectmanager/action/editAction?id=69551
?[36m[info]?[0m [phantom] wait() finished waiting for 2000ms.
?[36m[info]?[0m [phantom] Step _step 75/89 https://www.spidasoftware.com/projectmanager/flow/edit/67902# (HTTP 200)
?[36m[info]?[0m [phantom] Step _step 75/89: done in 50998ms.
?[36m[info]?[0m [phantom] waitFor() finished in 41ms.
?[36m[info]?[0m [phantom] Step waitedForJavascript 76/90 https://www.spidasoftware.com/projectmanager/flow/edit/67902# (HTTP 200)
?[32;1m[debug]?[0m [phantom] Capturing page to /Users/zpeugh/code/min/scripts/flowdocument/pngs/Assign Joint Use Clerk.png
?[36m[info]?[0m [phantom] Capture saved to /Users/zpeugh/code/min/scripts/flowdocument/pngs/Assign Joint Use Clerk.png
Captured action: Assign Joint Use Clerk
?[36m[info]?[0m [phantom] Step waitedForJavascript 76/90: done in 51446ms.
?[36m[info]?[0m [phantom] Step changeOnClickValue 77/90 https://www.spidasoftware.com/projectmanager/flow/edit/67902# (HTTP 200)
?[36m[info]?[0m [phantom] Step changeOnClickValue 77/90: done in 51448ms.
?[36m[info]?[0m [phantom] Step _step 78/90 https://www.spidasoftware.com/projectmanager/flow/edit/67902# (HTTP 200)
?[36m[info]?[0m [phantom] Step _step 78/90: done in 51524ms.
Requested Url: https://www.spidasoftware.com/projectmanager/action/editAction?id=70574
Requested Url: https://www.spidasoftware.com/projectmanager/action/editAction?id=70574
?[36m[info]?[0m [phantom] wait() finished waiting for 2000ms.
?[36m[info]?[0m [phantom] Step _step 79/91 https://www.spidasoftware.com/projectmanager/flow/edit/67902# (HTTP 200)
?[36m[info]?[0m [phantom] Step _step 79/91: done in 53544ms.
?[36m[info]?[0m [phantom] waitFor() finished in 40ms.
?[36m[info]?[0m [phantom] Step waitedForJavascript 80/92 https://www.spidasoftware.com/projectmanager/flow/edit/67902# (HTTP 200)
?[32;1m[debug]?[0m [phantom] Capturing page to /Users/zpeugh/code/min/scripts/flowdocument/pngs/Email: Review Complete.png
?[36m[info]?[0m [phantom] Capture saved to /Users/zpeugh/code/min/scripts/flowdocument/pngs/Email: Review Complete.png
Captured action: Email: Review Complete
?[36m[info]?[0m [phantom] Step waitedForJavascript 80/92: done in 53944ms.
?[36m[info]?[0m [phantom] Step changeOnClickValue 81/92 https://www.spidasoftware.com/projectmanager/flow/edit/67902# (HTTP 200)
?[36m[info]?[0m [phantom] Step changeOnClickValue 81/92: done in 53946ms.
?[36m[info]?[0m [phantom] Step _step 82/92 https://www.spidasoftware.com/projectmanager/flow/edit/67902# (HTTP 200)
?[36m[info]?[0m [phantom] Step _step 82/92: done in 54022ms.
Requested Url: https://www.spidasoftware.com/projectmanager/action/editAction?id=70575
Requested Url: https://www.spidasoftware.com/projectmanager/action/editAction?id=70575
?[36m[info]?[0m [phantom] wait() finished waiting for 2000ms.
?[36m[info]?[0m [phantom] Step _step 83/93 https://www.spidasoftware.com/projectmanager/flow/edit/67902# (HTTP 200)
?[36m[info]?[0m [phantom] Step _step 83/93: done in 56025ms.
?[36m[info]?[0m [phantom] waitFor() finished in 42ms.
?[36m[info]?[0m [phantom] Step waitedForJavascript 84/94 https://www.spidasoftware.com/projectmanager/flow/edit/67902# (HTTP 200)
?[32;1m[debug]?[0m [phantom] Capturing page to /Users/zpeugh/code/min/scripts/flowdocument/pngs/Email: Major Make Ready Required.png
?[36m[info]?[0m [phantom] Capture saved to /Users/zpeugh/code/min/scripts/flowdocument/pngs/Email: Major Make Ready Required.png
Captured action: Email: Major Make Ready Required
?[36m[info]?[0m [phantom] Step waitedForJavascript 84/94: done in 56420ms.
?[36m[info]?[0m [phantom] Step changeOnClickValue 85/94 https://www.spidasoftware.com/projectmanager/flow/edit/67902# (HTTP 200)
?[36m[info]?[0m [phantom] Step changeOnClickValue 85/94: done in 56422ms.
?[36m[info]?[0m [phantom] Step _step 86/94 https://www.spidasoftware.com/projectmanager/flow/edit/67902# (HTTP 200)
?[36m[info]?[0m [phantom] Step _step 86/94: done in 56496ms.
Requested Url: https://www.spidasoftware.com/projectmanager/action/editAction?id=70576
Requested Url: https://www.spidasoftware.com/projectmanager/action/editAction?id=70576
?[36m[info]?[0m [phantom] wait() finished waiting for 2000ms.
?[36m[info]?[0m [phantom] Step _step 87/95 https://www.spidasoftware.com/projectmanager/flow/edit/67902# (HTTP 200)
?[36m[info]?[0m [phantom] Step _step 87/95: done in 58500ms.
?[36m[info]?[0m [phantom] waitFor() finished in 42ms.
?[36m[info]?[0m [phantom] Step waitedForJavascript 88/96 https://www.spidasoftware.com/projectmanager/flow/edit/67902# (HTTP 200)
?[32;1m[debug]?[0m [phantom] Capturing page to /Users/zpeugh/code/min/scripts/flowdocument/pngs/Email: Minor Make Ready Required.png
?[36m[info]?[0m [phantom] Capture saved to /Users/zpeugh/code/min/scripts/flowdocument/pngs/Email: Minor Make Ready Required.png
Captured action: Email: Minor Make Ready Required
?[36m[info]?[0m [phantom] Step waitedForJavascript 88/96: done in 58884ms.
?[36m[info]?[0m [phantom] Step changeOnClickValue 89/96 https://www.spidasoftware.com/projectmanager/flow/edit/67902# (HTTP 200)
?[36m[info]?[0m [phantom] Step changeOnClickValue 89/96: done in 58886ms.
?[36m[info]?[0m [phantom] Step _step 90/96 https://www.spidasoftware.com/projectmanager/flow/edit/67902# (HTTP 200)
?[36m[info]?[0m [phantom] Step _step 90/96: done in 58959ms.
Requested Url: https://www.spidasoftware.com/projectmanager/action/editAction?id=70577
Requested Url: https://www.spidasoftware.com/projectmanager/action/editAction?id=70577
?[36m[info]?[0m [phantom] wait() finished waiting for 2000ms.
?[36m[info]?[0m [phantom] Step _step 91/97 https://www.spidasoftware.com/projectmanager/flow/edit/67902# (HTTP 200)
?[36m[info]?[0m [phantom] Step _step 91/97: done in 60965ms.
?[36m[info]?[0m [phantom] waitFor() finished in 42ms.
?[36m[info]?[0m [phantom] Step waitedForJavascript 92/98 https://www.spidasoftware.com/projectmanager/flow/edit/67902# (HTTP 200)
?[32;1m[debug]?[0m [phantom] Capturing page to /Users/zpeugh/code/min/scripts/flowdocument/pngs/Email: No Make Ready Work Required.png
?[36m[info]?[0m [phantom] Capture saved to /Users/zpeugh/code/min/scripts/flowdocument/pngs/Email: No Make Ready Work Required.png
Captured action: Email: No Make Ready Work Required
?[36m[info]?[0m [phantom] Step waitedForJavascript 92/98: done in 61386ms.
?[36m[info]?[0m [phantom] Step changeOnClickValue 93/98 https://www.spidasoftware.com/projectmanager/flow/edit/67902# (HTTP 200)
?[36m[info]?[0m [phantom] Step changeOnClickValue 93/98: done in 61389ms.
?[36m[info]?[0m [phantom] Step _step 94/98 https://www.spidasoftware.com/projectmanager/flow/edit/67902# (HTTP 200)
?[36m[info]?[0m [phantom] Step _step 94/98: done in 61464ms.
Requested Url: https://www.spidasoftware.com/projectmanager/action/editAction?id=70578
Requested Url: https://www.spidasoftware.com/projectmanager/action/editAction?id=70578
?[36m[info]?[0m [phantom] wait() finished waiting for 2000ms.
?[36m[info]?[0m [phantom] Step _step 95/99 https://www.spidasoftware.com/projectmanager/flow/edit/67902# (HTTP 200)
?[36m[info]?[0m [phantom] Step _step 95/99: done in 63481ms.
?[36m[info]?[0m [phantom] waitFor() finished in 40ms.
?[36m[info]?[0m [phantom] Step waitedForJavascript 96/100 https://www.spidasoftware.com/projectmanager/flow/edit/67902# (HTTP 200)
?[32;1m[debug]?[0m [phantom] Capturing page to /Users/zpeugh/code/min/scripts/flowdocument/pngs/Email: TPA Construction.png
?[36m[info]?[0m [phantom] Capture saved to /Users/zpeugh/code/min/scripts/flowdocument/pngs/Email: TPA Construction.png
Captured action: Email: TPA Construction
?[36m[info]?[0m [phantom] Step waitedForJavascript 96/100: done in 63857ms.
?[36m[info]?[0m [phantom] Step changeOnClickValue 97/100 https://www.spidasoftware.com/projectmanager/flow/edit/67902# (HTTP 200)
?[36m[info]?[0m [phantom] Step changeOnClickValue 97/100: done in 63860ms.
?[36m[info]?[0m [phantom] Step _step 98/100 https://www.spidasoftware.com/projectmanager/flow/edit/67902# (HTTP 200)
?[36m[info]?[0m [phantom] Step _step 98/100: done in 63935ms.
Requested Url: https://www.spidasoftware.com/projectmanager/action/editAction?id=70579
Requested Url: https://www.spidasoftware.com/projectmanager/action/editAction?id=70579
?[36m[info]?[0m [phantom] wait() finished waiting for 2000ms.
?[36m[info]?[0m [phantom] Step _step 99/101 https://www.spidasoftware.com/projectmanager/flow/edit/67902# (HTTP 200)
?[36m[info]?[0m [phantom] Step _step 99/101: done in 65955ms.
?[36m[info]?[0m [phantom] waitFor() finished in 40ms.
?[36m[info]?[0m [phantom] Step waitedForJavascript 100/102 https://www.spidasoftware.com/projectmanager/flow/edit/67902# (HTTP 200)
?[32;1m[debug]?[0m [phantom] Capturing page to /Users/zpeugh/code/min/scripts/flowdocument/pngs/Email: Construction Corrections Required.png
?[36m[info]?[0m [phantom] Capture saved to /Users/zpeugh/code/min/scripts/flowdocument/pngs/Email: Construction Corrections Required.png
Captured action: Email: Construction Corrections Required
?[36m[info]?[0m [phantom] Step waitedForJavascript 100/102: done in 66392ms.
?[36m[info]?[0m [phantom] Step changeOnClickValue 101/102 https://www.spidasoftware.com/projectmanager/flow/edit/67902# (HTTP 200)
?[36m[info]?[0m [phantom] Step changeOnClickValue 101/102: done in 66394ms.
?[36m[info]?[0m [phantom] Step _step 102/102 https://www.spidasoftware.com/projectmanager/flow/edit/67902# (HTTP 200)
?[36m[info]?[0m [phantom] Step _step 102/102: done in 66467ms.
Requested Url: https://www.spidasoftware.com/projectmanager/action/editAction?id=72680
Requested Url: https://www.spidasoftware.com/projectmanager/action/editAction?id=72680
?[36m[info]?[0m [phantom] wait() finished waiting for 2000ms.
?[36m[info]?[0m [phantom] Step _step 103/103 https://www.spidasoftware.com/projectmanager/flow/edit/67902# (HTTP 200)
?[36m[info]?[0m [phantom] Step _step 103/103: done in 68476ms.
?[36m[info]?[0m [phantom] waitFor() finished in 40ms.
?[36m[info]?[0m [phantom] Step waitedForJavascript 104/104 https://www.spidasoftware.com/projectmanager/flow/edit/67902# (HTTP 200)
?[32;1m[debug]?[0m [phantom] Capturing page to /Users/zpeugh/code/min/scripts/flowdocument/pngs/Pull Photos From Calc.png
?[36m[info]?[0m [phantom] Capture saved to /Users/zpeugh/code/min/scripts/flowdocument/pngs/Pull Photos From Calc.png
Captured action: Pull Photos From Calc
?[36m[info]?[0m [phantom] Step waitedForJavascript 104/104: done in 68855ms.
?[36m[info]?[0m [phantom] Done 104 steps in 68856ms
args: Assign~Construction Pull~Photos~From~Calc Remove~Time~Markers Generate~Calc~File Estimate~Process~14~Day~Clock Pole~Details~Require~Corrections~Email Email:~Major~Make~Ready~Required Assign~Joint~Use~Clerk Email:~Review~Complete Pole~Form Assign~TPA Email:~No~Make~Ready~Work~Required Email:~Minor~Make~Ready~Required Email:~Construction~Corrections~Required Email:~TPA~Construction Assign~Engineering Lock~Project Assign~Billing Engineering~Review~45~Day~Clock 45~Day~TPA~Construction~Clock Assign~Tech
Actions to capture: 
0: Assign Construction
1: Pull Photos From Calc
2: Remove Time Markers
3: Generate Calc File
4: Estimate Process 14 Day Clock
5: Pole Details Require Corrections Email
6: Email: Major Make Ready Required
7: Assign Joint Use Clerk
8: Email: Review Complete
9: Pole Form
10: Assign TPA
11: Email: No Make Ready Work Required
12: Email: Minor Make Ready Required
13: Email: Construction Corrections Required
14: Email: TPA Construction
15: Assign Engineering
16: Lock Project
17: Assign Billing
18: Engineering Review 45 Day Clock
19: 45 Day TPA Construction Clock
20: Assign Tech
script timed out
All actions: [Assign Construction, Pull Photos From Calc, Remove Time Markers, Generate Calc File, Estimate Process 14 Day Clock, Pole Details Require Corrections Email, Email: Major Make Ready Required, Assign Joint Use Clerk, Email: Review Complete, Pole Form, Assign TPA, Email: No Make Ready Work Required, Email: Minor Make Ready Required, Email: Construction Corrections Required, Email: TPA Construction, Assign Engineering, Lock Project, Assign Billing, Engineering Review 45 Day Clock, 45 Day TPA Construction Clock, Assign Tech]
Missed actions: null
Forms to capture: 
1: Pole Profile
2: Joint Use Info
3: Review Checklist
Logged in as: ACME Power Co.
script timed out
Navigating to Flow Form List
Currently at: https://www.spidasoftware.com/projectmanager/formTemplate/list
Stored screenshot of form: Joint Use Info
Stored screenshot of form: Pole Profile
Stored screenshot of form: Review Checklist
Forms to generate: 
0: Pole Profile
1: Joint Use Info
2: Review Checklist
All forms: [Pole Profile, Joint Use Info, Review Checklist]
Missed Forms: null
company name: ACME Power Co.
flow Name: Joint Use Workflow
2: Resume 45 Day Clock
3: 60 Days Complete ACME MR
4: Pause 45 Day Clock
5: Email Assignee, Canceled Project
6: Unlock Project
7: Email Customer: Editing Instructions
8: Email Customer (Proceed to Attach)
9: Email Assignee, Verify Exhibit Signed
10: Assign Licensee
11: 14 Days, Notify Customer of Actual Cost
12: Remove Time Markers
13: Lic. 14 Days to Respond
14: CompletePoleFormEmail
15: Email Customer: Application Instructions
16: Assign Customer
17: Email Managers, Canceled Project
18: Review Actual Cost
19: StationFormAction
20: Corrections Required Email
21: Email Customer: Editing Projects
22: Assign ACME JU Admin
23: Pole Count Locked
24: 14 Days to Respond
25: 90 Day Clock
26: Email Customer: Complete New Forms
27: Assign Joint Use Manager as Manager
28: 45 Day Clock
29: Email Licensee Begin Construction
30: Generate Calc File
31: Email Customer: Review Make Ready
32: Email Customer (No Make Ready Reqd)
33: Remove Clock
34: PNM Assignee Other Attachers
35: Email Lic Canceled
36: AssignAssigneeFromForm
37: Corrections Req'd Email
38: 30 Days to Correct Installation
39: 14 Day Clock for Lic to Accept Actual Cost
40: Email Licensee: Project Editing
?[36m[info]?[0m [phantom] Starting...
?[36m[info]?[0m [phantom] Execution timeout set to 10000ms
?[36m[info]?[0m [phantom] Running suite: 13 steps
?[32;1m[debug]?[0m [phantom] opening url: https://www.spidasoftware.com/projectmanager/, HTTP GET
?[32;1m[debug]?[0m [phantom] Navigation requested: url=https://www.spidasoftware.com/projectmanager/, type=Other, willNavigate=true, isMainFrame=true
Requested Url: https://www.spidasoftware.com/projectmanager/
?[32;1m[debug]?[0m [phantom] Navigation requested: url=https://www.spidasoftware.com/cas/login?service=https://www.spidasoftware.com/projectmanager/j_spring_cas_security_check, type=Other, willNavigate=true, isMainFrame=true
Requested Url: https://www.spidasoftware.com/cas/login?service=https%3A%2F%2Fwww.spidasoftware.com%2Fprojectmanager%2Fj_spring_cas_security_check
?[32;1m[debug]?[0m [phantom] url changed to "https://www.spidasoftware.com/cas/login?service=https://www.spidasoftware.com/projectmanager/j_spring_cas_security_check"
Requested Url: https://www.spidasoftware.com/cas/login?service=https%3A%2F%2Fwww.spidasoftware.com%2Fprojectmanager%2Fj_spring_cas_security_check
Requested Url: https://www.spidasoftware.com/cas/css/cas.css;jsessionid=D3EB480DCC5E9DFEB86BADD556306FF3
Requested Url: https://www.spidasoftware.com/cas/css/cas.css;jsessionid=D3EB480DCC5E9DFEB86BADD556306FF3
Requested Url: https://www.spidasoftware.com/cas/css/spida.css
Requested Url: https://www.spidasoftware.com/cas/css/spida.css
Requested Url: https://www.spidasoftware.com/cas/js/cas.js;jsessionid=D3EB480DCC5E9DFEB86BADD556306FF3
Requested Url: https://www.spidasoftware.com/cas/js/cas.js;jsessionid=D3EB480DCC5E9DFEB86BADD556306FF3
Requested Url: https://www.spidasoftware.com/cas/images/deboss.png
Requested Url: https://www.spidasoftware.com/cas/images/deboss.png
Requested Url: https://www.spidasoftware.com/cas/js/jquery-1.9.0.min.js
Requested Url: https://www.spidasoftware.com/cas/js/jquery-1.9.0.min.js
Requested Url: https://www.spidasoftware.com/cas/images/key-point_tr.gif
Requested Url: https://www.spidasoftware.com/cas/images/key-point_tr.gif
Requested Url: https://www.spidasoftware.com/cas/images/key-point_tl.gif
Requested Url: https://www.spidasoftware.com/cas/images/key-point_tl.gif
Requested Url: https://www.spidasoftware.com/cas/images/key-point_bl.gif
Requested Url: https://www.spidasoftware.com/cas/images/key-point_bl.gif
Requested Url: https://www.spidasoftware.com/cas/images/spida-small.png
Requested Url: https://www.spidasoftware.com/cas/images/spida-small.png
Requested Url: https://www.spidasoftware.com/cas/images/ja-sig-logo.gif
Requested Url: https://www.spidasoftware.com/cas/images/ja-sig-logo.gif
Requested Url: https://www.spidasoftware.com/cas/images/key-point_br.gif
Requested Url: https://www.spidasoftware.com/cas/images/key-point_br.gif
Requested Url: https://ajax.googleapis.com/ajax/libs/jquery/1.4.2/jquery.min.js
Requested Url: https://ajax.googleapis.com/ajax/libs/jquery/1.4.2/jquery.min.js
Requested Url: https://ajax.googleapis.com/ajax/libs/jqueryui/1.8.5/jquery-ui.min.js
Requested Url: https://ajax.googleapis.com/ajax/libs/jqueryui/1.8.5/jquery-ui.min.js
?[32;1m[debug]?[0m [phantom] Successfully injected Casper client-side utilities
?[32;1m[debug]?[0m [phantom] start page is loaded
?[36m[info]?[0m [phantom] Step login 3/13 https://www.spidasoftware.com/cas/login?service=https://www.spidasoftware.com/projectmanager/j_spring_cas_security_check (HTTP 200)
?[36m[info]?[0m [remote] attempting to fetch form element from selector: 'form#fm1'
?[32;1m[debug]?[0m [remote] Set "username" field value to admin@spidasoftware.com
?[32;1m[debug]?[0m [remote] Set "password" field value to ***************
?[36m[info]?[0m [remote] submitting form to /cas/login;jsessionid=D3EB480DCC5E9DFEB86BADD556306FF3?service=https%3A%2F%2Fwww.spidasoftware.com%2Fprojectmanager%2Fj_spring_cas_security_check, HTTP POST
?[36m[info]?[0m [phantom] Step login 3/13: done in 2992ms.
?[32;1m[debug]?[0m [phantom] Navigation requested: url=https://www.spidasoftware.com/cas/login;jsessionid=D3EB480DCC5E9DFEB86BADD556306FF3?service=https://www.spidasoftware.com/projectmanager/j_spring_cas_security_check, type=FormSubmitted, willNavigate=true, isMainFrame=true
Requested Url: https://www.spidasoftware.com/cas/login;jsessionid=D3EB480DCC5E9DFEB86BADD556306FF3?service=https%3A%2F%2Fwww.spidasoftware.com%2Fprojectmanager%2Fj_spring_cas_security_check
?[32;1m[debug]?[0m [phantom] Navigation requested: url=https://www.spidasoftware.com/projectmanager/j_spring_cas_security_check?ticket=ST-166-sGbt1yhNqrJUhF4KVM04-www.spidasoftware.com, type=FormSubmitted, willNavigate=true, isMainFrame=true
Requested Url: https://www.spidasoftware.com/projectmanager/j_spring_cas_security_check?ticket=ST-166-sGbt1yhNqrJUhF4KVM04-www.spidasoftware.com
?[32;1m[debug]?[0m [phantom] Navigation requested: url=https://www.spidasoftware.com/projectmanager/, type=FormSubmitted, willNavigate=true, isMainFrame=true
Requested Url: https://www.spidasoftware.com/projectmanager/
?[32;1m[debug]?[0m [phantom] url changed to "https://www.spidasoftware.com/projectmanager/"
Requested Url: https://www.spidasoftware.com/projectmanager/
Requested Url: https://www.spidasoftware.com/projectmanager/assets/application-eb20b43cf60215725cfe9f3ee324ab29.css
Requested Url: https://www.spidasoftware.com/projectmanager/assets/application-eb20b43cf60215725cfe9f3ee324ab29.css
Requested Url: https://www.spidasoftware.com/projectmanager/assets/fullwidth-712c8be92ed2438fa54c602fa4ead9de.css
Requested Url: https://www.spidasoftware.com/projectmanager/assets/fullwidth-712c8be92ed2438fa54c602fa4ead9de.css
Requested Url: https://www.spidasoftware.com/projectmanager/assets/manifests/dashboard-ca798a2aa13668b62f4cfb792b5cb005.js
Requested Url: https://www.spidasoftware.com/projectmanager/assets/layout/bg-wrappage-4024e4b9b2f45c38e97593fdc99855fe.gif
Requested Url: https://www.spidasoftware.com/projectmanager/assets/layout/bg-wrappage-4024e4b9b2f45c38e97593fdc99855fe.gif
Requested Url: https://www.spidasoftware.com/projectmanager/assets/layout-740b63f13e950682666c41e738489382.js
Requested Url: https://www.spidasoftware.com/projectmanager/assets/manifests/dashboard-bb51ee3aaa45140c7b368ac1257e2bb6.css
Requested Url: https://www.spidasoftware.com/projectmanager/assets/manifests/dashboard-bb51ee3aaa45140c7b368ac1257e2bb6.css
Requested Url: https://www.spidasoftware.com/projectmanager/assets/layout-740b63f13e950682666c41e738489382.js
Requested Url: https://www.spidasoftware.com/projectmanager/assets/manifests/dashboard-ca798a2aa13668b62f4cfb792b5cb005.js
Requested Url: https://www.spidasoftware.com/projectmanager/assets/ajax-loader-22e80548042a44cb9c0e053d56e5256c.gif
Requested Url: https://www.spidasoftware.com/projectmanager/assets/ajax-loader-22e80548042a44cb9c0e053d56e5256c.gif
Requested Url: https://www.spidasoftware.com/projectmanager/assets/fullwidth-712c8be92ed2438fa54c602fa4ead9de.css
Requested Url: https://www.spidasoftware.com/projectmanager/assets/fullwidth-712c8be92ed2438fa54c602fa4ead9de.css
Requested Url: https://www.spidasoftware.com/projectmanager/assets/layout/header-spidamin-e40ce1bb4403d5c7db28e7855d5c74d0.gif
Requested Url: https://www.spidasoftware.com/projectmanager/assets/layout/header-spidamin-e40ce1bb4403d5c7db28e7855d5c74d0.gif
Requested Url: https://www.spidasoftware.com/projectmanager/assets/deboss-ed16c7a3699e4e401f23e3e7338d8546.png
Requested Url: https://www.spidasoftware.com/projectmanager/plugins/layout-3.7/images/16/user.png
Requested Url: https://www.spidasoftware.com/projectmanager/assets/deboss-ed16c7a3699e4e401f23e3e7338d8546.png
Requested Url: https://www.spidasoftware.com/projectmanager/plugins/layout-3.7/images/16/user.png
Requested Url: https://www.spidasoftware.com/projectmanager/plugins/layout-3.7/images/32/user.png
Requested Url: https://www.spidasoftware.com/projectmanager/plugins/layout-3.7/images/32/user.png
Requested Url: https://www.spidasoftware.com/projectmanager/plugins/layout-3.7/images/16/comment.png
Requested Url: https://www.spidasoftware.com/projectmanager/plugins/layout-3.7/images/16/comment.png
Requested Url: https://www.spidasoftware.com/projectmanager/plugins/layout-3.7/images/16/config.png
Requested Url: https://www.spidasoftware.com/projectmanager/plugins/layout-3.7/images/16/config.png
Requested Url: https://www.spidasoftware.com/projectmanager/assets/menu_indicator-06e43d6d3f303158042880db8bd88a00.png
Requested Url: https://www.spidasoftware.com/projectmanager/assets/menu_indicator-06e43d6d3f303158042880db8bd88a00.png
Requested Url: https://www.spidasoftware.com/projectmanager/plugins/layout-3.7/images/16/logout.png
Requested Url: https://www.spidasoftware.com/projectmanager/plugins/layout-3.7/images/16/logout.png
Requested Url: https://www.spidasoftware.com/projectmanager/assets/16/calendar-f8cd1aa487b98cf09ba57257d68f8ae5.png
Requested Url: https://www.spidasoftware.com/projectmanager/assets/16/calendar-f8cd1aa487b98cf09ba57257d68f8ae5.png
Requested Url: https://www.spidasoftware.com/projectmanager/assets/16/finished-work-ad9d9abd2436e0648067a59fb689efe0.png
Requested Url: https://www.spidasoftware.com/projectmanager/assets/16/finished-work-ad9d9abd2436e0648067a59fb689efe0.png
Requested Url: https://www.spidasoftware.com/projectmanager/assets/16/pie-0250125d48a626c8fc53759e9ab40021.png
Requested Url: https://www.spidasoftware.com/projectmanager/assets/16/pie-0250125d48a626c8fc53759e9ab40021.png
Requested Url: https://www.spidasoftware.com/projectmanager/assets/16/save-0eedd6a7239807cde0770a15dd42321b.png
Requested Url: https://www.spidasoftware.com/projectmanager/assets/16/save-0eedd6a7239807cde0770a15dd42321b.png
Requested Url: https://www.spidasoftware.com/projectmanager/assets/Sawasdee-Bold-e259f8084233a474a753b405642cbe67.ttf
Requested Url: https://www.spidasoftware.com/projectmanager/assets/16/statistics-5ac61cbdfeb3383fed3cad7f2ab9feaf.png
Requested Url: https://www.spidasoftware.com/projectmanager/assets/16/statistics-5ac61cbdfeb3383fed3cad7f2ab9feaf.png
ATMOSPHERE CANCELLED
ATMOSPHERE CANCELLED
?[32;1m[debug]?[0m [phantom] Successfully injected Casper client-side utilities
?[36m[info]?[0m [phantom] Step _step 4/13 https://www.spidasoftware.com/projectmanager/ (HTTP 200)
?[36m[info]?[0m [phantom] Step _step 4/13: done in 7061ms.
Requested Url: https://www.spidasoftware.com/projectmanager/assets/Sawasdee-24fcdb41df7fca27205cfb13df8a78aa.ttf
Requested Url: https://www.spidasoftware.com/projectmanager/assets/images/ui-bg_glass_75_e6e6e6_1x400-f4254356c2a8c9a383205ef2c4de22c4.png
Requested Url: https://www.spidasoftware.com/projectmanager/assets/images/ui-bg_glass_75_e6e6e6_1x400-f4254356c2a8c9a383205ef2c4de22c4.png
Requested Url: https://www.spidasoftware.com/projectmanager/assets/Sawasdee-Bold-e259f8084233a474a753b405642cbe67.ttf
Requested Url: https://www.spidasoftware.com/projectmanager/assets/images/ui-icons_888888_256x240-9c46d7cab43e22a14bad26d2d4806d80.png
Requested Url: https://www.spidasoftware.com/projectmanager/assets/images/ui-icons_888888_256x240-9c46d7cab43e22a14bad26d2d4806d80.png
Requested Url: https://www.spidasoftware.com/projectmanager/assets/images/ui-bg_flat_75_ffffff_40x100-8692e6efddf882acbff144c38ea7dfdf.png
Requested Url: https://www.spidasoftware.com/projectmanager/assets/images/ui-bg_flat_75_ffffff_40x100-8692e6efddf882acbff144c38ea7dfdf.png
Requested Url: https://www.spidasoftware.com/projectmanager/assets/images/ui-bg_glass_65_ffffff_1x400-e5a8f32e28fd5c27bf0fed33c8a8b9b5.png
Requested Url: https://www.spidasoftware.com/projectmanager/assets/images/ui-bg_glass_65_ffffff_1x400-e5a8f32e28fd5c27bf0fed33c8a8b9b5.png
Requested Url: https://www.spidasoftware.com/projectmanager/assets/images/ui-icons_222222_256x240-3f3acb42b0d2bfd5f39069b87803eebc.png
Requested Url: https://www.spidasoftware.com/projectmanager/assets/images/ui-icons_222222_256x240-3f3acb42b0d2bfd5f39069b87803eebc.png
ATMOSPHERE CANCELLED
Requested Url: https://www.spidasoftware.com/projectmanager/assets/Sawasdee-24fcdb41df7fca27205cfb13df8a78aa.ttf
?[36m[info]?[0m [phantom] waitFor() finished in 1388ms.
?[36m[info]?[0m [phantom] Step afterLogin 5/14 https://www.spidasoftware.com/projectmanager/ (HTTP 200)
Logged in successfully
?[36m[info]?[0m [phantom] Step afterLogin 5/14: done in 8472ms.
?[36m[info]?[0m [phantom] Step _step 6/14 https://www.spidasoftware.com/projectmanager/ (HTTP 200)
?[36m[info]?[0m [phantom] Step _step 6/14: done in 8495ms.
?[36m[info]?[0m [phantom] waitFor() finished in 44ms.
?[36m[info]?[0m [phantom] Step anonymous 7/15 https://www.spidasoftware.com/projectmanager/ (HTTP 200)
?[32;1m[debug]?[0m [phantom] Mouse event 'mousedown' on selector: xpath selector: //*[text()="ACME Power Co."]
?[32;1m[debug]?[0m [phantom] Mouse event 'mouseup' on selector: xpath selector: //*[text()="ACME Power Co."]
?[32;1m[debug]?[0m [phantom] Mouse event 'click' on selector: xpath selector: //*[text()="ACME Power Co."]
?[32;1m[debug]?[0m [phantom] Navigation requested: url=https://www.spidasoftware.com/projectmanager/#, type=LinkClicked, willNavigate=true, isMainFrame=true
?[32;1m[debug]?[0m [phantom] url changed to "https://www.spidasoftware.com/projectmanager/#"
?[36m[info]?[0m [phantom] Step anonymous 7/15: done in 8570ms.
?[32;1m[debug]?[0m [phantom] Navigation requested: url=https://www.spidasoftware.com/projectmanager/switchcompany, type=FormSubmitted, willNavigate=true, isMainFrame=true
ATMOSPHERE CANCELLED
?[33m[warning]?[0m [phantom] Loading resource failed with status=fail (HTTP 200): https://www.spidasoftware.com/projectmanager/switchcompany
Requested Url: https://www.spidasoftware.com/projectmanager/switchcompany
?[32;1m[debug]?[0m [phantom] Navigation requested: url=https://www.spidasoftware.com/projectmanager/dashboard/index, type=FormSubmitted, willNavigate=true, isMainFrame=true
script timed out
?[36m[info]?[0m [phantom] Step _step 8/15 https://www.spidasoftware.com/projectmanager/# (HTTP 302)
?[36m[info]?[0m [phantom] Step _step 8/15: done in 10018ms.
Requested Url: https://www.spidasoftware.com/projectmanager/dashboard/index
?[32;1m[debug]?[0m [phantom] url changed to "https://www.spidasoftware.com/projectmanager/dashboard/index"
Requested Url: https://www.spidasoftware.com/projectmanager/dashboard/index
?[32;1m[debug]?[0m [phantom] Successfully injected Casper client-side utilities
?[36m[info]?[0m [phantom] waitFor() finished in 932ms.
?[36m[info]?[0m [phantom] Step anonymous 9/16 https://www.spidasoftware.com/projectmanager/dashboard/index (HTTP 200)
Logged in as: ACME Power Co.
?[36m[info]?[0m [phantom] Step anonymous 9/16: done in 10972ms.
?[32;1m[debug]?[0m [phantom] opening url: https://www.spidasoftware.com/projectmanager/flow/list, HTTP GET
Requested Url: https://www.spidasoftware.com/projectmanager/assets/fullwidth-712c8be92ed2438fa54c602fa4ead9de.css
?[32;1m[debug]?[0m [phantom] Navigation requested: url=https://www.spidasoftware.com/projectmanager/flow/list, type=Other, willNavigate=true, isMainFrame=true
?[33m[warning]?[0m [phantom] Loading resource failed with status=fail (HTTP 200): https://www.spidasoftware.com/projectmanager/flow/list
Requested Url: https://www.spidasoftware.com/projectmanager/flow/list
?[32;1m[debug]?[0m [phantom] url changed to "https://www.spidasoftware.com/projectmanager/flow/list"
Requested Url: https://www.spidasoftware.com/projectmanager/flow/list
Requested Url: https://www.spidasoftware.com/projectmanager/assets/admin-d2fddd00cdd8169f120bbf2621fff730.css
Requested Url: https://www.spidasoftware.com/projectmanager/assets/admin-d2fddd00cdd8169f120bbf2621fff730.css
Requested Url: https://www.spidasoftware.com/projectmanager/assets/fullwidth-712c8be92ed2438fa54c602fa4ead9de.css
Requested Url: https://www.spidasoftware.com/projectmanager/assets/fullwidth-712c8be92ed2438fa54c602fa4ead9de.css
Requested Url: https://www.spidasoftware.com/projectmanager/assets/toolbar-d096400c9b5f99e9d2a8ca75f9f09bf1.css
Requested Url: https://www.spidasoftware.com/projectmanager/assets/toolbar-d096400c9b5f99e9d2a8ca75f9f09bf1.css
Requested Url: https://www.spidasoftware.com/projectmanager/assets/pm-adcf40c25b31c001f8363843825c5028.css
Requested Url: https://www.spidasoftware.com/projectmanager/assets/pm-adcf40c25b31c001f8363843825c5028.css
Requested Url: https://www.spidasoftware.com/projectmanager/assets/16/plus-c3d7ac6de2f7bb771dd1561a04c9fc30.png
Requested Url: https://www.spidasoftware.com/projectmanager/assets/16/plus-c3d7ac6de2f7bb771dd1561a04c9fc30.png
Requested Url: https://www.spidasoftware.com/projectmanager/assets/fullwidth-712c8be92ed2438fa54c602fa4ead9de.css
Requested Url: https://www.spidasoftware.com/projectmanager/assets/fullwidth-712c8be92ed2438fa54c602fa4ead9de.css
Requested Url: https://www.spidasoftware.com/projectmanager/assets/default/sorted_asc-df23e44c4c4999383e95e9c8bf5da156.gif
Requested Url: https://www.spidasoftware.com/projectmanager/assets/default/sorted_asc-df23e44c4c4999383e95e9c8bf5da156.gif
ATMOSPHERE CANCELLED
ATMOSPHERE CANCELLED
?[32;1m[debug]?[0m [phantom] Successfully injected Casper client-side utilities
?[36m[info]?[0m [phantom] Step openFlowList 11/16 https://www.spidasoftware.com/projectmanager/flow/list (HTTP 200)
Navigating to Flow List
?[36m[info]?[0m [phantom] Step openFlowList 11/16: done in 11261ms.
?[36m[info]?[0m [phantom] Step _step 12/16 https://www.spidasoftware.com/projectmanager/flow/list (HTTP 200)
?[36m[info]?[0m [phantom] Step _step 12/16: done in 11276ms.
ATMOSPHERE CANCELLED
?[36m[info]?[0m [phantom] waitFor() finished in 41ms.
?[36m[info]?[0m [phantom] Step clickFlow 13/17 https://www.spidasoftware.com/projectmanager/flow/list (HTTP 200)
Currently at: https://www.spidasoftware.com/projectmanager/flow/list
?[32;1m[debug]?[0m [phantom] Mouse event 'mousedown' on selector: xpath selector: //a[text()="Joint Use Workflow"]
?[32;1m[debug]?[0m [phantom] Mouse event 'mouseup' on selector: xpath selector: //a[text()="Joint Use Workflow"]
?[32;1m[debug]?[0m [phantom] Mouse event 'click' on selector: xpath selector: //a[text()="Joint Use Workflow"]
?[32;1m[debug]?[0m [phantom] Navigation requested: url=https://www.spidasoftware.com/projectmanager/flow/edit/87449, type=LinkClicked, willNavigate=true, isMainFrame=true
ATMOSPHERE CANCELLED
?[36m[info]?[0m [phantom] Step clickFlow 13/17: done in 11347ms.
?[33m[warning]?[0m [phantom] Loading resource failed with status=fail (HTTP 200): https://www.spidasoftware.com/projectmanager/flow/edit/87449
Requested Url: https://www.spidasoftware.com/projectmanager/flow/edit/87449
?[32;1m[debug]?[0m [phantom] url changed to "https://www.spidasoftware.com/projectmanager/flow/edit/87449"
Requested Url: https://www.spidasoftware.com/projectmanager/flow/edit/87449
Requested Url: https://www.spidasoftware.com/projectmanager/assets/fullwidth-712c8be92ed2438fa54c602fa4ead9de.css
Requested Url: https://www.spidasoftware.com/projectmanager/assets/fullwidth-712c8be92ed2438fa54c602fa4ead9de.css
Requested Url: https://www.spidasoftware.com/projectmanager/assets/manifests/flow-b89a5ec3639330a36d22d254f66d6096.css
Requested Url: https://www.spidasoftware.com/projectmanager/assets/manifests/flow-head-db34cb9a3b5664d4e6849d969c2df599.js
Requested Url: https://www.spidasoftware.com/projectmanager/assets/manifests/flow-b89a5ec3639330a36d22d254f66d6096.css
Requested Url: https://www.spidasoftware.com/projectmanager/assets/manifests/flow-body-bad25f25c8303a2ef5f819e7f986267b.js
Requested Url: https://www.spidasoftware.com/projectmanager/assets/manifests/flow-head-db34cb9a3b5664d4e6849d969c2df599.js
Requested Url: https://www.spidasoftware.com/projectmanager/assets/fullwidth-712c8be92ed2438fa54c602fa4ead9de.css
Requested Url: https://www.spidasoftware.com/projectmanager/assets/fullwidth-712c8be92ed2438fa54c602fa4ead9de.css
Requested Url: https://www.spidasoftware.com/projectmanager/images/100-90-5-monochrome.png
Requested Url: https://www.spidasoftware.com/projectmanager/assets/manifests/flow-body-bad25f25c8303a2ef5f819e7f986267b.js
Requested Url: https://www.spidasoftware.com/projectmanager/images/100-90-5-monochrome.png
ATMOSPHERE CANCELLED
ATMOSPHERE CANCELLED
?[32;1m[debug]?[0m [phantom] Successfully injected Casper client-side utilities
?[36m[info]?[0m [phantom] Step _step 14/17 https://www.spidasoftware.com/projectmanager/flow/edit/87449 (HTTP 200)
?[36m[info]?[0m [phantom] Step _step 14/17: done in 12570ms.
Requested Url: https://www.spidasoftware.com/projectmanager/flow/flowEdit?id=87449
Requested Url: https://www.spidasoftware.com/projectmanager/flow/flowEdit?id=87449
ATMOSPHERE CANCELLED
Requested Url: data:image/svg+xml;base64,PHN2ZyB4bWxucz0iaHR0cDovL3d3dy53My5vcmcvMjAwMC9zdmciIHZlcnNpb249IjEuMSIgeD0iMTJweCIgeT0iMHB4IiB3aWR0aD0iMjRweCIgaGVpZ2h0PSIzcHgiIHZpZXdCb3g9IjAgMCA2IDMiIGVuYWJsZS1iYWNrZ3JvdW5kPSJuZXcgMCAwIDYgMyIgeG1sOnNwYWNlPSJwcmVzZXJ2ZSI+PHBvbHlnb24gcG9pbnRzPSI1Ljk5MiwwIDIuOTkyLDMgLTAuMDA4LDAgIi8+PC9zdmc+
Requested Url: data:image/svg+xml;base64,PHN2ZyB4bWxucz0iaHR0cDovL3d3dy53My5vcmcvMjAwMC9zdmciIHZlcnNpb249IjEuMSIgeD0iMTJweCIgeT0iMHB4IiB3aWR0aD0iMjRweCIgaGVpZ2h0PSIzcHgiIHZpZXdCb3g9IjAgMCA2IDMiIGVuYWJsZS1iYWNrZ3JvdW5kPSJuZXcgMCAwIDYgMyIgeG1sOnNwYWNlPSJwcmVzZXJ2ZSI+PHBvbHlnb24gcG9pbnRzPSI1Ljk5MiwwIDIuOTkyLDMgLTAuMDA4LDAgIi8+PC9zdmc+
Requested Url: https://www.spidasoftware.com/projectmanager/flow/visualJson?id=87449
Requested Url: https://www.spidasoftware.com/projectmanager/flow/visualJson?id=87449
?[36m[info]?[0m [phantom] waitFor() finished in 2007ms.
?[36m[info]?[0m [phantom] Step getOrder 15/18 https://www.spidasoftware.com/projectmanager/flow/edit/87449 (HTTP 200)
?[36m[info]?[0m [phantom] Step getOrder 15/18: done in 14657ms.
?[36m[info]?[0m [phantom] Step _step 16/18 https://www.spidasoftware.com/projectmanager/flow/edit/87449 (HTTP 200)
?[36m[info]?[0m [phantom] Step _step 16/18: done in 14660ms.
Requested Url: https://www.spidasoftware.com/projectmanager/images/tools/edit.png
Requested Url: https://www.spidasoftware.com/projectmanager/images/tools/edit.png
Requested Url: https://www.spidasoftware.com/projectmanager/images/tools/add.png
Requested Url: https://www.spidasoftware.com/projectmanager/images/tools/add.png
Requested Url: https://www.spidasoftware.com/projectmanager/images/tools/delete.png
Requested Url: https://www.spidasoftware.com/projectmanager/images/tools/delete.png
Requested Url: https://www.spidasoftware.com/projectmanager/assets/jquery/chosen-sprite-25b9acb1b504c95c6b95c33986b7317e.png
Requested Url: https://www.spidasoftware.com/projectmanager/assets/jquery/chosen-sprite-25b9acb1b504c95c6b95c33986b7317e.png
?[36m[info]?[0m [phantom] wait() finished waiting for 2000ms.
Currently at: https://www.spidasoftware.com/projectmanager/flow/edit/87449
?[32;1m[debug]?[0m [phantom] Mouse event 'mousedown' on selector: #events_table>table>tbody>tr:nth-child(1)>td:nth-child(5)>a
?[32;1m[debug]?[0m [phantom] Mouse event 'mouseup' on selector: #events_table>table>tbody>tr:nth-child(1)>td:nth-child(5)>a
?[32;1m[debug]?[0m [phantom] Mouse event 'click' on selector: #events_table>table>tbody>tr:nth-child(1)>td:nth-child(5)>a
?[32;1m[debug]?[0m [phantom] Navigation requested: url=https://www.spidasoftware.com/projectmanager/flow/edit/87449#, type=LinkClicked, willNavigate=true, isMainFrame=true
?[32;1m[debug]?[0m [phantom] url changed to "https://www.spidasoftware.com/projectmanager/flow/edit/87449#"
?[36m[info]?[0m [phantom] Step _step 17/18 https://www.spidasoftware.com/projectmanager/flow/edit/87449# (HTTP 200)
?[36m[info]?[0m [phantom] Step _step 17/18: done in 16680ms.
Requested Url: https://www.spidasoftware.com/projectmanager/event/editEvent
Requested Url: https://www.spidasoftware.com/projectmanager/event/editEvent
Requested Url: https://www.spidasoftware.com/projectmanager/assets/16/no-d8558032ad0d69254d51fa76de993f0c.png
Requested Url: https://www.spidasoftware.com/projectmanager/assets/16/no-d8558032ad0d69254d51fa76de993f0c.png
?[36m[info]?[0m [phantom] waitFor() finished in 1415ms.
?[36m[info]?[0m [phantom] Step clickActionTab 18/19 https://www.spidasoftware.com/projectmanager/flow/edit/87449# (HTTP 200)
?[32;1m[debug]?[0m [phantom] Mouse event 'mousedown' on selector: form>div>div>dl>dd:nth-child(2)>a
?[32;1m[debug]?[0m [phantom] Mouse event 'mouseup' on selector: form>div>div>dl>dd:nth-child(2)>a
?[32;1m[debug]?[0m [phantom] Mouse event 'click' on selector: form>div>div>dl>dd:nth-child(2)>a
?[36m[info]?[0m [phantom] Step clickActionTab 18/19: done in 18129ms.
?[36m[info]?[0m [phantom] Step _step 19/19 https://www.spidasoftware.com/projectmanager/flow/edit/87449# (HTTP 200)
?[36m[info]?[0m [phantom] Step _step 19/19: done in 18132ms.
?[36m[info]?[0m [phantom] waitFor() finished in 1859ms.
?[36m[info]?[0m [phantom] Step chooseAnAction 20/20 https://www.spidasoftware.com/projectmanager/flow/edit/87449# (HTTP 200)
Capturing action: Remove Time Markers...
73100
Capturing action: Generate Calc File...
73125
Capturing action: Assign Licensee...
83659
Capturing action: Corrections Required Email...
83670
Capturing action: Remove Clock...
83695
Capturing action: CompletePoleFormEmail...
83663
Capturing action: Email Customer (No Make Ready Reqd)...
83690
Capturing action: 45 Day Clock...
83682
Capturing action: Lic. 14 Days to Respond...
83660
Capturing action: Pole Count Locked...
83736
Capturing action: 14 Days to Respond...
83743
Capturing action: StationFormAction...
83735
Capturing action: AssignAssigneeFromForm...
83698
Capturing action: Unlock Project...
84103
Capturing action: Email Managers, Canceled Project...
83668
Capturing action: Email Lic Canceled...
84078
Capturing action: Pause 45 Day Clock...
84098
Capturing action: Resume 45 Day Clock...
84099
Capturing action: 14 Days, Notify Customer of Actual Cost...
84109
Capturing action: Email Customer (Proceed to Attach)...
83782
Capturing action: 30 Days to Correct Installation...
83766
Capturing action: 14 Day Clock for Lic to Accept Actual Cost...
84091
Capturing action: Corrections Req'd Email...
83765
Capturing action: Email Licensee: Project Editing...
84159
Capturing action: Email Assignee, Canceled Project...
84164
Capturing action: Email Assignee, Verify Exhibit Signed...
83721
Capturing action: Email Licensee Begin Construction...
83746
Capturing action: Email Customer: Complete New Forms...
84128
Capturing action: 90 Day Clock...
83745
Capturing action: Assign Joint Use Manager as Manager...
84131
Capturing action: Assign Customer...
86100
Capturing action: PNM Assignee Other Attachers...
87535
Capturing action: Email Customer: Editing Projects...
84118
Capturing action: Email Customer: Application Instructions...
84176
Capturing action: Email Customer: Editing Instructions...
84102
Capturing action: Email Customer: Review Make Ready...
84075
Capturing action: 60 Days Complete ACME MR...
87491
Capturing action: Assign ACME JU Admin...
87513
Capturing action: Review Actual Cost...
84116
?[36m[info]?[0m [phantom] Step chooseAnAction 20/20: done in 35856ms.
?[36m[info]?[0m [phantom] Step changeOnClickValue 21/98 https://www.spidasoftware.com/projectmanager/flow/edit/87449# (HTTP 200)
?[36m[info]?[0m [phantom] Step changeOnClickValue 21/98: done in 35859ms.
?[36m[info]?[0m [phantom] Step _step 22/98 https://www.spidasoftware.com/projectmanager/flow/edit/87449# (HTTP 200)
?[36m[info]?[0m [phantom] Step _step 22/98: done in 35878ms.
Requested Url: https://www.spidasoftware.com/projectmanager/action/editAction?id=73100
Requested Url: https://www.spidasoftware.com/projectmanager/action/editAction?id=73100
Requested Url: https://www.spidasoftware.com/projectmanager/assets/16/minus-7994d6aeef41ae69ed7c53869a22d015.png
Requested Url: https://www.spidasoftware.com/projectmanager/assets/16/minus-7994d6aeef41ae69ed7c53869a22d015.png
?[36m[info]?[0m [phantom] wait() finished waiting for 2000ms.
?[36m[info]?[0m [phantom] Step _step 23/99 https://www.spidasoftware.com/projectmanager/flow/edit/87449# (HTTP 200)
?[36m[info]?[0m [phantom] Step _step 23/99: done in 37897ms.
?[36m[info]?[0m [phantom] waitFor() finished in 40ms.
?[36m[info]?[0m [phantom] Step waitedForJavascript 24/100 https://www.spidasoftware.com/projectmanager/flow/edit/87449# (HTTP 200)
?[32;1m[debug]?[0m [phantom] Capturing page to /Users/zpeugh/code/min/scripts/flowdocument/pngs/Remove Time Markers.png
?[36m[info]?[0m [phantom] Capture saved to /Users/zpeugh/code/min/scripts/flowdocument/pngs/Remove Time Markers.png
Captured action: Remove Time Markers
?[36m[info]?[0m [phantom] Step waitedForJavascript 24/100: done in 38412ms.
?[36m[info]?[0m [phantom] Step changeOnClickValue 25/100 https://www.spidasoftware.com/projectmanager/flow/edit/87449# (HTTP 200)
?[36m[info]?[0m [phantom] Step changeOnClickValue 25/100: done in 38505ms.
?[36m[info]?[0m [phantom] Step _step 26/100 https://www.spidasoftware.com/projectmanager/flow/edit/87449# (HTTP 200)
?[36m[info]?[0m [phantom] Step _step 26/100: done in 38541ms.
Requested Url: https://www.spidasoftware.com/projectmanager/action/editAction?id=73125
Requested Url: https://www.spidasoftware.com/projectmanager/action/editAction?id=73125
?[36m[info]?[0m [phantom] wait() finished waiting for 2000ms.
?[36m[info]?[0m [phantom] Step _step 27/101 https://www.spidasoftware.com/projectmanager/flow/edit/87449# (HTTP 200)
?[36m[info]?[0m [phantom] Step _step 27/101: done in 40557ms.
?[36m[info]?[0m [phantom] waitFor() finished in 40ms.
?[36m[info]?[0m [phantom] Step waitedForJavascript 28/102 https://www.spidasoftware.com/projectmanager/flow/edit/87449# (HTTP 200)
?[32;1m[debug]?[0m [phantom] Capturing page to /Users/zpeugh/code/min/scripts/flowdocument/pngs/Generate Calc File.png
?[36m[info]?[0m [phantom] Capture saved to /Users/zpeugh/code/min/scripts/flowdocument/pngs/Generate Calc File.png
Captured action: Generate Calc File
?[36m[info]?[0m [phantom] Step waitedForJavascript 28/102: done in 40953ms.
?[36m[info]?[0m [phantom] Step changeOnClickValue 29/102 https://www.spidasoftware.com/projectmanager/flow/edit/87449# (HTTP 200)
?[36m[info]?[0m [phantom] Step changeOnClickValue 29/102: done in 40955ms.
?[36m[info]?[0m [phantom] Step _step 30/102 https://www.spidasoftware.com/projectmanager/flow/edit/87449# (HTTP 200)
?[36m[info]?[0m [phantom] Step _step 30/102: done in 41046ms.
Requested Url: https://www.spidasoftware.com/projectmanager/action/editAction?id=83659
Requested Url: https://www.spidasoftware.com/projectmanager/action/editAction?id=83659
?[36m[info]?[0m [phantom] wait() finished waiting for 2000ms.
?[36m[info]?[0m [phantom] Step _step 31/103 https://www.spidasoftware.com/projectmanager/flow/edit/87449# (HTTP 200)
?[36m[info]?[0m [phantom] Step _step 31/103: done in 43061ms.
?[36m[info]?[0m [phantom] waitFor() finished in 40ms.
?[36m[info]?[0m [phantom] Step waitedForJavascript 32/104 https://www.spidasoftware.com/projectmanager/flow/edit/87449# (HTTP 200)
?[32;1m[debug]?[0m [phantom] Capturing page to /Users/zpeugh/code/min/scripts/flowdocument/pngs/Assign Licensee.png
?[36m[info]?[0m [phantom] Capture saved to /Users/zpeugh/code/min/scripts/flowdocument/pngs/Assign Licensee.png
Captured action: Assign Licensee
?[36m[info]?[0m [phantom] Step waitedForJavascript 32/104: done in 43455ms.
?[36m[info]?[0m [phantom] Step changeOnClickValue 33/104 https://www.spidasoftware.com/projectmanager/flow/edit/87449# (HTTP 200)
?[36m[info]?[0m [phantom] Step changeOnClickValue 33/104: done in 43457ms.
?[36m[info]?[0m [phantom] Step _step 34/104 https://www.spidasoftware.com/projectmanager/flow/edit/87449# (HTTP 200)
?[36m[info]?[0m [phantom] Step _step 34/104: done in 43550ms.
Requested Url: https://www.spidasoftware.com/projectmanager/action/editAction?id=83670
Requested Url: https://www.spidasoftware.com/projectmanager/action/editAction?id=83670
ATMOSPHERE CANCELLED
ATMOSPHERE CANCELLED
?[36m[info]?[0m [phantom] wait() finished waiting for 2000ms.
?[36m[info]?[0m [phantom] Step _step 35/105 https://www.spidasoftware.com/projectmanager/flow/edit/87449# (HTTP 200)
?[36m[info]?[0m [phantom] Step _step 35/105: done in 45551ms.
?[36m[info]?[0m [phantom] waitFor() finished in 43ms.
?[36m[info]?[0m [phantom] Step waitedForJavascript 36/106 https://www.spidasoftware.com/projectmanager/flow/edit/87449# (HTTP 200)
?[32;1m[debug]?[0m [phantom] Capturing page to /Users/zpeugh/code/min/scripts/flowdocument/pngs/Corrections Required Email.png
?[36m[info]?[0m [phantom] Capture saved to /Users/zpeugh/code/min/scripts/flowdocument/pngs/Corrections Required Email.png
Captured action: Corrections Required Email
?[36m[info]?[0m [phantom] Step waitedForJavascript 36/106: done in 46022ms.
?[36m[info]?[0m [phantom] Step changeOnClickValue 37/106 https://www.spidasoftware.com/projectmanager/flow/edit/87449# (HTTP 200)
?[36m[info]?[0m [phantom] Step changeOnClickValue 37/106: done in 46024ms.
?[36m[info]?[0m [phantom] Step _step 38/106 https://www.spidasoftware.com/projectmanager/flow/edit/87449# (HTTP 200)
?[36m[info]?[0m [phantom] Step _step 38/106: done in 46118ms.
Requested Url: https://www.spidasoftware.com/projectmanager/action/editAction?id=83695
Requested Url: https://www.spidasoftware.com/projectmanager/action/editAction?id=83695
?[36m[info]?[0m [phantom] wait() finished waiting for 2000ms.
?[36m[info]?[0m [phantom] Step _step 39/107 https://www.spidasoftware.com/projectmanager/flow/edit/87449# (HTTP 200)
?[36m[info]?[0m [phantom] Step _step 39/107: done in 48130ms.
?[36m[info]?[0m [phantom] waitFor() finished in 40ms.
?[36m[info]?[0m [phantom] Step waitedForJavascript 40/108 https://www.spidasoftware.com/projectmanager/flow/edit/87449# (HTTP 200)
?[32;1m[debug]?[0m [phantom] Capturing page to /Users/zpeugh/code/min/scripts/flowdocument/pngs/Remove Clock.png
?[36m[info]?[0m [phantom] Capture saved to /Users/zpeugh/code/min/scripts/flowdocument/pngs/Remove Clock.png
Captured action: Remove Clock
?[36m[info]?[0m [phantom] Step waitedForJavascript 40/108: done in 48522ms.
?[36m[info]?[0m [phantom] Step changeOnClickValue 41/108 https://www.spidasoftware.com/projectmanager/flow/edit/87449# (HTTP 200)
?[36m[info]?[0m [phantom] Step changeOnClickValue 41/108: done in 48524ms.
?[36m[info]?[0m [phantom] Step _step 42/108 https://www.spidasoftware.com/projectmanager/flow/edit/87449# (HTTP 200)
?[36m[info]?[0m [phantom] Step _step 42/108: done in 48618ms.
Requested Url: https://www.spidasoftware.com/projectmanager/action/editAction?id=83663
Requested Url: https://www.spidasoftware.com/projectmanager/action/editAction?id=83663
?[36m[info]?[0m [phantom] wait() finished waiting for 2000ms.
?[36m[info]?[0m [phantom] Step _step 43/109 https://www.spidasoftware.com/projectmanager/flow/edit/87449# (HTTP 200)
?[36m[info]?[0m [phantom] Step _step 43/109: done in 50626ms.
?[36m[info]?[0m [phantom] waitFor() finished in 40ms.
?[36m[info]?[0m [phantom] Step waitedForJavascript 44/110 https://www.spidasoftware.com/projectmanager/flow/edit/87449# (HTTP 200)
?[32;1m[debug]?[0m [phantom] Capturing page to /Users/zpeugh/code/min/scripts/flowdocument/pngs/CompletePoleFormEmail.png
?[36m[info]?[0m [phantom] Capture saved to /Users/zpeugh/code/min/scripts/flowdocument/pngs/CompletePoleFormEmail.png
Captured action: CompletePoleFormEmail
?[36m[info]?[0m [phantom] Step waitedForJavascript 44/110: done in 51017ms.
?[36m[info]?[0m [phantom] Step changeOnClickValue 45/110 https://www.spidasoftware.com/projectmanager/flow/edit/87449# (HTTP 200)
?[36m[info]?[0m [phantom] Step changeOnClickValue 45/110: done in 51020ms.
?[36m[info]?[0m [phantom] Step _step 46/110 https://www.spidasoftware.com/projectmanager/flow/edit/87449# (HTTP 200)
?[36m[info]?[0m [phantom] Step _step 46/110: done in 51115ms.
Requested Url: https://www.spidasoftware.com/projectmanager/action/editAction?id=83690
Requested Url: https://www.spidasoftware.com/projectmanager/action/editAction?id=83690
?[36m[info]?[0m [phantom] wait() finished waiting for 2000ms.
?[36m[info]?[0m [phantom] Step _step 47/111 https://www.spidasoftware.com/projectmanager/flow/edit/87449# (HTTP 200)
?[36m[info]?[0m [phantom] Step _step 47/111: done in 53123ms.
?[36m[info]?[0m [phantom] waitFor() finished in 43ms.
?[36m[info]?[0m [phantom] Step waitedForJavascript 48/112 https://www.spidasoftware.com/projectmanager/flow/edit/87449# (HTTP 200)
?[32;1m[debug]?[0m [phantom] Capturing page to /Users/zpeugh/code/min/scripts/flowdocument/pngs/Email Customer (No Make Ready Reqd).png
?[36m[info]?[0m [phantom] Capture saved to /Users/zpeugh/code/min/scripts/flowdocument/pngs/Email Customer (No Make Ready Reqd).png
Captured action: Email Customer (No Make Ready Reqd)
?[36m[info]?[0m [phantom] Step waitedForJavascript 48/112: done in 53521ms.
?[36m[info]?[0m [phantom] Step changeOnClickValue 49/112 https://www.spidasoftware.com/projectmanager/flow/edit/87449# (HTTP 200)
?[36m[info]?[0m [phantom] Step changeOnClickValue 49/112: done in 53523ms.
?[36m[info]?[0m [phantom] Step _step 50/112 https://www.spidasoftware.com/projectmanager/flow/edit/87449# (HTTP 200)
?[36m[info]?[0m [phantom] Step _step 50/112: done in 53619ms.
Requested Url: https://www.spidasoftware.com/projectmanager/action/editAction?id=83682
Requested Url: https://www.spidasoftware.com/projectmanager/action/editAction?id=83682
?[36m[info]?[0m [phantom] wait() finished waiting for 2000ms.
?[36m[info]?[0m [phantom] Step _step 51/113 https://www.spidasoftware.com/projectmanager/flow/edit/87449# (HTTP 200)
?[36m[info]?[0m [phantom] Step _step 51/113: done in 55627ms.
?[36m[info]?[0m [phantom] waitFor() finished in 42ms.
?[36m[info]?[0m [phantom] Step waitedForJavascript 52/114 https://www.spidasoftware.com/projectmanager/flow/edit/87449# (HTTP 200)
?[32;1m[debug]?[0m [phantom] Capturing page to /Users/zpeugh/code/min/scripts/flowdocument/pngs/45 Day Clock.png
?[36m[info]?[0m [phantom] Capture saved to /Users/zpeugh/code/min/scripts/flowdocument/pngs/45 Day Clock.png
Captured action: 45 Day Clock
?[36m[info]?[0m [phantom] Step waitedForJavascript 52/114: done in 56025ms.
?[36m[info]?[0m [phantom] Step changeOnClickValue 53/114 https://www.spidasoftware.com/projectmanager/flow/edit/87449# (HTTP 200)
?[36m[info]?[0m [phantom] Step changeOnClickValue 53/114: done in 56027ms.
?[36m[info]?[0m [phantom] Step _step 54/114 https://www.spidasoftware.com/projectmanager/flow/edit/87449# (HTTP 200)
?[36m[info]?[0m [phantom] Step _step 54/114: done in 56126ms.
Requested Url: https://www.spidasoftware.com/projectmanager/action/editAction?id=83660
Requested Url: https://www.spidasoftware.com/projectmanager/action/editAction?id=83660
?[36m[info]?[0m [phantom] wait() finished waiting for 2000ms.
?[36m[info]?[0m [phantom] Step _step 55/115 https://www.spidasoftware.com/projectmanager/flow/edit/87449# (HTTP 200)
?[36m[info]?[0m [phantom] Step _step 55/115: done in 58147ms.
?[36m[info]?[0m [phantom] waitFor() finished in 40ms.
?[36m[info]?[0m [phantom] Step waitedForJavascript 56/116 https://www.spidasoftware.com/projectmanager/flow/edit/87449# (HTTP 200)
?[32;1m[debug]?[0m [phantom] Capturing page to /Users/zpeugh/code/min/scripts/flowdocument/pngs/Lic. 14 Days to Respond.png
?[36m[info]?[0m [phantom] Capture saved to /Users/zpeugh/code/min/scripts/flowdocument/pngs/Lic. 14 Days to Respond.png
Captured action: Lic. 14 Days to Respond
?[36m[info]?[0m [phantom] Step waitedForJavascript 56/116: done in 58547ms.
?[36m[info]?[0m [phantom] Step changeOnClickValue 57/116 https://www.spidasoftware.com/projectmanager/flow/edit/87449# (HTTP 200)
?[36m[info]?[0m [phantom] Step changeOnClickValue 57/116: done in 58549ms.
?[36m[info]?[0m [phantom] Step _step 58/116 https://www.spidasoftware.com/projectmanager/flow/edit/87449# (HTTP 200)
?[36m[info]?[0m [phantom] Step _step 58/116: done in 58646ms.
Requested Url: https://www.spidasoftware.com/projectmanager/action/editAction?id=83736
Requested Url: https://www.spidasoftware.com/projectmanager/action/editAction?id=83736
?[36m[info]?[0m [phantom] wait() finished waiting for 2000ms.
?[36m[info]?[0m [phantom] Step _step 59/117 https://www.spidasoftware.com/projectmanager/flow/edit/87449# (HTTP 200)
?[36m[info]?[0m [phantom] Step _step 59/117: done in 60659ms.
?[36m[info]?[0m [phantom] waitFor() finished in 41ms.
?[36m[info]?[0m [phantom] Step waitedForJavascript 60/118 https://www.spidasoftware.com/projectmanager/flow/edit/87449# (HTTP 200)
?[32;1m[debug]?[0m [phantom] Capturing page to /Users/zpeugh/code/min/scripts/flowdocument/pngs/Pole Count Locked.png
?[36m[info]?[0m [phantom] Capture saved to /Users/zpeugh/code/min/scripts/flowdocument/pngs/Pole Count Locked.png
Captured action: Pole Count Locked
?[36m[info]?[0m [phantom] Step waitedForJavascript 60/118: done in 61060ms.
?[36m[info]?[0m [phantom] Step changeOnClickValue 61/118 https://www.spidasoftware.com/projectmanager/flow/edit/87449# (HTTP 200)
?[36m[info]?[0m [phantom] Step changeOnClickValue 61/118: done in 61062ms.
?[36m[info]?[0m [phantom] Step _step 62/118 https://www.spidasoftware.com/projectmanager/flow/edit/87449# (HTTP 200)
?[36m[info]?[0m [phantom] Step _step 62/118: done in 61156ms.
Requested Url: https://www.spidasoftware.com/projectmanager/action/editAction?id=83743
Requested Url: https://www.spidasoftware.com/projectmanager/action/editAction?id=83743
?[36m[info]?[0m [phantom] wait() finished waiting for 2000ms.
?[36m[info]?[0m [phantom] Step _step 63/119 https://www.spidasoftware.com/projectmanager/flow/edit/87449# (HTTP 200)
?[36m[info]?[0m [phantom] Step _step 63/119: done in 63160ms.
?[36m[info]?[0m [phantom] waitFor() finished in 41ms.
?[36m[info]?[0m [phantom] Step waitedForJavascript 64/120 https://www.spidasoftware.com/projectmanager/flow/edit/87449# (HTTP 200)
?[32;1m[debug]?[0m [phantom] Capturing page to /Users/zpeugh/code/min/scripts/flowdocument/pngs/14 Days to Respond.png
?[36m[info]?[0m [phantom] Capture saved to /Users/zpeugh/code/min/scripts/flowdocument/pngs/14 Days to Respond.png
Captured action: 14 Days to Respond
?[36m[info]?[0m [phantom] Step waitedForJavascript 64/120: done in 63609ms.
?[36m[info]?[0m [phantom] Step changeOnClickValue 65/120 https://www.spidasoftware.com/projectmanager/flow/edit/87449# (HTTP 200)
?[36m[info]?[0m [phantom] Step changeOnClickValue 65/120: done in 63612ms.
?[36m[info]?[0m [phantom] Step _step 66/120 https://www.spidasoftware.com/projectmanager/flow/edit/87449# (HTTP 200)
?[36m[info]?[0m [phantom] Step _step 66/120: done in 63706ms.
Requested Url: https://www.spidasoftware.com/projectmanager/action/editAction?id=83735
Requested Url: https://www.spidasoftware.com/projectmanager/action/editAction?id=83735
?[36m[info]?[0m [phantom] wait() finished waiting for 2000ms.
?[36m[info]?[0m [phantom] Step _step 67/121 https://www.spidasoftware.com/projectmanager/flow/edit/87449# (HTTP 200)
?[36m[info]?[0m [phantom] Step _step 67/121: done in 65726ms.
?[36m[info]?[0m [phantom] waitFor() finished in 41ms.
?[36m[info]?[0m [phantom] Step waitedForJavascript 68/122 https://www.spidasoftware.com/projectmanager/flow/edit/87449# (HTTP 200)
?[32;1m[debug]?[0m [phantom] Capturing page to /Users/zpeugh/code/min/scripts/flowdocument/pngs/StationFormAction.png
?[36m[info]?[0m [phantom] Capture saved to /Users/zpeugh/code/min/scripts/flowdocument/pngs/StationFormAction.png
Captured action: StationFormAction
?[36m[info]?[0m [phantom] Step waitedForJavascript 68/122: done in 66158ms.
?[36m[info]?[0m [phantom] Step changeOnClickValue 69/122 https://www.spidasoftware.com/projectmanager/flow/edit/87449# (HTTP 200)
?[36m[info]?[0m [phantom] Step changeOnClickValue 69/122: done in 66160ms.
?[36m[info]?[0m [phantom] Step _step 70/122 https://www.spidasoftware.com/projectmanager/flow/edit/87449# (HTTP 200)
?[36m[info]?[0m [phantom] Step _step 70/122: done in 66254ms.
Requested Url: https://www.spidasoftware.com/projectmanager/action/editAction?id=83698
Requested Url: https://www.spidasoftware.com/projectmanager/action/editAction?id=83698
?[36m[info]?[0m [phantom] wait() finished waiting for 2000ms.
?[36m[info]?[0m [phantom] Step _step 71/123 https://www.spidasoftware.com/projectmanager/flow/edit/87449# (HTTP 200)
?[36m[info]?[0m [phantom] Step _step 71/123: done in 68258ms.
?[36m[info]?[0m [phantom] waitFor() finished in 40ms.
?[36m[info]?[0m [phantom] Step waitedForJavascript 72/124 https://www.spidasoftware.com/projectmanager/flow/edit/87449# (HTTP 200)
?[32;1m[debug]?[0m [phantom] Capturing page to /Users/zpeugh/code/min/scripts/flowdocument/pngs/AssignAssigneeFromForm.png
?[36m[info]?[0m [phantom] Capture saved to /Users/zpeugh/code/min/scripts/flowdocument/pngs/AssignAssigneeFromForm.png
Captured action: AssignAssigneeFromForm
?[36m[info]?[0m [phantom] Step waitedForJavascript 72/124: done in 68654ms.
?[36m[info]?[0m [phantom] Step changeOnClickValue 73/124 https://www.spidasoftware.com/projectmanager/flow/edit/87449# (HTTP 200)
?[36m[info]?[0m [phantom] Step changeOnClickValue 73/124: done in 68656ms.
?[36m[info]?[0m [phantom] Step _step 74/124 https://www.spidasoftware.com/projectmanager/flow/edit/87449# (HTTP 200)
?[36m[info]?[0m [phantom] Step _step 74/124: done in 68750ms.
Requested Url: https://www.spidasoftware.com/projectmanager/action/editAction?id=84103
Requested Url: https://www.spidasoftware.com/projectmanager/action/editAction?id=84103
?[36m[info]?[0m [phantom] wait() finished waiting for 2000ms.
?[36m[info]?[0m [phantom] Step _step 75/125 https://www.spidasoftware.com/projectmanager/flow/edit/87449# (HTTP 200)
?[36m[info]?[0m [phantom] Step _step 75/125: done in 70762ms.
?[36m[info]?[0m [phantom] waitFor() finished in 42ms.
?[36m[info]?[0m [phantom] Step waitedForJavascript 76/126 https://www.spidasoftware.com/projectmanager/flow/edit/87449# (HTTP 200)
?[32;1m[debug]?[0m [phantom] Capturing page to /Users/zpeugh/code/min/scripts/flowdocument/pngs/Unlock Project.png
?[36m[info]?[0m [phantom] Capture saved to /Users/zpeugh/code/min/scripts/flowdocument/pngs/Unlock Project.png
Captured action: Unlock Project
?[36m[info]?[0m [phantom] Step waitedForJavascript 76/126: done in 71161ms.
?[36m[info]?[0m [phantom] Step changeOnClickValue 77/126 https://www.spidasoftware.com/projectmanager/flow/edit/87449# (HTTP 200)
?[36m[info]?[0m [phantom] Step changeOnClickValue 77/126: done in 71163ms.
?[36m[info]?[0m [phantom] Step _step 78/126 https://www.spidasoftware.com/projectmanager/flow/edit/87449# (HTTP 200)
?[36m[info]?[0m [phantom] Step _step 78/126: done in 71256ms.
Requested Url: https://www.spidasoftware.com/projectmanager/action/editAction?id=83668
Requested Url: https://www.spidasoftware.com/projectmanager/action/editAction?id=83668
?[36m[info]?[0m [phantom] wait() finished waiting for 2000ms.
?[36m[info]?[0m [phantom] Step _step 79/127 https://www.spidasoftware.com/projectmanager/flow/edit/87449# (HTTP 200)
?[36m[info]?[0m [phantom] Step _step 79/127: done in 73258ms.
?[36m[info]?[0m [phantom] waitFor() finished in 40ms.
?[36m[info]?[0m [phantom] Step waitedForJavascript 80/128 https://www.spidasoftware.com/projectmanager/flow/edit/87449# (HTTP 200)
?[32;1m[debug]?[0m [phantom] Capturing page to /Users/zpeugh/code/min/scripts/flowdocument/pngs/Email Managers, Canceled Project.png
?[36m[info]?[0m [phantom] Capture saved to /Users/zpeugh/code/min/scripts/flowdocument/pngs/Email Managers, Canceled Project.png
Captured action: Email Managers, Canceled Project
?[36m[info]?[0m [phantom] Step waitedForJavascript 80/128: done in 73694ms.
?[36m[info]?[0m [phantom] Step changeOnClickValue 81/128 https://www.spidasoftware.com/projectmanager/flow/edit/87449# (HTTP 200)
?[36m[info]?[0m [phantom] Step changeOnClickValue 81/128: done in 73697ms.
?[36m[info]?[0m [phantom] Step _step 82/128 https://www.spidasoftware.com/projectmanager/flow/edit/87449# (HTTP 200)
?[36m[info]?[0m [phantom] Step _step 82/128: done in 73789ms.
Requested Url: https://www.spidasoftware.com/projectmanager/action/editAction?id=84078
Requested Url: https://www.spidasoftware.com/projectmanager/action/editAction?id=84078
?[36m[info]?[0m [phantom] wait() finished waiting for 2000ms.
?[36m[info]?[0m [phantom] Step _step 83/129 https://www.spidasoftware.com/projectmanager/flow/edit/87449# (HTTP 200)
?[36m[info]?[0m [phantom] Step _step 83/129: done in 75811ms.
?[36m[info]?[0m [phantom] waitFor() finished in 41ms.
?[36m[info]?[0m [phantom] Step waitedForJavascript 84/130 https://www.spidasoftware.com/projectmanager/flow/edit/87449# (HTTP 200)
?[32;1m[debug]?[0m [phantom] Capturing page to /Users/zpeugh/code/min/scripts/flowdocument/pngs/Email Lic Canceled.png
?[36m[info]?[0m [phantom] Capture saved to /Users/zpeugh/code/min/scripts/flowdocument/pngs/Email Lic Canceled.png
Captured action: Email Lic Canceled
?[36m[info]?[0m [phantom] Step waitedForJavascript 84/130: done in 76208ms.
ATMOSPHERE CANCELLED
?[36m[info]?[0m [phantom] Step changeOnClickValue 85/130 https://www.spidasoftware.com/projectmanager/flow/edit/87449# (HTTP 200)
?[36m[info]?[0m [phantom] Step changeOnClickValue 85/130: done in 76211ms.
?[36m[info]?[0m [phantom] Step _step 86/130 https://www.spidasoftware.com/projectmanager/flow/edit/87449# (HTTP 200)
?[36m[info]?[0m [phantom] Step _step 86/130: done in 76306ms.
ATMOSPHERE CANCELLED
Requested Url: https://www.spidasoftware.com/projectmanager/action/editAction?id=84098
Requested Url: https://www.spidasoftware.com/projectmanager/action/editAction?id=84098
?[36m[info]?[0m [phantom] wait() finished waiting for 2000ms.
?[36m[info]?[0m [phantom] Step _step 87/131 https://www.spidasoftware.com/projectmanager/flow/edit/87449# (HTTP 200)
?[36m[info]?[0m [phantom] Step _step 87/131: done in 78319ms.
?[36m[info]?[0m [phantom] waitFor() finished in 41ms.
?[36m[info]?[0m [phantom] Step waitedForJavascript 88/132 https://www.spidasoftware.com/projectmanager/flow/edit/87449# (HTTP 200)
?[32;1m[debug]?[0m [phantom] Capturing page to /Users/zpeugh/code/min/scripts/flowdocument/pngs/Pause 45 Day Clock.png
?[36m[info]?[0m [phantom] Capture saved to /Users/zpeugh/code/min/scripts/flowdocument/pngs/Pause 45 Day Clock.png
Captured action: Pause 45 Day Clock
?[36m[info]?[0m [phantom] Step waitedForJavascript 88/132: done in 78724ms.
?[36m[info]?[0m [phantom] Step changeOnClickValue 89/132 https://www.spidasoftware.com/projectmanager/flow/edit/87449# (HTTP 200)
?[36m[info]?[0m [phantom] Step changeOnClickValue 89/132: done in 78726ms.
?[36m[info]?[0m [phantom] Step _step 90/132 https://www.spidasoftware.com/projectmanager/flow/edit/87449# (HTTP 200)
?[36m[info]?[0m [phantom] Step _step 90/132: done in 78819ms.
Requested Url: https://www.spidasoftware.com/projectmanager/action/editAction?id=84099
Requested Url: https://www.spidasoftware.com/projectmanager/action/editAction?id=84099
?[36m[info]?[0m [phantom] wait() finished waiting for 2000ms.
?[36m[info]?[0m [phantom] Step _step 91/133 https://www.spidasoftware.com/projectmanager/flow/edit/87449# (HTTP 200)
?[36m[info]?[0m [phantom] Step _step 91/133: done in 80829ms.
?[36m[info]?[0m [phantom] waitFor() finished in 40ms.
?[36m[info]?[0m [phantom] Step waitedForJavascript 92/134 https://www.spidasoftware.com/projectmanager/flow/edit/87449# (HTTP 200)
?[32;1m[debug]?[0m [phantom] Capturing page to /Users/zpeugh/code/min/scripts/flowdocument/pngs/Resume 45 Day Clock.png
?[36m[info]?[0m [phantom] Capture saved to /Users/zpeugh/code/min/scripts/flowdocument/pngs/Resume 45 Day Clock.png
Captured action: Resume 45 Day Clock
?[36m[info]?[0m [phantom] Step waitedForJavascript 92/134: done in 81225ms.
?[36m[info]?[0m [phantom] Step changeOnClickValue 93/134 https://www.spidasoftware.com/projectmanager/flow/edit/87449# (HTTP 200)
?[36m[info]?[0m [phantom] Step changeOnClickValue 93/134: done in 81227ms.
?[36m[info]?[0m [phantom] Step _step 94/134 https://www.spidasoftware.com/projectmanager/flow/edit/87449# (HTTP 200)
?[36m[info]?[0m [phantom] Step _step 94/134: done in 81321ms.
Requested Url: https://www.spidasoftware.com/projectmanager/action/editAction?id=84109
Requested Url: https://www.spidasoftware.com/projectmanager/action/editAction?id=84109
?[36m[info]?[0m [phantom] wait() finished waiting for 2000ms.
?[36m[info]?[0m [phantom] Step _step 95/135 https://www.spidasoftware.com/projectmanager/flow/edit/87449# (HTTP 200)
?[36m[info]?[0m [phantom] Step _step 95/135: done in 83323ms.
?[36m[info]?[0m [phantom] waitFor() finished in 42ms.
?[36m[info]?[0m [phantom] Step waitedForJavascript 96/136 https://www.spidasoftware.com/projectmanager/flow/edit/87449# (HTTP 200)
?[32;1m[debug]?[0m [phantom] Capturing page to /Users/zpeugh/code/min/scripts/flowdocument/pngs/14 Days, Notify Customer of Actual Cost.png
?[36m[info]?[0m [phantom] Capture saved to /Users/zpeugh/code/min/scripts/flowdocument/pngs/14 Days, Notify Customer of Actual Cost.png
Captured action: 14 Days, Notify Customer of Actual Cost
?[36m[info]?[0m [phantom] Step waitedForJavascript 96/136: done in 83725ms.
?[36m[info]?[0m [phantom] Step changeOnClickValue 97/136 https://www.spidasoftware.com/projectmanager/flow/edit/87449# (HTTP 200)
?[36m[info]?[0m [phantom] Step changeOnClickValue 97/136: done in 83727ms.
?[36m[info]?[0m [phantom] Step _step 98/136 https://www.spidasoftware.com/projectmanager/flow/edit/87449# (HTTP 200)
?[36m[info]?[0m [phantom] Step _step 98/136: done in 83822ms.
Requested Url: https://www.spidasoftware.com/projectmanager/action/editAction?id=83782
Requested Url: https://www.spidasoftware.com/projectmanager/action/editAction?id=83782
?[36m[info]?[0m [phantom] wait() finished waiting for 2000ms.
?[36m[info]?[0m [phantom] Step _step 99/137 https://www.spidasoftware.com/projectmanager/flow/edit/87449# (HTTP 200)
?[36m[info]?[0m [phantom] Step _step 99/137: done in 85839ms.
?[36m[info]?[0m [phantom] waitFor() finished in 42ms.
?[36m[info]?[0m [phantom] Step waitedForJavascript 100/138 https://www.spidasoftware.com/projectmanager/flow/edit/87449# (HTTP 200)
?[32;1m[debug]?[0m [phantom] Capturing page to /Users/zpeugh/code/min/scripts/flowdocument/pngs/Email Customer (Proceed to Attach).png
?[36m[info]?[0m [phantom] Capture saved to /Users/zpeugh/code/min/scripts/flowdocument/pngs/Email Customer (Proceed to Attach).png
Captured action: Email Customer (Proceed to Attach)
?[36m[info]?[0m [phantom] Step waitedForJavascript 100/138: done in 86239ms.
?[36m[info]?[0m [phantom] Step changeOnClickValue 101/138 https://www.spidasoftware.com/projectmanager/flow/edit/87449# (HTTP 200)
?[36m[info]?[0m [phantom] Step changeOnClickValue 101/138: done in 86241ms.
?[36m[info]?[0m [phantom] Step _step 102/138 https://www.spidasoftware.com/projectmanager/flow/edit/87449# (HTTP 200)
?[36m[info]?[0m [phantom] Step _step 102/138: done in 86335ms.
Requested Url: https://www.spidasoftware.com/projectmanager/action/editAction?id=83766
Requested Url: https://www.spidasoftware.com/projectmanager/action/editAction?id=83766
?[36m[info]?[0m [phantom] wait() finished waiting for 2000ms.
?[36m[info]?[0m [phantom] Step _step 103/139 https://www.spidasoftware.com/projectmanager/flow/edit/87449# (HTTP 200)
?[36m[info]?[0m [phantom] Step _step 103/139: done in 88349ms.
?[36m[info]?[0m [phantom] waitFor() finished in 42ms.
?[36m[info]?[0m [phantom] Step waitedForJavascript 104/140 https://www.spidasoftware.com/projectmanager/flow/edit/87449# (HTTP 200)
?[32;1m[debug]?[0m [phantom] Capturing page to /Users/zpeugh/code/min/scripts/flowdocument/pngs/30 Days to Correct Installation.png
?[36m[info]?[0m [phantom] Capture saved to /Users/zpeugh/code/min/scripts/flowdocument/pngs/30 Days to Correct Installation.png
Captured action: 30 Days to Correct Installation
?[36m[info]?[0m [phantom] Step waitedForJavascript 104/140: done in 88756ms.
?[36m[info]?[0m [phantom] Step changeOnClickValue 105/140 https://www.spidasoftware.com/projectmanager/flow/edit/87449# (HTTP 200)
?[36m[info]?[0m [phantom] Step changeOnClickValue 105/140: done in 88758ms.
?[36m[info]?[0m [phantom] Step _step 106/140 https://www.spidasoftware.com/projectmanager/flow/edit/87449# (HTTP 200)
?[36m[info]?[0m [phantom] Step _step 106/140: done in 88854ms.
Requested Url: https://www.spidasoftware.com/projectmanager/action/editAction?id=84091
Requested Url: https://www.spidasoftware.com/projectmanager/action/editAction?id=84091
?[36m[info]?[0m [phantom] wait() finished waiting for 2000ms.
?[36m[info]?[0m [phantom] Step _step 107/141 https://www.spidasoftware.com/projectmanager/flow/edit/87449# (HTTP 200)
?[36m[info]?[0m [phantom] Step _step 107/141: done in 90859ms.
?[36m[info]?[0m [phantom] waitFor() finished in 40ms.
?[36m[info]?[0m [phantom] Step waitedForJavascript 108/142 https://www.spidasoftware.com/projectmanager/flow/edit/87449# (HTTP 200)
?[32;1m[debug]?[0m [phantom] Capturing page to /Users/zpeugh/code/min/scripts/flowdocument/pngs/14 Day Clock for Lic to Accept Actual Cost.png
?[36m[info]?[0m [phantom] Capture saved to /Users/zpeugh/code/min/scripts/flowdocument/pngs/14 Day Clock for Lic to Accept Actual Cost.png
Captured action: 14 Day Clock for Lic to Accept Actual Cost
?[36m[info]?[0m [phantom] Step waitedForJavascript 108/142: done in 91257ms.
?[36m[info]?[0m [phantom] Step changeOnClickValue 109/142 https://www.spidasoftware.com/projectmanager/flow/edit/87449# (HTTP 200)
?[36m[info]?[0m [phantom] Step changeOnClickValue 109/142: done in 91260ms.
?[36m[info]?[0m [phantom] Step _step 110/142 https://www.spidasoftware.com/projectmanager/flow/edit/87449# (HTTP 200)
?[36m[info]?[0m [phantom] Step _step 110/142: done in 91353ms.
Requested Url: https://www.spidasoftware.com/projectmanager/action/editAction?id=83765
Requested Url: https://www.spidasoftware.com/projectmanager/action/editAction?id=83765
?[36m[info]?[0m [phantom] wait() finished waiting for 2000ms.
?[36m[info]?[0m [phantom] Step _step 111/143 https://www.spidasoftware.com/projectmanager/flow/edit/87449# (HTTP 200)
?[36m[info]?[0m [phantom] Step _step 111/143: done in 93372ms.
?[36m[info]?[0m [phantom] waitFor() finished in 40ms.
?[36m[info]?[0m [phantom] Step waitedForJavascript 112/144 https://www.spidasoftware.com/projectmanager/flow/edit/87449# (HTTP 200)
?[32;1m[debug]?[0m [phantom] Capturing page to /Users/zpeugh/code/min/scripts/flowdocument/pngs/Corrections Req'd Email.png
?[36m[info]?[0m [phantom] Capture saved to /Users/zpeugh/code/min/scripts/flowdocument/pngs/Corrections Req'd Email.png
Captured action: Corrections Req'd Email
?[36m[info]?[0m [phantom] Step waitedForJavascript 112/144: done in 93770ms.
?[36m[info]?[0m [phantom] Step changeOnClickValue 113/144 https://www.spidasoftware.com/projectmanager/flow/edit/87449# (HTTP 200)
?[36m[info]?[0m [phantom] Step changeOnClickValue 113/144: done in 93772ms.
?[36m[info]?[0m [phantom] Step _step 114/144 https://www.spidasoftware.com/projectmanager/flow/edit/87449# (HTTP 200)
?[36m[info]?[0m [phantom] Step _step 114/144: done in 93868ms.
Requested Url: https://www.spidasoftware.com/projectmanager/action/editAction?id=84159
Requested Url: https://www.spidasoftware.com/projectmanager/action/editAction?id=84159
?[36m[info]?[0m [phantom] wait() finished waiting for 2000ms.
?[36m[info]?[0m [phantom] Step _step 115/145 https://www.spidasoftware.com/projectmanager/flow/edit/87449# (HTTP 200)
?[36m[info]?[0m [phantom] Step _step 115/145: done in 95879ms.
?[36m[info]?[0m [phantom] waitFor() finished in 40ms.
?[36m[info]?[0m [phantom] Step waitedForJavascript 116/146 https://www.spidasoftware.com/projectmanager/flow/edit/87449# (HTTP 200)
?[32;1m[debug]?[0m [phantom] Capturing page to /Users/zpeugh/code/min/scripts/flowdocument/pngs/Email Licensee: Project Editing.png
?[36m[info]?[0m [phantom] Capture saved to /Users/zpeugh/code/min/scripts/flowdocument/pngs/Email Licensee: Project Editing.png
Captured action: Email Licensee: Project Editing
?[36m[info]?[0m [phantom] Step waitedForJavascript 116/146: done in 96275ms.
?[36m[info]?[0m [phantom] Step changeOnClickValue 117/146 https://www.spidasoftware.com/projectmanager/flow/edit/87449# (HTTP 200)
?[36m[info]?[0m [phantom] Step changeOnClickValue 117/146: done in 96277ms.
?[36m[info]?[0m [phantom] Step _step 118/146 https://www.spidasoftware.com/projectmanager/flow/edit/87449# (HTTP 200)
?[36m[info]?[0m [phantom] Step _step 118/146: done in 96371ms.
Requested Url: https://www.spidasoftware.com/projectmanager/action/editAction?id=84164
Requested Url: https://www.spidasoftware.com/projectmanager/action/editAction?id=84164
?[36m[info]?[0m [phantom] wait() finished waiting for 2000ms.
?[36m[info]?[0m [phantom] Step _step 119/147 https://www.spidasoftware.com/projectmanager/flow/edit/87449# (HTTP 200)
?[36m[info]?[0m [phantom] Step _step 119/147: done in 98377ms.
?[36m[info]?[0m [phantom] waitFor() finished in 41ms.
?[36m[info]?[0m [phantom] Step waitedForJavascript 120/148 https://www.spidasoftware.com/projectmanager/flow/edit/87449# (HTTP 200)
?[32;1m[debug]?[0m [phantom] Capturing page to /Users/zpeugh/code/min/scripts/flowdocument/pngs/Email Assignee, Canceled Project.png
?[36m[info]?[0m [phantom] Capture saved to /Users/zpeugh/code/min/scripts/flowdocument/pngs/Email Assignee, Canceled Project.png
Captured action: Email Assignee, Canceled Project
?[36m[info]?[0m [phantom] Step waitedForJavascript 120/148: done in 98842ms.
?[36m[info]?[0m [phantom] Step changeOnClickValue 121/148 https://www.spidasoftware.com/projectmanager/flow/edit/87449# (HTTP 200)
?[36m[info]?[0m [phantom] Step changeOnClickValue 121/148: done in 98845ms.
?[36m[info]?[0m [phantom] Step _step 122/148 https://www.spidasoftware.com/projectmanager/flow/edit/87449# (HTTP 200)
?[36m[info]?[0m [phantom] Step _step 122/148: done in 98943ms.
Requested Url: https://www.spidasoftware.com/projectmanager/action/editAction?id=83721
Requested Url: https://www.spidasoftware.com/projectmanager/action/editAction?id=83721
?[36m[info]?[0m [phantom] wait() finished waiting for 2000ms.
?[36m[info]?[0m [phantom] Step _step 123/149 https://www.spidasoftware.com/projectmanager/flow/edit/87449# (HTTP 200)
?[36m[info]?[0m [phantom] Step _step 123/149: done in 100964ms.
?[36m[info]?[0m [phantom] waitFor() finished in 40ms.
?[36m[info]?[0m [phantom] Step waitedForJavascript 124/150 https://www.spidasoftware.com/projectmanager/flow/edit/87449# (HTTP 200)
?[32;1m[debug]?[0m [phantom] Capturing page to /Users/zpeugh/code/min/scripts/flowdocument/pngs/Email Assignee, Verify Exhibit Signed.png
?[36m[info]?[0m [phantom] Capture saved to /Users/zpeugh/code/min/scripts/flowdocument/pngs/Email Assignee, Verify Exhibit Signed.png
Captured action: Email Assignee, Verify Exhibit Signed
?[36m[info]?[0m [phantom] Step waitedForJavascript 124/150: done in 101359ms.
?[36m[info]?[0m [phantom] Step changeOnClickValue 125/150 https://www.spidasoftware.com/projectmanager/flow/edit/87449# (HTTP 200)
?[36m[info]?[0m [phantom] Step changeOnClickValue 125/150: done in 101361ms.
?[36m[info]?[0m [phantom] Step _step 126/150 https://www.spidasoftware.com/projectmanager/flow/edit/87449# (HTTP 200)
?[36m[info]?[0m [phantom] Step _step 126/150: done in 101459ms.
Requested Url: https://www.spidasoftware.com/projectmanager/action/editAction?id=83746
Requested Url: https://www.spidasoftware.com/projectmanager/action/editAction?id=83746
?[36m[info]?[0m [phantom] wait() finished waiting for 2000ms.
?[36m[info]?[0m [phantom] Step _step 127/151 https://www.spidasoftware.com/projectmanager/flow/edit/87449# (HTTP 200)
?[36m[info]?[0m [phantom] Step _step 127/151: done in 103462ms.
?[36m[info]?[0m [phantom] waitFor() finished in 41ms.
?[36m[info]?[0m [phantom] Step waitedForJavascript 128/152 https://www.spidasoftware.com/projectmanager/flow/edit/87449# (HTTP 200)
?[32;1m[debug]?[0m [phantom] Capturing page to /Users/zpeugh/code/min/scripts/flowdocument/pngs/Email Licensee Begin Construction.png
?[36m[info]?[0m [phantom] Capture saved to /Users/zpeugh/code/min/scripts/flowdocument/pngs/Email Licensee Begin Construction.png
Captured action: Email Licensee Begin Construction
?[36m[info]?[0m [phantom] Step waitedForJavascript 128/152: done in 103862ms.
?[36m[info]?[0m [phantom] Step changeOnClickValue 129/152 https://www.spidasoftware.com/projectmanager/flow/edit/87449# (HTTP 200)
?[36m[info]?[0m [phantom] Step changeOnClickValue 129/152: done in 103864ms.
?[36m[info]?[0m [phantom] Step _step 130/152 https://www.spidasoftware.com/projectmanager/flow/edit/87449# (HTTP 200)
?[36m[info]?[0m [phantom] Step _step 130/152: done in 103959ms.
Requested Url: https://www.spidasoftware.com/projectmanager/action/editAction?id=84128
Requested Url: https://www.spidasoftware.com/projectmanager/action/editAction?id=84128
?[36m[info]?[0m [phantom] wait() finished waiting for 2000ms.
?[36m[info]?[0m [phantom] Step _step 131/153 https://www.spidasoftware.com/projectmanager/flow/edit/87449# (HTTP 200)
?[36m[info]?[0m [phantom] Step _step 131/153: done in 105962ms.
?[36m[info]?[0m [phantom] waitFor() finished in 40ms.
?[36m[info]?[0m [phantom] Step waitedForJavascript 132/154 https://www.spidasoftware.com/projectmanager/flow/edit/87449# (HTTP 200)
?[32;1m[debug]?[0m [phantom] Capturing page to /Users/zpeugh/code/min/scripts/flowdocument/pngs/Email Customer: Complete New Forms.png
?[36m[info]?[0m [phantom] Capture saved to /Users/zpeugh/code/min/scripts/flowdocument/pngs/Email Customer: Complete New Forms.png
Captured action: Email Customer: Complete New Forms
?[36m[info]?[0m [phantom] Step waitedForJavascript 132/154: done in 106359ms.
?[36m[info]?[0m [phantom] Step changeOnClickValue 133/154 https://www.spidasoftware.com/projectmanager/flow/edit/87449# (HTTP 200)
?[36m[info]?[0m [phantom] Step changeOnClickValue 133/154: done in 106361ms.
?[36m[info]?[0m [phantom] Step _step 134/154 https://www.spidasoftware.com/projectmanager/flow/edit/87449# (HTTP 200)
?[36m[info]?[0m [phantom] Step _step 134/154: done in 106460ms.
Requested Url: https://www.spidasoftware.com/projectmanager/action/editAction?id=83745
Requested Url: https://www.spidasoftware.com/projectmanager/action/editAction?id=83745
ATMOSPHERE CANCELLED
ATMOSPHERE CANCELLED
?[36m[info]?[0m [phantom] wait() finished waiting for 2000ms.
?[36m[info]?[0m [phantom] Step _step 135/155 https://www.spidasoftware.com/projectmanager/flow/edit/87449# (HTTP 200)
?[36m[info]?[0m [phantom] Step _step 135/155: done in 108464ms.
?[36m[info]?[0m [phantom] waitFor() finished in 42ms.
?[36m[info]?[0m [phantom] Step waitedForJavascript 136/156 https://www.spidasoftware.com/projectmanager/flow/edit/87449# (HTTP 200)
?[32;1m[debug]?[0m [phantom] Capturing page to /Users/zpeugh/code/min/scripts/flowdocument/pngs/90 Day Clock.png
?[36m[info]?[0m [phantom] Capture saved to /Users/zpeugh/code/min/scripts/flowdocument/pngs/90 Day Clock.png
Captured action: 90 Day Clock
?[36m[info]?[0m [phantom] Step waitedForJavascript 136/156: done in 108868ms.
?[36m[info]?[0m [phantom] Step changeOnClickValue 137/156 https://www.spidasoftware.com/projectmanager/flow/edit/87449# (HTTP 200)
?[36m[info]?[0m [phantom] Step changeOnClickValue 137/156: done in 108871ms.
?[36m[info]?[0m [phantom] Step _step 138/156 https://www.spidasoftware.com/projectmanager/flow/edit/87449# (HTTP 200)
?[36m[info]?[0m [phantom] Step _step 138/156: done in 108969ms.
Requested Url: https://www.spidasoftware.com/projectmanager/action/editAction?id=84131
Requested Url: https://www.spidasoftware.com/projectmanager/action/editAction?id=84131
?[36m[info]?[0m [phantom] wait() finished waiting for 2000ms.
?[36m[info]?[0m [phantom] Step _step 139/157 https://www.spidasoftware.com/projectmanager/flow/edit/87449# (HTTP 200)
?[36m[info]?[0m [phantom] Step _step 139/157: done in 110974ms.
?[36m[info]?[0m [phantom] waitFor() finished in 40ms.
?[36m[info]?[0m [phantom] Step waitedForJavascript 140/158 https://www.spidasoftware.com/projectmanager/flow/edit/87449# (HTTP 200)
?[32;1m[debug]?[0m [phantom] Capturing page to /Users/zpeugh/code/min/scripts/flowdocument/pngs/Assign Joint Use Manager as Manager.png
?[36m[info]?[0m [phantom] Capture saved to /Users/zpeugh/code/min/scripts/flowdocument/pngs/Assign Joint Use Manager as Manager.png
Captured action: Assign Joint Use Manager as Manager
?[36m[info]?[0m [phantom] Step waitedForJavascript 140/158: done in 111417ms.
?[36m[info]?[0m [phantom] Step changeOnClickValue 141/158 https://www.spidasoftware.com/projectmanager/flow/edit/87449# (HTTP 200)
?[36m[info]?[0m [phantom] Step changeOnClickValue 141/158: done in 111419ms.
?[36m[info]?[0m [phantom] Step _step 142/158 https://www.spidasoftware.com/projectmanager/flow/edit/87449# (HTTP 200)
?[36m[info]?[0m [phantom] Step _step 142/158: done in 111515ms.
Requested Url: https://www.spidasoftware.com/projectmanager/action/editAction?id=86100
Requested Url: https://www.spidasoftware.com/projectmanager/action/editAction?id=86100
?[36m[info]?[0m [phantom] wait() finished waiting for 2000ms.
?[36m[info]?[0m [phantom] Step _step 143/159 https://www.spidasoftware.com/projectmanager/flow/edit/87449# (HTTP 200)
?[36m[info]?[0m [phantom] Step _step 143/159: done in 113523ms.
?[36m[info]?[0m [phantom] waitFor() finished in 40ms.
?[36m[info]?[0m [phantom] Step waitedForJavascript 144/160 https://www.spidasoftware.com/projectmanager/flow/edit/87449# (HTTP 200)
?[32;1m[debug]?[0m [phantom] Capturing page to /Users/zpeugh/code/min/scripts/flowdocument/pngs/Assign Customer.png
?[36m[info]?[0m [phantom] Capture saved to /Users/zpeugh/code/min/scripts/flowdocument/pngs/Assign Customer.png
Captured action: Assign Customer
?[36m[info]?[0m [phantom] Step waitedForJavascript 144/160: done in 113969ms.
?[36m[info]?[0m [phantom] Step changeOnClickValue 145/160 https://www.spidasoftware.com/projectmanager/flow/edit/87449# (HTTP 200)
?[36m[info]?[0m [phantom] Step changeOnClickValue 145/160: done in 113972ms.
?[36m[info]?[0m [phantom] Step _step 146/160 https://www.spidasoftware.com/projectmanager/flow/edit/87449# (HTTP 200)
?[36m[info]?[0m [phantom] Step _step 146/160: done in 114068ms.
Requested Url: https://www.spidasoftware.com/projectmanager/action/editAction?id=87535
Requested Url: https://www.spidasoftware.com/projectmanager/action/editAction?id=87535
?[36m[info]?[0m [phantom] wait() finished waiting for 2000ms.
?[36m[info]?[0m [phantom] Step _step 147/161 https://www.spidasoftware.com/projectmanager/flow/edit/87449# (HTTP 200)
?[36m[info]?[0m [phantom] Step _step 147/161: done in 116075ms.
?[36m[info]?[0m [phantom] waitFor() finished in 40ms.
?[36m[info]?[0m [phantom] Step waitedForJavascript 148/162 https://www.spidasoftware.com/projectmanager/flow/edit/87449# (HTTP 200)
?[32;1m[debug]?[0m [phantom] Capturing page to /Users/zpeugh/code/min/scripts/flowdocument/pngs/PNM Assignee Other Attachers.png
?[36m[info]?[0m [phantom] Capture saved to /Users/zpeugh/code/min/scripts/flowdocument/pngs/PNM Assignee Other Attachers.png
Captured action: PNM Assignee Other Attachers
?[36m[info]?[0m [phantom] Step waitedForJavascript 148/162: done in 116471ms.
?[36m[info]?[0m [phantom] Step changeOnClickValue 149/162 https://www.spidasoftware.com/projectmanager/flow/edit/87449# (HTTP 200)
?[36m[info]?[0m [phantom] Step changeOnClickValue 149/162: done in 116473ms.
?[36m[info]?[0m [phantom] Step _step 150/162 https://www.spidasoftware.com/projectmanager/flow/edit/87449# (HTTP 200)
?[36m[info]?[0m [phantom] Step _step 150/162: done in 116569ms.
Requested Url: https://www.spidasoftware.com/projectmanager/action/editAction?id=84118
Requested Url: https://www.spidasoftware.com/projectmanager/action/editAction?id=84118
?[36m[info]?[0m [phantom] wait() finished waiting for 2000ms.
?[36m[info]?[0m [phantom] Step _step 151/163 https://www.spidasoftware.com/projectmanager/flow/edit/87449# (HTTP 200)
?[36m[info]?[0m [phantom] Step _step 151/163: done in 118590ms.
?[36m[info]?[0m [phantom] waitFor() finished in 43ms.
?[36m[info]?[0m [phantom] Step waitedForJavascript 152/164 https://www.spidasoftware.com/projectmanager/flow/edit/87449# (HTTP 200)
?[32;1m[debug]?[0m [phantom] Capturing page to /Users/zpeugh/code/min/scripts/flowdocument/pngs/Email Customer: Editing Projects.png
?[36m[info]?[0m [phantom] Capture saved to /Users/zpeugh/code/min/scripts/flowdocument/pngs/Email Customer: Editing Projects.png
Captured action: Email Customer: Editing Projects
?[36m[info]?[0m [phantom] Step waitedForJavascript 152/164: done in 118991ms.
?[36m[info]?[0m [phantom] Step changeOnClickValue 153/164 https://www.spidasoftware.com/projectmanager/flow/edit/87449# (HTTP 200)
?[36m[info]?[0m [phantom] Step changeOnClickValue 153/164: done in 118993ms.
?[36m[info]?[0m [phantom] Step _step 154/164 https://www.spidasoftware.com/projectmanager/flow/edit/87449# (HTTP 200)
?[36m[info]?[0m [phantom] Step _step 154/164: done in 119093ms.
Requested Url: https://www.spidasoftware.com/projectmanager/action/editAction?id=84176
Requested Url: https://www.spidasoftware.com/projectmanager/action/editAction?id=84176
?[36m[info]?[0m [phantom] wait() finished waiting for 2000ms.
?[36m[info]?[0m [phantom] Step _step 155/165 https://www.spidasoftware.com/projectmanager/flow/edit/87449# (HTTP 200)
?[36m[info]?[0m [phantom] Step _step 155/165: done in 121110ms.
?[36m[info]?[0m [phantom] waitFor() finished in 42ms.
?[36m[info]?[0m [phantom] Step waitedForJavascript 156/166 https://www.spidasoftware.com/projectmanager/flow/edit/87449# (HTTP 200)
?[32;1m[debug]?[0m [phantom] Capturing page to /Users/zpeugh/code/min/scripts/flowdocument/pngs/Email Customer: Application Instructions.png
?[36m[info]?[0m [phantom] Capture saved to /Users/zpeugh/code/min/scripts/flowdocument/pngs/Email Customer: Application Instructions.png
Captured action: Email Customer: Application Instructions
?[36m[info]?[0m [phantom] Step waitedForJavascript 156/166: done in 121508ms.
?[36m[info]?[0m [phantom] Step changeOnClickValue 157/166 https://www.spidasoftware.com/projectmanager/flow/edit/87449# (HTTP 200)
?[36m[info]?[0m [phantom] Step changeOnClickValue 157/166: done in 121510ms.
?[36m[info]?[0m [phantom] Step _step 158/166 https://www.spidasoftware.com/projectmanager/flow/edit/87449# (HTTP 200)
?[36m[info]?[0m [phantom] Step _step 158/166: done in 121606ms.
Requested Url: https://www.spidasoftware.com/projectmanager/action/editAction?id=84102
Requested Url: https://www.spidasoftware.com/projectmanager/action/editAction?id=84102
?[36m[info]?[0m [phantom] wait() finished waiting for 2000ms.
?[36m[info]?[0m [phantom] Step _step 159/167 https://www.spidasoftware.com/projectmanager/flow/edit/87449# (HTTP 200)
?[36m[info]?[0m [phantom] Step _step 159/167: done in 123615ms.
?[36m[info]?[0m [phantom] waitFor() finished in 42ms.
?[36m[info]?[0m [phantom] Step waitedForJavascript 160/168 https://www.spidasoftware.com/projectmanager/flow/edit/87449# (HTTP 200)
?[32;1m[debug]?[0m [phantom] Capturing page to /Users/zpeugh/code/min/scripts/flowdocument/pngs/Email Customer: Editing Instructions.png
?[36m[info]?[0m [phantom] Capture saved to /Users/zpeugh/code/min/scripts/flowdocument/pngs/Email Customer: Editing Instructions.png
Captured action: Email Customer: Editing Instructions
?[36m[info]?[0m [phantom] Step waitedForJavascript 160/168: done in 124013ms.
?[36m[info]?[0m [phantom] Step changeOnClickValue 161/168 https://www.spidasoftware.com/projectmanager/flow/edit/87449# (HTTP 200)
?[36m[info]?[0m [phantom] Step changeOnClickValue 161/168: done in 124015ms.
?[36m[info]?[0m [phantom] Step _step 162/168 https://www.spidasoftware.com/projectmanager/flow/edit/87449# (HTTP 200)
?[36m[info]?[0m [phantom] Step _step 162/168: done in 124111ms.
Requested Url: https://www.spidasoftware.com/projectmanager/action/editAction?id=84075
Requested Url: https://www.spidasoftware.com/projectmanager/action/editAction?id=84075
?[36m[info]?[0m [phantom] wait() finished waiting for 2000ms.
?[36m[info]?[0m [phantom] Step _step 163/169 https://www.spidasoftware.com/projectmanager/flow/edit/87449# (HTTP 200)
?[36m[info]?[0m [phantom] Step _step 163/169: done in 126118ms.
?[36m[info]?[0m [phantom] waitFor() finished in 41ms.
?[36m[info]?[0m [phantom] Step waitedForJavascript 164/170 https://www.spidasoftware.com/projectmanager/flow/edit/87449# (HTTP 200)
?[32;1m[debug]?[0m [phantom] Capturing page to /Users/zpeugh/code/min/scripts/flowdocument/pngs/Email Customer: Review Make Ready.png
?[36m[info]?[0m [phantom] Capture saved to /Users/zpeugh/code/min/scripts/flowdocument/pngs/Email Customer: Review Make Ready.png
Captured action: Email Customer: Review Make Ready
?[36m[info]?[0m [phantom] Step waitedForJavascript 164/170: done in 126519ms.
?[36m[info]?[0m [phantom] Step changeOnClickValue 165/170 https://www.spidasoftware.com/projectmanager/flow/edit/87449# (HTTP 200)
?[36m[info]?[0m [phantom] Step changeOnClickValue 165/170: done in 126521ms.
?[36m[info]?[0m [phantom] Step _step 166/170 https://www.spidasoftware.com/projectmanager/flow/edit/87449# (HTTP 200)
?[36m[info]?[0m [phantom] Step _step 166/170: done in 126616ms.
Requested Url: https://www.spidasoftware.com/projectmanager/action/editAction?id=87491
Requested Url: https://www.spidasoftware.com/projectmanager/action/editAction?id=87491
?[36m[info]?[0m [phantom] wait() finished waiting for 2000ms.
?[36m[info]?[0m [phantom] Step _step 167/171 https://www.spidasoftware.com/projectmanager/flow/edit/87449# (HTTP 200)
?[36m[info]?[0m [phantom] Step _step 167/171: done in 128620ms.
?[36m[info]?[0m [phantom] waitFor() finished in 40ms.
?[36m[info]?[0m [phantom] Step waitedForJavascript 168/172 https://www.spidasoftware.com/projectmanager/flow/edit/87449# (HTTP 200)
?[32;1m[debug]?[0m [phantom] Capturing page to /Users/zpeugh/code/min/scripts/flowdocument/pngs/60 Days Complete ACME MR.png
?[36m[info]?[0m [phantom] Capture saved to /Users/zpeugh/code/min/scripts/flowdocument/pngs/60 Days Complete ACME MR.png
Captured action: 60 Days Complete ACME MR
?[36m[info]?[0m [phantom] Step waitedForJavascript 168/172: done in 129020ms.
?[36m[info]?[0m [phantom] Step changeOnClickValue 169/172 https://www.spidasoftware.com/projectmanager/flow/edit/87449# (HTTP 200)
?[36m[info]?[0m [phantom] Step changeOnClickValue 169/172: done in 129022ms.
?[36m[info]?[0m [phantom] Step _step 170/172 https://www.spidasoftware.com/projectmanager/flow/edit/87449# (HTTP 200)
?[36m[info]?[0m [phantom] Step _step 170/172: done in 129120ms.
Requested Url: https://www.spidasoftware.com/projectmanager/action/editAction?id=87513
Requested Url: https://www.spidasoftware.com/projectmanager/action/editAction?id=87513
?[36m[info]?[0m [phantom] wait() finished waiting for 2000ms.
?[36m[info]?[0m [phantom] Step _step 171/173 https://www.spidasoftware.com/projectmanager/flow/edit/87449# (HTTP 200)
?[36m[info]?[0m [phantom] Step _step 171/173: done in 131135ms.
?[36m[info]?[0m [phantom] waitFor() finished in 40ms.
?[36m[info]?[0m [phantom] Step waitedForJavascript 172/174 https://www.spidasoftware.com/projectmanager/flow/edit/87449# (HTTP 200)
?[32;1m[debug]?[0m [phantom] Capturing page to /Users/zpeugh/code/min/scripts/flowdocument/pngs/Assign ACME JU Admin.png
?[36m[info]?[0m [phantom] Capture saved to /Users/zpeugh/code/min/scripts/flowdocument/pngs/Assign ACME JU Admin.png
Captured action: Assign ACME JU Admin
?[36m[info]?[0m [phantom] Step waitedForJavascript 172/174: done in 131533ms.
?[36m[info]?[0m [phantom] Step changeOnClickValue 173/174 https://www.spidasoftware.com/projectmanager/flow/edit/87449# (HTTP 200)
?[36m[info]?[0m [phantom] Step changeOnClickValue 173/174: done in 131535ms.
?[36m[info]?[0m [phantom] Step _step 174/174 https://www.spidasoftware.com/projectmanager/flow/edit/87449# (HTTP 200)
?[36m[info]?[0m [phantom] Step _step 174/174: done in 131629ms.
Requested Url: https://www.spidasoftware.com/projectmanager/action/editAction?id=84116
Requested Url: https://www.spidasoftware.com/projectmanager/action/editAction?id=84116
?[36m[info]?[0m [phantom] wait() finished waiting for 2000ms.
?[36m[info]?[0m [phantom] Step _step 175/175 https://www.spidasoftware.com/projectmanager/flow/edit/87449# (HTTP 200)
?[36m[info]?[0m [phantom] Step _step 175/175: done in 133645ms.
?[36m[info]?[0m [phantom] waitFor() finished in 40ms.
?[36m[info]?[0m [phantom] Step waitedForJavascript 176/176 https://www.spidasoftware.com/projectmanager/flow/edit/87449# (HTTP 200)
?[32;1m[debug]?[0m [phantom] Capturing page to /Users/zpeugh/code/min/scripts/flowdocument/pngs/Review Actual Cost.png
?[36m[info]?[0m [phantom] Capture saved to /Users/zpeugh/code/min/scripts/flowdocument/pngs/Review Actual Cost.png
Captured action: Review Actual Cost
?[36m[info]?[0m [phantom] Step waitedForJavascript 176/176: done in 134041ms.
?[36m[info]?[0m [phantom] Done 176 steps in 134041ms
args: Resume~45~Day~Clock 60~Days~Complete~ACME~MR Pause~45~Day~Clock Email~Assignee,~Canceled~Project Unlock~Project Email~Customer:~Editing~Instructions Email~Customer~(Proceed~to~Attach) Email~Assignee,~Verify~Exhibit~Signed Assign~Licensee 14~Days,~Notify~Customer~of~Actual~Cost Remove~Time~Markers Lic.~14~Days~to~Respond CompletePoleFormEmail Email~Customer:~Application~Instructions Assign~Customer Email~Managers,~Canceled~Project Review~Actual~Cost StationFormAction Corrections~Required~Email Email~Customer:~Editing~Projects Assign~ACME~JU~Admin Pole~Count~Locked 14~Days~to~Respond 90~Day~Clock Email~Customer:~Complete~New~Forms Assign~Joint~Use~Manager~as~Manager 45~Day~Clock Email~Licensee~Begin~Construction Generate~Calc~File Email~Customer:~Review~Make~Ready Email~Customer~(No~Make~Ready~Reqd) Remove~Clock PNM~Assignee~Other~Attachers Email~Lic~Canceled AssignAssigneeFromForm Corrections~Req'd~Email 30~Days~to~Correct~Installation 14~Day~Clock~for~Lic~to~Accept~Actual~Cost Email~Licensee:~Project~Editing
Actions to capture: 
0: Resume 45 Day Clock
1: 60 Days Complete ACME MR
2: Pause 45 Day Clock
3: Email Assignee, Canceled Project
4: Unlock Project
5: Email Customer: Editing Instructions
6: Email Customer (Proceed to Attach)
7: Email Assignee, Verify Exhibit Signed
8: Assign Licensee
9: 14 Days, Notify Customer of Actual Cost
10: Remove Time Markers
11: Lic. 14 Days to Respond
12: CompletePoleFormEmail
13: Email Customer: Application Instructions
14: Assign Customer
15: Email Managers, Canceled Project
16: Review Actual Cost
17: StationFormAction
18: Corrections Required Email
19: Email Customer: Editing Projects
20: Assign ACME JU Admin
21: Pole Count Locked
22: 14 Days to Respond
23: 90 Day Clock
24: Email Customer: Complete New Forms
25: Assign Joint Use Manager as Manager
26: 45 Day Clock
27: Email Licensee Begin Construction
28: Generate Calc File
29: Email Customer: Review Make Ready
30: Email Customer (No Make Ready Reqd)
31: Remove Clock
32: PNM Assignee Other Attachers
33: Email Lic Canceled
34: AssignAssigneeFromForm
35: Corrections Req'd Email
36: 30 Days to Correct Installation
37: 14 Day Clock for Lic to Accept Actual Cost
38: Email Licensee: Project Editing
script timed out
All actions: [Resume 45 Day Clock, 60 Days Complete ACME MR, Pause 45 Day Clock, Email Assignee, Canceled Project, Unlock Project, Email Customer: Editing Instructions, Email Customer (Proceed to Attach), Email Assignee, Verify Exhibit Signed, Assign Licensee, 14 Days, Notify Customer of Actual Cost, Remove Time Markers, Lic. 14 Days to Respond, CompletePoleFormEmail, Email Customer: Application Instructions, Assign Customer, Email Managers, Canceled Project, Review Actual Cost, StationFormAction, Corrections Required Email, Email Customer: Editing Projects, Assign ACME JU Admin, Pole Count Locked, 14 Days to Respond, 90 Day Clock, Email Customer: Complete New Forms, Assign Joint Use Manager as Manager, 45 Day Clock, Email Licensee Begin Construction, Generate Calc File, Email Customer: Review Make Ready, Email Customer (No Make Ready Reqd), Remove Clock, PNM Assignee Other Attachers, Email Lic Canceled, AssignAssigneeFromForm, Corrections Req'd Email, 30 Days to Correct Installation, 14 Day Clock for Lic to Accept Actual Cost, Email Licensee: Project Editing]
Missed actions: null
Forms to capture: 
1: Pole Profile
2: Permits
3: Project Details
Logged in as: ACME Power Co.
script timed out
Navigating to Flow Form List
Currently at: https://www.spidasoftware.com/projectmanager/formTemplate/list
Stored screenshot of form: Permits
Stored screenshot of form: Pole Profile
Stored screenshot of form: Project Details
Forms to generate: 
0: Pole Profile
1: Permits
2: Project Details
All forms: [Pole Profile, Permits, Project Details]
Missed Forms: null
company name: ACME Power Co.
flow Name: Overhead EJU
2: Email: Construction Corrections Required
3: Assign Tech
4: Generate Calc File
5: Email: Minor Make Ready Required
6: Assign Construction
7: Pole Forms
8: 45 Day TPA Construction Clock
9: Assign TPA
10: Email: TPA Construction
11: Remove Time Markers
12: Pull Photos From Calc
13: Estimate Process 14 Day Clock
14: Assign Billing
15: Email: Pole Details Require Corrections
16: Assign Acme EJU Clerk
17: Lock Project
18: Engineering Review 45 Day Clock
19: Email: Project Accepted
20: Email: Major Make Ready Required
21: Email: No Make Ready Work Required
22: Assign Engineering
?[36m[info]?[0m [phantom] Starting...
?[36m[info]?[0m [phantom] Execution timeout set to 10000ms
?[36m[info]?[0m [phantom] Running suite: 13 steps
?[32;1m[debug]?[0m [phantom] opening url: https://www.spidasoftware.com/projectmanager/, HTTP GET
?[32;1m[debug]?[0m [phantom] Navigation requested: url=https://www.spidasoftware.com/projectmanager/, type=Other, willNavigate=true, isMainFrame=true
Requested Url: https://www.spidasoftware.com/projectmanager/
?[32;1m[debug]?[0m [phantom] Navigation requested: url=https://www.spidasoftware.com/cas/login?service=https://www.spidasoftware.com/projectmanager/j_spring_cas_security_check, type=Other, willNavigate=true, isMainFrame=true
Requested Url: https://www.spidasoftware.com/cas/login?service=https%3A%2F%2Fwww.spidasoftware.com%2Fprojectmanager%2Fj_spring_cas_security_check
?[32;1m[debug]?[0m [phantom] url changed to "https://www.spidasoftware.com/cas/login?service=https://www.spidasoftware.com/projectmanager/j_spring_cas_security_check"
Requested Url: https://www.spidasoftware.com/cas/login?service=https%3A%2F%2Fwww.spidasoftware.com%2Fprojectmanager%2Fj_spring_cas_security_check
Requested Url: https://www.spidasoftware.com/cas/css/cas.css;jsessionid=D97A43979521AFB6B3A7FEBA83C54936
Requested Url: https://www.spidasoftware.com/cas/css/cas.css;jsessionid=D97A43979521AFB6B3A7FEBA83C54936
Requested Url: https://www.spidasoftware.com/cas/css/spida.css
Requested Url: https://www.spidasoftware.com/cas/css/spida.css
Requested Url: https://ajax.googleapis.com/ajax/libs/jquery/1.4.2/jquery.min.js
Requested Url: https://ajax.googleapis.com/ajax/libs/jqueryui/1.8.5/jquery-ui.min.js
Requested Url: https://ajax.googleapis.com/ajax/libs/jquery/1.4.2/jquery.min.js
Requested Url: https://ajax.googleapis.com/ajax/libs/jqueryui/1.8.5/jquery-ui.min.js
Requested Url: https://www.spidasoftware.com/cas/js/jquery-1.9.0.min.js
Requested Url: https://www.spidasoftware.com/cas/images/deboss.png
Requested Url: https://www.spidasoftware.com/cas/images/deboss.png
Requested Url: https://www.spidasoftware.com/cas/js/cas.js;jsessionid=D97A43979521AFB6B3A7FEBA83C54936
Requested Url: https://www.spidasoftware.com/cas/js/cas.js;jsessionid=D97A43979521AFB6B3A7FEBA83C54936
Requested Url: https://www.spidasoftware.com/cas/js/jquery-1.9.0.min.js
Requested Url: https://www.spidasoftware.com/cas/images/spida-small.png
Requested Url: https://www.spidasoftware.com/cas/images/spida-small.png
Requested Url: https://www.spidasoftware.com/cas/images/key-point_br.gif
Requested Url: https://www.spidasoftware.com/cas/images/key-point_br.gif
Requested Url: https://www.spidasoftware.com/cas/images/key-point_tl.gif
Requested Url: https://www.spidasoftware.com/cas/images/key-point_tl.gif
Requested Url: https://www.spidasoftware.com/cas/images/key-point_bl.gif
Requested Url: https://www.spidasoftware.com/cas/images/key-point_bl.gif
Requested Url: https://www.spidasoftware.com/cas/images/key-point_tr.gif
Requested Url: https://www.spidasoftware.com/cas/images/key-point_tr.gif
Requested Url: https://www.spidasoftware.com/cas/images/ja-sig-logo.gif
Requested Url: https://www.spidasoftware.com/cas/images/ja-sig-logo.gif
?[32;1m[debug]?[0m [phantom] Successfully injected Casper client-side utilities
?[32;1m[debug]?[0m [phantom] start page is loaded
?[36m[info]?[0m [phantom] Step login 3/13 https://www.spidasoftware.com/cas/login?service=https://www.spidasoftware.com/projectmanager/j_spring_cas_security_check (HTTP 200)
?[36m[info]?[0m [remote] attempting to fetch form element from selector: 'form#fm1'
?[32;1m[debug]?[0m [remote] Set "username" field value to admin@spidasoftware.com
?[32;1m[debug]?[0m [remote] Set "password" field value to ***************
?[36m[info]?[0m [remote] submitting form to /cas/login;jsessionid=D97A43979521AFB6B3A7FEBA83C54936?service=https%3A%2F%2Fwww.spidasoftware.com%2Fprojectmanager%2Fj_spring_cas_security_check, HTTP POST
?[36m[info]?[0m [phantom] Step login 3/13: done in 1079ms.
?[32;1m[debug]?[0m [phantom] Navigation requested: url=https://www.spidasoftware.com/cas/login;jsessionid=D97A43979521AFB6B3A7FEBA83C54936?service=https://www.spidasoftware.com/projectmanager/j_spring_cas_security_check, type=FormSubmitted, willNavigate=true, isMainFrame=true
Requested Url: https://www.spidasoftware.com/cas/login;jsessionid=D97A43979521AFB6B3A7FEBA83C54936?service=https%3A%2F%2Fwww.spidasoftware.com%2Fprojectmanager%2Fj_spring_cas_security_check
?[32;1m[debug]?[0m [phantom] Navigation requested: url=https://www.spidasoftware.com/projectmanager/j_spring_cas_security_check?ticket=ST-168-KVofu45pd65k1aB9mGTF-www.spidasoftware.com, type=FormSubmitted, willNavigate=true, isMainFrame=true
Requested Url: https://www.spidasoftware.com/projectmanager/j_spring_cas_security_check?ticket=ST-168-KVofu45pd65k1aB9mGTF-www.spidasoftware.com
?[32;1m[debug]?[0m [phantom] Navigation requested: url=https://www.spidasoftware.com/projectmanager/, type=FormSubmitted, willNavigate=true, isMainFrame=true
Requested Url: https://www.spidasoftware.com/projectmanager/
?[32;1m[debug]?[0m [phantom] url changed to "https://www.spidasoftware.com/projectmanager/"
Requested Url: https://www.spidasoftware.com/projectmanager/
Requested Url: https://www.spidasoftware.com/projectmanager/assets/application-eb20b43cf60215725cfe9f3ee324ab29.css
Requested Url: https://www.spidasoftware.com/projectmanager/assets/application-eb20b43cf60215725cfe9f3ee324ab29.css
Requested Url: https://www.spidasoftware.com/projectmanager/assets/fullwidth-712c8be92ed2438fa54c602fa4ead9de.css
Requested Url: https://www.spidasoftware.com/projectmanager/assets/fullwidth-712c8be92ed2438fa54c602fa4ead9de.css
Requested Url: https://www.spidasoftware.com/projectmanager/assets/manifests/dashboard-bb51ee3aaa45140c7b368ac1257e2bb6.css
Requested Url: https://www.spidasoftware.com/projectmanager/assets/manifests/dashboard-bb51ee3aaa45140c7b368ac1257e2bb6.css
Requested Url: https://www.spidasoftware.com/projectmanager/assets/manifests/dashboard-ca798a2aa13668b62f4cfb792b5cb005.js
Requested Url: https://www.spidasoftware.com/projectmanager/assets/layout-740b63f13e950682666c41e738489382.js
Requested Url: https://www.spidasoftware.com/projectmanager/assets/layout/bg-wrappage-4024e4b9b2f45c38e97593fdc99855fe.gif
Requested Url: https://www.spidasoftware.com/projectmanager/assets/layout/bg-wrappage-4024e4b9b2f45c38e97593fdc99855fe.gif
Requested Url: https://www.spidasoftware.com/projectmanager/assets/layout-740b63f13e950682666c41e738489382.js
Requested Url: https://www.spidasoftware.com/projectmanager/assets/manifests/dashboard-ca798a2aa13668b62f4cfb792b5cb005.js
Requested Url: https://www.spidasoftware.com/projectmanager/assets/ajax-loader-22e80548042a44cb9c0e053d56e5256c.gif
Requested Url: https://www.spidasoftware.com/projectmanager/assets/ajax-loader-22e80548042a44cb9c0e053d56e5256c.gif
Requested Url: https://www.spidasoftware.com/projectmanager/assets/deboss-ed16c7a3699e4e401f23e3e7338d8546.png
Requested Url: https://www.spidasoftware.com/projectmanager/assets/deboss-ed16c7a3699e4e401f23e3e7338d8546.png
Requested Url: https://www.spidasoftware.com/projectmanager/assets/fullwidth-712c8be92ed2438fa54c602fa4ead9de.css
Requested Url: https://www.spidasoftware.com/projectmanager/assets/fullwidth-712c8be92ed2438fa54c602fa4ead9de.css
Requested Url: https://www.spidasoftware.com/projectmanager/assets/layout/header-spidamin-e40ce1bb4403d5c7db28e7855d5c74d0.gif
Requested Url: https://www.spidasoftware.com/projectmanager/assets/layout/header-spidamin-e40ce1bb4403d5c7db28e7855d5c74d0.gif
Requested Url: https://www.spidasoftware.com/projectmanager/plugins/layout-3.7/images/16/user.png
Requested Url: https://www.spidasoftware.com/projectmanager/plugins/layout-3.7/images/16/user.png
Requested Url: https://www.spidasoftware.com/projectmanager/plugins/layout-3.7/images/32/user.png
Requested Url: https://www.spidasoftware.com/projectmanager/plugins/layout-3.7/images/32/user.png
Requested Url: https://www.spidasoftware.com/projectmanager/plugins/layout-3.7/images/16/comment.png
Requested Url: https://www.spidasoftware.com/projectmanager/plugins/layout-3.7/images/16/comment.png
Requested Url: https://www.spidasoftware.com/projectmanager/plugins/layout-3.7/images/16/config.png
Requested Url: https://www.spidasoftware.com/projectmanager/plugins/layout-3.7/images/16/config.png
Requested Url: https://www.spidasoftware.com/projectmanager/plugins/layout-3.7/images/16/logout.png
Requested Url: https://www.spidasoftware.com/projectmanager/plugins/layout-3.7/images/16/logout.png
Requested Url: https://www.spidasoftware.com/projectmanager/assets/menu_indicator-06e43d6d3f303158042880db8bd88a00.png
Requested Url: https://www.spidasoftware.com/projectmanager/assets/menu_indicator-06e43d6d3f303158042880db8bd88a00.png
Requested Url: https://www.spidasoftware.com/projectmanager/assets/16/calendar-f8cd1aa487b98cf09ba57257d68f8ae5.png
Requested Url: https://www.spidasoftware.com/projectmanager/assets/16/calendar-f8cd1aa487b98cf09ba57257d68f8ae5.png
Requested Url: https://www.spidasoftware.com/projectmanager/assets/16/finished-work-ad9d9abd2436e0648067a59fb689efe0.png
Requested Url: https://www.spidasoftware.com/projectmanager/assets/16/finished-work-ad9d9abd2436e0648067a59fb689efe0.png
Requested Url: https://www.spidasoftware.com/projectmanager/assets/Sawasdee-24fcdb41df7fca27205cfb13df8a78aa.ttf
Requested Url: https://www.spidasoftware.com/projectmanager/assets/16/pie-0250125d48a626c8fc53759e9ab40021.png
Requested Url: https://www.spidasoftware.com/projectmanager/assets/16/pie-0250125d48a626c8fc53759e9ab40021.png
Requested Url: https://www.spidasoftware.com/projectmanager/assets/16/save-0eedd6a7239807cde0770a15dd42321b.png
Requested Url: https://www.spidasoftware.com/projectmanager/assets/16/save-0eedd6a7239807cde0770a15dd42321b.png
Requested Url: https://www.spidasoftware.com/projectmanager/assets/Sawasdee-Bold-e259f8084233a474a753b405642cbe67.ttf
Requested Url: https://www.spidasoftware.com/projectmanager/assets/16/statistics-5ac61cbdfeb3383fed3cad7f2ab9feaf.png
Requested Url: https://www.spidasoftware.com/projectmanager/assets/16/statistics-5ac61cbdfeb3383fed3cad7f2ab9feaf.png
ATMOSPHERE CANCELLED
ATMOSPHERE CANCELLED
Requested Url: https://www.spidasoftware.com/projectmanager/assets/images/ui-bg_glass_75_e6e6e6_1x400-f4254356c2a8c9a383205ef2c4de22c4.png
Requested Url: https://www.spidasoftware.com/projectmanager/assets/images/ui-bg_glass_75_e6e6e6_1x400-f4254356c2a8c9a383205ef2c4de22c4.png
Requested Url: https://www.spidasoftware.com/projectmanager/assets/images/ui-icons_888888_256x240-9c46d7cab43e22a14bad26d2d4806d80.png
Requested Url: https://www.spidasoftware.com/projectmanager/assets/images/ui-icons_888888_256x240-9c46d7cab43e22a14bad26d2d4806d80.png
?[32;1m[debug]?[0m [phantom] Successfully injected Casper client-side utilities
?[36m[info]?[0m [phantom] Step _step 4/13 https://www.spidasoftware.com/projectmanager/ (HTTP 200)
?[36m[info]?[0m [phantom] Step _step 4/13: done in 5624ms.
?[36m[info]?[0m [phantom] waitFor() finished in 41ms.
?[36m[info]?[0m [phantom] Step afterLogin 5/14 https://www.spidasoftware.com/projectmanager/ (HTTP 200)
Logged in successfully
?[36m[info]?[0m [phantom] Step afterLogin 5/14: done in 5683ms.
Requested Url: https://www.spidasoftware.com/projectmanager/assets/images/ui-bg_glass_65_ffffff_1x400-e5a8f32e28fd5c27bf0fed33c8a8b9b5.png
Requested Url: https://www.spidasoftware.com/projectmanager/assets/images/ui-bg_glass_65_ffffff_1x400-e5a8f32e28fd5c27bf0fed33c8a8b9b5.png
Requested Url: https://www.spidasoftware.com/projectmanager/assets/images/ui-bg_flat_75_ffffff_40x100-8692e6efddf882acbff144c38ea7dfdf.png
Requested Url: https://www.spidasoftware.com/projectmanager/assets/images/ui-bg_flat_75_ffffff_40x100-8692e6efddf882acbff144c38ea7dfdf.png
Requested Url: https://www.spidasoftware.com/projectmanager/assets/Sawasdee-24fcdb41df7fca27205cfb13df8a78aa.ttf
Requested Url: https://www.spidasoftware.com/projectmanager/assets/images/ui-icons_222222_256x240-3f3acb42b0d2bfd5f39069b87803eebc.png
Requested Url: https://www.spidasoftware.com/projectmanager/assets/images/ui-icons_222222_256x240-3f3acb42b0d2bfd5f39069b87803eebc.png
ATMOSPHERE CANCELLED
Requested Url: https://www.spidasoftware.com/projectmanager/assets/Sawasdee-Bold-e259f8084233a474a753b405642cbe67.ttf
?[36m[info]?[0m [phantom] Step _step 6/14 https://www.spidasoftware.com/projectmanager/ (HTTP 200)
?[36m[info]?[0m [phantom] Step _step 6/14: done in 6967ms.
?[36m[info]?[0m [phantom] waitFor() finished in 40ms.
?[36m[info]?[0m [phantom] Step anonymous 7/15 https://www.spidasoftware.com/projectmanager/ (HTTP 200)
?[32;1m[debug]?[0m [phantom] Mouse event 'mousedown' on selector: xpath selector: //*[text()="ACME Power Co."]
?[32;1m[debug]?[0m [phantom] Mouse event 'mouseup' on selector: xpath selector: //*[text()="ACME Power Co."]
?[32;1m[debug]?[0m [phantom] Mouse event 'click' on selector: xpath selector: //*[text()="ACME Power Co."]
?[32;1m[debug]?[0m [phantom] Navigation requested: url=https://www.spidasoftware.com/projectmanager/#, type=LinkClicked, willNavigate=true, isMainFrame=true
?[32;1m[debug]?[0m [phantom] url changed to "https://www.spidasoftware.com/projectmanager/#"
?[36m[info]?[0m [phantom] Step anonymous 7/15: done in 7036ms.
?[32;1m[debug]?[0m [phantom] Navigation requested: url=https://www.spidasoftware.com/projectmanager/switchcompany, type=FormSubmitted, willNavigate=true, isMainFrame=true
ATMOSPHERE CANCELLED
?[33m[warning]?[0m [phantom] Loading resource failed with status=fail (HTTP 200): https://www.spidasoftware.com/projectmanager/switchcompany
Requested Url: https://www.spidasoftware.com/projectmanager/switchcompany
?[32;1m[debug]?[0m [phantom] Navigation requested: url=https://www.spidasoftware.com/projectmanager/dashboard/index, type=FormSubmitted, willNavigate=true, isMainFrame=true
Requested Url: https://www.spidasoftware.com/projectmanager/dashboard/index
?[32;1m[debug]?[0m [phantom] url changed to "https://www.spidasoftware.com/projectmanager/dashboard/index"
Requested Url: https://www.spidasoftware.com/projectmanager/dashboard/index
Requested Url: https://www.spidasoftware.com/projectmanager/assets/fullwidth-712c8be92ed2438fa54c602fa4ead9de.css
Requested Url: https://www.spidasoftware.com/projectmanager/assets/fullwidth-712c8be92ed2438fa54c602fa4ead9de.css
ATMOSPHERE CANCELLED
ATMOSPHERE CANCELLED
?[32;1m[debug]?[0m [phantom] Successfully injected Casper client-side utilities
?[36m[info]?[0m [phantom] Step _step 8/15 https://www.spidasoftware.com/projectmanager/dashboard/index (HTTP 200)
?[36m[info]?[0m [phantom] Step _step 8/15: done in 9699ms.
Requested Url: https://www.spidasoftware.com/projectmanager/assets/fullwidth-712c8be92ed2438fa54c602fa4ead9de.css
Requested Url: https://www.spidasoftware.com/projectmanager/assets/fullwidth-712c8be92ed2438fa54c602fa4ead9de.css
?[36m[info]?[0m [phantom] waitFor() finished in 44ms.
ATMOSPHERE CANCELLED
?[36m[info]?[0m [phantom] Step anonymous 9/16 https://www.spidasoftware.com/projectmanager/dashboard/index (HTTP 200)
Logged in as: ACME Power Co.
?[36m[info]?[0m [phantom] Step anonymous 9/16: done in 9758ms.
?[32;1m[debug]?[0m [phantom] opening url: https://www.spidasoftware.com/projectmanager/flow/list, HTTP GET
ATMOSPHERE CANCELLED
?[32;1m[debug]?[0m [phantom] Navigation requested: url=https://www.spidasoftware.com/projectmanager/flow/list, type=Other, willNavigate=true, isMainFrame=true
?[33m[warning]?[0m [phantom] Loading resource failed with status=fail (HTTP 200): https://www.spidasoftware.com/projectmanager/flow/list
Requested Url: https://www.spidasoftware.com/projectmanager/flow/list
?[32;1m[debug]?[0m [phantom] url changed to "https://www.spidasoftware.com/projectmanager/flow/list"
Requested Url: https://www.spidasoftware.com/projectmanager/flow/list
script timed out
?[32;1m[debug]?[0m [phantom] Successfully injected Casper client-side utilities
?[36m[info]?[0m [phantom] Step openFlowList 11/16 https://www.spidasoftware.com/projectmanager/flow/list (HTTP 200)
Navigating to Flow List
?[36m[info]?[0m [phantom] Step openFlowList 11/16: done in 10203ms.
?[36m[info]?[0m [phantom] Step _step 12/16 https://www.spidasoftware.com/projectmanager/flow/list (HTTP 200)
?[36m[info]?[0m [phantom] Step _step 12/16: done in 10218ms.
Requested Url: https://www.spidasoftware.com/projectmanager/assets/toolbar-d096400c9b5f99e9d2a8ca75f9f09bf1.css
Requested Url: https://www.spidasoftware.com/projectmanager/assets/toolbar-d096400c9b5f99e9d2a8ca75f9f09bf1.css
Requested Url: https://www.spidasoftware.com/projectmanager/assets/fullwidth-712c8be92ed2438fa54c602fa4ead9de.css
Requested Url: https://www.spidasoftware.com/projectmanager/assets/fullwidth-712c8be92ed2438fa54c602fa4ead9de.css
Requested Url: https://www.spidasoftware.com/projectmanager/assets/pm-adcf40c25b31c001f8363843825c5028.css
Requested Url: https://www.spidasoftware.com/projectmanager/assets/pm-adcf40c25b31c001f8363843825c5028.css
Requested Url: https://www.spidasoftware.com/projectmanager/assets/admin-d2fddd00cdd8169f120bbf2621fff730.css
Requested Url: https://www.spidasoftware.com/projectmanager/assets/admin-d2fddd00cdd8169f120bbf2621fff730.css
?[36m[info]?[0m [phantom] waitFor() finished in 59ms.
?[36m[info]?[0m [phantom] Step clickFlow 13/17 https://www.spidasoftware.com/projectmanager/flow/list (HTTP 200)
Currently at: https://www.spidasoftware.com/projectmanager/flow/list
?[32;1m[debug]?[0m [phantom] Mouse event 'mousedown' on selector: xpath selector: //a[text()="Overhead EJU"]
?[32;1m[debug]?[0m [phantom] Mouse event 'mouseup' on selector: xpath selector: //a[text()="Overhead EJU"]
?[32;1m[debug]?[0m [phantom] Mouse event 'click' on selector: xpath selector: //a[text()="Overhead EJU"]
?[32;1m[debug]?[0m [phantom] Navigation requested: url=https://www.spidasoftware.com/projectmanager/flow/edit/73090, type=LinkClicked, willNavigate=true, isMainFrame=true
Requested Url: https://www.spidasoftware.com/projectmanager/assets/fullwidth-712c8be92ed2438fa54c602fa4ead9de.css
Requested Url: https://www.spidasoftware.com/projectmanager/assets/16/plus-c3d7ac6de2f7bb771dd1561a04c9fc30.png
ATMOSPHERE CANCELLED
Requested Url: https://www.spidasoftware.com/projectmanager/assets/default/sorted_asc-df23e44c4c4999383e95e9c8bf5da156.gif
?[36m[info]?[0m [phantom] Step clickFlow 13/17: done in 10306ms.
?[33m[warning]?[0m [phantom] Loading resource failed with status=fail (HTTP 200): https://www.spidasoftware.com/projectmanager/flow/edit/73090
Requested Url: https://www.spidasoftware.com/projectmanager/flow/edit/73090
?[32;1m[debug]?[0m [phantom] url changed to "https://www.spidasoftware.com/projectmanager/flow/edit/73090"
Requested Url: https://www.spidasoftware.com/projectmanager/flow/edit/73090
Requested Url: https://www.spidasoftware.com/projectmanager/assets/manifests/flow-b89a5ec3639330a36d22d254f66d6096.css
Requested Url: https://www.spidasoftware.com/projectmanager/assets/manifests/flow-b89a5ec3639330a36d22d254f66d6096.css
Requested Url: https://www.spidasoftware.com/projectmanager/assets/manifests/flow-head-db34cb9a3b5664d4e6849d969c2df599.js
Requested Url: https://www.spidasoftware.com/projectmanager/assets/fullwidth-712c8be92ed2438fa54c602fa4ead9de.css
Requested Url: https://www.spidasoftware.com/projectmanager/assets/fullwidth-712c8be92ed2438fa54c602fa4ead9de.css
Requested Url: https://www.spidasoftware.com/projectmanager/assets/manifests/flow-body-bad25f25c8303a2ef5f819e7f986267b.js
Requested Url: https://www.spidasoftware.com/projectmanager/assets/manifests/flow-head-db34cb9a3b5664d4e6849d969c2df599.js
Requested Url: https://www.spidasoftware.com/projectmanager/assets/manifests/flow-body-bad25f25c8303a2ef5f819e7f986267b.js
Requested Url: https://www.spidasoftware.com/projectmanager/assets/fullwidth-712c8be92ed2438fa54c602fa4ead9de.css
Requested Url: https://www.spidasoftware.com/projectmanager/assets/fullwidth-712c8be92ed2438fa54c602fa4ead9de.css
Requested Url: https://www.spidasoftware.com/projectmanager/images/100-90-5-monochrome.png
ATMOSPHERE CANCELLED
ATMOSPHERE CANCELLED
?[32;1m[debug]?[0m [phantom] Successfully injected Casper client-side utilities
?[36m[info]?[0m [phantom] Step _step 14/17 https://www.spidasoftware.com/projectmanager/flow/edit/73090 (HTTP 200)
?[36m[info]?[0m [phantom] Step _step 14/17: done in 11567ms.
Requested Url: https://www.spidasoftware.com/projectmanager/images/100-90-5-monochrome.png
Requested Url: https://www.spidasoftware.com/projectmanager/flow/visualJson?id=73090
Requested Url: https://www.spidasoftware.com/projectmanager/flow/visualJson?id=73090
Requested Url: https://www.spidasoftware.com/projectmanager/flow/flowEdit?id=73090
Requested Url: https://www.spidasoftware.com/projectmanager/flow/flowEdit?id=73090
ATMOSPHERE CANCELLED
Requested Url: data:image/svg+xml;base64,PHN2ZyB4bWxucz0iaHR0cDovL3d3dy53My5vcmcvMjAwMC9zdmciIHZlcnNpb249IjEuMSIgeD0iMTJweCIgeT0iMHB4IiB3aWR0aD0iMjRweCIgaGVpZ2h0PSIzcHgiIHZpZXdCb3g9IjAgMCA2IDMiIGVuYWJsZS1iYWNrZ3JvdW5kPSJuZXcgMCAwIDYgMyIgeG1sOnNwYWNlPSJwcmVzZXJ2ZSI+PHBvbHlnb24gcG9pbnRzPSI1Ljk5MiwwIDIuOTkyLDMgLTAuMDA4LDAgIi8+PC9zdmc+
Requested Url: data:image/svg+xml;base64,PHN2ZyB4bWxucz0iaHR0cDovL3d3dy53My5vcmcvMjAwMC9zdmciIHZlcnNpb249IjEuMSIgeD0iMTJweCIgeT0iMHB4IiB3aWR0aD0iMjRweCIgaGVpZ2h0PSIzcHgiIHZpZXdCb3g9IjAgMCA2IDMiIGVuYWJsZS1iYWNrZ3JvdW5kPSJuZXcgMCAwIDYgMyIgeG1sOnNwYWNlPSJwcmVzZXJ2ZSI+PHBvbHlnb24gcG9pbnRzPSI1Ljk5MiwwIDIuOTkyLDMgLTAuMDA4LDAgIi8+PC9zdmc+
?[36m[info]?[0m [phantom] waitFor() finished in 1085ms.
?[36m[info]?[0m [phantom] Step getOrder 15/18 https://www.spidasoftware.com/projectmanager/flow/edit/73090 (HTTP 200)
?[36m[info]?[0m [phantom] Step getOrder 15/18: done in 12705ms.
?[36m[info]?[0m [phantom] Step _step 16/18 https://www.spidasoftware.com/projectmanager/flow/edit/73090 (HTTP 200)
?[36m[info]?[0m [phantom] Step _step 16/18: done in 12731ms.
Requested Url: https://www.spidasoftware.com/projectmanager/images/tools/edit.png
Requested Url: https://www.spidasoftware.com/projectmanager/images/tools/edit.png
Requested Url: https://www.spidasoftware.com/projectmanager/images/tools/add.png
Requested Url: https://www.spidasoftware.com/projectmanager/images/tools/add.png
Requested Url: https://www.spidasoftware.com/projectmanager/images/tools/delete.png
Requested Url: https://www.spidasoftware.com/projectmanager/images/tools/delete.png
Requested Url: https://www.spidasoftware.com/projectmanager/assets/jquery/chosen-sprite-25b9acb1b504c95c6b95c33986b7317e.png
Requested Url: https://www.spidasoftware.com/projectmanager/assets/jquery/chosen-sprite-25b9acb1b504c95c6b95c33986b7317e.png
?[36m[info]?[0m [phantom] wait() finished waiting for 2000ms.
Currently at: https://www.spidasoftware.com/projectmanager/flow/edit/73090
?[32;1m[debug]?[0m [phantom] Mouse event 'mousedown' on selector: #events_table>table>tbody>tr:nth-child(1)>td:nth-child(5)>a
?[32;1m[debug]?[0m [phantom] Mouse event 'mouseup' on selector: #events_table>table>tbody>tr:nth-child(1)>td:nth-child(5)>a
?[32;1m[debug]?[0m [phantom] Mouse event 'click' on selector: #events_table>table>tbody>tr:nth-child(1)>td:nth-child(5)>a
?[32;1m[debug]?[0m [phantom] Navigation requested: url=https://www.spidasoftware.com/projectmanager/flow/edit/73090#, type=LinkClicked, willNavigate=true, isMainFrame=true
?[32;1m[debug]?[0m [phantom] url changed to "https://www.spidasoftware.com/projectmanager/flow/edit/73090#"
?[36m[info]?[0m [phantom] Step _step 17/18 https://www.spidasoftware.com/projectmanager/flow/edit/73090# (HTTP 200)
?[36m[info]?[0m [phantom] Step _step 17/18: done in 14752ms.
Requested Url: https://www.spidasoftware.com/projectmanager/event/editEvent
Requested Url: https://www.spidasoftware.com/projectmanager/event/editEvent
Requested Url: https://www.spidasoftware.com/projectmanager/assets/16/no-d8558032ad0d69254d51fa76de993f0c.png
Requested Url: https://www.spidasoftware.com/projectmanager/assets/16/no-d8558032ad0d69254d51fa76de993f0c.png
?[36m[info]?[0m [phantom] waitFor() finished in 921ms.
?[36m[info]?[0m [phantom] Step clickActionTab 18/19 https://www.spidasoftware.com/projectmanager/flow/edit/73090# (HTTP 200)
?[32;1m[debug]?[0m [phantom] Mouse event 'mousedown' on selector: form>div>div>dl>dd:nth-child(2)>a
?[32;1m[debug]?[0m [phantom] Mouse event 'mouseup' on selector: form>div>div>dl>dd:nth-child(2)>a
?[32;1m[debug]?[0m [phantom] Mouse event 'click' on selector: form>div>div>dl>dd:nth-child(2)>a
?[36m[info]?[0m [phantom] Step clickActionTab 18/19: done in 15709ms.
?[36m[info]?[0m [phantom] Step _step 19/19 https://www.spidasoftware.com/projectmanager/flow/edit/73090# (HTTP 200)
?[36m[info]?[0m [phantom] Step _step 19/19: done in 15712ms.
?[36m[info]?[0m [phantom] waitFor() finished in 787ms.
?[36m[info]?[0m [phantom] Step chooseAnAction 20/20 https://www.spidasoftware.com/projectmanager/flow/edit/73090# (HTTP 200)
Capturing action: Assign Construction...
73096
Capturing action: Remove Time Markers...
73100
Capturing action: Pull Photos From Calc...
73102
Capturing action: Assign Billing...
73105
Capturing action: Email: No Make Ready Work Required...
73116
Capturing action: Assign Engineering...
73119
Capturing action: Assign Tech...
73123
Capturing action: Generate Calc File...
73125
Capturing action: Assign TPA...
73098
Capturing action: Pole Forms...
73128
Capturing action: 45 Day TPA Construction Clock...
73131
Capturing action: Email: TPA Construction...
73132
Capturing action: Estimate Process 14 Day Clock...
73134
Capturing action: Engineering Review 45 Day Clock...
73176
Capturing action: Lock Project...
73177
Capturing action: Email: Major Make Ready Required...
73181
Capturing action: Email: Construction Corrections Required...
73185
Capturing action: Email: Minor Make Ready Required...
73188
Capturing action: Email: Project Accepted...
73178
Capturing action: Email: Pole Details Require Corrections...
73108
Capturing action: Assign Acme EJU Clerk...
79604
?[36m[info]?[0m [phantom] Step chooseAnAction 20/20: done in 23944ms.
?[36m[info]?[0m [phantom] Step changeOnClickValue 21/62 https://www.spidasoftware.com/projectmanager/flow/edit/73090# (HTTP 200)
?[36m[info]?[0m [phantom] Step changeOnClickValue 21/62: done in 23946ms.
?[36m[info]?[0m [phantom] Step _step 22/62 https://www.spidasoftware.com/projectmanager/flow/edit/73090# (HTTP 200)
?[36m[info]?[0m [phantom] Step _step 22/62: done in 23966ms.
Requested Url: https://www.spidasoftware.com/projectmanager/action/editAction?id=73096
Requested Url: https://www.spidasoftware.com/projectmanager/action/editAction?id=73096
Requested Url: https://www.spidasoftware.com/projectmanager/assets/16/minus-7994d6aeef41ae69ed7c53869a22d015.png
Requested Url: https://www.spidasoftware.com/projectmanager/assets/16/minus-7994d6aeef41ae69ed7c53869a22d015.png
?[36m[info]?[0m [phantom] wait() finished waiting for 2000ms.
?[36m[info]?[0m [phantom] Step _step 23/63 https://www.spidasoftware.com/projectmanager/flow/edit/73090# (HTTP 200)
?[36m[info]?[0m [phantom] Step _step 23/63: done in 25984ms.
?[36m[info]?[0m [phantom] waitFor() finished in 40ms.
?[36m[info]?[0m [phantom] Step waitedForJavascript 24/64 https://www.spidasoftware.com/projectmanager/flow/edit/73090# (HTTP 200)
?[32;1m[debug]?[0m [phantom] Capturing page to /Users/zpeugh/code/min/scripts/flowdocument/pngs/Assign Construction.png
?[36m[info]?[0m [phantom] Capture saved to /Users/zpeugh/code/min/scripts/flowdocument/pngs/Assign Construction.png
Captured action: Assign Construction
?[36m[info]?[0m [phantom] Step waitedForJavascript 24/64: done in 26401ms.
?[36m[info]?[0m [phantom] Step changeOnClickValue 25/64 https://www.spidasoftware.com/projectmanager/flow/edit/73090# (HTTP 200)
?[36m[info]?[0m [phantom] Step changeOnClickValue 25/64: done in 26476ms.
?[36m[info]?[0m [phantom] Step _step 26/64 https://www.spidasoftware.com/projectmanager/flow/edit/73090# (HTTP 200)
?[36m[info]?[0m [phantom] Step _step 26/64: done in 26478ms.
Requested Url: https://www.spidasoftware.com/projectmanager/action/editAction?id=73100
Requested Url: https://www.spidasoftware.com/projectmanager/action/editAction?id=73100
?[36m[info]?[0m [phantom] wait() finished waiting for 2000ms.
?[36m[info]?[0m [phantom] Step _step 27/65 https://www.spidasoftware.com/projectmanager/flow/edit/73090# (HTTP 200)
?[36m[info]?[0m [phantom] Step _step 27/65: done in 28488ms.
?[36m[info]?[0m [phantom] waitFor() finished in 42ms.
?[36m[info]?[0m [phantom] Step waitedForJavascript 28/66 https://www.spidasoftware.com/projectmanager/flow/edit/73090# (HTTP 200)
?[32;1m[debug]?[0m [phantom] Capturing page to /Users/zpeugh/code/min/scripts/flowdocument/pngs/Remove Time Markers.png
?[36m[info]?[0m [phantom] Capture saved to /Users/zpeugh/code/min/scripts/flowdocument/pngs/Remove Time Markers.png
Captured action: Remove Time Markers
?[36m[info]?[0m [phantom] Step waitedForJavascript 28/66: done in 28912ms.
?[36m[info]?[0m [phantom] Step changeOnClickValue 29/66 https://www.spidasoftware.com/projectmanager/flow/edit/73090# (HTTP 200)
?[36m[info]?[0m [phantom] Step changeOnClickValue 29/66: done in 28915ms.
?[36m[info]?[0m [phantom] Step _step 30/66 https://www.spidasoftware.com/projectmanager/flow/edit/73090# (HTTP 200)
?[36m[info]?[0m [phantom] Step _step 30/66: done in 28986ms.
Requested Url: https://www.spidasoftware.com/projectmanager/action/editAction?id=73102
Requested Url: https://www.spidasoftware.com/projectmanager/action/editAction?id=73102
?[36m[info]?[0m [phantom] wait() finished waiting for 2000ms.
?[36m[info]?[0m [phantom] Step _step 31/67 https://www.spidasoftware.com/projectmanager/flow/edit/73090# (HTTP 200)
?[36m[info]?[0m [phantom] Step _step 31/67: done in 30988ms.
?[36m[info]?[0m [phantom] waitFor() finished in 41ms.
?[36m[info]?[0m [phantom] Step waitedForJavascript 32/68 https://www.spidasoftware.com/projectmanager/flow/edit/73090# (HTTP 200)
?[32;1m[debug]?[0m [phantom] Capturing page to /Users/zpeugh/code/min/scripts/flowdocument/pngs/Pull Photos From Calc.png
?[36m[info]?[0m [phantom] Capture saved to /Users/zpeugh/code/min/scripts/flowdocument/pngs/Pull Photos From Calc.png
Captured action: Pull Photos From Calc
?[36m[info]?[0m [phantom] Step waitedForJavascript 32/68: done in 31365ms.
?[36m[info]?[0m [phantom] Step changeOnClickValue 33/68 https://www.spidasoftware.com/projectmanager/flow/edit/73090# (HTTP 200)
?[36m[info]?[0m [phantom] Step changeOnClickValue 33/68: done in 31367ms.
?[36m[info]?[0m [phantom] Step _step 34/68 https://www.spidasoftware.com/projectmanager/flow/edit/73090# (HTTP 200)
?[36m[info]?[0m [phantom] Step _step 34/68: done in 31439ms.
Requested Url: https://www.spidasoftware.com/projectmanager/action/editAction?id=73105
Requested Url: https://www.spidasoftware.com/projectmanager/action/editAction?id=73105
?[36m[info]?[0m [phantom] wait() finished waiting for 2000ms.
?[36m[info]?[0m [phantom] Step _step 35/69 https://www.spidasoftware.com/projectmanager/flow/edit/73090# (HTTP 200)
?[36m[info]?[0m [phantom] Step _step 35/69: done in 33454ms.
?[36m[info]?[0m [phantom] waitFor() finished in 40ms.
?[36m[info]?[0m [phantom] Step waitedForJavascript 36/70 https://www.spidasoftware.com/projectmanager/flow/edit/73090# (HTTP 200)
?[32;1m[debug]?[0m [phantom] Capturing page to /Users/zpeugh/code/min/scripts/flowdocument/pngs/Assign Billing.png
?[36m[info]?[0m [phantom] Capture saved to /Users/zpeugh/code/min/scripts/flowdocument/pngs/Assign Billing.png
Captured action: Assign Billing
?[36m[info]?[0m [phantom] Step waitedForJavascript 36/70: done in 33900ms.
?[36m[info]?[0m [phantom] Step changeOnClickValue 37/70 https://www.spidasoftware.com/projectmanager/flow/edit/73090# (HTTP 200)
?[36m[info]?[0m [phantom] Step changeOnClickValue 37/70: done in 33902ms.
?[36m[info]?[0m [phantom] Step _step 38/70 https://www.spidasoftware.com/projectmanager/flow/edit/73090# (HTTP 200)
?[36m[info]?[0m [phantom] Step _step 38/70: done in 33975ms.
Requested Url: https://www.spidasoftware.com/projectmanager/action/editAction?id=73116
Requested Url: https://www.spidasoftware.com/projectmanager/action/editAction?id=73116
?[36m[info]?[0m [phantom] wait() finished waiting for 2000ms.
?[36m[info]?[0m [phantom] Step _step 39/71 https://www.spidasoftware.com/projectmanager/flow/edit/73090# (HTTP 200)
?[36m[info]?[0m [phantom] Step _step 39/71: done in 35984ms.
?[36m[info]?[0m [phantom] waitFor() finished in 40ms.
?[36m[info]?[0m [phantom] Step waitedForJavascript 40/72 https://www.spidasoftware.com/projectmanager/flow/edit/73090# (HTTP 200)
?[32;1m[debug]?[0m [phantom] Capturing page to /Users/zpeugh/code/min/scripts/flowdocument/pngs/Email: No Make Ready Work Required.png
?[36m[info]?[0m [phantom] Capture saved to /Users/zpeugh/code/min/scripts/flowdocument/pngs/Email: No Make Ready Work Required.png
Captured action: Email: No Make Ready Work Required
?[36m[info]?[0m [phantom] Step waitedForJavascript 40/72: done in 36427ms.
?[36m[info]?[0m [phantom] Step changeOnClickValue 41/72 https://www.spidasoftware.com/projectmanager/flow/edit/73090# (HTTP 200)
?[36m[info]?[0m [phantom] Step changeOnClickValue 41/72: done in 36429ms.
?[36m[info]?[0m [phantom] Step _step 42/72 https://www.spidasoftware.com/projectmanager/flow/edit/73090# (HTTP 200)
?[36m[info]?[0m [phantom] Step _step 42/72: done in 36501ms.
Requested Url: https://www.spidasoftware.com/projectmanager/action/editAction?id=73119
Requested Url: https://www.spidasoftware.com/projectmanager/action/editAction?id=73119
?[36m[info]?[0m [phantom] wait() finished waiting for 2000ms.
?[36m[info]?[0m [phantom] Step _step 43/73 https://www.spidasoftware.com/projectmanager/flow/edit/73090# (HTTP 200)
?[36m[info]?[0m [phantom] Step _step 43/73: done in 38519ms.
?[36m[info]?[0m [phantom] waitFor() finished in 41ms.
?[36m[info]?[0m [phantom] Step waitedForJavascript 44/74 https://www.spidasoftware.com/projectmanager/flow/edit/73090# (HTTP 200)
?[32;1m[debug]?[0m [phantom] Capturing page to /Users/zpeugh/code/min/scripts/flowdocument/pngs/Assign Engineering.png
?[36m[info]?[0m [phantom] Capture saved to /Users/zpeugh/code/min/scripts/flowdocument/pngs/Assign Engineering.png
Captured action: Assign Engineering
?[36m[info]?[0m [phantom] Step waitedForJavascript 44/74: done in 38893ms.
?[36m[info]?[0m [phantom] Step changeOnClickValue 45/74 https://www.spidasoftware.com/projectmanager/flow/edit/73090# (HTTP 200)
?[36m[info]?[0m [phantom] Step changeOnClickValue 45/74: done in 38895ms.
?[36m[info]?[0m [phantom] Step _step 46/74 https://www.spidasoftware.com/projectmanager/flow/edit/73090# (HTTP 200)
?[36m[info]?[0m [phantom] Step _step 46/74: done in 38971ms.
Requested Url: https://www.spidasoftware.com/projectmanager/action/editAction?id=73123
Requested Url: https://www.spidasoftware.com/projectmanager/action/editAction?id=73123
?[36m[info]?[0m [phantom] wait() finished waiting for 2000ms.
?[36m[info]?[0m [phantom] Step _step 47/75 https://www.spidasoftware.com/projectmanager/flow/edit/73090# (HTTP 200)
?[36m[info]?[0m [phantom] Step _step 47/75: done in 40979ms.
?[36m[info]?[0m [phantom] waitFor() finished in 41ms.
?[36m[info]?[0m [phantom] Step waitedForJavascript 48/76 https://www.spidasoftware.com/projectmanager/flow/edit/73090# (HTTP 200)
?[32;1m[debug]?[0m [phantom] Capturing page to /Users/zpeugh/code/min/scripts/flowdocument/pngs/Assign Tech.png
?[36m[info]?[0m [phantom] Capture saved to /Users/zpeugh/code/min/scripts/flowdocument/pngs/Assign Tech.png
Captured action: Assign Tech
?[36m[info]?[0m [phantom] Step waitedForJavascript 48/76: done in 41432ms.
?[36m[info]?[0m [phantom] Step changeOnClickValue 49/76 https://www.spidasoftware.com/projectmanager/flow/edit/73090# (HTTP 200)
?[36m[info]?[0m [phantom] Step changeOnClickValue 49/76: done in 41434ms.
?[36m[info]?[0m [phantom] Step _step 50/76 https://www.spidasoftware.com/projectmanager/flow/edit/73090# (HTTP 200)
?[36m[info]?[0m [phantom] Step _step 50/76: done in 41508ms.
Requested Url: https://www.spidasoftware.com/projectmanager/action/editAction?id=73125
Requested Url: https://www.spidasoftware.com/projectmanager/action/editAction?id=73125
ATMOSPHERE CANCELLED
ATMOSPHERE CANCELLED
?[36m[info]?[0m [phantom] wait() finished waiting for 2000ms.
?[36m[info]?[0m [phantom] Step _step 51/77 https://www.spidasoftware.com/projectmanager/flow/edit/73090# (HTTP 200)
?[36m[info]?[0m [phantom] Step _step 51/77: done in 43519ms.
?[36m[info]?[0m [phantom] waitFor() finished in 40ms.
?[36m[info]?[0m [phantom] Step waitedForJavascript 52/78 https://www.spidasoftware.com/projectmanager/flow/edit/73090# (HTTP 200)
?[32;1m[debug]?[0m [phantom] Capturing page to /Users/zpeugh/code/min/scripts/flowdocument/pngs/Generate Calc File.png
?[36m[info]?[0m [phantom] Capture saved to /Users/zpeugh/code/min/scripts/flowdocument/pngs/Generate Calc File.png
Captured action: Generate Calc File
?[36m[info]?[0m [phantom] Step waitedForJavascript 52/78: done in 43966ms.
?[36m[info]?[0m [phantom] Step changeOnClickValue 53/78 https://www.spidasoftware.com/projectmanager/flow/edit/73090# (HTTP 200)
?[36m[info]?[0m [phantom] Step changeOnClickValue 53/78: done in 43969ms.
?[36m[info]?[0m [phantom] Step _step 54/78 https://www.spidasoftware.com/projectmanager/flow/edit/73090# (HTTP 200)
?[36m[info]?[0m [phantom] Step _step 54/78: done in 44042ms.
Requested Url: https://www.spidasoftware.com/projectmanager/action/editAction?id=73098
Requested Url: https://www.spidasoftware.com/projectmanager/action/editAction?id=73098
?[36m[info]?[0m [phantom] wait() finished waiting for 2000ms.
?[36m[info]?[0m [phantom] Step _step 55/79 https://www.spidasoftware.com/projectmanager/flow/edit/73090# (HTTP 200)
?[36m[info]?[0m [phantom] Step _step 55/79: done in 46064ms.
?[36m[info]?[0m [phantom] waitFor() finished in 40ms.
?[36m[info]?[0m [phantom] Step waitedForJavascript 56/80 https://www.spidasoftware.com/projectmanager/flow/edit/73090# (HTTP 200)
?[32;1m[debug]?[0m [phantom] Capturing page to /Users/zpeugh/code/min/scripts/flowdocument/pngs/Assign TPA.png
?[36m[info]?[0m [phantom] Capture saved to /Users/zpeugh/code/min/scripts/flowdocument/pngs/Assign TPA.png
Captured action: Assign TPA
?[36m[info]?[0m [phantom] Step waitedForJavascript 56/80: done in 46441ms.
?[36m[info]?[0m [phantom] Step changeOnClickValue 57/80 https://www.spidasoftware.com/projectmanager/flow/edit/73090# (HTTP 200)
?[36m[info]?[0m [phantom] Step changeOnClickValue 57/80: done in 46443ms.
?[36m[info]?[0m [phantom] Step _step 58/80 https://www.spidasoftware.com/projectmanager/flow/edit/73090# (HTTP 200)
?[36m[info]?[0m [phantom] Step _step 58/80: done in 46517ms.
Requested Url: https://www.spidasoftware.com/projectmanager/action/editAction?id=73128
Requested Url: https://www.spidasoftware.com/projectmanager/action/editAction?id=73128
?[36m[info]?[0m [phantom] wait() finished waiting for 2000ms.
?[36m[info]?[0m [phantom] Step _step 59/81 https://www.spidasoftware.com/projectmanager/flow/edit/73090# (HTTP 200)
?[36m[info]?[0m [phantom] Step _step 59/81: done in 48529ms.
?[36m[info]?[0m [phantom] waitFor() finished in 40ms.
?[36m[info]?[0m [phantom] Step waitedForJavascript 60/82 https://www.spidasoftware.com/projectmanager/flow/edit/73090# (HTTP 200)
?[32;1m[debug]?[0m [phantom] Capturing page to /Users/zpeugh/code/min/scripts/flowdocument/pngs/Pole Forms.png
?[36m[info]?[0m [phantom] Capture saved to /Users/zpeugh/code/min/scripts/flowdocument/pngs/Pole Forms.png
Captured action: Pole Forms
?[36m[info]?[0m [phantom] Step waitedForJavascript 60/82: done in 48950ms.
?[36m[info]?[0m [phantom] Step changeOnClickValue 61/82 https://www.spidasoftware.com/projectmanager/flow/edit/73090# (HTTP 200)
?[36m[info]?[0m [phantom] Step changeOnClickValue 61/82: done in 48952ms.
?[36m[info]?[0m [phantom] Step _step 62/82 https://www.spidasoftware.com/projectmanager/flow/edit/73090# (HTTP 200)
?[36m[info]?[0m [phantom] Step _step 62/82: done in 49025ms.
Requested Url: https://www.spidasoftware.com/projectmanager/action/editAction?id=73131
Requested Url: https://www.spidasoftware.com/projectmanager/action/editAction?id=73131
?[36m[info]?[0m [phantom] wait() finished waiting for 2000ms.
?[36m[info]?[0m [phantom] Step _step 63/83 https://www.spidasoftware.com/projectmanager/flow/edit/73090# (HTTP 200)
?[36m[info]?[0m [phantom] Step _step 63/83: done in 51031ms.
?[36m[info]?[0m [phantom] waitFor() finished in 40ms.
?[36m[info]?[0m [phantom] Step waitedForJavascript 64/84 https://www.spidasoftware.com/projectmanager/flow/edit/73090# (HTTP 200)
?[32;1m[debug]?[0m [phantom] Capturing page to /Users/zpeugh/code/min/scripts/flowdocument/pngs/45 Day TPA Construction Clock.png
?[36m[info]?[0m [phantom] Capture saved to /Users/zpeugh/code/min/scripts/flowdocument/pngs/45 Day TPA Construction Clock.png
Captured action: 45 Day TPA Construction Clock
?[36m[info]?[0m [phantom] Step waitedForJavascript 64/84: done in 51412ms.
?[36m[info]?[0m [phantom] Step changeOnClickValue 65/84 https://www.spidasoftware.com/projectmanager/flow/edit/73090# (HTTP 200)
?[36m[info]?[0m [phantom] Step changeOnClickValue 65/84: done in 51414ms.
?[36m[info]?[0m [phantom] Step _step 66/84 https://www.spidasoftware.com/projectmanager/flow/edit/73090# (HTTP 200)
?[36m[info]?[0m [phantom] Step _step 66/84: done in 51488ms.
Requested Url: https://www.spidasoftware.com/projectmanager/action/editAction?id=73132
Requested Url: https://www.spidasoftware.com/projectmanager/action/editAction?id=73132
?[36m[info]?[0m [phantom] wait() finished waiting for 2000ms.
?[36m[info]?[0m [phantom] Step _step 67/85 https://www.spidasoftware.com/projectmanager/flow/edit/73090# (HTTP 200)
?[36m[info]?[0m [phantom] Step _step 67/85: done in 53489ms.
?[36m[info]?[0m [phantom] waitFor() finished in 40ms.
?[36m[info]?[0m [phantom] Step waitedForJavascript 68/86 https://www.spidasoftware.com/projectmanager/flow/edit/73090# (HTTP 200)
?[32;1m[debug]?[0m [phantom] Capturing page to /Users/zpeugh/code/min/scripts/flowdocument/pngs/Email: TPA Construction.png
?[36m[info]?[0m [phantom] Capture saved to /Users/zpeugh/code/min/scripts/flowdocument/pngs/Email: TPA Construction.png
Captured action: Email: TPA Construction
?[36m[info]?[0m [phantom] Step waitedForJavascript 68/86: done in 53876ms.
?[36m[info]?[0m [phantom] Step changeOnClickValue 69/86 https://www.spidasoftware.com/projectmanager/flow/edit/73090# (HTTP 200)
?[36m[info]?[0m [phantom] Step changeOnClickValue 69/86: done in 53879ms.
?[36m[info]?[0m [phantom] Step _step 70/86 https://www.spidasoftware.com/projectmanager/flow/edit/73090# (HTTP 200)
?[36m[info]?[0m [phantom] Step _step 70/86: done in 53952ms.
Requested Url: https://www.spidasoftware.com/projectmanager/action/editAction?id=73134
Requested Url: https://www.spidasoftware.com/projectmanager/action/editAction?id=73134
?[36m[info]?[0m [phantom] wait() finished waiting for 2000ms.
?[36m[info]?[0m [phantom] Step _step 71/87 https://www.spidasoftware.com/projectmanager/flow/edit/73090# (HTTP 200)
?[36m[info]?[0m [phantom] Step _step 71/87: done in 55969ms.
?[36m[info]?[0m [phantom] waitFor() finished in 41ms.
?[36m[info]?[0m [phantom] Step waitedForJavascript 72/88 https://www.spidasoftware.com/projectmanager/flow/edit/73090# (HTTP 200)
?[32;1m[debug]?[0m [phantom] Capturing page to /Users/zpeugh/code/min/scripts/flowdocument/pngs/Estimate Process 14 Day Clock.png
?[36m[info]?[0m [phantom] Capture saved to /Users/zpeugh/code/min/scripts/flowdocument/pngs/Estimate Process 14 Day Clock.png
Captured action: Estimate Process 14 Day Clock
?[36m[info]?[0m [phantom] Step waitedForJavascript 72/88: done in 56345ms.
?[36m[info]?[0m [phantom] Step changeOnClickValue 73/88 https://www.spidasoftware.com/projectmanager/flow/edit/73090# (HTTP 200)
?[36m[info]?[0m [phantom] Step changeOnClickValue 73/88: done in 56347ms.
?[36m[info]?[0m [phantom] Step _step 74/88 https://www.spidasoftware.com/projectmanager/flow/edit/73090# (HTTP 200)
?[36m[info]?[0m [phantom] Step _step 74/88: done in 56420ms.
Requested Url: https://www.spidasoftware.com/projectmanager/action/editAction?id=73176
Requested Url: https://www.spidasoftware.com/projectmanager/action/editAction?id=73176
?[36m[info]?[0m [phantom] wait() finished waiting for 2000ms.
?[36m[info]?[0m [phantom] Step _step 75/89 https://www.spidasoftware.com/projectmanager/flow/edit/73090# (HTTP 200)
?[36m[info]?[0m [phantom] Step _step 75/89: done in 58430ms.
?[36m[info]?[0m [phantom] waitFor() finished in 41ms.
?[36m[info]?[0m [phantom] Step waitedForJavascript 76/90 https://www.spidasoftware.com/projectmanager/flow/edit/73090# (HTTP 200)
?[32;1m[debug]?[0m [phantom] Capturing page to /Users/zpeugh/code/min/scripts/flowdocument/pngs/Engineering Review 45 Day Clock.png
?[36m[info]?[0m [phantom] Capture saved to /Users/zpeugh/code/min/scripts/flowdocument/pngs/Engineering Review 45 Day Clock.png
Captured action: Engineering Review 45 Day Clock
?[36m[info]?[0m [phantom] Step waitedForJavascript 76/90: done in 58813ms.
?[36m[info]?[0m [phantom] Step changeOnClickValue 77/90 https://www.spidasoftware.com/projectmanager/flow/edit/73090# (HTTP 200)
?[36m[info]?[0m [phantom] Step changeOnClickValue 77/90: done in 58815ms.
?[36m[info]?[0m [phantom] Step _step 78/90 https://www.spidasoftware.com/projectmanager/flow/edit/73090# (HTTP 200)
?[36m[info]?[0m [phantom] Step _step 78/90: done in 58895ms.
Requested Url: https://www.spidasoftware.com/projectmanager/action/editAction?id=73177
Requested Url: https://www.spidasoftware.com/projectmanager/action/editAction?id=73177
?[36m[info]?[0m [phantom] wait() finished waiting for 2000ms.
?[36m[info]?[0m [phantom] Step _step 79/91 https://www.spidasoftware.com/projectmanager/flow/edit/73090# (HTTP 200)
?[36m[info]?[0m [phantom] Step _step 79/91: done in 60905ms.
?[36m[info]?[0m [phantom] waitFor() finished in 42ms.
?[36m[info]?[0m [phantom] Step waitedForJavascript 80/92 https://www.spidasoftware.com/projectmanager/flow/edit/73090# (HTTP 200)
?[32;1m[debug]?[0m [phantom] Capturing page to /Users/zpeugh/code/min/scripts/flowdocument/pngs/Lock Project.png
?[36m[info]?[0m [phantom] Capture saved to /Users/zpeugh/code/min/scripts/flowdocument/pngs/Lock Project.png
Captured action: Lock Project
?[36m[info]?[0m [phantom] Step waitedForJavascript 80/92: done in 61287ms.
?[36m[info]?[0m [phantom] Step changeOnClickValue 81/92 https://www.spidasoftware.com/projectmanager/flow/edit/73090# (HTTP 200)
?[36m[info]?[0m [phantom] Step changeOnClickValue 81/92: done in 61289ms.
?[36m[info]?[0m [phantom] Step _step 82/92 https://www.spidasoftware.com/projectmanager/flow/edit/73090# (HTTP 200)
?[36m[info]?[0m [phantom] Step _step 82/92: done in 61362ms.
Requested Url: https://www.spidasoftware.com/projectmanager/action/editAction?id=73181
Requested Url: https://www.spidasoftware.com/projectmanager/action/editAction?id=73181
?[36m[info]?[0m [phantom] wait() finished waiting for 2000ms.
?[36m[info]?[0m [phantom] Step _step 83/93 https://www.spidasoftware.com/projectmanager/flow/edit/73090# (HTTP 200)
?[36m[info]?[0m [phantom] Step _step 83/93: done in 63370ms.
?[36m[info]?[0m [phantom] waitFor() finished in 41ms.
?[36m[info]?[0m [phantom] Step waitedForJavascript 84/94 https://www.spidasoftware.com/projectmanager/flow/edit/73090# (HTTP 200)
?[32;1m[debug]?[0m [phantom] Capturing page to /Users/zpeugh/code/min/scripts/flowdocument/pngs/Email: Major Make Ready Required.png
?[36m[info]?[0m [phantom] Capture saved to /Users/zpeugh/code/min/scripts/flowdocument/pngs/Email: Major Make Ready Required.png
Captured action: Email: Major Make Ready Required
?[36m[info]?[0m [phantom] Step waitedForJavascript 84/94: done in 63747ms.
?[36m[info]?[0m [phantom] Step changeOnClickValue 85/94 https://www.spidasoftware.com/projectmanager/flow/edit/73090# (HTTP 200)
?[36m[info]?[0m [phantom] Step changeOnClickValue 85/94: done in 63749ms.
?[36m[info]?[0m [phantom] Step _step 86/94 https://www.spidasoftware.com/projectmanager/flow/edit/73090# (HTTP 200)
?[36m[info]?[0m [phantom] Step _step 86/94: done in 63824ms.
Requested Url: https://www.spidasoftware.com/projectmanager/action/editAction?id=73185
Requested Url: https://www.spidasoftware.com/projectmanager/action/editAction?id=73185
?[36m[info]?[0m [phantom] wait() finished waiting for 2000ms.
?[36m[info]?[0m [phantom] Step _step 87/95 https://www.spidasoftware.com/projectmanager/flow/edit/73090# (HTTP 200)
?[36m[info]?[0m [phantom] Step _step 87/95: done in 65830ms.
?[36m[info]?[0m [phantom] waitFor() finished in 43ms.
?[36m[info]?[0m [phantom] Step waitedForJavascript 88/96 https://www.spidasoftware.com/projectmanager/flow/edit/73090# (HTTP 200)
?[32;1m[debug]?[0m [phantom] Capturing page to /Users/zpeugh/code/min/scripts/flowdocument/pngs/Email: Construction Corrections Required.png
?[36m[info]?[0m [phantom] Capture saved to /Users/zpeugh/code/min/scripts/flowdocument/pngs/Email: Construction Corrections Required.png
Captured action: Email: Construction Corrections Required
?[36m[info]?[0m [phantom] Step waitedForJavascript 88/96: done in 66294ms.
?[36m[info]?[0m [phantom] Step changeOnClickValue 89/96 https://www.spidasoftware.com/projectmanager/flow/edit/73090# (HTTP 200)
?[36m[info]?[0m [phantom] Step changeOnClickValue 89/96: done in 66296ms.
?[36m[info]?[0m [phantom] Step _step 90/96 https://www.spidasoftware.com/projectmanager/flow/edit/73090# (HTTP 200)
?[36m[info]?[0m [phantom] Step _step 90/96: done in 66369ms.
Requested Url: https://www.spidasoftware.com/projectmanager/action/editAction?id=73188
Requested Url: https://www.spidasoftware.com/projectmanager/action/editAction?id=73188
?[36m[info]?[0m [phantom] wait() finished waiting for 2000ms.
?[36m[info]?[0m [phantom] Step _step 91/97 https://www.spidasoftware.com/projectmanager/flow/edit/73090# (HTTP 200)
?[36m[info]?[0m [phantom] Step _step 91/97: done in 68377ms.
?[36m[info]?[0m [phantom] waitFor() finished in 40ms.
?[36m[info]?[0m [phantom] Step waitedForJavascript 92/98 https://www.spidasoftware.com/projectmanager/flow/edit/73090# (HTTP 200)
?[32;1m[debug]?[0m [phantom] Capturing page to /Users/zpeugh/code/min/scripts/flowdocument/pngs/Email: Minor Make Ready Required.png
?[36m[info]?[0m [phantom] Capture saved to /Users/zpeugh/code/min/scripts/flowdocument/pngs/Email: Minor Make Ready Required.png
Captured action: Email: Minor Make Ready Required
?[36m[info]?[0m [phantom] Step waitedForJavascript 92/98: done in 68765ms.
?[36m[info]?[0m [phantom] Step changeOnClickValue 93/98 https://www.spidasoftware.com/projectmanager/flow/edit/73090# (HTTP 200)
?[36m[info]?[0m [phantom] Step changeOnClickValue 93/98: done in 68768ms.
?[36m[info]?[0m [phantom] Step _step 94/98 https://www.spidasoftware.com/projectmanager/flow/edit/73090# (HTTP 200)
?[36m[info]?[0m [phantom] Step _step 94/98: done in 68842ms.
Requested Url: https://www.spidasoftware.com/projectmanager/action/editAction?id=73178
Requested Url: https://www.spidasoftware.com/projectmanager/action/editAction?id=73178
?[36m[info]?[0m [phantom] wait() finished waiting for 2000ms.
?[36m[info]?[0m [phantom] Step _step 95/99 https://www.spidasoftware.com/projectmanager/flow/edit/73090# (HTTP 200)
?[36m[info]?[0m [phantom] Step _step 95/99: done in 70861ms.
?[36m[info]?[0m [phantom] waitFor() finished in 41ms.
?[36m[info]?[0m [phantom] Step waitedForJavascript 96/100 https://www.spidasoftware.com/projectmanager/flow/edit/73090# (HTTP 200)
?[32;1m[debug]?[0m [phantom] Capturing page to /Users/zpeugh/code/min/scripts/flowdocument/pngs/Email: Project Accepted.png
?[36m[info]?[0m [phantom] Capture saved to /Users/zpeugh/code/min/scripts/flowdocument/pngs/Email: Project Accepted.png
Captured action: Email: Project Accepted
?[36m[info]?[0m [phantom] Step waitedForJavascript 96/100: done in 71257ms.
?[36m[info]?[0m [phantom] Step changeOnClickValue 97/100 https://www.spidasoftware.com/projectmanager/flow/edit/73090# (HTTP 200)
?[36m[info]?[0m [phantom] Step changeOnClickValue 97/100: done in 71259ms.
?[36m[info]?[0m [phantom] Step _step 98/100 https://www.spidasoftware.com/projectmanager/flow/edit/73090# (HTTP 200)
?[36m[info]?[0m [phantom] Step _step 98/100: done in 71333ms.
Requested Url: https://www.spidasoftware.com/projectmanager/action/editAction?id=73108
Requested Url: https://www.spidasoftware.com/projectmanager/action/editAction?id=73108
?[36m[info]?[0m [phantom] wait() finished waiting for 2000ms.
?[36m[info]?[0m [phantom] Step _step 99/101 https://www.spidasoftware.com/projectmanager/flow/edit/73090# (HTTP 200)
?[36m[info]?[0m [phantom] Step _step 99/101: done in 73345ms.
?[36m[info]?[0m [phantom] waitFor() finished in 40ms.
?[36m[info]?[0m [phantom] Step waitedForJavascript 100/102 https://www.spidasoftware.com/projectmanager/flow/edit/73090# (HTTP 200)
?[32;1m[debug]?[0m [phantom] Capturing page to /Users/zpeugh/code/min/scripts/flowdocument/pngs/Email: Pole Details Require Corrections.png
?[36m[info]?[0m [phantom] Capture saved to /Users/zpeugh/code/min/scripts/flowdocument/pngs/Email: Pole Details Require Corrections.png
Captured action: Email: Pole Details Require Corrections
?[36m[info]?[0m [phantom] Step waitedForJavascript 100/102: done in 73722ms.
?[36m[info]?[0m [phantom] Step changeOnClickValue 101/102 https://www.spidasoftware.com/projectmanager/flow/edit/73090# (HTTP 200)
?[36m[info]?[0m [phantom] Step changeOnClickValue 101/102: done in 73724ms.
?[36m[info]?[0m [phantom] Step _step 102/102 https://www.spidasoftware.com/projectmanager/flow/edit/73090# (HTTP 200)
?[36m[info]?[0m [phantom] Step _step 102/102: done in 73799ms.
Requested Url: https://www.spidasoftware.com/projectmanager/action/editAction?id=79604
Requested Url: https://www.spidasoftware.com/projectmanager/action/editAction?id=79604
ATMOSPHERE CANCELLED
ATMOSPHERE CANCELLED
?[36m[info]?[0m [phantom] wait() finished waiting for 2000ms.
?[36m[info]?[0m [phantom] Step _step 103/103 https://www.spidasoftware.com/projectmanager/flow/edit/73090# (HTTP 200)
?[36m[info]?[0m [phantom] Step _step 103/103: done in 75812ms.
?[36m[info]?[0m [phantom] waitFor() finished in 42ms.
?[36m[info]?[0m [phantom] Step waitedForJavascript 104/104 https://www.spidasoftware.com/projectmanager/flow/edit/73090# (HTTP 200)
?[32;1m[debug]?[0m [phantom] Capturing page to /Users/zpeugh/code/min/scripts/flowdocument/pngs/Assign Acme EJU Clerk.png
?[36m[info]?[0m [phantom] Capture saved to /Users/zpeugh/code/min/scripts/flowdocument/pngs/Assign Acme EJU Clerk.png
Captured action: Assign Acme EJU Clerk
?[36m[info]?[0m [phantom] Step waitedForJavascript 104/104: done in 76190ms.
?[36m[info]?[0m [phantom] Done 104 steps in 76190ms
args: Email:~Construction~Corrections~Required Assign~Tech Generate~Calc~File Email:~Minor~Make~Ready~Required Assign~Construction Pole~Forms 45~Day~TPA~Construction~Clock Assign~TPA Email:~TPA~Construction Remove~Time~Markers Pull~Photos~From~Calc Estimate~Process~14~Day~Clock Assign~Billing Email:~Pole~Details~Require~Corrections Assign~Acme~EJU~Clerk Lock~Project Engineering~Review~45~Day~Clock Email:~Project~Accepted Email:~Major~Make~Ready~Required Email:~No~Make~Ready~Work~Required Assign~Engineering
Actions to capture: 
0: Email: Construction Corrections Required
1: Assign Tech
2: Generate Calc File
3: Email: Minor Make Ready Required
4: Assign Construction
5: Pole Forms
6: 45 Day TPA Construction Clock
7: Assign TPA
8: Email: TPA Construction
9: Remove Time Markers
10: Pull Photos From Calc
11: Estimate Process 14 Day Clock
12: Assign Billing
13: Email: Pole Details Require Corrections
14: Assign Acme EJU Clerk
15: Lock Project
16: Engineering Review 45 Day Clock
17: Email: Project Accepted
18: Email: Major Make Ready Required
19: Email: No Make Ready Work Required
20: Assign Engineering
script timed out
All actions: [Email: Construction Corrections Required, Assign Tech, Generate Calc File, Email: Minor Make Ready Required, Assign Construction, Pole Forms, 45 Day TPA Construction Clock, Assign TPA, Email: TPA Construction, Remove Time Markers, Pull Photos From Calc, Estimate Process 14 Day Clock, Assign Billing, Email: Pole Details Require Corrections, Assign Acme EJU Clerk, Lock Project, Engineering Review 45 Day Clock, Email: Project Accepted, Email: Major Make Ready Required, Email: No Make Ready Work Required, Assign Engineering]
Missed actions: null
Forms to capture: 
1: EJU - Ride Out Checklist
2: EJU - Covermap Checklist
3: IJUS Tracking Information
4: Core Form
5: EJU - Field Checklist
6: Asset Information
7: EJU - Davey Form
8: EJU - Transmission Checklist
9: EJU - Remediation Review Checklist
10: EJU - Office Checklist
11: Billing Code
script timed out
Logged in as: American Electric Power
Navigating to Flow Form List
Currently at: https://www.spidasoftware.com/projectmanager/formTemplate/list
Stored screenshot of form: Asset Information
Stored screenshot of form: Billing Code
Stored screenshot of form: Core Form
Stored screenshot of form: EJU - Covermap Checklist
Stored screenshot of form: EJU - Davey Form
Stored screenshot of form: EJU - Field Checklist
Stored screenshot of form: EJU - Office Checklist
Stored screenshot of form: EJU - Remediation Review Checklist
Stored screenshot of form: EJU - Ride Out Checklist
Stored screenshot of form: EJU - Transmission Checklist
Stored screenshot of form: IJUS Tracking Information
Forms to generate: 
0: EJU - Ride Out Checklist
1: EJU - Covermap Checklist
2: IJUS Tracking Information
3: Core Form
4: EJU - Field Checklist
5: Asset Information
6: EJU - Davey Form
7: EJU - Transmission Checklist
8: EJU - Remediation Review Checklist
9: EJU - Office Checklist
10: Billing Code
All forms: [EJU - Ride Out Checklist, EJU - Covermap Checklist, IJUS Tracking Information, Core Form, EJU - Field Checklist, Asset Information, EJU - Davey Form, EJU - Transmission Checklist, EJU - Remediation Review Checklist, EJU - Office Checklist, Billing Code]
Missed Forms: null
company name: American Electric Power
flow Name: EJU
2: Hold 45 Day Clock
3: Resume 45 Day Clock
4: 15 Day Return Clock
5: Pull Forms from Calc
6: 45 Day Clock
7: Pull Photos from Calc
8: LockProject
9: ProjectUnlocked
10: Creator as Manager
11: Pole Details
12: Generate Calc File
?[36m[info]?[0m [phantom] Starting...
?[36m[info]?[0m [phantom] Execution timeout set to 10000ms
?[36m[info]?[0m [phantom] Running suite: 13 steps
?[32;1m[debug]?[0m [phantom] opening url: https://www.spidasoftware.com/projectmanager/, HTTP GET
?[32;1m[debug]?[0m [phantom] Navigation requested: url=https://www.spidasoftware.com/projectmanager/, type=Other, willNavigate=true, isMainFrame=true
Requested Url: https://www.spidasoftware.com/projectmanager/
?[32;1m[debug]?[0m [phantom] Navigation requested: url=https://www.spidasoftware.com/cas/login?service=https://www.spidasoftware.com/projectmanager/j_spring_cas_security_check, type=Other, willNavigate=true, isMainFrame=true
Requested Url: https://www.spidasoftware.com/cas/login?service=https%3A%2F%2Fwww.spidasoftware.com%2Fprojectmanager%2Fj_spring_cas_security_check
?[32;1m[debug]?[0m [phantom] url changed to "https://www.spidasoftware.com/cas/login?service=https://www.spidasoftware.com/projectmanager/j_spring_cas_security_check"
Requested Url: https://www.spidasoftware.com/cas/login?service=https%3A%2F%2Fwww.spidasoftware.com%2Fprojectmanager%2Fj_spring_cas_security_check
Requested Url: https://www.spidasoftware.com/cas/css/cas.css;jsessionid=F11347F4D6701B99BD30F5FC0BB0CE5D
Requested Url: https://www.spidasoftware.com/cas/css/cas.css;jsessionid=F11347F4D6701B99BD30F5FC0BB0CE5D
Requested Url: https://www.spidasoftware.com/cas/css/spida.css
Requested Url: https://www.spidasoftware.com/cas/css/spida.css
Requested Url: https://www.spidasoftware.com/cas/js/cas.js;jsessionid=F11347F4D6701B99BD30F5FC0BB0CE5D
Requested Url: https://www.spidasoftware.com/cas/js/cas.js;jsessionid=F11347F4D6701B99BD30F5FC0BB0CE5D
Requested Url: https://www.spidasoftware.com/cas/images/deboss.png
Requested Url: https://www.spidasoftware.com/cas/images/deboss.png
Requested Url: https://www.spidasoftware.com/cas/js/jquery-1.9.0.min.js
Requested Url: https://www.spidasoftware.com/cas/js/jquery-1.9.0.min.js
Requested Url: https://www.spidasoftware.com/cas/images/key-point_br.gif
Requested Url: https://www.spidasoftware.com/cas/images/key-point_br.gif
Requested Url: https://www.spidasoftware.com/cas/images/key-point_bl.gif
Requested Url: https://www.spidasoftware.com/cas/images/key-point_bl.gif
Requested Url: https://www.spidasoftware.com/cas/images/spida-small.png
Requested Url: https://www.spidasoftware.com/cas/images/spida-small.png
Requested Url: https://www.spidasoftware.com/cas/images/ja-sig-logo.gif
Requested Url: https://www.spidasoftware.com/cas/images/key-point_tr.gif
Requested Url: https://www.spidasoftware.com/cas/images/ja-sig-logo.gif
Requested Url: https://www.spidasoftware.com/cas/images/key-point_tr.gif
Requested Url: https://www.spidasoftware.com/cas/images/key-point_tl.gif
Requested Url: https://www.spidasoftware.com/cas/images/key-point_tl.gif
Requested Url: https://ajax.googleapis.com/ajax/libs/jquery/1.4.2/jquery.min.js
Requested Url: https://ajax.googleapis.com/ajax/libs/jquery/1.4.2/jquery.min.js
Requested Url: https://ajax.googleapis.com/ajax/libs/jqueryui/1.8.5/jquery-ui.min.js
Requested Url: https://ajax.googleapis.com/ajax/libs/jqueryui/1.8.5/jquery-ui.min.js
?[32;1m[debug]?[0m [phantom] Successfully injected Casper client-side utilities
?[32;1m[debug]?[0m [phantom] start page is loaded
?[36m[info]?[0m [phantom] Step login 3/13 https://www.spidasoftware.com/cas/login?service=https://www.spidasoftware.com/projectmanager/j_spring_cas_security_check (HTTP 200)
?[36m[info]?[0m [remote] attempting to fetch form element from selector: 'form#fm1'
?[32;1m[debug]?[0m [remote] Set "username" field value to admin@spidasoftware.com
?[32;1m[debug]?[0m [remote] Set "password" field value to ***************
?[36m[info]?[0m [remote] submitting form to /cas/login;jsessionid=F11347F4D6701B99BD30F5FC0BB0CE5D?service=https%3A%2F%2Fwww.spidasoftware.com%2Fprojectmanager%2Fj_spring_cas_security_check, HTTP POST
?[36m[info]?[0m [phantom] Step login 3/13: done in 2949ms.
?[32;1m[debug]?[0m [phantom] Navigation requested: url=https://www.spidasoftware.com/cas/login;jsessionid=F11347F4D6701B99BD30F5FC0BB0CE5D?service=https://www.spidasoftware.com/projectmanager/j_spring_cas_security_check, type=FormSubmitted, willNavigate=true, isMainFrame=true
Requested Url: https://www.spidasoftware.com/cas/login;jsessionid=F11347F4D6701B99BD30F5FC0BB0CE5D?service=https%3A%2F%2Fwww.spidasoftware.com%2Fprojectmanager%2Fj_spring_cas_security_check
?[32;1m[debug]?[0m [phantom] Navigation requested: url=https://www.spidasoftware.com/projectmanager/j_spring_cas_security_check?ticket=ST-170-GTbwlIivNp32L5pf3C9c-www.spidasoftware.com, type=FormSubmitted, willNavigate=true, isMainFrame=true
Requested Url: https://www.spidasoftware.com/projectmanager/j_spring_cas_security_check?ticket=ST-170-GTbwlIivNp32L5pf3C9c-www.spidasoftware.com
?[32;1m[debug]?[0m [phantom] Navigation requested: url=https://www.spidasoftware.com/projectmanager/, type=FormSubmitted, willNavigate=true, isMainFrame=true
Requested Url: https://www.spidasoftware.com/projectmanager/
?[32;1m[debug]?[0m [phantom] url changed to "https://www.spidasoftware.com/projectmanager/"
Requested Url: https://www.spidasoftware.com/projectmanager/
Requested Url: https://www.spidasoftware.com/projectmanager/assets/application-eb20b43cf60215725cfe9f3ee324ab29.css
Requested Url: https://www.spidasoftware.com/projectmanager/assets/application-eb20b43cf60215725cfe9f3ee324ab29.css
Requested Url: https://www.spidasoftware.com/projectmanager/assets/fullwidth-712c8be92ed2438fa54c602fa4ead9de.css
Requested Url: https://www.spidasoftware.com/projectmanager/assets/fullwidth-712c8be92ed2438fa54c602fa4ead9de.css
Requested Url: https://www.spidasoftware.com/projectmanager/assets/layout-740b63f13e950682666c41e738489382.js
Requested Url: https://www.spidasoftware.com/projectmanager/assets/manifests/dashboard-bb51ee3aaa45140c7b368ac1257e2bb6.css
Requested Url: https://www.spidasoftware.com/projectmanager/assets/manifests/dashboard-bb51ee3aaa45140c7b368ac1257e2bb6.css
Requested Url: https://www.spidasoftware.com/projectmanager/assets/layout/bg-wrappage-4024e4b9b2f45c38e97593fdc99855fe.gif
Requested Url: https://www.spidasoftware.com/projectmanager/assets/manifests/dashboard-ca798a2aa13668b62f4cfb792b5cb005.js
Requested Url: https://www.spidasoftware.com/projectmanager/assets/layout/bg-wrappage-4024e4b9b2f45c38e97593fdc99855fe.gif
Requested Url: https://www.spidasoftware.com/projectmanager/assets/layout-740b63f13e950682666c41e738489382.js
Requested Url: https://www.spidasoftware.com/projectmanager/assets/manifests/dashboard-ca798a2aa13668b62f4cfb792b5cb005.js
Requested Url: https://www.spidasoftware.com/projectmanager/assets/deboss-ed16c7a3699e4e401f23e3e7338d8546.png
Requested Url: https://www.spidasoftware.com/projectmanager/assets/deboss-ed16c7a3699e4e401f23e3e7338d8546.png
Requested Url: https://www.spidasoftware.com/projectmanager/assets/layout/header-spidamin-e40ce1bb4403d5c7db28e7855d5c74d0.gif
Requested Url: https://www.spidasoftware.com/projectmanager/assets/layout/header-spidamin-e40ce1bb4403d5c7db28e7855d5c74d0.gif
Requested Url: https://www.spidasoftware.com/projectmanager/assets/fullwidth-712c8be92ed2438fa54c602fa4ead9de.css
Requested Url: https://www.spidasoftware.com/projectmanager/assets/fullwidth-712c8be92ed2438fa54c602fa4ead9de.css
Requested Url: https://www.spidasoftware.com/projectmanager/assets/ajax-loader-22e80548042a44cb9c0e053d56e5256c.gif
Requested Url: https://www.spidasoftware.com/projectmanager/assets/ajax-loader-22e80548042a44cb9c0e053d56e5256c.gif
Requested Url: https://www.spidasoftware.com/projectmanager/plugins/layout-3.7/images/32/user.png
Requested Url: https://www.spidasoftware.com/projectmanager/plugins/layout-3.7/images/32/user.png
Requested Url: https://www.spidasoftware.com/projectmanager/plugins/layout-3.7/images/16/user.png
Requested Url: https://www.spidasoftware.com/projectmanager/plugins/layout-3.7/images/16/user.png
Requested Url: https://www.spidasoftware.com/projectmanager/plugins/layout-3.7/images/16/comment.png
Requested Url: https://www.spidasoftware.com/projectmanager/plugins/layout-3.7/images/16/comment.png
Requested Url: https://www.spidasoftware.com/projectmanager/plugins/layout-3.7/images/16/config.png
Requested Url: https://www.spidasoftware.com/projectmanager/plugins/layout-3.7/images/16/config.png
Requested Url: https://www.spidasoftware.com/projectmanager/assets/menu_indicator-06e43d6d3f303158042880db8bd88a00.png
Requested Url: https://www.spidasoftware.com/projectmanager/assets/menu_indicator-06e43d6d3f303158042880db8bd88a00.png
Requested Url: https://www.spidasoftware.com/projectmanager/plugins/layout-3.7/images/16/logout.png
Requested Url: https://www.spidasoftware.com/projectmanager/plugins/layout-3.7/images/16/logout.png
Requested Url: https://www.spidasoftware.com/projectmanager/assets/16/calendar-f8cd1aa487b98cf09ba57257d68f8ae5.png
Requested Url: https://www.spidasoftware.com/projectmanager/assets/16/calendar-f8cd1aa487b98cf09ba57257d68f8ae5.png
Requested Url: https://www.spidasoftware.com/projectmanager/assets/16/finished-work-ad9d9abd2436e0648067a59fb689efe0.png
Requested Url: https://www.spidasoftware.com/projectmanager/assets/16/finished-work-ad9d9abd2436e0648067a59fb689efe0.png
Requested Url: https://www.spidasoftware.com/projectmanager/assets/Sawasdee-24fcdb41df7fca27205cfb13df8a78aa.ttf
Requested Url: https://www.spidasoftware.com/projectmanager/assets/16/pie-0250125d48a626c8fc53759e9ab40021.png
Requested Url: https://www.spidasoftware.com/projectmanager/assets/16/pie-0250125d48a626c8fc53759e9ab40021.png
Requested Url: https://www.spidasoftware.com/projectmanager/assets/16/save-0eedd6a7239807cde0770a15dd42321b.png
Requested Url: https://www.spidasoftware.com/projectmanager/assets/16/save-0eedd6a7239807cde0770a15dd42321b.png
Requested Url: https://www.spidasoftware.com/projectmanager/assets/Sawasdee-Bold-e259f8084233a474a753b405642cbe67.ttf
Requested Url: https://www.spidasoftware.com/projectmanager/assets/16/statistics-5ac61cbdfeb3383fed3cad7f2ab9feaf.png
Requested Url: https://www.spidasoftware.com/projectmanager/assets/16/statistics-5ac61cbdfeb3383fed3cad7f2ab9feaf.png
ATMOSPHERE CANCELLED
ATMOSPHERE CANCELLED
Requested Url: https://www.spidasoftware.com/projectmanager/assets/Sawasdee-24fcdb41df7fca27205cfb13df8a78aa.ttf
Requested Url: https://www.spidasoftware.com/projectmanager/assets/images/ui-bg_glass_75_e6e6e6_1x400-f4254356c2a8c9a383205ef2c4de22c4.png
Requested Url: https://www.spidasoftware.com/projectmanager/assets/images/ui-bg_glass_75_e6e6e6_1x400-f4254356c2a8c9a383205ef2c4de22c4.png
Requested Url: https://www.spidasoftware.com/projectmanager/assets/images/ui-icons_888888_256x240-9c46d7cab43e22a14bad26d2d4806d80.png
Requested Url: https://www.spidasoftware.com/projectmanager/assets/images/ui-icons_888888_256x240-9c46d7cab43e22a14bad26d2d4806d80.png
Requested Url: https://www.spidasoftware.com/projectmanager/assets/Sawasdee-Bold-e259f8084233a474a753b405642cbe67.ttf
Requested Url: https://www.spidasoftware.com/projectmanager/assets/images/ui-bg_flat_75_ffffff_40x100-8692e6efddf882acbff144c38ea7dfdf.png
Requested Url: https://www.spidasoftware.com/projectmanager/assets/images/ui-bg_flat_75_ffffff_40x100-8692e6efddf882acbff144c38ea7dfdf.png
Requested Url: https://www.spidasoftware.com/projectmanager/assets/images/ui-bg_glass_65_ffffff_1x400-e5a8f32e28fd5c27bf0fed33c8a8b9b5.png
Requested Url: https://www.spidasoftware.com/projectmanager/assets/images/ui-bg_glass_65_ffffff_1x400-e5a8f32e28fd5c27bf0fed33c8a8b9b5.png
Requested Url: https://www.spidasoftware.com/projectmanager/assets/images/ui-icons_222222_256x240-3f3acb42b0d2bfd5f39069b87803eebc.png
ATMOSPHERE CANCELLED
Requested Url: https://www.spidasoftware.com/projectmanager/assets/images/ui-icons_222222_256x240-3f3acb42b0d2bfd5f39069b87803eebc.png
?[32;1m[debug]?[0m [phantom] Successfully injected Casper client-side utilities
?[36m[info]?[0m [phantom] Step _step 4/13 https://www.spidasoftware.com/projectmanager/ (HTTP 200)
?[36m[info]?[0m [phantom] Step _step 4/13: done in 8376ms.
?[36m[info]?[0m [phantom] waitFor() finished in 40ms.
?[36m[info]?[0m [phantom] Step afterLogin 5/14 https://www.spidasoftware.com/projectmanager/ (HTTP 200)
Logged in successfully
?[36m[info]?[0m [phantom] Step afterLogin 5/14: done in 8436ms.
?[36m[info]?[0m [phantom] Step _step 6/14 https://www.spidasoftware.com/projectmanager/ (HTTP 200)
?[36m[info]?[0m [phantom] Step _step 6/14: done in 8456ms.
?[36m[info]?[0m [phantom] waitFor() finished in 44ms.
?[36m[info]?[0m [phantom] Step anonymous 7/15 https://www.spidasoftware.com/projectmanager/ (HTTP 200)
?[32;1m[debug]?[0m [phantom] Mouse event 'mousedown' on selector: xpath selector: //*[text()="American Electric Power"]
?[32;1m[debug]?[0m [phantom] Mouse event 'mouseup' on selector: xpath selector: //*[text()="American Electric Power"]
?[32;1m[debug]?[0m [phantom] Mouse event 'click' on selector: xpath selector: //*[text()="American Electric Power"]
?[32;1m[debug]?[0m [phantom] Navigation requested: url=https://www.spidasoftware.com/projectmanager/#, type=LinkClicked, willNavigate=true, isMainFrame=true
?[32;1m[debug]?[0m [phantom] url changed to "https://www.spidasoftware.com/projectmanager/#"
?[36m[info]?[0m [phantom] Step anonymous 7/15: done in 8529ms.
?[32;1m[debug]?[0m [phantom] Navigation requested: url=https://www.spidasoftware.com/projectmanager/switchcompany, type=FormSubmitted, willNavigate=true, isMainFrame=true
ATMOSPHERE CANCELLED
?[33m[warning]?[0m [phantom] Loading resource failed with status=fail (HTTP 200): https://www.spidasoftware.com/projectmanager/switchcompany
Requested Url: https://www.spidasoftware.com/projectmanager/switchcompany
?[32;1m[debug]?[0m [phantom] Navigation requested: url=https://www.spidasoftware.com/projectmanager/dashboard/index, type=FormSubmitted, willNavigate=true, isMainFrame=true
script timed out
?[36m[info]?[0m [phantom] Step _step 8/15 https://www.spidasoftware.com/projectmanager/# (HTTP 302)
?[36m[info]?[0m [phantom] Step _step 8/15: done in 10020ms.
Requested Url: https://www.spidasoftware.com/projectmanager/dashboard/index
?[32;1m[debug]?[0m [phantom] url changed to "https://www.spidasoftware.com/projectmanager/dashboard/index"
Requested Url: https://www.spidasoftware.com/projectmanager/dashboard/index
?[32;1m[debug]?[0m [phantom] Successfully injected Casper client-side utilities
?[36m[info]?[0m [phantom] waitFor() finished in 1533ms.
?[36m[info]?[0m [phantom] Step anonymous 9/16 https://www.spidasoftware.com/projectmanager/dashboard/index (HTTP 200)
Logged in as: American Electric Power
?[36m[info]?[0m [phantom] Step anonymous 9/16: done in 11577ms.
Requested Url: https://www.spidasoftware.com/projectmanager/assets/fullwidth-712c8be92ed2438fa54c602fa4ead9de.css
Requested Url: https://www.spidasoftware.com/projectmanager/assets/fullwidth-712c8be92ed2438fa54c602fa4ead9de.css
?[32;1m[debug]?[0m [phantom] opening url: https://www.spidasoftware.com/projectmanager/flow/list, HTTP GET
ATMOSPHERE CANCELLED
Requested Url: https://www.spidasoftware.com/projectmanager/assets/fullwidth-712c8be92ed2438fa54c602fa4ead9de.css
?[32;1m[debug]?[0m [phantom] Navigation requested: url=https://www.spidasoftware.com/projectmanager/flow/list, type=Other, willNavigate=true, isMainFrame=true
?[33m[warning]?[0m [phantom] Loading resource failed with status=fail (HTTP 200): https://www.spidasoftware.com/projectmanager/flow/list
Requested Url: https://www.spidasoftware.com/projectmanager/flow/list
?[32;1m[debug]?[0m [phantom] url changed to "https://www.spidasoftware.com/projectmanager/flow/list"
Requested Url: https://www.spidasoftware.com/projectmanager/flow/list
Requested Url: https://www.spidasoftware.com/projectmanager/assets/admin-d2fddd00cdd8169f120bbf2621fff730.css
Requested Url: https://www.spidasoftware.com/projectmanager/assets/admin-d2fddd00cdd8169f120bbf2621fff730.css
Requested Url: https://www.spidasoftware.com/projectmanager/assets/pm-adcf40c25b31c001f8363843825c5028.css
Requested Url: https://www.spidasoftware.com/projectmanager/assets/pm-adcf40c25b31c001f8363843825c5028.css
Requested Url: https://www.spidasoftware.com/projectmanager/assets/fullwidth-712c8be92ed2438fa54c602fa4ead9de.css
Requested Url: https://www.spidasoftware.com/projectmanager/assets/fullwidth-712c8be92ed2438fa54c602fa4ead9de.css
Requested Url: https://www.spidasoftware.com/projectmanager/assets/toolbar-d096400c9b5f99e9d2a8ca75f9f09bf1.css
Requested Url: https://www.spidasoftware.com/projectmanager/assets/toolbar-d096400c9b5f99e9d2a8ca75f9f09bf1.css
ATMOSPHERE CANCELLED
ATMOSPHERE CANCELLED
?[32;1m[debug]?[0m [phantom] Successfully injected Casper client-side utilities
?[36m[info]?[0m [phantom] Step openFlowList 11/16 https://www.spidasoftware.com/projectmanager/flow/list (HTTP 200)
Navigating to Flow List
?[36m[info]?[0m [phantom] Step openFlowList 11/16: done in 12367ms.
Requested Url: https://www.spidasoftware.com/projectmanager/assets/default/sorted_asc-df23e44c4c4999383e95e9c8bf5da156.gif
Requested Url: https://www.spidasoftware.com/projectmanager/assets/default/sorted_asc-df23e44c4c4999383e95e9c8bf5da156.gif
Requested Url: https://www.spidasoftware.com/projectmanager/assets/fullwidth-712c8be92ed2438fa54c602fa4ead9de.css
Requested Url: https://www.spidasoftware.com/projectmanager/assets/fullwidth-712c8be92ed2438fa54c602fa4ead9de.css
Requested Url: https://www.spidasoftware.com/projectmanager/assets/16/plus-c3d7ac6de2f7bb771dd1561a04c9fc30.png
Requested Url: https://www.spidasoftware.com/projectmanager/assets/16/plus-c3d7ac6de2f7bb771dd1561a04c9fc30.png
?[36m[info]?[0m [phantom] Step _step 12/16 https://www.spidasoftware.com/projectmanager/flow/list (HTTP 200)
?[36m[info]?[0m [phantom] Step _step 12/16: done in 12386ms.
?[36m[info]?[0m [phantom] waitFor() finished in 43ms.
ATMOSPHERE CANCELLED
?[36m[info]?[0m [phantom] Step clickFlow 13/17 https://www.spidasoftware.com/projectmanager/flow/list (HTTP 200)
Currently at: https://www.spidasoftware.com/projectmanager/flow/list
?[32;1m[debug]?[0m [phantom] Mouse event 'mousedown' on selector: xpath selector: //a[text()="EJU"]
?[32;1m[debug]?[0m [phantom] Mouse event 'mouseup' on selector: xpath selector: //a[text()="EJU"]
?[32;1m[debug]?[0m [phantom] Mouse event 'click' on selector: xpath selector: //a[text()="EJU"]
?[32;1m[debug]?[0m [phantom] Navigation requested: url=https://www.spidasoftware.com/projectmanager/flow/edit/6378, type=LinkClicked, willNavigate=true, isMainFrame=true
ATMOSPHERE CANCELLED
?[36m[info]?[0m [phantom] Step clickFlow 13/17: done in 12457ms.
?[33m[warning]?[0m [phantom] Loading resource failed with status=fail (HTTP 200): https://www.spidasoftware.com/projectmanager/flow/edit/6378
Requested Url: https://www.spidasoftware.com/projectmanager/flow/edit/6378
?[32;1m[debug]?[0m [phantom] url changed to "https://www.spidasoftware.com/projectmanager/flow/edit/6378"
Requested Url: https://www.spidasoftware.com/projectmanager/flow/edit/6378
Requested Url: https://www.spidasoftware.com/projectmanager/assets/fullwidth-712c8be92ed2438fa54c602fa4ead9de.css
Requested Url: https://www.spidasoftware.com/projectmanager/assets/fullwidth-712c8be92ed2438fa54c602fa4ead9de.css
Requested Url: https://www.spidasoftware.com/projectmanager/assets/manifests/flow-head-db34cb9a3b5664d4e6849d969c2df599.js
Requested Url: https://www.spidasoftware.com/projectmanager/assets/manifests/flow-b89a5ec3639330a36d22d254f66d6096.css
Requested Url: https://www.spidasoftware.com/projectmanager/assets/manifests/flow-b89a5ec3639330a36d22d254f66d6096.css
Requested Url: https://www.spidasoftware.com/projectmanager/assets/manifests/flow-body-bad25f25c8303a2ef5f819e7f986267b.js
Requested Url: https://www.spidasoftware.com/projectmanager/assets/manifests/flow-head-db34cb9a3b5664d4e6849d969c2df599.js
Requested Url: https://www.spidasoftware.com/projectmanager/assets/manifests/flow-body-bad25f25c8303a2ef5f819e7f986267b.js
Requested Url: https://www.spidasoftware.com/projectmanager/assets/fullwidth-712c8be92ed2438fa54c602fa4ead9de.css
Requested Url: https://www.spidasoftware.com/projectmanager/assets/fullwidth-712c8be92ed2438fa54c602fa4ead9de.css
Requested Url: https://www.spidasoftware.com/projectmanager/images/100-90-5-monochrome.png
ATMOSPHERE CANCELLED
ATMOSPHERE CANCELLED
?[32;1m[debug]?[0m [phantom] Successfully injected Casper client-side utilities
?[36m[info]?[0m [phantom] Step _step 14/17 https://www.spidasoftware.com/projectmanager/flow/edit/6378 (HTTP 200)
?[36m[info]?[0m [phantom] Step _step 14/17: done in 13381ms.
Requested Url: https://www.spidasoftware.com/projectmanager/images/100-90-5-monochrome.png
ATMOSPHERE CANCELLED
Requested Url: https://www.spidasoftware.com/projectmanager/flow/flowEdit?id=6378
Requested Url: https://www.spidasoftware.com/projectmanager/flow/flowEdit?id=6378
Requested Url: data:image/svg+xml;base64,PHN2ZyB4bWxucz0iaHR0cDovL3d3dy53My5vcmcvMjAwMC9zdmciIHZlcnNpb249IjEuMSIgeD0iMTJweCIgeT0iMHB4IiB3aWR0aD0iMjRweCIgaGVpZ2h0PSIzcHgiIHZpZXdCb3g9IjAgMCA2IDMiIGVuYWJsZS1iYWNrZ3JvdW5kPSJuZXcgMCAwIDYgMyIgeG1sOnNwYWNlPSJwcmVzZXJ2ZSI+PHBvbHlnb24gcG9pbnRzPSI1Ljk5MiwwIDIuOTkyLDMgLTAuMDA4LDAgIi8+PC9zdmc+
Requested Url: data:image/svg+xml;base64,PHN2ZyB4bWxucz0iaHR0cDovL3d3dy53My5vcmcvMjAwMC9zdmciIHZlcnNpb249IjEuMSIgeD0iMTJweCIgeT0iMHB4IiB3aWR0aD0iMjRweCIgaGVpZ2h0PSIzcHgiIHZpZXdCb3g9IjAgMCA2IDMiIGVuYWJsZS1iYWNrZ3JvdW5kPSJuZXcgMCAwIDYgMyIgeG1sOnNwYWNlPSJwcmVzZXJ2ZSI+PHBvbHlnb24gcG9pbnRzPSI1Ljk5MiwwIDIuOTkyLDMgLTAuMDA4LDAgIi8+PC9zdmc+
Requested Url: https://www.spidasoftware.com/projectmanager/flow/visualJson?id=6378
Requested Url: https://www.spidasoftware.com/projectmanager/flow/visualJson?id=6378
?[36m[info]?[0m [phantom] waitFor() finished in 1254ms.
?[36m[info]?[0m [phantom] Step getOrder 15/18 https://www.spidasoftware.com/projectmanager/flow/edit/6378 (HTTP 200)
?[36m[info]?[0m [phantom] Step getOrder 15/18: done in 14696ms.
Requested Url: https://www.spidasoftware.com/projectmanager/images/tools/edit.png
Requested Url: https://www.spidasoftware.com/projectmanager/images/tools/edit.png
Requested Url: https://www.spidasoftware.com/projectmanager/images/tools/add.png
Requested Url: https://www.spidasoftware.com/projectmanager/images/tools/add.png
Requested Url: https://www.spidasoftware.com/projectmanager/images/tools/delete.png
Requested Url: https://www.spidasoftware.com/projectmanager/images/tools/delete.png
?[36m[info]?[0m [phantom] Step _step 16/18 https://www.spidasoftware.com/projectmanager/flow/edit/6378 (HTTP 200)
?[36m[info]?[0m [phantom] Step _step 16/18: done in 14701ms.
Requested Url: https://www.spidasoftware.com/projectmanager/assets/jquery/chosen-sprite-25b9acb1b504c95c6b95c33986b7317e.png
Requested Url: https://www.spidasoftware.com/projectmanager/assets/jquery/chosen-sprite-25b9acb1b504c95c6b95c33986b7317e.png
?[36m[info]?[0m [phantom] wait() finished waiting for 2000ms.
Currently at: https://www.spidasoftware.com/projectmanager/flow/edit/6378
?[32;1m[debug]?[0m [phantom] Mouse event 'mousedown' on selector: #events_table>table>tbody>tr:nth-child(1)>td:nth-child(5)>a
?[32;1m[debug]?[0m [phantom] Mouse event 'mouseup' on selector: #events_table>table>tbody>tr:nth-child(1)>td:nth-child(5)>a
?[32;1m[debug]?[0m [phantom] Mouse event 'click' on selector: #events_table>table>tbody>tr:nth-child(1)>td:nth-child(5)>a
?[32;1m[debug]?[0m [phantom] Navigation requested: url=https://www.spidasoftware.com/projectmanager/flow/edit/6378#, type=LinkClicked, willNavigate=true, isMainFrame=true
?[32;1m[debug]?[0m [phantom] url changed to "https://www.spidasoftware.com/projectmanager/flow/edit/6378#"
?[36m[info]?[0m [phantom] Step _step 17/18 https://www.spidasoftware.com/projectmanager/flow/edit/6378# (HTTP 200)
?[36m[info]?[0m [phantom] Step _step 17/18: done in 16720ms.
Requested Url: https://www.spidasoftware.com/projectmanager/event/editEvent
Requested Url: https://www.spidasoftware.com/projectmanager/event/editEvent
Requested Url: https://www.spidasoftware.com/projectmanager/assets/16/no-d8558032ad0d69254d51fa76de993f0c.png
Requested Url: https://www.spidasoftware.com/projectmanager/assets/16/no-d8558032ad0d69254d51fa76de993f0c.png
?[36m[info]?[0m [phantom] waitFor() finished in 1011ms.
?[36m[info]?[0m [phantom] Step clickActionTab 18/19 https://www.spidasoftware.com/projectmanager/flow/edit/6378# (HTTP 200)
?[32;1m[debug]?[0m [phantom] Mouse event 'mousedown' on selector: form>div>div>dl>dd:nth-child(2)>a
?[32;1m[debug]?[0m [phantom] Mouse event 'mouseup' on selector: form>div>div>dl>dd:nth-child(2)>a
?[32;1m[debug]?[0m [phantom] Mouse event 'click' on selector: form>div>div>dl>dd:nth-child(2)>a
?[36m[info]?[0m [phantom] Step clickActionTab 18/19: done in 17762ms.
?[36m[info]?[0m [phantom] Step _step 19/19 https://www.spidasoftware.com/projectmanager/flow/edit/6378# (HTTP 200)
?[36m[info]?[0m [phantom] Step _step 19/19: done in 17769ms.
?[36m[info]?[0m [phantom] waitFor() finished in 1108ms.
?[36m[info]?[0m [phantom] Step chooseAnAction 20/20 https://www.spidasoftware.com/projectmanager/flow/edit/6378# (HTTP 200)
Capturing action: ProjectUnlocked...
6381
Capturing action: Pole Details...
6382
Capturing action: 45 Day Clock...
6386
Capturing action: LockProject...
6410
Capturing action: Creator as Manager...
6413
Capturing action: Hold 45 Day Clock...
6416
Capturing action: Resume 45 Day Clock...
6417
Capturing action: Generate Calc File...
6478
Capturing action: 15 Day Return Clock...
6481
Capturing action: Pull Forms from Calc...
6482
Capturing action: Pull Photos from Calc...
6483
?[36m[info]?[0m [phantom] Step chooseAnAction 20/20: done in 19739ms.
?[36m[info]?[0m [phantom] Step changeOnClickValue 21/42 https://www.spidasoftware.com/projectmanager/flow/edit/6378# (HTTP 200)
?[36m[info]?[0m [phantom] Step changeOnClickValue 21/42: done in 19742ms.
?[36m[info]?[0m [phantom] Step _step 22/42 https://www.spidasoftware.com/projectmanager/flow/edit/6378# (HTTP 200)
?[36m[info]?[0m [phantom] Step _step 22/42: done in 19761ms.
Requested Url: https://www.spidasoftware.com/projectmanager/action/editAction?id=6381
Requested Url: https://www.spidasoftware.com/projectmanager/action/editAction?id=6381
Requested Url: https://www.spidasoftware.com/projectmanager/assets/16/minus-7994d6aeef41ae69ed7c53869a22d015.png
Requested Url: https://www.spidasoftware.com/projectmanager/assets/16/minus-7994d6aeef41ae69ed7c53869a22d015.png
?[36m[info]?[0m [phantom] wait() finished waiting for 2000ms.
?[36m[info]?[0m [phantom] Step _step 23/43 https://www.spidasoftware.com/projectmanager/flow/edit/6378# (HTTP 200)
?[36m[info]?[0m [phantom] Step _step 23/43: done in 21777ms.
?[36m[info]?[0m [phantom] waitFor() finished in 41ms.
?[36m[info]?[0m [phantom] Step waitedForJavascript 24/44 https://www.spidasoftware.com/projectmanager/flow/edit/6378# (HTTP 200)
?[32;1m[debug]?[0m [phantom] Capturing page to /Users/zpeugh/code/min/scripts/flowdocument/pngs/ProjectUnlocked.png
?[36m[info]?[0m [phantom] Capture saved to /Users/zpeugh/code/min/scripts/flowdocument/pngs/ProjectUnlocked.png
Captured action: ProjectUnlocked
?[36m[info]?[0m [phantom] Step waitedForJavascript 24/44: done in 22249ms.
?[36m[info]?[0m [phantom] Step changeOnClickValue 25/44 https://www.spidasoftware.com/projectmanager/flow/edit/6378# (HTTP 200)
?[36m[info]?[0m [phantom] Step changeOnClickValue 25/44: done in 22340ms.
?[36m[info]?[0m [phantom] Step _step 26/44 https://www.spidasoftware.com/projectmanager/flow/edit/6378# (HTTP 200)
?[36m[info]?[0m [phantom] Step _step 26/44: done in 22341ms.
Requested Url: https://www.spidasoftware.com/projectmanager/action/editAction?id=6382
Requested Url: https://www.spidasoftware.com/projectmanager/action/editAction?id=6382
?[36m[info]?[0m [phantom] wait() finished waiting for 2000ms.
?[36m[info]?[0m [phantom] Step _step 27/45 https://www.spidasoftware.com/projectmanager/flow/edit/6378# (HTTP 200)
?[36m[info]?[0m [phantom] Step _step 27/45: done in 24361ms.
?[36m[info]?[0m [phantom] waitFor() finished in 40ms.
?[36m[info]?[0m [phantom] Step waitedForJavascript 28/46 https://www.spidasoftware.com/projectmanager/flow/edit/6378# (HTTP 200)
?[32;1m[debug]?[0m [phantom] Capturing page to /Users/zpeugh/code/min/scripts/flowdocument/pngs/Pole Details.png
?[36m[info]?[0m [phantom] Capture saved to /Users/zpeugh/code/min/scripts/flowdocument/pngs/Pole Details.png
Captured action: Pole Details
?[36m[info]?[0m [phantom] Step waitedForJavascript 28/46: done in 24756ms.
?[36m[info]?[0m [phantom] Step changeOnClickValue 29/46 https://www.spidasoftware.com/projectmanager/flow/edit/6378# (HTTP 200)
?[36m[info]?[0m [phantom] Step changeOnClickValue 29/46: done in 24758ms.
?[36m[info]?[0m [phantom] Step _step 30/46 https://www.spidasoftware.com/projectmanager/flow/edit/6378# (HTTP 200)
?[36m[info]?[0m [phantom] Step _step 30/46: done in 24836ms.
Requested Url: https://www.spidasoftware.com/projectmanager/action/editAction?id=6386
Requested Url: https://www.spidasoftware.com/projectmanager/action/editAction?id=6386
?[36m[info]?[0m [phantom] wait() finished waiting for 2000ms.
?[36m[info]?[0m [phantom] Step _step 31/47 https://www.spidasoftware.com/projectmanager/flow/edit/6378# (HTTP 200)
?[36m[info]?[0m [phantom] Step _step 31/47: done in 26856ms.
?[36m[info]?[0m [phantom] waitFor() finished in 41ms.
?[36m[info]?[0m [phantom] Step waitedForJavascript 32/48 https://www.spidasoftware.com/projectmanager/flow/edit/6378# (HTTP 200)
?[32;1m[debug]?[0m [phantom] Capturing page to /Users/zpeugh/code/min/scripts/flowdocument/pngs/45 Day Clock.png
?[36m[info]?[0m [phantom] Capture saved to /Users/zpeugh/code/min/scripts/flowdocument/pngs/45 Day Clock.png
Captured action: 45 Day Clock
?[36m[info]?[0m [phantom] Step waitedForJavascript 32/48: done in 27309ms.
?[36m[info]?[0m [phantom] Step changeOnClickValue 33/48 https://www.spidasoftware.com/projectmanager/flow/edit/6378# (HTTP 200)
?[36m[info]?[0m [phantom] Step changeOnClickValue 33/48: done in 27311ms.
?[36m[info]?[0m [phantom] Step _step 34/48 https://www.spidasoftware.com/projectmanager/flow/edit/6378# (HTTP 200)
?[36m[info]?[0m [phantom] Step _step 34/48: done in 27390ms.
Requested Url: https://www.spidasoftware.com/projectmanager/action/editAction?id=6410
Requested Url: https://www.spidasoftware.com/projectmanager/action/editAction?id=6410
?[36m[info]?[0m [phantom] wait() finished waiting for 2000ms.
?[36m[info]?[0m [phantom] Step _step 35/49 https://www.spidasoftware.com/projectmanager/flow/edit/6378# (HTTP 200)
?[36m[info]?[0m [phantom] Step _step 35/49: done in 29396ms.
?[36m[info]?[0m [phantom] waitFor() finished in 41ms.
?[36m[info]?[0m [phantom] Step waitedForJavascript 36/50 https://www.spidasoftware.com/projectmanager/flow/edit/6378# (HTTP 200)
?[32;1m[debug]?[0m [phantom] Capturing page to /Users/zpeugh/code/min/scripts/flowdocument/pngs/LockProject.png
?[36m[info]?[0m [phantom] Capture saved to /Users/zpeugh/code/min/scripts/flowdocument/pngs/LockProject.png
Captured action: LockProject
?[36m[info]?[0m [phantom] Step waitedForJavascript 36/50: done in 29845ms.
?[36m[info]?[0m [phantom] Step changeOnClickValue 37/50 https://www.spidasoftware.com/projectmanager/flow/edit/6378# (HTTP 200)
?[36m[info]?[0m [phantom] Step changeOnClickValue 37/50: done in 29847ms.
?[36m[info]?[0m [phantom] Step _step 38/50 https://www.spidasoftware.com/projectmanager/flow/edit/6378# (HTTP 200)
?[36m[info]?[0m [phantom] Step _step 38/50: done in 29928ms.
Requested Url: https://www.spidasoftware.com/projectmanager/action/editAction?id=6413
Requested Url: https://www.spidasoftware.com/projectmanager/action/editAction?id=6413
?[36m[info]?[0m [phantom] wait() finished waiting for 2000ms.
?[36m[info]?[0m [phantom] Step _step 39/51 https://www.spidasoftware.com/projectmanager/flow/edit/6378# (HTTP 200)
?[36m[info]?[0m [phantom] Step _step 39/51: done in 31938ms.
?[36m[info]?[0m [phantom] waitFor() finished in 41ms.
?[36m[info]?[0m [phantom] Step waitedForJavascript 40/52 https://www.spidasoftware.com/projectmanager/flow/edit/6378# (HTTP 200)
?[32;1m[debug]?[0m [phantom] Capturing page to /Users/zpeugh/code/min/scripts/flowdocument/pngs/Creator as Manager.png
?[36m[info]?[0m [phantom] Capture saved to /Users/zpeugh/code/min/scripts/flowdocument/pngs/Creator as Manager.png
Captured action: Creator as Manager
?[36m[info]?[0m [phantom] Step waitedForJavascript 40/52: done in 32397ms.
?[36m[info]?[0m [phantom] Step changeOnClickValue 41/52 https://www.spidasoftware.com/projectmanager/flow/edit/6378# (HTTP 200)
?[36m[info]?[0m [phantom] Step changeOnClickValue 41/52: done in 32399ms.
?[36m[info]?[0m [phantom] Step _step 42/52 https://www.spidasoftware.com/projectmanager/flow/edit/6378# (HTTP 200)
?[36m[info]?[0m [phantom] Step _step 42/52: done in 32477ms.
Requested Url: https://www.spidasoftware.com/projectmanager/action/editAction?id=6416
Requested Url: https://www.spidasoftware.com/projectmanager/action/editAction?id=6416
?[36m[info]?[0m [phantom] wait() finished waiting for 2000ms.
?[36m[info]?[0m [phantom] Step _step 43/53 https://www.spidasoftware.com/projectmanager/flow/edit/6378# (HTTP 200)
?[36m[info]?[0m [phantom] Step _step 43/53: done in 34491ms.
?[36m[info]?[0m [phantom] waitFor() finished in 42ms.
?[36m[info]?[0m [phantom] Step waitedForJavascript 44/54 https://www.spidasoftware.com/projectmanager/flow/edit/6378# (HTTP 200)
?[32;1m[debug]?[0m [phantom] Capturing page to /Users/zpeugh/code/min/scripts/flowdocument/pngs/Hold 45 Day Clock.png
?[36m[info]?[0m [phantom] Capture saved to /Users/zpeugh/code/min/scripts/flowdocument/pngs/Hold 45 Day Clock.png
Captured action: Hold 45 Day Clock
?[36m[info]?[0m [phantom] Step waitedForJavascript 44/54: done in 34922ms.
?[36m[info]?[0m [phantom] Step changeOnClickValue 45/54 https://www.spidasoftware.com/projectmanager/flow/edit/6378# (HTTP 200)
?[36m[info]?[0m [phantom] Step changeOnClickValue 45/54: done in 34924ms.
?[36m[info]?[0m [phantom] Step _step 46/54 https://www.spidasoftware.com/projectmanager/flow/edit/6378# (HTTP 200)
?[36m[info]?[0m [phantom] Step _step 46/54: done in 35003ms.
Requested Url: https://www.spidasoftware.com/projectmanager/action/editAction?id=6417
Requested Url: https://www.spidasoftware.com/projectmanager/action/editAction?id=6417
?[36m[info]?[0m [phantom] wait() finished waiting for 2000ms.
?[36m[info]?[0m [phantom] Step _step 47/55 https://www.spidasoftware.com/projectmanager/flow/edit/6378# (HTTP 200)
?[36m[info]?[0m [phantom] Step _step 47/55: done in 37011ms.
?[36m[info]?[0m [phantom] waitFor() finished in 42ms.
?[36m[info]?[0m [phantom] Step waitedForJavascript 48/56 https://www.spidasoftware.com/projectmanager/flow/edit/6378# (HTTP 200)
?[32;1m[debug]?[0m [phantom] Capturing page to /Users/zpeugh/code/min/scripts/flowdocument/pngs/Resume 45 Day Clock.png
?[36m[info]?[0m [phantom] Capture saved to /Users/zpeugh/code/min/scripts/flowdocument/pngs/Resume 45 Day Clock.png
Captured action: Resume 45 Day Clock
?[36m[info]?[0m [phantom] Step waitedForJavascript 48/56: done in 37423ms.
?[36m[info]?[0m [phantom] Step changeOnClickValue 49/56 https://www.spidasoftware.com/projectmanager/flow/edit/6378# (HTTP 200)
?[36m[info]?[0m [phantom] Step changeOnClickValue 49/56: done in 37425ms.
?[36m[info]?[0m [phantom] Step _step 50/56 https://www.spidasoftware.com/projectmanager/flow/edit/6378# (HTTP 200)
?[36m[info]?[0m [phantom] Step _step 50/56: done in 37504ms.
Requested Url: https://www.spidasoftware.com/projectmanager/action/editAction?id=6478
Requested Url: https://www.spidasoftware.com/projectmanager/action/editAction?id=6478
?[36m[info]?[0m [phantom] wait() finished waiting for 2000ms.
?[36m[info]?[0m [phantom] Step _step 51/57 https://www.spidasoftware.com/projectmanager/flow/edit/6378# (HTTP 200)
?[36m[info]?[0m [phantom] Step _step 51/57: done in 39512ms.
?[36m[info]?[0m [phantom] waitFor() finished in 44ms.
?[36m[info]?[0m [phantom] Step waitedForJavascript 52/58 https://www.spidasoftware.com/projectmanager/flow/edit/6378# (HTTP 200)
?[32;1m[debug]?[0m [phantom] Capturing page to /Users/zpeugh/code/min/scripts/flowdocument/pngs/Generate Calc File.png
?[36m[info]?[0m [phantom] Capture saved to /Users/zpeugh/code/min/scripts/flowdocument/pngs/Generate Calc File.png
Captured action: Generate Calc File
?[36m[info]?[0m [phantom] Step waitedForJavascript 52/58: done in 39906ms.
?[36m[info]?[0m [phantom] Step changeOnClickValue 53/58 https://www.spidasoftware.com/projectmanager/flow/edit/6378# (HTTP 200)
?[36m[info]?[0m [phantom] Step changeOnClickValue 53/58: done in 39908ms.
?[36m[info]?[0m [phantom] Step _step 54/58 https://www.spidasoftware.com/projectmanager/flow/edit/6378# (HTTP 200)
?[36m[info]?[0m [phantom] Step _step 54/58: done in 39988ms.
Requested Url: https://www.spidasoftware.com/projectmanager/action/editAction?id=6481
Requested Url: https://www.spidasoftware.com/projectmanager/action/editAction?id=6481
?[36m[info]?[0m [phantom] wait() finished waiting for 2000ms.
?[36m[info]?[0m [phantom] Step _step 55/59 https://www.spidasoftware.com/projectmanager/flow/edit/6378# (HTTP 200)
?[36m[info]?[0m [phantom] Step _step 55/59: done in 42004ms.
?[36m[info]?[0m [phantom] waitFor() finished in 41ms.
?[36m[info]?[0m [phantom] Step waitedForJavascript 56/60 https://www.spidasoftware.com/projectmanager/flow/edit/6378# (HTTP 200)
?[32;1m[debug]?[0m [phantom] Capturing page to /Users/zpeugh/code/min/scripts/flowdocument/pngs/15 Day Return Clock.png
?[36m[info]?[0m [phantom] Capture saved to /Users/zpeugh/code/min/scripts/flowdocument/pngs/15 Day Return Clock.png
Captured action: 15 Day Return Clock
?[36m[info]?[0m [phantom] Step waitedForJavascript 56/60: done in 42451ms.
?[36m[info]?[0m [phantom] Step changeOnClickValue 57/60 https://www.spidasoftware.com/projectmanager/flow/edit/6378# (HTTP 200)
?[36m[info]?[0m [phantom] Step changeOnClickValue 57/60: done in 42453ms.
?[36m[info]?[0m [phantom] Step _step 58/60 https://www.spidasoftware.com/projectmanager/flow/edit/6378# (HTTP 200)
?[36m[info]?[0m [phantom] Step _step 58/60: done in 42533ms.
Requested Url: https://www.spidasoftware.com/projectmanager/action/editAction?id=6482
Requested Url: https://www.spidasoftware.com/projectmanager/action/editAction?id=6482
?[36m[info]?[0m [phantom] wait() finished waiting for 2000ms.
?[36m[info]?[0m [phantom] Step _step 59/61 https://www.spidasoftware.com/projectmanager/flow/edit/6378# (HTTP 200)
?[36m[info]?[0m [phantom] Step _step 59/61: done in 44550ms.
?[36m[info]?[0m [phantom] waitFor() finished in 41ms.
?[36m[info]?[0m [phantom] Step waitedForJavascript 60/62 https://www.spidasoftware.com/projectmanager/flow/edit/6378# (HTTP 200)
?[32;1m[debug]?[0m [phantom] Capturing page to /Users/zpeugh/code/min/scripts/flowdocument/pngs/Pull Forms from Calc.png
?[36m[info]?[0m [phantom] Capture saved to /Users/zpeugh/code/min/scripts/flowdocument/pngs/Pull Forms from Calc.png
Captured action: Pull Forms from Calc
?[36m[info]?[0m [phantom] Step waitedForJavascript 60/62: done in 44934ms.
?[36m[info]?[0m [phantom] Step changeOnClickValue 61/62 https://www.spidasoftware.com/projectmanager/flow/edit/6378# (HTTP 200)
?[36m[info]?[0m [phantom] Step changeOnClickValue 61/62: done in 44936ms.
?[36m[info]?[0m [phantom] Step _step 62/62 https://www.spidasoftware.com/projectmanager/flow/edit/6378# (HTTP 200)
?[36m[info]?[0m [phantom] Step _step 62/62: done in 45015ms.
Requested Url: https://www.spidasoftware.com/projectmanager/action/editAction?id=6483
Requested Url: https://www.spidasoftware.com/projectmanager/action/editAction?id=6483
ATMOSPHERE CANCELLED
ATMOSPHERE CANCELLED
?[36m[info]?[0m [phantom] wait() finished waiting for 2000ms.
?[36m[info]?[0m [phantom] Step _step 63/63 https://www.spidasoftware.com/projectmanager/flow/edit/6378# (HTTP 200)
?[36m[info]?[0m [phantom] Step _step 63/63: done in 47028ms.
?[36m[info]?[0m [phantom] waitFor() finished in 40ms.
?[36m[info]?[0m [phantom] Step waitedForJavascript 64/64 https://www.spidasoftware.com/projectmanager/flow/edit/6378# (HTTP 200)
?[32;1m[debug]?[0m [phantom] Capturing page to /Users/zpeugh/code/min/scripts/flowdocument/pngs/Pull Photos from Calc.png
?[36m[info]?[0m [phantom] Capture saved to /Users/zpeugh/code/min/scripts/flowdocument/pngs/Pull Photos from Calc.png
Captured action: Pull Photos from Calc
?[36m[info]?[0m [phantom] Step waitedForJavascript 64/64: done in 47411ms.
?[36m[info]?[0m [phantom] Done 64 steps in 47411ms
args: Hold~45~Day~Clock Resume~45~Day~Clock 15~Day~Return~Clock Pull~Forms~from~Calc 45~Day~Clock Pull~Photos~from~Calc LockProject ProjectUnlocked Creator~as~Manager Pole~Details Generate~Calc~File
Actions to capture: 
0: Hold 45 Day Clock
1: Resume 45 Day Clock
2: 15 Day Return Clock
3: Pull Forms from Calc
4: 45 Day Clock
5: Pull Photos from Calc
6: LockProject
7: ProjectUnlocked
8: Creator as Manager
9: Pole Details
10: Generate Calc File
All actions: [Hold 45 Day Clock, Resume 45 Day Clock, 15 Day Return Clock, Pull Forms from Calc, 45 Day Clock, Pull Photos from Calc, LockProject, ProjectUnlocked, Creator as Manager, Pole Details, Generate Calc File]
Missed actions: null
Forms to capture: 
1: EJU - Covermap Checklist
2: EJU - Ride Out Checklist
3: OVL - Checklist
4: IJUS Tracking Information
5: Core Form
6: Asset Information
7: EJU - Field Checklist
8: EJU - Transmission Checklist
9: EJU - Remediation Review Checklist
10: EJU - Davey Form
11: EJU - Office Checklist
12: Billing Code
script timed out
Logged in as: American Electric Power
Navigating to Flow Form List
Currently at: https://www.spidasoftware.com/projectmanager/formTemplate/list
Stored screenshot of form: Asset Information
Stored screenshot of form: Billing Code
Stored screenshot of form: Core Form
Stored screenshot of form: EJU - Covermap Checklist
Stored screenshot of form: EJU - Davey Form
Stored screenshot of form: EJU - Field Checklist
Stored screenshot of form: EJU - Office Checklist
Stored screenshot of form: EJU - Remediation Review Checklist
Stored screenshot of form: EJU - Ride Out Checklist
Stored screenshot of form: EJU - Transmission Checklist
Stored screenshot of form: IJUS Tracking Information
Stored screenshot of form: OVL - Checklist
Forms to generate: 
0: EJU - Covermap Checklist
1: EJU - Ride Out Checklist
2: OVL - Checklist
3: IJUS Tracking Information
4: Core Form
5: Asset Information
6: EJU - Field Checklist
7: EJU - Transmission Checklist
8: EJU - Remediation Review Checklist
9: EJU - Davey Form
10: EJU - Office Checklist
11: Billing Code
All forms: [EJU - Covermap Checklist, EJU - Ride Out Checklist, OVL - Checklist, IJUS Tracking Information, Core Form, Asset Information, EJU - Field Checklist, EJU - Transmission Checklist, EJU - Remediation Review Checklist, EJU - Davey Form, EJU - Office Checklist, Billing Code]
Missed Forms: null
company name: American Electric Power
flow Name: Overlash (imported 4/9/13 11:11:07 PM)
2: Hold 45 Day Clock
3: Resume 45 Day Clock
4: 15 Day Return Clock
5: Pull Forms from Calc
6: Pull Photos from Calc
7: LockProject
8: ProjectUnlocked
9: Creator as Manager
10: Generate Calc File
11: Pole Details
12: Push Forms To Calc
?[36m[info]?[0m [phantom] Starting...
?[36m[info]?[0m [phantom] Execution timeout set to 10000ms
?[36m[info]?[0m [phantom] Running suite: 13 steps
?[32;1m[debug]?[0m [phantom] opening url: https://www.spidasoftware.com/projectmanager/, HTTP GET
?[32;1m[debug]?[0m [phantom] Navigation requested: url=https://www.spidasoftware.com/projectmanager/, type=Other, willNavigate=true, isMainFrame=true
Requested Url: https://www.spidasoftware.com/projectmanager/
?[32;1m[debug]?[0m [phantom] Navigation requested: url=https://www.spidasoftware.com/cas/login?service=https://www.spidasoftware.com/projectmanager/j_spring_cas_security_check, type=Other, willNavigate=true, isMainFrame=true
Requested Url: https://www.spidasoftware.com/cas/login?service=https%3A%2F%2Fwww.spidasoftware.com%2Fprojectmanager%2Fj_spring_cas_security_check
?[32;1m[debug]?[0m [phantom] url changed to "https://www.spidasoftware.com/cas/login?service=https://www.spidasoftware.com/projectmanager/j_spring_cas_security_check"
Requested Url: https://www.spidasoftware.com/cas/login?service=https%3A%2F%2Fwww.spidasoftware.com%2Fprojectmanager%2Fj_spring_cas_security_check
Requested Url: https://www.spidasoftware.com/cas/css/cas.css;jsessionid=A6D5DC44F4510DE6BE795F73291ABAB6
Requested Url: https://www.spidasoftware.com/cas/css/cas.css;jsessionid=A6D5DC44F4510DE6BE795F73291ABAB6
Requested Url: https://ajax.googleapis.com/ajax/libs/jquery/1.4.2/jquery.min.js
Requested Url: https://ajax.googleapis.com/ajax/libs/jquery/1.4.2/jquery.min.js
Requested Url: https://ajax.googleapis.com/ajax/libs/jqueryui/1.8.5/jquery-ui.min.js
Requested Url: https://ajax.googleapis.com/ajax/libs/jqueryui/1.8.5/jquery-ui.min.js
Requested Url: https://www.spidasoftware.com/cas/css/spida.css
Requested Url: https://www.spidasoftware.com/cas/css/spida.css
Requested Url: https://www.spidasoftware.com/cas/images/deboss.png
Requested Url: https://www.spidasoftware.com/cas/images/deboss.png
Requested Url: https://www.spidasoftware.com/cas/js/cas.js;jsessionid=A6D5DC44F4510DE6BE795F73291ABAB6
Requested Url: https://www.spidasoftware.com/cas/js/cas.js;jsessionid=A6D5DC44F4510DE6BE795F73291ABAB6
Requested Url: https://www.spidasoftware.com/cas/js/jquery-1.9.0.min.js
Requested Url: https://www.spidasoftware.com/cas/js/jquery-1.9.0.min.js
Requested Url: https://www.spidasoftware.com/cas/images/spida-small.png
Requested Url: https://www.spidasoftware.com/cas/images/spida-small.png
Requested Url: https://www.spidasoftware.com/cas/images/key-point_br.gif
Requested Url: https://www.spidasoftware.com/cas/images/key-point_br.gif
Requested Url: https://www.spidasoftware.com/cas/images/key-point_tl.gif
Requested Url: https://www.spidasoftware.com/cas/images/key-point_tl.gif
Requested Url: https://www.spidasoftware.com/cas/images/key-point_bl.gif
Requested Url: https://www.spidasoftware.com/cas/images/key-point_bl.gif
Requested Url: https://www.spidasoftware.com/cas/images/key-point_tr.gif
Requested Url: https://www.spidasoftware.com/cas/images/key-point_tr.gif
Requested Url: https://www.spidasoftware.com/cas/images/ja-sig-logo.gif
Requested Url: https://www.spidasoftware.com/cas/images/ja-sig-logo.gif
?[32;1m[debug]?[0m [phantom] Successfully injected Casper client-side utilities
?[32;1m[debug]?[0m [phantom] start page is loaded
?[36m[info]?[0m [phantom] Step login 3/13 https://www.spidasoftware.com/cas/login?service=https://www.spidasoftware.com/projectmanager/j_spring_cas_security_check (HTTP 200)
?[36m[info]?[0m [remote] attempting to fetch form element from selector: 'form#fm1'
?[32;1m[debug]?[0m [remote] Set "username" field value to admin@spidasoftware.com
?[32;1m[debug]?[0m [remote] Set "password" field value to ***************
?[36m[info]?[0m [remote] submitting form to /cas/login;jsessionid=A6D5DC44F4510DE6BE795F73291ABAB6?service=https%3A%2F%2Fwww.spidasoftware.com%2Fprojectmanager%2Fj_spring_cas_security_check, HTTP POST
?[36m[info]?[0m [phantom] Step login 3/13: done in 2455ms.
?[32;1m[debug]?[0m [phantom] Navigation requested: url=https://www.spidasoftware.com/cas/login;jsessionid=A6D5DC44F4510DE6BE795F73291ABAB6?service=https://www.spidasoftware.com/projectmanager/j_spring_cas_security_check, type=FormSubmitted, willNavigate=true, isMainFrame=true
Requested Url: https://www.spidasoftware.com/cas/login;jsessionid=A6D5DC44F4510DE6BE795F73291ABAB6?service=https%3A%2F%2Fwww.spidasoftware.com%2Fprojectmanager%2Fj_spring_cas_security_check
?[32;1m[debug]?[0m [phantom] Navigation requested: url=https://www.spidasoftware.com/projectmanager/j_spring_cas_security_check?ticket=ST-172-BzeMYJ6OgtbeLRGgPBeC-www.spidasoftware.com, type=FormSubmitted, willNavigate=true, isMainFrame=true
Requested Url: https://www.spidasoftware.com/projectmanager/j_spring_cas_security_check?ticket=ST-172-BzeMYJ6OgtbeLRGgPBeC-www.spidasoftware.com
?[32;1m[debug]?[0m [phantom] Navigation requested: url=https://www.spidasoftware.com/projectmanager/, type=FormSubmitted, willNavigate=true, isMainFrame=true
Requested Url: https://www.spidasoftware.com/projectmanager/
?[32;1m[debug]?[0m [phantom] url changed to "https://www.spidasoftware.com/projectmanager/"
Requested Url: https://www.spidasoftware.com/projectmanager/
Requested Url: https://www.spidasoftware.com/projectmanager/assets/application-eb20b43cf60215725cfe9f3ee324ab29.css
Requested Url: https://www.spidasoftware.com/projectmanager/assets/fullwidth-712c8be92ed2438fa54c602fa4ead9de.css
Requested Url: https://www.spidasoftware.com/projectmanager/assets/application-eb20b43cf60215725cfe9f3ee324ab29.css
Requested Url: https://www.spidasoftware.com/projectmanager/assets/fullwidth-712c8be92ed2438fa54c602fa4ead9de.css
Requested Url: https://www.spidasoftware.com/projectmanager/assets/manifests/dashboard-bb51ee3aaa45140c7b368ac1257e2bb6.css
Requested Url: https://www.spidasoftware.com/projectmanager/assets/manifests/dashboard-bb51ee3aaa45140c7b368ac1257e2bb6.css
Requested Url: https://www.spidasoftware.com/projectmanager/assets/layout-740b63f13e950682666c41e738489382.js
Requested Url: https://www.spidasoftware.com/projectmanager/assets/manifests/dashboard-ca798a2aa13668b62f4cfb792b5cb005.js
Requested Url: https://www.spidasoftware.com/projectmanager/assets/layout/bg-wrappage-4024e4b9b2f45c38e97593fdc99855fe.gif
Requested Url: https://www.spidasoftware.com/projectmanager/assets/layout/bg-wrappage-4024e4b9b2f45c38e97593fdc99855fe.gif
Requested Url: https://www.spidasoftware.com/projectmanager/assets/layout-740b63f13e950682666c41e738489382.js
Requested Url: https://www.spidasoftware.com/projectmanager/assets/manifests/dashboard-ca798a2aa13668b62f4cfb792b5cb005.js
Requested Url: https://www.spidasoftware.com/projectmanager/assets/deboss-ed16c7a3699e4e401f23e3e7338d8546.png
Requested Url: https://www.spidasoftware.com/projectmanager/assets/deboss-ed16c7a3699e4e401f23e3e7338d8546.png
Requested Url: https://www.spidasoftware.com/projectmanager/assets/fullwidth-712c8be92ed2438fa54c602fa4ead9de.css
Requested Url: https://www.spidasoftware.com/projectmanager/assets/fullwidth-712c8be92ed2438fa54c602fa4ead9de.css
Requested Url: https://www.spidasoftware.com/projectmanager/assets/layout/header-spidamin-e40ce1bb4403d5c7db28e7855d5c74d0.gif
Requested Url: https://www.spidasoftware.com/projectmanager/assets/layout/header-spidamin-e40ce1bb4403d5c7db28e7855d5c74d0.gif
Requested Url: https://www.spidasoftware.com/projectmanager/plugins/layout-3.7/images/16/user.png
Requested Url: https://www.spidasoftware.com/projectmanager/plugins/layout-3.7/images/16/user.png
Requested Url: https://www.spidasoftware.com/projectmanager/assets/ajax-loader-22e80548042a44cb9c0e053d56e5256c.gif
Requested Url: https://www.spidasoftware.com/projectmanager/plugins/layout-3.7/images/32/user.png
Requested Url: https://www.spidasoftware.com/projectmanager/assets/ajax-loader-22e80548042a44cb9c0e053d56e5256c.gif
Requested Url: https://www.spidasoftware.com/projectmanager/plugins/layout-3.7/images/32/user.png
Requested Url: https://www.spidasoftware.com/projectmanager/plugins/layout-3.7/images/16/config.png
Requested Url: https://www.spidasoftware.com/projectmanager/plugins/layout-3.7/images/16/config.png
Requested Url: https://www.spidasoftware.com/projectmanager/plugins/layout-3.7/images/16/comment.png
Requested Url: https://www.spidasoftware.com/projectmanager/plugins/layout-3.7/images/16/comment.png
Requested Url: https://www.spidasoftware.com/projectmanager/assets/menu_indicator-06e43d6d3f303158042880db8bd88a00.png
Requested Url: https://www.spidasoftware.com/projectmanager/assets/menu_indicator-06e43d6d3f303158042880db8bd88a00.png
Requested Url: https://www.spidasoftware.com/projectmanager/assets/Sawasdee-24fcdb41df7fca27205cfb13df8a78aa.ttf
Requested Url: https://www.spidasoftware.com/projectmanager/plugins/layout-3.7/images/16/logout.png
Requested Url: https://www.spidasoftware.com/projectmanager/plugins/layout-3.7/images/16/logout.png
Requested Url: https://www.spidasoftware.com/projectmanager/assets/16/calendar-f8cd1aa487b98cf09ba57257d68f8ae5.png
Requested Url: https://www.spidasoftware.com/projectmanager/assets/16/calendar-f8cd1aa487b98cf09ba57257d68f8ae5.png
Requested Url: https://www.spidasoftware.com/projectmanager/assets/16/finished-work-ad9d9abd2436e0648067a59fb689efe0.png
Requested Url: https://www.spidasoftware.com/projectmanager/assets/16/finished-work-ad9d9abd2436e0648067a59fb689efe0.png
Requested Url: https://www.spidasoftware.com/projectmanager/assets/16/save-0eedd6a7239807cde0770a15dd42321b.png
Requested Url: https://www.spidasoftware.com/projectmanager/assets/16/save-0eedd6a7239807cde0770a15dd42321b.png
Requested Url: https://www.spidasoftware.com/projectmanager/assets/Sawasdee-24fcdb41df7fca27205cfb13df8a78aa.ttf
Requested Url: https://www.spidasoftware.com/projectmanager/assets/16/pie-0250125d48a626c8fc53759e9ab40021.png
Requested Url: https://www.spidasoftware.com/projectmanager/assets/16/pie-0250125d48a626c8fc53759e9ab40021.png
Requested Url: https://www.spidasoftware.com/projectmanager/assets/16/statistics-5ac61cbdfeb3383fed3cad7f2ab9feaf.png
Requested Url: https://www.spidasoftware.com/projectmanager/assets/16/statistics-5ac61cbdfeb3383fed3cad7f2ab9feaf.png
ATMOSPHERE CANCELLED
ATMOSPHERE CANCELLED
Requested Url: https://www.spidasoftware.com/projectmanager/assets/images/ui-bg_glass_75_e6e6e6_1x400-f4254356c2a8c9a383205ef2c4de22c4.png
Requested Url: https://www.spidasoftware.com/projectmanager/assets/images/ui-bg_glass_75_e6e6e6_1x400-f4254356c2a8c9a383205ef2c4de22c4.png
Requested Url: https://www.spidasoftware.com/projectmanager/assets/images/ui-icons_888888_256x240-9c46d7cab43e22a14bad26d2d4806d80.png
Requested Url: https://www.spidasoftware.com/projectmanager/assets/images/ui-icons_888888_256x240-9c46d7cab43e22a14bad26d2d4806d80.png
Requested Url: https://www.spidasoftware.com/projectmanager/assets/Sawasdee-Bold-e259f8084233a474a753b405642cbe67.ttf
Requested Url: https://www.spidasoftware.com/projectmanager/assets/Sawasdee-Bold-e259f8084233a474a753b405642cbe67.ttf
Requested Url: https://www.spidasoftware.com/projectmanager/assets/images/ui-bg_flat_75_ffffff_40x100-8692e6efddf882acbff144c38ea7dfdf.png
Requested Url: https://www.spidasoftware.com/projectmanager/assets/images/ui-bg_flat_75_ffffff_40x100-8692e6efddf882acbff144c38ea7dfdf.png
Requested Url: https://www.spidasoftware.com/projectmanager/assets/images/ui-bg_glass_65_ffffff_1x400-e5a8f32e28fd5c27bf0fed33c8a8b9b5.png
Requested Url: https://www.spidasoftware.com/projectmanager/assets/images/ui-bg_glass_65_ffffff_1x400-e5a8f32e28fd5c27bf0fed33c8a8b9b5.png
Requested Url: https://www.spidasoftware.com/projectmanager/assets/images/ui-icons_222222_256x240-3f3acb42b0d2bfd5f39069b87803eebc.png
Requested Url: https://www.spidasoftware.com/projectmanager/assets/images/ui-icons_222222_256x240-3f3acb42b0d2bfd5f39069b87803eebc.png
?[32;1m[debug]?[0m [phantom] Successfully injected Casper client-side utilities
?[36m[info]?[0m [phantom] Step _step 4/13 https://www.spidasoftware.com/projectmanager/ (HTTP 200)
?[36m[info]?[0m [phantom] Step _step 4/13: done in 8207ms.
ATMOSPHERE CANCELLED
?[36m[info]?[0m [phantom] waitFor() finished in 41ms.
?[36m[info]?[0m [phantom] Step afterLogin 5/14 https://www.spidasoftware.com/projectmanager/ (HTTP 200)
Logged in successfully
?[36m[info]?[0m [phantom] Step afterLogin 5/14: done in 8264ms.
?[36m[info]?[0m [phantom] Step _step 6/14 https://www.spidasoftware.com/projectmanager/ (HTTP 200)
?[36m[info]?[0m [phantom] Step _step 6/14: done in 8283ms.
?[36m[info]?[0m [phantom] waitFor() finished in 45ms.
?[36m[info]?[0m [phantom] Step anonymous 7/15 https://www.spidasoftware.com/projectmanager/ (HTTP 200)
?[32;1m[debug]?[0m [phantom] Mouse event 'mousedown' on selector: xpath selector: //*[text()="American Electric Power"]
?[32;1m[debug]?[0m [phantom] Mouse event 'mouseup' on selector: xpath selector: //*[text()="American Electric Power"]
?[32;1m[debug]?[0m [phantom] Mouse event 'click' on selector: xpath selector: //*[text()="American Electric Power"]
?[32;1m[debug]?[0m [phantom] Navigation requested: url=https://www.spidasoftware.com/projectmanager/#, type=LinkClicked, willNavigate=true, isMainFrame=true
?[32;1m[debug]?[0m [phantom] url changed to "https://www.spidasoftware.com/projectmanager/#"
?[36m[info]?[0m [phantom] Step anonymous 7/15: done in 8357ms.
?[32;1m[debug]?[0m [phantom] Navigation requested: url=https://www.spidasoftware.com/projectmanager/switchcompany, type=FormSubmitted, willNavigate=true, isMainFrame=true
ATMOSPHERE CANCELLED
?[33m[warning]?[0m [phantom] Loading resource failed with status=fail (HTTP 200): https://www.spidasoftware.com/projectmanager/switchcompany
Requested Url: https://www.spidasoftware.com/projectmanager/switchcompany
?[32;1m[debug]?[0m [phantom] Navigation requested: url=https://www.spidasoftware.com/projectmanager/dashboard/index, type=FormSubmitted, willNavigate=true, isMainFrame=true
script timed out
?[36m[info]?[0m [phantom] Step _step 8/15 https://www.spidasoftware.com/projectmanager/# (HTTP 302)
?[36m[info]?[0m [phantom] Step _step 8/15: done in 10023ms.
Requested Url: https://www.spidasoftware.com/projectmanager/dashboard/index
?[32;1m[debug]?[0m [phantom] url changed to "https://www.spidasoftware.com/projectmanager/dashboard/index"
?[32;1m[debug]?[0m [phantom] Successfully injected Casper client-side utilities
Requested Url: https://www.spidasoftware.com/projectmanager/dashboard/index
?[36m[info]?[0m [phantom] waitFor() finished in 1605ms.
?[36m[info]?[0m [phantom] Step anonymous 9/16 https://www.spidasoftware.com/projectmanager/dashboard/index (HTTP 200)
Logged in as: American Electric Power
?[36m[info]?[0m [phantom] Step anonymous 9/16: done in 11650ms.
Requested Url: https://www.spidasoftware.com/projectmanager/assets/fullwidth-712c8be92ed2438fa54c602fa4ead9de.css
Requested Url: https://www.spidasoftware.com/projectmanager/assets/fullwidth-712c8be92ed2438fa54c602fa4ead9de.css
?[32;1m[debug]?[0m [phantom] opening url: https://www.spidasoftware.com/projectmanager/flow/list, HTTP GET
Requested Url: https://www.spidasoftware.com/projectmanager/assets/fullwidth-712c8be92ed2438fa54c602fa4ead9de.css
ATMOSPHERE CANCELLED
?[32;1m[debug]?[0m [phantom] Navigation requested: url=https://www.spidasoftware.com/projectmanager/flow/list, type=Other, willNavigate=true, isMainFrame=true
?[33m[warning]?[0m [phantom] Loading resource failed with status=fail (HTTP 200): https://www.spidasoftware.com/projectmanager/flow/list
Requested Url: https://www.spidasoftware.com/projectmanager/flow/list
?[32;1m[debug]?[0m [phantom] url changed to "https://www.spidasoftware.com/projectmanager/flow/list"
Requested Url: https://www.spidasoftware.com/projectmanager/flow/list
Requested Url: https://www.spidasoftware.com/projectmanager/assets/toolbar-d096400c9b5f99e9d2a8ca75f9f09bf1.css
Requested Url: https://www.spidasoftware.com/projectmanager/assets/pm-adcf40c25b31c001f8363843825c5028.css
Requested Url: https://www.spidasoftware.com/projectmanager/assets/admin-d2fddd00cdd8169f120bbf2621fff730.css
Requested Url: https://www.spidasoftware.com/projectmanager/assets/toolbar-d096400c9b5f99e9d2a8ca75f9f09bf1.css
Requested Url: https://www.spidasoftware.com/projectmanager/assets/pm-adcf40c25b31c001f8363843825c5028.css
Requested Url: https://www.spidasoftware.com/projectmanager/assets/admin-d2fddd00cdd8169f120bbf2621fff730.css
Requested Url: https://www.spidasoftware.com/projectmanager/assets/fullwidth-712c8be92ed2438fa54c602fa4ead9de.css
Requested Url: https://www.spidasoftware.com/projectmanager/assets/fullwidth-712c8be92ed2438fa54c602fa4ead9de.css
ATMOSPHERE CANCELLED
ATMOSPHERE CANCELLED
?[32;1m[debug]?[0m [phantom] Successfully injected Casper client-side utilities
?[36m[info]?[0m [phantom] Step openFlowList 11/16 https://www.spidasoftware.com/projectmanager/flow/list (HTTP 200)
Navigating to Flow List
?[36m[info]?[0m [phantom] Step openFlowList 11/16: done in 12109ms.
Requested Url: https://www.spidasoftware.com/projectmanager/assets/layout/bg-wrapheader-dd414cb70b5a653f5972d469db7d19e7.gif
?[36m[info]?[0m [phantom] Step _step 12/16 https://www.spidasoftware.com/projectmanager/flow/list (HTTP 200)
?[36m[info]?[0m [phantom] Step _step 12/16: done in 12124ms.
Requested Url: https://www.spidasoftware.com/projectmanager/assets/layout/bg-wrapheader-dd414cb70b5a653f5972d469db7d19e7.gif
Requested Url: https://www.spidasoftware.com/projectmanager/assets/16/plus-c3d7ac6de2f7bb771dd1561a04c9fc30.png
Requested Url: https://www.spidasoftware.com/projectmanager/assets/16/plus-c3d7ac6de2f7bb771dd1561a04c9fc30.png
Requested Url: https://www.spidasoftware.com/projectmanager/assets/default/sorted_asc-df23e44c4c4999383e95e9c8bf5da156.gif
Requested Url: https://www.spidasoftware.com/projectmanager/assets/default/sorted_asc-df23e44c4c4999383e95e9c8bf5da156.gif
?[36m[info]?[0m [phantom] waitFor() finished in 40ms.
?[36m[info]?[0m [phantom] Step clickFlow 13/17 https://www.spidasoftware.com/projectmanager/flow/list (HTTP 200)
Currently at: https://www.spidasoftware.com/projectmanager/flow/list
?[32;1m[debug]?[0m [phantom] Mouse event 'mousedown' on selector: xpath selector: //a[text()="Overlash (imported 4/9/13 11:11:07 PM)"]
?[32;1m[debug]?[0m [phantom] Mouse event 'mouseup' on selector: xpath selector: //a[text()="Overlash (imported 4/9/13 11:11:07 PM)"]
?[32;1m[debug]?[0m [phantom] Mouse event 'click' on selector: xpath selector: //a[text()="Overlash (imported 4/9/13 11:11:07 PM)"]
?[32;1m[debug]?[0m [phantom] Navigation requested: url=https://www.spidasoftware.com/projectmanager/flow/edit/6565, type=LinkClicked, willNavigate=true, isMainFrame=true
ATMOSPHERE CANCELLED
Requested Url: https://www.spidasoftware.com/projectmanager/assets/fullwidth-712c8be92ed2438fa54c602fa4ead9de.css
?[36m[info]?[0m [phantom] Step clickFlow 13/17: done in 12193ms.
?[33m[warning]?[0m [phantom] Loading resource failed with status=fail (HTTP 200): https://www.spidasoftware.com/projectmanager/flow/edit/6565
Requested Url: https://www.spidasoftware.com/projectmanager/flow/edit/6565
?[32;1m[debug]?[0m [phantom] url changed to "https://www.spidasoftware.com/projectmanager/flow/edit/6565"
Requested Url: https://www.spidasoftware.com/projectmanager/flow/edit/6565
Requested Url: https://www.spidasoftware.com/projectmanager/assets/fullwidth-712c8be92ed2438fa54c602fa4ead9de.css
Requested Url: https://www.spidasoftware.com/projectmanager/assets/fullwidth-712c8be92ed2438fa54c602fa4ead9de.css
Requested Url: https://www.spidasoftware.com/projectmanager/assets/manifests/flow-b89a5ec3639330a36d22d254f66d6096.css
Requested Url: https://www.spidasoftware.com/projectmanager/assets/manifests/flow-head-db34cb9a3b5664d4e6849d969c2df599.js
Requested Url: https://www.spidasoftware.com/projectmanager/assets/manifests/flow-body-bad25f25c8303a2ef5f819e7f986267b.js
Requested Url: https://www.spidasoftware.com/projectmanager/assets/manifests/flow-b89a5ec3639330a36d22d254f66d6096.css
Requested Url: https://www.spidasoftware.com/projectmanager/assets/manifests/flow-body-bad25f25c8303a2ef5f819e7f986267b.js
Requested Url: https://www.spidasoftware.com/projectmanager/assets/manifests/flow-head-db34cb9a3b5664d4e6849d969c2df599.js
Requested Url: https://www.spidasoftware.com/projectmanager/assets/fullwidth-712c8be92ed2438fa54c602fa4ead9de.css
Requested Url: https://www.spidasoftware.com/projectmanager/assets/fullwidth-712c8be92ed2438fa54c602fa4ead9de.css
Requested Url: https://www.spidasoftware.com/projectmanager/images/100-90-5-monochrome.png
Requested Url: https://www.spidasoftware.com/projectmanager/images/100-90-5-monochrome.png
ATMOSPHERE CANCELLED
ATMOSPHERE CANCELLED
?[32;1m[debug]?[0m [phantom] Successfully injected Casper client-side utilities
?[36m[info]?[0m [phantom] Step _step 14/17 https://www.spidasoftware.com/projectmanager/flow/edit/6565 (HTTP 200)
?[36m[info]?[0m [phantom] Step _step 14/17: done in 12813ms.
ATMOSPHERE CANCELLED
Requested Url: https://www.spidasoftware.com/projectmanager/flow/flowEdit?id=6565
Requested Url: https://www.spidasoftware.com/projectmanager/flow/flowEdit?id=6565
Requested Url: data:image/svg+xml;base64,PHN2ZyB4bWxucz0iaHR0cDovL3d3dy53My5vcmcvMjAwMC9zdmciIHZlcnNpb249IjEuMSIgeD0iMTJweCIgeT0iMHB4IiB3aWR0aD0iMjRweCIgaGVpZ2h0PSIzcHgiIHZpZXdCb3g9IjAgMCA2IDMiIGVuYWJsZS1iYWNrZ3JvdW5kPSJuZXcgMCAwIDYgMyIgeG1sOnNwYWNlPSJwcmVzZXJ2ZSI+PHBvbHlnb24gcG9pbnRzPSI1Ljk5MiwwIDIuOTkyLDMgLTAuMDA4LDAgIi8+PC9zdmc+
Requested Url: data:image/svg+xml;base64,PHN2ZyB4bWxucz0iaHR0cDovL3d3dy53My5vcmcvMjAwMC9zdmciIHZlcnNpb249IjEuMSIgeD0iMTJweCIgeT0iMHB4IiB3aWR0aD0iMjRweCIgaGVpZ2h0PSIzcHgiIHZpZXdCb3g9IjAgMCA2IDMiIGVuYWJsZS1iYWNrZ3JvdW5kPSJuZXcgMCAwIDYgMyIgeG1sOnNwYWNlPSJwcmVzZXJ2ZSI+PHBvbHlnb24gcG9pbnRzPSI1Ljk5MiwwIDIuOTkyLDMgLTAuMDA4LDAgIi8+PC9zdmc+
Requested Url: https://www.spidasoftware.com/projectmanager/flow/visualJson?id=6565
Requested Url: https://www.spidasoftware.com/projectmanager/flow/visualJson?id=6565
?[36m[info]?[0m [phantom] waitFor() finished in 1381ms.
?[36m[info]?[0m [phantom] Step getOrder 15/18 https://www.spidasoftware.com/projectmanager/flow/edit/6565 (HTTP 200)
?[36m[info]?[0m [phantom] Step getOrder 15/18: done in 14235ms.
?[36m[info]?[0m [phantom] Step _step 16/18 https://www.spidasoftware.com/projectmanager/flow/edit/6565 (HTTP 200)
?[36m[info]?[0m [phantom] Step _step 16/18: done in 14250ms.
Requested Url: https://www.spidasoftware.com/projectmanager/images/tools/edit.png
Requested Url: https://www.spidasoftware.com/projectmanager/images/tools/edit.png
Requested Url: https://www.spidasoftware.com/projectmanager/images/tools/add.png
Requested Url: https://www.spidasoftware.com/projectmanager/images/tools/add.png
Requested Url: https://www.spidasoftware.com/projectmanager/images/tools/delete.png
Requested Url: https://www.spidasoftware.com/projectmanager/images/tools/delete.png
Requested Url: https://www.spidasoftware.com/projectmanager/assets/jquery/chosen-sprite-25b9acb1b504c95c6b95c33986b7317e.png
Requested Url: https://www.spidasoftware.com/projectmanager/assets/jquery/chosen-sprite-25b9acb1b504c95c6b95c33986b7317e.png
?[36m[info]?[0m [phantom] wait() finished waiting for 2000ms.
Currently at: https://www.spidasoftware.com/projectmanager/flow/edit/6565
?[32;1m[debug]?[0m [phantom] Mouse event 'mousedown' on selector: #events_table>table>tbody>tr:nth-child(1)>td:nth-child(5)>a
?[32;1m[debug]?[0m [phantom] Mouse event 'mouseup' on selector: #events_table>table>tbody>tr:nth-child(1)>td:nth-child(5)>a
?[32;1m[debug]?[0m [phantom] Mouse event 'click' on selector: #events_table>table>tbody>tr:nth-child(1)>td:nth-child(5)>a
?[32;1m[debug]?[0m [phantom] Navigation requested: url=https://www.spidasoftware.com/projectmanager/flow/edit/6565#, type=LinkClicked, willNavigate=true, isMainFrame=true
?[32;1m[debug]?[0m [phantom] url changed to "https://www.spidasoftware.com/projectmanager/flow/edit/6565#"
?[36m[info]?[0m [phantom] Step _step 17/18 https://www.spidasoftware.com/projectmanager/flow/edit/6565# (HTTP 200)
?[36m[info]?[0m [phantom] Step _step 17/18: done in 16271ms.
Requested Url: https://www.spidasoftware.com/projectmanager/event/editEvent
Requested Url: https://www.spidasoftware.com/projectmanager/event/editEvent
Requested Url: https://www.spidasoftware.com/projectmanager/assets/16/no-d8558032ad0d69254d51fa76de993f0c.png
Requested Url: https://www.spidasoftware.com/projectmanager/assets/16/no-d8558032ad0d69254d51fa76de993f0c.png
?[36m[info]?[0m [phantom] waitFor() finished in 1164ms.
?[36m[info]?[0m [phantom] Step clickActionTab 18/19 https://www.spidasoftware.com/projectmanager/flow/edit/6565# (HTTP 200)
?[32;1m[debug]?[0m [phantom] Mouse event 'mousedown' on selector: form>div>div>dl>dd:nth-child(2)>a
?[32;1m[debug]?[0m [phantom] Mouse event 'mouseup' on selector: form>div>div>dl>dd:nth-child(2)>a
?[32;1m[debug]?[0m [phantom] Mouse event 'click' on selector: form>div>div>dl>dd:nth-child(2)>a
?[36m[info]?[0m [phantom] Step clickActionTab 18/19: done in 17467ms.
?[36m[info]?[0m [phantom] Step _step 19/19 https://www.spidasoftware.com/projectmanager/flow/edit/6565# (HTTP 200)
?[36m[info]?[0m [phantom] Step _step 19/19: done in 17474ms.
?[36m[info]?[0m [phantom] waitFor() finished in 1247ms.
?[36m[info]?[0m [phantom] Step chooseAnAction 20/20 https://www.spidasoftware.com/projectmanager/flow/edit/6565# (HTTP 200)
Capturing action: ProjectUnlocked...
6381
Capturing action: Pole Details...
6382
Capturing action: LockProject...
6410
Capturing action: Creator as Manager...
6413
Capturing action: Hold 45 Day Clock...
6416
Capturing action: Resume 45 Day Clock...
6417
Capturing action: Generate Calc File...
6478
Capturing action: Push Forms To Calc...
6479
Capturing action: 15 Day Return Clock...
6481
Capturing action: Pull Forms from Calc...
6482
Capturing action: Pull Photos from Calc...
6483
?[36m[info]?[0m [phantom] Step chooseAnAction 20/20: done in 19641ms.
?[36m[info]?[0m [phantom] Step changeOnClickValue 21/42 https://www.spidasoftware.com/projectmanager/flow/edit/6565# (HTTP 200)
?[36m[info]?[0m [phantom] Step changeOnClickValue 21/42: done in 19643ms.
?[36m[info]?[0m [phantom] Step _step 22/42 https://www.spidasoftware.com/projectmanager/flow/edit/6565# (HTTP 200)
?[36m[info]?[0m [phantom] Step _step 22/42: done in 19664ms.
Requested Url: https://www.spidasoftware.com/projectmanager/action/editAction?id=6381
Requested Url: https://www.spidasoftware.com/projectmanager/action/editAction?id=6381
Requested Url: https://www.spidasoftware.com/projectmanager/assets/16/minus-7994d6aeef41ae69ed7c53869a22d015.png
Requested Url: https://www.spidasoftware.com/projectmanager/assets/16/minus-7994d6aeef41ae69ed7c53869a22d015.png
?[36m[info]?[0m [phantom] wait() finished waiting for 2000ms.
?[36m[info]?[0m [phantom] Step _step 23/43 https://www.spidasoftware.com/projectmanager/flow/edit/6565# (HTTP 200)
?[36m[info]?[0m [phantom] Step _step 23/43: done in 21674ms.
?[36m[info]?[0m [phantom] waitFor() finished in 40ms.
?[36m[info]?[0m [phantom] Step waitedForJavascript 24/44 https://www.spidasoftware.com/projectmanager/flow/edit/6565# (HTTP 200)
?[32;1m[debug]?[0m [phantom] Capturing page to /Users/zpeugh/code/min/scripts/flowdocument/pngs/ProjectUnlocked.png
?[36m[info]?[0m [phantom] Capture saved to /Users/zpeugh/code/min/scripts/flowdocument/pngs/ProjectUnlocked.png
Captured action: ProjectUnlocked
?[36m[info]?[0m [phantom] Step waitedForJavascript 24/44: done in 22105ms.
?[36m[info]?[0m [phantom] Step changeOnClickValue 25/44 https://www.spidasoftware.com/projectmanager/flow/edit/6565# (HTTP 200)
?[36m[info]?[0m [phantom] Step changeOnClickValue 25/44: done in 22187ms.
?[36m[info]?[0m [phantom] Step _step 26/44 https://www.spidasoftware.com/projectmanager/flow/edit/6565# (HTTP 200)
?[36m[info]?[0m [phantom] Step _step 26/44: done in 22219ms.
Requested Url: https://www.spidasoftware.com/projectmanager/action/editAction?id=6382
Requested Url: https://www.spidasoftware.com/projectmanager/action/editAction?id=6382
?[36m[info]?[0m [phantom] wait() finished waiting for 2000ms.
?[36m[info]?[0m [phantom] Step _step 27/45 https://www.spidasoftware.com/projectmanager/flow/edit/6565# (HTTP 200)
?[36m[info]?[0m [phantom] Step _step 27/45: done in 24230ms.
?[36m[info]?[0m [phantom] waitFor() finished in 41ms.
?[36m[info]?[0m [phantom] Step waitedForJavascript 28/46 https://www.spidasoftware.com/projectmanager/flow/edit/6565# (HTTP 200)
?[32;1m[debug]?[0m [phantom] Capturing page to /Users/zpeugh/code/min/scripts/flowdocument/pngs/Pole Details.png
?[36m[info]?[0m [phantom] Capture saved to /Users/zpeugh/code/min/scripts/flowdocument/pngs/Pole Details.png
Captured action: Pole Details
?[36m[info]?[0m [phantom] Step waitedForJavascript 28/46: done in 24618ms.
?[36m[info]?[0m [phantom] Step changeOnClickValue 29/46 https://www.spidasoftware.com/projectmanager/flow/edit/6565# (HTTP 200)
?[36m[info]?[0m [phantom] Step changeOnClickValue 29/46: done in 24620ms.
?[36m[info]?[0m [phantom] Step _step 30/46 https://www.spidasoftware.com/projectmanager/flow/edit/6565# (HTTP 200)
?[36m[info]?[0m [phantom] Step _step 30/46: done in 24700ms.
Requested Url: https://www.spidasoftware.com/projectmanager/action/editAction?id=6410
Requested Url: https://www.spidasoftware.com/projectmanager/action/editAction?id=6410
?[36m[info]?[0m [phantom] wait() finished waiting for 2000ms.
?[36m[info]?[0m [phantom] Step _step 31/47 https://www.spidasoftware.com/projectmanager/flow/edit/6565# (HTTP 200)
?[36m[info]?[0m [phantom] Step _step 31/47: done in 26707ms.
?[36m[info]?[0m [phantom] waitFor() finished in 41ms.
?[36m[info]?[0m [phantom] Step waitedForJavascript 32/48 https://www.spidasoftware.com/projectmanager/flow/edit/6565# (HTTP 200)
?[32;1m[debug]?[0m [phantom] Capturing page to /Users/zpeugh/code/min/scripts/flowdocument/pngs/LockProject.png
?[36m[info]?[0m [phantom] Capture saved to /Users/zpeugh/code/min/scripts/flowdocument/pngs/LockProject.png
Captured action: LockProject
?[36m[info]?[0m [phantom] Step waitedForJavascript 32/48: done in 27091ms.
?[36m[info]?[0m [phantom] Step changeOnClickValue 33/48 https://www.spidasoftware.com/projectmanager/flow/edit/6565# (HTTP 200)
?[36m[info]?[0m [phantom] Step changeOnClickValue 33/48: done in 27094ms.
?[36m[info]?[0m [phantom] Step _step 34/48 https://www.spidasoftware.com/projectmanager/flow/edit/6565# (HTTP 200)
?[36m[info]?[0m [phantom] Step _step 34/48: done in 27174ms.
Requested Url: https://www.spidasoftware.com/projectmanager/action/editAction?id=6413
Requested Url: https://www.spidasoftware.com/projectmanager/action/editAction?id=6413
?[36m[info]?[0m [phantom] wait() finished waiting for 2000ms.
?[36m[info]?[0m [phantom] Step _step 35/49 https://www.spidasoftware.com/projectmanager/flow/edit/6565# (HTTP 200)
?[36m[info]?[0m [phantom] Step _step 35/49: done in 29180ms.
?[36m[info]?[0m [phantom] waitFor() finished in 42ms.
?[36m[info]?[0m [phantom] Step waitedForJavascript 36/50 https://www.spidasoftware.com/projectmanager/flow/edit/6565# (HTTP 200)
?[32;1m[debug]?[0m [phantom] Capturing page to /Users/zpeugh/code/min/scripts/flowdocument/pngs/Creator as Manager.png
?[36m[info]?[0m [phantom] Capture saved to /Users/zpeugh/code/min/scripts/flowdocument/pngs/Creator as Manager.png
Captured action: Creator as Manager
?[36m[info]?[0m [phantom] Step waitedForJavascript 36/50: done in 29589ms.
?[36m[info]?[0m [phantom] Step changeOnClickValue 37/50 https://www.spidasoftware.com/projectmanager/flow/edit/6565# (HTTP 200)
?[36m[info]?[0m [phantom] Step changeOnClickValue 37/50: done in 29591ms.
?[36m[info]?[0m [phantom] Step _step 38/50 https://www.spidasoftware.com/projectmanager/flow/edit/6565# (HTTP 200)
?[36m[info]?[0m [phantom] Step _step 38/50: done in 29675ms.
Requested Url: https://www.spidasoftware.com/projectmanager/action/editAction?id=6416
Requested Url: https://www.spidasoftware.com/projectmanager/action/editAction?id=6416
?[36m[info]?[0m [phantom] wait() finished waiting for 2000ms.
?[36m[info]?[0m [phantom] Step _step 39/51 https://www.spidasoftware.com/projectmanager/flow/edit/6565# (HTTP 200)
?[36m[info]?[0m [phantom] Step _step 39/51: done in 31681ms.
?[36m[info]?[0m [phantom] waitFor() finished in 41ms.
?[36m[info]?[0m [phantom] Step waitedForJavascript 40/52 https://www.spidasoftware.com/projectmanager/flow/edit/6565# (HTTP 200)
?[32;1m[debug]?[0m [phantom] Capturing page to /Users/zpeugh/code/min/scripts/flowdocument/pngs/Hold 45 Day Clock.png
?[36m[info]?[0m [phantom] Capture saved to /Users/zpeugh/code/min/scripts/flowdocument/pngs/Hold 45 Day Clock.png
Captured action: Hold 45 Day Clock
?[36m[info]?[0m [phantom] Step waitedForJavascript 40/52: done in 32070ms.
?[36m[info]?[0m [phantom] Step changeOnClickValue 41/52 https://www.spidasoftware.com/projectmanager/flow/edit/6565# (HTTP 200)
?[36m[info]?[0m [phantom] Step changeOnClickValue 41/52: done in 32072ms.
?[36m[info]?[0m [phantom] Step _step 42/52 https://www.spidasoftware.com/projectmanager/flow/edit/6565# (HTTP 200)
?[36m[info]?[0m [phantom] Step _step 42/52: done in 32154ms.
Requested Url: https://www.spidasoftware.com/projectmanager/action/editAction?id=6417
Requested Url: https://www.spidasoftware.com/projectmanager/action/editAction?id=6417
?[36m[info]?[0m [phantom] wait() finished waiting for 2000ms.
?[36m[info]?[0m [phantom] Step _step 43/53 https://www.spidasoftware.com/projectmanager/flow/edit/6565# (HTTP 200)
?[36m[info]?[0m [phantom] Step _step 43/53: done in 34165ms.
?[36m[info]?[0m [phantom] waitFor() finished in 40ms.
?[36m[info]?[0m [phantom] Step waitedForJavascript 44/54 https://www.spidasoftware.com/projectmanager/flow/edit/6565# (HTTP 200)
?[32;1m[debug]?[0m [phantom] Capturing page to /Users/zpeugh/code/min/scripts/flowdocument/pngs/Resume 45 Day Clock.png
?[36m[info]?[0m [phantom] Capture saved to /Users/zpeugh/code/min/scripts/flowdocument/pngs/Resume 45 Day Clock.png
Captured action: Resume 45 Day Clock
?[36m[info]?[0m [phantom] Step waitedForJavascript 44/54: done in 34616ms.
?[36m[info]?[0m [phantom] Step changeOnClickValue 45/54 https://www.spidasoftware.com/projectmanager/flow/edit/6565# (HTTP 200)
?[36m[info]?[0m [phantom] Step changeOnClickValue 45/54: done in 34619ms.
?[36m[info]?[0m [phantom] Step _step 46/54 https://www.spidasoftware.com/projectmanager/flow/edit/6565# (HTTP 200)
?[36m[info]?[0m [phantom] Step _step 46/54: done in 34698ms.
Requested Url: https://www.spidasoftware.com/projectmanager/action/editAction?id=6478
Requested Url: https://www.spidasoftware.com/projectmanager/action/editAction?id=6478
?[36m[info]?[0m [phantom] wait() finished waiting for 2000ms.
?[36m[info]?[0m [phantom] Step _step 47/55 https://www.spidasoftware.com/projectmanager/flow/edit/6565# (HTTP 200)
?[36m[info]?[0m [phantom] Step _step 47/55: done in 36704ms.
?[36m[info]?[0m [phantom] waitFor() finished in 40ms.
?[36m[info]?[0m [phantom] Step waitedForJavascript 48/56 https://www.spidasoftware.com/projectmanager/flow/edit/6565# (HTTP 200)
?[32;1m[debug]?[0m [phantom] Capturing page to /Users/zpeugh/code/min/scripts/flowdocument/pngs/Generate Calc File.png
?[36m[info]?[0m [phantom] Capture saved to /Users/zpeugh/code/min/scripts/flowdocument/pngs/Generate Calc File.png
Captured action: Generate Calc File
?[36m[info]?[0m [phantom] Step waitedForJavascript 48/56: done in 37095ms.
?[36m[info]?[0m [phantom] Step changeOnClickValue 49/56 https://www.spidasoftware.com/projectmanager/flow/edit/6565# (HTTP 200)
?[36m[info]?[0m [phantom] Step changeOnClickValue 49/56: done in 37097ms.
?[36m[info]?[0m [phantom] Step _step 50/56 https://www.spidasoftware.com/projectmanager/flow/edit/6565# (HTTP 200)
?[36m[info]?[0m [phantom] Step _step 50/56: done in 37180ms.
Requested Url: https://www.spidasoftware.com/projectmanager/action/editAction?id=6479
Requested Url: https://www.spidasoftware.com/projectmanager/action/editAction?id=6479
?[36m[info]?[0m [phantom] wait() finished waiting for 2000ms.
?[36m[info]?[0m [phantom] Step _step 51/57 https://www.spidasoftware.com/projectmanager/flow/edit/6565# (HTTP 200)
?[36m[info]?[0m [phantom] Step _step 51/57: done in 39185ms.
?[36m[info]?[0m [phantom] waitFor() finished in 40ms.
?[36m[info]?[0m [phantom] Step waitedForJavascript 52/58 https://www.spidasoftware.com/projectmanager/flow/edit/6565# (HTTP 200)
?[32;1m[debug]?[0m [phantom] Capturing page to /Users/zpeugh/code/min/scripts/flowdocument/pngs/Push Forms To Calc.png
?[36m[info]?[0m [phantom] Capture saved to /Users/zpeugh/code/min/scripts/flowdocument/pngs/Push Forms To Calc.png
Captured action: Push Forms To Calc
?[36m[info]?[0m [phantom] Step waitedForJavascript 52/58: done in 39622ms.
?[36m[info]?[0m [phantom] Step changeOnClickValue 53/58 https://www.spidasoftware.com/projectmanager/flow/edit/6565# (HTTP 200)
?[36m[info]?[0m [phantom] Step changeOnClickValue 53/58: done in 39624ms.
?[36m[info]?[0m [phantom] Step _step 54/58 https://www.spidasoftware.com/projectmanager/flow/edit/6565# (HTTP 200)
?[36m[info]?[0m [phantom] Step _step 54/58: done in 39706ms.
Requested Url: https://www.spidasoftware.com/projectmanager/action/editAction?id=6481
Requested Url: https://www.spidasoftware.com/projectmanager/action/editAction?id=6481
?[36m[info]?[0m [phantom] wait() finished waiting for 2000ms.
?[36m[info]?[0m [phantom] Step _step 55/59 https://www.spidasoftware.com/projectmanager/flow/edit/6565# (HTTP 200)
?[36m[info]?[0m [phantom] Step _step 55/59: done in 41713ms.
?[36m[info]?[0m [phantom] waitFor() finished in 41ms.
?[36m[info]?[0m [phantom] Step waitedForJavascript 56/60 https://www.spidasoftware.com/projectmanager/flow/edit/6565# (HTTP 200)
?[32;1m[debug]?[0m [phantom] Capturing page to /Users/zpeugh/code/min/scripts/flowdocument/pngs/15 Day Return Clock.png
?[36m[info]?[0m [phantom] Capture saved to /Users/zpeugh/code/min/scripts/flowdocument/pngs/15 Day Return Clock.png
Captured action: 15 Day Return Clock
?[36m[info]?[0m [phantom] Step waitedForJavascript 56/60: done in 42187ms.
?[36m[info]?[0m [phantom] Step changeOnClickValue 57/60 https://www.spidasoftware.com/projectmanager/flow/edit/6565# (HTTP 200)
?[36m[info]?[0m [phantom] Step changeOnClickValue 57/60: done in 42189ms.
?[36m[info]?[0m [phantom] Step _step 58/60 https://www.spidasoftware.com/projectmanager/flow/edit/6565# (HTTP 200)
?[36m[info]?[0m [phantom] Step _step 58/60: done in 42271ms.
Requested Url: https://www.spidasoftware.com/projectmanager/action/editAction?id=6482
Requested Url: https://www.spidasoftware.com/projectmanager/action/editAction?id=6482
ATMOSPHERE CANCELLED
ATMOSPHERE CANCELLED
?[36m[info]?[0m [phantom] wait() finished waiting for 2000ms.
?[36m[info]?[0m [phantom] Step _step 59/61 https://www.spidasoftware.com/projectmanager/flow/edit/6565# (HTTP 200)
?[36m[info]?[0m [phantom] Step _step 59/61: done in 44282ms.
?[36m[info]?[0m [phantom] waitFor() finished in 41ms.
?[36m[info]?[0m [phantom] Step waitedForJavascript 60/62 https://www.spidasoftware.com/projectmanager/flow/edit/6565# (HTTP 200)
?[32;1m[debug]?[0m [phantom] Capturing page to /Users/zpeugh/code/min/scripts/flowdocument/pngs/Pull Forms from Calc.png
?[36m[info]?[0m [phantom] Capture saved to /Users/zpeugh/code/min/scripts/flowdocument/pngs/Pull Forms from Calc.png
Captured action: Pull Forms from Calc
?[36m[info]?[0m [phantom] Step waitedForJavascript 60/62: done in 44667ms.
?[36m[info]?[0m [phantom] Step changeOnClickValue 61/62 https://www.spidasoftware.com/projectmanager/flow/edit/6565# (HTTP 200)
?[36m[info]?[0m [phantom] Step changeOnClickValue 61/62: done in 44669ms.
?[36m[info]?[0m [phantom] Step _step 62/62 https://www.spidasoftware.com/projectmanager/flow/edit/6565# (HTTP 200)
?[36m[info]?[0m [phantom] Step _step 62/62: done in 44749ms.
Requested Url: https://www.spidasoftware.com/projectmanager/action/editAction?id=6483
Requested Url: https://www.spidasoftware.com/projectmanager/action/editAction?id=6483
?[36m[info]?[0m [phantom] wait() finished waiting for 2000ms.
?[36m[info]?[0m [phantom] Step _step 63/63 https://www.spidasoftware.com/projectmanager/flow/edit/6565# (HTTP 200)
?[36m[info]?[0m [phantom] Step _step 63/63: done in 46760ms.
?[36m[info]?[0m [phantom] waitFor() finished in 40ms.
?[36m[info]?[0m [phantom] Step waitedForJavascript 64/64 https://www.spidasoftware.com/projectmanager/flow/edit/6565# (HTTP 200)
?[32;1m[debug]?[0m [phantom] Capturing page to /Users/zpeugh/code/min/scripts/flowdocument/pngs/Pull Photos from Calc.png
?[36m[info]?[0m [phantom] Capture saved to /Users/zpeugh/code/min/scripts/flowdocument/pngs/Pull Photos from Calc.png
Captured action: Pull Photos from Calc
?[36m[info]?[0m [phantom] Step waitedForJavascript 64/64: done in 47192ms.
?[36m[info]?[0m [phantom] Done 64 steps in 47193ms
args: Hold~45~Day~Clock Resume~45~Day~Clock 15~Day~Return~Clock Pull~Forms~from~Calc Pull~Photos~from~Calc LockProject ProjectUnlocked Creator~as~Manager Generate~Calc~File Pole~Details Push~Forms~To~Calc
Actions to capture: 
0: Hold 45 Day Clock
1: Resume 45 Day Clock
2: 15 Day Return Clock
3: Pull Forms from Calc
4: Pull Photos from Calc
5: LockProject
6: ProjectUnlocked
7: Creator as Manager
8: Generate Calc File
9: Pole Details
10: Push Forms To Calc
All actions: [Hold 45 Day Clock, Resume 45 Day Clock, 15 Day Return Clock, Pull Forms from Calc, Pull Photos from Calc, LockProject, ProjectUnlocked, Creator as Manager, Generate Calc File, Pole Details, Push Forms To Calc]
Missed actions: null
Forms to capture: 
1: Permit Submission Checklist
2: Make Ready Engineering
3: Permit Closure Checklist
4: DG Permit
5: Assign Engineer
6: MRE Engineer Analysis Review
7: Advance Route Review
8: Pole Inventory
script timed out
Logged in as: DG
Navigating to Flow Form List
Currently at: https://www.spidasoftware.com/projectmanager/formTemplate/list
Stored screenshot of form: Advance Route Review
Stored screenshot of form: Assign Engineer
Stored screenshot of form: DG Permit
Stored screenshot of form: Make Ready Engineering
Stored screenshot of form: MRE Engineer Analysis Review
Stored screenshot of form: Permit Closure Checklist
Stored screenshot of form: Permit Submission Checklist
Stored screenshot of form: Pole Inventory
Forms to generate: 
0: Permit Submission Checklist
1: Make Ready Engineering
2: Permit Closure Checklist
3: DG Permit
4: Assign Engineer
5: MRE Engineer Analysis Review
6: Advance Route Review
7: Pole Inventory
All forms: [Permit Submission Checklist, Make Ready Engineering, Permit Closure Checklist, DG Permit, Assign Engineer, MRE Engineer Analysis Review, Advance Route Review, Pole Inventory]
Missed Forms: null
company name: DG
flow Name: DGPermitOLD
2: Assign Central Engineer Supervisor UG-Remove Others
3: Assign Bechtel FOC Contractor From Form-Remove Others
4: Assign Bechtel Engineer-From Form-Remove Others
5: Assign to Duke North Engineer Supervisor UG-Remove Others
6: Email Assignees: Project in Pole-by-Pole Review for 2 Weeks
7: Populate Pole IDs in Pole Inventory FOrm
8: Assign Engineer from Assign Engineer form-Don't Remove Others
9: Assign Creator-Remove Others
10: Email Assignee(s): Project in Advance Route Review for 2 Weeks
11: Assign Duke Construction UG-Remove Others
12: Assign Duke Finance UG-Don't Remove Others
13: Assign Bechtel MRE Contractor from form-Remove Others
14: Assign Duke IJUS Usergroup-Don't Remove Others
15: Email Bechtel Design-From Form-Field Pole Survey Completed
16: Email Bechtel Engineer-Field Pole Survey Completed
17: Email Assignees: IJUS Review Complete-Conflicting Permits Found
18: Email Assignees: IJUS Complete-No Conflicting Permits
?[36m[info]?[0m [phantom] Starting...
?[36m[info]?[0m [phantom] Execution timeout set to 10000ms
?[36m[info]?[0m [phantom] Running suite: 13 steps
?[32;1m[debug]?[0m [phantom] opening url: https://www.spidasoftware.com/projectmanager/, HTTP GET
?[32;1m[debug]?[0m [phantom] Navigation requested: url=https://www.spidasoftware.com/projectmanager/, type=Other, willNavigate=true, isMainFrame=true
Requested Url: https://www.spidasoftware.com/projectmanager/
?[32;1m[debug]?[0m [phantom] Navigation requested: url=https://www.spidasoftware.com/cas/login?service=https://www.spidasoftware.com/projectmanager/j_spring_cas_security_check, type=Other, willNavigate=true, isMainFrame=true
Requested Url: https://www.spidasoftware.com/cas/login?service=https%3A%2F%2Fwww.spidasoftware.com%2Fprojectmanager%2Fj_spring_cas_security_check
?[32;1m[debug]?[0m [phantom] url changed to "https://www.spidasoftware.com/cas/login?service=https://www.spidasoftware.com/projectmanager/j_spring_cas_security_check"
Requested Url: https://www.spidasoftware.com/cas/login?service=https%3A%2F%2Fwww.spidasoftware.com%2Fprojectmanager%2Fj_spring_cas_security_check
Requested Url: https://www.spidasoftware.com/cas/css/cas.css;jsessionid=15A6DA7081EA763AA74E4B51D32B7275
Requested Url: https://www.spidasoftware.com/cas/css/cas.css;jsessionid=15A6DA7081EA763AA74E4B51D32B7275
Requested Url: https://www.spidasoftware.com/cas/css/spida.css
Requested Url: https://www.spidasoftware.com/cas/css/spida.css
Requested Url: https://www.spidasoftware.com/cas/js/cas.js;jsessionid=15A6DA7081EA763AA74E4B51D32B7275
Requested Url: https://www.spidasoftware.com/cas/js/cas.js;jsessionid=15A6DA7081EA763AA74E4B51D32B7275
Requested Url: https://ajax.googleapis.com/ajax/libs/jquery/1.4.2/jquery.min.js
Requested Url: https://ajax.googleapis.com/ajax/libs/jquery/1.4.2/jquery.min.js
Requested Url: https://ajax.googleapis.com/ajax/libs/jqueryui/1.8.5/jquery-ui.min.js
Requested Url: https://ajax.googleapis.com/ajax/libs/jqueryui/1.8.5/jquery-ui.min.js
Requested Url: https://www.spidasoftware.com/cas/js/jquery-1.9.0.min.js
Requested Url: https://www.spidasoftware.com/cas/images/deboss.png
Requested Url: https://www.spidasoftware.com/cas/images/deboss.png
Requested Url: https://www.spidasoftware.com/cas/js/jquery-1.9.0.min.js
Requested Url: https://www.spidasoftware.com/cas/images/key-point_tl.gif
Requested Url: https://www.spidasoftware.com/cas/images/key-point_tl.gif
Requested Url: https://www.spidasoftware.com/cas/images/key-point_bl.gif
Requested Url: https://www.spidasoftware.com/cas/images/key-point_bl.gif
Requested Url: https://www.spidasoftware.com/cas/images/key-point_br.gif
Requested Url: https://www.spidasoftware.com/cas/images/key-point_br.gif
Requested Url: https://www.spidasoftware.com/cas/images/spida-small.png
Requested Url: https://www.spidasoftware.com/cas/images/spida-small.png
Requested Url: https://www.spidasoftware.com/cas/images/key-point_tr.gif
Requested Url: https://www.spidasoftware.com/cas/images/key-point_tr.gif
Requested Url: https://www.spidasoftware.com/cas/images/ja-sig-logo.gif
Requested Url: https://www.spidasoftware.com/cas/images/ja-sig-logo.gif
?[32;1m[debug]?[0m [phantom] Successfully injected Casper client-side utilities
?[32;1m[debug]?[0m [phantom] start page is loaded
?[36m[info]?[0m [phantom] Step login 3/13 https://www.spidasoftware.com/cas/login?service=https://www.spidasoftware.com/projectmanager/j_spring_cas_security_check (HTTP 200)
?[36m[info]?[0m [remote] attempting to fetch form element from selector: 'form#fm1'
?[32;1m[debug]?[0m [remote] Set "username" field value to admin@spidasoftware.com
?[32;1m[debug]?[0m [remote] Set "password" field value to ***************
?[36m[info]?[0m [remote] submitting form to /cas/login;jsessionid=15A6DA7081EA763AA74E4B51D32B7275?service=https%3A%2F%2Fwww.spidasoftware.com%2Fprojectmanager%2Fj_spring_cas_security_check, HTTP POST
?[36m[info]?[0m [phantom] Step login 3/13: done in 1299ms.
?[32;1m[debug]?[0m [phantom] Navigation requested: url=https://www.spidasoftware.com/cas/login;jsessionid=15A6DA7081EA763AA74E4B51D32B7275?service=https://www.spidasoftware.com/projectmanager/j_spring_cas_security_check, type=FormSubmitted, willNavigate=true, isMainFrame=true
Requested Url: https://www.spidasoftware.com/cas/login;jsessionid=15A6DA7081EA763AA74E4B51D32B7275?service=https%3A%2F%2Fwww.spidasoftware.com%2Fprojectmanager%2Fj_spring_cas_security_check
?[32;1m[debug]?[0m [phantom] Navigation requested: url=https://www.spidasoftware.com/projectmanager/j_spring_cas_security_check?ticket=ST-174-J3GSXF5fwFrjTUFwrwsz-www.spidasoftware.com, type=FormSubmitted, willNavigate=true, isMainFrame=true
Requested Url: https://www.spidasoftware.com/projectmanager/j_spring_cas_security_check?ticket=ST-174-J3GSXF5fwFrjTUFwrwsz-www.spidasoftware.com
?[32;1m[debug]?[0m [phantom] Navigation requested: url=https://www.spidasoftware.com/projectmanager/, type=FormSubmitted, willNavigate=true, isMainFrame=true
Requested Url: https://www.spidasoftware.com/projectmanager/
?[32;1m[debug]?[0m [phantom] url changed to "https://www.spidasoftware.com/projectmanager/"
Requested Url: https://www.spidasoftware.com/projectmanager/
Requested Url: https://www.spidasoftware.com/projectmanager/assets/application-eb20b43cf60215725cfe9f3ee324ab29.css
Requested Url: https://www.spidasoftware.com/projectmanager/assets/application-eb20b43cf60215725cfe9f3ee324ab29.css
Requested Url: https://www.spidasoftware.com/projectmanager/assets/fullwidth-712c8be92ed2438fa54c602fa4ead9de.css
Requested Url: https://www.spidasoftware.com/projectmanager/assets/fullwidth-712c8be92ed2438fa54c602fa4ead9de.css
Requested Url: https://www.spidasoftware.com/projectmanager/assets/layout-740b63f13e950682666c41e738489382.js
Requested Url: https://www.spidasoftware.com/projectmanager/assets/manifests/dashboard-ca798a2aa13668b62f4cfb792b5cb005.js
Requested Url: https://www.spidasoftware.com/projectmanager/assets/manifests/dashboard-bb51ee3aaa45140c7b368ac1257e2bb6.css
Requested Url: https://www.spidasoftware.com/projectmanager/assets/manifests/dashboard-bb51ee3aaa45140c7b368ac1257e2bb6.css
Requested Url: https://www.spidasoftware.com/projectmanager/assets/layout/bg-wrappage-4024e4b9b2f45c38e97593fdc99855fe.gif
Requested Url: https://www.spidasoftware.com/projectmanager/assets/layout/bg-wrappage-4024e4b9b2f45c38e97593fdc99855fe.gif
Requested Url: https://www.spidasoftware.com/projectmanager/assets/layout-740b63f13e950682666c41e738489382.js
Requested Url: https://www.spidasoftware.com/projectmanager/assets/manifests/dashboard-ca798a2aa13668b62f4cfb792b5cb005.js
Requested Url: https://www.spidasoftware.com/projectmanager/assets/deboss-ed16c7a3699e4e401f23e3e7338d8546.png
Requested Url: https://www.spidasoftware.com/projectmanager/assets/deboss-ed16c7a3699e4e401f23e3e7338d8546.png
Requested Url: https://www.spidasoftware.com/projectmanager/assets/fullwidth-712c8be92ed2438fa54c602fa4ead9de.css
Requested Url: https://www.spidasoftware.com/projectmanager/assets/fullwidth-712c8be92ed2438fa54c602fa4ead9de.css
Requested Url: https://www.spidasoftware.com/projectmanager/plugins/layout-3.7/images/16/user.png
Requested Url: https://www.spidasoftware.com/projectmanager/plugins/layout-3.7/images/16/user.png
Requested Url: https://www.spidasoftware.com/projectmanager/assets/ajax-loader-22e80548042a44cb9c0e053d56e5256c.gif
Requested Url: https://www.spidasoftware.com/projectmanager/assets/ajax-loader-22e80548042a44cb9c0e053d56e5256c.gif
Requested Url: https://www.spidasoftware.com/projectmanager/plugins/layout-3.7/images/32/user.png
Requested Url: https://www.spidasoftware.com/projectmanager/plugins/layout-3.7/images/32/user.png
Requested Url: https://www.spidasoftware.com/projectmanager/assets/layout/header-spidamin-e40ce1bb4403d5c7db28e7855d5c74d0.gif
Requested Url: https://www.spidasoftware.com/projectmanager/assets/layout/header-spidamin-e40ce1bb4403d5c7db28e7855d5c74d0.gif
Requested Url: https://www.spidasoftware.com/projectmanager/assets/menu_indicator-06e43d6d3f303158042880db8bd88a00.png
Requested Url: https://www.spidasoftware.com/projectmanager/assets/menu_indicator-06e43d6d3f303158042880db8bd88a00.png
Requested Url: https://www.spidasoftware.com/projectmanager/plugins/layout-3.7/images/16/comment.png
Requested Url: https://www.spidasoftware.com/projectmanager/plugins/layout-3.7/images/16/comment.png
Requested Url: https://www.spidasoftware.com/projectmanager/plugins/layout-3.7/images/16/config.png
Requested Url: https://www.spidasoftware.com/projectmanager/plugins/layout-3.7/images/16/config.png
Requested Url: https://www.spidasoftware.com/projectmanager/plugins/layout-3.7/images/16/logout.png
Requested Url: https://www.spidasoftware.com/projectmanager/plugins/layout-3.7/images/16/logout.png
Requested Url: https://www.spidasoftware.com/projectmanager/assets/Sawasdee-24fcdb41df7fca27205cfb13df8a78aa.ttf
Requested Url: https://www.spidasoftware.com/projectmanager/assets/16/finished-work-ad9d9abd2436e0648067a59fb689efe0.png
Requested Url: https://www.spidasoftware.com/projectmanager/assets/16/pie-0250125d48a626c8fc53759e9ab40021.png
Requested Url: https://www.spidasoftware.com/projectmanager/assets/16/calendar-f8cd1aa487b98cf09ba57257d68f8ae5.png
Requested Url: https://www.spidasoftware.com/projectmanager/assets/16/finished-work-ad9d9abd2436e0648067a59fb689efe0.png
Requested Url: https://www.spidasoftware.com/projectmanager/assets/16/pie-0250125d48a626c8fc53759e9ab40021.png
Requested Url: https://www.spidasoftware.com/projectmanager/assets/16/calendar-f8cd1aa487b98cf09ba57257d68f8ae5.png
Requested Url: https://www.spidasoftware.com/projectmanager/assets/16/save-0eedd6a7239807cde0770a15dd42321b.png
Requested Url: https://www.spidasoftware.com/projectmanager/assets/16/save-0eedd6a7239807cde0770a15dd42321b.png
Requested Url: https://www.spidasoftware.com/projectmanager/assets/Sawasdee-Bold-e259f8084233a474a753b405642cbe67.ttf
Requested Url: https://www.spidasoftware.com/projectmanager/assets/16/statistics-5ac61cbdfeb3383fed3cad7f2ab9feaf.png
Requested Url: https://www.spidasoftware.com/projectmanager/assets/16/statistics-5ac61cbdfeb3383fed3cad7f2ab9feaf.png
ATMOSPHERE CANCELLED
ATMOSPHERE CANCELLED
Requested Url: https://www.spidasoftware.com/projectmanager/assets/Sawasdee-Bold-e259f8084233a474a753b405642cbe67.ttf
Requested Url: https://www.spidasoftware.com/projectmanager/assets/images/ui-bg_glass_75_e6e6e6_1x400-f4254356c2a8c9a383205ef2c4de22c4.png
Requested Url: https://www.spidasoftware.com/projectmanager/assets/images/ui-bg_glass_75_e6e6e6_1x400-f4254356c2a8c9a383205ef2c4de22c4.png
Requested Url: https://www.spidasoftware.com/projectmanager/assets/images/ui-icons_888888_256x240-9c46d7cab43e22a14bad26d2d4806d80.png
Requested Url: https://www.spidasoftware.com/projectmanager/assets/images/ui-icons_888888_256x240-9c46d7cab43e22a14bad26d2d4806d80.png
Requested Url: https://www.spidasoftware.com/projectmanager/assets/Sawasdee-24fcdb41df7fca27205cfb13df8a78aa.ttf
Requested Url: https://www.spidasoftware.com/projectmanager/assets/images/ui-bg_flat_75_ffffff_40x100-8692e6efddf882acbff144c38ea7dfdf.png
Requested Url: https://www.spidasoftware.com/projectmanager/assets/images/ui-bg_flat_75_ffffff_40x100-8692e6efddf882acbff144c38ea7dfdf.png
Requested Url: https://www.spidasoftware.com/projectmanager/assets/images/ui-bg_glass_65_ffffff_1x400-e5a8f32e28fd5c27bf0fed33c8a8b9b5.png
Requested Url: https://www.spidasoftware.com/projectmanager/assets/images/ui-bg_glass_65_ffffff_1x400-e5a8f32e28fd5c27bf0fed33c8a8b9b5.png
Requested Url: https://www.spidasoftware.com/projectmanager/assets/images/ui-icons_222222_256x240-3f3acb42b0d2bfd5f39069b87803eebc.png
Requested Url: https://www.spidasoftware.com/projectmanager/assets/images/ui-icons_222222_256x240-3f3acb42b0d2bfd5f39069b87803eebc.png
ATMOSPHERE CANCELLED
?[32;1m[debug]?[0m [phantom] Successfully injected Casper client-side utilities
?[36m[info]?[0m [phantom] Step _step 4/13 https://www.spidasoftware.com/projectmanager/ (HTTP 200)
?[36m[info]?[0m [phantom] Step _step 4/13: done in 6009ms.
?[36m[info]?[0m [phantom] waitFor() finished in 41ms.
?[36m[info]?[0m [phantom] Step afterLogin 5/14 https://www.spidasoftware.com/projectmanager/ (HTTP 200)
Logged in successfully
?[36m[info]?[0m [phantom] Step afterLogin 5/14: done in 6068ms.
?[36m[info]?[0m [phantom] Step _step 6/14 https://www.spidasoftware.com/projectmanager/ (HTTP 200)
?[36m[info]?[0m [phantom] Step _step 6/14: done in 6088ms.
?[36m[info]?[0m [phantom] waitFor() finished in 43ms.
?[36m[info]?[0m [phantom] Step anonymous 7/15 https://www.spidasoftware.com/projectmanager/ (HTTP 200)
?[32;1m[debug]?[0m [phantom] Mouse event 'mousedown' on selector: xpath selector: //*[text()="DG"]
?[32;1m[debug]?[0m [phantom] Mouse event 'mouseup' on selector: xpath selector: //*[text()="DG"]
?[32;1m[debug]?[0m [phantom] Mouse event 'click' on selector: xpath selector: //*[text()="DG"]
?[32;1m[debug]?[0m [phantom] Navigation requested: url=https://www.spidasoftware.com/projectmanager/#, type=LinkClicked, willNavigate=true, isMainFrame=true
?[32;1m[debug]?[0m [phantom] url changed to "https://www.spidasoftware.com/projectmanager/#"
?[36m[info]?[0m [phantom] Step anonymous 7/15: done in 6160ms.
?[32;1m[debug]?[0m [phantom] Navigation requested: url=https://www.spidasoftware.com/projectmanager/switchcompany, type=FormSubmitted, willNavigate=true, isMainFrame=true
ATMOSPHERE CANCELLED
?[33m[warning]?[0m [phantom] Loading resource failed with status=fail (HTTP 200): https://www.spidasoftware.com/projectmanager/switchcompany
Requested Url: https://www.spidasoftware.com/projectmanager/switchcompany
?[32;1m[debug]?[0m [phantom] Navigation requested: url=https://www.spidasoftware.com/projectmanager/dashboard/index, type=FormSubmitted, willNavigate=true, isMainFrame=true
Requested Url: https://www.spidasoftware.com/projectmanager/dashboard/index
?[32;1m[debug]?[0m [phantom] url changed to "https://www.spidasoftware.com/projectmanager/dashboard/index"
Requested Url: https://www.spidasoftware.com/projectmanager/dashboard/index
Requested Url: https://www.spidasoftware.com/projectmanager/assets/fullwidth-712c8be92ed2438fa54c602fa4ead9de.css
Requested Url: https://www.spidasoftware.com/projectmanager/assets/fullwidth-712c8be92ed2438fa54c602fa4ead9de.css
ATMOSPHERE CANCELLED
ATMOSPHERE CANCELLED
?[32;1m[debug]?[0m [phantom] Successfully injected Casper client-side utilities
?[36m[info]?[0m [phantom] Step _step 8/15 https://www.spidasoftware.com/projectmanager/dashboard/index (HTTP 200)
?[36m[info]?[0m [phantom] Step _step 8/15: done in 8629ms.
Requested Url: https://www.spidasoftware.com/projectmanager/assets/fullwidth-712c8be92ed2438fa54c602fa4ead9de.css
Requested Url: https://www.spidasoftware.com/projectmanager/assets/fullwidth-712c8be92ed2438fa54c602fa4ead9de.css
ATMOSPHERE CANCELLED
?[36m[info]?[0m [phantom] waitFor() finished in 41ms.
?[36m[info]?[0m [phantom] Step anonymous 9/16 https://www.spidasoftware.com/projectmanager/dashboard/index (HTTP 200)
Logged in as: DG
?[36m[info]?[0m [phantom] Step anonymous 9/16: done in 8688ms.
?[32;1m[debug]?[0m [phantom] opening url: https://www.spidasoftware.com/projectmanager/flow/list, HTTP GET
ATMOSPHERE CANCELLED
?[32;1m[debug]?[0m [phantom] Navigation requested: url=https://www.spidasoftware.com/projectmanager/flow/list, type=Other, willNavigate=true, isMainFrame=true
?[33m[warning]?[0m [phantom] Loading resource failed with status=fail (HTTP 200): https://www.spidasoftware.com/projectmanager/flow/list
Requested Url: https://www.spidasoftware.com/projectmanager/flow/list
?[32;1m[debug]?[0m [phantom] url changed to "https://www.spidasoftware.com/projectmanager/flow/list"
Requested Url: https://www.spidasoftware.com/projectmanager/flow/list
Requested Url: https://www.spidasoftware.com/projectmanager/assets/admin-d2fddd00cdd8169f120bbf2621fff730.css
Requested Url: https://www.spidasoftware.com/projectmanager/assets/admin-d2fddd00cdd8169f120bbf2621fff730.css
Requested Url: https://www.spidasoftware.com/projectmanager/assets/toolbar-d096400c9b5f99e9d2a8ca75f9f09bf1.css
Requested Url: https://www.spidasoftware.com/projectmanager/assets/toolbar-d096400c9b5f99e9d2a8ca75f9f09bf1.css
Requested Url: https://www.spidasoftware.com/projectmanager/assets/pm-adcf40c25b31c001f8363843825c5028.css
Requested Url: https://www.spidasoftware.com/projectmanager/assets/pm-adcf40c25b31c001f8363843825c5028.css
Requested Url: https://www.spidasoftware.com/projectmanager/assets/fullwidth-712c8be92ed2438fa54c602fa4ead9de.css
Requested Url: https://www.spidasoftware.com/projectmanager/assets/fullwidth-712c8be92ed2438fa54c602fa4ead9de.css
Requested Url: https://www.spidasoftware.com/projectmanager/assets/layout/bg-wrapheader-dd414cb70b5a653f5972d469db7d19e7.gif
Requested Url: https://www.spidasoftware.com/projectmanager/assets/layout/bg-wrapheader-dd414cb70b5a653f5972d469db7d19e7.gif
ATMOSPHERE CANCELLED
ATMOSPHERE CANCELLED
Requested Url: https://www.spidasoftware.com/projectmanager/assets/16/plus-c3d7ac6de2f7bb771dd1561a04c9fc30.png
Requested Url: https://www.spidasoftware.com/projectmanager/assets/16/plus-c3d7ac6de2f7bb771dd1561a04c9fc30.png
Requested Url: https://www.spidasoftware.com/projectmanager/assets/default/sorted_asc-df23e44c4c4999383e95e9c8bf5da156.gif
Requested Url: https://www.spidasoftware.com/projectmanager/assets/default/sorted_asc-df23e44c4c4999383e95e9c8bf5da156.gif
?[32;1m[debug]?[0m [phantom] Successfully injected Casper client-side utilities
?[36m[info]?[0m [phantom] Step openFlowList 11/16 https://www.spidasoftware.com/projectmanager/flow/list (HTTP 200)
Navigating to Flow List
?[36m[info]?[0m [phantom] Step openFlowList 11/16: done in 9402ms.
?[36m[info]?[0m [phantom] Step _step 12/16 https://www.spidasoftware.com/projectmanager/flow/list (HTTP 200)
?[36m[info]?[0m [phantom] Step _step 12/16: done in 9418ms.
?[36m[info]?[0m [phantom] waitFor() finished in 43ms.
Requested Url: https://www.spidasoftware.com/projectmanager/assets/fullwidth-712c8be92ed2438fa54c602fa4ead9de.css
Requested Url: https://www.spidasoftware.com/projectmanager/assets/fullwidth-712c8be92ed2438fa54c602fa4ead9de.css
ATMOSPHERE CANCELLED
?[36m[info]?[0m [phantom] Step clickFlow 13/17 https://www.spidasoftware.com/projectmanager/flow/list (HTTP 200)
Currently at: https://www.spidasoftware.com/projectmanager/flow/list
?[32;1m[debug]?[0m [phantom] Mouse event 'mousedown' on selector: xpath selector: //a[text()="DGPermitOLD"]
?[32;1m[debug]?[0m [phantom] Mouse event 'mouseup' on selector: xpath selector: //a[text()="DGPermitOLD"]
?[32;1m[debug]?[0m [phantom] Mouse event 'click' on selector: xpath selector: //a[text()="DGPermitOLD"]
?[32;1m[debug]?[0m [phantom] Navigation requested: url=https://www.spidasoftware.com/projectmanager/flow/edit/95207, type=LinkClicked, willNavigate=true, isMainFrame=true
ATMOSPHERE CANCELLED
?[36m[info]?[0m [phantom] Step clickFlow 13/17: done in 9489ms.
?[33m[warning]?[0m [phantom] Loading resource failed with status=fail (HTTP 200): https://www.spidasoftware.com/projectmanager/flow/edit/95207
Requested Url: https://www.spidasoftware.com/projectmanager/flow/edit/95207
?[32;1m[debug]?[0m [phantom] url changed to "https://www.spidasoftware.com/projectmanager/flow/edit/95207"
Requested Url: https://www.spidasoftware.com/projectmanager/flow/edit/95207
script timed out
?[32;1m[debug]?[0m [phantom] Successfully injected Casper client-side utilities
?[36m[info]?[0m [phantom] Step _step 14/17 https://www.spidasoftware.com/projectmanager/flow/edit/95207 (HTTP 200)
?[36m[info]?[0m [phantom] Step _step 14/17: done in 10052ms.
Requested Url: https://www.spidasoftware.com/projectmanager/assets/fullwidth-712c8be92ed2438fa54c602fa4ead9de.css
Requested Url: https://www.spidasoftware.com/projectmanager/assets/fullwidth-712c8be92ed2438fa54c602fa4ead9de.css
Requested Url: https://www.spidasoftware.com/projectmanager/assets/manifests/flow-b89a5ec3639330a36d22d254f66d6096.css
Requested Url: https://www.spidasoftware.com/projectmanager/assets/manifests/flow-head-db34cb9a3b5664d4e6849d969c2df599.js
Requested Url: https://www.spidasoftware.com/projectmanager/assets/manifests/flow-body-bad25f25c8303a2ef5f819e7f986267b.js
Requested Url: https://www.spidasoftware.com/projectmanager/assets/manifests/flow-b89a5ec3639330a36d22d254f66d6096.css
Requested Url: https://www.spidasoftware.com/projectmanager/assets/manifests/flow-body-bad25f25c8303a2ef5f819e7f986267b.js
Requested Url: https://www.spidasoftware.com/projectmanager/assets/manifests/flow-head-db34cb9a3b5664d4e6849d969c2df599.js
Requested Url: https://www.spidasoftware.com/projectmanager/assets/fullwidth-712c8be92ed2438fa54c602fa4ead9de.css
Requested Url: https://www.spidasoftware.com/projectmanager/assets/fullwidth-712c8be92ed2438fa54c602fa4ead9de.css
Requested Url: https://www.spidasoftware.com/projectmanager/images/100-90-5-monochrome.png
ATMOSPHERE CANCELLED
ATMOSPHERE CANCELLED
Requested Url: https://www.spidasoftware.com/projectmanager/images/100-90-5-monochrome.png
ATMOSPHERE CANCELLED
Requested Url: https://www.spidasoftware.com/projectmanager/flow/flowEdit?id=95207
Requested Url: https://www.spidasoftware.com/projectmanager/flow/flowEdit?id=95207
Requested Url: data:image/svg+xml;base64,PHN2ZyB4bWxucz0iaHR0cDovL3d3dy53My5vcmcvMjAwMC9zdmciIHZlcnNpb249IjEuMSIgeD0iMTJweCIgeT0iMHB4IiB3aWR0aD0iMjRweCIgaGVpZ2h0PSIzcHgiIHZpZXdCb3g9IjAgMCA2IDMiIGVuYWJsZS1iYWNrZ3JvdW5kPSJuZXcgMCAwIDYgMyIgeG1sOnNwYWNlPSJwcmVzZXJ2ZSI+PHBvbHlnb24gcG9pbnRzPSI1Ljk5MiwwIDIuOTkyLDMgLTAuMDA4LDAgIi8+PC9zdmc+
Requested Url: data:image/svg+xml;base64,PHN2ZyB4bWxucz0iaHR0cDovL3d3dy53My5vcmcvMjAwMC9zdmciIHZlcnNpb249IjEuMSIgeD0iMTJweCIgeT0iMHB4IiB3aWR0aD0iMjRweCIgaGVpZ2h0PSIzcHgiIHZpZXdCb3g9IjAgMCA2IDMiIGVuYWJsZS1iYWNrZ3JvdW5kPSJuZXcgMCAwIDYgMyIgeG1sOnNwYWNlPSJwcmVzZXJ2ZSI+PHBvbHlnb24gcG9pbnRzPSI1Ljk5MiwwIDIuOTkyLDMgLTAuMDA4LDAgIi8+PC9zdmc+
Requested Url: https://www.spidasoftware.com/projectmanager/flow/visualJson?id=95207
Requested Url: https://www.spidasoftware.com/projectmanager/flow/visualJson?id=95207
?[36m[info]?[0m [phantom] waitFor() finished in 2564ms.
?[36m[info]?[0m [phantom] Step getOrder 15/18 https://www.spidasoftware.com/projectmanager/flow/edit/95207 (HTTP 200)
?[36m[info]?[0m [phantom] Step getOrder 15/18: done in 12688ms.
?[36m[info]?[0m [phantom] Step _step 16/18 https://www.spidasoftware.com/projectmanager/flow/edit/95207 (HTTP 200)
?[36m[info]?[0m [phantom] Step _step 16/18: done in 12704ms.
Requested Url: https://www.spidasoftware.com/projectmanager/images/tools/edit.png
Requested Url: https://www.spidasoftware.com/projectmanager/images/tools/edit.png
Requested Url: https://www.spidasoftware.com/projectmanager/images/tools/add.png
Requested Url: https://www.spidasoftware.com/projectmanager/images/tools/add.png
Requested Url: https://www.spidasoftware.com/projectmanager/images/tools/delete.png
Requested Url: https://www.spidasoftware.com/projectmanager/images/tools/delete.png
Requested Url: https://www.spidasoftware.com/projectmanager/assets/jquery/chosen-sprite-25b9acb1b504c95c6b95c33986b7317e.png
Requested Url: https://www.spidasoftware.com/projectmanager/assets/jquery/chosen-sprite-25b9acb1b504c95c6b95c33986b7317e.png
?[36m[info]?[0m [phantom] wait() finished waiting for 2000ms.
Currently at: https://www.spidasoftware.com/projectmanager/flow/edit/95207
?[32;1m[debug]?[0m [phantom] Mouse event 'mousedown' on selector: #events_table>table>tbody>tr:nth-child(1)>td:nth-child(5)>a
?[32;1m[debug]?[0m [phantom] Mouse event 'mouseup' on selector: #events_table>table>tbody>tr:nth-child(1)>td:nth-child(5)>a
?[32;1m[debug]?[0m [phantom] Mouse event 'click' on selector: #events_table>table>tbody>tr:nth-child(1)>td:nth-child(5)>a
?[32;1m[debug]?[0m [phantom] Navigation requested: url=https://www.spidasoftware.com/projectmanager/flow/edit/95207#, type=LinkClicked, willNavigate=true, isMainFrame=true
?[32;1m[debug]?[0m [phantom] url changed to "https://www.spidasoftware.com/projectmanager/flow/edit/95207#"
?[36m[info]?[0m [phantom] Step _step 17/18 https://www.spidasoftware.com/projectmanager/flow/edit/95207# (HTTP 200)
?[36m[info]?[0m [phantom] Step _step 17/18: done in 14725ms.
Requested Url: https://www.spidasoftware.com/projectmanager/event/editEvent
Requested Url: https://www.spidasoftware.com/projectmanager/event/editEvent
Requested Url: https://www.spidasoftware.com/projectmanager/assets/16/no-d8558032ad0d69254d51fa76de993f0c.png
Requested Url: https://www.spidasoftware.com/projectmanager/assets/16/no-d8558032ad0d69254d51fa76de993f0c.png
?[36m[info]?[0m [phantom] waitFor() finished in 1347ms.
?[36m[info]?[0m [phantom] Step clickActionTab 18/19 https://www.spidasoftware.com/projectmanager/flow/edit/95207# (HTTP 200)
?[32;1m[debug]?[0m [phantom] Mouse event 'mousedown' on selector: form>div>div>dl>dd:nth-child(2)>a
?[32;1m[debug]?[0m [phantom] Mouse event 'mouseup' on selector: form>div>div>dl>dd:nth-child(2)>a
?[32;1m[debug]?[0m [phantom] Mouse event 'click' on selector: form>div>div>dl>dd:nth-child(2)>a
?[36m[info]?[0m [phantom] Step clickActionTab 18/19: done in 16104ms.
?[36m[info]?[0m [phantom] Step _step 19/19 https://www.spidasoftware.com/projectmanager/flow/edit/95207# (HTTP 200)
?[36m[info]?[0m [phantom] Step _step 19/19: done in 16111ms.
?[36m[info]?[0m [phantom] waitFor() finished in 1870ms.
?[36m[info]?[0m [phantom] Step chooseAnAction 20/20 https://www.spidasoftware.com/projectmanager/flow/edit/95207# (HTTP 200)
Capturing action: Assign Bechtel Engineer-From Form-Remove Others...
96037
Capturing action: Assign Bechtel FOC Contractor From Form-Remove Others...
96067
Capturing action: Assign Bechtel MRE Contractor from form-Remove Others...
96020
Capturing action: Assign Central Engineer Supervisor UG-Remove Others...
96003
Capturing action: Assign Creator-Remove Others...
96015
Capturing action: Assign Duke Construction UG-Remove Others...
95728
Capturing action: Assign Duke Finance UG-Don't Remove Others...
96083
Capturing action: Assign Duke IJUS Usergroup-Don't Remove Others...
96089
Capturing action: Assign Engineer from Assign Engineer form-Don't Remove Others...
96010
Capturing action: Assign to Duke North Engineer Supervisor UG-Remove Others...
96004
Capturing action: Email Assignees: IJUS Complete-No Conflicting Permits...
96060
Capturing action: Email Assignees: IJUS Review Complete-Conflicting Permits Found...
96093
Capturing action: Email Assignee(s): Project in Advance Route Review for 2 Weeks...
96017
Capturing action: Email Assignees: Project in Pole-by-Pole Review for 2 Weeks...
96294
Capturing action: Email Bechtel Design-From Form-Field Pole Survey Completed...
96025
Capturing action: Email Bechtel Engineer-Field Pole Survey Completed...
96024
Capturing action: Populate Pole IDs in Pole Inventory FOrm...
96297
?[36m[info]?[0m [phantom] Step chooseAnAction 20/20: done in 18492ms.
?[36m[info]?[0m [phantom] Step changeOnClickValue 21/54 https://www.spidasoftware.com/projectmanager/flow/edit/95207# (HTTP 200)
?[36m[info]?[0m [phantom] Step changeOnClickValue 21/54: done in 18495ms.
?[36m[info]?[0m [phantom] Step _step 22/54 https://www.spidasoftware.com/projectmanager/flow/edit/95207# (HTTP 200)
?[36m[info]?[0m [phantom] Step _step 22/54: done in 18515ms.
Requested Url: https://www.spidasoftware.com/projectmanager/action/editAction?id=96037
Requested Url: https://www.spidasoftware.com/projectmanager/action/editAction?id=96037
Requested Url: https://www.spidasoftware.com/projectmanager/assets/16/minus-7994d6aeef41ae69ed7c53869a22d015.png
Requested Url: https://www.spidasoftware.com/projectmanager/assets/16/minus-7994d6aeef41ae69ed7c53869a22d015.png
?[36m[info]?[0m [phantom] wait() finished waiting for 2000ms.
?[36m[info]?[0m [phantom] Step _step 23/55 https://www.spidasoftware.com/projectmanager/flow/edit/95207# (HTTP 200)
?[36m[info]?[0m [phantom] Step _step 23/55: done in 20533ms.
?[36m[info]?[0m [phantom] waitFor() finished in 40ms.
?[36m[info]?[0m [phantom] Step waitedForJavascript 24/56 https://www.spidasoftware.com/projectmanager/flow/edit/95207# (HTTP 200)
?[32;1m[debug]?[0m [phantom] Capturing page to /Users/zpeugh/code/min/scripts/flowdocument/pngs/Assign Bechtel Engineer-From Form-Remove Others.png
?[36m[info]?[0m [phantom] Capture saved to /Users/zpeugh/code/min/scripts/flowdocument/pngs/Assign Bechtel Engineer-From Form-Remove Others.png
Captured action: Assign Bechtel Engineer-From Form-Remove Others
?[36m[info]?[0m [phantom] Step waitedForJavascript 24/56: done in 21051ms.
?[36m[info]?[0m [phantom] Step changeOnClickValue 25/56 https://www.spidasoftware.com/projectmanager/flow/edit/95207# (HTTP 200)
?[36m[info]?[0m [phantom] Step changeOnClickValue 25/56: done in 21150ms.
?[36m[info]?[0m [phantom] Step _step 26/56 https://www.spidasoftware.com/projectmanager/flow/edit/95207# (HTTP 200)
?[36m[info]?[0m [phantom] Step _step 26/56: done in 21187ms.
Requested Url: https://www.spidasoftware.com/projectmanager/action/editAction?id=96067
Requested Url: https://www.spidasoftware.com/projectmanager/action/editAction?id=96067
?[36m[info]?[0m [phantom] wait() finished waiting for 2000ms.
?[36m[info]?[0m [phantom] Step _step 27/57 https://www.spidasoftware.com/projectmanager/flow/edit/95207# (HTTP 200)
?[36m[info]?[0m [phantom] Step _step 27/57: done in 23203ms.
?[36m[info]?[0m [phantom] waitFor() finished in 40ms.
?[36m[info]?[0m [phantom] Step waitedForJavascript 28/58 https://www.spidasoftware.com/projectmanager/flow/edit/95207# (HTTP 200)
?[32;1m[debug]?[0m [phantom] Capturing page to /Users/zpeugh/code/min/scripts/flowdocument/pngs/Assign Bechtel FOC Contractor From Form-Remove Others.png
?[36m[info]?[0m [phantom] Capture saved to /Users/zpeugh/code/min/scripts/flowdocument/pngs/Assign Bechtel FOC Contractor From Form-Remove Others.png
Captured action: Assign Bechtel FOC Contractor From Form-Remove Others
?[36m[info]?[0m [phantom] Step waitedForJavascript 28/58: done in 23613ms.
?[36m[info]?[0m [phantom] Step changeOnClickValue 29/58 https://www.spidasoftware.com/projectmanager/flow/edit/95207# (HTTP 200)
?[36m[info]?[0m [phantom] Step changeOnClickValue 29/58: done in 23615ms.
?[36m[info]?[0m [phantom] Step _step 30/58 https://www.spidasoftware.com/projectmanager/flow/edit/95207# (HTTP 200)
?[36m[info]?[0m [phantom] Step _step 30/58: done in 23712ms.
Requested Url: https://www.spidasoftware.com/projectmanager/action/editAction?id=96020
Requested Url: https://www.spidasoftware.com/projectmanager/action/editAction?id=96020
?[36m[info]?[0m [phantom] wait() finished waiting for 2000ms.
?[36m[info]?[0m [phantom] Step _step 31/59 https://www.spidasoftware.com/projectmanager/flow/edit/95207# (HTTP 200)
?[36m[info]?[0m [phantom] Step _step 31/59: done in 25725ms.
?[36m[info]?[0m [phantom] waitFor() finished in 42ms.
?[36m[info]?[0m [phantom] Step waitedForJavascript 32/60 https://www.spidasoftware.com/projectmanager/flow/edit/95207# (HTTP 200)
?[32;1m[debug]?[0m [phantom] Capturing page to /Users/zpeugh/code/min/scripts/flowdocument/pngs/Assign Bechtel MRE Contractor from form-Remove Others.png
?[36m[info]?[0m [phantom] Capture saved to /Users/zpeugh/code/min/scripts/flowdocument/pngs/Assign Bechtel MRE Contractor from form-Remove Others.png
Captured action: Assign Bechtel MRE Contractor from form-Remove Others
?[36m[info]?[0m [phantom] Step waitedForJavascript 32/60: done in 26121ms.
?[36m[info]?[0m [phantom] Step changeOnClickValue 33/60 https://www.spidasoftware.com/projectmanager/flow/edit/95207# (HTTP 200)
?[36m[info]?[0m [phantom] Step changeOnClickValue 33/60: done in 26123ms.
?[36m[info]?[0m [phantom] Step _step 34/60 https://www.spidasoftware.com/projectmanager/flow/edit/95207# (HTTP 200)
?[36m[info]?[0m [phantom] Step _step 34/60: done in 26221ms.
Requested Url: https://www.spidasoftware.com/projectmanager/action/editAction?id=96003
Requested Url: https://www.spidasoftware.com/projectmanager/action/editAction?id=96003
?[36m[info]?[0m [phantom] wait() finished waiting for 2000ms.
?[36m[info]?[0m [phantom] Step _step 35/61 https://www.spidasoftware.com/projectmanager/flow/edit/95207# (HTTP 200)
?[36m[info]?[0m [phantom] Step _step 35/61: done in 28223ms.
?[36m[info]?[0m [phantom] waitFor() finished in 40ms.
?[36m[info]?[0m [phantom] Step waitedForJavascript 36/62 https://www.spidasoftware.com/projectmanager/flow/edit/95207# (HTTP 200)
?[32;1m[debug]?[0m [phantom] Capturing page to /Users/zpeugh/code/min/scripts/flowdocument/pngs/Assign Central Engineer Supervisor UG-Remove Others.png
?[36m[info]?[0m [phantom] Capture saved to /Users/zpeugh/code/min/scripts/flowdocument/pngs/Assign Central Engineer Supervisor UG-Remove Others.png
Captured action: Assign Central Engineer Supervisor UG-Remove Others
?[36m[info]?[0m [phantom] Step waitedForJavascript 36/62: done in 28692ms.
?[36m[info]?[0m [phantom] Step changeOnClickValue 37/62 https://www.spidasoftware.com/projectmanager/flow/edit/95207# (HTTP 200)
?[36m[info]?[0m [phantom] Step changeOnClickValue 37/62: done in 28694ms.
Requested Url: https://www.spidasoftware.com/projectmanager/action/editAction?id=96015
Requested Url: https://www.spidasoftware.com/projectmanager/action/editAction?id=96015
?[36m[info]?[0m [phantom] Step _step 38/62 https://www.spidasoftware.com/projectmanager/flow/edit/95207# (HTTP 200)
?[36m[info]?[0m [phantom] Step _step 38/62: done in 28802ms.
?[36m[info]?[0m [phantom] wait() finished waiting for 2000ms.
?[36m[info]?[0m [phantom] Step _step 39/63 https://www.spidasoftware.com/projectmanager/flow/edit/95207# (HTTP 200)
?[36m[info]?[0m [phantom] Step _step 39/63: done in 30809ms.
?[36m[info]?[0m [phantom] waitFor() finished in 40ms.
?[36m[info]?[0m [phantom] Step waitedForJavascript 40/64 https://www.spidasoftware.com/projectmanager/flow/edit/95207# (HTTP 200)
?[32;1m[debug]?[0m [phantom] Capturing page to /Users/zpeugh/code/min/scripts/flowdocument/pngs/Assign Creator-Remove Others.png
?[36m[info]?[0m [phantom] Capture saved to /Users/zpeugh/code/min/scripts/flowdocument/pngs/Assign Creator-Remove Others.png
Captured action: Assign Creator-Remove Others
?[36m[info]?[0m [phantom] Step waitedForJavascript 40/64: done in 31220ms.
?[36m[info]?[0m [phantom] Step changeOnClickValue 41/64 https://www.spidasoftware.com/projectmanager/flow/edit/95207# (HTTP 200)
?[36m[info]?[0m [phantom] Step changeOnClickValue 41/64: done in 31222ms.
?[36m[info]?[0m [phantom] Step _step 42/64 https://www.spidasoftware.com/projectmanager/flow/edit/95207# (HTTP 200)
?[36m[info]?[0m [phantom] Step _step 42/64: done in 31320ms.
Requested Url: https://www.spidasoftware.com/projectmanager/action/editAction?id=95728
Requested Url: https://www.spidasoftware.com/projectmanager/action/editAction?id=95728
?[36m[info]?[0m [phantom] wait() finished waiting for 2000ms.
?[36m[info]?[0m [phantom] Step _step 43/65 https://www.spidasoftware.com/projectmanager/flow/edit/95207# (HTTP 200)
?[36m[info]?[0m [phantom] Step _step 43/65: done in 33329ms.
?[36m[info]?[0m [phantom] waitFor() finished in 40ms.
?[36m[info]?[0m [phantom] Step waitedForJavascript 44/66 https://www.spidasoftware.com/projectmanager/flow/edit/95207# (HTTP 200)
?[32;1m[debug]?[0m [phantom] Capturing page to /Users/zpeugh/code/min/scripts/flowdocument/pngs/Assign Duke Construction UG-Remove Others.png
?[36m[info]?[0m [phantom] Capture saved to /Users/zpeugh/code/min/scripts/flowdocument/pngs/Assign Duke Construction UG-Remove Others.png
Captured action: Assign Duke Construction UG-Remove Others
?[36m[info]?[0m [phantom] Step waitedForJavascript 44/66: done in 33728ms.
?[36m[info]?[0m [phantom] Step changeOnClickValue 45/66 https://www.spidasoftware.com/projectmanager/flow/edit/95207# (HTTP 200)
?[36m[info]?[0m [phantom] Step changeOnClickValue 45/66: done in 33730ms.
?[36m[info]?[0m [phantom] Step _step 46/66 https://www.spidasoftware.com/projectmanager/flow/edit/95207# (HTTP 200)
?[36m[info]?[0m [phantom] Step _step 46/66: done in 33831ms.
Requested Url: https://www.spidasoftware.com/projectmanager/action/editAction?id=96083
Requested Url: https://www.spidasoftware.com/projectmanager/action/editAction?id=96083
?[36m[info]?[0m [phantom] wait() finished waiting for 2000ms.
?[36m[info]?[0m [phantom] Step _step 47/67 https://www.spidasoftware.com/projectmanager/flow/edit/95207# (HTTP 200)
?[36m[info]?[0m [phantom] Step _step 47/67: done in 35835ms.
?[36m[info]?[0m [phantom] waitFor() finished in 43ms.
?[36m[info]?[0m [phantom] Step waitedForJavascript 48/68 https://www.spidasoftware.com/projectmanager/flow/edit/95207# (HTTP 200)
?[32;1m[debug]?[0m [phantom] Capturing page to /Users/zpeugh/code/min/scripts/flowdocument/pngs/Assign Duke Finance UG-Don't Remove Others.png
?[36m[info]?[0m [phantom] Capture saved to /Users/zpeugh/code/min/scripts/flowdocument/pngs/Assign Duke Finance UG-Don't Remove Others.png
Captured action: Assign Duke Finance UG-Don't Remove Others
?[36m[info]?[0m [phantom] Step waitedForJavascript 48/68: done in 36239ms.
?[36m[info]?[0m [phantom] Step changeOnClickValue 49/68 https://www.spidasoftware.com/projectmanager/flow/edit/95207# (HTTP 200)
?[36m[info]?[0m [phantom] Step changeOnClickValue 49/68: done in 36242ms.
?[36m[info]?[0m [phantom] Step _step 50/68 https://www.spidasoftware.com/projectmanager/flow/edit/95207# (HTTP 200)
?[36m[info]?[0m [phantom] Step _step 50/68: done in 36341ms.
Requested Url: https://www.spidasoftware.com/projectmanager/action/editAction?id=96089
Requested Url: https://www.spidasoftware.com/projectmanager/action/editAction?id=96089
?[36m[info]?[0m [phantom] wait() finished waiting for 2000ms.
?[36m[info]?[0m [phantom] Step _step 51/69 https://www.spidasoftware.com/projectmanager/flow/edit/95207# (HTTP 200)
?[36m[info]?[0m [phantom] Step _step 51/69: done in 38359ms.
?[36m[info]?[0m [phantom] waitFor() finished in 40ms.
?[36m[info]?[0m [phantom] Step waitedForJavascript 52/70 https://www.spidasoftware.com/projectmanager/flow/edit/95207# (HTTP 200)
?[32;1m[debug]?[0m [phantom] Capturing page to /Users/zpeugh/code/min/scripts/flowdocument/pngs/Assign Duke IJUS Usergroup-Don't Remove Others.png
?[36m[info]?[0m [phantom] Capture saved to /Users/zpeugh/code/min/scripts/flowdocument/pngs/Assign Duke IJUS Usergroup-Don't Remove Others.png
Captured action: Assign Duke IJUS Usergroup-Don't Remove Others
?[36m[info]?[0m [phantom] Step waitedForJavascript 52/70: done in 38762ms.
?[36m[info]?[0m [phantom] Step changeOnClickValue 53/70 https://www.spidasoftware.com/projectmanager/flow/edit/95207# (HTTP 200)
?[36m[info]?[0m [phantom] Step changeOnClickValue 53/70: done in 38764ms.
?[36m[info]?[0m [phantom] Step _step 54/70 https://www.spidasoftware.com/projectmanager/flow/edit/95207# (HTTP 200)
?[36m[info]?[0m [phantom] Step _step 54/70: done in 38866ms.
Requested Url: https://www.spidasoftware.com/projectmanager/action/editAction?id=96010
Requested Url: https://www.spidasoftware.com/projectmanager/action/editAction?id=96010
?[36m[info]?[0m [phantom] wait() finished waiting for 2000ms.
?[36m[info]?[0m [phantom] Step _step 55/71 https://www.spidasoftware.com/projectmanager/flow/edit/95207# (HTTP 200)
?[36m[info]?[0m [phantom] Step _step 55/71: done in 40879ms.
?[36m[info]?[0m [phantom] waitFor() finished in 42ms.
?[36m[info]?[0m [phantom] Step waitedForJavascript 56/72 https://www.spidasoftware.com/projectmanager/flow/edit/95207# (HTTP 200)
?[32;1m[debug]?[0m [phantom] Capturing page to /Users/zpeugh/code/min/scripts/flowdocument/pngs/Assign Engineer from Assign Engineer form-Don't Remove Others.png
?[36m[info]?[0m [phantom] Capture saved to /Users/zpeugh/code/min/scripts/flowdocument/pngs/Assign Engineer from Assign Engineer form-Don't Remove Others.png
Captured action: Assign Engineer from Assign Engineer form-Don't Remove Others
?[36m[info]?[0m [phantom] Step waitedForJavascript 56/72: done in 41277ms.
?[36m[info]?[0m [phantom] Step changeOnClickValue 57/72 https://www.spidasoftware.com/projectmanager/flow/edit/95207# (HTTP 200)
?[36m[info]?[0m [phantom] Step changeOnClickValue 57/72: done in 41279ms.
?[36m[info]?[0m [phantom] Step _step 58/72 https://www.spidasoftware.com/projectmanager/flow/edit/95207# (HTTP 200)
?[36m[info]?[0m [phantom] Step _step 58/72: done in 41379ms.
Requested Url: https://www.spidasoftware.com/projectmanager/action/editAction?id=96004
Requested Url: https://www.spidasoftware.com/projectmanager/action/editAction?id=96004
ATMOSPHERE CANCELLED
ATMOSPHERE CANCELLED
?[36m[info]?[0m [phantom] wait() finished waiting for 2000ms.
?[36m[info]?[0m [phantom] Step _step 59/73 https://www.spidasoftware.com/projectmanager/flow/edit/95207# (HTTP 200)
?[36m[info]?[0m [phantom] Step _step 59/73: done in 43382ms.
?[36m[info]?[0m [phantom] waitFor() finished in 41ms.
?[36m[info]?[0m [phantom] Step waitedForJavascript 60/74 https://www.spidasoftware.com/projectmanager/flow/edit/95207# (HTTP 200)
?[32;1m[debug]?[0m [phantom] Capturing page to /Users/zpeugh/code/min/scripts/flowdocument/pngs/Assign to Duke North Engineer Supervisor UG-Remove Others.png
?[36m[info]?[0m [phantom] Capture saved to /Users/zpeugh/code/min/scripts/flowdocument/pngs/Assign to Duke North Engineer Supervisor UG-Remove Others.png
Captured action: Assign to Duke North Engineer Supervisor UG-Remove Others
?[36m[info]?[0m [phantom] Step waitedForJavascript 60/74: done in 43814ms.
?[36m[info]?[0m [phantom] Step changeOnClickValue 61/74 https://www.spidasoftware.com/projectmanager/flow/edit/95207# (HTTP 200)
?[36m[info]?[0m [phantom] Step changeOnClickValue 61/74: done in 43816ms.
Requested Url: https://www.spidasoftware.com/projectmanager/action/editAction?id=96060
Requested Url: https://www.spidasoftware.com/projectmanager/action/editAction?id=96060
?[36m[info]?[0m [phantom] Step _step 62/74 https://www.spidasoftware.com/projectmanager/flow/edit/95207# (HTTP 200)
?[36m[info]?[0m [phantom] Step _step 62/74: done in 43925ms.
?[36m[info]?[0m [phantom] wait() finished waiting for 2000ms.
?[36m[info]?[0m [phantom] Step _step 63/75 https://www.spidasoftware.com/projectmanager/flow/edit/95207# (HTTP 200)
?[36m[info]?[0m [phantom] Step _step 63/75: done in 45941ms.
?[36m[info]?[0m [phantom] waitFor() finished in 42ms.
?[36m[info]?[0m [phantom] Step waitedForJavascript 64/76 https://www.spidasoftware.com/projectmanager/flow/edit/95207# (HTTP 200)
?[32;1m[debug]?[0m [phantom] Capturing page to /Users/zpeugh/code/min/scripts/flowdocument/pngs/Email Assignees: IJUS Complete-No Conflicting Permits.png
?[36m[info]?[0m [phantom] Capture saved to /Users/zpeugh/code/min/scripts/flowdocument/pngs/Email Assignees: IJUS Complete-No Conflicting Permits.png
Captured action: Email Assignees: IJUS Complete-No Conflicting Permits
?[36m[info]?[0m [phantom] Step waitedForJavascript 64/76: done in 46388ms.
?[36m[info]?[0m [phantom] Step changeOnClickValue 65/76 https://www.spidasoftware.com/projectmanager/flow/edit/95207# (HTTP 200)
?[36m[info]?[0m [phantom] Step changeOnClickValue 65/76: done in 46390ms.
?[36m[info]?[0m [phantom] Step _step 66/76 https://www.spidasoftware.com/projectmanager/flow/edit/95207# (HTTP 200)
?[36m[info]?[0m [phantom] Step _step 66/76: done in 46489ms.
Requested Url: https://www.spidasoftware.com/projectmanager/action/editAction?id=96093
Requested Url: https://www.spidasoftware.com/projectmanager/action/editAction?id=96093
?[36m[info]?[0m [phantom] wait() finished waiting for 2000ms.
?[36m[info]?[0m [phantom] Step _step 67/77 https://www.spidasoftware.com/projectmanager/flow/edit/95207# (HTTP 200)
?[36m[info]?[0m [phantom] Step _step 67/77: done in 48501ms.
?[36m[info]?[0m [phantom] waitFor() finished in 42ms.
?[36m[info]?[0m [phantom] Step waitedForJavascript 68/78 https://www.spidasoftware.com/projectmanager/flow/edit/95207# (HTTP 200)
?[32;1m[debug]?[0m [phantom] Capturing page to /Users/zpeugh/code/min/scripts/flowdocument/pngs/Email Assignees: IJUS Review Complete-Conflicting Permits Found.png
?[36m[info]?[0m [phantom] Capture saved to /Users/zpeugh/code/min/scripts/flowdocument/pngs/Email Assignees: IJUS Review Complete-Conflicting Permits Found.png
Captured action: Email Assignees: IJUS Review Complete-Conflicting Permits Found
?[36m[info]?[0m [phantom] Step waitedForJavascript 68/78: done in 48908ms.
?[36m[info]?[0m [phantom] Step changeOnClickValue 69/78 https://www.spidasoftware.com/projectmanager/flow/edit/95207# (HTTP 200)
?[36m[info]?[0m [phantom] Step changeOnClickValue 69/78: done in 48911ms.
?[36m[info]?[0m [phantom] Step _step 70/78 https://www.spidasoftware.com/projectmanager/flow/edit/95207# (HTTP 200)
?[36m[info]?[0m [phantom] Step _step 70/78: done in 49013ms.
Requested Url: https://www.spidasoftware.com/projectmanager/action/editAction?id=96017
Requested Url: https://www.spidasoftware.com/projectmanager/action/editAction?id=96017
?[36m[info]?[0m [phantom] wait() finished waiting for 2000ms.
?[36m[info]?[0m [phantom] Step _step 71/79 https://www.spidasoftware.com/projectmanager/flow/edit/95207# (HTTP 200)
?[36m[info]?[0m [phantom] Step _step 71/79: done in 51029ms.
?[36m[info]?[0m [phantom] waitFor() finished in 40ms.
?[36m[info]?[0m [phantom] Step waitedForJavascript 72/80 https://www.spidasoftware.com/projectmanager/flow/edit/95207# (HTTP 200)
?[32;1m[debug]?[0m [phantom] Capturing page to /Users/zpeugh/code/min/scripts/flowdocument/pngs/Email Assignee(s): Project in Advance Route Review for 2 Weeks.png
?[36m[info]?[0m [phantom] Capture saved to /Users/zpeugh/code/min/scripts/flowdocument/pngs/Email Assignee(s): Project in Advance Route Review for 2 Weeks.png
Captured action: Email Assignee(s): Project in Advance Route Review for 2 Weeks
?[36m[info]?[0m [phantom] Step waitedForJavascript 72/80: done in 51428ms.
?[36m[info]?[0m [phantom] Step changeOnClickValue 73/80 https://www.spidasoftware.com/projectmanager/flow/edit/95207# (HTTP 200)
?[36m[info]?[0m [phantom] Step changeOnClickValue 73/80: done in 51430ms.
?[36m[info]?[0m [phantom] Step _step 74/80 https://www.spidasoftware.com/projectmanager/flow/edit/95207# (HTTP 200)
?[36m[info]?[0m [phantom] Step _step 74/80: done in 51530ms.
Requested Url: https://www.spidasoftware.com/projectmanager/action/editAction?id=96294
Requested Url: https://www.spidasoftware.com/projectmanager/action/editAction?id=96294
?[36m[info]?[0m [phantom] wait() finished waiting for 2000ms.
?[36m[info]?[0m [phantom] Step _step 75/81 https://www.spidasoftware.com/projectmanager/flow/edit/95207# (HTTP 200)
?[36m[info]?[0m [phantom] Step _step 75/81: done in 53550ms.
?[36m[info]?[0m [phantom] waitFor() finished in 40ms.
?[36m[info]?[0m [phantom] Step waitedForJavascript 76/82 https://www.spidasoftware.com/projectmanager/flow/edit/95207# (HTTP 200)
?[32;1m[debug]?[0m [phantom] Capturing page to /Users/zpeugh/code/min/scripts/flowdocument/pngs/Email Assignees: Project in Pole-by-Pole Review for 2 Weeks.png
?[36m[info]?[0m [phantom] Capture saved to /Users/zpeugh/code/min/scripts/flowdocument/pngs/Email Assignees: Project in Pole-by-Pole Review for 2 Weeks.png
Captured action: Email Assignees: Project in Pole-by-Pole Review for 2 Weeks
?[36m[info]?[0m [phantom] Step waitedForJavascript 76/82: done in 53996ms.
?[36m[info]?[0m [phantom] Step changeOnClickValue 77/82 https://www.spidasoftware.com/projectmanager/flow/edit/95207# (HTTP 200)
?[36m[info]?[0m [phantom] Step changeOnClickValue 77/82: done in 53998ms.
?[36m[info]?[0m [phantom] Step _step 78/82 https://www.spidasoftware.com/projectmanager/flow/edit/95207# (HTTP 200)
?[36m[info]?[0m [phantom] Step _step 78/82: done in 54098ms.
Requested Url: https://www.spidasoftware.com/projectmanager/action/editAction?id=96025
Requested Url: https://www.spidasoftware.com/projectmanager/action/editAction?id=96025
?[36m[info]?[0m [phantom] wait() finished waiting for 2000ms.
?[36m[info]?[0m [phantom] Step _step 79/83 https://www.spidasoftware.com/projectmanager/flow/edit/95207# (HTTP 200)
?[36m[info]?[0m [phantom] Step _step 79/83: done in 56116ms.
?[36m[info]?[0m [phantom] waitFor() finished in 42ms.
?[36m[info]?[0m [phantom] Step waitedForJavascript 80/84 https://www.spidasoftware.com/projectmanager/flow/edit/95207# (HTTP 200)
?[32;1m[debug]?[0m [phantom] Capturing page to /Users/zpeugh/code/min/scripts/flowdocument/pngs/Email Bechtel Design-From Form-Field Pole Survey Completed.png
?[36m[info]?[0m [phantom] Capture saved to /Users/zpeugh/code/min/scripts/flowdocument/pngs/Email Bechtel Design-From Form-Field Pole Survey Completed.png
Captured action: Email Bechtel Design-From Form-Field Pole Survey Completed
?[36m[info]?[0m [phantom] Step waitedForJavascript 80/84: done in 56557ms.
?[36m[info]?[0m [phantom] Step changeOnClickValue 81/84 https://www.spidasoftware.com/projectmanager/flow/edit/95207# (HTTP 200)
?[36m[info]?[0m [phantom] Step changeOnClickValue 81/84: done in 56559ms.
?[36m[info]?[0m [phantom] Step _step 82/84 https://www.spidasoftware.com/projectmanager/flow/edit/95207# (HTTP 200)
?[36m[info]?[0m [phantom] Step _step 82/84: done in 56659ms.
Requested Url: https://www.spidasoftware.com/projectmanager/action/editAction?id=96024
Requested Url: https://www.spidasoftware.com/projectmanager/action/editAction?id=96024
?[36m[info]?[0m [phantom] wait() finished waiting for 2000ms.
?[36m[info]?[0m [phantom] Step _step 83/85 https://www.spidasoftware.com/projectmanager/flow/edit/95207# (HTTP 200)
?[36m[info]?[0m [phantom] Step _step 83/85: done in 58674ms.
?[36m[info]?[0m [phantom] waitFor() finished in 41ms.
?[36m[info]?[0m [phantom] Step waitedForJavascript 84/86 https://www.spidasoftware.com/projectmanager/flow/edit/95207# (HTTP 200)
?[32;1m[debug]?[0m [phantom] Capturing page to /Users/zpeugh/code/min/scripts/flowdocument/pngs/Email Bechtel Engineer-Field Pole Survey Completed.png
?[36m[info]?[0m [phantom] Capture saved to /Users/zpeugh/code/min/scripts/flowdocument/pngs/Email Bechtel Engineer-Field Pole Survey Completed.png
Captured action: Email Bechtel Engineer-Field Pole Survey Completed
?[36m[info]?[0m [phantom] Step waitedForJavascript 84/86: done in 59076ms.
?[36m[info]?[0m [phantom] Step changeOnClickValue 85/86 https://www.spidasoftware.com/projectmanager/flow/edit/95207# (HTTP 200)
?[36m[info]?[0m [phantom] Step changeOnClickValue 85/86: done in 59078ms.
?[36m[info]?[0m [phantom] Step _step 86/86 https://www.spidasoftware.com/projectmanager/flow/edit/95207# (HTTP 200)
?[36m[info]?[0m [phantom] Step _step 86/86: done in 59179ms.
Requested Url: https://www.spidasoftware.com/projectmanager/action/editAction?id=96297
Requested Url: https://www.spidasoftware.com/projectmanager/action/editAction?id=96297
?[36m[info]?[0m [phantom] wait() finished waiting for 2000ms.
?[36m[info]?[0m [phantom] Step _step 87/87 https://www.spidasoftware.com/projectmanager/flow/edit/95207# (HTTP 200)
?[36m[info]?[0m [phantom] Step _step 87/87: done in 61195ms.
?[36m[info]?[0m [phantom] waitFor() finished in 40ms.
?[36m[info]?[0m [phantom] Step waitedForJavascript 88/88 https://www.spidasoftware.com/projectmanager/flow/edit/95207# (HTTP 200)
?[32;1m[debug]?[0m [phantom] Capturing page to /Users/zpeugh/code/min/scripts/flowdocument/pngs/Populate Pole IDs in Pole Inventory FOrm.png
?[36m[info]?[0m [phantom] Capture saved to /Users/zpeugh/code/min/scripts/flowdocument/pngs/Populate Pole IDs in Pole Inventory FOrm.png
Captured action: Populate Pole IDs in Pole Inventory FOrm
?[36m[info]?[0m [phantom] Step waitedForJavascript 88/88: done in 61650ms.
?[36m[info]?[0m [phantom] Done 88 steps in 61650ms
args: Assign~Central~Engineer~Supervisor~UG-Remove~Others Assign~Bechtel~FOC~Contractor~From~Form-Remove~Others Assign~Bechtel~Engineer-From~Form-Remove~Others Assign~to~Duke~North~Engineer~Supervisor~UG-Remove~Others Email~Assignees:~Project~in~Pole-by-Pole~Review~for~2~Weeks Populate~Pole~IDs~in~Pole~Inventory~FOrm Assign~Engineer~from~Assign~Engineer~form-Don't~Remove~Others Assign~Creator-Remove~Others Email~Assignee(s):~Project~in~Advance~Route~Review~for~2~Weeks Assign~Duke~Construction~UG-Remove~Others Assign~Duke~Finance~UG-Don't~Remove~Others Assign~Bechtel~MRE~Contractor~from~form-Remove~Others Assign~Duke~IJUS~Usergroup-Don't~Remove~Others Email~Bechtel~Design-From~Form-Field~Pole~Survey~Completed Email~Bechtel~Engineer-Field~Pole~Survey~Completed Email~Assignees:~IJUS~Review~Complete-Conflicting~Permits~Found Email~Assignees:~IJUS~Complete-No~Conflicting~Permits
Actions to capture: 
0: Assign Central Engineer Supervisor UG-Remove Others
1: Assign Bechtel FOC Contractor From Form-Remove Others
2: Assign Bechtel Engineer-From Form-Remove Others
3: Assign to Duke North Engineer Supervisor UG-Remove Others
4: Email Assignees: Project in Pole-by-Pole Review for 2 Weeks
5: Populate Pole IDs in Pole Inventory FOrm
6: Assign Engineer from Assign Engineer form-Don't Remove Others
7: Assign Creator-Remove Others
8: Email Assignee(s): Project in Advance Route Review for 2 Weeks
9: Assign Duke Construction UG-Remove Others
10: Assign Duke Finance UG-Don't Remove Others
11: Assign Bechtel MRE Contractor from form-Remove Others
12: Assign Duke IJUS Usergroup-Don't Remove Others
13: Email Bechtel Design-From Form-Field Pole Survey Completed
14: Email Bechtel Engineer-Field Pole Survey Completed
15: Email Assignees: IJUS Review Complete-Conflicting Permits Found
16: Email Assignees: IJUS Complete-No Conflicting Permits
All actions: [Assign Central Engineer Supervisor UG-Remove Others, Assign Bechtel FOC Contractor From Form-Remove Others, Assign Bechtel Engineer-From Form-Remove Others, Assign to Duke North Engineer Supervisor UG-Remove Others, Email Assignees: Project in Pole-by-Pole Review for 2 Weeks, Populate Pole IDs in Pole Inventory FOrm, Assign Engineer from Assign Engineer form-Don't Remove Others, Assign Creator-Remove Others, Email Assignee(s): Project in Advance Route Review for 2 Weeks, Assign Duke Construction UG-Remove Others, Assign Duke Finance UG-Don't Remove Others, Assign Bechtel MRE Contractor from form-Remove Others, Assign Duke IJUS Usergroup-Don't Remove Others, Email Bechtel Design-From Form-Field Pole Survey Completed, Email Bechtel Engineer-Field Pole Survey Completed, Email Assignees: IJUS Review Complete-Conflicting Permits Found, Email Assignees: IJUS Complete-No Conflicting Permits]
Missed actions: null
Forms to capture: 
1: Make Ready Engineering
2: Advance Route Review
3: MRE Review
4: Application
5: Assign Engineer
6: Pole Inventory
7: Permit Submission Checklist
8: Conflicting Permit Check
9: MRE Engineer Analysis Review
10: Permit Closure Checklist
Logged in as: DG2
Navigating to Flow Form List
Currently at: https://www.spidasoftware.com/projectmanager/formTemplate/list
script timed out
Stored screenshot of form: Advance Route Review
Stored screenshot of form: Application
Stored screenshot of form: Assign Engineer
Stored screenshot of form: Conflicting Permit Check
Stored screenshot of form: Make Ready Engineering
Stored screenshot of form: MRE Engineer Analysis Review
Stored screenshot of form: MRE Review
Stored screenshot of form: Permit Closure Checklist
Stored screenshot of form: Permit Submission Checklist
Stored screenshot of form: Pole Inventory
Forms to generate: 
0: Make Ready Engineering
1: Advance Route Review
2: MRE Review
3: Application
4: Assign Engineer
5: Pole Inventory
6: Permit Submission Checklist
7: Conflicting Permit Check
8: MRE Engineer Analysis Review
9: Permit Closure Checklist
All forms: [Make Ready Engineering, Advance Route Review, MRE Review, Application, Assign Engineer, Pole Inventory, Permit Submission Checklist, Conflicting Permit Check, MRE Engineer Analysis Review, Permit Closure Checklist]
Missed Forms: null
company name: DG2
flow Name: North Carolina Make Ready Process
2: Email EPC Engineer from form: FOC Installation Complete
3: Assign Engineer  from Assign Engineer Form-Remove Others
4: Assign EPC Engineer-From Form-Don't Remove Others
5: Assign MRC Electric Contractor-Don't Remove Others
6: Assign MRC Communication Contractor from Application Form-Remove Others
7: Remove Engineer From Assign Engineer Form
8: Assign to Duke North Engineer Supervisor UG-Remove Others
9: Assign MRC Communication Contractor from App Form-Don't Remove Others
10: Assign MRE Contractor from form-Remove Others
11: Email Duke JU-Permit Authorized for Construction
12: Assign Central Engineer Supervisor UG-Remove Others
13: Assign EPC Engineer-From Form-Remove Others
14: Assign Duke Construction UG-Don't Remove Others
15: Assign Engineer from Assign Engineer form-Don't Remove Others
16: Assign Mark Brooks (need email address)
17: Email EPC Engineer-Permit Authorized for Construction
18: Assign FOC Contractor From Form-Remove Others
19: Email EPC Design-From Form-Field Pole Survey Completed
20: Assign Duke IJUS Usergroup-Don't Remove Others
21: Assign Doug Everheart (need email address)
22: Assign Duke Construction UG-Remove Others
23: Assign Waylon Blakely (need email address)
24: Email EPC Engineer-Field Pole Survey Completed
25: Assign Creator-Remove Others
26: Email Assignee(s): Project in Advance Route Review for 2 Weeks
27: Assign Duke Finance UG-Don't Remove Others
28: Populate Pole IDs in Pole Inventory FOrm
29: Email Assignees: Project in Pole-by-Pole Review for 2 Weeks
30: Email Assignees: IJUS Complete-No Conflicting Permits
31: Email Assignees: IJUS Review Complete-Conflicting Permits Found
32: Set Stations to Permit Check
33: Set Stations to "Conflicting Permit Check"
34: Email Project Creator-Territory and Zone Mismatch
?[36m[info]?[0m [phantom] Starting...
?[36m[info]?[0m [phantom] Execution timeout set to 10000ms
?[36m[info]?[0m [phantom] Running suite: 13 steps
?[32;1m[debug]?[0m [phantom] opening url: https://www.spidasoftware.com/projectmanager/, HTTP GET
?[32;1m[debug]?[0m [phantom] Navigation requested: url=https://www.spidasoftware.com/projectmanager/, type=Other, willNavigate=true, isMainFrame=true
Requested Url: https://www.spidasoftware.com/projectmanager/
?[32;1m[debug]?[0m [phantom] Navigation requested: url=https://www.spidasoftware.com/cas/login?service=https://www.spidasoftware.com/projectmanager/j_spring_cas_security_check, type=Other, willNavigate=true, isMainFrame=true
Requested Url: https://www.spidasoftware.com/cas/login?service=https%3A%2F%2Fwww.spidasoftware.com%2Fprojectmanager%2Fj_spring_cas_security_check
?[32;1m[debug]?[0m [phantom] url changed to "https://www.spidasoftware.com/cas/login?service=https://www.spidasoftware.com/projectmanager/j_spring_cas_security_check"
Requested Url: https://www.spidasoftware.com/cas/login?service=https%3A%2F%2Fwww.spidasoftware.com%2Fprojectmanager%2Fj_spring_cas_security_check
Requested Url: https://www.spidasoftware.com/cas/css/cas.css;jsessionid=91957E51E1F8C7DF6033FD196179F64A
Requested Url: https://www.spidasoftware.com/cas/css/cas.css;jsessionid=91957E51E1F8C7DF6033FD196179F64A
Requested Url: https://ajax.googleapis.com/ajax/libs/jquery/1.4.2/jquery.min.js
Requested Url: https://ajax.googleapis.com/ajax/libs/jquery/1.4.2/jquery.min.js
Requested Url: https://ajax.googleapis.com/ajax/libs/jqueryui/1.8.5/jquery-ui.min.js
Requested Url: https://ajax.googleapis.com/ajax/libs/jqueryui/1.8.5/jquery-ui.min.js
Requested Url: https://www.spidasoftware.com/cas/css/spida.css
Requested Url: https://www.spidasoftware.com/cas/css/spida.css
Requested Url: https://www.spidasoftware.com/cas/js/cas.js;jsessionid=91957E51E1F8C7DF6033FD196179F64A
Requested Url: https://www.spidasoftware.com/cas/js/cas.js;jsessionid=91957E51E1F8C7DF6033FD196179F64A
Requested Url: https://www.spidasoftware.com/cas/images/deboss.png
Requested Url: https://www.spidasoftware.com/cas/images/deboss.png
Requested Url: https://www.spidasoftware.com/cas/js/jquery-1.9.0.min.js
Requested Url: https://www.spidasoftware.com/cas/js/jquery-1.9.0.min.js
Requested Url: https://www.spidasoftware.com/cas/images/key-point_bl.gif
Requested Url: https://www.spidasoftware.com/cas/images/key-point_bl.gif
Requested Url: https://www.spidasoftware.com/cas/images/key-point_tr.gif
Requested Url: https://www.spidasoftware.com/cas/images/key-point_tr.gif
Requested Url: https://www.spidasoftware.com/cas/images/key-point_tl.gif
Requested Url: https://www.spidasoftware.com/cas/images/key-point_tl.gif
Requested Url: https://www.spidasoftware.com/cas/images/key-point_br.gif
Requested Url: https://www.spidasoftware.com/cas/images/key-point_br.gif
Requested Url: https://www.spidasoftware.com/cas/images/ja-sig-logo.gif
Requested Url: https://www.spidasoftware.com/cas/images/ja-sig-logo.gif
Requested Url: https://www.spidasoftware.com/cas/images/spida-small.png
Requested Url: https://www.spidasoftware.com/cas/images/spida-small.png
?[32;1m[debug]?[0m [phantom] Successfully injected Casper client-side utilities
?[32;1m[debug]?[0m [phantom] start page is loaded
?[36m[info]?[0m [phantom] Step login 3/13 https://www.spidasoftware.com/cas/login?service=https://www.spidasoftware.com/projectmanager/j_spring_cas_security_check (HTTP 200)
?[36m[info]?[0m [remote] attempting to fetch form element from selector: 'form#fm1'
?[32;1m[debug]?[0m [remote] Set "username" field value to admin@spidasoftware.com
?[32;1m[debug]?[0m [remote] Set "password" field value to ***************
?[36m[info]?[0m [remote] submitting form to /cas/login;jsessionid=91957E51E1F8C7DF6033FD196179F64A?service=https%3A%2F%2Fwww.spidasoftware.com%2Fprojectmanager%2Fj_spring_cas_security_check, HTTP POST
?[36m[info]?[0m [phantom] Step login 3/13: done in 1765ms.
?[32;1m[debug]?[0m [phantom] Navigation requested: url=https://www.spidasoftware.com/cas/login;jsessionid=91957E51E1F8C7DF6033FD196179F64A?service=https://www.spidasoftware.com/projectmanager/j_spring_cas_security_check, type=FormSubmitted, willNavigate=true, isMainFrame=true
Requested Url: https://www.spidasoftware.com/cas/login;jsessionid=91957E51E1F8C7DF6033FD196179F64A?service=https%3A%2F%2Fwww.spidasoftware.com%2Fprojectmanager%2Fj_spring_cas_security_check
?[32;1m[debug]?[0m [phantom] Navigation requested: url=https://www.spidasoftware.com/projectmanager/j_spring_cas_security_check?ticket=ST-176-PqA7UnBaQ1ZFPbCFjSVy-www.spidasoftware.com, type=FormSubmitted, willNavigate=true, isMainFrame=true
Requested Url: https://www.spidasoftware.com/projectmanager/j_spring_cas_security_check?ticket=ST-176-PqA7UnBaQ1ZFPbCFjSVy-www.spidasoftware.com
?[32;1m[debug]?[0m [phantom] Navigation requested: url=https://www.spidasoftware.com/projectmanager/, type=FormSubmitted, willNavigate=true, isMainFrame=true
Requested Url: https://www.spidasoftware.com/projectmanager/
?[32;1m[debug]?[0m [phantom] url changed to "https://www.spidasoftware.com/projectmanager/"
Requested Url: https://www.spidasoftware.com/projectmanager/
Requested Url: https://www.spidasoftware.com/projectmanager/assets/application-eb20b43cf60215725cfe9f3ee324ab29.css
Requested Url: https://www.spidasoftware.com/projectmanager/assets/application-eb20b43cf60215725cfe9f3ee324ab29.css
Requested Url: https://www.spidasoftware.com/projectmanager/assets/fullwidth-712c8be92ed2438fa54c602fa4ead9de.css
Requested Url: https://www.spidasoftware.com/projectmanager/assets/fullwidth-712c8be92ed2438fa54c602fa4ead9de.css
Requested Url: https://www.spidasoftware.com/projectmanager/assets/layout-740b63f13e950682666c41e738489382.js
Requested Url: https://www.spidasoftware.com/projectmanager/assets/layout/bg-wrappage-4024e4b9b2f45c38e97593fdc99855fe.gif
Requested Url: https://www.spidasoftware.com/projectmanager/assets/layout/bg-wrappage-4024e4b9b2f45c38e97593fdc99855fe.gif
Requested Url: https://www.spidasoftware.com/projectmanager/assets/manifests/dashboard-bb51ee3aaa45140c7b368ac1257e2bb6.css
Requested Url: https://www.spidasoftware.com/projectmanager/assets/manifests/dashboard-bb51ee3aaa45140c7b368ac1257e2bb6.css
Requested Url: https://www.spidasoftware.com/projectmanager/assets/manifests/dashboard-ca798a2aa13668b62f4cfb792b5cb005.js
Requested Url: https://www.spidasoftware.com/projectmanager/assets/layout-740b63f13e950682666c41e738489382.js
Requested Url: https://www.spidasoftware.com/projectmanager/assets/manifests/dashboard-ca798a2aa13668b62f4cfb792b5cb005.js
Requested Url: https://www.spidasoftware.com/projectmanager/assets/deboss-ed16c7a3699e4e401f23e3e7338d8546.png
Requested Url: https://www.spidasoftware.com/projectmanager/assets/deboss-ed16c7a3699e4e401f23e3e7338d8546.png
Requested Url: https://www.spidasoftware.com/projectmanager/assets/fullwidth-712c8be92ed2438fa54c602fa4ead9de.css
Requested Url: https://www.spidasoftware.com/projectmanager/assets/fullwidth-712c8be92ed2438fa54c602fa4ead9de.css
Requested Url: https://www.spidasoftware.com/projectmanager/assets/layout/header-spidamin-e40ce1bb4403d5c7db28e7855d5c74d0.gif
Requested Url: https://www.spidasoftware.com/projectmanager/assets/layout/header-spidamin-e40ce1bb4403d5c7db28e7855d5c74d0.gif
Requested Url: https://www.spidasoftware.com/projectmanager/plugins/layout-3.7/images/16/user.png
Requested Url: https://www.spidasoftware.com/projectmanager/plugins/layout-3.7/images/16/user.png
Requested Url: https://www.spidasoftware.com/projectmanager/plugins/layout-3.7/images/32/user.png
Requested Url: https://www.spidasoftware.com/projectmanager/assets/ajax-loader-22e80548042a44cb9c0e053d56e5256c.gif
Requested Url: https://www.spidasoftware.com/projectmanager/plugins/layout-3.7/images/32/user.png
Requested Url: https://www.spidasoftware.com/projectmanager/assets/ajax-loader-22e80548042a44cb9c0e053d56e5256c.gif
Requested Url: https://www.spidasoftware.com/projectmanager/plugins/layout-3.7/images/16/comment.png
Requested Url: https://www.spidasoftware.com/projectmanager/plugins/layout-3.7/images/16/comment.png
Requested Url: https://www.spidasoftware.com/projectmanager/plugins/layout-3.7/images/16/config.png
Requested Url: https://www.spidasoftware.com/projectmanager/plugins/layout-3.7/images/16/config.png
Requested Url: https://www.spidasoftware.com/projectmanager/plugins/layout-3.7/images/16/logout.png
Requested Url: https://www.spidasoftware.com/projectmanager/plugins/layout-3.7/images/16/logout.png
Requested Url: https://www.spidasoftware.com/projectmanager/assets/menu_indicator-06e43d6d3f303158042880db8bd88a00.png
Requested Url: https://www.spidasoftware.com/projectmanager/assets/menu_indicator-06e43d6d3f303158042880db8bd88a00.png
Requested Url: https://www.spidasoftware.com/projectmanager/assets/Sawasdee-24fcdb41df7fca27205cfb13df8a78aa.ttf
Requested Url: https://www.spidasoftware.com/projectmanager/assets/16/calendar-f8cd1aa487b98cf09ba57257d68f8ae5.png
Requested Url: https://www.spidasoftware.com/projectmanager/assets/16/calendar-f8cd1aa487b98cf09ba57257d68f8ae5.png
Requested Url: https://www.spidasoftware.com/projectmanager/assets/16/pie-0250125d48a626c8fc53759e9ab40021.png
Requested Url: https://www.spidasoftware.com/projectmanager/assets/16/save-0eedd6a7239807cde0770a15dd42321b.png
Requested Url: https://www.spidasoftware.com/projectmanager/assets/16/finished-work-ad9d9abd2436e0648067a59fb689efe0.png
Requested Url: https://www.spidasoftware.com/projectmanager/assets/Sawasdee-Bold-e259f8084233a474a753b405642cbe67.ttf
Requested Url: https://www.spidasoftware.com/projectmanager/assets/16/pie-0250125d48a626c8fc53759e9ab40021.png
Requested Url: https://www.spidasoftware.com/projectmanager/assets/16/save-0eedd6a7239807cde0770a15dd42321b.png
Requested Url: https://www.spidasoftware.com/projectmanager/assets/16/finished-work-ad9d9abd2436e0648067a59fb689efe0.png
Requested Url: https://www.spidasoftware.com/projectmanager/assets/Sawasdee-24fcdb41df7fca27205cfb13df8a78aa.ttf
Requested Url: https://www.spidasoftware.com/projectmanager/assets/images/ui-bg_glass_75_e6e6e6_1x400-f4254356c2a8c9a383205ef2c4de22c4.png
Requested Url: https://www.spidasoftware.com/projectmanager/assets/images/ui-bg_glass_75_e6e6e6_1x400-f4254356c2a8c9a383205ef2c4de22c4.png
Requested Url: https://www.spidasoftware.com/projectmanager/assets/16/statistics-5ac61cbdfeb3383fed3cad7f2ab9feaf.png
ATMOSPHERE CANCELLED
Requested Url: https://www.spidasoftware.com/projectmanager/assets/16/statistics-5ac61cbdfeb3383fed3cad7f2ab9feaf.png
ATMOSPHERE CANCELLED
Requested Url: https://www.spidasoftware.com/projectmanager/assets/images/ui-bg_flat_75_ffffff_40x100-8692e6efddf882acbff144c38ea7dfdf.png
Requested Url: https://www.spidasoftware.com/projectmanager/assets/images/ui-bg_flat_75_ffffff_40x100-8692e6efddf882acbff144c38ea7dfdf.png
Requested Url: https://www.spidasoftware.com/projectmanager/assets/images/ui-icons_888888_256x240-9c46d7cab43e22a14bad26d2d4806d80.png
Requested Url: https://www.spidasoftware.com/projectmanager/assets/images/ui-icons_888888_256x240-9c46d7cab43e22a14bad26d2d4806d80.png
Requested Url: https://www.spidasoftware.com/projectmanager/assets/Sawasdee-Bold-e259f8084233a474a753b405642cbe67.ttf
Requested Url: https://www.spidasoftware.com/projectmanager/assets/images/ui-bg_glass_65_ffffff_1x400-e5a8f32e28fd5c27bf0fed33c8a8b9b5.png
Requested Url: https://www.spidasoftware.com/projectmanager/assets/images/ui-bg_glass_65_ffffff_1x400-e5a8f32e28fd5c27bf0fed33c8a8b9b5.png
Requested Url: https://www.spidasoftware.com/projectmanager/assets/images/ui-icons_222222_256x240-3f3acb42b0d2bfd5f39069b87803eebc.png
Requested Url: https://www.spidasoftware.com/projectmanager/assets/images/ui-icons_222222_256x240-3f3acb42b0d2bfd5f39069b87803eebc.png
?[32;1m[debug]?[0m [phantom] Successfully injected Casper client-side utilities
?[36m[info]?[0m [phantom] Step _step 4/13 https://www.spidasoftware.com/projectmanager/ (HTTP 200)
?[36m[info]?[0m [phantom] Step _step 4/13: done in 7630ms.
ATMOSPHERE CANCELLED
?[36m[info]?[0m [phantom] waitFor() finished in 41ms.
?[36m[info]?[0m [phantom] Step afterLogin 5/14 https://www.spidasoftware.com/projectmanager/ (HTTP 200)
Logged in successfully
?[36m[info]?[0m [phantom] Step afterLogin 5/14: done in 7688ms.
?[36m[info]?[0m [phantom] Step _step 6/14 https://www.spidasoftware.com/projectmanager/ (HTTP 200)
?[36m[info]?[0m [phantom] Step _step 6/14: done in 7708ms.
?[36m[info]?[0m [phantom] waitFor() finished in 44ms.
?[36m[info]?[0m [phantom] Step anonymous 7/15 https://www.spidasoftware.com/projectmanager/ (HTTP 200)
?[32;1m[debug]?[0m [phantom] Mouse event 'mousedown' on selector: xpath selector: //*[text()="DG2"]
?[32;1m[debug]?[0m [phantom] Mouse event 'mouseup' on selector: xpath selector: //*[text()="DG2"]
?[32;1m[debug]?[0m [phantom] Mouse event 'click' on selector: xpath selector: //*[text()="DG2"]
?[32;1m[debug]?[0m [phantom] Navigation requested: url=https://www.spidasoftware.com/projectmanager/#, type=LinkClicked, willNavigate=true, isMainFrame=true
?[32;1m[debug]?[0m [phantom] url changed to "https://www.spidasoftware.com/projectmanager/#"
?[36m[info]?[0m [phantom] Step anonymous 7/15: done in 7781ms.
?[32;1m[debug]?[0m [phantom] Navigation requested: url=https://www.spidasoftware.com/projectmanager/switchcompany, type=FormSubmitted, willNavigate=true, isMainFrame=true
ATMOSPHERE CANCELLED
?[33m[warning]?[0m [phantom] Loading resource failed with status=fail (HTTP 200): https://www.spidasoftware.com/projectmanager/switchcompany
Requested Url: https://www.spidasoftware.com/projectmanager/switchcompany
?[32;1m[debug]?[0m [phantom] Navigation requested: url=https://www.spidasoftware.com/projectmanager/dashboard/index, type=FormSubmitted, willNavigate=true, isMainFrame=true
Requested Url: https://www.spidasoftware.com/projectmanager/dashboard/index
?[32;1m[debug]?[0m [phantom] url changed to "https://www.spidasoftware.com/projectmanager/dashboard/index"
Requested Url: https://www.spidasoftware.com/projectmanager/dashboard/index
script timed out
?[32;1m[debug]?[0m [phantom] Successfully injected Casper client-side utilities
?[36m[info]?[0m [phantom] Step _step 8/15 https://www.spidasoftware.com/projectmanager/dashboard/index (HTTP 200)
?[36m[info]?[0m [phantom] Step _step 8/15: done in 10228ms.
Requested Url: https://www.spidasoftware.com/projectmanager/assets/fullwidth-712c8be92ed2438fa54c602fa4ead9de.css
Requested Url: https://www.spidasoftware.com/projectmanager/assets/fullwidth-712c8be92ed2438fa54c602fa4ead9de.css
?[36m[info]?[0m [phantom] waitFor() finished in 235ms.
?[36m[info]?[0m [phantom] Step anonymous 9/16 https://www.spidasoftware.com/projectmanager/dashboard/index (HTTP 200)
Logged in as: DG2
?[36m[info]?[0m [phantom] Step anonymous 9/16: done in 10465ms.
ATMOSPHERE CANCELLED
ATMOSPHERE CANCELLED
?[32;1m[debug]?[0m [phantom] opening url: https://www.spidasoftware.com/projectmanager/flow/list, HTTP GET
ATMOSPHERE CANCELLED
Requested Url: https://www.spidasoftware.com/projectmanager/assets/fullwidth-712c8be92ed2438fa54c602fa4ead9de.css
?[32;1m[debug]?[0m [phantom] Navigation requested: url=https://www.spidasoftware.com/projectmanager/flow/list, type=Other, willNavigate=true, isMainFrame=true
?[33m[warning]?[0m [phantom] Loading resource failed with status=fail (HTTP 200): https://www.spidasoftware.com/projectmanager/flow/list
Requested Url: https://www.spidasoftware.com/projectmanager/flow/list
?[32;1m[debug]?[0m [phantom] url changed to "https://www.spidasoftware.com/projectmanager/flow/list"
Requested Url: https://www.spidasoftware.com/projectmanager/flow/list
Requested Url: https://www.spidasoftware.com/projectmanager/assets/admin-d2fddd00cdd8169f120bbf2621fff730.css
Requested Url: https://www.spidasoftware.com/projectmanager/assets/admin-d2fddd00cdd8169f120bbf2621fff730.css
Requested Url: https://www.spidasoftware.com/projectmanager/assets/toolbar-d096400c9b5f99e9d2a8ca75f9f09bf1.css
Requested Url: https://www.spidasoftware.com/projectmanager/assets/pm-adcf40c25b31c001f8363843825c5028.css
Requested Url: https://www.spidasoftware.com/projectmanager/assets/toolbar-d096400c9b5f99e9d2a8ca75f9f09bf1.css
Requested Url: https://www.spidasoftware.com/projectmanager/assets/pm-adcf40c25b31c001f8363843825c5028.css
Requested Url: https://www.spidasoftware.com/projectmanager/assets/fullwidth-712c8be92ed2438fa54c602fa4ead9de.css
Requested Url: https://www.spidasoftware.com/projectmanager/assets/fullwidth-712c8be92ed2438fa54c602fa4ead9de.css
ATMOSPHERE CANCELLED
?[32;1m[debug]?[0m [phantom] Successfully injected Casper client-side utilities
?[36m[info]?[0m [phantom] Step openFlowList 11/16 https://www.spidasoftware.com/projectmanager/flow/list (HTTP 200)
Navigating to Flow List
?[36m[info]?[0m [phantom] Step openFlowList 11/16: done in 10759ms.
?[36m[info]?[0m [phantom] Step _step 12/16 https://www.spidasoftware.com/projectmanager/flow/list (HTTP 200)
?[36m[info]?[0m [phantom] Step _step 12/16: done in 10775ms.
Requested Url: https://www.spidasoftware.com/projectmanager/assets/layout/bg-wrapheader-dd414cb70b5a653f5972d469db7d19e7.gif
ATMOSPHERE CANCELLED
Requested Url: https://www.spidasoftware.com/projectmanager/assets/layout/bg-wrapheader-dd414cb70b5a653f5972d469db7d19e7.gif
Requested Url: https://www.spidasoftware.com/projectmanager/assets/16/plus-c3d7ac6de2f7bb771dd1561a04c9fc30.png
Requested Url: https://www.spidasoftware.com/projectmanager/assets/16/plus-c3d7ac6de2f7bb771dd1561a04c9fc30.png
?[36m[info]?[0m [phantom] waitFor() finished in 44ms.
Requested Url: https://www.spidasoftware.com/projectmanager/assets/default/sorted_asc-df23e44c4c4999383e95e9c8bf5da156.gif
Requested Url: https://www.spidasoftware.com/projectmanager/assets/default/sorted_asc-df23e44c4c4999383e95e9c8bf5da156.gif
Requested Url: https://www.spidasoftware.com/projectmanager/assets/fullwidth-712c8be92ed2438fa54c602fa4ead9de.css
Requested Url: https://www.spidasoftware.com/projectmanager/assets/fullwidth-712c8be92ed2438fa54c602fa4ead9de.css
?[36m[info]?[0m [phantom] Step clickFlow 13/17 https://www.spidasoftware.com/projectmanager/flow/list (HTTP 200)
Currently at: https://www.spidasoftware.com/projectmanager/flow/list
?[32;1m[debug]?[0m [phantom] Mouse event 'mousedown' on selector: xpath selector: //a[text()="North Carolina Make Ready Process"]
?[32;1m[debug]?[0m [phantom] Mouse event 'mouseup' on selector: xpath selector: //a[text()="North Carolina Make Ready Process"]
?[32;1m[debug]?[0m [phantom] Mouse event 'click' on selector: xpath selector: //a[text()="North Carolina Make Ready Process"]
?[32;1m[debug]?[0m [phantom] Navigation requested: url=https://www.spidasoftware.com/projectmanager/flow/edit/96853, type=LinkClicked, willNavigate=true, isMainFrame=true
ATMOSPHERE CANCELLED
?[36m[info]?[0m [phantom] Step clickFlow 13/17: done in 10849ms.
?[33m[warning]?[0m [phantom] Loading resource failed with status=fail (HTTP 200): https://www.spidasoftware.com/projectmanager/flow/edit/96853
Requested Url: https://www.spidasoftware.com/projectmanager/flow/edit/96853
?[32;1m[debug]?[0m [phantom] url changed to "https://www.spidasoftware.com/projectmanager/flow/edit/96853"
Requested Url: https://www.spidasoftware.com/projectmanager/flow/edit/96853
Requested Url: https://www.spidasoftware.com/projectmanager/assets/fullwidth-712c8be92ed2438fa54c602fa4ead9de.css
Requested Url: https://www.spidasoftware.com/projectmanager/assets/fullwidth-712c8be92ed2438fa54c602fa4ead9de.css
Requested Url: https://www.spidasoftware.com/projectmanager/assets/manifests/flow-head-db34cb9a3b5664d4e6849d969c2df599.js
Requested Url: https://www.spidasoftware.com/projectmanager/assets/manifests/flow-b89a5ec3639330a36d22d254f66d6096.css
Requested Url: https://www.spidasoftware.com/projectmanager/assets/manifests/flow-body-bad25f25c8303a2ef5f819e7f986267b.js
Requested Url: https://www.spidasoftware.com/projectmanager/assets/manifests/flow-b89a5ec3639330a36d22d254f66d6096.css
Requested Url: https://www.spidasoftware.com/projectmanager/assets/manifests/flow-body-bad25f25c8303a2ef5f819e7f986267b.js
Requested Url: https://www.spidasoftware.com/projectmanager/assets/manifests/flow-head-db34cb9a3b5664d4e6849d969c2df599.js
Requested Url: https://www.spidasoftware.com/projectmanager/assets/fullwidth-712c8be92ed2438fa54c602fa4ead9de.css
Requested Url: https://www.spidasoftware.com/projectmanager/assets/fullwidth-712c8be92ed2438fa54c602fa4ead9de.css
Requested Url: https://www.spidasoftware.com/projectmanager/images/100-90-5-monochrome.png
ATMOSPHERE CANCELLED
ATMOSPHERE CANCELLED
?[32;1m[debug]?[0m [phantom] Successfully injected Casper client-side utilities
?[36m[info]?[0m [phantom] Step _step 14/17 https://www.spidasoftware.com/projectmanager/flow/edit/96853 (HTTP 200)
?[36m[info]?[0m [phantom] Step _step 14/17: done in 11829ms.
Requested Url: https://www.spidasoftware.com/projectmanager/images/100-90-5-monochrome.png
ATMOSPHERE CANCELLED
Requested Url: https://www.spidasoftware.com/projectmanager/flow/flowEdit?id=96853
Requested Url: https://www.spidasoftware.com/projectmanager/flow/flowEdit?id=96853
Requested Url: data:image/svg+xml;base64,PHN2ZyB4bWxucz0iaHR0cDovL3d3dy53My5vcmcvMjAwMC9zdmciIHZlcnNpb249IjEuMSIgeD0iMTJweCIgeT0iMHB4IiB3aWR0aD0iMjRweCIgaGVpZ2h0PSIzcHgiIHZpZXdCb3g9IjAgMCA2IDMiIGVuYWJsZS1iYWNrZ3JvdW5kPSJuZXcgMCAwIDYgMyIgeG1sOnNwYWNlPSJwcmVzZXJ2ZSI+PHBvbHlnb24gcG9pbnRzPSI1Ljk5MiwwIDIuOTkyLDMgLTAuMDA4LDAgIi8+PC9zdmc+
Requested Url: data:image/svg+xml;base64,PHN2ZyB4bWxucz0iaHR0cDovL3d3dy53My5vcmcvMjAwMC9zdmciIHZlcnNpb249IjEuMSIgeD0iMTJweCIgeT0iMHB4IiB3aWR0aD0iMjRweCIgaGVpZ2h0PSIzcHgiIHZpZXdCb3g9IjAgMCA2IDMiIGVuYWJsZS1iYWNrZ3JvdW5kPSJuZXcgMCAwIDYgMyIgeG1sOnNwYWNlPSJwcmVzZXJ2ZSI+PHBvbHlnb24gcG9pbnRzPSI1Ljk5MiwwIDIuOTkyLDMgLTAuMDA4LDAgIi8+PC9zdmc+
Requested Url: https://www.spidasoftware.com/projectmanager/flow/visualJson?id=96853
?[36m[info]?[0m [phantom] waitFor() finished in 276ms.
?[36m[info]?[0m [phantom] Step getOrder 15/18 https://www.spidasoftware.com/projectmanager/flow/edit/96853 (HTTP 200)
?[36m[info]?[0m [phantom] Step getOrder 15/18: done in 12186ms.
Requested Url: https://www.spidasoftware.com/projectmanager/flow/visualJson?id=96853
?[36m[info]?[0m [phantom] Step _step 16/18 https://www.spidasoftware.com/projectmanager/flow/edit/96853 (HTTP 200)
?[36m[info]?[0m [phantom] Step _step 16/18: done in 15625ms.
Requested Url: https://www.spidasoftware.com/projectmanager/images/tools/delete.png
Requested Url: https://www.spidasoftware.com/projectmanager/images/tools/delete.png
Requested Url: https://www.spidasoftware.com/projectmanager/images/tools/edit.png
Requested Url: https://www.spidasoftware.com/projectmanager/images/tools/edit.png
Requested Url: https://www.spidasoftware.com/projectmanager/images/tools/add.png
Requested Url: https://www.spidasoftware.com/projectmanager/images/tools/add.png
Requested Url: https://www.spidasoftware.com/projectmanager/assets/jquery/chosen-sprite-25b9acb1b504c95c6b95c33986b7317e.png
Requested Url: https://www.spidasoftware.com/projectmanager/assets/jquery/chosen-sprite-25b9acb1b504c95c6b95c33986b7317e.png
?[36m[info]?[0m [phantom] wait() finished waiting for 2000ms.
Currently at: https://www.spidasoftware.com/projectmanager/flow/edit/96853
?[32;1m[debug]?[0m [phantom] Mouse event 'mousedown' on selector: #events_table>table>tbody>tr:nth-child(1)>td:nth-child(5)>a
?[32;1m[debug]?[0m [phantom] Mouse event 'mouseup' on selector: #events_table>table>tbody>tr:nth-child(1)>td:nth-child(5)>a
?[32;1m[debug]?[0m [phantom] Mouse event 'click' on selector: #events_table>table>tbody>tr:nth-child(1)>td:nth-child(5)>a
?[32;1m[debug]?[0m [phantom] Navigation requested: url=https://www.spidasoftware.com/projectmanager/flow/edit/96853#, type=LinkClicked, willNavigate=true, isMainFrame=true
?[32;1m[debug]?[0m [phantom] url changed to "https://www.spidasoftware.com/projectmanager/flow/edit/96853#"
?[36m[info]?[0m [phantom] Step _step 17/18 https://www.spidasoftware.com/projectmanager/flow/edit/96853# (HTTP 200)
?[36m[info]?[0m [phantom] Step _step 17/18: done in 17650ms.
Requested Url: https://www.spidasoftware.com/projectmanager/event/editEvent
Requested Url: https://www.spidasoftware.com/projectmanager/event/editEvent
Requested Url: https://www.spidasoftware.com/projectmanager/assets/16/no-d8558032ad0d69254d51fa76de993f0c.png
Requested Url: https://www.spidasoftware.com/projectmanager/assets/16/no-d8558032ad0d69254d51fa76de993f0c.png
?[36m[info]?[0m [phantom] waitFor() finished in 2093ms.
?[36m[info]?[0m [phantom] Step clickActionTab 18/19 https://www.spidasoftware.com/projectmanager/flow/edit/96853# (HTTP 200)
?[32;1m[debug]?[0m [phantom] Mouse event 'mousedown' on selector: form>div>div>dl>dd:nth-child(2)>a
?[32;1m[debug]?[0m [phantom] Mouse event 'mouseup' on selector: form>div>div>dl>dd:nth-child(2)>a
?[32;1m[debug]?[0m [phantom] Mouse event 'click' on selector: form>div>div>dl>dd:nth-child(2)>a
?[36m[info]?[0m [phantom] Step clickActionTab 18/19: done in 19775ms.
?[36m[info]?[0m [phantom] Step _step 19/19 https://www.spidasoftware.com/projectmanager/flow/edit/96853# (HTTP 200)
?[36m[info]?[0m [phantom] Step _step 19/19: done in 19782ms.
?[36m[info]?[0m [phantom] waitFor() finished in 3634ms.
?[36m[info]?[0m [phantom] Step chooseAnAction 20/20 https://www.spidasoftware.com/projectmanager/flow/edit/96853# (HTTP 200)
Capturing action: Assign Central Engineer Supervisor UG-Remove Others...
96857
Capturing action: Assign Creator-Remove Others...
96865
Capturing action: Assign Doug Everheart (need email address)...
97116
Capturing action: Assign Duke Construction UG-Don't Remove Others...
97112
Capturing action: Assign Duke Construction UG-Remove Others...
96863
Capturing action: Assign Duke Finance UG-Don't Remove Others...
96867
Capturing action: Assign Duke IJUS Usergroup-Don't Remove Others...
96860
Capturing action: Assign Engineer from Assign Engineer form-Don't Remove Others...
96859
Capturing action: Assign Engineer  from Assign Engineer Form-Remove Others...
97097
Capturing action: Assign EPC Engineer-From Form-Don't Remove Others...
97107
Capturing action: Assign EPC Engineer-From Form-Remove Others...
96856
Capturing action: Assign FOC Contractor From Form-Remove Others...
96858
Capturing action: Assign Mark Brooks (need email address)...
97115
Capturing action: Assign MRC Communication Contractor from App Form-Don't Remove Others...
97111
Capturing action: Assign MRC Communication Contractor from Application Form-Remove Others...
97109
Capturing action: Assign MRC Electric Contractor-Don't Remove Others...
97106
Capturing action: Assign MRE Contractor from form-Remove Others...
96854
Capturing action: Assign to Duke North Engineer Supervisor UG-Remove Others...
96855
Capturing action: Assign Waylon Blakely (need email address)...
97119
Capturing action: Email Assignees: IJUS Complete-No Conflicting Permits...
96868
Capturing action: Email Assignees: IJUS Review Complete-Conflicting Permits Found...
96870
Capturing action: Email Assignee(s): Project in Advance Route Review for 2 Weeks...
96864
Capturing action: Email Assignees: Project in Pole-by-Pole Review for 2 Weeks...
96869
Capturing action: Email Duke JU-Permit Authorized for Construction...
97113
Capturing action: Email EPC Design-From Form-Field Pole Survey Completed...
96861
Capturing action: Email EPC Engineer-Field Pole Survey Completed...
96862
Capturing action: Email EPC Engineer from form: FOC Installation Complete...
97092
Capturing action: Email EPC Engineer-Permit Authorized for Construction...
97114
Capturing action: Email Project Creator-Territory and Zone Mismatch...
97085
Capturing action: Populate Pole IDs in Pole Inventory FOrm...
96866
Capturing action: Remove Engineer From Assign Engineer Form...
97108
Capturing action: Set Stations to "Conflicting Permit Check"...
97074
Capturing action: Set Stations to Permit Check...
97075
?[36m[info]?[0m [phantom] Step chooseAnAction 20/20: done in 25025ms.
?[36m[info]?[0m [phantom] Step changeOnClickValue 21/86 https://www.spidasoftware.com/projectmanager/flow/edit/96853# (HTTP 200)
?[36m[info]?[0m [phantom] Step changeOnClickValue 21/86: done in 25066ms.
?[36m[info]?[0m [phantom] Step _step 22/86 https://www.spidasoftware.com/projectmanager/flow/edit/96853# (HTTP 200)
?[36m[info]?[0m [phantom] Step _step 22/86: done in 25085ms.
Requested Url: https://www.spidasoftware.com/projectmanager/action/editAction?id=96857
Requested Url: https://www.spidasoftware.com/projectmanager/action/editAction?id=96857
Requested Url: https://www.spidasoftware.com/projectmanager/assets/16/minus-7994d6aeef41ae69ed7c53869a22d015.png
Requested Url: https://www.spidasoftware.com/projectmanager/assets/16/minus-7994d6aeef41ae69ed7c53869a22d015.png
?[36m[info]?[0m [phantom] wait() finished waiting for 2000ms.
?[36m[info]?[0m [phantom] Step _step 23/87 https://www.spidasoftware.com/projectmanager/flow/edit/96853# (HTTP 200)
?[36m[info]?[0m [phantom] Step _step 23/87: done in 27091ms.
?[36m[info]?[0m [phantom] waitFor() finished in 41ms.
?[36m[info]?[0m [phantom] Step waitedForJavascript 24/88 https://www.spidasoftware.com/projectmanager/flow/edit/96853# (HTTP 200)
?[32;1m[debug]?[0m [phantom] Capturing page to /Users/zpeugh/code/min/scripts/flowdocument/pngs/Assign Central Engineer Supervisor UG-Remove Others.png
?[36m[info]?[0m [phantom] Capture saved to /Users/zpeugh/code/min/scripts/flowdocument/pngs/Assign Central Engineer Supervisor UG-Remove Others.png
Captured action: Assign Central Engineer Supervisor UG-Remove Others
?[36m[info]?[0m [phantom] Step waitedForJavascript 24/88: done in 27632ms.
?[36m[info]?[0m [phantom] Step changeOnClickValue 25/88 https://www.spidasoftware.com/projectmanager/flow/edit/96853# (HTTP 200)
?[36m[info]?[0m [phantom] Step changeOnClickValue 25/88: done in 27756ms.
?[36m[info]?[0m [phantom] Step _step 26/88 https://www.spidasoftware.com/projectmanager/flow/edit/96853# (HTTP 200)
?[36m[info]?[0m [phantom] Step _step 26/88: done in 27802ms.
Requested Url: https://www.spidasoftware.com/projectmanager/action/editAction?id=96865
Requested Url: https://www.spidasoftware.com/projectmanager/action/editAction?id=96865
?[36m[info]?[0m [phantom] wait() finished waiting for 2000ms.
?[36m[info]?[0m [phantom] Step _step 27/89 https://www.spidasoftware.com/projectmanager/flow/edit/96853# (HTTP 200)
?[36m[info]?[0m [phantom] Step _step 27/89: done in 29815ms.
?[36m[info]?[0m [phantom] waitFor() finished in 40ms.
?[36m[info]?[0m [phantom] Step waitedForJavascript 28/90 https://www.spidasoftware.com/projectmanager/flow/edit/96853# (HTTP 200)
?[32;1m[debug]?[0m [phantom] Capturing page to /Users/zpeugh/code/min/scripts/flowdocument/pngs/Assign Creator-Remove Others.png
?[36m[info]?[0m [phantom] Capture saved to /Users/zpeugh/code/min/scripts/flowdocument/pngs/Assign Creator-Remove Others.png
Captured action: Assign Creator-Remove Others
?[36m[info]?[0m [phantom] Step waitedForJavascript 28/90: done in 30231ms.
?[36m[info]?[0m [phantom] Step changeOnClickValue 29/90 https://www.spidasoftware.com/projectmanager/flow/edit/96853# (HTTP 200)
?[36m[info]?[0m [phantom] Step changeOnClickValue 29/90: done in 30234ms.
?[36m[info]?[0m [phantom] Step _step 30/90 https://www.spidasoftware.com/projectmanager/flow/edit/96853# (HTTP 200)
?[36m[info]?[0m [phantom] Step _step 30/90: done in 30357ms.
Requested Url: https://www.spidasoftware.com/projectmanager/action/editAction?id=97116
Requested Url: https://www.spidasoftware.com/projectmanager/action/editAction?id=97116
?[36m[info]?[0m [phantom] wait() finished waiting for 2000ms.
?[36m[info]?[0m [phantom] Step _step 31/91 https://www.spidasoftware.com/projectmanager/flow/edit/96853# (HTTP 200)
?[36m[info]?[0m [phantom] Step _step 31/91: done in 32361ms.
?[36m[info]?[0m [phantom] waitFor() finished in 40ms.
?[36m[info]?[0m [phantom] Step waitedForJavascript 32/92 https://www.spidasoftware.com/projectmanager/flow/edit/96853# (HTTP 200)
?[32;1m[debug]?[0m [phantom] Capturing page to /Users/zpeugh/code/min/scripts/flowdocument/pngs/Assign Doug Everheart (need email address).png
?[36m[info]?[0m [phantom] Capture saved to /Users/zpeugh/code/min/scripts/flowdocument/pngs/Assign Doug Everheart (need email address).png
Captured action: Assign Doug Everheart (need email address)
?[36m[info]?[0m [phantom] Step waitedForJavascript 32/92: done in 32833ms.
?[36m[info]?[0m [phantom] Step changeOnClickValue 33/92 https://www.spidasoftware.com/projectmanager/flow/edit/96853# (HTTP 200)
?[36m[info]?[0m [phantom] Step changeOnClickValue 33/92: done in 32835ms.
?[36m[info]?[0m [phantom] Step _step 34/92 https://www.spidasoftware.com/projectmanager/flow/edit/96853# (HTTP 200)
?[36m[info]?[0m [phantom] Step _step 34/92: done in 32964ms.
Requested Url: https://www.spidasoftware.com/projectmanager/action/editAction?id=97112
Requested Url: https://www.spidasoftware.com/projectmanager/action/editAction?id=97112
?[36m[info]?[0m [phantom] wait() finished waiting for 2000ms.
?[36m[info]?[0m [phantom] Step _step 35/93 https://www.spidasoftware.com/projectmanager/flow/edit/96853# (HTTP 200)
?[36m[info]?[0m [phantom] Step _step 35/93: done in 34965ms.
?[36m[info]?[0m [phantom] waitFor() finished in 40ms.
?[36m[info]?[0m [phantom] Step waitedForJavascript 36/94 https://www.spidasoftware.com/projectmanager/flow/edit/96853# (HTTP 200)
?[32;1m[debug]?[0m [phantom] Capturing page to /Users/zpeugh/code/min/scripts/flowdocument/pngs/Assign Duke Construction UG-Don't Remove Others.png
?[36m[info]?[0m [phantom] Capture saved to /Users/zpeugh/code/min/scripts/flowdocument/pngs/Assign Duke Construction UG-Don't Remove Others.png
Captured action: Assign Duke Construction UG-Don't Remove Others
?[36m[info]?[0m [phantom] Step waitedForJavascript 36/94: done in 35393ms.
?[36m[info]?[0m [phantom] Step changeOnClickValue 37/94 https://www.spidasoftware.com/projectmanager/flow/edit/96853# (HTTP 200)
?[36m[info]?[0m [phantom] Step changeOnClickValue 37/94: done in 35395ms.
?[36m[info]?[0m [phantom] Step _step 38/94 https://www.spidasoftware.com/projectmanager/flow/edit/96853# (HTTP 200)
?[36m[info]?[0m [phantom] Step _step 38/94: done in 35529ms.
Requested Url: https://www.spidasoftware.com/projectmanager/action/editAction?id=96863
Requested Url: https://www.spidasoftware.com/projectmanager/action/editAction?id=96863
?[36m[info]?[0m [phantom] wait() finished waiting for 2000ms.
?[36m[info]?[0m [phantom] Step _step 39/95 https://www.spidasoftware.com/projectmanager/flow/edit/96853# (HTTP 200)
?[36m[info]?[0m [phantom] Step _step 39/95: done in 37554ms.
?[36m[info]?[0m [phantom] waitFor() finished in 41ms.
?[36m[info]?[0m [phantom] Step waitedForJavascript 40/96 https://www.spidasoftware.com/projectmanager/flow/edit/96853# (HTTP 200)
?[32;1m[debug]?[0m [phantom] Capturing page to /Users/zpeugh/code/min/scripts/flowdocument/pngs/Assign Duke Construction UG-Remove Others.png
?[36m[info]?[0m [phantom] Capture saved to /Users/zpeugh/code/min/scripts/flowdocument/pngs/Assign Duke Construction UG-Remove Others.png
Captured action: Assign Duke Construction UG-Remove Others
?[36m[info]?[0m [phantom] Step waitedForJavascript 40/96: done in 37977ms.
?[36m[info]?[0m [phantom] Step changeOnClickValue 41/96 https://www.spidasoftware.com/projectmanager/flow/edit/96853# (HTTP 200)
?[36m[info]?[0m [phantom] Step changeOnClickValue 41/96: done in 37979ms.
?[36m[info]?[0m [phantom] Step _step 42/96 https://www.spidasoftware.com/projectmanager/flow/edit/96853# (HTTP 200)
?[36m[info]?[0m [phantom] Step _step 42/96: done in 38110ms.
Requested Url: https://www.spidasoftware.com/projectmanager/action/editAction?id=96867
Requested Url: https://www.spidasoftware.com/projectmanager/action/editAction?id=96867
?[36m[info]?[0m [phantom] wait() finished waiting for 2000ms.
?[36m[info]?[0m [phantom] Step _step 43/97 https://www.spidasoftware.com/projectmanager/flow/edit/96853# (HTTP 200)
?[36m[info]?[0m [phantom] Step _step 43/97: done in 40127ms.
?[36m[info]?[0m [phantom] waitFor() finished in 42ms.
?[36m[info]?[0m [phantom] Step waitedForJavascript 44/98 https://www.spidasoftware.com/projectmanager/flow/edit/96853# (HTTP 200)
?[32;1m[debug]?[0m [phantom] Capturing page to /Users/zpeugh/code/min/scripts/flowdocument/pngs/Assign Duke Finance UG-Don't Remove Others.png
?[36m[info]?[0m [phantom] Capture saved to /Users/zpeugh/code/min/scripts/flowdocument/pngs/Assign Duke Finance UG-Don't Remove Others.png
Captured action: Assign Duke Finance UG-Don't Remove Others
?[36m[info]?[0m [phantom] Step waitedForJavascript 44/98: done in 40581ms.
?[36m[info]?[0m [phantom] Step changeOnClickValue 45/98 https://www.spidasoftware.com/projectmanager/flow/edit/96853# (HTTP 200)
?[36m[info]?[0m [phantom] Step changeOnClickValue 45/98: done in 40583ms.
?[36m[info]?[0m [phantom] Step _step 46/98 https://www.spidasoftware.com/projectmanager/flow/edit/96853# (HTTP 200)
?[36m[info]?[0m [phantom] Step _step 46/98: done in 40708ms.
Requested Url: https://www.spidasoftware.com/projectmanager/action/editAction?id=96860
Requested Url: https://www.spidasoftware.com/projectmanager/action/editAction?id=96860
ATMOSPHERE CANCELLED
?[36m[info]?[0m [phantom] wait() finished waiting for 2000ms.
?[36m[info]?[0m [phantom] Step _step 47/99 https://www.spidasoftware.com/projectmanager/flow/edit/96853# (HTTP 200)
?[36m[info]?[0m [phantom] Step _step 47/99: done in 42729ms.
ATMOSPHERE CANCELLED
?[36m[info]?[0m [phantom] waitFor() finished in 41ms.
?[36m[info]?[0m [phantom] Step waitedForJavascript 48/100 https://www.spidasoftware.com/projectmanager/flow/edit/96853# (HTTP 200)
?[32;1m[debug]?[0m [phantom] Capturing page to /Users/zpeugh/code/min/scripts/flowdocument/pngs/Assign Duke IJUS Usergroup-Don't Remove Others.png
?[36m[info]?[0m [phantom] Capture saved to /Users/zpeugh/code/min/scripts/flowdocument/pngs/Assign Duke IJUS Usergroup-Don't Remove Others.png
Captured action: Assign Duke IJUS Usergroup-Don't Remove Others
?[36m[info]?[0m [phantom] Step waitedForJavascript 48/100: done in 43145ms.
?[36m[info]?[0m [phantom] Step changeOnClickValue 49/100 https://www.spidasoftware.com/projectmanager/flow/edit/96853# (HTTP 200)
?[36m[info]?[0m [phantom] Step changeOnClickValue 49/100: done in 43147ms.
?[36m[info]?[0m [phantom] Step _step 50/100 https://www.spidasoftware.com/projectmanager/flow/edit/96853# (HTTP 200)
?[36m[info]?[0m [phantom] Step _step 50/100: done in 43271ms.
Requested Url: https://www.spidasoftware.com/projectmanager/action/editAction?id=96859
Requested Url: https://www.spidasoftware.com/projectmanager/action/editAction?id=96859
?[36m[info]?[0m [phantom] wait() finished waiting for 2000ms.
?[36m[info]?[0m [phantom] Step _step 51/101 https://www.spidasoftware.com/projectmanager/flow/edit/96853# (HTTP 200)
?[36m[info]?[0m [phantom] Step _step 51/101: done in 45288ms.
?[36m[info]?[0m [phantom] waitFor() finished in 41ms.
?[36m[info]?[0m [phantom] Step waitedForJavascript 52/102 https://www.spidasoftware.com/projectmanager/flow/edit/96853# (HTTP 200)
?[32;1m[debug]?[0m [phantom] Capturing page to /Users/zpeugh/code/min/scripts/flowdocument/pngs/Assign Engineer from Assign Engineer form-Don't Remove Others.png
?[36m[info]?[0m [phantom] Capture saved to /Users/zpeugh/code/min/scripts/flowdocument/pngs/Assign Engineer from Assign Engineer form-Don't Remove Others.png
Captured action: Assign Engineer from Assign Engineer form-Don't Remove Others
?[36m[info]?[0m [phantom] Step waitedForJavascript 52/102: done in 45708ms.
?[36m[info]?[0m [phantom] Step changeOnClickValue 53/102 https://www.spidasoftware.com/projectmanager/flow/edit/96853# (HTTP 200)
?[36m[info]?[0m [phantom] Step changeOnClickValue 53/102: done in 45710ms.
?[36m[info]?[0m [phantom] Step _step 54/102 https://www.spidasoftware.com/projectmanager/flow/edit/96853# (HTTP 200)
?[36m[info]?[0m [phantom] Step _step 54/102: done in 45834ms.
Requested Url: https://www.spidasoftware.com/projectmanager/action/editAction?id=97097
Requested Url: https://www.spidasoftware.com/projectmanager/action/editAction?id=97097
?[36m[info]?[0m [phantom] wait() finished waiting for 2000ms.
?[36m[info]?[0m [phantom] Step _step 55/103 https://www.spidasoftware.com/projectmanager/flow/edit/96853# (HTTP 200)
?[36m[info]?[0m [phantom] Step _step 55/103: done in 47847ms.
?[36m[info]?[0m [phantom] waitFor() finished in 40ms.
?[36m[info]?[0m [phantom] Step waitedForJavascript 56/104 https://www.spidasoftware.com/projectmanager/flow/edit/96853# (HTTP 200)
?[32;1m[debug]?[0m [phantom] Capturing page to /Users/zpeugh/code/min/scripts/flowdocument/pngs/Assign Engineer  from Assign Engineer Form-Remove Others.png
?[36m[info]?[0m [phantom] Capture saved to /Users/zpeugh/code/min/scripts/flowdocument/pngs/Assign Engineer  from Assign Engineer Form-Remove Others.png
Captured action: Assign Engineer  from Assign Engineer Form-Remove Others
?[36m[info]?[0m [phantom] Step waitedForJavascript 56/104: done in 48262ms.
?[36m[info]?[0m [phantom] Step changeOnClickValue 57/104 https://www.spidasoftware.com/projectmanager/flow/edit/96853# (HTTP 200)
?[36m[info]?[0m [phantom] Step changeOnClickValue 57/104: done in 48264ms.
?[36m[info]?[0m [phantom] Step _step 58/104 https://www.spidasoftware.com/projectmanager/flow/edit/96853# (HTTP 200)
?[36m[info]?[0m [phantom] Step _step 58/104: done in 48400ms.
Requested Url: https://www.spidasoftware.com/projectmanager/action/editAction?id=97107
Requested Url: https://www.spidasoftware.com/projectmanager/action/editAction?id=97107
?[36m[info]?[0m [phantom] wait() finished waiting for 2000ms.
?[36m[info]?[0m [phantom] Step _step 59/105 https://www.spidasoftware.com/projectmanager/flow/edit/96853# (HTTP 200)
?[36m[info]?[0m [phantom] Step _step 59/105: done in 50412ms.
?[36m[info]?[0m [phantom] waitFor() finished in 41ms.
?[36m[info]?[0m [phantom] Step waitedForJavascript 60/106 https://www.spidasoftware.com/projectmanager/flow/edit/96853# (HTTP 200)
?[32;1m[debug]?[0m [phantom] Capturing page to /Users/zpeugh/code/min/scripts/flowdocument/pngs/Assign EPC Engineer-From Form-Don't Remove Others.png
?[36m[info]?[0m [phantom] Capture saved to /Users/zpeugh/code/min/scripts/flowdocument/pngs/Assign EPC Engineer-From Form-Don't Remove Others.png
Captured action: Assign EPC Engineer-From Form-Don't Remove Others
?[36m[info]?[0m [phantom] Step waitedForJavascript 60/106: done in 50893ms.
?[36m[info]?[0m [phantom] Step changeOnClickValue 61/106 https://www.spidasoftware.com/projectmanager/flow/edit/96853# (HTTP 200)
?[36m[info]?[0m [phantom] Step changeOnClickValue 61/106: done in 50896ms.
Requested Url: https://www.spidasoftware.com/projectmanager/action/editAction?id=96856
Requested Url: https://www.spidasoftware.com/projectmanager/action/editAction?id=96856
?[36m[info]?[0m [phantom] Step _step 62/106 https://www.spidasoftware.com/projectmanager/flow/edit/96853# (HTTP 200)
?[36m[info]?[0m [phantom] Step _step 62/106: done in 51027ms.
?[36m[info]?[0m [phantom] wait() finished waiting for 2000ms.
?[36m[info]?[0m [phantom] Step _step 63/107 https://www.spidasoftware.com/projectmanager/flow/edit/96853# (HTTP 200)
?[36m[info]?[0m [phantom] Step _step 63/107: done in 53041ms.
?[36m[info]?[0m [phantom] waitFor() finished in 43ms.
?[36m[info]?[0m [phantom] Step waitedForJavascript 64/108 https://www.spidasoftware.com/projectmanager/flow/edit/96853# (HTTP 200)
?[32;1m[debug]?[0m [phantom] Capturing page to /Users/zpeugh/code/min/scripts/flowdocument/pngs/Assign EPC Engineer-From Form-Remove Others.png
?[36m[info]?[0m [phantom] Capture saved to /Users/zpeugh/code/min/scripts/flowdocument/pngs/Assign EPC Engineer-From Form-Remove Others.png
Captured action: Assign EPC Engineer-From Form-Remove Others
?[36m[info]?[0m [phantom] Step waitedForJavascript 64/108: done in 53459ms.
?[36m[info]?[0m [phantom] Step changeOnClickValue 65/108 https://www.spidasoftware.com/projectmanager/flow/edit/96853# (HTTP 200)
?[36m[info]?[0m [phantom] Step changeOnClickValue 65/108: done in 53462ms.
?[36m[info]?[0m [phantom] Step _step 66/108 https://www.spidasoftware.com/projectmanager/flow/edit/96853# (HTTP 200)
?[36m[info]?[0m [phantom] Step _step 66/108: done in 53590ms.
Requested Url: https://www.spidasoftware.com/projectmanager/action/editAction?id=96858
Requested Url: https://www.spidasoftware.com/projectmanager/action/editAction?id=96858
?[36m[info]?[0m [phantom] wait() finished waiting for 2000ms.
?[36m[info]?[0m [phantom] Step _step 67/109 https://www.spidasoftware.com/projectmanager/flow/edit/96853# (HTTP 200)
?[36m[info]?[0m [phantom] Step _step 67/109: done in 55605ms.
?[36m[info]?[0m [phantom] waitFor() finished in 40ms.
?[36m[info]?[0m [phantom] Step waitedForJavascript 68/110 https://www.spidasoftware.com/projectmanager/flow/edit/96853# (HTTP 200)
?[32;1m[debug]?[0m [phantom] Capturing page to /Users/zpeugh/code/min/scripts/flowdocument/pngs/Assign FOC Contractor From Form-Remove Others.png
?[36m[info]?[0m [phantom] Capture saved to /Users/zpeugh/code/min/scripts/flowdocument/pngs/Assign FOC Contractor From Form-Remove Others.png
Captured action: Assign FOC Contractor From Form-Remove Others
?[36m[info]?[0m [phantom] Step waitedForJavascript 68/110: done in 56022ms.
?[36m[info]?[0m [phantom] Step changeOnClickValue 69/110 https://www.spidasoftware.com/projectmanager/flow/edit/96853# (HTTP 200)
?[36m[info]?[0m [phantom] Step changeOnClickValue 69/110: done in 56024ms.
?[36m[info]?[0m [phantom] Step _step 70/110 https://www.spidasoftware.com/projectmanager/flow/edit/96853# (HTTP 200)
?[36m[info]?[0m [phantom] Step _step 70/110: done in 56153ms.
Requested Url: https://www.spidasoftware.com/projectmanager/action/editAction?id=97115
Requested Url: https://www.spidasoftware.com/projectmanager/action/editAction?id=97115
?[36m[info]?[0m [phantom] wait() finished waiting for 2000ms.
?[36m[info]?[0m [phantom] Step _step 71/111 https://www.spidasoftware.com/projectmanager/flow/edit/96853# (HTTP 200)
?[36m[info]?[0m [phantom] Step _step 71/111: done in 58157ms.
?[36m[info]?[0m [phantom] waitFor() finished in 41ms.
?[36m[info]?[0m [phantom] Step waitedForJavascript 72/112 https://www.spidasoftware.com/projectmanager/flow/edit/96853# (HTTP 200)
?[32;1m[debug]?[0m [phantom] Capturing page to /Users/zpeugh/code/min/scripts/flowdocument/pngs/Assign Mark Brooks (need email address).png
?[36m[info]?[0m [phantom] Capture saved to /Users/zpeugh/code/min/scripts/flowdocument/pngs/Assign Mark Brooks (need email address).png
Captured action: Assign Mark Brooks (need email address)
?[36m[info]?[0m [phantom] Step waitedForJavascript 72/112: done in 58578ms.
?[36m[info]?[0m [phantom] Step changeOnClickValue 73/112 https://www.spidasoftware.com/projectmanager/flow/edit/96853# (HTTP 200)
?[36m[info]?[0m [phantom] Step changeOnClickValue 73/112: done in 58581ms.
Requested Url: https://www.spidasoftware.com/projectmanager/action/editAction?id=97111
Requested Url: https://www.spidasoftware.com/projectmanager/action/editAction?id=97111
?[36m[info]?[0m [phantom] Step _step 74/112 https://www.spidasoftware.com/projectmanager/flow/edit/96853# (HTTP 200)
?[36m[info]?[0m [phantom] Step _step 74/112: done in 58715ms.
?[36m[info]?[0m [phantom] wait() finished waiting for 2000ms.
?[36m[info]?[0m [phantom] Step _step 75/113 https://www.spidasoftware.com/projectmanager/flow/edit/96853# (HTTP 200)
?[36m[info]?[0m [phantom] Step _step 75/113: done in 60727ms.
?[36m[info]?[0m [phantom] waitFor() finished in 43ms.
?[36m[info]?[0m [phantom] Step waitedForJavascript 76/114 https://www.spidasoftware.com/projectmanager/flow/edit/96853# (HTTP 200)
?[32;1m[debug]?[0m [phantom] Capturing page to /Users/zpeugh/code/min/scripts/flowdocument/pngs/Assign MRC Communication Contractor from App Form-Don't Remove Others.png
?[36m[info]?[0m [phantom] Capture saved to /Users/zpeugh/code/min/scripts/flowdocument/pngs/Assign MRC Communication Contractor from App Form-Don't Remove Others.png
Captured action: Assign MRC Communication Contractor from App Form-Don't Remove Others
?[36m[info]?[0m [phantom] Step waitedForJavascript 76/114: done in 61149ms.
?[36m[info]?[0m [phantom] Step changeOnClickValue 77/114 https://www.spidasoftware.com/projectmanager/flow/edit/96853# (HTTP 200)
?[36m[info]?[0m [phantom] Step changeOnClickValue 77/114: done in 61151ms.
Requested Url: https://www.spidasoftware.com/projectmanager/action/editAction?id=97109
Requested Url: https://www.spidasoftware.com/projectmanager/action/editAction?id=97109
?[36m[info]?[0m [phantom] Step _step 78/114 https://www.spidasoftware.com/projectmanager/flow/edit/96853# (HTTP 200)
?[36m[info]?[0m [phantom] Step _step 78/114: done in 61284ms.
?[36m[info]?[0m [phantom] wait() finished waiting for 2000ms.
?[36m[info]?[0m [phantom] Step _step 79/115 https://www.spidasoftware.com/projectmanager/flow/edit/96853# (HTTP 200)
?[36m[info]?[0m [phantom] Step _step 79/115: done in 63304ms.
?[36m[info]?[0m [phantom] waitFor() finished in 41ms.
?[36m[info]?[0m [phantom] Step waitedForJavascript 80/116 https://www.spidasoftware.com/projectmanager/flow/edit/96853# (HTTP 200)
?[32;1m[debug]?[0m [phantom] Capturing page to /Users/zpeugh/code/min/scripts/flowdocument/pngs/Assign MRC Communication Contractor from Application Form-Remove Others.png
?[36m[info]?[0m [phantom] Capture saved to /Users/zpeugh/code/min/scripts/flowdocument/pngs/Assign MRC Communication Contractor from Application Form-Remove Others.png
Captured action: Assign MRC Communication Contractor from Application Form-Remove Others
?[36m[info]?[0m [phantom] Step waitedForJavascript 80/116: done in 63778ms.
?[36m[info]?[0m [phantom] Step changeOnClickValue 81/116 https://www.spidasoftware.com/projectmanager/flow/edit/96853# (HTTP 200)
?[36m[info]?[0m [phantom] Step changeOnClickValue 81/116: done in 63781ms.
?[36m[info]?[0m [phantom] Step _step 82/116 https://www.spidasoftware.com/projectmanager/flow/edit/96853# (HTTP 200)
?[36m[info]?[0m [phantom] Step _step 82/116: done in 63904ms.
Requested Url: https://www.spidasoftware.com/projectmanager/action/editAction?id=97106
Requested Url: https://www.spidasoftware.com/projectmanager/action/editAction?id=97106
?[36m[info]?[0m [phantom] wait() finished waiting for 2000ms.
?[36m[info]?[0m [phantom] Step _step 83/117 https://www.spidasoftware.com/projectmanager/flow/edit/96853# (HTTP 200)
?[36m[info]?[0m [phantom] Step _step 83/117: done in 65906ms.
?[36m[info]?[0m [phantom] waitFor() finished in 42ms.
?[36m[info]?[0m [phantom] Step waitedForJavascript 84/118 https://www.spidasoftware.com/projectmanager/flow/edit/96853# (HTTP 200)
?[32;1m[debug]?[0m [phantom] Capturing page to /Users/zpeugh/code/min/scripts/flowdocument/pngs/Assign MRC Electric Contractor-Don't Remove Others.png
?[36m[info]?[0m [phantom] Capture saved to /Users/zpeugh/code/min/scripts/flowdocument/pngs/Assign MRC Electric Contractor-Don't Remove Others.png
Captured action: Assign MRC Electric Contractor-Don't Remove Others
?[36m[info]?[0m [phantom] Step waitedForJavascript 84/118: done in 66328ms.
?[36m[info]?[0m [phantom] Step changeOnClickValue 85/118 https://www.spidasoftware.com/projectmanager/flow/edit/96853# (HTTP 200)
?[36m[info]?[0m [phantom] Step changeOnClickValue 85/118: done in 66330ms.
?[36m[info]?[0m [phantom] Step _step 86/118 https://www.spidasoftware.com/projectmanager/flow/edit/96853# (HTTP 200)
?[36m[info]?[0m [phantom] Step _step 86/118: done in 66460ms.
Requested Url: https://www.spidasoftware.com/projectmanager/action/editAction?id=96854
Requested Url: https://www.spidasoftware.com/projectmanager/action/editAction?id=96854
?[36m[info]?[0m [phantom] wait() finished waiting for 2000ms.
?[36m[info]?[0m [phantom] Step _step 87/119 https://www.spidasoftware.com/projectmanager/flow/edit/96853# (HTTP 200)
?[36m[info]?[0m [phantom] Step _step 87/119: done in 68472ms.
?[36m[info]?[0m [phantom] waitFor() finished in 41ms.
?[36m[info]?[0m [phantom] Step waitedForJavascript 88/120 https://www.spidasoftware.com/projectmanager/flow/edit/96853# (HTTP 200)
?[32;1m[debug]?[0m [phantom] Capturing page to /Users/zpeugh/code/min/scripts/flowdocument/pngs/Assign MRE Contractor from form-Remove Others.png
?[36m[info]?[0m [phantom] Capture saved to /Users/zpeugh/code/min/scripts/flowdocument/pngs/Assign MRE Contractor from form-Remove Others.png
Captured action: Assign MRE Contractor from form-Remove Others
?[36m[info]?[0m [phantom] Step waitedForJavascript 88/120: done in 68890ms.
?[36m[info]?[0m [phantom] Step changeOnClickValue 89/120 https://www.spidasoftware.com/projectmanager/flow/edit/96853# (HTTP 200)
?[36m[info]?[0m [phantom] Step changeOnClickValue 89/120: done in 68892ms.
?[36m[info]?[0m [phantom] Step _step 90/120 https://www.spidasoftware.com/projectmanager/flow/edit/96853# (HTTP 200)
?[36m[info]?[0m [phantom] Step _step 90/120: done in 69016ms.
Requested Url: https://www.spidasoftware.com/projectmanager/action/editAction?id=96855
Requested Url: https://www.spidasoftware.com/projectmanager/action/editAction?id=96855
?[36m[info]?[0m [phantom] wait() finished waiting for 2000ms.
?[36m[info]?[0m [phantom] Step _step 91/121 https://www.spidasoftware.com/projectmanager/flow/edit/96853# (HTTP 200)
?[36m[info]?[0m [phantom] Step _step 91/121: done in 71036ms.
?[36m[info]?[0m [phantom] waitFor() finished in 41ms.
?[36m[info]?[0m [phantom] Step waitedForJavascript 92/122 https://www.spidasoftware.com/projectmanager/flow/edit/96853# (HTTP 200)
?[32;1m[debug]?[0m [phantom] Capturing page to /Users/zpeugh/code/min/scripts/flowdocument/pngs/Assign to Duke North Engineer Supervisor UG-Remove Others.png
?[36m[info]?[0m [phantom] Capture saved to /Users/zpeugh/code/min/scripts/flowdocument/pngs/Assign to Duke North Engineer Supervisor UG-Remove Others.png
Captured action: Assign to Duke North Engineer Supervisor UG-Remove Others
?[36m[info]?[0m [phantom] Step waitedForJavascript 92/122: done in 71456ms.
?[36m[info]?[0m [phantom] Step changeOnClickValue 93/122 https://www.spidasoftware.com/projectmanager/flow/edit/96853# (HTTP 200)
?[36m[info]?[0m [phantom] Step changeOnClickValue 93/122: done in 71458ms.
Requested Url: https://www.spidasoftware.com/projectmanager/action/editAction?id=97119
Requested Url: https://www.spidasoftware.com/projectmanager/action/editAction?id=97119
?[36m[info]?[0m [phantom] Step _step 94/122 https://www.spidasoftware.com/projectmanager/flow/edit/96853# (HTTP 200)
?[36m[info]?[0m [phantom] Step _step 94/122: done in 71593ms.
?[36m[info]?[0m [phantom] wait() finished waiting for 2000ms.
?[36m[info]?[0m [phantom] Step _step 95/123 https://www.spidasoftware.com/projectmanager/flow/edit/96853# (HTTP 200)
?[36m[info]?[0m [phantom] Step _step 95/123: done in 73600ms.
?[36m[info]?[0m [phantom] waitFor() finished in 40ms.
?[36m[info]?[0m [phantom] Step waitedForJavascript 96/124 https://www.spidasoftware.com/projectmanager/flow/edit/96853# (HTTP 200)
?[32;1m[debug]?[0m [phantom] Capturing page to /Users/zpeugh/code/min/scripts/flowdocument/pngs/Assign Waylon Blakely (need email address).png
?[36m[info]?[0m [phantom] Capture saved to /Users/zpeugh/code/min/scripts/flowdocument/pngs/Assign Waylon Blakely (need email address).png
Captured action: Assign Waylon Blakely (need email address)
?[36m[info]?[0m [phantom] Step waitedForJavascript 96/124: done in 74015ms.
?[36m[info]?[0m [phantom] Step changeOnClickValue 97/124 https://www.spidasoftware.com/projectmanager/flow/edit/96853# (HTTP 200)
?[36m[info]?[0m [phantom] Step changeOnClickValue 97/124: done in 74018ms.
Requested Url: https://www.spidasoftware.com/projectmanager/action/editAction?id=96868
Requested Url: https://www.spidasoftware.com/projectmanager/action/editAction?id=96868
?[36m[info]?[0m [phantom] Step _step 98/124 https://www.spidasoftware.com/projectmanager/flow/edit/96853# (HTTP 200)
?[36m[info]?[0m [phantom] Step _step 98/124: done in 74151ms.
ATMOSPHERE CANCELLED
ATMOSPHERE CANCELLED
?[36m[info]?[0m [phantom] wait() finished waiting for 2000ms.
?[36m[info]?[0m [phantom] Step _step 99/125 https://www.spidasoftware.com/projectmanager/flow/edit/96853# (HTTP 200)
?[36m[info]?[0m [phantom] Step _step 99/125: done in 76164ms.
?[36m[info]?[0m [phantom] waitFor() finished in 41ms.
?[36m[info]?[0m [phantom] Step waitedForJavascript 100/126 https://www.spidasoftware.com/projectmanager/flow/edit/96853# (HTTP 200)
?[32;1m[debug]?[0m [phantom] Capturing page to /Users/zpeugh/code/min/scripts/flowdocument/pngs/Email Assignees: IJUS Complete-No Conflicting Permits.png
?[36m[info]?[0m [phantom] Capture saved to /Users/zpeugh/code/min/scripts/flowdocument/pngs/Email Assignees: IJUS Complete-No Conflicting Permits.png
Captured action: Email Assignees: IJUS Complete-No Conflicting Permits
?[36m[info]?[0m [phantom] Step waitedForJavascript 100/126: done in 76642ms.
?[36m[info]?[0m [phantom] Step changeOnClickValue 101/126 https://www.spidasoftware.com/projectmanager/flow/edit/96853# (HTTP 200)
?[36m[info]?[0m [phantom] Step changeOnClickValue 101/126: done in 76644ms.
?[36m[info]?[0m [phantom] Step _step 102/126 https://www.spidasoftware.com/projectmanager/flow/edit/96853# (HTTP 200)
?[36m[info]?[0m [phantom] Step _step 102/126: done in 76768ms.
Requested Url: https://www.spidasoftware.com/projectmanager/action/editAction?id=96870
Requested Url: https://www.spidasoftware.com/projectmanager/action/editAction?id=96870
?[36m[info]?[0m [phantom] wait() finished waiting for 2000ms.
?[36m[info]?[0m [phantom] Step _step 103/127 https://www.spidasoftware.com/projectmanager/flow/edit/96853# (HTTP 200)
?[36m[info]?[0m [phantom] Step _step 103/127: done in 78784ms.
?[36m[info]?[0m [phantom] waitFor() finished in 40ms.
?[36m[info]?[0m [phantom] Step waitedForJavascript 104/128 https://www.spidasoftware.com/projectmanager/flow/edit/96853# (HTTP 200)
?[32;1m[debug]?[0m [phantom] Capturing page to /Users/zpeugh/code/min/scripts/flowdocument/pngs/Email Assignees: IJUS Review Complete-Conflicting Permits Found.png
?[36m[info]?[0m [phantom] Capture saved to /Users/zpeugh/code/min/scripts/flowdocument/pngs/Email Assignees: IJUS Review Complete-Conflicting Permits Found.png
Captured action: Email Assignees: IJUS Review Complete-Conflicting Permits Found
?[36m[info]?[0m [phantom] Step waitedForJavascript 104/128: done in 79199ms.
?[36m[info]?[0m [phantom] Step changeOnClickValue 105/128 https://www.spidasoftware.com/projectmanager/flow/edit/96853# (HTTP 200)
?[36m[info]?[0m [phantom] Step changeOnClickValue 105/128: done in 79201ms.
Requested Url: https://www.spidasoftware.com/projectmanager/action/editAction?id=96864
Requested Url: https://www.spidasoftware.com/projectmanager/action/editAction?id=96864
?[36m[info]?[0m [phantom] Step _step 106/128 https://www.spidasoftware.com/projectmanager/flow/edit/96853# (HTTP 200)
?[36m[info]?[0m [phantom] Step _step 106/128: done in 79338ms.
?[36m[info]?[0m [phantom] wait() finished waiting for 2000ms.
?[36m[info]?[0m [phantom] Step _step 107/129 https://www.spidasoftware.com/projectmanager/flow/edit/96853# (HTTP 200)
?[36m[info]?[0m [phantom] Step _step 107/129: done in 81352ms.
?[36m[info]?[0m [phantom] waitFor() finished in 40ms.
?[36m[info]?[0m [phantom] Step waitedForJavascript 108/130 https://www.spidasoftware.com/projectmanager/flow/edit/96853# (HTTP 200)
?[32;1m[debug]?[0m [phantom] Capturing page to /Users/zpeugh/code/min/scripts/flowdocument/pngs/Email Assignee(s): Project in Advance Route Review for 2 Weeks.png
?[36m[info]?[0m [phantom] Capture saved to /Users/zpeugh/code/min/scripts/flowdocument/pngs/Email Assignee(s): Project in Advance Route Review for 2 Weeks.png
Captured action: Email Assignee(s): Project in Advance Route Review for 2 Weeks
?[36m[info]?[0m [phantom] Step waitedForJavascript 108/130: done in 81771ms.
?[36m[info]?[0m [phantom] Step changeOnClickValue 109/130 https://www.spidasoftware.com/projectmanager/flow/edit/96853# (HTTP 200)
?[36m[info]?[0m [phantom] Step changeOnClickValue 109/130: done in 81773ms.
?[36m[info]?[0m [phantom] Step _step 110/130 https://www.spidasoftware.com/projectmanager/flow/edit/96853# (HTTP 200)
?[36m[info]?[0m [phantom] Step _step 110/130: done in 81900ms.
Requested Url: https://www.spidasoftware.com/projectmanager/action/editAction?id=96869
Requested Url: https://www.spidasoftware.com/projectmanager/action/editAction?id=96869
?[36m[info]?[0m [phantom] wait() finished waiting for 2000ms.
?[36m[info]?[0m [phantom] Step _step 111/131 https://www.spidasoftware.com/projectmanager/flow/edit/96853# (HTTP 200)
?[36m[info]?[0m [phantom] Step _step 111/131: done in 83907ms.
?[36m[info]?[0m [phantom] waitFor() finished in 41ms.
?[36m[info]?[0m [phantom] Step waitedForJavascript 112/132 https://www.spidasoftware.com/projectmanager/flow/edit/96853# (HTTP 200)
?[32;1m[debug]?[0m [phantom] Capturing page to /Users/zpeugh/code/min/scripts/flowdocument/pngs/Email Assignees: Project in Pole-by-Pole Review for 2 Weeks.png
?[36m[info]?[0m [phantom] Capture saved to /Users/zpeugh/code/min/scripts/flowdocument/pngs/Email Assignees: Project in Pole-by-Pole Review for 2 Weeks.png
Captured action: Email Assignees: Project in Pole-by-Pole Review for 2 Weeks
?[36m[info]?[0m [phantom] Step waitedForJavascript 112/132: done in 84382ms.
?[36m[info]?[0m [phantom] Step changeOnClickValue 113/132 https://www.spidasoftware.com/projectmanager/flow/edit/96853# (HTTP 200)
?[36m[info]?[0m [phantom] Step changeOnClickValue 113/132: done in 84384ms.
Requested Url: https://www.spidasoftware.com/projectmanager/action/editAction?id=97113
Requested Url: https://www.spidasoftware.com/projectmanager/action/editAction?id=97113
?[36m[info]?[0m [phantom] Step _step 114/132 https://www.spidasoftware.com/projectmanager/flow/edit/96853# (HTTP 200)
?[36m[info]?[0m [phantom] Step _step 114/132: done in 84520ms.
?[36m[info]?[0m [phantom] wait() finished waiting for 2000ms.
?[36m[info]?[0m [phantom] Step _step 115/133 https://www.spidasoftware.com/projectmanager/flow/edit/96853# (HTTP 200)
?[36m[info]?[0m [phantom] Step _step 115/133: done in 86539ms.
?[36m[info]?[0m [phantom] waitFor() finished in 41ms.
?[36m[info]?[0m [phantom] Step waitedForJavascript 116/134 https://www.spidasoftware.com/projectmanager/flow/edit/96853# (HTTP 200)
?[32;1m[debug]?[0m [phantom] Capturing page to /Users/zpeugh/code/min/scripts/flowdocument/pngs/Email Duke JU-Permit Authorized for Construction.png
?[36m[info]?[0m [phantom] Capture saved to /Users/zpeugh/code/min/scripts/flowdocument/pngs/Email Duke JU-Permit Authorized for Construction.png
Captured action: Email Duke JU-Permit Authorized for Construction
?[36m[info]?[0m [phantom] Step waitedForJavascript 116/134: done in 87029ms.
?[36m[info]?[0m [phantom] Step changeOnClickValue 117/134 https://www.spidasoftware.com/projectmanager/flow/edit/96853# (HTTP 200)
?[36m[info]?[0m [phantom] Step changeOnClickValue 117/134: done in 87032ms.
?[36m[info]?[0m [phantom] Step _step 118/134 https://www.spidasoftware.com/projectmanager/flow/edit/96853# (HTTP 200)
?[36m[info]?[0m [phantom] Step _step 118/134: done in 87159ms.
Requested Url: https://www.spidasoftware.com/projectmanager/action/editAction?id=96861
Requested Url: https://www.spidasoftware.com/projectmanager/action/editAction?id=96861
?[36m[info]?[0m [phantom] wait() finished waiting for 2000ms.
?[36m[info]?[0m [phantom] Step _step 119/135 https://www.spidasoftware.com/projectmanager/flow/edit/96853# (HTTP 200)
?[36m[info]?[0m [phantom] Step _step 119/135: done in 89167ms.
?[36m[info]?[0m [phantom] waitFor() finished in 40ms.
?[36m[info]?[0m [phantom] Step waitedForJavascript 120/136 https://www.spidasoftware.com/projectmanager/flow/edit/96853# (HTTP 200)
?[32;1m[debug]?[0m [phantom] Capturing page to /Users/zpeugh/code/min/scripts/flowdocument/pngs/Email EPC Design-From Form-Field Pole Survey Completed.png
?[36m[info]?[0m [phantom] Capture saved to /Users/zpeugh/code/min/scripts/flowdocument/pngs/Email EPC Design-From Form-Field Pole Survey Completed.png
Captured action: Email EPC Design-From Form-Field Pole Survey Completed
?[36m[info]?[0m [phantom] Step waitedForJavascript 120/136: done in 89588ms.
?[36m[info]?[0m [phantom] Step changeOnClickValue 121/136 https://www.spidasoftware.com/projectmanager/flow/edit/96853# (HTTP 200)
?[36m[info]?[0m [phantom] Step changeOnClickValue 121/136: done in 89590ms.
?[36m[info]?[0m [phantom] Step _step 122/136 https://www.spidasoftware.com/projectmanager/flow/edit/96853# (HTTP 200)
?[36m[info]?[0m [phantom] Step _step 122/136: done in 89718ms.
Requested Url: https://www.spidasoftware.com/projectmanager/action/editAction?id=96862
Requested Url: https://www.spidasoftware.com/projectmanager/action/editAction?id=96862
?[36m[info]?[0m [phantom] wait() finished waiting for 2000ms.
?[36m[info]?[0m [phantom] Step _step 123/137 https://www.spidasoftware.com/projectmanager/flow/edit/96853# (HTTP 200)
?[36m[info]?[0m [phantom] Step _step 123/137: done in 91726ms.
?[36m[info]?[0m [phantom] waitFor() finished in 41ms.
?[36m[info]?[0m [phantom] Step waitedForJavascript 124/138 https://www.spidasoftware.com/projectmanager/flow/edit/96853# (HTTP 200)
?[32;1m[debug]?[0m [phantom] Capturing page to /Users/zpeugh/code/min/scripts/flowdocument/pngs/Email EPC Engineer-Field Pole Survey Completed.png
?[36m[info]?[0m [phantom] Capture saved to /Users/zpeugh/code/min/scripts/flowdocument/pngs/Email EPC Engineer-Field Pole Survey Completed.png
Captured action: Email EPC Engineer-Field Pole Survey Completed
?[36m[info]?[0m [phantom] Step waitedForJavascript 124/138: done in 92148ms.
?[36m[info]?[0m [phantom] Step changeOnClickValue 125/138 https://www.spidasoftware.com/projectmanager/flow/edit/96853# (HTTP 200)
?[36m[info]?[0m [phantom] Step changeOnClickValue 125/138: done in 92150ms.
Requested Url: https://www.spidasoftware.com/projectmanager/action/editAction?id=97092
Requested Url: https://www.spidasoftware.com/projectmanager/action/editAction?id=97092
?[36m[info]?[0m [phantom] Step _step 126/138 https://www.spidasoftware.com/projectmanager/flow/edit/96853# (HTTP 200)
?[36m[info]?[0m [phantom] Step _step 126/138: done in 92282ms.
?[36m[info]?[0m [phantom] wait() finished waiting for 2000ms.
?[36m[info]?[0m [phantom] Step _step 127/139 https://www.spidasoftware.com/projectmanager/flow/edit/96853# (HTTP 200)
?[36m[info]?[0m [phantom] Step _step 127/139: done in 94295ms.
?[36m[info]?[0m [phantom] waitFor() finished in 42ms.
?[36m[info]?[0m [phantom] Step waitedForJavascript 128/140 https://www.spidasoftware.com/projectmanager/flow/edit/96853# (HTTP 200)
?[32;1m[debug]?[0m [phantom] Capturing page to /Users/zpeugh/code/min/scripts/flowdocument/pngs/Email EPC Engineer from form: FOC Installation Complete.png
?[36m[info]?[0m [phantom] Capture saved to /Users/zpeugh/code/min/scripts/flowdocument/pngs/Email EPC Engineer from form: FOC Installation Complete.png
Captured action: Email EPC Engineer from form: FOC Installation Complete
?[36m[info]?[0m [phantom] Step waitedForJavascript 128/140: done in 94721ms.
?[36m[info]?[0m [phantom] Step changeOnClickValue 129/140 https://www.spidasoftware.com/projectmanager/flow/edit/96853# (HTTP 200)
?[36m[info]?[0m [phantom] Step changeOnClickValue 129/140: done in 94723ms.
Requested Url: https://www.spidasoftware.com/projectmanager/action/editAction?id=97114
Requested Url: https://www.spidasoftware.com/projectmanager/action/editAction?id=97114
?[36m[info]?[0m [phantom] Step _step 130/140 https://www.spidasoftware.com/projectmanager/flow/edit/96853# (HTTP 200)
?[36m[info]?[0m [phantom] Step _step 130/140: done in 94898ms.
?[36m[info]?[0m [phantom] wait() finished waiting for 2000ms.
?[36m[info]?[0m [phantom] Step _step 131/141 https://www.spidasoftware.com/projectmanager/flow/edit/96853# (HTTP 200)
?[36m[info]?[0m [phantom] Step _step 131/141: done in 96918ms.
?[36m[info]?[0m [phantom] waitFor() finished in 40ms.
?[36m[info]?[0m [phantom] Step waitedForJavascript 132/142 https://www.spidasoftware.com/projectmanager/flow/edit/96853# (HTTP 200)
?[32;1m[debug]?[0m [phantom] Capturing page to /Users/zpeugh/code/min/scripts/flowdocument/pngs/Email EPC Engineer-Permit Authorized for Construction.png
?[36m[info]?[0m [phantom] Capture saved to /Users/zpeugh/code/min/scripts/flowdocument/pngs/Email EPC Engineer-Permit Authorized for Construction.png
Captured action: Email EPC Engineer-Permit Authorized for Construction
?[36m[info]?[0m [phantom] Step waitedForJavascript 132/142: done in 97333ms.
?[36m[info]?[0m [phantom] Step changeOnClickValue 133/142 https://www.spidasoftware.com/projectmanager/flow/edit/96853# (HTTP 200)
?[36m[info]?[0m [phantom] Step changeOnClickValue 133/142: done in 97335ms.
?[36m[info]?[0m [phantom] Step _step 134/142 https://www.spidasoftware.com/projectmanager/flow/edit/96853# (HTTP 200)
?[36m[info]?[0m [phantom] Step _step 134/142: done in 97460ms.
Requested Url: https://www.spidasoftware.com/projectmanager/action/editAction?id=97085
Requested Url: https://www.spidasoftware.com/projectmanager/action/editAction?id=97085
?[36m[info]?[0m [phantom] wait() finished waiting for 2000ms.
?[36m[info]?[0m [phantom] Step _step 135/143 https://www.spidasoftware.com/projectmanager/flow/edit/96853# (HTTP 200)
?[36m[info]?[0m [phantom] Step _step 135/143: done in 99478ms.
?[36m[info]?[0m [phantom] waitFor() finished in 40ms.
?[36m[info]?[0m [phantom] Step waitedForJavascript 136/144 https://www.spidasoftware.com/projectmanager/flow/edit/96853# (HTTP 200)
?[32;1m[debug]?[0m [phantom] Capturing page to /Users/zpeugh/code/min/scripts/flowdocument/pngs/Email Project Creator-Territory and Zone Mismatch.png
?[36m[info]?[0m [phantom] Capture saved to /Users/zpeugh/code/min/scripts/flowdocument/pngs/Email Project Creator-Territory and Zone Mismatch.png
Captured action: Email Project Creator-Territory and Zone Mismatch
?[36m[info]?[0m [phantom] Step waitedForJavascript 136/144: done in 99896ms.
?[36m[info]?[0m [phantom] Step changeOnClickValue 137/144 https://www.spidasoftware.com/projectmanager/flow/edit/96853# (HTTP 200)
?[36m[info]?[0m [phantom] Step changeOnClickValue 137/144: done in 99898ms.
?[36m[info]?[0m [phantom] Step _step 138/144 https://www.spidasoftware.com/projectmanager/flow/edit/96853# (HTTP 200)
?[36m[info]?[0m [phantom] Step _step 138/144: done in 100035ms.
Requested Url: https://www.spidasoftware.com/projectmanager/action/editAction?id=96866
Requested Url: https://www.spidasoftware.com/projectmanager/action/editAction?id=96866
?[36m[info]?[0m [phantom] wait() finished waiting for 2000ms.
?[36m[info]?[0m [phantom] Step _step 139/145 https://www.spidasoftware.com/projectmanager/flow/edit/96853# (HTTP 200)
?[36m[info]?[0m [phantom] Step _step 139/145: done in 102046ms.
?[36m[info]?[0m [phantom] waitFor() finished in 40ms.
?[36m[info]?[0m [phantom] Step waitedForJavascript 140/146 https://www.spidasoftware.com/projectmanager/flow/edit/96853# (HTTP 200)
?[32;1m[debug]?[0m [phantom] Capturing page to /Users/zpeugh/code/min/scripts/flowdocument/pngs/Populate Pole IDs in Pole Inventory FOrm.png
?[36m[info]?[0m [phantom] Capture saved to /Users/zpeugh/code/min/scripts/flowdocument/pngs/Populate Pole IDs in Pole Inventory FOrm.png
Captured action: Populate Pole IDs in Pole Inventory FOrm
?[36m[info]?[0m [phantom] Step waitedForJavascript 140/146: done in 102568ms.
?[36m[info]?[0m [phantom] Step changeOnClickValue 141/146 https://www.spidasoftware.com/projectmanager/flow/edit/96853# (HTTP 200)
?[36m[info]?[0m [phantom] Step changeOnClickValue 141/146: done in 102571ms.
Requested Url: https://www.spidasoftware.com/projectmanager/action/editAction?id=97108
Requested Url: https://www.spidasoftware.com/projectmanager/action/editAction?id=97108
?[36m[info]?[0m [phantom] Step _step 142/146 https://www.spidasoftware.com/projectmanager/flow/edit/96853# (HTTP 200)
?[36m[info]?[0m [phantom] Step _step 142/146: done in 102720ms.
?[36m[info]?[0m [phantom] wait() finished waiting for 2000ms.
?[36m[info]?[0m [phantom] Step _step 143/147 https://www.spidasoftware.com/projectmanager/flow/edit/96853# (HTTP 200)
?[36m[info]?[0m [phantom] Step _step 143/147: done in 104736ms.
?[36m[info]?[0m [phantom] waitFor() finished in 42ms.
?[36m[info]?[0m [phantom] Step waitedForJavascript 144/148 https://www.spidasoftware.com/projectmanager/flow/edit/96853# (HTTP 200)
?[32;1m[debug]?[0m [phantom] Capturing page to /Users/zpeugh/code/min/scripts/flowdocument/pngs/Remove Engineer From Assign Engineer Form.png
?[36m[info]?[0m [phantom] Capture saved to /Users/zpeugh/code/min/scripts/flowdocument/pngs/Remove Engineer From Assign Engineer Form.png
Captured action: Remove Engineer From Assign Engineer Form
?[36m[info]?[0m [phantom] Step waitedForJavascript 144/148: done in 105433ms.
?[36m[info]?[0m [phantom] Step changeOnClickValue 145/148 https://www.spidasoftware.com/projectmanager/flow/edit/96853# (HTTP 200)
?[36m[info]?[0m [phantom] Step changeOnClickValue 145/148: done in 105435ms.
Requested Url: https://www.spidasoftware.com/projectmanager/action/editAction?id=97074
Requested Url: https://www.spidasoftware.com/projectmanager/action/editAction?id=97074
?[36m[info]?[0m [phantom] Step _step 146/148 https://www.spidasoftware.com/projectmanager/flow/edit/96853# (HTTP 200)
?[36m[info]?[0m [phantom] Step _step 146/148: done in 105611ms.
ATMOSPHERE CANCELLED
ATMOSPHERE CANCELLED
?[36m[info]?[0m [phantom] wait() finished waiting for 2000ms.
?[36m[info]?[0m [phantom] Step _step 147/149 https://www.spidasoftware.com/projectmanager/flow/edit/96853# (HTTP 200)
?[36m[info]?[0m [phantom] Step _step 147/149: done in 107625ms.
?[36m[info]?[0m [phantom] waitFor() finished in 41ms.
?[36m[info]?[0m [phantom] Step waitedForJavascript 148/150 https://www.spidasoftware.com/projectmanager/flow/edit/96853# (HTTP 200)
?[32;1m[debug]?[0m [phantom] Capturing page to /Users/zpeugh/code/min/scripts/flowdocument/pngs/Set Stations to "Conflicting Permit Check".png
?[36m[info]?[0m [phantom] Capture saved to /Users/zpeugh/code/min/scripts/flowdocument/pngs/Set Stations to "Conflicting Permit Check".png
Captured action: Set Stations to "Conflicting Permit Check"
?[36m[info]?[0m [phantom] Step waitedForJavascript 148/150: done in 108051ms.
?[36m[info]?[0m [phantom] Step changeOnClickValue 149/150 https://www.spidasoftware.com/projectmanager/flow/edit/96853# (HTTP 200)
?[36m[info]?[0m [phantom] Step changeOnClickValue 149/150: done in 108053ms.
?[36m[info]?[0m [phantom] Step _step 150/150 https://www.spidasoftware.com/projectmanager/flow/edit/96853# (HTTP 200)
?[36m[info]?[0m [phantom] Step _step 150/150: done in 108189ms.
Requested Url: https://www.spidasoftware.com/projectmanager/action/editAction?id=97075
Requested Url: https://www.spidasoftware.com/projectmanager/action/editAction?id=97075
?[36m[info]?[0m [phantom] wait() finished waiting for 2000ms.
?[36m[info]?[0m [phantom] Step _step 151/151 https://www.spidasoftware.com/projectmanager/flow/edit/96853# (HTTP 200)
?[36m[info]?[0m [phantom] Step _step 151/151: done in 110196ms.
?[36m[info]?[0m [phantom] waitFor() finished in 40ms.
?[36m[info]?[0m [phantom] Step waitedForJavascript 152/152 https://www.spidasoftware.com/projectmanager/flow/edit/96853# (HTTP 200)
?[32;1m[debug]?[0m [phantom] Capturing page to /Users/zpeugh/code/min/scripts/flowdocument/pngs/Set Stations to Permit Check.png
?[36m[info]?[0m [phantom] Capture saved to /Users/zpeugh/code/min/scripts/flowdocument/pngs/Set Stations to Permit Check.png
Captured action: Set Stations to Permit Check
?[36m[info]?[0m [phantom] Step waitedForJavascript 152/152: done in 110616ms.
?[36m[info]?[0m [phantom] Done 152 steps in 110616ms
args: Email~EPC~Engineer~from~form:~FOC~Installation~Complete Assign~Engineer~~from~Assign~Engineer~Form-Remove~Others Assign~EPC~Engineer-From~Form-Don't~Remove~Others Assign~MRC~Electric~Contractor-Don't~Remove~Others Assign~MRC~Communication~Contractor~from~Application~Form-Remove~Others Remove~Engineer~From~Assign~Engineer~Form Assign~to~Duke~North~Engineer~Supervisor~UG-Remove~Others Assign~MRC~Communication~Contractor~from~App~Form-Don't~Remove~Others Assign~MRE~Contractor~from~form-Remove~Others Email~Duke~JU-Permit~Authorized~for~Construction Assign~Central~Engineer~Supervisor~UG-Remove~Others Assign~EPC~Engineer-From~Form-Remove~Others Assign~Duke~Construction~UG-Don't~Remove~Others Assign~Engineer~from~Assign~Engineer~form-Don't~Remove~Others Assign~Mark~Brooks~(need~email~address) Email~EPC~Engineer-Permit~Authorized~for~Construction Assign~FOC~Contractor~From~Form-Remove~Others Email~EPC~Design-From~Form-Field~Pole~Survey~Completed Assign~Duke~IJUS~Usergroup-Don't~Remove~Others Assign~Doug~Everheart~(need~email~address) Assign~Duke~Construction~UG-Remove~Others Assign~Waylon~Blakely~(need~email~address) Email~EPC~Engineer-Field~Pole~Survey~Completed Assign~Creator-Remove~Others Email~Assignee(s):~Project~in~Advance~Route~Review~for~2~Weeks Assign~Duke~Finance~UG-Don't~Remove~Others Populate~Pole~IDs~in~Pole~Inventory~FOrm Email~Assignees:~Project~in~Pole-by-Pole~Review~for~2~Weeks Email~Assignees:~IJUS~Complete-No~Conflicting~Permits Email~Assignees:~IJUS~Review~Complete-Conflicting~Permits~Found Set~Stations~to~Permit~Check Set~Stations~to~"Conflicting~Permit~Check" Email~Project~Creator-Territory~and~Zone~Mismatch
Actions to capture: 
0: Email EPC Engineer from form: FOC Installation Complete
1: Assign Engineer  from Assign Engineer Form-Remove Others
2: Assign EPC Engineer-From Form-Don't Remove Others
3: Assign MRC Electric Contractor-Don't Remove Others
4: Assign MRC Communication Contractor from Application Form-Remove Others
5: Remove Engineer From Assign Engineer Form
6: Assign to Duke North Engineer Supervisor UG-Remove Others
7: Assign MRC Communication Contractor from App Form-Don't Remove Others
8: Assign MRE Contractor from form-Remove Others
9: Email Duke JU-Permit Authorized for Construction
10: Assign Central Engineer Supervisor UG-Remove Others
11: Assign EPC Engineer-From Form-Remove Others
12: Assign Duke Construction UG-Don't Remove Others
13: Assign Engineer from Assign Engineer form-Don't Remove Others
14: Assign Mark Brooks (need email address)
15: Email EPC Engineer-Permit Authorized for Construction
16: Assign FOC Contractor From Form-Remove Others
17: Email EPC Design-From Form-Field Pole Survey Completed
18: Assign Duke IJUS Usergroup-Don't Remove Others
19: Assign Doug Everheart (need email address)
20: Assign Duke Construction UG-Remove Others
21: Assign Waylon Blakely (need email address)
22: Email EPC Engineer-Field Pole Survey Completed
23: Assign Creator-Remove Others
24: Email Assignee(s): Project in Advance Route Review for 2 Weeks
25: Assign Duke Finance UG-Don't Remove Others
26: Populate Pole IDs in Pole Inventory FOrm
27: Email Assignees: Project in Pole-by-Pole Review for 2 Weeks
28: Email Assignees: IJUS Complete-No Conflicting Permits
29: Email Assignees: IJUS Review Complete-Conflicting Permits Found
30: Set Stations to Permit Check
31: Set Stations to "Conflicting Permit Check"
32: Email Project Creator-Territory and Zone Mismatch
script timed out
All actions: [Email EPC Engineer from form: FOC Installation Complete, Assign Engineer  from Assign Engineer Form-Remove Others, Assign EPC Engineer-From Form-Don't Remove Others, Assign MRC Electric Contractor-Don't Remove Others, Assign MRC Communication Contractor from Application Form-Remove Others, Remove Engineer From Assign Engineer Form, Assign to Duke North Engineer Supervisor UG-Remove Others, Assign MRC Communication Contractor from App Form-Don't Remove Others, Assign MRE Contractor from form-Remove Others, Email Duke JU-Permit Authorized for Construction, Assign Central Engineer Supervisor UG-Remove Others, Assign EPC Engineer-From Form-Remove Others, Assign Duke Construction UG-Don't Remove Others, Assign Engineer from Assign Engineer form-Don't Remove Others, Assign Mark Brooks (need email address), Email EPC Engineer-Permit Authorized for Construction, Assign FOC Contractor From Form-Remove Others, Email EPC Design-From Form-Field Pole Survey Completed, Assign Duke IJUS Usergroup-Don't Remove Others, Assign Doug Everheart (need email address), Assign Duke Construction UG-Remove Others, Assign Waylon Blakely (need email address), Email EPC Engineer-Field Pole Survey Completed, Assign Creator-Remove Others, Email Assignee(s): Project in Advance Route Review for 2 Weeks, Assign Duke Finance UG-Don't Remove Others, Populate Pole IDs in Pole Inventory FOrm, Email Assignees: Project in Pole-by-Pole Review for 2 Weeks, Email Assignees: IJUS Complete-No Conflicting Permits, Email Assignees: IJUS Review Complete-Conflicting Permits Found, Set Stations to Permit Check, Set Stations to "Conflicting Permit Check", Email Project Creator-Territory and Zone Mismatch]
Missed actions: null
Forms to capture: 
1: Attachment Details
2: IJUS Tracking Information
3: Proposal Details
4: Billing Code
script timed out
Logged in as: DLC
Navigating to Flow Form List
Currently at: https://www.spidasoftware.com/projectmanager/formTemplate/list
Forms to generate: 
0: Attachment Details
1: IJUS Tracking Information
2: Proposal Details
3: Billing Code
Likely a blank form html page.
Likely a blank form html page.
Likely a blank form html page.
script timed out
Likely a blank form html page.
All forms: [Attachment Details, IJUS Tracking Information, Proposal Details, Billing Code]
Missed Forms: null
company name: Duke Energy
flow Name: JU Permitting
2: Additional Poles
3: Attachment Details
4: JUTimeMarker40FromForm
5: FormsToCalc
6: FormsFromCalc
7: Lock Project
8: Generate Calc File
?[36m[info]?[0m [phantom] Starting...
?[36m[info]?[0m [phantom] Execution timeout set to 10000ms
?[36m[info]?[0m [phantom] Running suite: 13 steps
?[32;1m[debug]?[0m [phantom] opening url: https://www.spidasoftware.com/projectmanager/, HTTP GET
?[32;1m[debug]?[0m [phantom] Navigation requested: url=https://www.spidasoftware.com/projectmanager/, type=Other, willNavigate=true, isMainFrame=true
Requested Url: https://www.spidasoftware.com/projectmanager/
?[32;1m[debug]?[0m [phantom] Navigation requested: url=https://www.spidasoftware.com/cas/login?service=https://www.spidasoftware.com/projectmanager/j_spring_cas_security_check, type=Other, willNavigate=true, isMainFrame=true
Requested Url: https://www.spidasoftware.com/cas/login?service=https%3A%2F%2Fwww.spidasoftware.com%2Fprojectmanager%2Fj_spring_cas_security_check
?[32;1m[debug]?[0m [phantom] url changed to "https://www.spidasoftware.com/cas/login?service=https://www.spidasoftware.com/projectmanager/j_spring_cas_security_check"
Requested Url: https://www.spidasoftware.com/cas/login?service=https%3A%2F%2Fwww.spidasoftware.com%2Fprojectmanager%2Fj_spring_cas_security_check
Requested Url: https://www.spidasoftware.com/cas/css/cas.css;jsessionid=29986717063A91417F538171874C0865
Requested Url: https://www.spidasoftware.com/cas/css/cas.css;jsessionid=29986717063A91417F538171874C0865
Requested Url: https://ajax.googleapis.com/ajax/libs/jqueryui/1.8.5/jquery-ui.min.js
Requested Url: https://www.spidasoftware.com/cas/css/spida.css
Requested Url: https://www.spidasoftware.com/cas/css/spida.css
Requested Url: https://ajax.googleapis.com/ajax/libs/jquery/1.4.2/jquery.min.js
Requested Url: https://ajax.googleapis.com/ajax/libs/jquery/1.4.2/jquery.min.js
Requested Url: https://ajax.googleapis.com/ajax/libs/jqueryui/1.8.5/jquery-ui.min.js
Requested Url: https://www.spidasoftware.com/cas/images/deboss.png
Requested Url: https://www.spidasoftware.com/cas/images/deboss.png
Requested Url: https://www.spidasoftware.com/cas/js/cas.js;jsessionid=29986717063A91417F538171874C0865
Requested Url: https://www.spidasoftware.com/cas/js/cas.js;jsessionid=29986717063A91417F538171874C0865
Requested Url: https://www.spidasoftware.com/cas/js/jquery-1.9.0.min.js
Requested Url: https://www.spidasoftware.com/cas/js/jquery-1.9.0.min.js
Requested Url: https://www.spidasoftware.com/cas/images/key-point_tr.gif
Requested Url: https://www.spidasoftware.com/cas/images/key-point_tr.gif
Requested Url: https://www.spidasoftware.com/cas/images/key-point_bl.gif
Requested Url: https://www.spidasoftware.com/cas/images/key-point_bl.gif
Requested Url: https://www.spidasoftware.com/cas/images/key-point_br.gif
Requested Url: https://www.spidasoftware.com/cas/images/key-point_br.gif
Requested Url: https://www.spidasoftware.com/cas/images/key-point_tl.gif
Requested Url: https://www.spidasoftware.com/cas/images/key-point_tl.gif
Requested Url: https://www.spidasoftware.com/cas/images/spida-small.png
Requested Url: https://www.spidasoftware.com/cas/images/spida-small.png
Requested Url: https://www.spidasoftware.com/cas/images/ja-sig-logo.gif
Requested Url: https://www.spidasoftware.com/cas/images/ja-sig-logo.gif
?[32;1m[debug]?[0m [phantom] Successfully injected Casper client-side utilities
?[32;1m[debug]?[0m [phantom] start page is loaded
?[36m[info]?[0m [phantom] Step login 3/13 https://www.spidasoftware.com/cas/login?service=https://www.spidasoftware.com/projectmanager/j_spring_cas_security_check (HTTP 200)
?[36m[info]?[0m [remote] attempting to fetch form element from selector: 'form#fm1'
?[32;1m[debug]?[0m [remote] Set "username" field value to admin@spidasoftware.com
?[32;1m[debug]?[0m [remote] Set "password" field value to ***************
?[36m[info]?[0m [remote] submitting form to /cas/login;jsessionid=29986717063A91417F538171874C0865?service=https%3A%2F%2Fwww.spidasoftware.com%2Fprojectmanager%2Fj_spring_cas_security_check, HTTP POST
?[36m[info]?[0m [phantom] Step login 3/13: done in 1278ms.
?[36m[info]?[0m [phantom] Step _step 4/13 https://www.spidasoftware.com/cas/login?service=https://www.spidasoftware.com/projectmanager/j_spring_cas_security_check (HTTP 200)
?[36m[info]?[0m [phantom] Step _step 4/13: done in 1279ms.
?[32;1m[debug]?[0m [phantom] Navigation requested: url=https://www.spidasoftware.com/cas/login;jsessionid=29986717063A91417F538171874C0865?service=https://www.spidasoftware.com/projectmanager/j_spring_cas_security_check, type=FormSubmitted, willNavigate=true, isMainFrame=true
?[36m[info]?[0m [phantom] waitFor() finished in 49ms.
Requested Url: https://www.spidasoftware.com/cas/login;jsessionid=29986717063A91417F538171874C0865?service=https%3A%2F%2Fwww.spidasoftware.com%2Fprojectmanager%2Fj_spring_cas_security_check
?[32;1m[debug]?[0m [phantom] Navigation requested: url=https://www.spidasoftware.com/projectmanager/j_spring_cas_security_check?ticket=ST-178-tSoYqScqhHfb0PTLiuV5-www.spidasoftware.com, type=FormSubmitted, willNavigate=true, isMainFrame=true
Requested Url: https://www.spidasoftware.com/projectmanager/j_spring_cas_security_check?ticket=ST-178-tSoYqScqhHfb0PTLiuV5-www.spidasoftware.com
?[32;1m[debug]?[0m [phantom] Navigation requested: url=https://www.spidasoftware.com/projectmanager/, type=FormSubmitted, willNavigate=true, isMainFrame=true
Requested Url: https://www.spidasoftware.com/projectmanager/
?[32;1m[debug]?[0m [phantom] url changed to "https://www.spidasoftware.com/projectmanager/"
Requested Url: https://www.spidasoftware.com/projectmanager/
Requested Url: https://www.spidasoftware.com/projectmanager/assets/application-eb20b43cf60215725cfe9f3ee324ab29.css
Requested Url: https://www.spidasoftware.com/projectmanager/assets/application-eb20b43cf60215725cfe9f3ee324ab29.css
Requested Url: https://www.spidasoftware.com/projectmanager/assets/fullwidth-712c8be92ed2438fa54c602fa4ead9de.css
Requested Url: https://www.spidasoftware.com/projectmanager/assets/fullwidth-712c8be92ed2438fa54c602fa4ead9de.css
Requested Url: https://www.spidasoftware.com/projectmanager/assets/layout-740b63f13e950682666c41e738489382.js
Requested Url: https://www.spidasoftware.com/projectmanager/assets/manifests/dashboard-ca798a2aa13668b62f4cfb792b5cb005.js
Requested Url: https://www.spidasoftware.com/projectmanager/assets/manifests/dashboard-bb51ee3aaa45140c7b368ac1257e2bb6.css
Requested Url: https://www.spidasoftware.com/projectmanager/assets/manifests/dashboard-bb51ee3aaa45140c7b368ac1257e2bb6.css
Requested Url: https://www.spidasoftware.com/projectmanager/assets/layout/bg-wrappage-4024e4b9b2f45c38e97593fdc99855fe.gif
Requested Url: https://www.spidasoftware.com/projectmanager/assets/layout/bg-wrappage-4024e4b9b2f45c38e97593fdc99855fe.gif
Requested Url: https://www.spidasoftware.com/projectmanager/assets/layout-740b63f13e950682666c41e738489382.js
Requested Url: https://www.spidasoftware.com/projectmanager/assets/manifests/dashboard-ca798a2aa13668b62f4cfb792b5cb005.js
Requested Url: https://www.spidasoftware.com/projectmanager/assets/deboss-ed16c7a3699e4e401f23e3e7338d8546.png
Requested Url: https://www.spidasoftware.com/projectmanager/assets/deboss-ed16c7a3699e4e401f23e3e7338d8546.png
Requested Url: https://www.spidasoftware.com/projectmanager/assets/fullwidth-712c8be92ed2438fa54c602fa4ead9de.css
Requested Url: https://www.spidasoftware.com/projectmanager/assets/fullwidth-712c8be92ed2438fa54c602fa4ead9de.css
Requested Url: https://www.spidasoftware.com/projectmanager/assets/layout/header-spidamin-e40ce1bb4403d5c7db28e7855d5c74d0.gif
Requested Url: https://www.spidasoftware.com/projectmanager/assets/layout/header-spidamin-e40ce1bb4403d5c7db28e7855d5c74d0.gif
Requested Url: https://www.spidasoftware.com/projectmanager/plugins/layout-3.7/images/16/user.png
Requested Url: https://www.spidasoftware.com/projectmanager/assets/ajax-loader-22e80548042a44cb9c0e053d56e5256c.gif
Requested Url: https://www.spidasoftware.com/projectmanager/plugins/layout-3.7/images/16/user.png
Requested Url: https://www.spidasoftware.com/projectmanager/assets/ajax-loader-22e80548042a44cb9c0e053d56e5256c.gif
Requested Url: https://www.spidasoftware.com/projectmanager/plugins/layout-3.7/images/32/user.png
Requested Url: https://www.spidasoftware.com/projectmanager/plugins/layout-3.7/images/32/user.png
Requested Url: https://www.spidasoftware.com/projectmanager/plugins/layout-3.7/images/16/comment.png
Requested Url: https://www.spidasoftware.com/projectmanager/plugins/layout-3.7/images/16/comment.png
Requested Url: https://www.spidasoftware.com/projectmanager/plugins/layout-3.7/images/16/config.png
Requested Url: https://www.spidasoftware.com/projectmanager/plugins/layout-3.7/images/16/config.png
Requested Url: https://www.spidasoftware.com/projectmanager/plugins/layout-3.7/images/16/logout.png
Requested Url: https://www.spidasoftware.com/projectmanager/plugins/layout-3.7/images/16/logout.png
Requested Url: https://www.spidasoftware.com/projectmanager/assets/menu_indicator-06e43d6d3f303158042880db8bd88a00.png
Requested Url: https://www.spidasoftware.com/projectmanager/assets/menu_indicator-06e43d6d3f303158042880db8bd88a00.png
Requested Url: https://www.spidasoftware.com/projectmanager/assets/16/finished-work-ad9d9abd2436e0648067a59fb689efe0.png
Requested Url: https://www.spidasoftware.com/projectmanager/assets/16/finished-work-ad9d9abd2436e0648067a59fb689efe0.png
Requested Url: https://www.spidasoftware.com/projectmanager/assets/16/calendar-f8cd1aa487b98cf09ba57257d68f8ae5.png
Requested Url: https://www.spidasoftware.com/projectmanager/assets/16/calendar-f8cd1aa487b98cf09ba57257d68f8ae5.png
Requested Url: https://www.spidasoftware.com/projectmanager/assets/Sawasdee-Bold-e259f8084233a474a753b405642cbe67.ttf
Requested Url: https://www.spidasoftware.com/projectmanager/assets/Sawasdee-24fcdb41df7fca27205cfb13df8a78aa.ttf
Requested Url: https://www.spidasoftware.com/projectmanager/assets/16/save-0eedd6a7239807cde0770a15dd42321b.png
Requested Url: https://www.spidasoftware.com/projectmanager/assets/16/save-0eedd6a7239807cde0770a15dd42321b.png
Requested Url: https://www.spidasoftware.com/projectmanager/assets/16/pie-0250125d48a626c8fc53759e9ab40021.png
Requested Url: https://www.spidasoftware.com/projectmanager/assets/16/pie-0250125d48a626c8fc53759e9ab40021.png
Requested Url: https://www.spidasoftware.com/projectmanager/assets/16/statistics-5ac61cbdfeb3383fed3cad7f2ab9feaf.png
Requested Url: https://www.spidasoftware.com/projectmanager/assets/16/statistics-5ac61cbdfeb3383fed3cad7f2ab9feaf.png
ATMOSPHERE CANCELLED
?[32;1m[debug]?[0m [phantom] Successfully injected Casper client-side utilities
?[36m[info]?[0m [phantom] Step afterLogin 5/14 https://www.spidasoftware.com/projectmanager/ (HTTP 200)
Logged in successfully
?[36m[info]?[0m [phantom] Step afterLogin 5/14: done in 5497ms.
ATMOSPHERE CANCELLED
?[36m[info]?[0m [phantom] Step _step 6/14 https://www.spidasoftware.com/projectmanager/ (HTTP 200)
?[36m[info]?[0m [phantom] Step _step 6/14: done in 5515ms.
Requested Url: https://www.spidasoftware.com/projectmanager/assets/Sawasdee-24fcdb41df7fca27205cfb13df8a78aa.ttf
Requested Url: https://www.spidasoftware.com/projectmanager/assets/images/ui-bg_glass_75_e6e6e6_1x400-f4254356c2a8c9a383205ef2c4de22c4.png
Requested Url: https://www.spidasoftware.com/projectmanager/assets/images/ui-bg_glass_75_e6e6e6_1x400-f4254356c2a8c9a383205ef2c4de22c4.png
Requested Url: https://www.spidasoftware.com/projectmanager/assets/images/ui-icons_888888_256x240-9c46d7cab43e22a14bad26d2d4806d80.png
Requested Url: https://www.spidasoftware.com/projectmanager/assets/images/ui-icons_888888_256x240-9c46d7cab43e22a14bad26d2d4806d80.png
Requested Url: https://www.spidasoftware.com/projectmanager/assets/images/ui-bg_flat_75_ffffff_40x100-8692e6efddf882acbff144c38ea7dfdf.png
Requested Url: https://www.spidasoftware.com/projectmanager/assets/images/ui-bg_flat_75_ffffff_40x100-8692e6efddf882acbff144c38ea7dfdf.png
Requested Url: https://www.spidasoftware.com/projectmanager/assets/images/ui-bg_glass_65_ffffff_1x400-e5a8f32e28fd5c27bf0fed33c8a8b9b5.png
Requested Url: https://www.spidasoftware.com/projectmanager/assets/images/ui-bg_glass_65_ffffff_1x400-e5a8f32e28fd5c27bf0fed33c8a8b9b5.png
Requested Url: https://www.spidasoftware.com/projectmanager/assets/Sawasdee-Bold-e259f8084233a474a753b405642cbe67.ttf
Requested Url: https://www.spidasoftware.com/projectmanager/assets/images/ui-icons_222222_256x240-3f3acb42b0d2bfd5f39069b87803eebc.png
Requested Url: https://www.spidasoftware.com/projectmanager/assets/images/ui-icons_222222_256x240-3f3acb42b0d2bfd5f39069b87803eebc.png
ATMOSPHERE CANCELLED
?[36m[info]?[0m [phantom] waitFor() finished in 1493ms.
?[36m[info]?[0m [phantom] Step anonymous 7/15 https://www.spidasoftware.com/projectmanager/ (HTTP 200)
?[32;1m[debug]?[0m [phantom] Mouse event 'mousedown' on selector: xpath selector: //*[text()="Duke Energy"]
?[32;1m[debug]?[0m [phantom] Mouse event 'mouseup' on selector: xpath selector: //*[text()="Duke Energy"]
?[32;1m[debug]?[0m [phantom] Mouse event 'click' on selector: xpath selector: //*[text()="Duke Energy"]
?[32;1m[debug]?[0m [phantom] Navigation requested: url=https://www.spidasoftware.com/projectmanager/#, type=LinkClicked, willNavigate=true, isMainFrame=true
?[32;1m[debug]?[0m [phantom] url changed to "https://www.spidasoftware.com/projectmanager/#"
?[36m[info]?[0m [phantom] Step anonymous 7/15: done in 7042ms.
?[32;1m[debug]?[0m [phantom] Navigation requested: url=https://www.spidasoftware.com/projectmanager/switchcompany, type=FormSubmitted, willNavigate=true, isMainFrame=true
ATMOSPHERE CANCELLED
?[33m[warning]?[0m [phantom] Loading resource failed with status=fail (HTTP 200): https://www.spidasoftware.com/projectmanager/switchcompany
Requested Url: https://www.spidasoftware.com/projectmanager/switchcompany
?[32;1m[debug]?[0m [phantom] Navigation requested: url=https://www.spidasoftware.com/projectmanager/dashboard/index, type=FormSubmitted, willNavigate=true, isMainFrame=true
Requested Url: https://www.spidasoftware.com/projectmanager/dashboard/index
?[32;1m[debug]?[0m [phantom] url changed to "https://www.spidasoftware.com/projectmanager/dashboard/index"
script timed out
Requested Url: https://www.spidasoftware.com/projectmanager/dashboard/index
?[32;1m[debug]?[0m [phantom] Successfully injected Casper client-side utilities
?[36m[info]?[0m [phantom] Step _step 8/15 https://www.spidasoftware.com/projectmanager/dashboard/index (HTTP 200)
?[36m[info]?[0m [phantom] Step _step 8/15: done in 10100ms.
Requested Url: https://www.spidasoftware.com/projectmanager/assets/fullwidth-712c8be92ed2438fa54c602fa4ead9de.css
Requested Url: https://www.spidasoftware.com/projectmanager/assets/fullwidth-712c8be92ed2438fa54c602fa4ead9de.css
?[36m[info]?[0m [phantom] waitFor() finished in 194ms.
ATMOSPHERE CANCELLED
ATMOSPHERE CANCELLED
?[36m[info]?[0m [phantom] Step anonymous 9/16 https://www.spidasoftware.com/projectmanager/dashboard/index (HTTP 200)
Logged in as: Duke Energy
?[36m[info]?[0m [phantom] Step anonymous 9/16: done in 10315ms.
?[32;1m[debug]?[0m [phantom] opening url: https://www.spidasoftware.com/projectmanager/flow/list, HTTP GET
ATMOSPHERE CANCELLED
Requested Url: https://www.spidasoftware.com/projectmanager/assets/fullwidth-712c8be92ed2438fa54c602fa4ead9de.css
?[32;1m[debug]?[0m [phantom] Navigation requested: url=https://www.spidasoftware.com/projectmanager/flow/list, type=Other, willNavigate=true, isMainFrame=true
?[33m[warning]?[0m [phantom] Loading resource failed with status=fail (HTTP 200): https://www.spidasoftware.com/projectmanager/flow/list
Requested Url: https://www.spidasoftware.com/projectmanager/flow/list
?[32;1m[debug]?[0m [phantom] url changed to "https://www.spidasoftware.com/projectmanager/flow/list"
Requested Url: https://www.spidasoftware.com/projectmanager/flow/list
Requested Url: https://www.spidasoftware.com/projectmanager/assets/admin-d2fddd00cdd8169f120bbf2621fff730.css
Requested Url: https://www.spidasoftware.com/projectmanager/assets/admin-d2fddd00cdd8169f120bbf2621fff730.css
Requested Url: https://www.spidasoftware.com/projectmanager/assets/pm-adcf40c25b31c001f8363843825c5028.css
Requested Url: https://www.spidasoftware.com/projectmanager/assets/pm-adcf40c25b31c001f8363843825c5028.css
Requested Url: https://www.spidasoftware.com/projectmanager/assets/toolbar-d096400c9b5f99e9d2a8ca75f9f09bf1.css
Requested Url: https://www.spidasoftware.com/projectmanager/assets/toolbar-d096400c9b5f99e9d2a8ca75f9f09bf1.css
Requested Url: https://www.spidasoftware.com/projectmanager/assets/fullwidth-712c8be92ed2438fa54c602fa4ead9de.css
Requested Url: https://www.spidasoftware.com/projectmanager/assets/fullwidth-712c8be92ed2438fa54c602fa4ead9de.css
Requested Url: https://www.spidasoftware.com/projectmanager/assets/layout/bg-wrapheader-dd414cb70b5a653f5972d469db7d19e7.gif
Requested Url: https://www.spidasoftware.com/projectmanager/assets/layout/bg-wrapheader-dd414cb70b5a653f5972d469db7d19e7.gif
ATMOSPHERE CANCELLED
ATMOSPHERE CANCELLED
?[32;1m[debug]?[0m [phantom] Successfully injected Casper client-side utilities
?[36m[info]?[0m [phantom] Step openFlowList 11/16 https://www.spidasoftware.com/projectmanager/flow/list (HTTP 200)
Navigating to Flow List
?[36m[info]?[0m [phantom] Step openFlowList 11/16: done in 10717ms.
?[36m[info]?[0m [phantom] Step _step 12/16 https://www.spidasoftware.com/projectmanager/flow/list (HTTP 200)
?[36m[info]?[0m [phantom] Step _step 12/16: done in 10733ms.
Requested Url: https://www.spidasoftware.com/projectmanager/assets/16/plus-c3d7ac6de2f7bb771dd1561a04c9fc30.png
Requested Url: https://www.spidasoftware.com/projectmanager/assets/16/plus-c3d7ac6de2f7bb771dd1561a04c9fc30.png
Requested Url: https://www.spidasoftware.com/projectmanager/assets/default/sorted_asc-df23e44c4c4999383e95e9c8bf5da156.gif
Requested Url: https://www.spidasoftware.com/projectmanager/assets/default/sorted_asc-df23e44c4c4999383e95e9c8bf5da156.gif
?[36m[info]?[0m [phantom] waitFor() finished in 41ms.
?[36m[info]?[0m [phantom] Step clickFlow 13/17 https://www.spidasoftware.com/projectmanager/flow/list (HTTP 200)
Currently at: https://www.spidasoftware.com/projectmanager/flow/list
?[32;1m[debug]?[0m [phantom] Mouse event 'mousedown' on selector: xpath selector: //a[text()="JU Permitting"]
?[32;1m[debug]?[0m [phantom] Mouse event 'mouseup' on selector: xpath selector: //a[text()="JU Permitting"]
?[32;1m[debug]?[0m [phantom] Mouse event 'click' on selector: xpath selector: //a[text()="JU Permitting"]
?[32;1m[debug]?[0m [phantom] Navigation requested: url=https://www.spidasoftware.com/projectmanager/flow/edit/61263, type=LinkClicked, willNavigate=true, isMainFrame=true
Requested Url: https://www.spidasoftware.com/projectmanager/assets/fullwidth-712c8be92ed2438fa54c602fa4ead9de.css
ATMOSPHERE CANCELLED
?[36m[info]?[0m [phantom] Step clickFlow 13/17: done in 10802ms.
?[33m[warning]?[0m [phantom] Loading resource failed with status=fail (HTTP 200): https://www.spidasoftware.com/projectmanager/flow/edit/61263
Requested Url: https://www.spidasoftware.com/projectmanager/flow/edit/61263
?[32;1m[debug]?[0m [phantom] url changed to "https://www.spidasoftware.com/projectmanager/flow/edit/61263"
Requested Url: https://www.spidasoftware.com/projectmanager/flow/edit/61263
Requested Url: https://www.spidasoftware.com/projectmanager/assets/fullwidth-712c8be92ed2438fa54c602fa4ead9de.css
Requested Url: https://www.spidasoftware.com/projectmanager/assets/fullwidth-712c8be92ed2438fa54c602fa4ead9de.css
Requested Url: https://www.spidasoftware.com/projectmanager/assets/manifests/flow-head-db34cb9a3b5664d4e6849d969c2df599.js
Requested Url: https://www.spidasoftware.com/projectmanager/assets/manifests/flow-b89a5ec3639330a36d22d254f66d6096.css
Requested Url: https://www.spidasoftware.com/projectmanager/assets/manifests/flow-body-bad25f25c8303a2ef5f819e7f986267b.js
Requested Url: https://www.spidasoftware.com/projectmanager/assets/manifests/flow-b89a5ec3639330a36d22d254f66d6096.css
Requested Url: https://www.spidasoftware.com/projectmanager/assets/manifests/flow-head-db34cb9a3b5664d4e6849d969c2df599.js
Requested Url: https://www.spidasoftware.com/projectmanager/assets/manifests/flow-body-bad25f25c8303a2ef5f819e7f986267b.js
Requested Url: https://www.spidasoftware.com/projectmanager/assets/fullwidth-712c8be92ed2438fa54c602fa4ead9de.css
Requested Url: https://www.spidasoftware.com/projectmanager/assets/fullwidth-712c8be92ed2438fa54c602fa4ead9de.css
Requested Url: https://www.spidasoftware.com/projectmanager/images/100-90-5-monochrome.png
Requested Url: https://www.spidasoftware.com/projectmanager/images/100-90-5-monochrome.png
ATMOSPHERE CANCELLED
ATMOSPHERE CANCELLED
?[32;1m[debug]?[0m [phantom] Successfully injected Casper client-side utilities
?[36m[info]?[0m [phantom] Step _step 14/17 https://www.spidasoftware.com/projectmanager/flow/edit/61263 (HTTP 200)
?[36m[info]?[0m [phantom] Step _step 14/17: done in 11423ms.
ATMOSPHERE CANCELLED
Requested Url: https://www.spidasoftware.com/projectmanager/flow/flowEdit?id=61263
Requested Url: https://www.spidasoftware.com/projectmanager/flow/flowEdit?id=61263
Requested Url: data:image/svg+xml;base64,PHN2ZyB4bWxucz0iaHR0cDovL3d3dy53My5vcmcvMjAwMC9zdmciIHZlcnNpb249IjEuMSIgeD0iMTJweCIgeT0iMHB4IiB3aWR0aD0iMjRweCIgaGVpZ2h0PSIzcHgiIHZpZXdCb3g9IjAgMCA2IDMiIGVuYWJsZS1iYWNrZ3JvdW5kPSJuZXcgMCAwIDYgMyIgeG1sOnNwYWNlPSJwcmVzZXJ2ZSI+PHBvbHlnb24gcG9pbnRzPSI1Ljk5MiwwIDIuOTkyLDMgLTAuMDA4LDAgIi8+PC9zdmc+
Requested Url: data:image/svg+xml;base64,PHN2ZyB4bWxucz0iaHR0cDovL3d3dy53My5vcmcvMjAwMC9zdmciIHZlcnNpb249IjEuMSIgeD0iMTJweCIgeT0iMHB4IiB3aWR0aD0iMjRweCIgaGVpZ2h0PSIzcHgiIHZpZXdCb3g9IjAgMCA2IDMiIGVuYWJsZS1iYWNrZ3JvdW5kPSJuZXcgMCAwIDYgMyIgeG1sOnNwYWNlPSJwcmVzZXJ2ZSI+PHBvbHlnb24gcG9pbnRzPSI1Ljk5MiwwIDIuOTkyLDMgLTAuMDA4LDAgIi8+PC9zdmc+
Requested Url: https://www.spidasoftware.com/projectmanager/flow/visualJson?id=61263
Requested Url: https://www.spidasoftware.com/projectmanager/flow/visualJson?id=61263
?[36m[info]?[0m [phantom] waitFor() finished in 1060ms.
?[36m[info]?[0m [phantom] Step getOrder 15/18 https://www.spidasoftware.com/projectmanager/flow/edit/61263 (HTTP 200)
?[36m[info]?[0m [phantom] Step getOrder 15/18: done in 12526ms.
?[36m[info]?[0m [phantom] Step _step 16/18 https://www.spidasoftware.com/projectmanager/flow/edit/61263 (HTTP 200)
?[36m[info]?[0m [phantom] Step _step 16/18: done in 12527ms.
Requested Url: https://www.spidasoftware.com/projectmanager/images/tools/add.png
Requested Url: https://www.spidasoftware.com/projectmanager/images/tools/add.png
Requested Url: https://www.spidasoftware.com/projectmanager/images/tools/edit.png
Requested Url: https://www.spidasoftware.com/projectmanager/images/tools/edit.png
Requested Url: https://www.spidasoftware.com/projectmanager/images/tools/delete.png
Requested Url: https://www.spidasoftware.com/projectmanager/images/tools/delete.png
Requested Url: https://www.spidasoftware.com/projectmanager/assets/jquery/chosen-sprite-25b9acb1b504c95c6b95c33986b7317e.png
Requested Url: https://www.spidasoftware.com/projectmanager/assets/jquery/chosen-sprite-25b9acb1b504c95c6b95c33986b7317e.png
?[36m[info]?[0m [phantom] wait() finished waiting for 2000ms.
Currently at: https://www.spidasoftware.com/projectmanager/flow/edit/61263
?[32;1m[debug]?[0m [phantom] Mouse event 'mousedown' on selector: #events_table>table>tbody>tr:nth-child(1)>td:nth-child(5)>a
?[32;1m[debug]?[0m [phantom] Mouse event 'mouseup' on selector: #events_table>table>tbody>tr:nth-child(1)>td:nth-child(5)>a
?[32;1m[debug]?[0m [phantom] Mouse event 'click' on selector: #events_table>table>tbody>tr:nth-child(1)>td:nth-child(5)>a
?[32;1m[debug]?[0m [phantom] Navigation requested: url=https://www.spidasoftware.com/projectmanager/flow/edit/61263#, type=LinkClicked, willNavigate=true, isMainFrame=true
?[32;1m[debug]?[0m [phantom] url changed to "https://www.spidasoftware.com/projectmanager/flow/edit/61263#"
?[36m[info]?[0m [phantom] Step _step 17/18 https://www.spidasoftware.com/projectmanager/flow/edit/61263# (HTTP 200)
?[36m[info]?[0m [phantom] Step _step 17/18: done in 14544ms.
Requested Url: https://www.spidasoftware.com/projectmanager/event/editEvent
Requested Url: https://www.spidasoftware.com/projectmanager/event/editEvent
Requested Url: https://www.spidasoftware.com/projectmanager/assets/16/no-d8558032ad0d69254d51fa76de993f0c.png
Requested Url: https://www.spidasoftware.com/projectmanager/assets/16/no-d8558032ad0d69254d51fa76de993f0c.png
?[36m[info]?[0m [phantom] waitFor() finished in 854ms.
?[36m[info]?[0m [phantom] Step clickActionTab 18/19 https://www.spidasoftware.com/projectmanager/flow/edit/61263# (HTTP 200)
?[32;1m[debug]?[0m [phantom] Mouse event 'mousedown' on selector: form>div>div>dl>dd:nth-child(2)>a
?[32;1m[debug]?[0m [phantom] Mouse event 'mouseup' on selector: form>div>div>dl>dd:nth-child(2)>a
?[32;1m[debug]?[0m [phantom] Mouse event 'click' on selector: form>div>div>dl>dd:nth-child(2)>a
?[36m[info]?[0m [phantom] Step clickActionTab 18/19: done in 15430ms.
?[36m[info]?[0m [phantom] Step _step 19/19 https://www.spidasoftware.com/projectmanager/flow/edit/61263# (HTTP 200)
?[36m[info]?[0m [phantom] Step _step 19/19: done in 15439ms.
?[36m[info]?[0m [phantom] waitFor() finished in 755ms.
?[36m[info]?[0m [phantom] Step chooseAnAction 20/20 https://www.spidasoftware.com/projectmanager/flow/edit/61263# (HTTP 200)
Capturing action: Generate Calc File...
60911
Capturing action: Attachment Details...
60915
Capturing action: FormsToCalc...
60917
Capturing action: FormsFromCalc...
60918
Capturing action: Additional Poles...
61250
Capturing action: JUTimeMarker40FromForm...
61253
Capturing action: Lock Project...
63543
?[36m[info]?[0m [phantom] Step chooseAnAction 20/20: done in 16583ms.
?[36m[info]?[0m [phantom] Step changeOnClickValue 21/34 https://www.spidasoftware.com/projectmanager/flow/edit/61263# (HTTP 200)
?[36m[info]?[0m [phantom] Step changeOnClickValue 21/34: done in 16589ms.
?[36m[info]?[0m [phantom] Step _step 22/34 https://www.spidasoftware.com/projectmanager/flow/edit/61263# (HTTP 200)
?[36m[info]?[0m [phantom] Step _step 22/34: done in 16604ms.
Requested Url: https://www.spidasoftware.com/projectmanager/action/editAction?id=60911
Requested Url: https://www.spidasoftware.com/projectmanager/action/editAction?id=60911
Requested Url: https://www.spidasoftware.com/projectmanager/assets/16/minus-7994d6aeef41ae69ed7c53869a22d015.png
Requested Url: https://www.spidasoftware.com/projectmanager/assets/16/minus-7994d6aeef41ae69ed7c53869a22d015.png
?[36m[info]?[0m [phantom] wait() finished waiting for 2000ms.
?[36m[info]?[0m [phantom] Step _step 23/35 https://www.spidasoftware.com/projectmanager/flow/edit/61263# (HTTP 200)
?[36m[info]?[0m [phantom] Step _step 23/35: done in 18628ms.
?[36m[info]?[0m [phantom] waitFor() finished in 40ms.
?[36m[info]?[0m [phantom] Step waitedForJavascript 24/36 https://www.spidasoftware.com/projectmanager/flow/edit/61263# (HTTP 200)
?[32;1m[debug]?[0m [phantom] Capturing page to /Users/zpeugh/code/min/scripts/flowdocument/pngs/Generate Calc File.png
?[36m[info]?[0m [phantom] Capture saved to /Users/zpeugh/code/min/scripts/flowdocument/pngs/Generate Calc File.png
Captured action: Generate Calc File
?[36m[info]?[0m [phantom] Step waitedForJavascript 24/36: done in 19147ms.
?[36m[info]?[0m [phantom] Step changeOnClickValue 25/36 https://www.spidasoftware.com/projectmanager/flow/edit/61263# (HTTP 200)
?[36m[info]?[0m [phantom] Step changeOnClickValue 25/36: done in 19219ms.
?[36m[info]?[0m [phantom] Step _step 26/36 https://www.spidasoftware.com/projectmanager/flow/edit/61263# (HTTP 200)
?[36m[info]?[0m [phantom] Step _step 26/36: done in 19220ms.
Requested Url: https://www.spidasoftware.com/projectmanager/action/editAction?id=60915
Requested Url: https://www.spidasoftware.com/projectmanager/action/editAction?id=60915
?[36m[info]?[0m [phantom] wait() finished waiting for 2000ms.
?[36m[info]?[0m [phantom] Step _step 27/37 https://www.spidasoftware.com/projectmanager/flow/edit/61263# (HTTP 200)
?[36m[info]?[0m [phantom] Step _step 27/37: done in 21232ms.
?[36m[info]?[0m [phantom] waitFor() finished in 41ms.
?[36m[info]?[0m [phantom] Step waitedForJavascript 28/38 https://www.spidasoftware.com/projectmanager/flow/edit/61263# (HTTP 200)
?[32;1m[debug]?[0m [phantom] Capturing page to /Users/zpeugh/code/min/scripts/flowdocument/pngs/Attachment Details.png
?[36m[info]?[0m [phantom] Capture saved to /Users/zpeugh/code/min/scripts/flowdocument/pngs/Attachment Details.png
Captured action: Attachment Details
?[36m[info]?[0m [phantom] Step waitedForJavascript 28/38: done in 21692ms.
?[36m[info]?[0m [phantom] Step changeOnClickValue 29/38 https://www.spidasoftware.com/projectmanager/flow/edit/61263# (HTTP 200)
?[36m[info]?[0m [phantom] Step changeOnClickValue 29/38: done in 21694ms.
?[36m[info]?[0m [phantom] Step _step 30/38 https://www.spidasoftware.com/projectmanager/flow/edit/61263# (HTTP 200)
?[36m[info]?[0m [phantom] Step _step 30/38: done in 21764ms.
Requested Url: https://www.spidasoftware.com/projectmanager/action/editAction?id=60917
Requested Url: https://www.spidasoftware.com/projectmanager/action/editAction?id=60917
?[36m[info]?[0m [phantom] wait() finished waiting for 2000ms.
?[36m[info]?[0m [phantom] Step _step 31/39 https://www.spidasoftware.com/projectmanager/flow/edit/61263# (HTTP 200)
?[36m[info]?[0m [phantom] Step _step 31/39: done in 23773ms.
?[36m[info]?[0m [phantom] waitFor() finished in 43ms.
?[36m[info]?[0m [phantom] Step waitedForJavascript 32/40 https://www.spidasoftware.com/projectmanager/flow/edit/61263# (HTTP 200)
?[32;1m[debug]?[0m [phantom] Capturing page to /Users/zpeugh/code/min/scripts/flowdocument/pngs/FormsToCalc.png
?[36m[info]?[0m [phantom] Capture saved to /Users/zpeugh/code/min/scripts/flowdocument/pngs/FormsToCalc.png
Captured action: FormsToCalc
?[36m[info]?[0m [phantom] Step waitedForJavascript 32/40: done in 24152ms.
?[36m[info]?[0m [phantom] Step changeOnClickValue 33/40 https://www.spidasoftware.com/projectmanager/flow/edit/61263# (HTTP 200)
?[36m[info]?[0m [phantom] Step changeOnClickValue 33/40: done in 24154ms.
?[36m[info]?[0m [phantom] Step _step 34/40 https://www.spidasoftware.com/projectmanager/flow/edit/61263# (HTTP 200)
?[36m[info]?[0m [phantom] Step _step 34/40: done in 24221ms.
Requested Url: https://www.spidasoftware.com/projectmanager/action/editAction?id=60918
Requested Url: https://www.spidasoftware.com/projectmanager/action/editAction?id=60918
?[36m[info]?[0m [phantom] wait() finished waiting for 2000ms.
?[36m[info]?[0m [phantom] Step _step 35/41 https://www.spidasoftware.com/projectmanager/flow/edit/61263# (HTTP 200)
?[36m[info]?[0m [phantom] Step _step 35/41: done in 26223ms.
?[36m[info]?[0m [phantom] waitFor() finished in 42ms.
?[36m[info]?[0m [phantom] Step waitedForJavascript 36/42 https://www.spidasoftware.com/projectmanager/flow/edit/61263# (HTTP 200)
?[32;1m[debug]?[0m [phantom] Capturing page to /Users/zpeugh/code/min/scripts/flowdocument/pngs/FormsFromCalc.png
?[36m[info]?[0m [phantom] Capture saved to /Users/zpeugh/code/min/scripts/flowdocument/pngs/FormsFromCalc.png
Captured action: FormsFromCalc
?[36m[info]?[0m [phantom] Step waitedForJavascript 36/42: done in 26607ms.
?[36m[info]?[0m [phantom] Step changeOnClickValue 37/42 https://www.spidasoftware.com/projectmanager/flow/edit/61263# (HTTP 200)
?[36m[info]?[0m [phantom] Step changeOnClickValue 37/42: done in 26610ms.
?[36m[info]?[0m [phantom] Step _step 38/42 https://www.spidasoftware.com/projectmanager/flow/edit/61263# (HTTP 200)
?[36m[info]?[0m [phantom] Step _step 38/42: done in 26677ms.
Requested Url: https://www.spidasoftware.com/projectmanager/action/editAction?id=61250
Requested Url: https://www.spidasoftware.com/projectmanager/action/editAction?id=61250
?[36m[info]?[0m [phantom] wait() finished waiting for 2000ms.
?[36m[info]?[0m [phantom] Step _step 39/43 https://www.spidasoftware.com/projectmanager/flow/edit/61263# (HTTP 200)
?[36m[info]?[0m [phantom] Step _step 39/43: done in 28685ms.
?[36m[info]?[0m [phantom] waitFor() finished in 42ms.
?[36m[info]?[0m [phantom] Step waitedForJavascript 40/44 https://www.spidasoftware.com/projectmanager/flow/edit/61263# (HTTP 200)
?[32;1m[debug]?[0m [phantom] Capturing page to /Users/zpeugh/code/min/scripts/flowdocument/pngs/Additional Poles.png
?[36m[info]?[0m [phantom] Capture saved to /Users/zpeugh/code/min/scripts/flowdocument/pngs/Additional Poles.png
Captured action: Additional Poles
?[36m[info]?[0m [phantom] Step waitedForJavascript 40/44: done in 29149ms.
?[36m[info]?[0m [phantom] Step changeOnClickValue 41/44 https://www.spidasoftware.com/projectmanager/flow/edit/61263# (HTTP 200)
?[36m[info]?[0m [phantom] Step changeOnClickValue 41/44: done in 29151ms.
?[36m[info]?[0m [phantom] Step _step 42/44 https://www.spidasoftware.com/projectmanager/flow/edit/61263# (HTTP 200)
?[36m[info]?[0m [phantom] Step _step 42/44: done in 29219ms.
Requested Url: https://www.spidasoftware.com/projectmanager/action/editAction?id=61253
Requested Url: https://www.spidasoftware.com/projectmanager/action/editAction?id=61253
?[36m[info]?[0m [phantom] wait() finished waiting for 2000ms.
?[36m[info]?[0m [phantom] Step _step 43/45 https://www.spidasoftware.com/projectmanager/flow/edit/61263# (HTTP 200)
?[36m[info]?[0m [phantom] Step _step 43/45: done in 31231ms.
?[36m[info]?[0m [phantom] waitFor() finished in 41ms.
?[36m[info]?[0m [phantom] Step waitedForJavascript 44/46 https://www.spidasoftware.com/projectmanager/flow/edit/61263# (HTTP 200)
?[32;1m[debug]?[0m [phantom] Capturing page to /Users/zpeugh/code/min/scripts/flowdocument/pngs/JUTimeMarker40FromForm.png
?[36m[info]?[0m [phantom] Capture saved to /Users/zpeugh/code/min/scripts/flowdocument/pngs/JUTimeMarker40FromForm.png
Captured action: JUTimeMarker40FromForm
?[36m[info]?[0m [phantom] Step waitedForJavascript 44/46: done in 31631ms.
?[36m[info]?[0m [phantom] Step changeOnClickValue 45/46 https://www.spidasoftware.com/projectmanager/flow/edit/61263# (HTTP 200)
?[36m[info]?[0m [phantom] Step changeOnClickValue 45/46: done in 31633ms.
Requested Url: https://www.spidasoftware.com/projectmanager/action/editAction?id=63543
Requested Url: https://www.spidasoftware.com/projectmanager/action/editAction?id=63543
?[36m[info]?[0m [phantom] Step _step 46/46 https://www.spidasoftware.com/projectmanager/flow/edit/61263# (HTTP 200)
?[36m[info]?[0m [phantom] Step _step 46/46: done in 31715ms.
?[36m[info]?[0m [phantom] wait() finished waiting for 2000ms.
?[36m[info]?[0m [phantom] Step _step 47/47 https://www.spidasoftware.com/projectmanager/flow/edit/61263# (HTTP 200)
?[36m[info]?[0m [phantom] Step _step 47/47: done in 33733ms.
?[36m[info]?[0m [phantom] waitFor() finished in 43ms.
?[36m[info]?[0m [phantom] Step waitedForJavascript 48/48 https://www.spidasoftware.com/projectmanager/flow/edit/61263# (HTTP 200)
?[32;1m[debug]?[0m [phantom] Capturing page to /Users/zpeugh/code/min/scripts/flowdocument/pngs/Lock Project.png
?[36m[info]?[0m [phantom] Capture saved to /Users/zpeugh/code/min/scripts/flowdocument/pngs/Lock Project.png
Captured action: Lock Project
?[36m[info]?[0m [phantom] Step waitedForJavascript 48/48: done in 34144ms.
?[36m[info]?[0m [phantom] Done 48 steps in 34144ms
args: Additional~Poles Attachment~Details JUTimeMarker40FromForm FormsToCalc FormsFromCalc Lock~Project Generate~Calc~File
Actions to capture: 
0: Additional Poles
1: Attachment Details
2: JUTimeMarker40FromForm
3: FormsToCalc
4: FormsFromCalc
5: Lock Project
6: Generate Calc File
All actions: [Additional Poles, Attachment Details, JUTimeMarker40FromForm, FormsToCalc, FormsFromCalc, Lock Project, Generate Calc File]
Missed actions: null
Forms to capture: 
1: Form 2 Preliminary (copy)
2: Project Edits
3: Comments
4: Form 48 JPA
5: Planning Pole Form JPA
6: Final Inspection Form (copy) #1
7: Planning Groups
Logged in as: JPO
script timed out
Navigating to Flow Form List
Currently at: https://www.spidasoftware.com/projectmanager/formTemplate/list
Stored screenshot of form: Comments
Stored screenshot of form: Final Inspection Form (copy) #1
Stored screenshot of form: Form 2 Preliminary (copy)
Stored screenshot of form: Form 48 JPA
Stored screenshot of form: Planning Groups
Stored screenshot of form: Planning Pole Form JPA
Stored screenshot of form: Project Edits
Forms to generate: 
0: Form 2 Preliminary (copy)
1: Project Edits
2: Comments
3: Form 48 JPA
4: Planning Pole Form JPA
5: Final Inspection Form (copy) #1
6: Planning Groups
wait timed out
All forms: [Form 2 Preliminary (copy), Project Edits, Comments, Form 48 JPA, Planning Pole Form JPA, Final Inspection Form (copy) #1, Planning Groups]
Missed Forms: null
company name: JPO
flow Name: JPA (1)
2: Email Assignee: Set All Station Statuses
3: Set Sub Planning
4: Create or Update Assets
5: Pull Photos From Calc
6: Email Customer: Complete Forms
7: Email assignee poles not all approved correctstatuses and advance
8: Lock Pole Count
9: Station Action
10: Email Assignee Not all Poles Denied
11: Assign JPO Admin
12: Creat Notification Against Failed Structure IDs
13: Create E2 for Found Poles
14: Add ZJPA Sub Order as Reference Code?
15: Email Customer: Complete Form 48
16: Email: Inspector to complete pole forms
17: Email Customer: Project Closed
18: Pull Forms From Calc
19: Email Inspector: Ensure Forms are Complete and Calc Uploaded(checklist?)
20: Email Planner/Contractor
21: Assign Customer: Corrections Required
22: Update ZJ Notification
23: Create Calc File
24: Assign JPO Agent
25: Email Customer: JPA In Progress
26: Set Sub
27: Assign JPA Manager
28: Create ZJ Notification
29: First 45 Day Clock
30: Email: Customer Rework Required, review station statuses
31: Assign Customer
32: Accept or Reject Station Statuses
33: Send the As Is Layer Measurement Point
34: Assign Planning Groups
35: Mail JPO to a. Change Records (then approve pole(s)) Or b. notice to fix
36: In 45 Days, Email Customer About Form 2 Final
37: Email Customer Cancelled
38: Send As-Designed to SAP
39: Email All Cancelled
40: Email Creator-Deny Stations
41: Email Customer: Some Work Not Completed
42: Update FLOC Unauthorized (not completed as approved stations)
43: Push Forms to Calc
44: Update ZJ Notification Status
45: Remove Time Markers
46: Email: Verify all stations have status
47: Set Station Statuses
48: Assign NDPM Usergroup
49: 9 Months to Complete Inspection
50: 31 Day Reminder (repeating)
51: Email Customer Instructions
52: 18 Months to Complete Construction
53: Email Creator: Complete Denied Pole Form
54: Email Customer Canceled (due to PL)
55: Email Assignee: Complete Forms
56: Unlock Project
57: Email All: Project Being Edited
58: 14 Days to Fix Clock and Auto Advance
59: Email Customer: Denied Notification
60: Email Assignee: All Stations Denied
61: Email Assignee: Set Station Statuses
62: Email Inspector Corrections Required
63: Assign Inspector
?[36m[info]?[0m [phantom] Starting...
?[36m[info]?[0m [phantom] Execution timeout set to 10000ms
?[36m[info]?[0m [phantom] Running suite: 13 steps
?[32;1m[debug]?[0m [phantom] opening url: https://www.spidasoftware.com/projectmanager/, HTTP GET
?[32;1m[debug]?[0m [phantom] Navigation requested: url=https://www.spidasoftware.com/projectmanager/, type=Other, willNavigate=true, isMainFrame=true
Requested Url: https://www.spidasoftware.com/projectmanager/
?[32;1m[debug]?[0m [phantom] Navigation requested: url=https://www.spidasoftware.com/cas/login?service=https://www.spidasoftware.com/projectmanager/j_spring_cas_security_check, type=Other, willNavigate=true, isMainFrame=true
Requested Url: https://www.spidasoftware.com/cas/login?service=https%3A%2F%2Fwww.spidasoftware.com%2Fprojectmanager%2Fj_spring_cas_security_check
?[32;1m[debug]?[0m [phantom] url changed to "https://www.spidasoftware.com/cas/login?service=https://www.spidasoftware.com/projectmanager/j_spring_cas_security_check"
Requested Url: https://www.spidasoftware.com/cas/login?service=https%3A%2F%2Fwww.spidasoftware.com%2Fprojectmanager%2Fj_spring_cas_security_check
Requested Url: https://www.spidasoftware.com/cas/css/cas.css;jsessionid=068BC53E010D11930F1F155BCCF3A9E6
Requested Url: https://www.spidasoftware.com/cas/css/cas.css;jsessionid=068BC53E010D11930F1F155BCCF3A9E6
Requested Url: https://www.spidasoftware.com/cas/css/spida.css
Requested Url: https://www.spidasoftware.com/cas/css/spida.css
Requested Url: https://ajax.googleapis.com/ajax/libs/jqueryui/1.8.5/jquery-ui.min.js
Requested Url: https://ajax.googleapis.com/ajax/libs/jquery/1.4.2/jquery.min.js
Requested Url: https://ajax.googleapis.com/ajax/libs/jquery/1.4.2/jquery.min.js
Requested Url: https://ajax.googleapis.com/ajax/libs/jqueryui/1.8.5/jquery-ui.min.js
Requested Url: https://www.spidasoftware.com/cas/js/jquery-1.9.0.min.js
Requested Url: https://www.spidasoftware.com/cas/js/cas.js;jsessionid=068BC53E010D11930F1F155BCCF3A9E6
Requested Url: https://www.spidasoftware.com/cas/js/cas.js;jsessionid=068BC53E010D11930F1F155BCCF3A9E6
Requested Url: https://www.spidasoftware.com/cas/images/deboss.png
Requested Url: https://www.spidasoftware.com/cas/images/deboss.png
Requested Url: https://www.spidasoftware.com/cas/js/jquery-1.9.0.min.js
Requested Url: https://www.spidasoftware.com/cas/images/key-point_tl.gif
Requested Url: https://www.spidasoftware.com/cas/images/key-point_tl.gif
Requested Url: https://www.spidasoftware.com/cas/images/key-point_bl.gif
Requested Url: https://www.spidasoftware.com/cas/images/key-point_bl.gif
Requested Url: https://www.spidasoftware.com/cas/images/key-point_tr.gif
Requested Url: https://www.spidasoftware.com/cas/images/key-point_tr.gif
Requested Url: https://www.spidasoftware.com/cas/images/spida-small.png
Requested Url: https://www.spidasoftware.com/cas/images/spida-small.png
Requested Url: https://www.spidasoftware.com/cas/images/key-point_br.gif
Requested Url: https://www.spidasoftware.com/cas/images/key-point_br.gif
Requested Url: https://www.spidasoftware.com/cas/images/ja-sig-logo.gif
Requested Url: https://www.spidasoftware.com/cas/images/ja-sig-logo.gif
?[32;1m[debug]?[0m [phantom] Successfully injected Casper client-side utilities
?[32;1m[debug]?[0m [phantom] start page is loaded
?[36m[info]?[0m [phantom] Step login 3/13 https://www.spidasoftware.com/cas/login?service=https://www.spidasoftware.com/projectmanager/j_spring_cas_security_check (HTTP 200)
?[36m[info]?[0m [remote] attempting to fetch form element from selector: 'form#fm1'
?[32;1m[debug]?[0m [remote] Set "username" field value to admin@spidasoftware.com
?[32;1m[debug]?[0m [remote] Set "password" field value to ***************
?[36m[info]?[0m [remote] submitting form to /cas/login;jsessionid=068BC53E010D11930F1F155BCCF3A9E6?service=https%3A%2F%2Fwww.spidasoftware.com%2Fprojectmanager%2Fj_spring_cas_security_check, HTTP POST
?[36m[info]?[0m [phantom] Step login 3/13: done in 1195ms.
?[32;1m[debug]?[0m [phantom] Navigation requested: url=https://www.spidasoftware.com/cas/login;jsessionid=068BC53E010D11930F1F155BCCF3A9E6?service=https://www.spidasoftware.com/projectmanager/j_spring_cas_security_check, type=FormSubmitted, willNavigate=true, isMainFrame=true
Requested Url: https://www.spidasoftware.com/cas/login;jsessionid=068BC53E010D11930F1F155BCCF3A9E6?service=https%3A%2F%2Fwww.spidasoftware.com%2Fprojectmanager%2Fj_spring_cas_security_check
?[32;1m[debug]?[0m [phantom] Navigation requested: url=https://www.spidasoftware.com/projectmanager/j_spring_cas_security_check?ticket=ST-181-AFOZj3r9TMPLFQwikRWe-www.spidasoftware.com, type=FormSubmitted, willNavigate=true, isMainFrame=true
Requested Url: https://www.spidasoftware.com/projectmanager/j_spring_cas_security_check?ticket=ST-181-AFOZj3r9TMPLFQwikRWe-www.spidasoftware.com
?[32;1m[debug]?[0m [phantom] Navigation requested: url=https://www.spidasoftware.com/projectmanager/, type=FormSubmitted, willNavigate=true, isMainFrame=true
Requested Url: https://www.spidasoftware.com/projectmanager/
?[32;1m[debug]?[0m [phantom] url changed to "https://www.spidasoftware.com/projectmanager/"
Requested Url: https://www.spidasoftware.com/projectmanager/
Requested Url: https://www.spidasoftware.com/projectmanager/assets/application-eb20b43cf60215725cfe9f3ee324ab29.css
Requested Url: https://www.spidasoftware.com/projectmanager/assets/application-eb20b43cf60215725cfe9f3ee324ab29.css
Requested Url: https://www.spidasoftware.com/projectmanager/assets/fullwidth-712c8be92ed2438fa54c602fa4ead9de.css
Requested Url: https://www.spidasoftware.com/projectmanager/assets/fullwidth-712c8be92ed2438fa54c602fa4ead9de.css
Requested Url: https://www.spidasoftware.com/projectmanager/assets/layout-740b63f13e950682666c41e738489382.js
Requested Url: https://www.spidasoftware.com/projectmanager/assets/manifests/dashboard-ca798a2aa13668b62f4cfb792b5cb005.js
Requested Url: https://www.spidasoftware.com/projectmanager/assets/manifests/dashboard-bb51ee3aaa45140c7b368ac1257e2bb6.css
Requested Url: https://www.spidasoftware.com/projectmanager/assets/manifests/dashboard-bb51ee3aaa45140c7b368ac1257e2bb6.css
Requested Url: https://www.spidasoftware.com/projectmanager/assets/layout/bg-wrappage-4024e4b9b2f45c38e97593fdc99855fe.gif
Requested Url: https://www.spidasoftware.com/projectmanager/assets/layout/bg-wrappage-4024e4b9b2f45c38e97593fdc99855fe.gif
Requested Url: https://www.spidasoftware.com/projectmanager/assets/layout-740b63f13e950682666c41e738489382.js
Requested Url: https://www.spidasoftware.com/projectmanager/assets/manifests/dashboard-ca798a2aa13668b62f4cfb792b5cb005.js
Requested Url: https://www.spidasoftware.com/projectmanager/assets/fullwidth-712c8be92ed2438fa54c602fa4ead9de.css
Requested Url: https://www.spidasoftware.com/projectmanager/assets/fullwidth-712c8be92ed2438fa54c602fa4ead9de.css
Requested Url: https://www.spidasoftware.com/projectmanager/assets/deboss-ed16c7a3699e4e401f23e3e7338d8546.png
Requested Url: https://www.spidasoftware.com/projectmanager/assets/deboss-ed16c7a3699e4e401f23e3e7338d8546.png
Requested Url: https://www.spidasoftware.com/projectmanager/assets/layout/header-spidamin-e40ce1bb4403d5c7db28e7855d5c74d0.gif
Requested Url: https://www.spidasoftware.com/projectmanager/plugins/layout-3.7/images/32/user.png
Requested Url: https://www.spidasoftware.com/projectmanager/plugins/layout-3.7/images/16/user.png
Requested Url: https://www.spidasoftware.com/projectmanager/assets/ajax-loader-22e80548042a44cb9c0e053d56e5256c.gif
Requested Url: https://www.spidasoftware.com/projectmanager/plugins/layout-3.7/images/32/user.png
Requested Url: https://www.spidasoftware.com/projectmanager/assets/layout/header-spidamin-e40ce1bb4403d5c7db28e7855d5c74d0.gif
Requested Url: https://www.spidasoftware.com/projectmanager/plugins/layout-3.7/images/16/user.png
Requested Url: https://www.spidasoftware.com/projectmanager/assets/ajax-loader-22e80548042a44cb9c0e053d56e5256c.gif
Requested Url: https://www.spidasoftware.com/projectmanager/plugins/layout-3.7/images/16/comment.png
Requested Url: https://www.spidasoftware.com/projectmanager/plugins/layout-3.7/images/16/comment.png
Requested Url: https://www.spidasoftware.com/projectmanager/plugins/layout-3.7/images/16/config.png
Requested Url: https://www.spidasoftware.com/projectmanager/plugins/layout-3.7/images/16/config.png
Requested Url: https://www.spidasoftware.com/projectmanager/assets/menu_indicator-06e43d6d3f303158042880db8bd88a00.png
Requested Url: https://www.spidasoftware.com/projectmanager/plugins/layout-3.7/images/16/logout.png
Requested Url: https://www.spidasoftware.com/projectmanager/assets/menu_indicator-06e43d6d3f303158042880db8bd88a00.png
Requested Url: https://www.spidasoftware.com/projectmanager/plugins/layout-3.7/images/16/logout.png
Requested Url: https://www.spidasoftware.com/projectmanager/assets/Sawasdee-24fcdb41df7fca27205cfb13df8a78aa.ttf
Requested Url: https://www.spidasoftware.com/projectmanager/assets/Sawasdee-Bold-e259f8084233a474a753b405642cbe67.ttf
Requested Url: https://www.spidasoftware.com/projectmanager/assets/16/finished-work-ad9d9abd2436e0648067a59fb689efe0.png
Requested Url: https://www.spidasoftware.com/projectmanager/assets/16/finished-work-ad9d9abd2436e0648067a59fb689efe0.png
Requested Url: https://www.spidasoftware.com/projectmanager/assets/16/save-0eedd6a7239807cde0770a15dd42321b.png
Requested Url: https://www.spidasoftware.com/projectmanager/assets/16/save-0eedd6a7239807cde0770a15dd42321b.png
Requested Url: https://www.spidasoftware.com/projectmanager/assets/16/pie-0250125d48a626c8fc53759e9ab40021.png
Requested Url: https://www.spidasoftware.com/projectmanager/assets/16/pie-0250125d48a626c8fc53759e9ab40021.png
Requested Url: https://www.spidasoftware.com/projectmanager/assets/16/calendar-f8cd1aa487b98cf09ba57257d68f8ae5.png
Requested Url: https://www.spidasoftware.com/projectmanager/assets/16/calendar-f8cd1aa487b98cf09ba57257d68f8ae5.png
Requested Url: https://www.spidasoftware.com/projectmanager/assets/Sawasdee-24fcdb41df7fca27205cfb13df8a78aa.ttf
Requested Url: https://www.spidasoftware.com/projectmanager/assets/Sawasdee-Bold-e259f8084233a474a753b405642cbe67.ttf
Requested Url: https://www.spidasoftware.com/projectmanager/assets/16/statistics-5ac61cbdfeb3383fed3cad7f2ab9feaf.png
Requested Url: https://www.spidasoftware.com/projectmanager/assets/16/statistics-5ac61cbdfeb3383fed3cad7f2ab9feaf.png
Requested Url: https://www.spidasoftware.com/projectmanager/assets/images/ui-bg_glass_75_e6e6e6_1x400-f4254356c2a8c9a383205ef2c4de22c4.png
Requested Url: https://www.spidasoftware.com/projectmanager/assets/images/ui-bg_glass_75_e6e6e6_1x400-f4254356c2a8c9a383205ef2c4de22c4.png
Requested Url: https://www.spidasoftware.com/projectmanager/assets/images/ui-icons_888888_256x240-9c46d7cab43e22a14bad26d2d4806d80.png
Requested Url: https://www.spidasoftware.com/projectmanager/assets/images/ui-icons_888888_256x240-9c46d7cab43e22a14bad26d2d4806d80.png
ATMOSPHERE CANCELLED
ATMOSPHERE CANCELLED
Requested Url: https://www.spidasoftware.com/projectmanager/assets/images/ui-bg_flat_75_ffffff_40x100-8692e6efddf882acbff144c38ea7dfdf.png
Requested Url: https://www.spidasoftware.com/projectmanager/assets/images/ui-bg_flat_75_ffffff_40x100-8692e6efddf882acbff144c38ea7dfdf.png
Requested Url: https://www.spidasoftware.com/projectmanager/assets/images/ui-bg_glass_65_ffffff_1x400-e5a8f32e28fd5c27bf0fed33c8a8b9b5.png
Requested Url: https://www.spidasoftware.com/projectmanager/assets/images/ui-bg_glass_65_ffffff_1x400-e5a8f32e28fd5c27bf0fed33c8a8b9b5.png
Requested Url: https://www.spidasoftware.com/projectmanager/assets/images/ui-icons_222222_256x240-3f3acb42b0d2bfd5f39069b87803eebc.png
Requested Url: https://www.spidasoftware.com/projectmanager/assets/images/ui-icons_222222_256x240-3f3acb42b0d2bfd5f39069b87803eebc.png
ATMOSPHERE CANCELLED
?[32;1m[debug]?[0m [phantom] Successfully injected Casper client-side utilities
?[36m[info]?[0m [phantom] Step _step 4/13 https://www.spidasoftware.com/projectmanager/ (HTTP 200)
?[36m[info]?[0m [phantom] Step _step 4/13: done in 6220ms.
?[36m[info]?[0m [phantom] waitFor() finished in 41ms.
?[36m[info]?[0m [phantom] Step afterLogin 5/14 https://www.spidasoftware.com/projectmanager/ (HTTP 200)
Logged in successfully
?[36m[info]?[0m [phantom] Step afterLogin 5/14: done in 6280ms.
?[36m[info]?[0m [phantom] Step _step 6/14 https://www.spidasoftware.com/projectmanager/ (HTTP 200)
?[36m[info]?[0m [phantom] Step _step 6/14: done in 6304ms.
?[36m[info]?[0m [phantom] waitFor() finished in 47ms.
?[36m[info]?[0m [phantom] Step anonymous 7/15 https://www.spidasoftware.com/projectmanager/ (HTTP 200)
?[32;1m[debug]?[0m [phantom] Mouse event 'mousedown' on selector: xpath selector: //*[text()="JPO"]
?[32;1m[debug]?[0m [phantom] Mouse event 'mouseup' on selector: xpath selector: //*[text()="JPO"]
?[32;1m[debug]?[0m [phantom] Mouse event 'click' on selector: xpath selector: //*[text()="JPO"]
?[32;1m[debug]?[0m [phantom] Navigation requested: url=https://www.spidasoftware.com/projectmanager/#, type=LinkClicked, willNavigate=true, isMainFrame=true
?[32;1m[debug]?[0m [phantom] url changed to "https://www.spidasoftware.com/projectmanager/#"
?[36m[info]?[0m [phantom] Step anonymous 7/15: done in 6383ms.
?[32;1m[debug]?[0m [phantom] Navigation requested: url=https://www.spidasoftware.com/projectmanager/switchcompany, type=FormSubmitted, willNavigate=true, isMainFrame=true
ATMOSPHERE CANCELLED
?[33m[warning]?[0m [phantom] Loading resource failed with status=fail (HTTP 200): https://www.spidasoftware.com/projectmanager/switchcompany
Requested Url: https://www.spidasoftware.com/projectmanager/switchcompany
?[32;1m[debug]?[0m [phantom] Navigation requested: url=https://www.spidasoftware.com/projectmanager/dashboard/index, type=FormSubmitted, willNavigate=true, isMainFrame=true
Requested Url: https://www.spidasoftware.com/projectmanager/dashboard/index
?[32;1m[debug]?[0m [phantom] url changed to "https://www.spidasoftware.com/projectmanager/dashboard/index"
Requested Url: https://www.spidasoftware.com/projectmanager/dashboard/index
Requested Url: https://www.spidasoftware.com/projectmanager/assets/fullwidth-712c8be92ed2438fa54c602fa4ead9de.css
Requested Url: https://www.spidasoftware.com/projectmanager/assets/fullwidth-712c8be92ed2438fa54c602fa4ead9de.css
ATMOSPHERE CANCELLED
ATMOSPHERE CANCELLED
?[32;1m[debug]?[0m [phantom] Successfully injected Casper client-side utilities
?[36m[info]?[0m [phantom] Step _step 8/15 https://www.spidasoftware.com/projectmanager/dashboard/index (HTTP 200)
?[36m[info]?[0m [phantom] Step _step 8/15: done in 9472ms.
?[36m[info]?[0m [phantom] waitFor() finished in 42ms.
?[36m[info]?[0m [phantom] Step anonymous 9/16 https://www.spidasoftware.com/projectmanager/dashboard/index (HTTP 200)
Logged in as: JPO
?[36m[info]?[0m [phantom] Step anonymous 9/16: done in 9532ms.
?[32;1m[debug]?[0m [phantom] opening url: https://www.spidasoftware.com/projectmanager/flow/list, HTTP GET
ATMOSPHERE CANCELLED
Requested Url: https://www.spidasoftware.com/projectmanager/assets/fullwidth-712c8be92ed2438fa54c602fa4ead9de.css
?[32;1m[debug]?[0m [phantom] Navigation requested: url=https://www.spidasoftware.com/projectmanager/flow/list, type=Other, willNavigate=true, isMainFrame=true
?[33m[warning]?[0m [phantom] Loading resource failed with status=fail (HTTP 200): https://www.spidasoftware.com/projectmanager/flow/list
Requested Url: https://www.spidasoftware.com/projectmanager/flow/list
?[32;1m[debug]?[0m [phantom] url changed to "https://www.spidasoftware.com/projectmanager/flow/list"
Requested Url: https://www.spidasoftware.com/projectmanager/flow/list
Requested Url: https://www.spidasoftware.com/projectmanager/assets/admin-d2fddd00cdd8169f120bbf2621fff730.css
Requested Url: https://www.spidasoftware.com/projectmanager/assets/admin-d2fddd00cdd8169f120bbf2621fff730.css
Requested Url: https://www.spidasoftware.com/projectmanager/assets/toolbar-d096400c9b5f99e9d2a8ca75f9f09bf1.css
Requested Url: https://www.spidasoftware.com/projectmanager/assets/pm-adcf40c25b31c001f8363843825c5028.css
Requested Url: https://www.spidasoftware.com/projectmanager/assets/toolbar-d096400c9b5f99e9d2a8ca75f9f09bf1.css
Requested Url: https://www.spidasoftware.com/projectmanager/assets/pm-adcf40c25b31c001f8363843825c5028.css
Requested Url: https://www.spidasoftware.com/projectmanager/assets/fullwidth-712c8be92ed2438fa54c602fa4ead9de.css
Requested Url: https://www.spidasoftware.com/projectmanager/assets/fullwidth-712c8be92ed2438fa54c602fa4ead9de.css
ATMOSPHERE CANCELLED
ATMOSPHERE CANCELLED
?[32;1m[debug]?[0m [phantom] Successfully injected Casper client-side utilities
?[36m[info]?[0m [phantom] Step openFlowList 11/16 https://www.spidasoftware.com/projectmanager/flow/list (HTTP 200)
Navigating to Flow List
?[36m[info]?[0m [phantom] Step openFlowList 11/16: done in 9971ms.
Requested Url: https://www.spidasoftware.com/projectmanager/assets/default/sorted_asc-df23e44c4c4999383e95e9c8bf5da156.gif
Requested Url: https://www.spidasoftware.com/projectmanager/assets/layout/bg-wrapheader-dd414cb70b5a653f5972d469db7d19e7.gif
Requested Url: https://www.spidasoftware.com/projectmanager/assets/16/plus-c3d7ac6de2f7bb771dd1561a04c9fc30.png
Requested Url: https://www.spidasoftware.com/projectmanager/assets/default/sorted_asc-df23e44c4c4999383e95e9c8bf5da156.gif
Requested Url: https://www.spidasoftware.com/projectmanager/assets/layout/bg-wrapheader-dd414cb70b5a653f5972d469db7d19e7.gif
Requested Url: https://www.spidasoftware.com/projectmanager/assets/16/plus-c3d7ac6de2f7bb771dd1561a04c9fc30.png
?[36m[info]?[0m [phantom] Step _step 12/16 https://www.spidasoftware.com/projectmanager/flow/list (HTTP 200)
?[36m[info]?[0m [phantom] Step _step 12/16: done in 9986ms.
script timed out
?[36m[info]?[0m [phantom] waitFor() finished in 46ms.
?[36m[info]?[0m [phantom] Step clickFlow 13/17 https://www.spidasoftware.com/projectmanager/flow/list (HTTP 200)
Currently at: https://www.spidasoftware.com/projectmanager/flow/list
?[32;1m[debug]?[0m [phantom] Mouse event 'mousedown' on selector: xpath selector: //a[text()="JPA (1)"]
?[32;1m[debug]?[0m [phantom] Mouse event 'mouseup' on selector: xpath selector: //a[text()="JPA (1)"]
?[32;1m[debug]?[0m [phantom] Mouse event 'click' on selector: xpath selector: //a[text()="JPA (1)"]
?[32;1m[debug]?[0m [phantom] Navigation requested: url=https://www.spidasoftware.com/projectmanager/flow/edit/88868, type=LinkClicked, willNavigate=true, isMainFrame=true
ATMOSPHERE CANCELLED
Requested Url: https://www.spidasoftware.com/projectmanager/assets/fullwidth-712c8be92ed2438fa54c602fa4ead9de.css
?[36m[info]?[0m [phantom] Step clickFlow 13/17: done in 10064ms.
?[33m[warning]?[0m [phantom] Loading resource failed with status=fail (HTTP 200): https://www.spidasoftware.com/projectmanager/flow/edit/88868
Requested Url: https://www.spidasoftware.com/projectmanager/flow/edit/88868
?[32;1m[debug]?[0m [phantom] url changed to "https://www.spidasoftware.com/projectmanager/flow/edit/88868"
Requested Url: https://www.spidasoftware.com/projectmanager/flow/edit/88868
Requested Url: https://www.spidasoftware.com/projectmanager/assets/fullwidth-712c8be92ed2438fa54c602fa4ead9de.css
Requested Url: https://www.spidasoftware.com/projectmanager/assets/fullwidth-712c8be92ed2438fa54c602fa4ead9de.css
Requested Url: https://www.spidasoftware.com/projectmanager/assets/manifests/flow-b89a5ec3639330a36d22d254f66d6096.css
Requested Url: https://www.spidasoftware.com/projectmanager/assets/manifests/flow-head-db34cb9a3b5664d4e6849d969c2df599.js
Requested Url: https://www.spidasoftware.com/projectmanager/assets/manifests/flow-b89a5ec3639330a36d22d254f66d6096.css
Requested Url: https://www.spidasoftware.com/projectmanager/assets/manifests/flow-body-bad25f25c8303a2ef5f819e7f986267b.js
Requested Url: https://www.spidasoftware.com/projectmanager/assets/manifests/flow-head-db34cb9a3b5664d4e6849d969c2df599.js
Requested Url: https://www.spidasoftware.com/projectmanager/assets/manifests/flow-body-bad25f25c8303a2ef5f819e7f986267b.js
Requested Url: https://www.spidasoftware.com/projectmanager/assets/fullwidth-712c8be92ed2438fa54c602fa4ead9de.css
Requested Url: https://www.spidasoftware.com/projectmanager/assets/fullwidth-712c8be92ed2438fa54c602fa4ead9de.css
Requested Url: https://www.spidasoftware.com/projectmanager/images/100-90-5-monochrome.png
ATMOSPHERE CANCELLED
ATMOSPHERE CANCELLED
?[32;1m[debug]?[0m [phantom] Successfully injected Casper client-side utilities
?[36m[info]?[0m [phantom] Step _step 14/17 https://www.spidasoftware.com/projectmanager/flow/edit/88868 (HTTP 200)
?[36m[info]?[0m [phantom] Step _step 14/17: done in 10989ms.
Requested Url: https://www.spidasoftware.com/projectmanager/images/100-90-5-monochrome.png
Requested Url: https://www.spidasoftware.com/projectmanager/flow/flowEdit?id=88868
Requested Url: https://www.spidasoftware.com/projectmanager/flow/flowEdit?id=88868
ATMOSPHERE CANCELLED
Requested Url: data:image/svg+xml;base64,PHN2ZyB4bWxucz0iaHR0cDovL3d3dy53My5vcmcvMjAwMC9zdmciIHZlcnNpb249IjEuMSIgeD0iMTJweCIgeT0iMHB4IiB3aWR0aD0iMjRweCIgaGVpZ2h0PSIzcHgiIHZpZXdCb3g9IjAgMCA2IDMiIGVuYWJsZS1iYWNrZ3JvdW5kPSJuZXcgMCAwIDYgMyIgeG1sOnNwYWNlPSJwcmVzZXJ2ZSI+PHBvbHlnb24gcG9pbnRzPSI1Ljk5MiwwIDIuOTkyLDMgLTAuMDA4LDAgIi8+PC9zdmc+
Requested Url: data:image/svg+xml;base64,PHN2ZyB4bWxucz0iaHR0cDovL3d3dy53My5vcmcvMjAwMC9zdmciIHZlcnNpb249IjEuMSIgeD0iMTJweCIgeT0iMHB4IiB3aWR0aD0iMjRweCIgaGVpZ2h0PSIzcHgiIHZpZXdCb3g9IjAgMCA2IDMiIGVuYWJsZS1iYWNrZ3JvdW5kPSJuZXcgMCAwIDYgMyIgeG1sOnNwYWNlPSJwcmVzZXJ2ZSI+PHBvbHlnb24gcG9pbnRzPSI1Ljk5MiwwIDIuOTkyLDMgLTAuMDA4LDAgIi8+PC9zdmc+
Requested Url: https://www.spidasoftware.com/projectmanager/flow/visualJson?id=88868
?[36m[info]?[0m [phantom] waitFor() finished in 262ms.
?[36m[info]?[0m [phantom] Step getOrder 15/18 https://www.spidasoftware.com/projectmanager/flow/edit/88868 (HTTP 200)
?[36m[info]?[0m [phantom] Step getOrder 15/18: done in 11328ms.
?[36m[info]?[0m [phantom] Step _step 16/18 https://www.spidasoftware.com/projectmanager/flow/edit/88868 (HTTP 200)
?[36m[info]?[0m [phantom] Step _step 16/18: done in 11329ms.
Requested Url: https://www.spidasoftware.com/projectmanager/flow/visualJson?id=88868
Requested Url: https://www.spidasoftware.com/projectmanager/assets/jquery/chosen-sprite-25b9acb1b504c95c6b95c33986b7317e.png
Requested Url: https://www.spidasoftware.com/projectmanager/assets/jquery/chosen-sprite-25b9acb1b504c95c6b95c33986b7317e.png
?[36m[info]?[0m [phantom] wait() finished waiting for 2000ms.
Currently at: https://www.spidasoftware.com/projectmanager/flow/edit/88868
?[32;1m[debug]?[0m [phantom] Mouse event 'mousedown' on selector: #events_table>table>tbody>tr:nth-child(1)>td:nth-child(5)>a
?[32;1m[debug]?[0m [phantom] Mouse event 'mouseup' on selector: #events_table>table>tbody>tr:nth-child(1)>td:nth-child(5)>a
?[32;1m[debug]?[0m [phantom] Mouse event 'click' on selector: #events_table>table>tbody>tr:nth-child(1)>td:nth-child(5)>a
?[32;1m[debug]?[0m [phantom] Navigation requested: url=https://www.spidasoftware.com/projectmanager/flow/edit/88868#, type=LinkClicked, willNavigate=true, isMainFrame=true
?[32;1m[debug]?[0m [phantom] url changed to "https://www.spidasoftware.com/projectmanager/flow/edit/88868#"
?[36m[info]?[0m [phantom] Step _step 17/18 https://www.spidasoftware.com/projectmanager/flow/edit/88868# (HTTP 200)
?[36m[info]?[0m [phantom] Step _step 17/18: done in 15682ms.
Requested Url: https://www.spidasoftware.com/projectmanager/images/tools/edit.png
Requested Url: https://www.spidasoftware.com/projectmanager/images/tools/edit.png
Requested Url: https://www.spidasoftware.com/projectmanager/images/tools/add.png
Requested Url: https://www.spidasoftware.com/projectmanager/images/tools/add.png
Requested Url: https://www.spidasoftware.com/projectmanager/images/tools/delete.png
Requested Url: https://www.spidasoftware.com/projectmanager/images/tools/delete.png
Requested Url: https://www.spidasoftware.com/projectmanager/event/editEvent
Requested Url: https://www.spidasoftware.com/projectmanager/event/editEvent
Requested Url: https://www.spidasoftware.com/projectmanager/assets/16/no-d8558032ad0d69254d51fa76de993f0c.png
Requested Url: https://www.spidasoftware.com/projectmanager/assets/16/no-d8558032ad0d69254d51fa76de993f0c.png
?[36m[info]?[0m [phantom] waitFor() finished in 2589ms.
?[36m[info]?[0m [phantom] Step clickActionTab 18/19 https://www.spidasoftware.com/projectmanager/flow/edit/88868# (HTTP 200)
?[32;1m[debug]?[0m [phantom] Mouse event 'mousedown' on selector: form>div>div>dl>dd:nth-child(2)>a
?[32;1m[debug]?[0m [phantom] Mouse event 'mouseup' on selector: form>div>div>dl>dd:nth-child(2)>a
?[32;1m[debug]?[0m [phantom] Mouse event 'click' on selector: form>div>div>dl>dd:nth-child(2)>a
?[36m[info]?[0m [phantom] Step clickActionTab 18/19: done in 18308ms.
?[36m[info]?[0m [phantom] Step _step 19/19 https://www.spidasoftware.com/projectmanager/flow/edit/88868# (HTTP 200)
?[36m[info]?[0m [phantom] Step _step 19/19: done in 18310ms.
?[36m[info]?[0m [phantom] waitFor() finished in 4470ms.
?[36m[info]?[0m [phantom] Step chooseAnAction 20/20 https://www.spidasoftware.com/projectmanager/flow/edit/88868# (HTTP 200)
Capturing action: Update ZJ Notification Status...
88918
Capturing action: Push Forms to Calc...
88919
Capturing action: Remove Time Markers...
88927
Capturing action: Set Station Statuses...
88932
Capturing action: Email: Verify all stations have status...
88933
Capturing action: Assign NDPM Usergroup...
88934
Capturing action: 31 Day Reminder (repeating)...
88936
Capturing action: 9 Months to Complete Inspection...
88937
Capturing action: Email Assignee: Complete Forms...
89070
Capturing action: Assign Customer...
88902
Capturing action: Assign Customer: Corrections Required...
88886
Capturing action: Create Calc File...
88888
Capturing action: Update ZJ Notification...
88889
Capturing action: Email Customer: JPA In Progress...
88890
Capturing action: Assign JPO Agent...
88891
Capturing action: Set Sub...
88892
Capturing action: Email: Customer Rework Required, review station statuses...
88901
Capturing action: Send the As Is Layer Measurement Point...
88904
Capturing action: Accept or Reject Station Statuses...
88905
Capturing action: Assign Planning Groups...
88907
Capturing action: Email All Cancelled...
88910
Capturing action: Email Customer Cancelled...
88911
Capturing action: Email Creator-Deny Stations...
88913
Capturing action: Email Customer: Some Work Not Completed...
88915
Capturing action: Update FLOC Unauthorized (not completed as approved stations)...
88917
Capturing action: 18 Months to Complete Construction...
88938
Capturing action: Email Customer Instructions...
88939
Capturing action: Email Creator: Complete Denied Pole Form...
88941
Capturing action: Email Customer Canceled (due to PL)...
88943
Capturing action: 14 Days to Fix Clock and Auto Advance...
88946
Capturing action: Email Customer: Denied Notification...
88951
Capturing action: Email Assignee: All Stations Denied...
88953
Capturing action: Assign Inspector...
88956
Capturing action: Email Inspector Corrections Required...
88957
Capturing action: Email Assignee: Set All Station Statuses...
88961
Capturing action: Set Sub Planning...
88963
Capturing action: Pull Photos From Calc...
88964
Capturing action: Create or Update Assets...
88965
Capturing action: Email Customer: Complete Forms...
88967
Capturing action: Email assignee poles not all approved correctstatuses and advance...
88970
Capturing action: Station Action...
88972
Capturing action: Lock Pole Count...
88973
Capturing action: Email Assignee Not all Poles Denied...
88975
Capturing action: Assign JPO Admin...
88978
Capturing action: Create E2 for Found Poles...
88980
Capturing action: Creat Notification Against Failed Structure IDs...
88981
Capturing action: Add ZJPA Sub Order as Reference Code?...
88982
Capturing action: Email Customer: Complete Form 48...
88985
Capturing action: Email: Inspector to complete pole forms...
88989
Capturing action: Email Customer: Project Closed...
88994
Capturing action: Email Inspector: Ensure Forms are Complete and Calc Uploaded(checklist?)...
89000
Capturing action: Pull Forms From Calc...
89001
Capturing action: Email Planner/Contractor...
89003
Capturing action: Create ZJ Notification...
89024
Capturing action: Assign JPA Manager...
89025
Capturing action: First 45 Day Clock...
89026
Capturing action: Mail JPO to a. Change Records (then approve pole(s)) Or b. notice to fix...
89035
Capturing action: In 45 Days, Email Customer About Form 2 Final...
89037
Capturing action: Send As-Designed to SAP...
89038
Capturing action: Email All: Project Being Edited...
89072
Capturing action: Unlock Project...
89073
Capturing action: Email Assignee: Set Station Statuses...
89080
?[36m[info]?[0m [phantom] Step chooseAnAction 20/20: done in 30713ms.
?[36m[info]?[0m [phantom] Step changeOnClickValue 21/144 https://www.spidasoftware.com/projectmanager/flow/edit/88868# (HTTP 200)
?[36m[info]?[0m [phantom] Step changeOnClickValue 21/144: done in 30717ms.
?[36m[info]?[0m [phantom] Step _step 22/144 https://www.spidasoftware.com/projectmanager/flow/edit/88868# (HTTP 200)
?[36m[info]?[0m [phantom] Step _step 22/144: done in 30734ms.
Requested Url: https://www.spidasoftware.com/projectmanager/action/editAction?id=88918
Requested Url: https://www.spidasoftware.com/projectmanager/action/editAction?id=88918
Requested Url: https://www.spidasoftware.com/projectmanager/assets/16/minus-7994d6aeef41ae69ed7c53869a22d015.png
Requested Url: https://www.spidasoftware.com/projectmanager/assets/16/minus-7994d6aeef41ae69ed7c53869a22d015.png
?[36m[info]?[0m [phantom] wait() finished waiting for 2000ms.
?[36m[info]?[0m [phantom] Step _step 23/145 https://www.spidasoftware.com/projectmanager/flow/edit/88868# (HTTP 200)
?[36m[info]?[0m [phantom] Step _step 23/145: done in 32749ms.
?[36m[info]?[0m [phantom] waitFor() finished in 40ms.
?[36m[info]?[0m [phantom] Step waitedForJavascript 24/146 https://www.spidasoftware.com/projectmanager/flow/edit/88868# (HTTP 200)
?[32;1m[debug]?[0m [phantom] Capturing page to /Users/zpeugh/code/min/scripts/flowdocument/pngs/Update ZJ Notification Status.png
?[36m[info]?[0m [phantom] Capture saved to /Users/zpeugh/code/min/scripts/flowdocument/pngs/Update ZJ Notification Status.png
Captured action: Update ZJ Notification Status
?[36m[info]?[0m [phantom] Step waitedForJavascript 24/146: done in 33325ms.
?[36m[info]?[0m [phantom] Step changeOnClickValue 25/146 https://www.spidasoftware.com/projectmanager/flow/edit/88868# (HTTP 200)
?[36m[info]?[0m [phantom] Step changeOnClickValue 25/146: done in 33475ms.
?[36m[info]?[0m [phantom] Step _step 26/146 https://www.spidasoftware.com/projectmanager/flow/edit/88868# (HTTP 200)
?[36m[info]?[0m [phantom] Step _step 26/146: done in 33531ms.
Requested Url: https://www.spidasoftware.com/projectmanager/action/editAction?id=88919
Requested Url: https://www.spidasoftware.com/projectmanager/action/editAction?id=88919
?[36m[info]?[0m [phantom] wait() finished waiting for 2000ms.
?[36m[info]?[0m [phantom] Step _step 27/147 https://www.spidasoftware.com/projectmanager/flow/edit/88868# (HTTP 200)
?[36m[info]?[0m [phantom] Step _step 27/147: done in 35540ms.
?[36m[info]?[0m [phantom] waitFor() finished in 42ms.
?[36m[info]?[0m [phantom] Step waitedForJavascript 28/148 https://www.spidasoftware.com/projectmanager/flow/edit/88868# (HTTP 200)
?[32;1m[debug]?[0m [phantom] Capturing page to /Users/zpeugh/code/min/scripts/flowdocument/pngs/Push Forms to Calc.png
?[36m[info]?[0m [phantom] Capture saved to /Users/zpeugh/code/min/scripts/flowdocument/pngs/Push Forms to Calc.png
Captured action: Push Forms to Calc
?[36m[info]?[0m [phantom] Step waitedForJavascript 28/148: done in 36033ms.
?[36m[info]?[0m [phantom] Step changeOnClickValue 29/148 https://www.spidasoftware.com/projectmanager/flow/edit/88868# (HTTP 200)
?[36m[info]?[0m [phantom] Step changeOnClickValue 29/148: done in 36122ms.
?[36m[info]?[0m [phantom] Step _step 30/148 https://www.spidasoftware.com/projectmanager/flow/edit/88868# (HTTP 200)
?[36m[info]?[0m [phantom] Step _step 30/148: done in 36225ms.
Requested Url: https://www.spidasoftware.com/projectmanager/action/editAction?id=88927
Requested Url: https://www.spidasoftware.com/projectmanager/action/editAction?id=88927
?[36m[info]?[0m [phantom] wait() finished waiting for 2000ms.
?[36m[info]?[0m [phantom] Step _step 31/149 https://www.spidasoftware.com/projectmanager/flow/edit/88868# (HTTP 200)
?[36m[info]?[0m [phantom] Step _step 31/149: done in 38240ms.
?[36m[info]?[0m [phantom] waitFor() finished in 40ms.
?[36m[info]?[0m [phantom] Step waitedForJavascript 32/150 https://www.spidasoftware.com/projectmanager/flow/edit/88868# (HTTP 200)
?[32;1m[debug]?[0m [phantom] Capturing page to /Users/zpeugh/code/min/scripts/flowdocument/pngs/Remove Time Markers.png
?[36m[info]?[0m [phantom] Capture saved to /Users/zpeugh/code/min/scripts/flowdocument/pngs/Remove Time Markers.png
Captured action: Remove Time Markers
?[36m[info]?[0m [phantom] Step waitedForJavascript 32/150: done in 38732ms.
?[36m[info]?[0m [phantom] Step changeOnClickValue 33/150 https://www.spidasoftware.com/projectmanager/flow/edit/88868# (HTTP 200)
?[36m[info]?[0m [phantom] Step changeOnClickValue 33/150: done in 38734ms.
Requested Url: https://www.spidasoftware.com/projectmanager/action/editAction?id=88932
Requested Url: https://www.spidasoftware.com/projectmanager/action/editAction?id=88932
?[36m[info]?[0m [phantom] Step _step 34/150 https://www.spidasoftware.com/projectmanager/flow/edit/88868# (HTTP 200)
?[36m[info]?[0m [phantom] Step _step 34/150: done in 38885ms.
?[36m[info]?[0m [phantom] wait() finished waiting for 2000ms.
?[36m[info]?[0m [phantom] Step _step 35/151 https://www.spidasoftware.com/projectmanager/flow/edit/88868# (HTTP 200)
?[36m[info]?[0m [phantom] Step _step 35/151: done in 40900ms.
?[36m[info]?[0m [phantom] waitFor() finished in 42ms.
?[36m[info]?[0m [phantom] Step waitedForJavascript 36/152 https://www.spidasoftware.com/projectmanager/flow/edit/88868# (HTTP 200)
?[32;1m[debug]?[0m [phantom] Capturing page to /Users/zpeugh/code/min/scripts/flowdocument/pngs/Set Station Statuses.png
?[36m[info]?[0m [phantom] Capture saved to /Users/zpeugh/code/min/scripts/flowdocument/pngs/Set Station Statuses.png
Captured action: Set Station Statuses
?[36m[info]?[0m [phantom] Step waitedForJavascript 36/152: done in 41345ms.
?[36m[info]?[0m [phantom] Step changeOnClickValue 37/152 https://www.spidasoftware.com/projectmanager/flow/edit/88868# (HTTP 200)
?[36m[info]?[0m [phantom] Step changeOnClickValue 37/152: done in 41347ms.
Requested Url: https://www.spidasoftware.com/projectmanager/action/editAction?id=88933
Requested Url: https://www.spidasoftware.com/projectmanager/action/editAction?id=88933
?[36m[info]?[0m [phantom] Step _step 38/152 https://www.spidasoftware.com/projectmanager/flow/edit/88868# (HTTP 200)
?[36m[info]?[0m [phantom] Step _step 38/152: done in 41497ms.
ATMOSPHERE CANCELLED
ATMOSPHERE CANCELLED
?[36m[info]?[0m [phantom] wait() finished waiting for 2000ms.
?[36m[info]?[0m [phantom] Step _step 39/153 https://www.spidasoftware.com/projectmanager/flow/edit/88868# (HTTP 200)
?[36m[info]?[0m [phantom] Step _step 39/153: done in 43517ms.
?[36m[info]?[0m [phantom] waitFor() finished in 40ms.
?[36m[info]?[0m [phantom] Step waitedForJavascript 40/154 https://www.spidasoftware.com/projectmanager/flow/edit/88868# (HTTP 200)
?[32;1m[debug]?[0m [phantom] Capturing page to /Users/zpeugh/code/min/scripts/flowdocument/pngs/Email: Verify all stations have status.png
?[36m[info]?[0m [phantom] Capture saved to /Users/zpeugh/code/min/scripts/flowdocument/pngs/Email: Verify all stations have status.png
Captured action: Email: Verify all stations have status
?[36m[info]?[0m [phantom] Step waitedForJavascript 40/154: done in 44037ms.
?[36m[info]?[0m [phantom] Step changeOnClickValue 41/154 https://www.spidasoftware.com/projectmanager/flow/edit/88868# (HTTP 200)
?[36m[info]?[0m [phantom] Step changeOnClickValue 41/154: done in 44132ms.
?[36m[info]?[0m [phantom] Step _step 42/154 https://www.spidasoftware.com/projectmanager/flow/edit/88868# (HTTP 200)
?[36m[info]?[0m [phantom] Step _step 42/154: done in 44243ms.
Requested Url: https://www.spidasoftware.com/projectmanager/action/editAction?id=88934
Requested Url: https://www.spidasoftware.com/projectmanager/action/editAction?id=88934
?[36m[info]?[0m [phantom] wait() finished waiting for 2000ms.
?[36m[info]?[0m [phantom] Step _step 43/155 https://www.spidasoftware.com/projectmanager/flow/edit/88868# (HTTP 200)
?[36m[info]?[0m [phantom] Step _step 43/155: done in 46246ms.
?[36m[info]?[0m [phantom] waitFor() finished in 40ms.
?[36m[info]?[0m [phantom] Step waitedForJavascript 44/156 https://www.spidasoftware.com/projectmanager/flow/edit/88868# (HTTP 200)
?[32;1m[debug]?[0m [phantom] Capturing page to /Users/zpeugh/code/min/scripts/flowdocument/pngs/Assign NDPM Usergroup.png
?[36m[info]?[0m [phantom] Capture saved to /Users/zpeugh/code/min/scripts/flowdocument/pngs/Assign NDPM Usergroup.png
Captured action: Assign NDPM Usergroup
?[36m[info]?[0m [phantom] Step waitedForJavascript 44/156: done in 46765ms.
?[36m[info]?[0m [phantom] Step changeOnClickValue 45/156 https://www.spidasoftware.com/projectmanager/flow/edit/88868# (HTTP 200)
?[36m[info]?[0m [phantom] Step changeOnClickValue 45/156: done in 46886ms.
Requested Url: https://www.spidasoftware.com/projectmanager/action/editAction?id=88936
Requested Url: https://www.spidasoftware.com/projectmanager/action/editAction?id=88936
?[36m[info]?[0m [phantom] Step _step 46/156 https://www.spidasoftware.com/projectmanager/flow/edit/88868# (HTTP 200)
?[36m[info]?[0m [phantom] Step _step 46/156: done in 47023ms.
?[36m[info]?[0m [phantom] wait() finished waiting for 2000ms.
?[36m[info]?[0m [phantom] Step _step 47/157 https://www.spidasoftware.com/projectmanager/flow/edit/88868# (HTTP 200)
?[36m[info]?[0m [phantom] Step _step 47/157: done in 49035ms.
?[36m[info]?[0m [phantom] waitFor() finished in 40ms.
?[36m[info]?[0m [phantom] Step waitedForJavascript 48/158 https://www.spidasoftware.com/projectmanager/flow/edit/88868# (HTTP 200)
?[32;1m[debug]?[0m [phantom] Capturing page to /Users/zpeugh/code/min/scripts/flowdocument/pngs/31 Day Reminder (repeating).png
?[36m[info]?[0m [phantom] Capture saved to /Users/zpeugh/code/min/scripts/flowdocument/pngs/31 Day Reminder (repeating).png
Captured action: 31 Day Reminder (repeating)
?[36m[info]?[0m [phantom] Step waitedForJavascript 48/158: done in 49533ms.
?[36m[info]?[0m [phantom] Step changeOnClickValue 49/158 https://www.spidasoftware.com/projectmanager/flow/edit/88868# (HTTP 200)
?[36m[info]?[0m [phantom] Step changeOnClickValue 49/158: done in 49535ms.
Requested Url: https://www.spidasoftware.com/projectmanager/action/editAction?id=88937
Requested Url: https://www.spidasoftware.com/projectmanager/action/editAction?id=88937
?[36m[info]?[0m [phantom] Step _step 50/158 https://www.spidasoftware.com/projectmanager/flow/edit/88868# (HTTP 200)
?[36m[info]?[0m [phantom] Step _step 50/158: done in 49695ms.
?[36m[info]?[0m [phantom] wait() finished waiting for 2000ms.
?[36m[info]?[0m [phantom] Step _step 51/159 https://www.spidasoftware.com/projectmanager/flow/edit/88868# (HTTP 200)
?[36m[info]?[0m [phantom] Step _step 51/159: done in 51697ms.
?[36m[info]?[0m [phantom] waitFor() finished in 40ms.
?[36m[info]?[0m [phantom] Step waitedForJavascript 52/160 https://www.spidasoftware.com/projectmanager/flow/edit/88868# (HTTP 200)
?[32;1m[debug]?[0m [phantom] Capturing page to /Users/zpeugh/code/min/scripts/flowdocument/pngs/9 Months to Complete Inspection.png
?[36m[info]?[0m [phantom] Capture saved to /Users/zpeugh/code/min/scripts/flowdocument/pngs/9 Months to Complete Inspection.png
Captured action: 9 Months to Complete Inspection
?[36m[info]?[0m [phantom] Step waitedForJavascript 52/160: done in 52185ms.
?[36m[info]?[0m [phantom] Step changeOnClickValue 53/160 https://www.spidasoftware.com/projectmanager/flow/edit/88868# (HTTP 200)
?[36m[info]?[0m [phantom] Step changeOnClickValue 53/160: done in 52301ms.
?[36m[info]?[0m [phantom] Step _step 54/160 https://www.spidasoftware.com/projectmanager/flow/edit/88868# (HTTP 200)
?[36m[info]?[0m [phantom] Step _step 54/160: done in 52406ms.
Requested Url: https://www.spidasoftware.com/projectmanager/action/editAction?id=89070
Requested Url: https://www.spidasoftware.com/projectmanager/action/editAction?id=89070
?[36m[info]?[0m [phantom] wait() finished waiting for 2000ms.
?[36m[info]?[0m [phantom] Step _step 55/161 https://www.spidasoftware.com/projectmanager/flow/edit/88868# (HTTP 200)
?[36m[info]?[0m [phantom] Step _step 55/161: done in 54425ms.
?[36m[info]?[0m [phantom] waitFor() finished in 41ms.
?[36m[info]?[0m [phantom] Step waitedForJavascript 56/162 https://www.spidasoftware.com/projectmanager/flow/edit/88868# (HTTP 200)
?[32;1m[debug]?[0m [phantom] Capturing page to /Users/zpeugh/code/min/scripts/flowdocument/pngs/Email Assignee: Complete Forms.png
?[36m[info]?[0m [phantom] Capture saved to /Users/zpeugh/code/min/scripts/flowdocument/pngs/Email Assignee: Complete Forms.png
Captured action: Email Assignee: Complete Forms
?[36m[info]?[0m [phantom] Step waitedForJavascript 56/162: done in 54939ms.
?[36m[info]?[0m [phantom] Step changeOnClickValue 57/162 https://www.spidasoftware.com/projectmanager/flow/edit/88868# (HTTP 200)
?[36m[info]?[0m [phantom] Step changeOnClickValue 57/162: done in 55033ms.
?[36m[info]?[0m [phantom] Step _step 58/162 https://www.spidasoftware.com/projectmanager/flow/edit/88868# (HTTP 200)
?[36m[info]?[0m [phantom] Step _step 58/162: done in 55140ms.
Requested Url: https://www.spidasoftware.com/projectmanager/action/editAction?id=88902
Requested Url: https://www.spidasoftware.com/projectmanager/action/editAction?id=88902
?[36m[info]?[0m [phantom] wait() finished waiting for 2000ms.
?[36m[info]?[0m [phantom] Step _step 59/163 https://www.spidasoftware.com/projectmanager/flow/edit/88868# (HTTP 200)
?[36m[info]?[0m [phantom] Step _step 59/163: done in 57149ms.
?[36m[info]?[0m [phantom] waitFor() finished in 41ms.
?[36m[info]?[0m [phantom] Step waitedForJavascript 60/164 https://www.spidasoftware.com/projectmanager/flow/edit/88868# (HTTP 200)
?[32;1m[debug]?[0m [phantom] Capturing page to /Users/zpeugh/code/min/scripts/flowdocument/pngs/Assign Customer.png
?[36m[info]?[0m [phantom] Capture saved to /Users/zpeugh/code/min/scripts/flowdocument/pngs/Assign Customer.png
Captured action: Assign Customer
?[36m[info]?[0m [phantom] Step waitedForJavascript 60/164: done in 57632ms.
?[36m[info]?[0m [phantom] Step changeOnClickValue 61/164 https://www.spidasoftware.com/projectmanager/flow/edit/88868# (HTTP 200)
?[36m[info]?[0m [phantom] Step changeOnClickValue 61/164: done in 57725ms.
?[36m[info]?[0m [phantom] Step _step 62/164 https://www.spidasoftware.com/projectmanager/flow/edit/88868# (HTTP 200)
?[36m[info]?[0m [phantom] Step _step 62/164: done in 57837ms.
Requested Url: https://www.spidasoftware.com/projectmanager/action/editAction?id=88886
Requested Url: https://www.spidasoftware.com/projectmanager/action/editAction?id=88886
?[36m[info]?[0m [phantom] wait() finished waiting for 2000ms.
?[36m[info]?[0m [phantom] Step _step 63/165 https://www.spidasoftware.com/projectmanager/flow/edit/88868# (HTTP 200)
?[36m[info]?[0m [phantom] Step _step 63/165: done in 59853ms.
?[36m[info]?[0m [phantom] waitFor() finished in 40ms.
?[36m[info]?[0m [phantom] Step waitedForJavascript 64/166 https://www.spidasoftware.com/projectmanager/flow/edit/88868# (HTTP 200)
?[32;1m[debug]?[0m [phantom] Capturing page to /Users/zpeugh/code/min/scripts/flowdocument/pngs/Assign Customer: Corrections Required.png
?[36m[info]?[0m [phantom] Capture saved to /Users/zpeugh/code/min/scripts/flowdocument/pngs/Assign Customer: Corrections Required.png
Captured action: Assign Customer: Corrections Required
?[36m[info]?[0m [phantom] Step waitedForJavascript 64/166: done in 60302ms.
?[36m[info]?[0m [phantom] Step changeOnClickValue 65/166 https://www.spidasoftware.com/projectmanager/flow/edit/88868# (HTTP 200)
?[36m[info]?[0m [phantom] Step changeOnClickValue 65/166: done in 60391ms.
Requested Url: https://www.spidasoftware.com/projectmanager/action/editAction?id=88888
Requested Url: https://www.spidasoftware.com/projectmanager/action/editAction?id=88888
?[36m[info]?[0m [phantom] Step _step 66/166 https://www.spidasoftware.com/projectmanager/flow/edit/88868# (HTTP 200)
?[36m[info]?[0m [phantom] Step _step 66/166: done in 60516ms.
?[36m[info]?[0m [phantom] wait() finished waiting for 2000ms.
?[36m[info]?[0m [phantom] Step _step 67/167 https://www.spidasoftware.com/projectmanager/flow/edit/88868# (HTTP 200)
?[36m[info]?[0m [phantom] Step _step 67/167: done in 62528ms.
?[36m[info]?[0m [phantom] waitFor() finished in 41ms.
?[36m[info]?[0m [phantom] Step waitedForJavascript 68/168 https://www.spidasoftware.com/projectmanager/flow/edit/88868# (HTTP 200)
?[32;1m[debug]?[0m [phantom] Capturing page to /Users/zpeugh/code/min/scripts/flowdocument/pngs/Create Calc File.png
?[36m[info]?[0m [phantom] Capture saved to /Users/zpeugh/code/min/scripts/flowdocument/pngs/Create Calc File.png
Captured action: Create Calc File
?[36m[info]?[0m [phantom] Step waitedForJavascript 68/168: done in 63044ms.
?[36m[info]?[0m [phantom] Step changeOnClickValue 69/168 https://www.spidasoftware.com/projectmanager/flow/edit/88868# (HTTP 200)
?[36m[info]?[0m [phantom] Step changeOnClickValue 69/168: done in 63136ms.
Requested Url: https://www.spidasoftware.com/projectmanager/action/editAction?id=88889
Requested Url: https://www.spidasoftware.com/projectmanager/action/editAction?id=88889
?[36m[info]?[0m [phantom] Step _step 70/168 https://www.spidasoftware.com/projectmanager/flow/edit/88868# (HTTP 200)
?[36m[info]?[0m [phantom] Step _step 70/168: done in 63255ms.
?[36m[info]?[0m [phantom] wait() finished waiting for 2000ms.
?[36m[info]?[0m [phantom] Step _step 71/169 https://www.spidasoftware.com/projectmanager/flow/edit/88868# (HTTP 200)
?[36m[info]?[0m [phantom] Step _step 71/169: done in 65275ms.
?[36m[info]?[0m [phantom] waitFor() finished in 41ms.
?[36m[info]?[0m [phantom] Step waitedForJavascript 72/170 https://www.spidasoftware.com/projectmanager/flow/edit/88868# (HTTP 200)
?[32;1m[debug]?[0m [phantom] Capturing page to /Users/zpeugh/code/min/scripts/flowdocument/pngs/Update ZJ Notification.png
?[36m[info]?[0m [phantom] Capture saved to /Users/zpeugh/code/min/scripts/flowdocument/pngs/Update ZJ Notification.png
Captured action: Update ZJ Notification
?[36m[info]?[0m [phantom] Step waitedForJavascript 72/170: done in 65745ms.
?[36m[info]?[0m [phantom] Step changeOnClickValue 73/170 https://www.spidasoftware.com/projectmanager/flow/edit/88868# (HTTP 200)
?[36m[info]?[0m [phantom] Step changeOnClickValue 73/170: done in 65835ms.
Requested Url: https://www.spidasoftware.com/projectmanager/action/editAction?id=88890
Requested Url: https://www.spidasoftware.com/projectmanager/action/editAction?id=88890
?[36m[info]?[0m [phantom] Step _step 74/170 https://www.spidasoftware.com/projectmanager/flow/edit/88868# (HTTP 200)
?[36m[info]?[0m [phantom] Step _step 74/170: done in 65958ms.
?[36m[info]?[0m [phantom] wait() finished waiting for 2000ms.
?[36m[info]?[0m [phantom] Step _step 75/171 https://www.spidasoftware.com/projectmanager/flow/edit/88868# (HTTP 200)
?[36m[info]?[0m [phantom] Step _step 75/171: done in 67966ms.
?[36m[info]?[0m [phantom] waitFor() finished in 41ms.
?[36m[info]?[0m [phantom] Step waitedForJavascript 76/172 https://www.spidasoftware.com/projectmanager/flow/edit/88868# (HTTP 200)
?[32;1m[debug]?[0m [phantom] Capturing page to /Users/zpeugh/code/min/scripts/flowdocument/pngs/Email Customer: JPA In Progress.png
?[36m[info]?[0m [phantom] Capture saved to /Users/zpeugh/code/min/scripts/flowdocument/pngs/Email Customer: JPA In Progress.png
Captured action: Email Customer: JPA In Progress
?[36m[info]?[0m [phantom] Step waitedForJavascript 76/172: done in 68471ms.
?[36m[info]?[0m [phantom] Step changeOnClickValue 77/172 https://www.spidasoftware.com/projectmanager/flow/edit/88868# (HTTP 200)
?[36m[info]?[0m [phantom] Step changeOnClickValue 77/172: done in 68563ms.
?[36m[info]?[0m [phantom] Step _step 78/172 https://www.spidasoftware.com/projectmanager/flow/edit/88868# (HTTP 200)
?[36m[info]?[0m [phantom] Step _step 78/172: done in 68673ms.
Requested Url: https://www.spidasoftware.com/projectmanager/action/editAction?id=88891
Requested Url: https://www.spidasoftware.com/projectmanager/action/editAction?id=88891
?[36m[info]?[0m [phantom] wait() finished waiting for 2000ms.
?[36m[info]?[0m [phantom] Step _step 79/173 https://www.spidasoftware.com/projectmanager/flow/edit/88868# (HTTP 200)
?[36m[info]?[0m [phantom] Step _step 79/173: done in 70693ms.
?[36m[info]?[0m [phantom] waitFor() finished in 41ms.
?[36m[info]?[0m [phantom] Step waitedForJavascript 80/174 https://www.spidasoftware.com/projectmanager/flow/edit/88868# (HTTP 200)
?[32;1m[debug]?[0m [phantom] Capturing page to /Users/zpeugh/code/min/scripts/flowdocument/pngs/Assign JPO Agent.png
?[36m[info]?[0m [phantom] Capture saved to /Users/zpeugh/code/min/scripts/flowdocument/pngs/Assign JPO Agent.png
Captured action: Assign JPO Agent
?[36m[info]?[0m [phantom] Step waitedForJavascript 80/174: done in 71140ms.
?[36m[info]?[0m [phantom] Step changeOnClickValue 81/174 https://www.spidasoftware.com/projectmanager/flow/edit/88868# (HTTP 200)
?[36m[info]?[0m [phantom] Step changeOnClickValue 81/174: done in 71235ms.
?[36m[info]?[0m [phantom] Step _step 82/174 https://www.spidasoftware.com/projectmanager/flow/edit/88868# (HTTP 200)
?[36m[info]?[0m [phantom] Step _step 82/174: done in 71347ms.
Requested Url: https://www.spidasoftware.com/projectmanager/action/editAction?id=88892
Requested Url: https://www.spidasoftware.com/projectmanager/action/editAction?id=88892
?[36m[info]?[0m [phantom] wait() finished waiting for 2000ms.
?[36m[info]?[0m [phantom] Step _step 83/175 https://www.spidasoftware.com/projectmanager/flow/edit/88868# (HTTP 200)
?[36m[info]?[0m [phantom] Step _step 83/175: done in 73366ms.
?[36m[info]?[0m [phantom] waitFor() finished in 41ms.
?[36m[info]?[0m [phantom] Step waitedForJavascript 84/176 https://www.spidasoftware.com/projectmanager/flow/edit/88868# (HTTP 200)
?[32;1m[debug]?[0m [phantom] Capturing page to /Users/zpeugh/code/min/scripts/flowdocument/pngs/Set Sub.png
?[36m[info]?[0m [phantom] Capture saved to /Users/zpeugh/code/min/scripts/flowdocument/pngs/Set Sub.png
Captured action: Set Sub
?[36m[info]?[0m [phantom] Step waitedForJavascript 84/176: done in 73813ms.
?[36m[info]?[0m [phantom] Step changeOnClickValue 85/176 https://www.spidasoftware.com/projectmanager/flow/edit/88868# (HTTP 200)
?[36m[info]?[0m [phantom] Step changeOnClickValue 85/176: done in 73815ms.
Requested Url: https://www.spidasoftware.com/projectmanager/action/editAction?id=88901
Requested Url: https://www.spidasoftware.com/projectmanager/action/editAction?id=88901
?[36m[info]?[0m [phantom] Step _step 86/176 https://www.spidasoftware.com/projectmanager/flow/edit/88868# (HTTP 200)
?[36m[info]?[0m [phantom] Step _step 86/176: done in 73968ms.
ATMOSPHERE CANCELLED
ATMOSPHERE CANCELLED
?[36m[info]?[0m [phantom] wait() finished waiting for 2000ms.
?[36m[info]?[0m [phantom] Step _step 87/177 https://www.spidasoftware.com/projectmanager/flow/edit/88868# (HTTP 200)
?[36m[info]?[0m [phantom] Step _step 87/177: done in 75985ms.
?[36m[info]?[0m [phantom] waitFor() finished in 40ms.
?[36m[info]?[0m [phantom] Step waitedForJavascript 88/178 https://www.spidasoftware.com/projectmanager/flow/edit/88868# (HTTP 200)
?[32;1m[debug]?[0m [phantom] Capturing page to /Users/zpeugh/code/min/scripts/flowdocument/pngs/Email: Customer Rework Required, review station statuses.png
?[36m[info]?[0m [phantom] Capture saved to /Users/zpeugh/code/min/scripts/flowdocument/pngs/Email: Customer Rework Required, review station statuses.png
Captured action: Email: Customer Rework Required, review station statuses
?[36m[info]?[0m [phantom] Step waitedForJavascript 88/178: done in 76429ms.
?[36m[info]?[0m [phantom] Step changeOnClickValue 89/178 https://www.spidasoftware.com/projectmanager/flow/edit/88868# (HTTP 200)
?[36m[info]?[0m [phantom] Step changeOnClickValue 89/178: done in 76519ms.
Requested Url: https://www.spidasoftware.com/projectmanager/action/editAction?id=88904
Requested Url: https://www.spidasoftware.com/projectmanager/action/editAction?id=88904
?[36m[info]?[0m [phantom] Step _step 90/178 https://www.spidasoftware.com/projectmanager/flow/edit/88868# (HTTP 200)
?[36m[info]?[0m [phantom] Step _step 90/178: done in 76641ms.
?[36m[info]?[0m [phantom] wait() finished waiting for 2000ms.
?[36m[info]?[0m [phantom] Step _step 91/179 https://www.spidasoftware.com/projectmanager/flow/edit/88868# (HTTP 200)
?[36m[info]?[0m [phantom] Step _step 91/179: done in 78654ms.
?[36m[info]?[0m [phantom] waitFor() finished in 41ms.
?[36m[info]?[0m [phantom] Step waitedForJavascript 92/180 https://www.spidasoftware.com/projectmanager/flow/edit/88868# (HTTP 200)
?[32;1m[debug]?[0m [phantom] Capturing page to /Users/zpeugh/code/min/scripts/flowdocument/pngs/Send the As Is Layer Measurement Point.png
?[36m[info]?[0m [phantom] Capture saved to /Users/zpeugh/code/min/scripts/flowdocument/pngs/Send the As Is Layer Measurement Point.png
Captured action: Send the As Is Layer Measurement Point
?[36m[info]?[0m [phantom] Step waitedForJavascript 92/180: done in 79103ms.
?[36m[info]?[0m [phantom] Step changeOnClickValue 93/180 https://www.spidasoftware.com/projectmanager/flow/edit/88868# (HTTP 200)
?[36m[info]?[0m [phantom] Step changeOnClickValue 93/180: done in 79197ms.
Requested Url: https://www.spidasoftware.com/projectmanager/action/editAction?id=88905
Requested Url: https://www.spidasoftware.com/projectmanager/action/editAction?id=88905
?[36m[info]?[0m [phantom] Step _step 94/180 https://www.spidasoftware.com/projectmanager/flow/edit/88868# (HTTP 200)
?[36m[info]?[0m [phantom] Step _step 94/180: done in 79315ms.
?[36m[info]?[0m [phantom] wait() finished waiting for 2000ms.
?[36m[info]?[0m [phantom] Step _step 95/181 https://www.spidasoftware.com/projectmanager/flow/edit/88868# (HTTP 200)
?[36m[info]?[0m [phantom] Step _step 95/181: done in 81319ms.
?[36m[info]?[0m [phantom] waitFor() finished in 41ms.
?[36m[info]?[0m [phantom] Step waitedForJavascript 96/182 https://www.spidasoftware.com/projectmanager/flow/edit/88868# (HTTP 200)
?[32;1m[debug]?[0m [phantom] Capturing page to /Users/zpeugh/code/min/scripts/flowdocument/pngs/Accept or Reject Station Statuses.png
?[36m[info]?[0m [phantom] Capture saved to /Users/zpeugh/code/min/scripts/flowdocument/pngs/Accept or Reject Station Statuses.png
Captured action: Accept or Reject Station Statuses
?[36m[info]?[0m [phantom] Step waitedForJavascript 96/182: done in 81772ms.
?[36m[info]?[0m [phantom] Step changeOnClickValue 97/182 https://www.spidasoftware.com/projectmanager/flow/edit/88868# (HTTP 200)
?[36m[info]?[0m [phantom] Step changeOnClickValue 97/182: done in 81863ms.
Requested Url: https://www.spidasoftware.com/projectmanager/action/editAction?id=88907
Requested Url: https://www.spidasoftware.com/projectmanager/action/editAction?id=88907
?[36m[info]?[0m [phantom] Step _step 98/182 https://www.spidasoftware.com/projectmanager/flow/edit/88868# (HTTP 200)
?[36m[info]?[0m [phantom] Step _step 98/182: done in 81986ms.
?[36m[info]?[0m [phantom] wait() finished waiting for 2000ms.
?[36m[info]?[0m [phantom] Step _step 99/183 https://www.spidasoftware.com/projectmanager/flow/edit/88868# (HTTP 200)
?[36m[info]?[0m [phantom] Step _step 99/183: done in 83997ms.
?[36m[info]?[0m [phantom] waitFor() finished in 41ms.
?[36m[info]?[0m [phantom] Step waitedForJavascript 100/184 https://www.spidasoftware.com/projectmanager/flow/edit/88868# (HTTP 200)
?[32;1m[debug]?[0m [phantom] Capturing page to /Users/zpeugh/code/min/scripts/flowdocument/pngs/Assign Planning Groups.png
?[36m[info]?[0m [phantom] Capture saved to /Users/zpeugh/code/min/scripts/flowdocument/pngs/Assign Planning Groups.png
Captured action: Assign Planning Groups
?[36m[info]?[0m [phantom] Step waitedForJavascript 100/184: done in 84437ms.
?[36m[info]?[0m [phantom] Step changeOnClickValue 101/184 https://www.spidasoftware.com/projectmanager/flow/edit/88868# (HTTP 200)
?[36m[info]?[0m [phantom] Step changeOnClickValue 101/184: done in 84439ms.
Requested Url: https://www.spidasoftware.com/projectmanager/action/editAction?id=88910
Requested Url: https://www.spidasoftware.com/projectmanager/action/editAction?id=88910
?[36m[info]?[0m [phantom] Step _step 102/184 https://www.spidasoftware.com/projectmanager/flow/edit/88868# (HTTP 200)
?[36m[info]?[0m [phantom] Step _step 102/184: done in 84595ms.
?[36m[info]?[0m [phantom] wait() finished waiting for 2000ms.
?[36m[info]?[0m [phantom] Step _step 103/185 https://www.spidasoftware.com/projectmanager/flow/edit/88868# (HTTP 200)
?[36m[info]?[0m [phantom] Step _step 103/185: done in 86598ms.
?[36m[info]?[0m [phantom] waitFor() finished in 40ms.
?[36m[info]?[0m [phantom] Step waitedForJavascript 104/186 https://www.spidasoftware.com/projectmanager/flow/edit/88868# (HTTP 200)
?[32;1m[debug]?[0m [phantom] Capturing page to /Users/zpeugh/code/min/scripts/flowdocument/pngs/Email All Cancelled.png
?[36m[info]?[0m [phantom] Capture saved to /Users/zpeugh/code/min/scripts/flowdocument/pngs/Email All Cancelled.png
Captured action: Email All Cancelled
?[36m[info]?[0m [phantom] Step waitedForJavascript 104/186: done in 87063ms.
?[36m[info]?[0m [phantom] Step changeOnClickValue 105/186 https://www.spidasoftware.com/projectmanager/flow/edit/88868# (HTTP 200)
?[36m[info]?[0m [phantom] Step changeOnClickValue 105/186: done in 87157ms.
Requested Url: https://www.spidasoftware.com/projectmanager/action/editAction?id=88911
Requested Url: https://www.spidasoftware.com/projectmanager/action/editAction?id=88911
?[36m[info]?[0m [phantom] Step _step 106/186 https://www.spidasoftware.com/projectmanager/flow/edit/88868# (HTTP 200)
?[36m[info]?[0m [phantom] Step _step 106/186: done in 87285ms.
?[36m[info]?[0m [phantom] wait() finished waiting for 2000ms.
?[36m[info]?[0m [phantom] Step _step 107/187 https://www.spidasoftware.com/projectmanager/flow/edit/88868# (HTTP 200)
?[36m[info]?[0m [phantom] Step _step 107/187: done in 89307ms.
?[36m[info]?[0m [phantom] waitFor() finished in 41ms.
?[36m[info]?[0m [phantom] Step waitedForJavascript 108/188 https://www.spidasoftware.com/projectmanager/flow/edit/88868# (HTTP 200)
?[32;1m[debug]?[0m [phantom] Capturing page to /Users/zpeugh/code/min/scripts/flowdocument/pngs/Email Customer Cancelled.png
?[36m[info]?[0m [phantom] Capture saved to /Users/zpeugh/code/min/scripts/flowdocument/pngs/Email Customer Cancelled.png
Captured action: Email Customer Cancelled
?[36m[info]?[0m [phantom] Step waitedForJavascript 108/188: done in 89814ms.
?[36m[info]?[0m [phantom] Step changeOnClickValue 109/188 https://www.spidasoftware.com/projectmanager/flow/edit/88868# (HTTP 200)
?[36m[info]?[0m [phantom] Step changeOnClickValue 109/188: done in 89906ms.
?[36m[info]?[0m [phantom] Step _step 110/188 https://www.spidasoftware.com/projectmanager/flow/edit/88868# (HTTP 200)
?[36m[info]?[0m [phantom] Step _step 110/188: done in 90010ms.
Requested Url: https://www.spidasoftware.com/projectmanager/action/editAction?id=88913
Requested Url: https://www.spidasoftware.com/projectmanager/action/editAction?id=88913
?[36m[info]?[0m [phantom] wait() finished waiting for 2000ms.
?[36m[info]?[0m [phantom] Step _step 111/189 https://www.spidasoftware.com/projectmanager/flow/edit/88868# (HTTP 200)
?[36m[info]?[0m [phantom] Step _step 111/189: done in 92167ms.
?[36m[info]?[0m [phantom] waitFor() finished in 40ms.
?[36m[info]?[0m [phantom] Step waitedForJavascript 112/190 https://www.spidasoftware.com/projectmanager/flow/edit/88868# (HTTP 200)
?[32;1m[debug]?[0m [phantom] Capturing page to /Users/zpeugh/code/min/scripts/flowdocument/pngs/Email Creator-Deny Stations.png
?[36m[info]?[0m [phantom] Capture saved to /Users/zpeugh/code/min/scripts/flowdocument/pngs/Email Creator-Deny Stations.png
Captured action: Email Creator-Deny Stations
?[36m[info]?[0m [phantom] Step waitedForJavascript 112/190: done in 92620ms.
?[36m[info]?[0m [phantom] Step changeOnClickValue 113/190 https://www.spidasoftware.com/projectmanager/flow/edit/88868# (HTTP 200)
?[36m[info]?[0m [phantom] Step changeOnClickValue 113/190: done in 92622ms.
Requested Url: https://www.spidasoftware.com/projectmanager/action/editAction?id=88915
Requested Url: https://www.spidasoftware.com/projectmanager/action/editAction?id=88915
?[36m[info]?[0m [phantom] Step _step 114/190 https://www.spidasoftware.com/projectmanager/flow/edit/88868# (HTTP 200)
?[36m[info]?[0m [phantom] Step _step 114/190: done in 92774ms.
?[36m[info]?[0m [phantom] wait() finished waiting for 2000ms.
?[36m[info]?[0m [phantom] Step _step 115/191 https://www.spidasoftware.com/projectmanager/flow/edit/88868# (HTTP 200)
?[36m[info]?[0m [phantom] Step _step 115/191: done in 94790ms.
?[36m[info]?[0m [phantom] waitFor() finished in 41ms.
?[36m[info]?[0m [phantom] Step waitedForJavascript 116/192 https://www.spidasoftware.com/projectmanager/flow/edit/88868# (HTTP 200)
?[32;1m[debug]?[0m [phantom] Capturing page to /Users/zpeugh/code/min/scripts/flowdocument/pngs/Email Customer: Some Work Not Completed.png
?[36m[info]?[0m [phantom] Capture saved to /Users/zpeugh/code/min/scripts/flowdocument/pngs/Email Customer: Some Work Not Completed.png
Captured action: Email Customer: Some Work Not Completed
?[36m[info]?[0m [phantom] Step waitedForJavascript 116/192: done in 95238ms.
?[36m[info]?[0m [phantom] Step changeOnClickValue 117/192 https://www.spidasoftware.com/projectmanager/flow/edit/88868# (HTTP 200)
?[36m[info]?[0m [phantom] Step changeOnClickValue 117/192: done in 95339ms.
Requested Url: https://www.spidasoftware.com/projectmanager/action/editAction?id=88917
Requested Url: https://www.spidasoftware.com/projectmanager/action/editAction?id=88917
?[36m[info]?[0m [phantom] Step _step 118/192 https://www.spidasoftware.com/projectmanager/flow/edit/88868# (HTTP 200)
?[36m[info]?[0m [phantom] Step _step 118/192: done in 95461ms.
?[36m[info]?[0m [phantom] wait() finished waiting for 2000ms.
?[36m[info]?[0m [phantom] Step _step 119/193 https://www.spidasoftware.com/projectmanager/flow/edit/88868# (HTTP 200)
?[36m[info]?[0m [phantom] Step _step 119/193: done in 97468ms.
?[36m[info]?[0m [phantom] waitFor() finished in 41ms.
?[36m[info]?[0m [phantom] Step waitedForJavascript 120/194 https://www.spidasoftware.com/projectmanager/flow/edit/88868# (HTTP 200)
?[32;1m[debug]?[0m [phantom] Capturing page to /Users/zpeugh/code/min/scripts/flowdocument/pngs/Update FLOC Unauthorized (not completed as approved stations).png
?[36m[info]?[0m [phantom] Capture saved to /Users/zpeugh/code/min/scripts/flowdocument/pngs/Update FLOC Unauthorized (not completed as approved stations).png
Captured action: Update FLOC Unauthorized (not completed as approved stations)
?[36m[info]?[0m [phantom] Step waitedForJavascript 120/194: done in 97996ms.
?[36m[info]?[0m [phantom] Step changeOnClickValue 121/194 https://www.spidasoftware.com/projectmanager/flow/edit/88868# (HTTP 200)
?[36m[info]?[0m [phantom] Step changeOnClickValue 121/194: done in 98088ms.
Requested Url: https://www.spidasoftware.com/projectmanager/action/editAction?id=88938
Requested Url: https://www.spidasoftware.com/projectmanager/action/editAction?id=88938
?[36m[info]?[0m [phantom] Step _step 122/194 https://www.spidasoftware.com/projectmanager/flow/edit/88868# (HTTP 200)
?[36m[info]?[0m [phantom] Step _step 122/194: done in 98210ms.
?[36m[info]?[0m [phantom] wait() finished waiting for 2000ms.
?[36m[info]?[0m [phantom] Step _step 123/195 https://www.spidasoftware.com/projectmanager/flow/edit/88868# (HTTP 200)
?[36m[info]?[0m [phantom] Step _step 123/195: done in 100217ms.
?[36m[info]?[0m [phantom] waitFor() finished in 42ms.
?[36m[info]?[0m [phantom] Step waitedForJavascript 124/196 https://www.spidasoftware.com/projectmanager/flow/edit/88868# (HTTP 200)
?[32;1m[debug]?[0m [phantom] Capturing page to /Users/zpeugh/code/min/scripts/flowdocument/pngs/18 Months to Complete Construction.png
?[36m[info]?[0m [phantom] Capture saved to /Users/zpeugh/code/min/scripts/flowdocument/pngs/18 Months to Complete Construction.png
Captured action: 18 Months to Complete Construction
?[36m[info]?[0m [phantom] Step waitedForJavascript 124/196: done in 100677ms.
?[36m[info]?[0m [phantom] Step changeOnClickValue 125/196 https://www.spidasoftware.com/projectmanager/flow/edit/88868# (HTTP 200)
?[36m[info]?[0m [phantom] Step changeOnClickValue 125/196: done in 100679ms.
Requested Url: https://www.spidasoftware.com/projectmanager/action/editAction?id=88939
Requested Url: https://www.spidasoftware.com/projectmanager/action/editAction?id=88939
?[36m[info]?[0m [phantom] Step _step 126/196 https://www.spidasoftware.com/projectmanager/flow/edit/88868# (HTTP 200)
?[36m[info]?[0m [phantom] Step _step 126/196: done in 100834ms.
?[36m[info]?[0m [phantom] wait() finished waiting for 2000ms.
?[36m[info]?[0m [phantom] Step _step 127/197 https://www.spidasoftware.com/projectmanager/flow/edit/88868# (HTTP 200)
?[36m[info]?[0m [phantom] Step _step 127/197: done in 102850ms.
?[36m[info]?[0m [phantom] waitFor() finished in 41ms.
?[36m[info]?[0m [phantom] Step waitedForJavascript 128/198 https://www.spidasoftware.com/projectmanager/flow/edit/88868# (HTTP 200)
?[32;1m[debug]?[0m [phantom] Capturing page to /Users/zpeugh/code/min/scripts/flowdocument/pngs/Email Customer Instructions.png
?[36m[info]?[0m [phantom] Capture saved to /Users/zpeugh/code/min/scripts/flowdocument/pngs/Email Customer Instructions.png
Captured action: Email Customer Instructions
?[36m[info]?[0m [phantom] Step waitedForJavascript 128/198: done in 103374ms.
?[36m[info]?[0m [phantom] Step changeOnClickValue 129/198 https://www.spidasoftware.com/projectmanager/flow/edit/88868# (HTTP 200)
?[36m[info]?[0m [phantom] Step changeOnClickValue 129/198: done in 103472ms.
Requested Url: https://www.spidasoftware.com/projectmanager/action/editAction?id=88941
Requested Url: https://www.spidasoftware.com/projectmanager/action/editAction?id=88941
?[36m[info]?[0m [phantom] Step _step 130/198 https://www.spidasoftware.com/projectmanager/flow/edit/88868# (HTTP 200)
?[36m[info]?[0m [phantom] Step _step 130/198: done in 103608ms.
?[36m[info]?[0m [phantom] wait() finished waiting for 2000ms.
?[36m[info]?[0m [phantom] Step _step 131/199 https://www.spidasoftware.com/projectmanager/flow/edit/88868# (HTTP 200)
?[36m[info]?[0m [phantom] Step _step 131/199: done in 105624ms.
?[36m[info]?[0m [phantom] waitFor() finished in 40ms.
?[36m[info]?[0m [phantom] Step waitedForJavascript 132/200 https://www.spidasoftware.com/projectmanager/flow/edit/88868# (HTTP 200)
?[32;1m[debug]?[0m [phantom] Capturing page to /Users/zpeugh/code/min/scripts/flowdocument/pngs/Email Creator: Complete Denied Pole Form.png
?[36m[info]?[0m [phantom] Capture saved to /Users/zpeugh/code/min/scripts/flowdocument/pngs/Email Creator: Complete Denied Pole Form.png
Captured action: Email Creator: Complete Denied Pole Form
?[36m[info]?[0m [phantom] Step waitedForJavascript 132/200: done in 106105ms.
?[36m[info]?[0m [phantom] Step changeOnClickValue 133/200 https://www.spidasoftware.com/projectmanager/flow/edit/88868# (HTTP 200)
?[36m[info]?[0m [phantom] Step changeOnClickValue 133/200: done in 106204ms.
Requested Url: https://www.spidasoftware.com/projectmanager/action/editAction?id=88943
Requested Url: https://www.spidasoftware.com/projectmanager/action/editAction?id=88943
?[36m[info]?[0m [phantom] Step _step 134/200 https://www.spidasoftware.com/projectmanager/flow/edit/88868# (HTTP 200)
?[36m[info]?[0m [phantom] Step _step 134/200: done in 106327ms.
ATMOSPHERE CANCELLED
ATMOSPHERE CANCELLED
?[36m[info]?[0m [phantom] wait() finished waiting for 2000ms.
?[36m[info]?[0m [phantom] Step _step 135/201 https://www.spidasoftware.com/projectmanager/flow/edit/88868# (HTTP 200)
?[36m[info]?[0m [phantom] Step _step 135/201: done in 108348ms.
?[36m[info]?[0m [phantom] waitFor() finished in 41ms.
?[36m[info]?[0m [phantom] Step waitedForJavascript 136/202 https://www.spidasoftware.com/projectmanager/flow/edit/88868# (HTTP 200)
?[32;1m[debug]?[0m [phantom] Capturing page to /Users/zpeugh/code/min/scripts/flowdocument/pngs/Email Customer Canceled (due to PL).png
?[36m[info]?[0m [phantom] Capture saved to /Users/zpeugh/code/min/scripts/flowdocument/pngs/Email Customer Canceled (due to PL).png
Captured action: Email Customer Canceled (due to PL)
?[36m[info]?[0m [phantom] Step waitedForJavascript 136/202: done in 108832ms.
?[36m[info]?[0m [phantom] Step changeOnClickValue 137/202 https://www.spidasoftware.com/projectmanager/flow/edit/88868# (HTTP 200)
?[36m[info]?[0m [phantom] Step changeOnClickValue 137/202: done in 108925ms.
?[36m[info]?[0m [phantom] Step _step 138/202 https://www.spidasoftware.com/projectmanager/flow/edit/88868# (HTTP 200)
?[36m[info]?[0m [phantom] Step _step 138/202: done in 109041ms.
Requested Url: https://www.spidasoftware.com/projectmanager/action/editAction?id=88946
Requested Url: https://www.spidasoftware.com/projectmanager/action/editAction?id=88946
?[36m[info]?[0m [phantom] wait() finished waiting for 2000ms.
?[36m[info]?[0m [phantom] Step _step 139/203 https://www.spidasoftware.com/projectmanager/flow/edit/88868# (HTTP 200)
?[36m[info]?[0m [phantom] Step _step 139/203: done in 111047ms.
?[36m[info]?[0m [phantom] waitFor() finished in 41ms.
?[36m[info]?[0m [phantom] Step waitedForJavascript 140/204 https://www.spidasoftware.com/projectmanager/flow/edit/88868# (HTTP 200)
?[32;1m[debug]?[0m [phantom] Capturing page to /Users/zpeugh/code/min/scripts/flowdocument/pngs/14 Days to Fix Clock and Auto Advance.png
?[36m[info]?[0m [phantom] Capture saved to /Users/zpeugh/code/min/scripts/flowdocument/pngs/14 Days to Fix Clock and Auto Advance.png
Captured action: 14 Days to Fix Clock and Auto Advance
?[36m[info]?[0m [phantom] Step waitedForJavascript 140/204: done in 111504ms.
?[36m[info]?[0m [phantom] Step changeOnClickValue 141/204 https://www.spidasoftware.com/projectmanager/flow/edit/88868# (HTTP 200)
?[36m[info]?[0m [phantom] Step changeOnClickValue 141/204: done in 111600ms.
Requested Url: https://www.spidasoftware.com/projectmanager/action/editAction?id=88951
Requested Url: https://www.spidasoftware.com/projectmanager/action/editAction?id=88951
?[36m[info]?[0m [phantom] Step _step 142/204 https://www.spidasoftware.com/projectmanager/flow/edit/88868# (HTTP 200)
?[36m[info]?[0m [phantom] Step _step 142/204: done in 111724ms.
?[36m[info]?[0m [phantom] wait() finished waiting for 2000ms.
?[36m[info]?[0m [phantom] Step _step 143/205 https://www.spidasoftware.com/projectmanager/flow/edit/88868# (HTTP 200)
?[36m[info]?[0m [phantom] Step _step 143/205: done in 113739ms.
?[36m[info]?[0m [phantom] waitFor() finished in 41ms.
?[36m[info]?[0m [phantom] Step waitedForJavascript 144/206 https://www.spidasoftware.com/projectmanager/flow/edit/88868# (HTTP 200)
?[32;1m[debug]?[0m [phantom] Capturing page to /Users/zpeugh/code/min/scripts/flowdocument/pngs/Email Customer: Denied Notification.png
?[36m[info]?[0m [phantom] Capture saved to /Users/zpeugh/code/min/scripts/flowdocument/pngs/Email Customer: Denied Notification.png
Captured action: Email Customer: Denied Notification
?[36m[info]?[0m [phantom] Step waitedForJavascript 144/206: done in 114204ms.
?[36m[info]?[0m [phantom] Step changeOnClickValue 145/206 https://www.spidasoftware.com/projectmanager/flow/edit/88868# (HTTP 200)
?[36m[info]?[0m [phantom] Step changeOnClickValue 145/206: done in 114294ms.
Requested Url: https://www.spidasoftware.com/projectmanager/action/editAction?id=88953
Requested Url: https://www.spidasoftware.com/projectmanager/action/editAction?id=88953
?[36m[info]?[0m [phantom] Step _step 146/206 https://www.spidasoftware.com/projectmanager/flow/edit/88868# (HTTP 200)
?[36m[info]?[0m [phantom] Step _step 146/206: done in 114414ms.
?[36m[info]?[0m [phantom] wait() finished waiting for 2000ms.
?[36m[info]?[0m [phantom] Step _step 147/207 https://www.spidasoftware.com/projectmanager/flow/edit/88868# (HTTP 200)
?[36m[info]?[0m [phantom] Step _step 147/207: done in 116432ms.
?[36m[info]?[0m [phantom] waitFor() finished in 41ms.
?[36m[info]?[0m [phantom] Step waitedForJavascript 148/208 https://www.spidasoftware.com/projectmanager/flow/edit/88868# (HTTP 200)
?[32;1m[debug]?[0m [phantom] Capturing page to /Users/zpeugh/code/min/scripts/flowdocument/pngs/Email Assignee: All Stations Denied.png
?[36m[info]?[0m [phantom] Capture saved to /Users/zpeugh/code/min/scripts/flowdocument/pngs/Email Assignee: All Stations Denied.png
Captured action: Email Assignee: All Stations Denied
?[36m[info]?[0m [phantom] Step waitedForJavascript 148/208: done in 116873ms.
?[36m[info]?[0m [phantom] Step changeOnClickValue 149/208 https://www.spidasoftware.com/projectmanager/flow/edit/88868# (HTTP 200)
?[36m[info]?[0m [phantom] Step changeOnClickValue 149/208: done in 116875ms.
Requested Url: https://www.spidasoftware.com/projectmanager/action/editAction?id=88956
Requested Url: https://www.spidasoftware.com/projectmanager/action/editAction?id=88956
?[36m[info]?[0m [phantom] Step _step 150/208 https://www.spidasoftware.com/projectmanager/flow/edit/88868# (HTTP 200)
?[36m[info]?[0m [phantom] Step _step 150/208: done in 117031ms.
?[36m[info]?[0m [phantom] wait() finished waiting for 2000ms.
?[36m[info]?[0m [phantom] Step _step 151/209 https://www.spidasoftware.com/projectmanager/flow/edit/88868# (HTTP 200)
?[36m[info]?[0m [phantom] Step _step 151/209: done in 119043ms.
?[36m[info]?[0m [phantom] waitFor() finished in 41ms.
?[36m[info]?[0m [phantom] Step waitedForJavascript 152/210 https://www.spidasoftware.com/projectmanager/flow/edit/88868# (HTTP 200)
?[32;1m[debug]?[0m [phantom] Capturing page to /Users/zpeugh/code/min/scripts/flowdocument/pngs/Assign Inspector.png
?[36m[info]?[0m [phantom] Capture saved to /Users/zpeugh/code/min/scripts/flowdocument/pngs/Assign Inspector.png
Captured action: Assign Inspector
?[36m[info]?[0m [phantom] Step waitedForJavascript 152/210: done in 119481ms.
?[36m[info]?[0m [phantom] Step changeOnClickValue 153/210 https://www.spidasoftware.com/projectmanager/flow/edit/88868# (HTTP 200)
?[36m[info]?[0m [phantom] Step changeOnClickValue 153/210: done in 119483ms.
Requested Url: https://www.spidasoftware.com/projectmanager/action/editAction?id=88957
Requested Url: https://www.spidasoftware.com/projectmanager/action/editAction?id=88957
?[36m[info]?[0m [phantom] Step _step 154/210 https://www.spidasoftware.com/projectmanager/flow/edit/88868# (HTTP 200)
?[36m[info]?[0m [phantom] Step _step 154/210: done in 119640ms.
?[36m[info]?[0m [phantom] wait() finished waiting for 2000ms.
?[36m[info]?[0m [phantom] Step _step 155/211 https://www.spidasoftware.com/projectmanager/flow/edit/88868# (HTTP 200)
?[36m[info]?[0m [phantom] Step _step 155/211: done in 121660ms.
?[36m[info]?[0m [phantom] waitFor() finished in 41ms.
?[36m[info]?[0m [phantom] Step waitedForJavascript 156/212 https://www.spidasoftware.com/projectmanager/flow/edit/88868# (HTTP 200)
?[32;1m[debug]?[0m [phantom] Capturing page to /Users/zpeugh/code/min/scripts/flowdocument/pngs/Email Inspector Corrections Required.png
?[36m[info]?[0m [phantom] Capture saved to /Users/zpeugh/code/min/scripts/flowdocument/pngs/Email Inspector Corrections Required.png
Captured action: Email Inspector Corrections Required
?[36m[info]?[0m [phantom] Step waitedForJavascript 156/212: done in 122122ms.
?[36m[info]?[0m [phantom] Step changeOnClickValue 157/212 https://www.spidasoftware.com/projectmanager/flow/edit/88868# (HTTP 200)
?[36m[info]?[0m [phantom] Step changeOnClickValue 157/212: done in 122250ms.
Requested Url: https://www.spidasoftware.com/projectmanager/action/editAction?id=88961
Requested Url: https://www.spidasoftware.com/projectmanager/action/editAction?id=88961
?[36m[info]?[0m [phantom] Step _step 158/212 https://www.spidasoftware.com/projectmanager/flow/edit/88868# (HTTP 200)
?[36m[info]?[0m [phantom] Step _step 158/212: done in 122382ms.
?[36m[info]?[0m [phantom] wait() finished waiting for 2000ms.
?[36m[info]?[0m [phantom] Step _step 159/213 https://www.spidasoftware.com/projectmanager/flow/edit/88868# (HTTP 200)
?[36m[info]?[0m [phantom] Step _step 159/213: done in 124400ms.
?[36m[info]?[0m [phantom] waitFor() finished in 40ms.
?[36m[info]?[0m [phantom] Step waitedForJavascript 160/214 https://www.spidasoftware.com/projectmanager/flow/edit/88868# (HTTP 200)
?[32;1m[debug]?[0m [phantom] Capturing page to /Users/zpeugh/code/min/scripts/flowdocument/pngs/Email Assignee: Set All Station Statuses.png
?[36m[info]?[0m [phantom] Capture saved to /Users/zpeugh/code/min/scripts/flowdocument/pngs/Email Assignee: Set All Station Statuses.png
Captured action: Email Assignee: Set All Station Statuses
?[36m[info]?[0m [phantom] Step waitedForJavascript 160/214: done in 125084ms.
?[36m[info]?[0m [phantom] Step changeOnClickValue 161/214 https://www.spidasoftware.com/projectmanager/flow/edit/88868# (HTTP 200)
?[36m[info]?[0m [phantom] Step changeOnClickValue 161/214: done in 125177ms.
Requested Url: https://www.spidasoftware.com/projectmanager/action/editAction?id=88963
Requested Url: https://www.spidasoftware.com/projectmanager/action/editAction?id=88963
?[36m[info]?[0m [phantom] Step _step 162/214 https://www.spidasoftware.com/projectmanager/flow/edit/88868# (HTTP 200)
?[36m[info]?[0m [phantom] Step _step 162/214: done in 125300ms.
?[36m[info]?[0m [phantom] wait() finished waiting for 2000ms.
?[36m[info]?[0m [phantom] Step _step 163/215 https://www.spidasoftware.com/projectmanager/flow/edit/88868# (HTTP 200)
?[36m[info]?[0m [phantom] Step _step 163/215: done in 127314ms.
?[36m[info]?[0m [phantom] waitFor() finished in 41ms.
?[36m[info]?[0m [phantom] Step waitedForJavascript 164/216 https://www.spidasoftware.com/projectmanager/flow/edit/88868# (HTTP 200)
?[32;1m[debug]?[0m [phantom] Capturing page to /Users/zpeugh/code/min/scripts/flowdocument/pngs/Set Sub Planning.png
?[36m[info]?[0m [phantom] Capture saved to /Users/zpeugh/code/min/scripts/flowdocument/pngs/Set Sub Planning.png
Captured action: Set Sub Planning
?[36m[info]?[0m [phantom] Step waitedForJavascript 164/216: done in 127793ms.
?[36m[info]?[0m [phantom] Step changeOnClickValue 165/216 https://www.spidasoftware.com/projectmanager/flow/edit/88868# (HTTP 200)
?[36m[info]?[0m [phantom] Step changeOnClickValue 165/216: done in 127795ms.
Requested Url: https://www.spidasoftware.com/projectmanager/action/editAction?id=88964
Requested Url: https://www.spidasoftware.com/projectmanager/action/editAction?id=88964
?[36m[info]?[0m [phantom] Step _step 166/216 https://www.spidasoftware.com/projectmanager/flow/edit/88868# (HTTP 200)
?[36m[info]?[0m [phantom] Step _step 166/216: done in 127974ms.
?[36m[info]?[0m [phantom] wait() finished waiting for 2000ms.
?[36m[info]?[0m [phantom] Step _step 167/217 https://www.spidasoftware.com/projectmanager/flow/edit/88868# (HTTP 200)
?[36m[info]?[0m [phantom] Step _step 167/217: done in 129983ms.
?[36m[info]?[0m [phantom] waitFor() finished in 40ms.
?[36m[info]?[0m [phantom] Step waitedForJavascript 168/218 https://www.spidasoftware.com/projectmanager/flow/edit/88868# (HTTP 200)
?[32;1m[debug]?[0m [phantom] Capturing page to /Users/zpeugh/code/min/scripts/flowdocument/pngs/Pull Photos From Calc.png
?[36m[info]?[0m [phantom] Capture saved to /Users/zpeugh/code/min/scripts/flowdocument/pngs/Pull Photos From Calc.png
Captured action: Pull Photos From Calc
?[36m[info]?[0m [phantom] Step waitedForJavascript 168/218: done in 130460ms.
?[36m[info]?[0m [phantom] Step changeOnClickValue 169/218 https://www.spidasoftware.com/projectmanager/flow/edit/88868# (HTTP 200)
?[36m[info]?[0m [phantom] Step changeOnClickValue 169/218: done in 130568ms.
?[36m[info]?[0m [phantom] Step _step 170/218 https://www.spidasoftware.com/projectmanager/flow/edit/88868# (HTTP 200)
?[36m[info]?[0m [phantom] Step _step 170/218: done in 130690ms.
Requested Url: https://www.spidasoftware.com/projectmanager/action/editAction?id=88965
Requested Url: https://www.spidasoftware.com/projectmanager/action/editAction?id=88965
?[36m[info]?[0m [phantom] wait() finished waiting for 2000ms.
?[36m[info]?[0m [phantom] Step _step 171/219 https://www.spidasoftware.com/projectmanager/flow/edit/88868# (HTTP 200)
?[36m[info]?[0m [phantom] Step _step 171/219: done in 132692ms.
?[36m[info]?[0m [phantom] waitFor() finished in 40ms.
?[36m[info]?[0m [phantom] Step waitedForJavascript 172/220 https://www.spidasoftware.com/projectmanager/flow/edit/88868# (HTTP 200)
?[32;1m[debug]?[0m [phantom] Capturing page to /Users/zpeugh/code/min/scripts/flowdocument/pngs/Create or Update Assets.png
?[36m[info]?[0m [phantom] Capture saved to /Users/zpeugh/code/min/scripts/flowdocument/pngs/Create or Update Assets.png
Captured action: Create or Update Assets
?[36m[info]?[0m [phantom] Step waitedForJavascript 172/220: done in 133403ms.
?[36m[info]?[0m [phantom] Step changeOnClickValue 173/220 https://www.spidasoftware.com/projectmanager/flow/edit/88868# (HTTP 200)
?[36m[info]?[0m [phantom] Step changeOnClickValue 173/220: done in 133412ms.
?[36m[info]?[0m [phantom] Step _step 174/220 https://www.spidasoftware.com/projectmanager/flow/edit/88868# (HTTP 200)
?[36m[info]?[0m [phantom] Step _step 174/220: done in 133704ms.
Requested Url: https://www.spidasoftware.com/projectmanager/action/editAction?id=88967
Requested Url: https://www.spidasoftware.com/projectmanager/action/editAction?id=88967
?[36m[info]?[0m [phantom] wait() finished waiting for 2000ms.
?[36m[info]?[0m [phantom] Step _step 175/221 https://www.spidasoftware.com/projectmanager/flow/edit/88868# (HTTP 200)
?[36m[info]?[0m [phantom] Step _step 175/221: done in 135830ms.
?[36m[info]?[0m [phantom] waitFor() finished in 41ms.
?[36m[info]?[0m [phantom] Step waitedForJavascript 176/222 https://www.spidasoftware.com/projectmanager/flow/edit/88868# (HTTP 200)
?[32;1m[debug]?[0m [phantom] Capturing page to /Users/zpeugh/code/min/scripts/flowdocument/pngs/Email Customer: Complete Forms.png
?[36m[info]?[0m [phantom] Capture saved to /Users/zpeugh/code/min/scripts/flowdocument/pngs/Email Customer: Complete Forms.png
Captured action: Email Customer: Complete Forms
?[36m[info]?[0m [phantom] Step waitedForJavascript 176/222: done in 136285ms.
?[36m[info]?[0m [phantom] Step changeOnClickValue 177/222 https://www.spidasoftware.com/projectmanager/flow/edit/88868# (HTTP 200)
?[36m[info]?[0m [phantom] Step changeOnClickValue 177/222: done in 136379ms.
Requested Url: https://www.spidasoftware.com/projectmanager/action/editAction?id=88970
Requested Url: https://www.spidasoftware.com/projectmanager/action/editAction?id=88970
?[36m[info]?[0m [phantom] Step _step 178/222 https://www.spidasoftware.com/projectmanager/flow/edit/88868# (HTTP 200)
?[36m[info]?[0m [phantom] Step _step 178/222: done in 136508ms.
?[36m[info]?[0m [phantom] wait() finished waiting for 2000ms.
?[36m[info]?[0m [phantom] Step _step 179/223 https://www.spidasoftware.com/projectmanager/flow/edit/88868# (HTTP 200)
?[36m[info]?[0m [phantom] Step _step 179/223: done in 138517ms.
?[36m[info]?[0m [phantom] waitFor() finished in 42ms.
?[36m[info]?[0m [phantom] Step waitedForJavascript 180/224 https://www.spidasoftware.com/projectmanager/flow/edit/88868# (HTTP 200)
?[32;1m[debug]?[0m [phantom] Capturing page to /Users/zpeugh/code/min/scripts/flowdocument/pngs/Email assignee poles not all approved correctstatuses and advance.png
?[36m[info]?[0m [phantom] Capture saved to /Users/zpeugh/code/min/scripts/flowdocument/pngs/Email assignee poles not all approved correctstatuses and advance.png
Captured action: Email assignee poles not all approved correctstatuses and advance
?[36m[info]?[0m [phantom] Step waitedForJavascript 180/224: done in 138997ms.
?[36m[info]?[0m [phantom] Step changeOnClickValue 181/224 https://www.spidasoftware.com/projectmanager/flow/edit/88868# (HTTP 200)
?[36m[info]?[0m [phantom] Step changeOnClickValue 181/224: done in 139097ms.
ATMOSPHERE CANCELLED
Requested Url: https://www.spidasoftware.com/projectmanager/action/editAction?id=88972
Requested Url: https://www.spidasoftware.com/projectmanager/action/editAction?id=88972
ATMOSPHERE CANCELLED
?[36m[info]?[0m [phantom] Step _step 182/224 https://www.spidasoftware.com/projectmanager/flow/edit/88868# (HTTP 200)
?[36m[info]?[0m [phantom] Step _step 182/224: done in 139236ms.
?[36m[info]?[0m [phantom] wait() finished waiting for 2000ms.
?[36m[info]?[0m [phantom] Step _step 183/225 https://www.spidasoftware.com/projectmanager/flow/edit/88868# (HTTP 200)
?[36m[info]?[0m [phantom] Step _step 183/225: done in 141246ms.
?[36m[info]?[0m [phantom] waitFor() finished in 41ms.
?[36m[info]?[0m [phantom] Step waitedForJavascript 184/226 https://www.spidasoftware.com/projectmanager/flow/edit/88868# (HTTP 200)
?[32;1m[debug]?[0m [phantom] Capturing page to /Users/zpeugh/code/min/scripts/flowdocument/pngs/Station Action.png
?[36m[info]?[0m [phantom] Capture saved to /Users/zpeugh/code/min/scripts/flowdocument/pngs/Station Action.png
Captured action: Station Action
?[36m[info]?[0m [phantom] Step waitedForJavascript 184/226: done in 141685ms.
?[36m[info]?[0m [phantom] Step changeOnClickValue 185/226 https://www.spidasoftware.com/projectmanager/flow/edit/88868# (HTTP 200)
?[36m[info]?[0m [phantom] Step changeOnClickValue 185/226: done in 141687ms.
Requested Url: https://www.spidasoftware.com/projectmanager/action/editAction?id=88973
Requested Url: https://www.spidasoftware.com/projectmanager/action/editAction?id=88973
?[36m[info]?[0m [phantom] Step _step 186/226 https://www.spidasoftware.com/projectmanager/flow/edit/88868# (HTTP 200)
?[36m[info]?[0m [phantom] Step _step 186/226: done in 141841ms.
?[36m[info]?[0m [phantom] wait() finished waiting for 2000ms.
?[36m[info]?[0m [phantom] Step _step 187/227 https://www.spidasoftware.com/projectmanager/flow/edit/88868# (HTTP 200)
?[36m[info]?[0m [phantom] Step _step 187/227: done in 143854ms.
?[36m[info]?[0m [phantom] waitFor() finished in 40ms.
?[36m[info]?[0m [phantom] Step waitedForJavascript 188/228 https://www.spidasoftware.com/projectmanager/flow/edit/88868# (HTTP 200)
?[32;1m[debug]?[0m [phantom] Capturing page to /Users/zpeugh/code/min/scripts/flowdocument/pngs/Lock Pole Count.png
?[36m[info]?[0m [phantom] Capture saved to /Users/zpeugh/code/min/scripts/flowdocument/pngs/Lock Pole Count.png
Captured action: Lock Pole Count
?[36m[info]?[0m [phantom] Step waitedForJavascript 188/228: done in 144314ms.
?[36m[info]?[0m [phantom] Step changeOnClickValue 189/228 https://www.spidasoftware.com/projectmanager/flow/edit/88868# (HTTP 200)
?[36m[info]?[0m [phantom] Step changeOnClickValue 189/228: done in 144317ms.
Requested Url: https://www.spidasoftware.com/projectmanager/action/editAction?id=88975
Requested Url: https://www.spidasoftware.com/projectmanager/action/editAction?id=88975
?[36m[info]?[0m [phantom] Step _step 190/228 https://www.spidasoftware.com/projectmanager/flow/edit/88868# (HTTP 200)
?[36m[info]?[0m [phantom] Step _step 190/228: done in 144473ms.
?[36m[info]?[0m [phantom] wait() finished waiting for 2000ms.
?[36m[info]?[0m [phantom] Step _step 191/229 https://www.spidasoftware.com/projectmanager/flow/edit/88868# (HTTP 200)
?[36m[info]?[0m [phantom] Step _step 191/229: done in 146475ms.
?[36m[info]?[0m [phantom] waitFor() finished in 43ms.
?[36m[info]?[0m [phantom] Step waitedForJavascript 192/230 https://www.spidasoftware.com/projectmanager/flow/edit/88868# (HTTP 200)
?[32;1m[debug]?[0m [phantom] Capturing page to /Users/zpeugh/code/min/scripts/flowdocument/pngs/Email Assignee Not all Poles Denied.png
?[36m[info]?[0m [phantom] Capture saved to /Users/zpeugh/code/min/scripts/flowdocument/pngs/Email Assignee Not all Poles Denied.png
Captured action: Email Assignee Not all Poles Denied
?[36m[info]?[0m [phantom] Step waitedForJavascript 192/230: done in 146916ms.
?[36m[info]?[0m [phantom] Step changeOnClickValue 193/230 https://www.spidasoftware.com/projectmanager/flow/edit/88868# (HTTP 200)
?[36m[info]?[0m [phantom] Step changeOnClickValue 193/230: done in 146918ms.
Requested Url: https://www.spidasoftware.com/projectmanager/action/editAction?id=88978
Requested Url: https://www.spidasoftware.com/projectmanager/action/editAction?id=88978
?[36m[info]?[0m [phantom] Step _step 194/230 https://www.spidasoftware.com/projectmanager/flow/edit/88868# (HTTP 200)
?[36m[info]?[0m [phantom] Step _step 194/230: done in 147076ms.
?[36m[info]?[0m [phantom] wait() finished waiting for 2000ms.
?[36m[info]?[0m [phantom] Step _step 195/231 https://www.spidasoftware.com/projectmanager/flow/edit/88868# (HTTP 200)
?[36m[info]?[0m [phantom] Step _step 195/231: done in 149089ms.
?[36m[info]?[0m [phantom] waitFor() finished in 41ms.
?[36m[info]?[0m [phantom] Step waitedForJavascript 196/232 https://www.spidasoftware.com/projectmanager/flow/edit/88868# (HTTP 200)
?[32;1m[debug]?[0m [phantom] Capturing page to /Users/zpeugh/code/min/scripts/flowdocument/pngs/Assign JPO Admin.png
?[36m[info]?[0m [phantom] Capture saved to /Users/zpeugh/code/min/scripts/flowdocument/pngs/Assign JPO Admin.png
Captured action: Assign JPO Admin
?[36m[info]?[0m [phantom] Step waitedForJavascript 196/232: done in 149546ms.
?[36m[info]?[0m [phantom] Step changeOnClickValue 197/232 https://www.spidasoftware.com/projectmanager/flow/edit/88868# (HTTP 200)
?[36m[info]?[0m [phantom] Step changeOnClickValue 197/232: done in 149548ms.
?[36m[info]?[0m [phantom] Step _step 198/232 https://www.spidasoftware.com/projectmanager/flow/edit/88868# (HTTP 200)
?[36m[info]?[0m [phantom] Step _step 198/232: done in 149697ms.
Requested Url: https://www.spidasoftware.com/projectmanager/action/editAction?id=88980
Requested Url: https://www.spidasoftware.com/projectmanager/action/editAction?id=88980
?[36m[info]?[0m [phantom] wait() finished waiting for 2000ms.
?[36m[info]?[0m [phantom] Step _step 199/233 https://www.spidasoftware.com/projectmanager/flow/edit/88868# (HTTP 200)
?[36m[info]?[0m [phantom] Step _step 199/233: done in 151715ms.
?[36m[info]?[0m [phantom] waitFor() finished in 40ms.
?[36m[info]?[0m [phantom] Step waitedForJavascript 200/234 https://www.spidasoftware.com/projectmanager/flow/edit/88868# (HTTP 200)
?[32;1m[debug]?[0m [phantom] Capturing page to /Users/zpeugh/code/min/scripts/flowdocument/pngs/Create E2 for Found Poles.png
?[36m[info]?[0m [phantom] Capture saved to /Users/zpeugh/code/min/scripts/flowdocument/pngs/Create E2 for Found Poles.png
Captured action: Create E2 for Found Poles
?[36m[info]?[0m [phantom] Step waitedForJavascript 200/234: done in 152161ms.
?[36m[info]?[0m [phantom] Step changeOnClickValue 201/234 https://www.spidasoftware.com/projectmanager/flow/edit/88868# (HTTP 200)
?[36m[info]?[0m [phantom] Step changeOnClickValue 201/234: done in 152254ms.
Requested Url: https://www.spidasoftware.com/projectmanager/action/editAction?id=88981
Requested Url: https://www.spidasoftware.com/projectmanager/action/editAction?id=88981
?[36m[info]?[0m [phantom] Step _step 202/234 https://www.spidasoftware.com/projectmanager/flow/edit/88868# (HTTP 200)
?[36m[info]?[0m [phantom] Step _step 202/234: done in 152379ms.
?[36m[info]?[0m [phantom] wait() finished waiting for 2000ms.
?[36m[info]?[0m [phantom] Step _step 203/235 https://www.spidasoftware.com/projectmanager/flow/edit/88868# (HTTP 200)
?[36m[info]?[0m [phantom] Step _step 203/235: done in 154393ms.
?[36m[info]?[0m [phantom] waitFor() finished in 40ms.
?[36m[info]?[0m [phantom] Step waitedForJavascript 204/236 https://www.spidasoftware.com/projectmanager/flow/edit/88868# (HTTP 200)
?[32;1m[debug]?[0m [phantom] Capturing page to /Users/zpeugh/code/min/scripts/flowdocument/pngs/Creat Notification Against Failed Structure IDs.png
?[36m[info]?[0m [phantom] Capture saved to /Users/zpeugh/code/min/scripts/flowdocument/pngs/Creat Notification Against Failed Structure IDs.png
Captured action: Creat Notification Against Failed Structure IDs
?[36m[info]?[0m [phantom] Step waitedForJavascript 204/236: done in 154850ms.
?[36m[info]?[0m [phantom] Step changeOnClickValue 205/236 https://www.spidasoftware.com/projectmanager/flow/edit/88868# (HTTP 200)
?[36m[info]?[0m [phantom] Step changeOnClickValue 205/236: done in 154944ms.
Requested Url: https://www.spidasoftware.com/projectmanager/action/editAction?id=88982
Requested Url: https://www.spidasoftware.com/projectmanager/action/editAction?id=88982
?[36m[info]?[0m [phantom] Step _step 206/236 https://www.spidasoftware.com/projectmanager/flow/edit/88868# (HTTP 200)
?[36m[info]?[0m [phantom] Step _step 206/236: done in 155067ms.
?[36m[info]?[0m [phantom] wait() finished waiting for 2000ms.
?[36m[info]?[0m [phantom] Step _step 207/237 https://www.spidasoftware.com/projectmanager/flow/edit/88868# (HTTP 200)
?[36m[info]?[0m [phantom] Step _step 207/237: done in 157087ms.
?[36m[info]?[0m [phantom] waitFor() finished in 40ms.
?[36m[info]?[0m [phantom] Step waitedForJavascript 208/238 https://www.spidasoftware.com/projectmanager/flow/edit/88868# (HTTP 200)
?[32;1m[debug]?[0m [phantom] Capturing page to /Users/zpeugh/code/min/scripts/flowdocument/pngs/Add ZJPA Sub Order as Reference Code?.png
?[36m[info]?[0m [phantom] Capture saved to /Users/zpeugh/code/min/scripts/flowdocument/pngs/Add ZJPA Sub Order as Reference Code?.png
Captured action: Add ZJPA Sub Order as Reference Code?
?[36m[info]?[0m [phantom] Step waitedForJavascript 208/238: done in 157572ms.
?[36m[info]?[0m [phantom] Step changeOnClickValue 209/238 https://www.spidasoftware.com/projectmanager/flow/edit/88868# (HTTP 200)
?[36m[info]?[0m [phantom] Step changeOnClickValue 209/238: done in 157574ms.
Requested Url: https://www.spidasoftware.com/projectmanager/action/editAction?id=88985
Requested Url: https://www.spidasoftware.com/projectmanager/action/editAction?id=88985
?[36m[info]?[0m [phantom] Step _step 210/238 https://www.spidasoftware.com/projectmanager/flow/edit/88868# (HTTP 200)
?[36m[info]?[0m [phantom] Step _step 210/238: done in 157735ms.
?[36m[info]?[0m [phantom] wait() finished waiting for 2000ms.
?[36m[info]?[0m [phantom] Step _step 211/239 https://www.spidasoftware.com/projectmanager/flow/edit/88868# (HTTP 200)
?[36m[info]?[0m [phantom] Step _step 211/239: done in 159738ms.
?[36m[info]?[0m [phantom] waitFor() finished in 43ms.
?[36m[info]?[0m [phantom] Step waitedForJavascript 212/240 https://www.spidasoftware.com/projectmanager/flow/edit/88868# (HTTP 200)
?[32;1m[debug]?[0m [phantom] Capturing page to /Users/zpeugh/code/min/scripts/flowdocument/pngs/Email Customer: Complete Form 48.png
?[36m[info]?[0m [phantom] Capture saved to /Users/zpeugh/code/min/scripts/flowdocument/pngs/Email Customer: Complete Form 48.png
Captured action: Email Customer: Complete Form 48
?[36m[info]?[0m [phantom] Step waitedForJavascript 212/240: done in 160177ms.
?[36m[info]?[0m [phantom] Step changeOnClickValue 213/240 https://www.spidasoftware.com/projectmanager/flow/edit/88868# (HTTP 200)
?[36m[info]?[0m [phantom] Step changeOnClickValue 213/240: done in 160180ms.
Requested Url: https://www.spidasoftware.com/projectmanager/action/editAction?id=88989
Requested Url: https://www.spidasoftware.com/projectmanager/action/editAction?id=88989
?[36m[info]?[0m [phantom] Step _step 214/240 https://www.spidasoftware.com/projectmanager/flow/edit/88868# (HTTP 200)
?[36m[info]?[0m [phantom] Step _step 214/240: done in 160334ms.
?[36m[info]?[0m [phantom] wait() finished waiting for 2000ms.
?[36m[info]?[0m [phantom] Step _step 215/241 https://www.spidasoftware.com/projectmanager/flow/edit/88868# (HTTP 200)
?[36m[info]?[0m [phantom] Step _step 215/241: done in 162350ms.
?[36m[info]?[0m [phantom] waitFor() finished in 40ms.
?[36m[info]?[0m [phantom] Step waitedForJavascript 216/242 https://www.spidasoftware.com/projectmanager/flow/edit/88868# (HTTP 200)
?[32;1m[debug]?[0m [phantom] Capturing page to /Users/zpeugh/code/min/scripts/flowdocument/pngs/Email: Inspector to complete pole forms.png
?[36m[info]?[0m [phantom] Capture saved to /Users/zpeugh/code/min/scripts/flowdocument/pngs/Email: Inspector to complete pole forms.png
Captured action: Email: Inspector to complete pole forms
?[36m[info]?[0m [phantom] Step waitedForJavascript 216/242: done in 162843ms.
?[36m[info]?[0m [phantom] Step changeOnClickValue 217/242 https://www.spidasoftware.com/projectmanager/flow/edit/88868# (HTTP 200)
?[36m[info]?[0m [phantom] Step changeOnClickValue 217/242: done in 162845ms.
Requested Url: https://www.spidasoftware.com/projectmanager/action/editAction?id=88994
Requested Url: https://www.spidasoftware.com/projectmanager/action/editAction?id=88994
?[36m[info]?[0m [phantom] Step _step 218/242 https://www.spidasoftware.com/projectmanager/flow/edit/88868# (HTTP 200)
?[36m[info]?[0m [phantom] Step _step 218/242: done in 162999ms.
?[36m[info]?[0m [phantom] wait() finished waiting for 2000ms.
?[36m[info]?[0m [phantom] Step _step 219/243 https://www.spidasoftware.com/projectmanager/flow/edit/88868# (HTTP 200)
?[36m[info]?[0m [phantom] Step _step 219/243: done in 165014ms.
?[36m[info]?[0m [phantom] waitFor() finished in 42ms.
?[36m[info]?[0m [phantom] Step waitedForJavascript 220/244 https://www.spidasoftware.com/projectmanager/flow/edit/88868# (HTTP 200)
?[32;1m[debug]?[0m [phantom] Capturing page to /Users/zpeugh/code/min/scripts/flowdocument/pngs/Email Customer: Project Closed.png
?[36m[info]?[0m [phantom] Capture saved to /Users/zpeugh/code/min/scripts/flowdocument/pngs/Email Customer: Project Closed.png
Captured action: Email Customer: Project Closed
?[36m[info]?[0m [phantom] Step waitedForJavascript 220/244: done in 165454ms.
?[36m[info]?[0m [phantom] Step changeOnClickValue 221/244 https://www.spidasoftware.com/projectmanager/flow/edit/88868# (HTTP 200)
?[36m[info]?[0m [phantom] Step changeOnClickValue 221/244: done in 165456ms.
Requested Url: https://www.spidasoftware.com/projectmanager/action/editAction?id=89000
Requested Url: https://www.spidasoftware.com/projectmanager/action/editAction?id=89000
?[36m[info]?[0m [phantom] Step _step 222/244 https://www.spidasoftware.com/projectmanager/flow/edit/88868# (HTTP 200)
?[36m[info]?[0m [phantom] Step _step 222/244: done in 165609ms.
?[36m[info]?[0m [phantom] wait() finished waiting for 2000ms.
?[36m[info]?[0m [phantom] Step _step 223/245 https://www.spidasoftware.com/projectmanager/flow/edit/88868# (HTTP 200)
?[36m[info]?[0m [phantom] Step _step 223/245: done in 167617ms.
?[36m[info]?[0m [phantom] waitFor() finished in 40ms.
?[36m[info]?[0m [phantom] Step waitedForJavascript 224/246 https://www.spidasoftware.com/projectmanager/flow/edit/88868# (HTTP 200)
?[32;1m[debug]?[0m [phantom] Capturing page to /Users/zpeugh/code/min/scripts/flowdocument/pngs/Email Inspector: Ensure Forms are Complete and Calc Uploaded(checklist?).png
?[36m[info]?[0m [phantom] Capture saved to /Users/zpeugh/code/min/scripts/flowdocument/pngs/Email Inspector: Ensure Forms are Complete and Calc Uploaded(checklist?).png
Captured action: Email Inspector: Ensure Forms are Complete and Calc Uploaded(checklist?)
?[36m[info]?[0m [phantom] Step waitedForJavascript 224/246: done in 168054ms.
?[36m[info]?[0m [phantom] Step changeOnClickValue 225/246 https://www.spidasoftware.com/projectmanager/flow/edit/88868# (HTTP 200)
?[36m[info]?[0m [phantom] Step changeOnClickValue 225/246: done in 168144ms.
Requested Url: https://www.spidasoftware.com/projectmanager/action/editAction?id=89001
Requested Url: https://www.spidasoftware.com/projectmanager/action/editAction?id=89001
?[36m[info]?[0m [phantom] Step _step 226/246 https://www.spidasoftware.com/projectmanager/flow/edit/88868# (HTTP 200)
?[36m[info]?[0m [phantom] Step _step 226/246: done in 168264ms.
?[36m[info]?[0m [phantom] wait() finished waiting for 2000ms.
?[36m[info]?[0m [phantom] Step _step 227/247 https://www.spidasoftware.com/projectmanager/flow/edit/88868# (HTTP 200)
?[36m[info]?[0m [phantom] Step _step 227/247: done in 170269ms.
?[36m[info]?[0m [phantom] waitFor() finished in 42ms.
?[36m[info]?[0m [phantom] Step waitedForJavascript 228/248 https://www.spidasoftware.com/projectmanager/flow/edit/88868# (HTTP 200)
?[32;1m[debug]?[0m [phantom] Capturing page to /Users/zpeugh/code/min/scripts/flowdocument/pngs/Pull Forms From Calc.png
?[36m[info]?[0m [phantom] Capture saved to /Users/zpeugh/code/min/scripts/flowdocument/pngs/Pull Forms From Calc.png
Captured action: Pull Forms From Calc
?[36m[info]?[0m [phantom] Step waitedForJavascript 228/248: done in 170711ms.
?[36m[info]?[0m [phantom] Step changeOnClickValue 229/248 https://www.spidasoftware.com/projectmanager/flow/edit/88868# (HTTP 200)
?[36m[info]?[0m [phantom] Step changeOnClickValue 229/248: done in 170799ms.
?[36m[info]?[0m [phantom] Step _step 230/248 https://www.spidasoftware.com/projectmanager/flow/edit/88868# (HTTP 200)
?[36m[info]?[0m [phantom] Step _step 230/248: done in 170904ms.
Requested Url: https://www.spidasoftware.com/projectmanager/action/editAction?id=89003
Requested Url: https://www.spidasoftware.com/projectmanager/action/editAction?id=89003
ATMOSPHERE CANCELLED
ATMOSPHERE CANCELLED
?[36m[info]?[0m [phantom] wait() finished waiting for 2000ms.
?[36m[info]?[0m [phantom] Step _step 231/249 https://www.spidasoftware.com/projectmanager/flow/edit/88868# (HTTP 200)
?[36m[info]?[0m [phantom] Step _step 231/249: done in 172954ms.
?[36m[info]?[0m [phantom] waitFor() finished in 42ms.
?[36m[info]?[0m [phantom] Step waitedForJavascript 232/250 https://www.spidasoftware.com/projectmanager/flow/edit/88868# (HTTP 200)
?[32;1m[debug]?[0m [phantom] Capturing page to /Users/zpeugh/code/min/scripts/flowdocument/pngs/Email Planner/Contractor.png
?[36m[info]?[0m [phantom] Capture saved to /Users/zpeugh/code/min/scripts/flowdocument/pngs/Email Planner/Contractor.png
Captured action: Email Planner/Contractor
?[36m[info]?[0m [phantom] Step waitedForJavascript 232/250: done in 173465ms.
?[36m[info]?[0m [phantom] Step changeOnClickValue 233/250 https://www.spidasoftware.com/projectmanager/flow/edit/88868# (HTTP 200)
?[36m[info]?[0m [phantom] Step changeOnClickValue 233/250: done in 173467ms.
Requested Url: https://www.spidasoftware.com/projectmanager/action/editAction?id=89024
Requested Url: https://www.spidasoftware.com/projectmanager/action/editAction?id=89024
?[36m[info]?[0m [phantom] Step _step 234/250 https://www.spidasoftware.com/projectmanager/flow/edit/88868# (HTTP 200)
?[36m[info]?[0m [phantom] Step _step 234/250: done in 173635ms.
?[36m[info]?[0m [phantom] wait() finished waiting for 2000ms.
?[36m[info]?[0m [phantom] Step _step 235/251 https://www.spidasoftware.com/projectmanager/flow/edit/88868# (HTTP 200)
?[36m[info]?[0m [phantom] Step _step 235/251: done in 175652ms.
?[36m[info]?[0m [phantom] waitFor() finished in 41ms.
?[36m[info]?[0m [phantom] Step waitedForJavascript 236/252 https://www.spidasoftware.com/projectmanager/flow/edit/88868# (HTTP 200)
?[32;1m[debug]?[0m [phantom] Capturing page to /Users/zpeugh/code/min/scripts/flowdocument/pngs/Create ZJ Notification.png
?[36m[info]?[0m [phantom] Capture saved to /Users/zpeugh/code/min/scripts/flowdocument/pngs/Create ZJ Notification.png
Captured action: Create ZJ Notification
?[36m[info]?[0m [phantom] Step waitedForJavascript 236/252: done in 176090ms.
?[36m[info]?[0m [phantom] Step changeOnClickValue 237/252 https://www.spidasoftware.com/projectmanager/flow/edit/88868# (HTTP 200)
?[36m[info]?[0m [phantom] Step changeOnClickValue 237/252: done in 176092ms.
?[36m[info]?[0m [phantom] Step _step 238/252 https://www.spidasoftware.com/projectmanager/flow/edit/88868# (HTTP 200)
?[36m[info]?[0m [phantom] Step _step 238/252: done in 176238ms.
Requested Url: https://www.spidasoftware.com/projectmanager/action/editAction?id=89025
Requested Url: https://www.spidasoftware.com/projectmanager/action/editAction?id=89025
?[36m[info]?[0m [phantom] wait() finished waiting for 2000ms.
?[36m[info]?[0m [phantom] Step _step 239/253 https://www.spidasoftware.com/projectmanager/flow/edit/88868# (HTTP 200)
?[36m[info]?[0m [phantom] Step _step 239/253: done in 178250ms.
?[36m[info]?[0m [phantom] waitFor() finished in 41ms.
?[36m[info]?[0m [phantom] Step waitedForJavascript 240/254 https://www.spidasoftware.com/projectmanager/flow/edit/88868# (HTTP 200)
?[32;1m[debug]?[0m [phantom] Capturing page to /Users/zpeugh/code/min/scripts/flowdocument/pngs/Assign JPA Manager.png
?[36m[info]?[0m [phantom] Capture saved to /Users/zpeugh/code/min/scripts/flowdocument/pngs/Assign JPA Manager.png
Captured action: Assign JPA Manager
?[36m[info]?[0m [phantom] Step waitedForJavascript 240/254: done in 178689ms.
?[36m[info]?[0m [phantom] Step changeOnClickValue 241/254 https://www.spidasoftware.com/projectmanager/flow/edit/88868# (HTTP 200)
?[36m[info]?[0m [phantom] Step changeOnClickValue 241/254: done in 178780ms.
Requested Url: https://www.spidasoftware.com/projectmanager/action/editAction?id=89026
Requested Url: https://www.spidasoftware.com/projectmanager/action/editAction?id=89026
?[36m[info]?[0m [phantom] Step _step 242/254 https://www.spidasoftware.com/projectmanager/flow/edit/88868# (HTTP 200)
?[36m[info]?[0m [phantom] Step _step 242/254: done in 178900ms.
?[36m[info]?[0m [phantom] wait() finished waiting for 2000ms.
?[36m[info]?[0m [phantom] Step _step 243/255 https://www.spidasoftware.com/projectmanager/flow/edit/88868# (HTTP 200)
?[36m[info]?[0m [phantom] Step _step 243/255: done in 180917ms.
?[36m[info]?[0m [phantom] waitFor() finished in 40ms.
?[36m[info]?[0m [phantom] Step waitedForJavascript 244/256 https://www.spidasoftware.com/projectmanager/flow/edit/88868# (HTTP 200)
?[32;1m[debug]?[0m [phantom] Capturing page to /Users/zpeugh/code/min/scripts/flowdocument/pngs/First 45 Day Clock.png
?[36m[info]?[0m [phantom] Capture saved to /Users/zpeugh/code/min/scripts/flowdocument/pngs/First 45 Day Clock.png
Captured action: First 45 Day Clock
?[36m[info]?[0m [phantom] Step waitedForJavascript 244/256: done in 181366ms.
?[36m[info]?[0m [phantom] Step changeOnClickValue 245/256 https://www.spidasoftware.com/projectmanager/flow/edit/88868# (HTTP 200)
?[36m[info]?[0m [phantom] Step changeOnClickValue 245/256: done in 181369ms.
Requested Url: https://www.spidasoftware.com/projectmanager/action/editAction?id=89035
Requested Url: https://www.spidasoftware.com/projectmanager/action/editAction?id=89035
?[36m[info]?[0m [phantom] Step _step 246/256 https://www.spidasoftware.com/projectmanager/flow/edit/88868# (HTTP 200)
?[36m[info]?[0m [phantom] Step _step 246/256: done in 181531ms.
?[36m[info]?[0m [phantom] wait() finished waiting for 2000ms.
?[36m[info]?[0m [phantom] Step _step 247/257 https://www.spidasoftware.com/projectmanager/flow/edit/88868# (HTTP 200)
?[36m[info]?[0m [phantom] Step _step 247/257: done in 183534ms.
?[36m[info]?[0m [phantom] waitFor() finished in 40ms.
?[36m[info]?[0m [phantom] Step waitedForJavascript 248/258 https://www.spidasoftware.com/projectmanager/flow/edit/88868# (HTTP 200)
?[32;1m[debug]?[0m [phantom] Capturing page to /Users/zpeugh/code/min/scripts/flowdocument/pngs/Mail JPO to a. Change Records (then approve pole(s)) Or b. notice to fix.png
?[36m[info]?[0m [phantom] Capture saved to /Users/zpeugh/code/min/scripts/flowdocument/pngs/Mail JPO to a. Change Records (then approve pole(s)) Or b. notice to fix.png
Captured action: Mail JPO to a. Change Records (then approve pole(s)) Or b. notice to fix
?[36m[info]?[0m [phantom] Step waitedForJavascript 248/258: done in 183972ms.
?[36m[info]?[0m [phantom] Step changeOnClickValue 249/258 https://www.spidasoftware.com/projectmanager/flow/edit/88868# (HTTP 200)
?[36m[info]?[0m [phantom] Step changeOnClickValue 249/258: done in 184066ms.
Requested Url: https://www.spidasoftware.com/projectmanager/action/editAction?id=89037
Requested Url: https://www.spidasoftware.com/projectmanager/action/editAction?id=89037
?[36m[info]?[0m [phantom] Step _step 250/258 https://www.spidasoftware.com/projectmanager/flow/edit/88868# (HTTP 200)
?[36m[info]?[0m [phantom] Step _step 250/258: done in 184192ms.
?[36m[info]?[0m [phantom] wait() finished waiting for 2000ms.
?[36m[info]?[0m [phantom] Step _step 251/259 https://www.spidasoftware.com/projectmanager/flow/edit/88868# (HTTP 200)
?[36m[info]?[0m [phantom] Step _step 251/259: done in 186202ms.
?[36m[info]?[0m [phantom] waitFor() finished in 40ms.
?[36m[info]?[0m [phantom] Step waitedForJavascript 252/260 https://www.spidasoftware.com/projectmanager/flow/edit/88868# (HTTP 200)
?[32;1m[debug]?[0m [phantom] Capturing page to /Users/zpeugh/code/min/scripts/flowdocument/pngs/In 45 Days, Email Customer About Form 2 Final.png
?[36m[info]?[0m [phantom] Capture saved to /Users/zpeugh/code/min/scripts/flowdocument/pngs/In 45 Days, Email Customer About Form 2 Final.png
Captured action: In 45 Days, Email Customer About Form 2 Final
?[36m[info]?[0m [phantom] Step waitedForJavascript 252/260: done in 186639ms.
?[36m[info]?[0m [phantom] Step changeOnClickValue 253/260 https://www.spidasoftware.com/projectmanager/flow/edit/88868# (HTTP 200)
?[36m[info]?[0m [phantom] Step changeOnClickValue 253/260: done in 186641ms.
Requested Url: https://www.spidasoftware.com/projectmanager/action/editAction?id=89038
Requested Url: https://www.spidasoftware.com/projectmanager/action/editAction?id=89038
?[36m[info]?[0m [phantom] Step _step 254/260 https://www.spidasoftware.com/projectmanager/flow/edit/88868# (HTTP 200)
?[36m[info]?[0m [phantom] Step _step 254/260: done in 186794ms.
?[36m[info]?[0m [phantom] wait() finished waiting for 2000ms.
?[36m[info]?[0m [phantom] Step _step 255/261 https://www.spidasoftware.com/projectmanager/flow/edit/88868# (HTTP 200)
?[36m[info]?[0m [phantom] Step _step 255/261: done in 188809ms.
?[36m[info]?[0m [phantom] waitFor() finished in 41ms.
?[36m[info]?[0m [phantom] Step waitedForJavascript 256/262 https://www.spidasoftware.com/projectmanager/flow/edit/88868# (HTTP 200)
?[32;1m[debug]?[0m [phantom] Capturing page to /Users/zpeugh/code/min/scripts/flowdocument/pngs/Send As-Designed to SAP.png
?[36m[info]?[0m [phantom] Capture saved to /Users/zpeugh/code/min/scripts/flowdocument/pngs/Send As-Designed to SAP.png
Captured action: Send As-Designed to SAP
?[36m[info]?[0m [phantom] Step waitedForJavascript 256/262: done in 189263ms.
?[36m[info]?[0m [phantom] Step changeOnClickValue 257/262 https://www.spidasoftware.com/projectmanager/flow/edit/88868# (HTTP 200)
?[36m[info]?[0m [phantom] Step changeOnClickValue 257/262: done in 189265ms.
Requested Url: https://www.spidasoftware.com/projectmanager/action/editAction?id=89072
Requested Url: https://www.spidasoftware.com/projectmanager/action/editAction?id=89072
?[36m[info]?[0m [phantom] Step _step 258/262 https://www.spidasoftware.com/projectmanager/flow/edit/88868# (HTTP 200)
?[36m[info]?[0m [phantom] Step _step 258/262: done in 189428ms.
?[36m[info]?[0m [phantom] wait() finished waiting for 2000ms.
?[36m[info]?[0m [phantom] Step _step 259/263 https://www.spidasoftware.com/projectmanager/flow/edit/88868# (HTTP 200)
?[36m[info]?[0m [phantom] Step _step 259/263: done in 191431ms.
?[36m[info]?[0m [phantom] waitFor() finished in 40ms.
?[36m[info]?[0m [phantom] Step waitedForJavascript 260/264 https://www.spidasoftware.com/projectmanager/flow/edit/88868# (HTTP 200)
?[32;1m[debug]?[0m [phantom] Capturing page to /Users/zpeugh/code/min/scripts/flowdocument/pngs/Email All: Project Being Edited.png
?[36m[info]?[0m [phantom] Capture saved to /Users/zpeugh/code/min/scripts/flowdocument/pngs/Email All: Project Being Edited.png
Captured action: Email All: Project Being Edited
?[36m[info]?[0m [phantom] Step waitedForJavascript 260/264: done in 191886ms.
?[36m[info]?[0m [phantom] Step changeOnClickValue 261/264 https://www.spidasoftware.com/projectmanager/flow/edit/88868# (HTTP 200)
?[36m[info]?[0m [phantom] Step changeOnClickValue 261/264: done in 191980ms.
Requested Url: https://www.spidasoftware.com/projectmanager/action/editAction?id=89073
Requested Url: https://www.spidasoftware.com/projectmanager/action/editAction?id=89073
?[36m[info]?[0m [phantom] Step _step 262/264 https://www.spidasoftware.com/projectmanager/flow/edit/88868# (HTTP 200)
?[36m[info]?[0m [phantom] Step _step 262/264: done in 192104ms.
?[36m[info]?[0m [phantom] wait() finished waiting for 2000ms.
?[36m[info]?[0m [phantom] Step _step 263/265 https://www.spidasoftware.com/projectmanager/flow/edit/88868# (HTTP 200)
?[36m[info]?[0m [phantom] Step _step 263/265: done in 194110ms.
?[36m[info]?[0m [phantom] waitFor() finished in 43ms.
?[36m[info]?[0m [phantom] Step waitedForJavascript 264/266 https://www.spidasoftware.com/projectmanager/flow/edit/88868# (HTTP 200)
?[32;1m[debug]?[0m [phantom] Capturing page to /Users/zpeugh/code/min/scripts/flowdocument/pngs/Unlock Project.png
?[36m[info]?[0m [phantom] Capture saved to /Users/zpeugh/code/min/scripts/flowdocument/pngs/Unlock Project.png
Captured action: Unlock Project
?[36m[info]?[0m [phantom] Step waitedForJavascript 264/266: done in 194550ms.
?[36m[info]?[0m [phantom] Step changeOnClickValue 265/266 https://www.spidasoftware.com/projectmanager/flow/edit/88868# (HTTP 200)
?[36m[info]?[0m [phantom] Step changeOnClickValue 265/266: done in 194646ms.
Requested Url: https://www.spidasoftware.com/projectmanager/action/editAction?id=89080
Requested Url: https://www.spidasoftware.com/projectmanager/action/editAction?id=89080
?[36m[info]?[0m [phantom] Step _step 266/266 https://www.spidasoftware.com/projectmanager/flow/edit/88868# (HTTP 200)
?[36m[info]?[0m [phantom] Step _step 266/266: done in 194770ms.
?[36m[info]?[0m [phantom] wait() finished waiting for 2000ms.
?[36m[info]?[0m [phantom] Step _step 267/267 https://www.spidasoftware.com/projectmanager/flow/edit/88868# (HTTP 200)
?[36m[info]?[0m [phantom] Step _step 267/267: done in 196773ms.
?[36m[info]?[0m [phantom] waitFor() finished in 40ms.
?[36m[info]?[0m [phantom] Step waitedForJavascript 268/268 https://www.spidasoftware.com/projectmanager/flow/edit/88868# (HTTP 200)
?[32;1m[debug]?[0m [phantom] Capturing page to /Users/zpeugh/code/min/scripts/flowdocument/pngs/Email Assignee: Set Station Statuses.png
?[36m[info]?[0m [phantom] Capture saved to /Users/zpeugh/code/min/scripts/flowdocument/pngs/Email Assignee: Set Station Statuses.png
Captured action: Email Assignee: Set Station Statuses
?[36m[info]?[0m [phantom] Step waitedForJavascript 268/268: done in 197211ms.
?[36m[info]?[0m [phantom] Done 268 steps in 197211ms
args: Email~Assignee:~Set~All~Station~Statuses Set~Sub~Planning Create~or~Update~Assets Pull~Photos~From~Calc Email~Customer:~Complete~Forms Email~assignee~poles~not~all~approved~correctstatuses~and~advance Lock~Pole~Count Station~Action Email~Assignee~Not~all~Poles~Denied Assign~JPO~Admin Creat~Notification~Against~Failed~Structure~IDs Create~E2~for~Found~Poles Add~ZJPA~Sub~Order~as~Reference~Code? Email~Customer:~Complete~Form~48 Email:~Inspector~to~complete~pole~forms Email~Customer:~Project~Closed Pull~Forms~From~Calc Email~Inspector:~Ensure~Forms~are~Complete~and~Calc~Uploaded(checklist?) Email~Planner/Contractor Assign~Customer:~Corrections~Required Update~ZJ~Notification Create~Calc~File Assign~JPO~Agent Email~Customer:~JPA~In~Progress Set~Sub Assign~JPA~Manager Create~ZJ~Notification First~45~Day~Clock Email:~Customer~Rework~Required,~review~station~statuses Assign~Customer Accept~or~Reject~Station~Statuses Send~the~As~Is~Layer~Measurement~Point Assign~Planning~Groups Mail~JPO~to~a.~Change~Records~(then~approve~pole(s))~Or~b.~notice~to~fix In~45~Days,~Email~Customer~About~Form~2~Final Email~Customer~Cancelled Send~As-Designed~to~SAP Email~All~Cancelled Email~Creator-Deny~Stations Email~Customer:~Some~Work~Not~Completed Update~FLOC~Unauthorized~(not~completed~as~approved~stations) Push~Forms~to~Calc Update~ZJ~Notification~Status Remove~Time~Markers Email:~Verify~all~stations~have~status Set~Station~Statuses Assign~NDPM~Usergroup 9~Months~to~Complete~Inspection 31~Day~Reminder~(repeating) Email~Customer~Instructions 18~Months~to~Complete~Construction Email~Creator:~Complete~Denied~Pole~Form Email~Customer~Canceled~(due~to~PL) Email~Assignee:~Complete~Forms Unlock~Project Email~All:~Project~Being~Edited 14~Days~to~Fix~Clock~and~Auto~Advance Email~Customer:~Denied~Notification Email~Assignee:~All~Stations~Denied Email~Assignee:~Set~Station~Statuses Email~Inspector~Corrections~Required Assign~Inspector
Actions to capture: 
0: Email Assignee: Set All Station Statuses
1: Set Sub Planning
2: Create or Update Assets
3: Pull Photos From Calc
4: Email Customer: Complete Forms
5: Email assignee poles not all approved correctstatuses and advance
6: Lock Pole Count
7: Station Action
8: Email Assignee Not all Poles Denied
9: Assign JPO Admin
10: Creat Notification Against Failed Structure IDs
11: Create E2 for Found Poles
12: Add ZJPA Sub Order as Reference Code?
13: Email Customer: Complete Form 48
14: Email: Inspector to complete pole forms
15: Email Customer: Project Closed
16: Pull Forms From Calc
17: Email Inspector: Ensure Forms are Complete and Calc Uploaded(checklist?)
18: Email Planner/Contractor
19: Assign Customer: Corrections Required
20: Update ZJ Notification
21: Create Calc File
22: Assign JPO Agent
23: Email Customer: JPA In Progress
24: Set Sub
25: Assign JPA Manager
26: Create ZJ Notification
27: First 45 Day Clock
28: Email: Customer Rework Required, review station statuses
29: Assign Customer
30: Accept or Reject Station Statuses
31: Send the As Is Layer Measurement Point
32: Assign Planning Groups
33: Mail JPO to a. Change Records (then approve pole(s)) Or b. notice to fix
34: In 45 Days, Email Customer About Form 2 Final
35: Email Customer Cancelled
36: Send As-Designed to SAP
37: Email All Cancelled
38: Email Creator-Deny Stations
39: Email Customer: Some Work Not Completed
40: Update FLOC Unauthorized (not completed as approved stations)
41: Push Forms to Calc
42: Update ZJ Notification Status
43: Remove Time Markers
44: Email: Verify all stations have status
45: Set Station Statuses
46: Assign NDPM Usergroup
47: 9 Months to Complete Inspection
48: 31 Day Reminder (repeating)
49: Email Customer Instructions
50: 18 Months to Complete Construction
51: Email Creator: Complete Denied Pole Form
52: Email Customer Canceled (due to PL)
53: Email Assignee: Complete Forms
54: Unlock Project
55: Email All: Project Being Edited
56: 14 Days to Fix Clock and Auto Advance
57: Email Customer: Denied Notification
58: Email Assignee: All Stations Denied
59: Email Assignee: Set Station Statuses
60: Email Inspector Corrections Required
61: Assign Inspector
?[36m[info]?[0m [phantom] Starting...
?[36m[info]?[0m [phantom] Execution timeout set to 8000ms
?[36m[info]?[0m [phantom] Running suite: 248 steps
?[32;1m[debug]?[0m [phantom] opening url: file:///Users/zpeugh/code/min/scripts/flowdocument/Resources/actionHtmls/Email Assignee: Set All Station Statuses.html, HTTP GET
?[32;1m[debug]?[0m [phantom] Navigation requested: url=file:///Users/zpeugh/code/min/scripts/flowdocument/Resources/actionHtmls/Email Assignee: Set All Station Statuses.html, type=Other, willNavigate=true, isMainFrame=true
?[32;1m[debug]?[0m [phantom] url changed to "file:///Users/zpeugh/code/min/scripts/flowdocument/Resources/actionHtmls/Email Assignee: Set All Station Statuses.html"
?[32;1m[debug]?[0m [phantom] Successfully injected Casper client-side utilities
?[36m[info]?[0m [phantom] Step anonymous 2/248: done in 1641ms.
?[36m[info]?[0m [phantom] Step _step 3/249: done in 1666ms.
?[36m[info]?[0m [phantom] waitFor() finished in 48ms.
?[32;1m[debug]?[0m [phantom] Capturing page to /Users/zpeugh/code/min/scripts/flowdocument/Resources/actionHtmls/actionPNGs/Email Assignee: Set All Station Statuses.png with clipRect {"top":15,"height":406,"left":62,"width":501}
?[36m[info]?[0m [phantom] Capture saved to /Users/zpeugh/code/min/scripts/flowdocument/Resources/actionHtmls/actionPNGs/Email Assignee: Set All Station Statuses.png
?[36m[info]?[0m [phantom] Step anonymous 4/250: done in 1814ms.
?[32;1m[debug]?[0m [phantom] opening url: file:///Users/zpeugh/code/min/scripts/flowdocument/Resources/actionHtmls/Set Sub Planning.html, HTTP GET
?[32;1m[debug]?[0m [phantom] Navigation requested: url=file:///Users/zpeugh/code/min/scripts/flowdocument/Resources/actionHtmls/Set Sub Planning.html, type=Other, willNavigate=true, isMainFrame=true
?[32;1m[debug]?[0m [phantom] url changed to "file:///Users/zpeugh/code/min/scripts/flowdocument/Resources/actionHtmls/Set Sub Planning.html"
?[32;1m[debug]?[0m [phantom] Successfully injected Casper client-side utilities
?[36m[info]?[0m [phantom] Step anonymous 6/250: done in 1884ms.
?[36m[info]?[0m [phantom] Step _step 7/251: done in 1907ms.
?[36m[info]?[0m [phantom] waitFor() finished in 46ms.
?[32;1m[debug]?[0m [phantom] Capturing page to /Users/zpeugh/code/min/scripts/flowdocument/Resources/actionHtmls/actionPNGs/Set Sub Planning.png with clipRect {"top":15,"height":319,"left":62,"width":501}
?[36m[info]?[0m [phantom] Capture saved to /Users/zpeugh/code/min/scripts/flowdocument/Resources/actionHtmls/actionPNGs/Set Sub Planning.png
?[36m[info]?[0m [phantom] Step anonymous 8/252: done in 2055ms.
?[32;1m[debug]?[0m [phantom] opening url: file:///Users/zpeugh/code/min/scripts/flowdocument/Resources/actionHtmls/Create or Update Assets.html, HTTP GET
?[32;1m[debug]?[0m [phantom] Navigation requested: url=file:///Users/zpeugh/code/min/scripts/flowdocument/Resources/actionHtmls/Create or Update Assets.html, type=Other, willNavigate=true, isMainFrame=true
?[32;1m[debug]?[0m [phantom] url changed to "file:///Users/zpeugh/code/min/scripts/flowdocument/Resources/actionHtmls/Create or Update Assets.html"
?[32;1m[debug]?[0m [phantom] Successfully injected Casper client-side utilities
?[36m[info]?[0m [phantom] Step anonymous 10/252: done in 2107ms.
?[36m[info]?[0m [phantom] Step _step 11/253: done in 2128ms.
?[36m[info]?[0m [phantom] waitFor() finished in 43ms.
?[32;1m[debug]?[0m [phantom] Capturing page to /Users/zpeugh/code/min/scripts/flowdocument/Resources/actionHtmls/actionPNGs/Create or Update Assets.png with clipRect {"top":15,"height":171,"left":62,"width":501}
?[36m[info]?[0m [phantom] Capture saved to /Users/zpeugh/code/min/scripts/flowdocument/Resources/actionHtmls/actionPNGs/Create or Update Assets.png
?[36m[info]?[0m [phantom] Step anonymous 12/254: done in 2266ms.
?[32;1m[debug]?[0m [phantom] opening url: file:///Users/zpeugh/code/min/scripts/flowdocument/Resources/actionHtmls/Pull Photos From Calc.html, HTTP GET
?[32;1m[debug]?[0m [phantom] Navigation requested: url=file:///Users/zpeugh/code/min/scripts/flowdocument/Resources/actionHtmls/Pull Photos From Calc.html, type=Other, willNavigate=true, isMainFrame=true
?[32;1m[debug]?[0m [phantom] url changed to "file:///Users/zpeugh/code/min/scripts/flowdocument/Resources/actionHtmls/Pull Photos From Calc.html"
?[32;1m[debug]?[0m [phantom] Successfully injected Casper client-side utilities
?[36m[info]?[0m [phantom] Step anonymous 14/254: done in 2317ms.
?[36m[info]?[0m [phantom] Step _step 15/255: done in 2341ms.
?[36m[info]?[0m [phantom] waitFor() finished in 47ms.
?[32;1m[debug]?[0m [phantom] Capturing page to /Users/zpeugh/code/min/scripts/flowdocument/Resources/actionHtmls/actionPNGs/Pull Photos From Calc.png with clipRect {"top":15,"height":171,"left":62,"width":501}
?[36m[info]?[0m [phantom] Capture saved to /Users/zpeugh/code/min/scripts/flowdocument/Resources/actionHtmls/actionPNGs/Pull Photos From Calc.png
?[36m[info]?[0m [phantom] Step anonymous 16/256: done in 2463ms.
?[32;1m[debug]?[0m [phantom] opening url: file:///Users/zpeugh/code/min/scripts/flowdocument/Resources/actionHtmls/Email Customer: Complete Forms.html, HTTP GET
?[32;1m[debug]?[0m [phantom] Navigation requested: url=file:///Users/zpeugh/code/min/scripts/flowdocument/Resources/actionHtmls/Email Customer: Complete Forms.html, type=Other, willNavigate=true, isMainFrame=true
?[32;1m[debug]?[0m [phantom] url changed to "file:///Users/zpeugh/code/min/scripts/flowdocument/Resources/actionHtmls/Email Customer: Complete Forms.html"
?[32;1m[debug]?[0m [phantom] Successfully injected Casper client-side utilities
?[36m[info]?[0m [phantom] Step anonymous 18/256: done in 2516ms.
?[36m[info]?[0m [phantom] Step _step 19/257: done in 2536ms.
?[36m[info]?[0m [phantom] waitFor() finished in 43ms.
?[32;1m[debug]?[0m [phantom] Capturing page to /Users/zpeugh/code/min/scripts/flowdocument/Resources/actionHtmls/actionPNGs/Email Customer: Complete Forms.png with clipRect {"top":15,"height":406,"left":62,"width":501}
?[36m[info]?[0m [phantom] Capture saved to /Users/zpeugh/code/min/scripts/flowdocument/Resources/actionHtmls/actionPNGs/Email Customer: Complete Forms.png
?[36m[info]?[0m [phantom] Step anonymous 20/258: done in 2670ms.
?[32;1m[debug]?[0m [phantom] opening url: file:///Users/zpeugh/code/min/scripts/flowdocument/Resources/actionHtmls/Email assignee poles not all approved correctstatuses and advance.html, HTTP GET
?[32;1m[debug]?[0m [phantom] Navigation requested: url=file:///Users/zpeugh/code/min/scripts/flowdocument/Resources/actionHtmls/Email assignee poles not all approved correctstatuses and advance.html, type=Other, willNavigate=true, isMainFrame=true
?[32;1m[debug]?[0m [phantom] url changed to "file:///Users/zpeugh/code/min/scripts/flowdocument/Resources/actionHtmls/Email assignee poles not all approved correctstatuses and advance.html"
?[32;1m[debug]?[0m [phantom] Successfully injected Casper client-side utilities
?[36m[info]?[0m [phantom] Step anonymous 22/258: done in 2721ms.
?[36m[info]?[0m [phantom] Step _step 23/259: done in 2745ms.
?[36m[info]?[0m [phantom] waitFor() finished in 45ms.
?[32;1m[debug]?[0m [phantom] Capturing page to /Users/zpeugh/code/min/scripts/flowdocument/Resources/actionHtmls/actionPNGs/Email assignee poles not all approved correctstatuses and advance.png with clipRect {"top":15,"height":467,"left":62,"width":501}
?[36m[info]?[0m [phantom] Capture saved to /Users/zpeugh/code/min/scripts/flowdocument/Resources/actionHtmls/actionPNGs/Email assignee poles not all approved correctstatuses and advance.png
?[36m[info]?[0m [phantom] Step anonymous 24/260: done in 2884ms.
?[32;1m[debug]?[0m [phantom] opening url: file:///Users/zpeugh/code/min/scripts/flowdocument/Resources/actionHtmls/Lock Pole Count.html, HTTP GET
?[32;1m[debug]?[0m [phantom] Navigation requested: url=file:///Users/zpeugh/code/min/scripts/flowdocument/Resources/actionHtmls/Lock Pole Count.html, type=Other, willNavigate=true, isMainFrame=true
?[32;1m[debug]?[0m [phantom] url changed to "file:///Users/zpeugh/code/min/scripts/flowdocument/Resources/actionHtmls/Lock Pole Count.html"
?[32;1m[debug]?[0m [phantom] Successfully injected Casper client-side utilities
?[36m[info]?[0m [phantom] Step anonymous 26/260: done in 2934ms.
?[36m[info]?[0m [phantom] Step _step 27/261: done in 2957ms.
?[36m[info]?[0m [phantom] waitFor() finished in 48ms.
?[32;1m[debug]?[0m [phantom] Capturing page to /Users/zpeugh/code/min/scripts/flowdocument/Resources/actionHtmls/actionPNGs/Lock Pole Count.png with clipRect {"top":15,"height":245,"left":62,"width":501}
?[36m[info]?[0m [phantom] Capture saved to /Users/zpeugh/code/min/scripts/flowdocument/Resources/actionHtmls/actionPNGs/Lock Pole Count.png
?[36m[info]?[0m [phantom] Step anonymous 28/262: done in 3085ms.
?[32;1m[debug]?[0m [phantom] opening url: file:///Users/zpeugh/code/min/scripts/flowdocument/Resources/actionHtmls/Station Action.html, HTTP GET
?[32;1m[debug]?[0m [phantom] Navigation requested: url=file:///Users/zpeugh/code/min/scripts/flowdocument/Resources/actionHtmls/Station Action.html, type=Other, willNavigate=true, isMainFrame=true
?[32;1m[debug]?[0m [phantom] url changed to "file:///Users/zpeugh/code/min/scripts/flowdocument/Resources/actionHtmls/Station Action.html"
?[32;1m[debug]?[0m [phantom] Successfully injected Casper client-side utilities
?[36m[info]?[0m [phantom] Step anonymous 30/262: done in 3139ms.
?[36m[info]?[0m [phantom] Step _step 31/263: done in 3160ms.
?[36m[info]?[0m [phantom] waitFor() finished in 44ms.
?[32;1m[debug]?[0m [phantom] Capturing page to /Users/zpeugh/code/min/scripts/flowdocument/Resources/actionHtmls/actionPNGs/Station Action.png with clipRect {"top":15,"height":319,"left":62,"width":501}
?[36m[info]?[0m [phantom] Capture saved to /Users/zpeugh/code/min/scripts/flowdocument/Resources/actionHtmls/actionPNGs/Station Action.png
?[36m[info]?[0m [phantom] Step anonymous 32/264: done in 3289ms.
?[32;1m[debug]?[0m [phantom] opening url: file:///Users/zpeugh/code/min/scripts/flowdocument/Resources/actionHtmls/Email Assignee Not all Poles Denied.html, HTTP GET
?[32;1m[debug]?[0m [phantom] Navigation requested: url=file:///Users/zpeugh/code/min/scripts/flowdocument/Resources/actionHtmls/Email Assignee Not all Poles Denied.html, type=Other, willNavigate=true, isMainFrame=true
?[32;1m[debug]?[0m [phantom] url changed to "file:///Users/zpeugh/code/min/scripts/flowdocument/Resources/actionHtmls/Email Assignee Not all Poles Denied.html"
?[32;1m[debug]?[0m [phantom] Successfully injected Casper client-side utilities
?[36m[info]?[0m [phantom] Step anonymous 34/264: done in 3341ms.
?[36m[info]?[0m [phantom] Step _step 35/265: done in 3364ms.
?[36m[info]?[0m [phantom] waitFor() finished in 47ms.
?[32;1m[debug]?[0m [phantom] Capturing page to /Users/zpeugh/code/min/scripts/flowdocument/Resources/actionHtmls/actionPNGs/Email Assignee Not all Poles Denied.png with clipRect {"top":15,"height":406,"left":62,"width":501}
?[36m[info]?[0m [phantom] Capture saved to /Users/zpeugh/code/min/scripts/flowdocument/Resources/actionHtmls/actionPNGs/Email Assignee Not all Poles Denied.png
?[36m[info]?[0m [phantom] Step anonymous 36/266: done in 3498ms.
?[32;1m[debug]?[0m [phantom] opening url: file:///Users/zpeugh/code/min/scripts/flowdocument/Resources/actionHtmls/Assign JPO Admin.html, HTTP GET
?[32;1m[debug]?[0m [phantom] Navigation requested: url=file:///Users/zpeugh/code/min/scripts/flowdocument/Resources/actionHtmls/Assign JPO Admin.html, type=Other, willNavigate=true, isMainFrame=true
?[32;1m[debug]?[0m [phantom] url changed to "file:///Users/zpeugh/code/min/scripts/flowdocument/Resources/actionHtmls/Assign JPO Admin.html"
?[32;1m[debug]?[0m [phantom] Successfully injected Casper client-side utilities
?[36m[info]?[0m [phantom] Step anonymous 38/266: done in 3551ms.
?[36m[info]?[0m [phantom] Step _step 39/267: done in 3574ms.
?[36m[info]?[0m [phantom] waitFor() finished in 46ms.
?[32;1m[debug]?[0m [phantom] Capturing page to /Users/zpeugh/code/min/scripts/flowdocument/Resources/actionHtmls/actionPNGs/Assign JPO Admin.png with clipRect {"top":15,"height":467,"left":62,"width":501}
?[36m[info]?[0m [phantom] Capture saved to /Users/zpeugh/code/min/scripts/flowdocument/Resources/actionHtmls/actionPNGs/Assign JPO Admin.png
?[36m[info]?[0m [phantom] Step anonymous 40/268: done in 3713ms.
?[32;1m[debug]?[0m [phantom] opening url: file:///Users/zpeugh/code/min/scripts/flowdocument/Resources/actionHtmls/Creat Notification Against Failed Structure IDs.html, HTTP GET
?[32;1m[debug]?[0m [phantom] Navigation requested: url=file:///Users/zpeugh/code/min/scripts/flowdocument/Resources/actionHtmls/Creat Notification Against Failed Structure IDs.html, type=Other, willNavigate=true, isMainFrame=true
?[32;1m[debug]?[0m [phantom] url changed to "file:///Users/zpeugh/code/min/scripts/flowdocument/Resources/actionHtmls/Creat Notification Against Failed Structure IDs.html"
?[32;1m[debug]?[0m [phantom] Successfully injected Casper client-side utilities
?[36m[info]?[0m [phantom] Step anonymous 42/268: done in 3766ms.
?[36m[info]?[0m [phantom] Step _step 43/269: done in 3785ms.
?[36m[info]?[0m [phantom] waitFor() finished in 46ms.
?[32;1m[debug]?[0m [phantom] Capturing page to /Users/zpeugh/code/min/scripts/flowdocument/Resources/actionHtmls/actionPNGs/Creat Notification Against Failed Structure IDs.png with clipRect {"top":15,"height":467,"left":62,"width":501}
?[36m[info]?[0m [phantom] Capture saved to /Users/zpeugh/code/min/scripts/flowdocument/Resources/actionHtmls/actionPNGs/Creat Notification Against Failed Structure IDs.png
?[36m[info]?[0m [phantom] Step anonymous 44/270: done in 3923ms.
?[32;1m[debug]?[0m [phantom] opening url: file:///Users/zpeugh/code/min/scripts/flowdocument/Resources/actionHtmls/Create E2 for Found Poles.html, HTTP GET
?[32;1m[debug]?[0m [phantom] Navigation requested: url=file:///Users/zpeugh/code/min/scripts/flowdocument/Resources/actionHtmls/Create E2 for Found Poles.html, type=Other, willNavigate=true, isMainFrame=true
?[32;1m[debug]?[0m [phantom] url changed to "file:///Users/zpeugh/code/min/scripts/flowdocument/Resources/actionHtmls/Create E2 for Found Poles.html"
?[32;1m[debug]?[0m [phantom] Successfully injected Casper client-side utilities
?[36m[info]?[0m [phantom] Step anonymous 46/270: done in 3977ms.
?[36m[info]?[0m [phantom] Step _step 47/271: done in 3997ms.
?[36m[info]?[0m [phantom] waitFor() finished in 48ms.
?[32;1m[debug]?[0m [phantom] Capturing page to /Users/zpeugh/code/min/scripts/flowdocument/Resources/actionHtmls/actionPNGs/Create E2 for Found Poles.png with clipRect {"top":15,"height":467,"left":62,"width":501}
?[36m[info]?[0m [phantom] Capture saved to /Users/zpeugh/code/min/scripts/flowdocument/Resources/actionHtmls/actionPNGs/Create E2 for Found Poles.png
?[36m[info]?[0m [phantom] Step anonymous 48/272: done in 4138ms.
?[32;1m[debug]?[0m [phantom] opening url: file:///Users/zpeugh/code/min/scripts/flowdocument/Resources/actionHtmls/Add ZJPA Sub Order as Reference Code?.html, HTTP GET
?[32;1m[debug]?[0m [phantom] Navigation requested: url=file:///Users/zpeugh/code/min/scripts/flowdocument/Resources/actionHtmls/Add ZJPA Sub Order as Reference Code?.html, type=Other, willNavigate=true, isMainFrame=true
?[33m[warning]?[0m [phantom] Loading resource failed with status=fail: file:///Users/zpeugh/code/min/scripts/flowdocument/Resources/actionHtmls/Add ZJPA Sub Order as Reference Code?.html
?[36m[info]?[0m [phantom] Step anonymous 50/272: done in 4162ms.
?[36m[info]?[0m [phantom] Step _step 51/273: done in 4187ms.
?[36m[info]?[0m [phantom] waitFor() finished in 49ms.
?[32;1m[debug]?[0m [phantom] Capturing page to /Users/zpeugh/code/min/scripts/flowdocument/Resources/actionHtmls/actionPNGs/Add ZJPA Sub Order as Reference Code?.png with clipRect {"top":15,"height":467,"left":62,"width":501}
?[36m[info]?[0m [phantom] Capture saved to /Users/zpeugh/code/min/scripts/flowdocument/Resources/actionHtmls/actionPNGs/Add ZJPA Sub Order as Reference Code?.png
?[36m[info]?[0m [phantom] Step anonymous 52/274: done in 4325ms.
?[32;1m[debug]?[0m [phantom] opening url: file:///Users/zpeugh/code/min/scripts/flowdocument/Resources/actionHtmls/Email Customer: Complete Form 48.html, HTTP GET
?[32;1m[debug]?[0m [phantom] Navigation requested: url=file:///Users/zpeugh/code/min/scripts/flowdocument/Resources/actionHtmls/Email Customer: Complete Form 48.html, type=Other, willNavigate=true, isMainFrame=true
?[32;1m[debug]?[0m [phantom] url changed to "file:///Users/zpeugh/code/min/scripts/flowdocument/Resources/actionHtmls/Email Customer: Complete Form 48.html"
?[32;1m[debug]?[0m [phantom] Successfully injected Casper client-side utilities
?[36m[info]?[0m [phantom] Step anonymous 54/274: done in 4378ms.
?[36m[info]?[0m [phantom] Step _step 55/275: done in 4401ms.
?[36m[info]?[0m [phantom] waitFor() finished in 45ms.
?[32;1m[debug]?[0m [phantom] Capturing page to /Users/zpeugh/code/min/scripts/flowdocument/Resources/actionHtmls/actionPNGs/Email Customer: Complete Form 48.png with clipRect {"top":15,"height":467,"left":62,"width":501}
?[36m[info]?[0m [phantom] Capture saved to /Users/zpeugh/code/min/scripts/flowdocument/Resources/actionHtmls/actionPNGs/Email Customer: Complete Form 48.png
?[36m[info]?[0m [phantom] Step anonymous 56/276: done in 4541ms.
?[32;1m[debug]?[0m [phantom] opening url: file:///Users/zpeugh/code/min/scripts/flowdocument/Resources/actionHtmls/Email: Inspector to complete pole forms.html, HTTP GET
?[32;1m[debug]?[0m [phantom] Navigation requested: url=file:///Users/zpeugh/code/min/scripts/flowdocument/Resources/actionHtmls/Email: Inspector to complete pole forms.html, type=Other, willNavigate=true, isMainFrame=true
?[32;1m[debug]?[0m [phantom] url changed to "file:///Users/zpeugh/code/min/scripts/flowdocument/Resources/actionHtmls/Email: Inspector to complete pole forms.html"
?[32;1m[debug]?[0m [phantom] Successfully injected Casper client-side utilities
?[36m[info]?[0m [phantom] Step anonymous 58/276: done in 4590ms.
?[36m[info]?[0m [phantom] Step _step 59/277: done in 4610ms.
?[36m[info]?[0m [phantom] waitFor() finished in 46ms.
?[32;1m[debug]?[0m [phantom] Capturing page to /Users/zpeugh/code/min/scripts/flowdocument/Resources/actionHtmls/actionPNGs/Email: Inspector to complete pole forms.png with clipRect {"top":15,"height":467,"left":62,"width":501}
?[36m[info]?[0m [phantom] Capture saved to /Users/zpeugh/code/min/scripts/flowdocument/Resources/actionHtmls/actionPNGs/Email: Inspector to complete pole forms.png
?[36m[info]?[0m [phantom] Step anonymous 60/278: done in 4766ms.
?[32;1m[debug]?[0m [phantom] opening url: file:///Users/zpeugh/code/min/scripts/flowdocument/Resources/actionHtmls/Email Customer: Project Closed.html, HTTP GET
?[32;1m[debug]?[0m [phantom] Navigation requested: url=file:///Users/zpeugh/code/min/scripts/flowdocument/Resources/actionHtmls/Email Customer: Project Closed.html, type=Other, willNavigate=true, isMainFrame=true
?[32;1m[debug]?[0m [phantom] url changed to "file:///Users/zpeugh/code/min/scripts/flowdocument/Resources/actionHtmls/Email Customer: Project Closed.html"
?[32;1m[debug]?[0m [phantom] Successfully injected Casper client-side utilities
?[36m[info]?[0m [phantom] Step anonymous 62/278: done in 4818ms.
?[36m[info]?[0m [phantom] Step _step 63/279: done in 4838ms.
?[36m[info]?[0m [phantom] waitFor() finished in 40ms.
?[32;1m[debug]?[0m [phantom] Capturing page to /Users/zpeugh/code/min/scripts/flowdocument/Resources/actionHtmls/actionPNGs/Email Customer: Project Closed.png with clipRect {"top":15,"height":467,"left":62,"width":501}
?[36m[info]?[0m [phantom] Capture saved to /Users/zpeugh/code/min/scripts/flowdocument/Resources/actionHtmls/actionPNGs/Email Customer: Project Closed.png
?[36m[info]?[0m [phantom] Step anonymous 64/280: done in 4975ms.
?[32;1m[debug]?[0m [phantom] opening url: file:///Users/zpeugh/code/min/scripts/flowdocument/Resources/actionHtmls/Pull Forms From Calc.html, HTTP GET
?[32;1m[debug]?[0m [phantom] Navigation requested: url=file:///Users/zpeugh/code/min/scripts/flowdocument/Resources/actionHtmls/Pull Forms From Calc.html, type=Other, willNavigate=true, isMainFrame=true
?[32;1m[debug]?[0m [phantom] url changed to "file:///Users/zpeugh/code/min/scripts/flowdocument/Resources/actionHtmls/Pull Forms From Calc.html"
?[32;1m[debug]?[0m [phantom] Successfully injected Casper client-side utilities
?[36m[info]?[0m [phantom] Step anonymous 66/280: done in 5027ms.
?[36m[info]?[0m [phantom] Step _step 67/281: done in 5051ms.
?[36m[info]?[0m [phantom] waitFor() finished in 46ms.
?[32;1m[debug]?[0m [phantom] Capturing page to /Users/zpeugh/code/min/scripts/flowdocument/Resources/actionHtmls/actionPNGs/Pull Forms From Calc.png with clipRect {"top":15,"height":171,"left":62,"width":501}
?[36m[info]?[0m [phantom] Capture saved to /Users/zpeugh/code/min/scripts/flowdocument/Resources/actionHtmls/actionPNGs/Pull Forms From Calc.png
?[36m[info]?[0m [phantom] Step anonymous 68/282: done in 5172ms.
?[32;1m[debug]?[0m [phantom] opening url: file:///Users/zpeugh/code/min/scripts/flowdocument/Resources/actionHtmls/Email Inspector: Ensure Forms are Complete and Calc Uploaded(checklist?).html, HTTP GET
?[32;1m[debug]?[0m [phantom] Navigation requested: url=file:///Users/zpeugh/code/min/scripts/flowdocument/Resources/actionHtmls/Email Inspector: Ensure Forms are Complete and Calc Uploaded(checklist?).html, type=Other, willNavigate=true, isMainFrame=true
?[33m[warning]?[0m [phantom] Loading resource failed with status=fail: file:///Users/zpeugh/code/min/scripts/flowdocument/Resources/actionHtmls/Email Inspector: Ensure Forms are Complete and Calc Uploaded(checklist?).html
?[36m[info]?[0m [phantom] Step anonymous 70/282: done in 5193ms.
?[36m[info]?[0m [phantom] Step _step 71/283: done in 5215ms.
?[36m[info]?[0m [phantom] waitFor() finished in 44ms.
?[32;1m[debug]?[0m [phantom] Capturing page to /Users/zpeugh/code/min/scripts/flowdocument/Resources/actionHtmls/actionPNGs/Email Inspector: Ensure Forms are Complete and Calc Uploaded(checklist?).png with clipRect {"top":15,"height":171,"left":62,"width":501}
?[36m[info]?[0m [phantom] Capture saved to /Users/zpeugh/code/min/scripts/flowdocument/Resources/actionHtmls/actionPNGs/Email Inspector: Ensure Forms are Complete and Calc Uploaded(checklist?).png
?[36m[info]?[0m [phantom] Step anonymous 72/284: done in 5333ms.
?[32;1m[debug]?[0m [phantom] opening url: file:///Users/zpeugh/code/min/scripts/flowdocument/Resources/actionHtmls/Email Planner/Contractor.html, HTTP GET
?[32;1m[debug]?[0m [phantom] Navigation requested: url=file:///Users/zpeugh/code/min/scripts/flowdocument/Resources/actionHtmls/Email Planner/Contractor.html, type=Other, willNavigate=true, isMainFrame=true
?[32;1m[debug]?[0m [phantom] url changed to "file:///Users/zpeugh/code/min/scripts/flowdocument/Resources/actionHtmls/Email Planner/Contractor.html"
?[32;1m[debug]?[0m [phantom] Successfully injected Casper client-side utilities
?[36m[info]?[0m [phantom] Step anonymous 74/284: done in 5424ms.
?[36m[info]?[0m [phantom] Step _step 75/285: done in 5446ms.
?[36m[info]?[0m [phantom] waitFor() finished in 46ms.
?[32;1m[debug]?[0m [phantom] Capturing page to /Users/zpeugh/code/min/scripts/flowdocument/Resources/actionHtmls/actionPNGs/Email Planner/Contractor.png with clipRect {"top":5,"height":218,"left":57,"width":333}
?[36m[info]?[0m [phantom] Capture saved to /Users/zpeugh/code/min/scripts/flowdocument/Resources/actionHtmls/actionPNGs/Email Planner/Contractor.png
?[36m[info]?[0m [phantom] Step anonymous 76/286: done in 5715ms.
?[32;1m[debug]?[0m [phantom] opening url: file:///Users/zpeugh/code/min/scripts/flowdocument/Resources/actionHtmls/Assign Customer: Corrections Required.html, HTTP GET
?[32;1m[debug]?[0m [phantom] Navigation requested: url=file:///Users/zpeugh/code/min/scripts/flowdocument/Resources/actionHtmls/Assign Customer: Corrections Required.html, type=Other, willNavigate=true, isMainFrame=true
?[32;1m[debug]?[0m [phantom] url changed to "file:///Users/zpeugh/code/min/scripts/flowdocument/Resources/actionHtmls/Assign Customer: Corrections Required.html"
?[32;1m[debug]?[0m [phantom] Successfully injected Casper client-side utilities
?[36m[info]?[0m [phantom] Step anonymous 78/286: done in 5786ms.
?[36m[info]?[0m [phantom] Step _step 79/287: done in 5806ms.
?[36m[info]?[0m [phantom] waitFor() finished in 46ms.
?[32;1m[debug]?[0m [phantom] Capturing page to /Users/zpeugh/code/min/scripts/flowdocument/Resources/actionHtmls/actionPNGs/Assign Customer: Corrections Required.png with clipRect {"top":15,"height":393,"left":62,"width":501}
?[36m[info]?[0m [phantom] Capture saved to /Users/zpeugh/code/min/scripts/flowdocument/Resources/actionHtmls/actionPNGs/Assign Customer: Corrections Required.png
?[36m[info]?[0m [phantom] Step anonymous 80/288: done in 5950ms.
?[32;1m[debug]?[0m [phantom] opening url: file:///Users/zpeugh/code/min/scripts/flowdocument/Resources/actionHtmls/Update ZJ Notification.html, HTTP GET
?[32;1m[debug]?[0m [phantom] Navigation requested: url=file:///Users/zpeugh/code/min/scripts/flowdocument/Resources/actionHtmls/Update ZJ Notification.html, type=Other, willNavigate=true, isMainFrame=true
?[32;1m[debug]?[0m [phantom] url changed to "file:///Users/zpeugh/code/min/scripts/flowdocument/Resources/actionHtmls/Update ZJ Notification.html"
?[32;1m[debug]?[0m [phantom] Successfully injected Casper client-side utilities
?[36m[info]?[0m [phantom] Step anonymous 82/288: done in 6021ms.
?[36m[info]?[0m [phantom] Step _step 83/289: done in 6045ms.
?[36m[info]?[0m [phantom] waitFor() finished in 47ms.
?[32;1m[debug]?[0m [phantom] Capturing page to /Users/zpeugh/code/min/scripts/flowdocument/Resources/actionHtmls/actionPNGs/Update ZJ Notification.png with clipRect {"top":15,"height":467,"left":62,"width":501}
?[36m[info]?[0m [phantom] Capture saved to /Users/zpeugh/code/min/scripts/flowdocument/Resources/actionHtmls/actionPNGs/Update ZJ Notification.png
?[36m[info]?[0m [phantom] Step anonymous 84/290: done in 6186ms.
?[32;1m[debug]?[0m [phantom] opening url: file:///Users/zpeugh/code/min/scripts/flowdocument/Resources/actionHtmls/Create Calc File.html, HTTP GET
?[32;1m[debug]?[0m [phantom] Navigation requested: url=file:///Users/zpeugh/code/min/scripts/flowdocument/Resources/actionHtmls/Create Calc File.html, type=Other, willNavigate=true, isMainFrame=true
?[32;1m[debug]?[0m [phantom] url changed to "file:///Users/zpeugh/code/min/scripts/flowdocument/Resources/actionHtmls/Create Calc File.html"
?[32;1m[debug]?[0m [phantom] Successfully injected Casper client-side utilities
?[36m[info]?[0m [phantom] Step anonymous 86/290: done in 6250ms.
?[36m[info]?[0m [phantom] Step _step 87/291: done in 6270ms.
?[36m[info]?[0m [phantom] waitFor() finished in 48ms.
?[32;1m[debug]?[0m [phantom] Capturing page to /Users/zpeugh/code/min/scripts/flowdocument/Resources/actionHtmls/actionPNGs/Create Calc File.png with clipRect {"top":15,"height":245,"left":62,"width":501}
?[36m[info]?[0m [phantom] Capture saved to /Users/zpeugh/code/min/scripts/flowdocument/Resources/actionHtmls/actionPNGs/Create Calc File.png
?[36m[info]?[0m [phantom] Step anonymous 88/292: done in 6396ms.
?[32;1m[debug]?[0m [phantom] opening url: file:///Users/zpeugh/code/min/scripts/flowdocument/Resources/actionHtmls/Assign JPO Agent.html, HTTP GET
?[32;1m[debug]?[0m [phantom] Navigation requested: url=file:///Users/zpeugh/code/min/scripts/flowdocument/Resources/actionHtmls/Assign JPO Agent.html, type=Other, willNavigate=true, isMainFrame=true
?[32;1m[debug]?[0m [phantom] url changed to "file:///Users/zpeugh/code/min/scripts/flowdocument/Resources/actionHtmls/Assign JPO Agent.html"
?[32;1m[debug]?[0m [phantom] Successfully injected Casper client-side utilities
?[36m[info]?[0m [phantom] Step anonymous 90/292: done in 6460ms.
?[36m[info]?[0m [phantom] Step _step 91/293: done in 6483ms.
?[36m[info]?[0m [phantom] waitFor() finished in 47ms.
?[32;1m[debug]?[0m [phantom] Capturing page to /Users/zpeugh/code/min/scripts/flowdocument/Resources/actionHtmls/actionPNGs/Assign JPO Agent.png with clipRect {"top":15,"height":467,"left":62,"width":501}
?[36m[info]?[0m [phantom] Capture saved to /Users/zpeugh/code/min/scripts/flowdocument/Resources/actionHtmls/actionPNGs/Assign JPO Agent.png
?[36m[info]?[0m [phantom] Step anonymous 92/294: done in 6625ms.
?[32;1m[debug]?[0m [phantom] opening url: file:///Users/zpeugh/code/min/scripts/flowdocument/Resources/actionHtmls/Email Customer: JPA In Progress.html, HTTP GET
?[32;1m[debug]?[0m [phantom] Navigation requested: url=file:///Users/zpeugh/code/min/scripts/flowdocument/Resources/actionHtmls/Email Customer: JPA In Progress.html, type=Other, willNavigate=true, isMainFrame=true
?[32;1m[debug]?[0m [phantom] url changed to "file:///Users/zpeugh/code/min/scripts/flowdocument/Resources/actionHtmls/Email Customer: JPA In Progress.html"
?[32;1m[debug]?[0m [phantom] Successfully injected Casper client-side utilities
?[36m[info]?[0m [phantom] Step anonymous 94/294: done in 6677ms.
?[36m[info]?[0m [phantom] Step _step 95/295: done in 6700ms.
?[36m[info]?[0m [phantom] waitFor() finished in 46ms.
?[32;1m[debug]?[0m [phantom] Capturing page to /Users/zpeugh/code/min/scripts/flowdocument/Resources/actionHtmls/actionPNGs/Email Customer: JPA In Progress.png with clipRect {"top":15,"height":467,"left":62,"width":501}
?[36m[info]?[0m [phantom] Capture saved to /Users/zpeugh/code/min/scripts/flowdocument/Resources/actionHtmls/actionPNGs/Email Customer: JPA In Progress.png
?[36m[info]?[0m [phantom] Step anonymous 96/296: done in 6840ms.
?[32;1m[debug]?[0m [phantom] opening url: file:///Users/zpeugh/code/min/scripts/flowdocument/Resources/actionHtmls/Set Sub.html, HTTP GET
?[32;1m[debug]?[0m [phantom] Navigation requested: url=file:///Users/zpeugh/code/min/scripts/flowdocument/Resources/actionHtmls/Set Sub.html, type=Other, willNavigate=true, isMainFrame=true
?[32;1m[debug]?[0m [phantom] url changed to "file:///Users/zpeugh/code/min/scripts/flowdocument/Resources/actionHtmls/Set Sub.html"
?[32;1m[debug]?[0m [phantom] Successfully injected Casper client-side utilities
?[36m[info]?[0m [phantom] Step anonymous 98/296: done in 6909ms.
?[36m[info]?[0m [phantom] Step _step 99/297: done in 6932ms.
?[36m[info]?[0m [phantom] waitFor() finished in 45ms.
?[32;1m[debug]?[0m [phantom] Capturing page to /Users/zpeugh/code/min/scripts/flowdocument/Resources/actionHtmls/actionPNGs/Set Sub.png with clipRect {"top":15,"height":319,"left":62,"width":501}
?[36m[info]?[0m [phantom] Capture saved to /Users/zpeugh/code/min/scripts/flowdocument/Resources/actionHtmls/actionPNGs/Set Sub.png
?[36m[info]?[0m [phantom] Step anonymous 100/298: done in 7062ms.
?[32;1m[debug]?[0m [phantom] opening url: file:///Users/zpeugh/code/min/scripts/flowdocument/Resources/actionHtmls/Assign JPA Manager.html, HTTP GET
?[32;1m[debug]?[0m [phantom] Navigation requested: url=file:///Users/zpeugh/code/min/scripts/flowdocument/Resources/actionHtmls/Assign JPA Manager.html, type=Other, willNavigate=true, isMainFrame=true
?[32;1m[debug]?[0m [phantom] url changed to "file:///Users/zpeugh/code/min/scripts/flowdocument/Resources/actionHtmls/Assign JPA Manager.html"
?[32;1m[debug]?[0m [phantom] Successfully injected Casper client-side utilities
?[36m[info]?[0m [phantom] Step anonymous 102/298: done in 7114ms.
?[36m[info]?[0m [phantom] Step _step 103/299: done in 7134ms.
?[36m[info]?[0m [phantom] waitFor() finished in 40ms.
?[32;1m[debug]?[0m [phantom] Capturing page to /Users/zpeugh/code/min/scripts/flowdocument/Resources/actionHtmls/actionPNGs/Assign JPA Manager.png with clipRect {"top":15,"height":393,"left":62,"width":501}
?[36m[info]?[0m [phantom] Capture saved to /Users/zpeugh/code/min/scripts/flowdocument/Resources/actionHtmls/actionPNGs/Assign JPA Manager.png
?[36m[info]?[0m [phantom] Step anonymous 104/300: done in 7264ms.
?[32;1m[debug]?[0m [phantom] opening url: file:///Users/zpeugh/code/min/scripts/flowdocument/Resources/actionHtmls/Create ZJ Notification.html, HTTP GET
?[32;1m[debug]?[0m [phantom] Navigation requested: url=file:///Users/zpeugh/code/min/scripts/flowdocument/Resources/actionHtmls/Create ZJ Notification.html, type=Other, willNavigate=true, isMainFrame=true
?[32;1m[debug]?[0m [phantom] url changed to "file:///Users/zpeugh/code/min/scripts/flowdocument/Resources/actionHtmls/Create ZJ Notification.html"
?[32;1m[debug]?[0m [phantom] Successfully injected Casper client-side utilities
?[36m[info]?[0m [phantom] Step anonymous 106/300: done in 7314ms.
?[36m[info]?[0m [phantom] Step _step 107/301: done in 7337ms.
?[36m[info]?[0m [phantom] waitFor() finished in 49ms.
?[32;1m[debug]?[0m [phantom] Capturing page to /Users/zpeugh/code/min/scripts/flowdocument/Resources/actionHtmls/actionPNGs/Create ZJ Notification.png with clipRect {"top":15,"height":467,"left":62,"width":501}
?[36m[info]?[0m [phantom] Capture saved to /Users/zpeugh/code/min/scripts/flowdocument/Resources/actionHtmls/actionPNGs/Create ZJ Notification.png
?[36m[info]?[0m [phantom] Step anonymous 108/302: done in 7480ms.
?[32;1m[debug]?[0m [phantom] opening url: file:///Users/zpeugh/code/min/scripts/flowdocument/Resources/actionHtmls/First 45 Day Clock.html, HTTP GET
?[32;1m[debug]?[0m [phantom] Navigation requested: url=file:///Users/zpeugh/code/min/scripts/flowdocument/Resources/actionHtmls/First 45 Day Clock.html, type=Other, willNavigate=true, isMainFrame=true
?[32;1m[debug]?[0m [phantom] url changed to "file:///Users/zpeugh/code/min/scripts/flowdocument/Resources/actionHtmls/First 45 Day Clock.html"
?[32;1m[debug]?[0m [phantom] Successfully injected Casper client-side utilities
?[36m[info]?[0m [phantom] Step anonymous 110/302: done in 7532ms.
?[36m[info]?[0m [phantom] Step _step 111/303: done in 7556ms.
?[36m[info]?[0m [phantom] waitFor() finished in 46ms.
?[32;1m[debug]?[0m [phantom] Capturing page to /Users/zpeugh/code/min/scripts/flowdocument/Resources/actionHtmls/actionPNGs/First 45 Day Clock.png with clipRect {"top":15,"height":393,"left":62,"width":501}
?[36m[info]?[0m [phantom] Capture saved to /Users/zpeugh/code/min/scripts/flowdocument/Resources/actionHtmls/actionPNGs/First 45 Day Clock.png
?[36m[info]?[0m [phantom] Step anonymous 112/304: done in 7695ms.
?[32;1m[debug]?[0m [phantom] opening url: file:///Users/zpeugh/code/min/scripts/flowdocument/Resources/actionHtmls/Email: Customer Rework Required, review station statuses.html, HTTP GET
?[32;1m[debug]?[0m [phantom] Navigation requested: url=file:///Users/zpeugh/code/min/scripts/flowdocument/Resources/actionHtmls/Email: Customer Rework Required, review station statuses.html, type=Other, willNavigate=true, isMainFrame=true
?[32;1m[debug]?[0m [phantom] url changed to "file:///Users/zpeugh/code/min/scripts/flowdocument/Resources/actionHtmls/Email: Customer Rework Required, review station statuses.html"
?[32;1m[debug]?[0m [phantom] Successfully injected Casper client-side utilities
?[36m[info]?[0m [phantom] Step anonymous 114/304: done in 7763ms.
?[36m[info]?[0m [phantom] Step _step 115/305: done in 7787ms.
?[36m[info]?[0m [phantom] waitFor() finished in 47ms.
?[32;1m[debug]?[0m [phantom] Capturing page to /Users/zpeugh/code/min/scripts/flowdocument/Resources/actionHtmls/actionPNGs/Email: Customer Rework Required, review station statuses.png with clipRect {"top":15,"height":406,"left":62,"width":501}
?[36m[info]?[0m [phantom] Capture saved to /Users/zpeugh/code/min/scripts/flowdocument/Resources/actionHtmls/actionPNGs/Email: Customer Rework Required, review station statuses.png
?[36m[info]?[0m [phantom] Step anonymous 116/306: done in 7925ms.
?[32;1m[debug]?[0m [phantom] opening url: file:///Users/zpeugh/code/min/scripts/flowdocument/Resources/actionHtmls/Assign Customer.html, HTTP GET
?[32;1m[debug]?[0m [phantom] Navigation requested: url=file:///Users/zpeugh/code/min/scripts/flowdocument/Resources/actionHtmls/Assign Customer.html, type=Other, willNavigate=true, isMainFrame=true
?[32;1m[debug]?[0m [phantom] url changed to "file:///Users/zpeugh/code/min/scripts/flowdocument/Resources/actionHtmls/Assign Customer.html"
?[32;1m[debug]?[0m [phantom] Successfully injected Casper client-side utilities
?[36m[info]?[0m [phantom] Step anonymous 118/306: done in 7997ms.
script timed out
?[36m[info]?[0m [phantom] Step _step 119/307: done in 8019ms.
?[36m[info]?[0m [phantom] waitFor() finished in 43ms.
?[32;1m[debug]?[0m [phantom] Capturing page to /Users/zpeugh/code/min/scripts/flowdocument/Resources/actionHtmls/actionPNGs/Assign Customer.png with clipRect {"top":15,"height":393,"left":62,"width":501}
?[36m[info]?[0m [phantom] Capture saved to /Users/zpeugh/code/min/scripts/flowdocument/Resources/actionHtmls/actionPNGs/Assign Customer.png
?[36m[info]?[0m [phantom] Step anonymous 120/308: done in 8147ms.
?[32;1m[debug]?[0m [phantom] opening url: file:///Users/zpeugh/code/min/scripts/flowdocument/Resources/actionHtmls/Accept or Reject Station Statuses.html, HTTP GET
?[32;1m[debug]?[0m [phantom] Navigation requested: url=file:///Users/zpeugh/code/min/scripts/flowdocument/Resources/actionHtmls/Accept or Reject Station Statuses.html, type=Other, willNavigate=true, isMainFrame=true
?[32;1m[debug]?[0m [phantom] url changed to "file:///Users/zpeugh/code/min/scripts/flowdocument/Resources/actionHtmls/Accept or Reject Station Statuses.html"
?[32;1m[debug]?[0m [phantom] Successfully injected Casper client-side utilities
?[36m[info]?[0m [phantom] Step anonymous 122/308: done in 8216ms.
?[36m[info]?[0m [phantom] Step _step 123/309: done in 8237ms.
?[36m[info]?[0m [phantom] waitFor() finished in 47ms.
?[32;1m[debug]?[0m [phantom] Capturing page to /Users/zpeugh/code/min/scripts/flowdocument/Resources/actionHtmls/actionPNGs/Accept or Reject Station Statuses.png with clipRect {"top":15,"height":319,"left":62,"width":501}
?[36m[info]?[0m [phantom] Capture saved to /Users/zpeugh/code/min/scripts/flowdocument/Resources/actionHtmls/actionPNGs/Accept or Reject Station Statuses.png
?[36m[info]?[0m [phantom] Step anonymous 124/310: done in 8371ms.
?[32;1m[debug]?[0m [phantom] opening url: file:///Users/zpeugh/code/min/scripts/flowdocument/Resources/actionHtmls/Send the As Is Layer Measurement Point.html, HTTP GET
?[32;1m[debug]?[0m [phantom] Navigation requested: url=file:///Users/zpeugh/code/min/scripts/flowdocument/Resources/actionHtmls/Send the As Is Layer Measurement Point.html, type=Other, willNavigate=true, isMainFrame=true
?[32;1m[debug]?[0m [phantom] url changed to "file:///Users/zpeugh/code/min/scripts/flowdocument/Resources/actionHtmls/Send the As Is Layer Measurement Point.html"
?[32;1m[debug]?[0m [phantom] Successfully injected Casper client-side utilities
?[36m[info]?[0m [phantom] Step anonymous 126/310: done in 8438ms.
?[36m[info]?[0m [phantom] Step _step 127/311: done in 8460ms.
?[36m[info]?[0m [phantom] waitFor() finished in 44ms.
?[32;1m[debug]?[0m [phantom] Capturing page to /Users/zpeugh/code/min/scripts/flowdocument/Resources/actionHtmls/actionPNGs/Send the As Is Layer Measurement Point.png with clipRect {"top":15,"height":467,"left":62,"width":501}
?[36m[info]?[0m [phantom] Capture saved to /Users/zpeugh/code/min/scripts/flowdocument/Resources/actionHtmls/actionPNGs/Send the As Is Layer Measurement Point.png
?[36m[info]?[0m [phantom] Step anonymous 128/312: done in 8596ms.
?[32;1m[debug]?[0m [phantom] opening url: file:///Users/zpeugh/code/min/scripts/flowdocument/Resources/actionHtmls/Assign Planning Groups.html, HTTP GET
?[32;1m[debug]?[0m [phantom] Navigation requested: url=file:///Users/zpeugh/code/min/scripts/flowdocument/Resources/actionHtmls/Assign Planning Groups.html, type=Other, willNavigate=true, isMainFrame=true
?[32;1m[debug]?[0m [phantom] url changed to "file:///Users/zpeugh/code/min/scripts/flowdocument/Resources/actionHtmls/Assign Planning Groups.html"
?[32;1m[debug]?[0m [phantom] Successfully injected Casper client-side utilities
?[36m[info]?[0m [phantom] Step anonymous 130/312: done in 8660ms.
?[36m[info]?[0m [phantom] Step _step 131/313: done in 8680ms.
?[36m[info]?[0m [phantom] waitFor() finished in 44ms.
?[32;1m[debug]?[0m [phantom] Capturing page to /Users/zpeugh/code/min/scripts/flowdocument/Resources/actionHtmls/actionPNGs/Assign Planning Groups.png with clipRect {"top":15,"height":467,"left":62,"width":501}
?[36m[info]?[0m [phantom] Capture saved to /Users/zpeugh/code/min/scripts/flowdocument/Resources/actionHtmls/actionPNGs/Assign Planning Groups.png
?[36m[info]?[0m [phantom] Step anonymous 132/314: done in 8816ms.
?[32;1m[debug]?[0m [phantom] opening url: file:///Users/zpeugh/code/min/scripts/flowdocument/Resources/actionHtmls/Mail JPO to a. Change Records (then approve pole(s)) Or b. notice to fix.html, HTTP GET
?[32;1m[debug]?[0m [phantom] Navigation requested: url=file:///Users/zpeugh/code/min/scripts/flowdocument/Resources/actionHtmls/Mail JPO to a. Change Records (then approve pole(s)) Or b. notice to fix.html, type=Other, willNavigate=true, isMainFrame=true
?[32;1m[debug]?[0m [phantom] url changed to "file:///Users/zpeugh/code/min/scripts/flowdocument/Resources/actionHtmls/Mail JPO to a. Change Records (then approve pole(s)) Or b. notice to fix.html"
?[32;1m[debug]?[0m [phantom] Successfully injected Casper client-side utilities
?[36m[info]?[0m [phantom] Step anonymous 134/314: done in 8866ms.
?[36m[info]?[0m [phantom] Step _step 135/315: done in 8888ms.
?[36m[info]?[0m [phantom] waitFor() finished in 47ms.
?[32;1m[debug]?[0m [phantom] Capturing page to /Users/zpeugh/code/min/scripts/flowdocument/Resources/actionHtmls/actionPNGs/Mail JPO to a. Change Records (then approve pole(s)) Or b. notice to fix.png with clipRect {"top":15,"height":406,"left":62,"width":501}
?[36m[info]?[0m [phantom] Capture saved to /Users/zpeugh/code/min/scripts/flowdocument/Resources/actionHtmls/actionPNGs/Mail JPO to a. Change Records (then approve pole(s)) Or b. notice to fix.png
?[36m[info]?[0m [phantom] Step anonymous 136/316: done in 9031ms.
?[32;1m[debug]?[0m [phantom] opening url: file:///Users/zpeugh/code/min/scripts/flowdocument/Resources/actionHtmls/In 45 Days, Email Customer About Form 2 Final.html, HTTP GET
?[32;1m[debug]?[0m [phantom] Navigation requested: url=file:///Users/zpeugh/code/min/scripts/flowdocument/Resources/actionHtmls/In 45 Days, Email Customer About Form 2 Final.html, type=Other, willNavigate=true, isMainFrame=true
?[32;1m[debug]?[0m [phantom] url changed to "file:///Users/zpeugh/code/min/scripts/flowdocument/Resources/actionHtmls/In 45 Days, Email Customer About Form 2 Final.html"
?[32;1m[debug]?[0m [phantom] Successfully injected Casper client-side utilities
?[36m[info]?[0m [phantom] Step anonymous 138/316: done in 9083ms.
?[36m[info]?[0m [phantom] Step _step 139/317: done in 9105ms.
?[36m[info]?[0m [phantom] waitFor() finished in 43ms.
?[32;1m[debug]?[0m [phantom] Capturing page to /Users/zpeugh/code/min/scripts/flowdocument/Resources/actionHtmls/actionPNGs/In 45 Days, Email Customer About Form 2 Final.png with clipRect {"top":15,"height":406,"left":62,"width":501}
?[36m[info]?[0m [phantom] Capture saved to /Users/zpeugh/code/min/scripts/flowdocument/Resources/actionHtmls/actionPNGs/In 45 Days, Email Customer About Form 2 Final.png
?[36m[info]?[0m [phantom] Step anonymous 140/318: done in 9236ms.
?[32;1m[debug]?[0m [phantom] opening url: file:///Users/zpeugh/code/min/scripts/flowdocument/Resources/actionHtmls/Email Customer Cancelled.html, HTTP GET
?[32;1m[debug]?[0m [phantom] Navigation requested: url=file:///Users/zpeugh/code/min/scripts/flowdocument/Resources/actionHtmls/Email Customer Cancelled.html, type=Other, willNavigate=true, isMainFrame=true
?[32;1m[debug]?[0m [phantom] url changed to "file:///Users/zpeugh/code/min/scripts/flowdocument/Resources/actionHtmls/Email Customer Cancelled.html"
?[32;1m[debug]?[0m [phantom] Successfully injected Casper client-side utilities
?[36m[info]?[0m [phantom] Step anonymous 142/318: done in 9305ms.
?[36m[info]?[0m [phantom] Step _step 143/319: done in 9329ms.
?[36m[info]?[0m [phantom] waitFor() finished in 40ms.
?[32;1m[debug]?[0m [phantom] Capturing page to /Users/zpeugh/code/min/scripts/flowdocument/Resources/actionHtmls/actionPNGs/Email Customer Cancelled.png with clipRect {"top":15,"height":467,"left":62,"width":501}
?[36m[info]?[0m [phantom] Capture saved to /Users/zpeugh/code/min/scripts/flowdocument/Resources/actionHtmls/actionPNGs/Email Customer Cancelled.png
?[36m[info]?[0m [phantom] Step anonymous 144/320: done in 9463ms.
?[32;1m[debug]?[0m [phantom] opening url: file:///Users/zpeugh/code/min/scripts/flowdocument/Resources/actionHtmls/Send As-Designed to SAP.html, HTTP GET
?[32;1m[debug]?[0m [phantom] Navigation requested: url=file:///Users/zpeugh/code/min/scripts/flowdocument/Resources/actionHtmls/Send As-Designed to SAP.html, type=Other, willNavigate=true, isMainFrame=true
?[32;1m[debug]?[0m [phantom] url changed to "file:///Users/zpeugh/code/min/scripts/flowdocument/Resources/actionHtmls/Send As-Designed to SAP.html"
?[32;1m[debug]?[0m [phantom] Successfully injected Casper client-side utilities
?[36m[info]?[0m [phantom] Step anonymous 146/320: done in 9515ms.
?[36m[info]?[0m [phantom] Step _step 147/321: done in 9538ms.
?[36m[info]?[0m [phantom] waitFor() finished in 41ms.
?[32;1m[debug]?[0m [phantom] Capturing page to /Users/zpeugh/code/min/scripts/flowdocument/Resources/actionHtmls/actionPNGs/Send As-Designed to SAP.png with clipRect {"top":15,"height":393,"left":62,"width":501}
?[36m[info]?[0m [phantom] Capture saved to /Users/zpeugh/code/min/scripts/flowdocument/Resources/actionHtmls/actionPNGs/Send As-Designed to SAP.png
?[36m[info]?[0m [phantom] Step anonymous 148/322: done in 9670ms.
?[32;1m[debug]?[0m [phantom] opening url: file:///Users/zpeugh/code/min/scripts/flowdocument/Resources/actionHtmls/Email All Cancelled.html, HTTP GET
?[32;1m[debug]?[0m [phantom] Navigation requested: url=file:///Users/zpeugh/code/min/scripts/flowdocument/Resources/actionHtmls/Email All Cancelled.html, type=Other, willNavigate=true, isMainFrame=true
?[32;1m[debug]?[0m [phantom] url changed to "file:///Users/zpeugh/code/min/scripts/flowdocument/Resources/actionHtmls/Email All Cancelled.html"
?[32;1m[debug]?[0m [phantom] Successfully injected Casper client-side utilities
?[36m[info]?[0m [phantom] Step anonymous 150/322: done in 9721ms.
?[36m[info]?[0m [phantom] Step _step 151/323: done in 9742ms.
?[36m[info]?[0m [phantom] waitFor() finished in 44ms.
?[32;1m[debug]?[0m [phantom] Capturing page to /Users/zpeugh/code/min/scripts/flowdocument/Resources/actionHtmls/actionPNGs/Email All Cancelled.png with clipRect {"top":15,"height":467,"left":62,"width":501}
?[36m[info]?[0m [phantom] Capture saved to /Users/zpeugh/code/min/scripts/flowdocument/Resources/actionHtmls/actionPNGs/Email All Cancelled.png
?[36m[info]?[0m [phantom] Step anonymous 152/324: done in 9882ms.
?[32;1m[debug]?[0m [phantom] opening url: file:///Users/zpeugh/code/min/scripts/flowdocument/Resources/actionHtmls/Email Creator-Deny Stations.html, HTTP GET
?[32;1m[debug]?[0m [phantom] Navigation requested: url=file:///Users/zpeugh/code/min/scripts/flowdocument/Resources/actionHtmls/Email Creator-Deny Stations.html, type=Other, willNavigate=true, isMainFrame=true
?[32;1m[debug]?[0m [phantom] url changed to "file:///Users/zpeugh/code/min/scripts/flowdocument/Resources/actionHtmls/Email Creator-Deny Stations.html"
?[32;1m[debug]?[0m [phantom] Successfully injected Casper client-side utilities
?[36m[info]?[0m [phantom] Step anonymous 154/324: done in 9953ms.
?[36m[info]?[0m [phantom] Step _step 155/325: done in 9974ms.
?[36m[info]?[0m [phantom] waitFor() finished in 44ms.
?[32;1m[debug]?[0m [phantom] Capturing page to /Users/zpeugh/code/min/scripts/flowdocument/Resources/actionHtmls/actionPNGs/Email Creator-Deny Stations.png with clipRect {"top":15,"height":406,"left":62,"width":501}
?[36m[info]?[0m [phantom] Capture saved to /Users/zpeugh/code/min/scripts/flowdocument/Resources/actionHtmls/actionPNGs/Email Creator-Deny Stations.png
?[36m[info]?[0m [phantom] Step anonymous 156/326: done in 10109ms.
?[32;1m[debug]?[0m [phantom] opening url: file:///Users/zpeugh/code/min/scripts/flowdocument/Resources/actionHtmls/Email Customer: Some Work Not Completed.html, HTTP GET
?[32;1m[debug]?[0m [phantom] Navigation requested: url=file:///Users/zpeugh/code/min/scripts/flowdocument/Resources/actionHtmls/Email Customer: Some Work Not Completed.html, type=Other, willNavigate=true, isMainFrame=true
?[32;1m[debug]?[0m [phantom] url changed to "file:///Users/zpeugh/code/min/scripts/flowdocument/Resources/actionHtmls/Email Customer: Some Work Not Completed.html"
?[32;1m[debug]?[0m [phantom] Successfully injected Casper client-side utilities
?[36m[info]?[0m [phantom] Step anonymous 158/326: done in 10173ms.
?[36m[info]?[0m [phantom] Step _step 159/327: done in 10193ms.
?[36m[info]?[0m [phantom] waitFor() finished in 46ms.
?[32;1m[debug]?[0m [phantom] Capturing page to /Users/zpeugh/code/min/scripts/flowdocument/Resources/actionHtmls/actionPNGs/Email Customer: Some Work Not Completed.png with clipRect {"top":15,"height":467,"left":62,"width":501}
?[36m[info]?[0m [phantom] Capture saved to /Users/zpeugh/code/min/scripts/flowdocument/Resources/actionHtmls/actionPNGs/Email Customer: Some Work Not Completed.png
?[36m[info]?[0m [phantom] Step anonymous 160/328: done in 10332ms.
?[32;1m[debug]?[0m [phantom] opening url: file:///Users/zpeugh/code/min/scripts/flowdocument/Resources/actionHtmls/Update FLOC Unauthorized (not completed as approved stations).html, HTTP GET
?[32;1m[debug]?[0m [phantom] Navigation requested: url=file:///Users/zpeugh/code/min/scripts/flowdocument/Resources/actionHtmls/Update FLOC Unauthorized (not completed as approved stations).html, type=Other, willNavigate=true, isMainFrame=true
?[32;1m[debug]?[0m [phantom] url changed to "file:///Users/zpeugh/code/min/scripts/flowdocument/Resources/actionHtmls/Update FLOC Unauthorized (not completed as approved stations).html"
?[32;1m[debug]?[0m [phantom] Successfully injected Casper client-side utilities
?[36m[info]?[0m [phantom] Step anonymous 162/328: done in 10382ms.
?[36m[info]?[0m [phantom] Step _step 163/329: done in 10402ms.
?[36m[info]?[0m [phantom] waitFor() finished in 48ms.
?[32;1m[debug]?[0m [phantom] Capturing page to /Users/zpeugh/code/min/scripts/flowdocument/Resources/actionHtmls/actionPNGs/Update FLOC Unauthorized (not completed as approved stations).png with clipRect {"top":15,"height":467,"left":62,"width":501}
?[36m[info]?[0m [phantom] Capture saved to /Users/zpeugh/code/min/scripts/flowdocument/Resources/actionHtmls/actionPNGs/Update FLOC Unauthorized (not completed as approved stations).png
?[36m[info]?[0m [phantom] Step anonymous 164/330: done in 10541ms.
?[32;1m[debug]?[0m [phantom] opening url: file:///Users/zpeugh/code/min/scripts/flowdocument/Resources/actionHtmls/Push Forms to Calc.html, HTTP GET
?[32;1m[debug]?[0m [phantom] Navigation requested: url=file:///Users/zpeugh/code/min/scripts/flowdocument/Resources/actionHtmls/Push Forms to Calc.html, type=Other, willNavigate=true, isMainFrame=true
?[32;1m[debug]?[0m [phantom] url changed to "file:///Users/zpeugh/code/min/scripts/flowdocument/Resources/actionHtmls/Push Forms to Calc.html"
?[32;1m[debug]?[0m [phantom] Successfully injected Casper client-side utilities
?[36m[info]?[0m [phantom] Step anonymous 166/330: done in 10605ms.
?[36m[info]?[0m [phantom] Step _step 167/331: done in 10624ms.
?[36m[info]?[0m [phantom] waitFor() finished in 46ms.
?[32;1m[debug]?[0m [phantom] Capturing page to /Users/zpeugh/code/min/scripts/flowdocument/Resources/actionHtmls/actionPNGs/Push Forms to Calc.png with clipRect {"top":15,"height":171,"left":62,"width":501}
?[36m[info]?[0m [phantom] Capture saved to /Users/zpeugh/code/min/scripts/flowdocument/Resources/actionHtmls/actionPNGs/Push Forms to Calc.png
?[36m[info]?[0m [phantom] Step anonymous 168/332: done in 10746ms.
?[32;1m[debug]?[0m [phantom] opening url: file:///Users/zpeugh/code/min/scripts/flowdocument/Resources/actionHtmls/Update ZJ Notification Status.html, HTTP GET
?[32;1m[debug]?[0m [phantom] Navigation requested: url=file:///Users/zpeugh/code/min/scripts/flowdocument/Resources/actionHtmls/Update ZJ Notification Status.html, type=Other, willNavigate=true, isMainFrame=true
?[32;1m[debug]?[0m [phantom] url changed to "file:///Users/zpeugh/code/min/scripts/flowdocument/Resources/actionHtmls/Update ZJ Notification Status.html"
?[32;1m[debug]?[0m [phantom] Successfully injected Casper client-side utilities
?[36m[info]?[0m [phantom] Step anonymous 170/332: done in 10816ms.
?[36m[info]?[0m [phantom] Step _step 171/333: done in 10840ms.
?[36m[info]?[0m [phantom] waitFor() finished in 46ms.
?[32;1m[debug]?[0m [phantom] Capturing page to /Users/zpeugh/code/min/scripts/flowdocument/Resources/actionHtmls/actionPNGs/Update ZJ Notification Status.png with clipRect {"top":15,"height":467,"left":62,"width":501}
?[36m[info]?[0m [phantom] Capture saved to /Users/zpeugh/code/min/scripts/flowdocument/Resources/actionHtmls/actionPNGs/Update ZJ Notification Status.png
?[36m[info]?[0m [phantom] Step anonymous 172/334: done in 10976ms.
?[32;1m[debug]?[0m [phantom] opening url: file:///Users/zpeugh/code/min/scripts/flowdocument/Resources/actionHtmls/Remove Time Markers.html, HTTP GET
?[32;1m[debug]?[0m [phantom] Navigation requested: url=file:///Users/zpeugh/code/min/scripts/flowdocument/Resources/actionHtmls/Remove Time Markers.html, type=Other, willNavigate=true, isMainFrame=true
?[32;1m[debug]?[0m [phantom] url changed to "file:///Users/zpeugh/code/min/scripts/flowdocument/Resources/actionHtmls/Remove Time Markers.html"
?[32;1m[debug]?[0m [phantom] Successfully injected Casper client-side utilities
?[36m[info]?[0m [phantom] Step anonymous 174/334: done in 11028ms.
?[36m[info]?[0m [phantom] Step _step 175/335: done in 11051ms.
?[36m[info]?[0m [phantom] waitFor() finished in 47ms.
?[32;1m[debug]?[0m [phantom] Capturing page to /Users/zpeugh/code/min/scripts/flowdocument/Resources/actionHtmls/actionPNGs/Remove Time Markers.png with clipRect {"top":15,"height":171,"left":62,"width":501}
?[36m[info]?[0m [phantom] Capture saved to /Users/zpeugh/code/min/scripts/flowdocument/Resources/actionHtmls/actionPNGs/Remove Time Markers.png
?[36m[info]?[0m [phantom] Step anonymous 176/336: done in 11171ms.
?[32;1m[debug]?[0m [phantom] opening url: file:///Users/zpeugh/code/min/scripts/flowdocument/Resources/actionHtmls/Email: Verify all stations have status.html, HTTP GET
?[32;1m[debug]?[0m [phantom] Navigation requested: url=file:///Users/zpeugh/code/min/scripts/flowdocument/Resources/actionHtmls/Email: Verify all stations have status.html, type=Other, willNavigate=true, isMainFrame=true
?[32;1m[debug]?[0m [phantom] url changed to "file:///Users/zpeugh/code/min/scripts/flowdocument/Resources/actionHtmls/Email: Verify all stations have status.html"
?[32;1m[debug]?[0m [phantom] Successfully injected Casper client-side utilities
?[36m[info]?[0m [phantom] Step anonymous 178/336: done in 11239ms.
?[36m[info]?[0m [phantom] Step _step 179/337: done in 11261ms.
?[36m[info]?[0m [phantom] waitFor() finished in 43ms.
?[32;1m[debug]?[0m [phantom] Capturing page to /Users/zpeugh/code/min/scripts/flowdocument/Resources/actionHtmls/actionPNGs/Email: Verify all stations have status.png with clipRect {"top":15,"height":406,"left":62,"width":501}
?[36m[info]?[0m [phantom] Capture saved to /Users/zpeugh/code/min/scripts/flowdocument/Resources/actionHtmls/actionPNGs/Email: Verify all stations have status.png
?[36m[info]?[0m [phantom] Step anonymous 180/338: done in 11391ms.
?[32;1m[debug]?[0m [phantom] opening url: file:///Users/zpeugh/code/min/scripts/flowdocument/Resources/actionHtmls/Set Station Statuses.html, HTTP GET
?[32;1m[debug]?[0m [phantom] Navigation requested: url=file:///Users/zpeugh/code/min/scripts/flowdocument/Resources/actionHtmls/Set Station Statuses.html, type=Other, willNavigate=true, isMainFrame=true
?[32;1m[debug]?[0m [phantom] url changed to "file:///Users/zpeugh/code/min/scripts/flowdocument/Resources/actionHtmls/Set Station Statuses.html"
?[32;1m[debug]?[0m [phantom] Successfully injected Casper client-side utilities
?[36m[info]?[0m [phantom] Step anonymous 182/338: done in 11445ms.
?[36m[info]?[0m [phantom] Step _step 183/339: done in 11466ms.
?[36m[info]?[0m [phantom] waitFor() finished in 45ms.
?[32;1m[debug]?[0m [phantom] Capturing page to /Users/zpeugh/code/min/scripts/flowdocument/Resources/actionHtmls/actionPNGs/Set Station Statuses.png with clipRect {"top":15,"height":319,"left":62,"width":501}
?[36m[info]?[0m [phantom] Capture saved to /Users/zpeugh/code/min/scripts/flowdocument/Resources/actionHtmls/actionPNGs/Set Station Statuses.png
?[36m[info]?[0m [phantom] Step anonymous 184/340: done in 11597ms.
?[32;1m[debug]?[0m [phantom] opening url: file:///Users/zpeugh/code/min/scripts/flowdocument/Resources/actionHtmls/Assign NDPM Usergroup.html, HTTP GET
?[32;1m[debug]?[0m [phantom] Navigation requested: url=file:///Users/zpeugh/code/min/scripts/flowdocument/Resources/actionHtmls/Assign NDPM Usergroup.html, type=Other, willNavigate=true, isMainFrame=true
?[32;1m[debug]?[0m [phantom] url changed to "file:///Users/zpeugh/code/min/scripts/flowdocument/Resources/actionHtmls/Assign NDPM Usergroup.html"
?[32;1m[debug]?[0m [phantom] Successfully injected Casper client-side utilities
?[36m[info]?[0m [phantom] Step anonymous 186/340: done in 11650ms.
?[36m[info]?[0m [phantom] Step _step 187/341: done in 11674ms.
?[36m[info]?[0m [phantom] waitFor() finished in 44ms.
?[32;1m[debug]?[0m [phantom] Capturing page to /Users/zpeugh/code/min/scripts/flowdocument/Resources/actionHtmls/actionPNGs/Assign NDPM Usergroup.png with clipRect {"top":15,"height":467,"left":62,"width":501}
?[36m[info]?[0m [phantom] Capture saved to /Users/zpeugh/code/min/scripts/flowdocument/Resources/actionHtmls/actionPNGs/Assign NDPM Usergroup.png
?[36m[info]?[0m [phantom] Step anonymous 188/342: done in 11809ms.
?[32;1m[debug]?[0m [phantom] opening url: file:///Users/zpeugh/code/min/scripts/flowdocument/Resources/actionHtmls/9 Months to Complete Inspection.html, HTTP GET
?[32;1m[debug]?[0m [phantom] Navigation requested: url=file:///Users/zpeugh/code/min/scripts/flowdocument/Resources/actionHtmls/9 Months to Complete Inspection.html, type=Other, willNavigate=true, isMainFrame=true
?[32;1m[debug]?[0m [phantom] url changed to "file:///Users/zpeugh/code/min/scripts/flowdocument/Resources/actionHtmls/9 Months to Complete Inspection.html"
?[32;1m[debug]?[0m [phantom] Successfully injected Casper client-side utilities
?[36m[info]?[0m [phantom] Step anonymous 190/342: done in 11875ms.
?[36m[info]?[0m [phantom] Step _step 191/343: done in 11899ms.
?[36m[info]?[0m [phantom] waitFor() finished in 46ms.
?[32;1m[debug]?[0m [phantom] Capturing page to /Users/zpeugh/code/min/scripts/flowdocument/Resources/actionHtmls/actionPNGs/9 Months to Complete Inspection.png with clipRect {"top":15,"height":393,"left":62,"width":501}
?[36m[info]?[0m [phantom] Capture saved to /Users/zpeugh/code/min/scripts/flowdocument/Resources/actionHtmls/actionPNGs/9 Months to Complete Inspection.png
?[36m[info]?[0m [phantom] Step anonymous 192/344: done in 12037ms.
?[32;1m[debug]?[0m [phantom] opening url: file:///Users/zpeugh/code/min/scripts/flowdocument/Resources/actionHtmls/31 Day Reminder (repeating).html, HTTP GET
?[32;1m[debug]?[0m [phantom] Navigation requested: url=file:///Users/zpeugh/code/min/scripts/flowdocument/Resources/actionHtmls/31 Day Reminder (repeating).html, type=Other, willNavigate=true, isMainFrame=true
?[32;1m[debug]?[0m [phantom] url changed to "file:///Users/zpeugh/code/min/scripts/flowdocument/Resources/actionHtmls/31 Day Reminder (repeating).html"
?[32;1m[debug]?[0m [phantom] Successfully injected Casper client-side utilities
?[36m[info]?[0m [phantom] Step anonymous 194/344: done in 12104ms.
?[36m[info]?[0m [phantom] Step _step 195/345: done in 12124ms.
?[36m[info]?[0m [phantom] waitFor() finished in 48ms.
?[32;1m[debug]?[0m [phantom] Capturing page to /Users/zpeugh/code/min/scripts/flowdocument/Resources/actionHtmls/actionPNGs/31 Day Reminder (repeating).png with clipRect {"top":15,"height":393,"left":62,"width":501}
?[36m[info]?[0m [phantom] Capture saved to /Users/zpeugh/code/min/scripts/flowdocument/Resources/actionHtmls/actionPNGs/31 Day Reminder (repeating).png
?[36m[info]?[0m [phantom] Step anonymous 196/346: done in 12261ms.
?[32;1m[debug]?[0m [phantom] opening url: file:///Users/zpeugh/code/min/scripts/flowdocument/Resources/actionHtmls/Email Customer Instructions.html, HTTP GET
?[32;1m[debug]?[0m [phantom] Navigation requested: url=file:///Users/zpeugh/code/min/scripts/flowdocument/Resources/actionHtmls/Email Customer Instructions.html, type=Other, willNavigate=true, isMainFrame=true
?[32;1m[debug]?[0m [phantom] url changed to "file:///Users/zpeugh/code/min/scripts/flowdocument/Resources/actionHtmls/Email Customer Instructions.html"
?[32;1m[debug]?[0m [phantom] Successfully injected Casper client-side utilities
?[36m[info]?[0m [phantom] Step anonymous 198/346: done in 12330ms.
?[36m[info]?[0m [phantom] Step _step 199/347: done in 12349ms.
?[36m[info]?[0m [phantom] waitFor() finished in 48ms.
?[32;1m[debug]?[0m [phantom] Capturing page to /Users/zpeugh/code/min/scripts/flowdocument/Resources/actionHtmls/actionPNGs/Email Customer Instructions.png with clipRect {"top":15,"height":467,"left":62,"width":501}
?[36m[info]?[0m [phantom] Capture saved to /Users/zpeugh/code/min/scripts/flowdocument/Resources/actionHtmls/actionPNGs/Email Customer Instructions.png
?[36m[info]?[0m [phantom] Step anonymous 200/348: done in 12494ms.
?[32;1m[debug]?[0m [phantom] opening url: file:///Users/zpeugh/code/min/scripts/flowdocument/Resources/actionHtmls/18 Months to Complete Construction.html, HTTP GET
?[32;1m[debug]?[0m [phantom] Navigation requested: url=file:///Users/zpeugh/code/min/scripts/flowdocument/Resources/actionHtmls/18 Months to Complete Construction.html, type=Other, willNavigate=true, isMainFrame=true
?[32;1m[debug]?[0m [phantom] url changed to "file:///Users/zpeugh/code/min/scripts/flowdocument/Resources/actionHtmls/18 Months to Complete Construction.html"
?[32;1m[debug]?[0m [phantom] Successfully injected Casper client-side utilities
?[36m[info]?[0m [phantom] Step anonymous 202/348: done in 12573ms.
?[36m[info]?[0m [phantom] Step _step 203/349: done in 12596ms.
?[36m[info]?[0m [phantom] waitFor() finished in 46ms.
?[32;1m[debug]?[0m [phantom] Capturing page to /Users/zpeugh/code/min/scripts/flowdocument/Resources/actionHtmls/actionPNGs/18 Months to Complete Construction.png with clipRect {"top":15,"height":393,"left":62,"width":501}
?[36m[info]?[0m [phantom] Capture saved to /Users/zpeugh/code/min/scripts/flowdocument/Resources/actionHtmls/actionPNGs/18 Months to Complete Construction.png
?[36m[info]?[0m [phantom] Step anonymous 204/350: done in 12732ms.
?[32;1m[debug]?[0m [phantom] opening url: file:///Users/zpeugh/code/min/scripts/flowdocument/Resources/actionHtmls/Email Creator: Complete Denied Pole Form.html, HTTP GET
?[32;1m[debug]?[0m [phantom] Navigation requested: url=file:///Users/zpeugh/code/min/scripts/flowdocument/Resources/actionHtmls/Email Creator: Complete Denied Pole Form.html, type=Other, willNavigate=true, isMainFrame=true
?[32;1m[debug]?[0m [phantom] url changed to "file:///Users/zpeugh/code/min/scripts/flowdocument/Resources/actionHtmls/Email Creator: Complete Denied Pole Form.html"
?[32;1m[debug]?[0m [phantom] Successfully injected Casper client-side utilities
?[36m[info]?[0m [phantom] Step anonymous 206/350: done in 12811ms.
?[36m[info]?[0m [phantom] Step _step 207/351: done in 12830ms.
?[36m[info]?[0m [phantom] waitFor() finished in 44ms.
?[32;1m[debug]?[0m [phantom] Capturing page to /Users/zpeugh/code/min/scripts/flowdocument/Resources/actionHtmls/actionPNGs/Email Creator: Complete Denied Pole Form.png with clipRect {"top":15,"height":406,"left":62,"width":501}
?[36m[info]?[0m [phantom] Capture saved to /Users/zpeugh/code/min/scripts/flowdocument/Resources/actionHtmls/actionPNGs/Email Creator: Complete Denied Pole Form.png
?[36m[info]?[0m [phantom] Step anonymous 208/352: done in 12966ms.
?[32;1m[debug]?[0m [phantom] opening url: file:///Users/zpeugh/code/min/scripts/flowdocument/Resources/actionHtmls/Email Customer Canceled (due to PL).html, HTTP GET
?[32;1m[debug]?[0m [phantom] Navigation requested: url=file:///Users/zpeugh/code/min/scripts/flowdocument/Resources/actionHtmls/Email Customer Canceled (due to PL).html, type=Other, willNavigate=true, isMainFrame=true
?[32;1m[debug]?[0m [phantom] url changed to "file:///Users/zpeugh/code/min/scripts/flowdocument/Resources/actionHtmls/Email Customer Canceled (due to PL).html"
?[32;1m[debug]?[0m [phantom] Successfully injected Casper client-side utilities
?[36m[info]?[0m [phantom] Step anonymous 210/352: done in 13027ms.
?[36m[info]?[0m [phantom] Step _step 211/353: done in 13048ms.
?[36m[info]?[0m [phantom] waitFor() finished in 45ms.
?[32;1m[debug]?[0m [phantom] Capturing page to /Users/zpeugh/code/min/scripts/flowdocument/Resources/actionHtmls/actionPNGs/Email Customer Canceled (due to PL).png with clipRect {"top":15,"height":467,"left":62,"width":501}
?[36m[info]?[0m [phantom] Capture saved to /Users/zpeugh/code/min/scripts/flowdocument/Resources/actionHtmls/actionPNGs/Email Customer Canceled (due to PL).png
?[36m[info]?[0m [phantom] Step anonymous 212/354: done in 13188ms.
?[32;1m[debug]?[0m [phantom] opening url: file:///Users/zpeugh/code/min/scripts/flowdocument/Resources/actionHtmls/Email Assignee: Complete Forms.html, HTTP GET
?[32;1m[debug]?[0m [phantom] Navigation requested: url=file:///Users/zpeugh/code/min/scripts/flowdocument/Resources/actionHtmls/Email Assignee: Complete Forms.html, type=Other, willNavigate=true, isMainFrame=true
?[32;1m[debug]?[0m [phantom] url changed to "file:///Users/zpeugh/code/min/scripts/flowdocument/Resources/actionHtmls/Email Assignee: Complete Forms.html"
?[32;1m[debug]?[0m [phantom] Successfully injected Casper client-side utilities
?[36m[info]?[0m [phantom] Step anonymous 214/354: done in 13247ms.
?[36m[info]?[0m [phantom] Step _step 215/355: done in 13267ms.
?[36m[info]?[0m [phantom] waitFor() finished in 48ms.
?[32;1m[debug]?[0m [phantom] Capturing page to /Users/zpeugh/code/min/scripts/flowdocument/Resources/actionHtmls/actionPNGs/Email Assignee: Complete Forms.png with clipRect {"top":15,"height":406,"left":62,"width":501}
?[36m[info]?[0m [phantom] Capture saved to /Users/zpeugh/code/min/scripts/flowdocument/Resources/actionHtmls/actionPNGs/Email Assignee: Complete Forms.png
?[36m[info]?[0m [phantom] Step anonymous 216/356: done in 13438ms.
?[32;1m[debug]?[0m [phantom] opening url: file:///Users/zpeugh/code/min/scripts/flowdocument/Resources/actionHtmls/Unlock Project.html, HTTP GET
?[32;1m[debug]?[0m [phantom] Navigation requested: url=file:///Users/zpeugh/code/min/scripts/flowdocument/Resources/actionHtmls/Unlock Project.html, type=Other, willNavigate=true, isMainFrame=true
?[32;1m[debug]?[0m [phantom] url changed to "file:///Users/zpeugh/code/min/scripts/flowdocument/Resources/actionHtmls/Unlock Project.html"
?[32;1m[debug]?[0m [phantom] Successfully injected Casper client-side utilities
?[36m[info]?[0m [phantom] Step anonymous 218/356: done in 13520ms.
?[36m[info]?[0m [phantom] Step _step 219/357: done in 13541ms.
?[36m[info]?[0m [phantom] waitFor() finished in 43ms.
?[32;1m[debug]?[0m [phantom] Capturing page to /Users/zpeugh/code/min/scripts/flowdocument/Resources/actionHtmls/actionPNGs/Unlock Project.png with clipRect {"top":15,"height":245,"left":62,"width":501}
?[36m[info]?[0m [phantom] Capture saved to /Users/zpeugh/code/min/scripts/flowdocument/Resources/actionHtmls/actionPNGs/Unlock Project.png
?[36m[info]?[0m [phantom] Step anonymous 220/358: done in 13666ms.
?[32;1m[debug]?[0m [phantom] opening url: file:///Users/zpeugh/code/min/scripts/flowdocument/Resources/actionHtmls/Email All: Project Being Edited.html, HTTP GET
?[32;1m[debug]?[0m [phantom] Navigation requested: url=file:///Users/zpeugh/code/min/scripts/flowdocument/Resources/actionHtmls/Email All: Project Being Edited.html, type=Other, willNavigate=true, isMainFrame=true
?[32;1m[debug]?[0m [phantom] url changed to "file:///Users/zpeugh/code/min/scripts/flowdocument/Resources/actionHtmls/Email All: Project Being Edited.html"
?[32;1m[debug]?[0m [phantom] Successfully injected Casper client-side utilities
?[36m[info]?[0m [phantom] Step anonymous 222/358: done in 13719ms.
?[36m[info]?[0m [phantom] Step _step 223/359: done in 13742ms.
?[36m[info]?[0m [phantom] waitFor() finished in 45ms.
?[32;1m[debug]?[0m [phantom] Capturing page to /Users/zpeugh/code/min/scripts/flowdocument/Resources/actionHtmls/actionPNGs/Email All: Project Being Edited.png with clipRect {"top":15,"height":406,"left":62,"width":501}
?[36m[info]?[0m [phantom] Capture saved to /Users/zpeugh/code/min/scripts/flowdocument/Resources/actionHtmls/actionPNGs/Email All: Project Being Edited.png
?[36m[info]?[0m [phantom] Step anonymous 224/360: done in 13879ms.
?[32;1m[debug]?[0m [phantom] opening url: file:///Users/zpeugh/code/min/scripts/flowdocument/Resources/actionHtmls/14 Days to Fix Clock and Auto Advance.html, HTTP GET
?[32;1m[debug]?[0m [phantom] Navigation requested: url=file:///Users/zpeugh/code/min/scripts/flowdocument/Resources/actionHtmls/14 Days to Fix Clock and Auto Advance.html, type=Other, willNavigate=true, isMainFrame=true
?[32;1m[debug]?[0m [phantom] url changed to "file:///Users/zpeugh/code/min/scripts/flowdocument/Resources/actionHtmls/14 Days to Fix Clock and Auto Advance.html"
?[32;1m[debug]?[0m [phantom] Successfully injected Casper client-side utilities
?[36m[info]?[0m [phantom] Step anonymous 226/360: done in 14001ms.
?[36m[info]?[0m [phantom] Step _step 227/361: done in 14023ms.
?[36m[info]?[0m [phantom] waitFor() finished in 44ms.
?[32;1m[debug]?[0m [phantom] Capturing page to /Users/zpeugh/code/min/scripts/flowdocument/Resources/actionHtmls/actionPNGs/14 Days to Fix Clock and Auto Advance.png with clipRect {"top":15,"height":393,"left":62,"width":501}
?[36m[info]?[0m [phantom] Capture saved to /Users/zpeugh/code/min/scripts/flowdocument/Resources/actionHtmls/actionPNGs/14 Days to Fix Clock and Auto Advance.png
?[36m[info]?[0m [phantom] Step anonymous 228/362: done in 14155ms.
?[32;1m[debug]?[0m [phantom] opening url: file:///Users/zpeugh/code/min/scripts/flowdocument/Resources/actionHtmls/Email Customer: Denied Notification.html, HTTP GET
?[32;1m[debug]?[0m [phantom] Navigation requested: url=file:///Users/zpeugh/code/min/scripts/flowdocument/Resources/actionHtmls/Email Customer: Denied Notification.html, type=Other, willNavigate=true, isMainFrame=true
?[32;1m[debug]?[0m [phantom] url changed to "file:///Users/zpeugh/code/min/scripts/flowdocument/Resources/actionHtmls/Email Customer: Denied Notification.html"
?[32;1m[debug]?[0m [phantom] Successfully injected Casper client-side utilities
?[36m[info]?[0m [phantom] Step anonymous 230/362: done in 14221ms.
?[36m[info]?[0m [phantom] Step _step 231/363: done in 14241ms.
?[36m[info]?[0m [phantom] waitFor() finished in 48ms.
?[32;1m[debug]?[0m [phantom] Capturing page to /Users/zpeugh/code/min/scripts/flowdocument/Resources/actionHtmls/actionPNGs/Email Customer: Denied Notification.png with clipRect {"top":15,"height":406,"left":62,"width":501}
?[36m[info]?[0m [phantom] Capture saved to /Users/zpeugh/code/min/scripts/flowdocument/Resources/actionHtmls/actionPNGs/Email Customer: Denied Notification.png
?[36m[info]?[0m [phantom] Step anonymous 232/364: done in 14376ms.
?[32;1m[debug]?[0m [phantom] opening url: file:///Users/zpeugh/code/min/scripts/flowdocument/Resources/actionHtmls/Email Assignee: All Stations Denied.html, HTTP GET
?[32;1m[debug]?[0m [phantom] Navigation requested: url=file:///Users/zpeugh/code/min/scripts/flowdocument/Resources/actionHtmls/Email Assignee: All Stations Denied.html, type=Other, willNavigate=true, isMainFrame=true
?[32;1m[debug]?[0m [phantom] url changed to "file:///Users/zpeugh/code/min/scripts/flowdocument/Resources/actionHtmls/Email Assignee: All Stations Denied.html"
?[32;1m[debug]?[0m [phantom] Successfully injected Casper client-side utilities
?[36m[info]?[0m [phantom] Step anonymous 234/364: done in 14446ms.
?[36m[info]?[0m [phantom] Step _step 235/365: done in 14465ms.
?[36m[info]?[0m [phantom] waitFor() finished in 48ms.
?[32;1m[debug]?[0m [phantom] Capturing page to /Users/zpeugh/code/min/scripts/flowdocument/Resources/actionHtmls/actionPNGs/Email Assignee: All Stations Denied.png with clipRect {"top":15,"height":406,"left":62,"width":501}
?[36m[info]?[0m [phantom] Capture saved to /Users/zpeugh/code/min/scripts/flowdocument/Resources/actionHtmls/actionPNGs/Email Assignee: All Stations Denied.png
?[36m[info]?[0m [phantom] Step anonymous 236/366: done in 14601ms.
?[32;1m[debug]?[0m [phantom] opening url: file:///Users/zpeugh/code/min/scripts/flowdocument/Resources/actionHtmls/Email Assignee: Set Station Statuses.html, HTTP GET
?[32;1m[debug]?[0m [phantom] Navigation requested: url=file:///Users/zpeugh/code/min/scripts/flowdocument/Resources/actionHtmls/Email Assignee: Set Station Statuses.html, type=Other, willNavigate=true, isMainFrame=true
?[32;1m[debug]?[0m [phantom] url changed to "file:///Users/zpeugh/code/min/scripts/flowdocument/Resources/actionHtmls/Email Assignee: Set Station Statuses.html"
?[32;1m[debug]?[0m [phantom] Successfully injected Casper client-side utilities
?[36m[info]?[0m [phantom] Step anonymous 238/366: done in 14653ms.
?[36m[info]?[0m [phantom] Step _step 239/367: done in 14675ms.
?[36m[info]?[0m [phantom] waitFor() finished in 42ms.
?[32;1m[debug]?[0m [phantom] Capturing page to /Users/zpeugh/code/min/scripts/flowdocument/Resources/actionHtmls/actionPNGs/Email Assignee: Set Station Statuses.png with clipRect {"top":15,"height":406,"left":62,"width":501}
?[36m[info]?[0m [phantom] Capture saved to /Users/zpeugh/code/min/scripts/flowdocument/Resources/actionHtmls/actionPNGs/Email Assignee: Set Station Statuses.png
?[36m[info]?[0m [phantom] Step anonymous 240/368: done in 14808ms.
?[32;1m[debug]?[0m [phantom] opening url: file:///Users/zpeugh/code/min/scripts/flowdocument/Resources/actionHtmls/Email Inspector Corrections Required.html, HTTP GET
?[32;1m[debug]?[0m [phantom] Navigation requested: url=file:///Users/zpeugh/code/min/scripts/flowdocument/Resources/actionHtmls/Email Inspector Corrections Required.html, type=Other, willNavigate=true, isMainFrame=true
?[32;1m[debug]?[0m [phantom] url changed to "file:///Users/zpeugh/code/min/scripts/flowdocument/Resources/actionHtmls/Email Inspector Corrections Required.html"
?[32;1m[debug]?[0m [phantom] Successfully injected Casper client-side utilities
?[36m[info]?[0m [phantom] Step anonymous 242/368: done in 14869ms.
?[36m[info]?[0m [phantom] Step _step 243/369: done in 14891ms.
?[36m[info]?[0m [phantom] waitFor() finished in 45ms.
?[32;1m[debug]?[0m [phantom] Capturing page to /Users/zpeugh/code/min/scripts/flowdocument/Resources/actionHtmls/actionPNGs/Email Inspector Corrections Required.png with clipRect {"top":15,"height":467,"left":62,"width":501}
?[36m[info]?[0m [phantom] Capture saved to /Users/zpeugh/code/min/scripts/flowdocument/Resources/actionHtmls/actionPNGs/Email Inspector Corrections Required.png
?[36m[info]?[0m [phantom] Step anonymous 244/370: done in 15030ms.
?[32;1m[debug]?[0m [phantom] opening url: file:///Users/zpeugh/code/min/scripts/flowdocument/Resources/actionHtmls/Assign Inspector.html, HTTP GET
?[32;1m[debug]?[0m [phantom] Navigation requested: url=file:///Users/zpeugh/code/min/scripts/flowdocument/Resources/actionHtmls/Assign Inspector.html, type=Other, willNavigate=true, isMainFrame=true
?[32;1m[debug]?[0m [phantom] url changed to "file:///Users/zpeugh/code/min/scripts/flowdocument/Resources/actionHtmls/Assign Inspector.html"
?[32;1m[debug]?[0m [phantom] Successfully injected Casper client-side utilities
?[36m[info]?[0m [phantom] Step anonymous 246/370: done in 15085ms.
?[36m[info]?[0m [phantom] Step _step 247/371: done in 15106ms.
?[36m[info]?[0m [phantom] waitFor() finished in 46ms.
?[32;1m[debug]?[0m [phantom] Capturing page to /Users/zpeugh/code/min/scripts/flowdocument/Resources/actionHtmls/actionPNGs/Assign Inspector.png with clipRect {"top":15,"height":467,"left":62,"width":501}
?[36m[info]?[0m [phantom] Capture saved to /Users/zpeugh/code/min/scripts/flowdocument/Resources/actionHtmls/actionPNGs/Assign Inspector.png
?[36m[info]?[0m [phantom] Step anonymous 248/372: done in 15241ms.
?[32;1m[debug]?[0m [phantom] opening url: file:///Users/zpeugh/code/min/scripts/flowdocument/Resources/actionHtmls/Email Assignee: Set All Station Statuses.html, HTTP GET
?[32;1m[debug]?[0m [phantom] Navigation requested: url=file:///Users/zpeugh/code/min/scripts/flowdocument/Resources/actionHtmls/Email Assignee: Set All Station Statuses.html, type=Other, willNavigate=true, isMainFrame=true
?[32;1m[debug]?[0m [phantom] url changed to "file:///Users/zpeugh/code/min/scripts/flowdocument/Resources/actionHtmls/Email Assignee: Set All Station Statuses.html"
?[32;1m[debug]?[0m [phantom] Successfully injected Casper client-side utilities
?[36m[info]?[0m [phantom] Step anonymous 250/372: done in 15293ms.
?[32;1m[debug]?[0m [phantom] opening url: file:///Users/zpeugh/code/min/scripts/flowdocument/Resources/actionHtmls/Email Assignee: Set All Station Statuses.html, HTTP GET
?[32;1m[debug]?[0m [phantom] Navigation requested: url=file:///Users/zpeugh/code/min/scripts/flowdocument/Resources/actionHtmls/Email Assignee: Set All Station Statuses.html, type=Other, willNavigate=true, isMainFrame=true
?[32;1m[debug]?[0m [phantom] url changed to "file:///Users/zpeugh/code/min/scripts/flowdocument/Resources/actionHtmls/Email Assignee: Set All Station Statuses.html"
?[32;1m[debug]?[0m [phantom] Successfully injected Casper client-side utilities
?[36m[info]?[0m [phantom] Step anonymous 252/374: done in 15363ms.
?[32;1m[debug]?[0m [phantom] opening url: file:///Users/zpeugh/code/min/scripts/flowdocument/Resources/actionHtmls/Set Sub Planning.html, HTTP GET
?[32;1m[debug]?[0m [phantom] Navigation requested: url=file:///Users/zpeugh/code/min/scripts/flowdocument/Resources/actionHtmls/Set Sub Planning.html, type=Other, willNavigate=true, isMainFrame=true
?[32;1m[debug]?[0m [phantom] url changed to "file:///Users/zpeugh/code/min/scripts/flowdocument/Resources/actionHtmls/Set Sub Planning.html"
?[32;1m[debug]?[0m [phantom] Successfully injected Casper client-side utilities
?[36m[info]?[0m [phantom] Step anonymous 254/374: done in 15436ms.
?[32;1m[debug]?[0m [phantom] opening url: file:///Users/zpeugh/code/min/scripts/flowdocument/Resources/actionHtmls/Set Sub Planning.html, HTTP GET
?[32;1m[debug]?[0m [phantom] Navigation requested: url=file:///Users/zpeugh/code/min/scripts/flowdocument/Resources/actionHtmls/Set Sub Planning.html, type=Other, willNavigate=true, isMainFrame=true
?[32;1m[debug]?[0m [phantom] url changed to "file:///Users/zpeugh/code/min/scripts/flowdocument/Resources/actionHtmls/Set Sub Planning.html"
?[32;1m[debug]?[0m [phantom] Successfully injected Casper client-side utilities
?[36m[info]?[0m [phantom] Step anonymous 256/376: done in 15512ms.
?[32;1m[debug]?[0m [phantom] opening url: file:///Users/zpeugh/code/min/scripts/flowdocument/Resources/actionHtmls/Create or Update Assets.html, HTTP GET
?[32;1m[debug]?[0m [phantom] Navigation requested: url=file:///Users/zpeugh/code/min/scripts/flowdocument/Resources/actionHtmls/Create or Update Assets.html, type=Other, willNavigate=true, isMainFrame=true
?[32;1m[debug]?[0m [phantom] url changed to "file:///Users/zpeugh/code/min/scripts/flowdocument/Resources/actionHtmls/Create or Update Assets.html"
?[32;1m[debug]?[0m [phantom] Successfully injected Casper client-side utilities
?[36m[info]?[0m [phantom] Step anonymous 258/376: done in 15584ms.
?[32;1m[debug]?[0m [phantom] opening url: file:///Users/zpeugh/code/min/scripts/flowdocument/Resources/actionHtmls/Create or Update Assets.html, HTTP GET
?[32;1m[debug]?[0m [phantom] Navigation requested: url=file:///Users/zpeugh/code/min/scripts/flowdocument/Resources/actionHtmls/Create or Update Assets.html, type=Other, willNavigate=true, isMainFrame=true
?[32;1m[debug]?[0m [phantom] url changed to "file:///Users/zpeugh/code/min/scripts/flowdocument/Resources/actionHtmls/Create or Update Assets.html"
?[32;1m[debug]?[0m [phantom] Successfully injected Casper client-side utilities
?[36m[info]?[0m [phantom] Step anonymous 260/378: done in 15658ms.
?[32;1m[debug]?[0m [phantom] opening url: file:///Users/zpeugh/code/min/scripts/flowdocument/Resources/actionHtmls/Pull Photos From Calc.html, HTTP GET
?[32;1m[debug]?[0m [phantom] Navigation requested: url=file:///Users/zpeugh/code/min/scripts/flowdocument/Resources/actionHtmls/Pull Photos From Calc.html, type=Other, willNavigate=true, isMainFrame=true
?[32;1m[debug]?[0m [phantom] url changed to "file:///Users/zpeugh/code/min/scripts/flowdocument/Resources/actionHtmls/Pull Photos From Calc.html"
?[32;1m[debug]?[0m [phantom] Successfully injected Casper client-side utilities
?[36m[info]?[0m [phantom] Step anonymous 262/378: done in 15726ms.
?[32;1m[debug]?[0m [phantom] opening url: file:///Users/zpeugh/code/min/scripts/flowdocument/Resources/actionHtmls/Pull Photos From Calc.html, HTTP GET
?[32;1m[debug]?[0m [phantom] Navigation requested: url=file:///Users/zpeugh/code/min/scripts/flowdocument/Resources/actionHtmls/Pull Photos From Calc.html, type=Other, willNavigate=true, isMainFrame=true
?[32;1m[debug]?[0m [phantom] url changed to "file:///Users/zpeugh/code/min/scripts/flowdocument/Resources/actionHtmls/Pull Photos From Calc.html"
?[32;1m[debug]?[0m [phantom] Successfully injected Casper client-side utilities
?[36m[info]?[0m [phantom] Step anonymous 264/380: done in 15797ms.
?[32;1m[debug]?[0m [phantom] opening url: file:///Users/zpeugh/code/min/scripts/flowdocument/Resources/actionHtmls/Email Customer: Complete Forms.html, HTTP GET
?[32;1m[debug]?[0m [phantom] Navigation requested: url=file:///Users/zpeugh/code/min/scripts/flowdocument/Resources/actionHtmls/Email Customer: Complete Forms.html, type=Other, willNavigate=true, isMainFrame=true
?[32;1m[debug]?[0m [phantom] url changed to "file:///Users/zpeugh/code/min/scripts/flowdocument/Resources/actionHtmls/Email Customer: Complete Forms.html"
?[32;1m[debug]?[0m [phantom] Successfully injected Casper client-side utilities
?[36m[info]?[0m [phantom] Step anonymous 266/380: done in 15871ms.
?[32;1m[debug]?[0m [phantom] opening url: file:///Users/zpeugh/code/min/scripts/flowdocument/Resources/actionHtmls/Email Customer: Complete Forms.html, HTTP GET
?[32;1m[debug]?[0m [phantom] Navigation requested: url=file:///Users/zpeugh/code/min/scripts/flowdocument/Resources/actionHtmls/Email Customer: Complete Forms.html, type=Other, willNavigate=true, isMainFrame=true
?[32;1m[debug]?[0m [phantom] url changed to "file:///Users/zpeugh/code/min/scripts/flowdocument/Resources/actionHtmls/Email Customer: Complete Forms.html"
?[32;1m[debug]?[0m [phantom] Successfully injected Casper client-side utilities
?[36m[info]?[0m [phantom] Step anonymous 268/382: done in 15943ms.
?[32;1m[debug]?[0m [phantom] opening url: file:///Users/zpeugh/code/min/scripts/flowdocument/Resources/actionHtmls/Email assignee poles not all approved correctstatuses and advance.html, HTTP GET
?[32;1m[debug]?[0m [phantom] Navigation requested: url=file:///Users/zpeugh/code/min/scripts/flowdocument/Resources/actionHtmls/Email assignee poles not all approved correctstatuses and advance.html, type=Other, willNavigate=true, isMainFrame=true
?[32;1m[debug]?[0m [phantom] url changed to "file:///Users/zpeugh/code/min/scripts/flowdocument/Resources/actionHtmls/Email assignee poles not all approved correctstatuses and advance.html"
?[32;1m[debug]?[0m [phantom] Successfully injected Casper client-side utilities
?[36m[info]?[0m [phantom] Step anonymous 270/382: done in 16013ms.
?[32;1m[debug]?[0m [phantom] opening url: file:///Users/zpeugh/code/min/scripts/flowdocument/Resources/actionHtmls/Email assignee poles not all approved correctstatuses and advance.html, HTTP GET
?[32;1m[debug]?[0m [phantom] Navigation requested: url=file:///Users/zpeugh/code/min/scripts/flowdocument/Resources/actionHtmls/Email assignee poles not all approved correctstatuses and advance.html, type=Other, willNavigate=true, isMainFrame=true
?[32;1m[debug]?[0m [phantom] url changed to "file:///Users/zpeugh/code/min/scripts/flowdocument/Resources/actionHtmls/Email assignee poles not all approved correctstatuses and advance.html"
?[32;1m[debug]?[0m [phantom] Successfully injected Casper client-side utilities
?[36m[info]?[0m [phantom] Step anonymous 272/384: done in 16088ms.
?[32;1m[debug]?[0m [phantom] opening url: file:///Users/zpeugh/code/min/scripts/flowdocument/Resources/actionHtmls/Lock Pole Count.html, HTTP GET
?[32;1m[debug]?[0m [phantom] Navigation requested: url=file:///Users/zpeugh/code/min/scripts/flowdocument/Resources/actionHtmls/Lock Pole Count.html, type=Other, willNavigate=true, isMainFrame=true
?[32;1m[debug]?[0m [phantom] url changed to "file:///Users/zpeugh/code/min/scripts/flowdocument/Resources/actionHtmls/Lock Pole Count.html"
?[32;1m[debug]?[0m [phantom] Successfully injected Casper client-side utilities
?[36m[info]?[0m [phantom] Step anonymous 274/384: done in 16162ms.
?[32;1m[debug]?[0m [phantom] opening url: file:///Users/zpeugh/code/min/scripts/flowdocument/Resources/actionHtmls/Lock Pole Count.html, HTTP GET
?[32;1m[debug]?[0m [phantom] Navigation requested: url=file:///Users/zpeugh/code/min/scripts/flowdocument/Resources/actionHtmls/Lock Pole Count.html, type=Other, willNavigate=true, isMainFrame=true
?[32;1m[debug]?[0m [phantom] url changed to "file:///Users/zpeugh/code/min/scripts/flowdocument/Resources/actionHtmls/Lock Pole Count.html"
?[32;1m[debug]?[0m [phantom] Successfully injected Casper client-side utilities
?[36m[info]?[0m [phantom] Step anonymous 276/386: done in 16235ms.
?[32;1m[debug]?[0m [phantom] opening url: file:///Users/zpeugh/code/min/scripts/flowdocument/Resources/actionHtmls/Station Action.html, HTTP GET
?[32;1m[debug]?[0m [phantom] Navigation requested: url=file:///Users/zpeugh/code/min/scripts/flowdocument/Resources/actionHtmls/Station Action.html, type=Other, willNavigate=true, isMainFrame=true
?[32;1m[debug]?[0m [phantom] url changed to "file:///Users/zpeugh/code/min/scripts/flowdocument/Resources/actionHtmls/Station Action.html"
?[32;1m[debug]?[0m [phantom] Successfully injected Casper client-side utilities
?[36m[info]?[0m [phantom] Step anonymous 278/386: done in 16309ms.
?[32;1m[debug]?[0m [phantom] opening url: file:///Users/zpeugh/code/min/scripts/flowdocument/Resources/actionHtmls/Station Action.html, HTTP GET
?[32;1m[debug]?[0m [phantom] Navigation requested: url=file:///Users/zpeugh/code/min/scripts/flowdocument/Resources/actionHtmls/Station Action.html, type=Other, willNavigate=true, isMainFrame=true
?[32;1m[debug]?[0m [phantom] url changed to "file:///Users/zpeugh/code/min/scripts/flowdocument/Resources/actionHtmls/Station Action.html"
?[32;1m[debug]?[0m [phantom] Successfully injected Casper client-side utilities
?[36m[info]?[0m [phantom] Step anonymous 280/388: done in 16385ms.
?[32;1m[debug]?[0m [phantom] opening url: file:///Users/zpeugh/code/min/scripts/flowdocument/Resources/actionHtmls/Email Assignee Not all Poles Denied.html, HTTP GET
?[32;1m[debug]?[0m [phantom] Navigation requested: url=file:///Users/zpeugh/code/min/scripts/flowdocument/Resources/actionHtmls/Email Assignee Not all Poles Denied.html, type=Other, willNavigate=true, isMainFrame=true
?[32;1m[debug]?[0m [phantom] url changed to "file:///Users/zpeugh/code/min/scripts/flowdocument/Resources/actionHtmls/Email Assignee Not all Poles Denied.html"
?[32;1m[debug]?[0m [phantom] Successfully injected Casper client-side utilities
?[36m[info]?[0m [phantom] Step anonymous 282/388: done in 16459ms.
?[32;1m[debug]?[0m [phantom] opening url: file:///Users/zpeugh/code/min/scripts/flowdocument/Resources/actionHtmls/Email Assignee Not all Poles Denied.html, HTTP GET
?[32;1m[debug]?[0m [phantom] Navigation requested: url=file:///Users/zpeugh/code/min/scripts/flowdocument/Resources/actionHtmls/Email Assignee Not all Poles Denied.html, type=Other, willNavigate=true, isMainFrame=true
?[32;1m[debug]?[0m [phantom] url changed to "file:///Users/zpeugh/code/min/scripts/flowdocument/Resources/actionHtmls/Email Assignee Not all Poles Denied.html"
?[32;1m[debug]?[0m [phantom] Successfully injected Casper client-side utilities
?[36m[info]?[0m [phantom] Step anonymous 284/390: done in 16532ms.
?[32;1m[debug]?[0m [phantom] opening url: file:///Users/zpeugh/code/min/scripts/flowdocument/Resources/actionHtmls/Assign JPO Admin.html, HTTP GET
?[32;1m[debug]?[0m [phantom] Navigation requested: url=file:///Users/zpeugh/code/min/scripts/flowdocument/Resources/actionHtmls/Assign JPO Admin.html, type=Other, willNavigate=true, isMainFrame=true
?[32;1m[debug]?[0m [phantom] url changed to "file:///Users/zpeugh/code/min/scripts/flowdocument/Resources/actionHtmls/Assign JPO Admin.html"
?[32;1m[debug]?[0m [phantom] Successfully injected Casper client-side utilities
?[36m[info]?[0m [phantom] Step anonymous 286/390: done in 16602ms.
?[32;1m[debug]?[0m [phantom] opening url: file:///Users/zpeugh/code/min/scripts/flowdocument/Resources/actionHtmls/Assign JPO Admin.html, HTTP GET
?[32;1m[debug]?[0m [phantom] Navigation requested: url=file:///Users/zpeugh/code/min/scripts/flowdocument/Resources/actionHtmls/Assign JPO Admin.html, type=Other, willNavigate=true, isMainFrame=true
?[32;1m[debug]?[0m [phantom] url changed to "file:///Users/zpeugh/code/min/scripts/flowdocument/Resources/actionHtmls/Assign JPO Admin.html"
?[32;1m[debug]?[0m [phantom] Successfully injected Casper client-side utilities
?[36m[info]?[0m [phantom] Step anonymous 288/392: done in 16676ms.
?[32;1m[debug]?[0m [phantom] opening url: file:///Users/zpeugh/code/min/scripts/flowdocument/Resources/actionHtmls/Creat Notification Against Failed Structure IDs.html, HTTP GET
?[32;1m[debug]?[0m [phantom] Navigation requested: url=file:///Users/zpeugh/code/min/scripts/flowdocument/Resources/actionHtmls/Creat Notification Against Failed Structure IDs.html, type=Other, willNavigate=true, isMainFrame=true
?[32;1m[debug]?[0m [phantom] url changed to "file:///Users/zpeugh/code/min/scripts/flowdocument/Resources/actionHtmls/Creat Notification Against Failed Structure IDs.html"
?[32;1m[debug]?[0m [phantom] Successfully injected Casper client-side utilities
?[36m[info]?[0m [phantom] Step anonymous 290/392: done in 16749ms.
?[32;1m[debug]?[0m [phantom] opening url: file:///Users/zpeugh/code/min/scripts/flowdocument/Resources/actionHtmls/Creat Notification Against Failed Structure IDs.html, HTTP GET
?[32;1m[debug]?[0m [phantom] Navigation requested: url=file:///Users/zpeugh/code/min/scripts/flowdocument/Resources/actionHtmls/Creat Notification Against Failed Structure IDs.html, type=Other, willNavigate=true, isMainFrame=true
?[32;1m[debug]?[0m [phantom] url changed to "file:///Users/zpeugh/code/min/scripts/flowdocument/Resources/actionHtmls/Creat Notification Against Failed Structure IDs.html"
?[32;1m[debug]?[0m [phantom] Successfully injected Casper client-side utilities
?[36m[info]?[0m [phantom] Step anonymous 292/394: done in 16821ms.
?[32;1m[debug]?[0m [phantom] opening url: file:///Users/zpeugh/code/min/scripts/flowdocument/Resources/actionHtmls/Create E2 for Found Poles.html, HTTP GET
?[32;1m[debug]?[0m [phantom] Navigation requested: url=file:///Users/zpeugh/code/min/scripts/flowdocument/Resources/actionHtmls/Create E2 for Found Poles.html, type=Other, willNavigate=true, isMainFrame=true
?[32;1m[debug]?[0m [phantom] url changed to "file:///Users/zpeugh/code/min/scripts/flowdocument/Resources/actionHtmls/Create E2 for Found Poles.html"
?[32;1m[debug]?[0m [phantom] Successfully injected Casper client-side utilities
?[36m[info]?[0m [phantom] Step anonymous 294/394: done in 16895ms.
?[32;1m[debug]?[0m [phantom] opening url: file:///Users/zpeugh/code/min/scripts/flowdocument/Resources/actionHtmls/Create E2 for Found Poles.html, HTTP GET
?[32;1m[debug]?[0m [phantom] Navigation requested: url=file:///Users/zpeugh/code/min/scripts/flowdocument/Resources/actionHtmls/Create E2 for Found Poles.html, type=Other, willNavigate=true, isMainFrame=true
?[32;1m[debug]?[0m [phantom] url changed to "file:///Users/zpeugh/code/min/scripts/flowdocument/Resources/actionHtmls/Create E2 for Found Poles.html"
?[32;1m[debug]?[0m [phantom] Successfully injected Casper client-side utilities
?[36m[info]?[0m [phantom] Step anonymous 296/396: done in 16966ms.
?[32;1m[debug]?[0m [phantom] opening url: file:///Users/zpeugh/code/min/scripts/flowdocument/Resources/actionHtmls/Add ZJPA Sub Order as Reference Code?.html, HTTP GET
?[32;1m[debug]?[0m [phantom] Navigation requested: url=file:///Users/zpeugh/code/min/scripts/flowdocument/Resources/actionHtmls/Add ZJPA Sub Order as Reference Code?.html, type=Other, willNavigate=true, isMainFrame=true
?[33m[warning]?[0m [phantom] Loading resource failed with status=fail: file:///Users/zpeugh/code/min/scripts/flowdocument/Resources/actionHtmls/Add ZJPA Sub Order as Reference Code?.html
?[36m[info]?[0m [phantom] Step anonymous 298/396: done in 17005ms.
?[32;1m[debug]?[0m [phantom] opening url: file:///Users/zpeugh/code/min/scripts/flowdocument/Resources/actionHtmls/Add ZJPA Sub Order as Reference Code?.html, HTTP GET
?[32;1m[debug]?[0m [phantom] Navigation requested: url=file:///Users/zpeugh/code/min/scripts/flowdocument/Resources/actionHtmls/Add ZJPA Sub Order as Reference Code?.html, type=Other, willNavigate=true, isMainFrame=true
?[33m[warning]?[0m [phantom] Loading resource failed with status=fail: file:///Users/zpeugh/code/min/scripts/flowdocument/Resources/actionHtmls/Add ZJPA Sub Order as Reference Code?.html
?[36m[info]?[0m [phantom] Step anonymous 300/398: done in 17052ms.
?[32;1m[debug]?[0m [phantom] opening url: file:///Users/zpeugh/code/min/scripts/flowdocument/Resources/actionHtmls/Email Customer: Complete Form 48.html, HTTP GET
?[32;1m[debug]?[0m [phantom] Navigation requested: url=file:///Users/zpeugh/code/min/scripts/flowdocument/Resources/actionHtmls/Email Customer: Complete Form 48.html, type=Other, willNavigate=true, isMainFrame=true
?[32;1m[debug]?[0m [phantom] url changed to "file:///Users/zpeugh/code/min/scripts/flowdocument/Resources/actionHtmls/Email Customer: Complete Form 48.html"
?[32;1m[debug]?[0m [phantom] Successfully injected Casper client-side utilities
?[36m[info]?[0m [phantom] Step anonymous 302/398: done in 17123ms.
?[32;1m[debug]?[0m [phantom] opening url: file:///Users/zpeugh/code/min/scripts/flowdocument/Resources/actionHtmls/Email Customer: Complete Form 48.html, HTTP GET
?[32;1m[debug]?[0m [phantom] Navigation requested: url=file:///Users/zpeugh/code/min/scripts/flowdocument/Resources/actionHtmls/Email Customer: Complete Form 48.html, type=Other, willNavigate=true, isMainFrame=true
?[32;1m[debug]?[0m [phantom] url changed to "file:///Users/zpeugh/code/min/scripts/flowdocument/Resources/actionHtmls/Email Customer: Complete Form 48.html"
?[32;1m[debug]?[0m [phantom] Successfully injected Casper client-side utilities
?[36m[info]?[0m [phantom] Step anonymous 304/400: done in 17197ms.
?[32;1m[debug]?[0m [phantom] opening url: file:///Users/zpeugh/code/min/scripts/flowdocument/Resources/actionHtmls/Email: Inspector to complete pole forms.html, HTTP GET
?[32;1m[debug]?[0m [phantom] Navigation requested: url=file:///Users/zpeugh/code/min/scripts/flowdocument/Resources/actionHtmls/Email: Inspector to complete pole forms.html, type=Other, willNavigate=true, isMainFrame=true
?[32;1m[debug]?[0m [phantom] url changed to "file:///Users/zpeugh/code/min/scripts/flowdocument/Resources/actionHtmls/Email: Inspector to complete pole forms.html"
?[32;1m[debug]?[0m [phantom] Successfully injected Casper client-side utilities
?[36m[info]?[0m [phantom] Step anonymous 306/400: done in 17268ms.
?[32;1m[debug]?[0m [phantom] opening url: file:///Users/zpeugh/code/min/scripts/flowdocument/Resources/actionHtmls/Email: Inspector to complete pole forms.html, HTTP GET
?[32;1m[debug]?[0m [phantom] Navigation requested: url=file:///Users/zpeugh/code/min/scripts/flowdocument/Resources/actionHtmls/Email: Inspector to complete pole forms.html, type=Other, willNavigate=true, isMainFrame=true
?[32;1m[debug]?[0m [phantom] url changed to "file:///Users/zpeugh/code/min/scripts/flowdocument/Resources/actionHtmls/Email: Inspector to complete pole forms.html"
?[32;1m[debug]?[0m [phantom] Successfully injected Casper client-side utilities
?[36m[info]?[0m [phantom] Step anonymous 308/402: done in 17339ms.
?[32;1m[debug]?[0m [phantom] opening url: file:///Users/zpeugh/code/min/scripts/flowdocument/Resources/actionHtmls/Email Customer: Project Closed.html, HTTP GET
?[32;1m[debug]?[0m [phantom] Navigation requested: url=file:///Users/zpeugh/code/min/scripts/flowdocument/Resources/actionHtmls/Email Customer: Project Closed.html, type=Other, willNavigate=true, isMainFrame=true
?[32;1m[debug]?[0m [phantom] url changed to "file:///Users/zpeugh/code/min/scripts/flowdocument/Resources/actionHtmls/Email Customer: Project Closed.html"
?[32;1m[debug]?[0m [phantom] Successfully injected Casper client-side utilities
?[36m[info]?[0m [phantom] Step anonymous 310/402: done in 17411ms.
?[32;1m[debug]?[0m [phantom] opening url: file:///Users/zpeugh/code/min/scripts/flowdocument/Resources/actionHtmls/Email Customer: Project Closed.html, HTTP GET
?[32;1m[debug]?[0m [phantom] Navigation requested: url=file:///Users/zpeugh/code/min/scripts/flowdocument/Resources/actionHtmls/Email Customer: Project Closed.html, type=Other, willNavigate=true, isMainFrame=true
?[32;1m[debug]?[0m [phantom] url changed to "file:///Users/zpeugh/code/min/scripts/flowdocument/Resources/actionHtmls/Email Customer: Project Closed.html"
?[32;1m[debug]?[0m [phantom] Successfully injected Casper client-side utilities
?[36m[info]?[0m [phantom] Step anonymous 312/404: done in 17486ms.
?[32;1m[debug]?[0m [phantom] opening url: file:///Users/zpeugh/code/min/scripts/flowdocument/Resources/actionHtmls/Pull Forms From Calc.html, HTTP GET
?[32;1m[debug]?[0m [phantom] Navigation requested: url=file:///Users/zpeugh/code/min/scripts/flowdocument/Resources/actionHtmls/Pull Forms From Calc.html, type=Other, willNavigate=true, isMainFrame=true
?[32;1m[debug]?[0m [phantom] url changed to "file:///Users/zpeugh/code/min/scripts/flowdocument/Resources/actionHtmls/Pull Forms From Calc.html"
?[32;1m[debug]?[0m [phantom] Successfully injected Casper client-side utilities
?[36m[info]?[0m [phantom] Step anonymous 314/404: done in 17557ms.
?[32;1m[debug]?[0m [phantom] opening url: file:///Users/zpeugh/code/min/scripts/flowdocument/Resources/actionHtmls/Pull Forms From Calc.html, HTTP GET
?[32;1m[debug]?[0m [phantom] Navigation requested: url=file:///Users/zpeugh/code/min/scripts/flowdocument/Resources/actionHtmls/Pull Forms From Calc.html, type=Other, willNavigate=true, isMainFrame=true
?[32;1m[debug]?[0m [phantom] url changed to "file:///Users/zpeugh/code/min/scripts/flowdocument/Resources/actionHtmls/Pull Forms From Calc.html"
?[32;1m[debug]?[0m [phantom] Successfully injected Casper client-side utilities
?[36m[info]?[0m [phantom] Step anonymous 316/406: done in 17633ms.
?[32;1m[debug]?[0m [phantom] opening url: file:///Users/zpeugh/code/min/scripts/flowdocument/Resources/actionHtmls/Email Inspector: Ensure Forms are Complete and Calc Uploaded(checklist?).html, HTTP GET
?[32;1m[debug]?[0m [phantom] Navigation requested: url=file:///Users/zpeugh/code/min/scripts/flowdocument/Resources/actionHtmls/Email Inspector: Ensure Forms are Complete and Calc Uploaded(checklist?).html, type=Other, willNavigate=true, isMainFrame=true
?[33m[warning]?[0m [phantom] Loading resource failed with status=fail: file:///Users/zpeugh/code/min/scripts/flowdocument/Resources/actionHtmls/Email Inspector: Ensure Forms are Complete and Calc Uploaded(checklist?).html
?[36m[info]?[0m [phantom] Step anonymous 318/406: done in 17678ms.
?[32;1m[debug]?[0m [phantom] opening url: file:///Users/zpeugh/code/min/scripts/flowdocument/Resources/actionHtmls/Email Inspector: Ensure Forms are Complete and Calc Uploaded(checklist?).html, HTTP GET
?[32;1m[debug]?[0m [phantom] Navigation requested: url=file:///Users/zpeugh/code/min/scripts/flowdocument/Resources/actionHtmls/Email Inspector: Ensure Forms are Complete and Calc Uploaded(checklist?).html, type=Other, willNavigate=true, isMainFrame=true
?[33m[warning]?[0m [phantom] Loading resource failed with status=fail: file:///Users/zpeugh/code/min/scripts/flowdocument/Resources/actionHtmls/Email Inspector: Ensure Forms are Complete and Calc Uploaded(checklist?).html
?[36m[info]?[0m [phantom] Step anonymous 320/408: done in 17722ms.
?[32;1m[debug]?[0m [phantom] opening url: file:///Users/zpeugh/code/min/scripts/flowdocument/Resources/actionHtmls/Email Planner/Contractor.html, HTTP GET
?[32;1m[debug]?[0m [phantom] Navigation requested: url=file:///Users/zpeugh/code/min/scripts/flowdocument/Resources/actionHtmls/Email Planner/Contractor.html, type=Other, willNavigate=true, isMainFrame=true
?[32;1m[debug]?[0m [phantom] url changed to "file:///Users/zpeugh/code/min/scripts/flowdocument/Resources/actionHtmls/Email Planner/Contractor.html"
?[32;1m[debug]?[0m [phantom] Successfully injected Casper client-side utilities
?[36m[info]?[0m [phantom] Step anonymous 322/408: done in 17765ms.
?[32;1m[debug]?[0m [phantom] opening url: file:///Users/zpeugh/code/min/scripts/flowdocument/Resources/actionHtmls/Email Planner/Contractor.html, HTTP GET
?[32;1m[debug]?[0m [phantom] Navigation requested: url=file:///Users/zpeugh/code/min/scripts/flowdocument/Resources/actionHtmls/Email Planner/Contractor.html, type=Other, willNavigate=true, isMainFrame=true
?[32;1m[debug]?[0m [phantom] url changed to "file:///Users/zpeugh/code/min/scripts/flowdocument/Resources/actionHtmls/Email Planner/Contractor.html"
?[32;1m[debug]?[0m [phantom] Successfully injected Casper client-side utilities
?[36m[info]?[0m [phantom] Step anonymous 324/410: done in 17810ms.
?[32;1m[debug]?[0m [phantom] opening url: file:///Users/zpeugh/code/min/scripts/flowdocument/Resources/actionHtmls/Assign Customer: Corrections Required.html, HTTP GET
?[32;1m[debug]?[0m [phantom] Navigation requested: url=file:///Users/zpeugh/code/min/scripts/flowdocument/Resources/actionHtmls/Assign Customer: Corrections Required.html, type=Other, willNavigate=true, isMainFrame=true
?[32;1m[debug]?[0m [phantom] url changed to "file:///Users/zpeugh/code/min/scripts/flowdocument/Resources/actionHtmls/Assign Customer: Corrections Required.html"
?[32;1m[debug]?[0m [phantom] Successfully injected Casper client-side utilities
?[36m[info]?[0m [phantom] Step anonymous 326/410: done in 17882ms.
?[32;1m[debug]?[0m [phantom] opening url: file:///Users/zpeugh/code/min/scripts/flowdocument/Resources/actionHtmls/Assign Customer: Corrections Required.html, HTTP GET
?[32;1m[debug]?[0m [phantom] Navigation requested: url=file:///Users/zpeugh/code/min/scripts/flowdocument/Resources/actionHtmls/Assign Customer: Corrections Required.html, type=Other, willNavigate=true, isMainFrame=true
?[32;1m[debug]?[0m [phantom] url changed to "file:///Users/zpeugh/code/min/scripts/flowdocument/Resources/actionHtmls/Assign Customer: Corrections Required.html"
?[32;1m[debug]?[0m [phantom] Successfully injected Casper client-side utilities
?[36m[info]?[0m [phantom] Step anonymous 328/412: done in 17952ms.
?[32;1m[debug]?[0m [phantom] opening url: file:///Users/zpeugh/code/min/scripts/flowdocument/Resources/actionHtmls/Update ZJ Notification.html, HTTP GET
?[32;1m[debug]?[0m [phantom] Navigation requested: url=file:///Users/zpeugh/code/min/scripts/flowdocument/Resources/actionHtmls/Update ZJ Notification.html, type=Other, willNavigate=true, isMainFrame=true
?[32;1m[debug]?[0m [phantom] url changed to "file:///Users/zpeugh/code/min/scripts/flowdocument/Resources/actionHtmls/Update ZJ Notification.html"
?[32;1m[debug]?[0m [phantom] Successfully injected Casper client-side utilities
?[36m[info]?[0m [phantom] Step anonymous 330/412: done in 18026ms.
?[32;1m[debug]?[0m [phantom] opening url: file:///Users/zpeugh/code/min/scripts/flowdocument/Resources/actionHtmls/Update ZJ Notification.html, HTTP GET
?[32;1m[debug]?[0m [phantom] Navigation requested: url=file:///Users/zpeugh/code/min/scripts/flowdocument/Resources/actionHtmls/Update ZJ Notification.html, type=Other, willNavigate=true, isMainFrame=true
?[32;1m[debug]?[0m [phantom] url changed to "file:///Users/zpeugh/code/min/scripts/flowdocument/Resources/actionHtmls/Update ZJ Notification.html"
?[32;1m[debug]?[0m [phantom] Successfully injected Casper client-side utilities
?[36m[info]?[0m [phantom] Step anonymous 332/414: done in 18096ms.
?[32;1m[debug]?[0m [phantom] opening url: file:///Users/zpeugh/code/min/scripts/flowdocument/Resources/actionHtmls/Create Calc File.html, HTTP GET
?[32;1m[debug]?[0m [phantom] Navigation requested: url=file:///Users/zpeugh/code/min/scripts/flowdocument/Resources/actionHtmls/Create Calc File.html, type=Other, willNavigate=true, isMainFrame=true
?[32;1m[debug]?[0m [phantom] url changed to "file:///Users/zpeugh/code/min/scripts/flowdocument/Resources/actionHtmls/Create Calc File.html"
?[32;1m[debug]?[0m [phantom] Successfully injected Casper client-side utilities
?[36m[info]?[0m [phantom] Step anonymous 334/414: done in 18168ms.
?[32;1m[debug]?[0m [phantom] opening url: file:///Users/zpeugh/code/min/scripts/flowdocument/Resources/actionHtmls/Create Calc File.html, HTTP GET
?[32;1m[debug]?[0m [phantom] Navigation requested: url=file:///Users/zpeugh/code/min/scripts/flowdocument/Resources/actionHtmls/Create Calc File.html, type=Other, willNavigate=true, isMainFrame=true
?[32;1m[debug]?[0m [phantom] url changed to "file:///Users/zpeugh/code/min/scripts/flowdocument/Resources/actionHtmls/Create Calc File.html"
?[32;1m[debug]?[0m [phantom] Successfully injected Casper client-side utilities
?[36m[info]?[0m [phantom] Step anonymous 336/416: done in 18239ms.
?[32;1m[debug]?[0m [phantom] opening url: file:///Users/zpeugh/code/min/scripts/flowdocument/Resources/actionHtmls/Assign JPO Agent.html, HTTP GET
?[32;1m[debug]?[0m [phantom] Navigation requested: url=file:///Users/zpeugh/code/min/scripts/flowdocument/Resources/actionHtmls/Assign JPO Agent.html, type=Other, willNavigate=true, isMainFrame=true
?[32;1m[debug]?[0m [phantom] url changed to "file:///Users/zpeugh/code/min/scripts/flowdocument/Resources/actionHtmls/Assign JPO Agent.html"
?[32;1m[debug]?[0m [phantom] Successfully injected Casper client-side utilities
?[36m[info]?[0m [phantom] Step anonymous 338/416: done in 18312ms.
?[32;1m[debug]?[0m [phantom] opening url: file:///Users/zpeugh/code/min/scripts/flowdocument/Resources/actionHtmls/Assign JPO Agent.html, HTTP GET
?[32;1m[debug]?[0m [phantom] Navigation requested: url=file:///Users/zpeugh/code/min/scripts/flowdocument/Resources/actionHtmls/Assign JPO Agent.html, type=Other, willNavigate=true, isMainFrame=true
?[32;1m[debug]?[0m [phantom] url changed to "file:///Users/zpeugh/code/min/scripts/flowdocument/Resources/actionHtmls/Assign JPO Agent.html"
?[32;1m[debug]?[0m [phantom] Successfully injected Casper client-side utilities
?[36m[info]?[0m [phantom] Step anonymous 340/418: done in 18388ms.
?[32;1m[debug]?[0m [phantom] opening url: file:///Users/zpeugh/code/min/scripts/flowdocument/Resources/actionHtmls/Email Customer: JPA In Progress.html, HTTP GET
?[32;1m[debug]?[0m [phantom] Navigation requested: url=file:///Users/zpeugh/code/min/scripts/flowdocument/Resources/actionHtmls/Email Customer: JPA In Progress.html, type=Other, willNavigate=true, isMainFrame=true
?[32;1m[debug]?[0m [phantom] url changed to "file:///Users/zpeugh/code/min/scripts/flowdocument/Resources/actionHtmls/Email Customer: JPA In Progress.html"
?[32;1m[debug]?[0m [phantom] Successfully injected Casper client-side utilities
?[36m[info]?[0m [phantom] Step anonymous 342/418: done in 18459ms.
?[32;1m[debug]?[0m [phantom] opening url: file:///Users/zpeugh/code/min/scripts/flowdocument/Resources/actionHtmls/Email Customer: JPA In Progress.html, HTTP GET
?[32;1m[debug]?[0m [phantom] Navigation requested: url=file:///Users/zpeugh/code/min/scripts/flowdocument/Resources/actionHtmls/Email Customer: JPA In Progress.html, type=Other, willNavigate=true, isMainFrame=true
?[32;1m[debug]?[0m [phantom] url changed to "file:///Users/zpeugh/code/min/scripts/flowdocument/Resources/actionHtmls/Email Customer: JPA In Progress.html"
?[32;1m[debug]?[0m [phantom] Successfully injected Casper client-side utilities
?[36m[info]?[0m [phantom] Step anonymous 344/420: done in 18535ms.
?[32;1m[debug]?[0m [phantom] opening url: file:///Users/zpeugh/code/min/scripts/flowdocument/Resources/actionHtmls/Set Sub.html, HTTP GET
?[32;1m[debug]?[0m [phantom] Navigation requested: url=file:///Users/zpeugh/code/min/scripts/flowdocument/Resources/actionHtmls/Set Sub.html, type=Other, willNavigate=true, isMainFrame=true
?[32;1m[debug]?[0m [phantom] url changed to "file:///Users/zpeugh/code/min/scripts/flowdocument/Resources/actionHtmls/Set Sub.html"
?[32;1m[debug]?[0m [phantom] Successfully injected Casper client-side utilities
?[36m[info]?[0m [phantom] Step anonymous 346/420: done in 18601ms.
?[32;1m[debug]?[0m [phantom] opening url: file:///Users/zpeugh/code/min/scripts/flowdocument/Resources/actionHtmls/Set Sub.html, HTTP GET
?[32;1m[debug]?[0m [phantom] Navigation requested: url=file:///Users/zpeugh/code/min/scripts/flowdocument/Resources/actionHtmls/Set Sub.html, type=Other, willNavigate=true, isMainFrame=true
?[32;1m[debug]?[0m [phantom] url changed to "file:///Users/zpeugh/code/min/scripts/flowdocument/Resources/actionHtmls/Set Sub.html"
?[32;1m[debug]?[0m [phantom] Successfully injected Casper client-side utilities
?[36m[info]?[0m [phantom] Step anonymous 348/422: done in 18672ms.
?[32;1m[debug]?[0m [phantom] opening url: file:///Users/zpeugh/code/min/scripts/flowdocument/Resources/actionHtmls/Assign JPA Manager.html, HTTP GET
?[32;1m[debug]?[0m [phantom] Navigation requested: url=file:///Users/zpeugh/code/min/scripts/flowdocument/Resources/actionHtmls/Assign JPA Manager.html, type=Other, willNavigate=true, isMainFrame=true
?[32;1m[debug]?[0m [phantom] url changed to "file:///Users/zpeugh/code/min/scripts/flowdocument/Resources/actionHtmls/Assign JPA Manager.html"
?[32;1m[debug]?[0m [phantom] Successfully injected Casper client-side utilities
?[36m[info]?[0m [phantom] Step anonymous 350/422: done in 18744ms.
?[32;1m[debug]?[0m [phantom] opening url: file:///Users/zpeugh/code/min/scripts/flowdocument/Resources/actionHtmls/Assign JPA Manager.html, HTTP GET
?[32;1m[debug]?[0m [phantom] Navigation requested: url=file:///Users/zpeugh/code/min/scripts/flowdocument/Resources/actionHtmls/Assign JPA Manager.html, type=Other, willNavigate=true, isMainFrame=true
?[32;1m[debug]?[0m [phantom] url changed to "file:///Users/zpeugh/code/min/scripts/flowdocument/Resources/actionHtmls/Assign JPA Manager.html"
?[32;1m[debug]?[0m [phantom] Successfully injected Casper client-side utilities
?[36m[info]?[0m [phantom] Step anonymous 352/424: done in 18816ms.
?[32;1m[debug]?[0m [phantom] opening url: file:///Users/zpeugh/code/min/scripts/flowdocument/Resources/actionHtmls/Create ZJ Notification.html, HTTP GET
?[32;1m[debug]?[0m [phantom] Navigation requested: url=file:///Users/zpeugh/code/min/scripts/flowdocument/Resources/actionHtmls/Create ZJ Notification.html, type=Other, willNavigate=true, isMainFrame=true
?[32;1m[debug]?[0m [phantom] url changed to "file:///Users/zpeugh/code/min/scripts/flowdocument/Resources/actionHtmls/Create ZJ Notification.html"
?[32;1m[debug]?[0m [phantom] Successfully injected Casper client-side utilities
?[36m[info]?[0m [phantom] Step anonymous 354/424: done in 18885ms.
?[32;1m[debug]?[0m [phantom] opening url: file:///Users/zpeugh/code/min/scripts/flowdocument/Resources/actionHtmls/Create ZJ Notification.html, HTTP GET
?[32;1m[debug]?[0m [phantom] Navigation requested: url=file:///Users/zpeugh/code/min/scripts/flowdocument/Resources/actionHtmls/Create ZJ Notification.html, type=Other, willNavigate=true, isMainFrame=true
?[32;1m[debug]?[0m [phantom] url changed to "file:///Users/zpeugh/code/min/scripts/flowdocument/Resources/actionHtmls/Create ZJ Notification.html"
?[32;1m[debug]?[0m [phantom] Successfully injected Casper client-side utilities
?[36m[info]?[0m [phantom] Step anonymous 356/426: done in 18957ms.
?[32;1m[debug]?[0m [phantom] opening url: file:///Users/zpeugh/code/min/scripts/flowdocument/Resources/actionHtmls/First 45 Day Clock.html, HTTP GET
?[32;1m[debug]?[0m [phantom] Navigation requested: url=file:///Users/zpeugh/code/min/scripts/flowdocument/Resources/actionHtmls/First 45 Day Clock.html, type=Other, willNavigate=true, isMainFrame=true
?[32;1m[debug]?[0m [phantom] url changed to "file:///Users/zpeugh/code/min/scripts/flowdocument/Resources/actionHtmls/First 45 Day Clock.html"
?[32;1m[debug]?[0m [phantom] Successfully injected Casper client-side utilities
?[36m[info]?[0m [phantom] Step anonymous 358/426: done in 19028ms.
?[32;1m[debug]?[0m [phantom] opening url: file:///Users/zpeugh/code/min/scripts/flowdocument/Resources/actionHtmls/First 45 Day Clock.html, HTTP GET
?[32;1m[debug]?[0m [phantom] Navigation requested: url=file:///Users/zpeugh/code/min/scripts/flowdocument/Resources/actionHtmls/First 45 Day Clock.html, type=Other, willNavigate=true, isMainFrame=true
?[32;1m[debug]?[0m [phantom] url changed to "file:///Users/zpeugh/code/min/scripts/flowdocument/Resources/actionHtmls/First 45 Day Clock.html"
?[32;1m[debug]?[0m [phantom] Successfully injected Casper client-side utilities
?[36m[info]?[0m [phantom] Step anonymous 360/428: done in 19101ms.
?[32;1m[debug]?[0m [phantom] opening url: file:///Users/zpeugh/code/min/scripts/flowdocument/Resources/actionHtmls/Email: Customer Rework Required, review station statuses.html, HTTP GET
?[32;1m[debug]?[0m [phantom] Navigation requested: url=file:///Users/zpeugh/code/min/scripts/flowdocument/Resources/actionHtmls/Email: Customer Rework Required, review station statuses.html, type=Other, willNavigate=true, isMainFrame=true
?[32;1m[debug]?[0m [phantom] url changed to "file:///Users/zpeugh/code/min/scripts/flowdocument/Resources/actionHtmls/Email: Customer Rework Required, review station statuses.html"
?[32;1m[debug]?[0m [phantom] Successfully injected Casper client-side utilities
?[36m[info]?[0m [phantom] Step anonymous 362/428: done in 19171ms.
?[32;1m[debug]?[0m [phantom] opening url: file:///Users/zpeugh/code/min/scripts/flowdocument/Resources/actionHtmls/Email: Customer Rework Required, review station statuses.html, HTTP GET
?[32;1m[debug]?[0m [phantom] Navigation requested: url=file:///Users/zpeugh/code/min/scripts/flowdocument/Resources/actionHtmls/Email: Customer Rework Required, review station statuses.html, type=Other, willNavigate=true, isMainFrame=true
?[32;1m[debug]?[0m [phantom] url changed to "file:///Users/zpeugh/code/min/scripts/flowdocument/Resources/actionHtmls/Email: Customer Rework Required, review station statuses.html"
?[32;1m[debug]?[0m [phantom] Successfully injected Casper client-side utilities
?[36m[info]?[0m [phantom] Step anonymous 364/430: done in 19246ms.
?[32;1m[debug]?[0m [phantom] opening url: file:///Users/zpeugh/code/min/scripts/flowdocument/Resources/actionHtmls/Assign Customer.html, HTTP GET
?[32;1m[debug]?[0m [phantom] Navigation requested: url=file:///Users/zpeugh/code/min/scripts/flowdocument/Resources/actionHtmls/Assign Customer.html, type=Other, willNavigate=true, isMainFrame=true
?[32;1m[debug]?[0m [phantom] url changed to "file:///Users/zpeugh/code/min/scripts/flowdocument/Resources/actionHtmls/Assign Customer.html"
?[32;1m[debug]?[0m [phantom] Successfully injected Casper client-side utilities
?[36m[info]?[0m [phantom] Step anonymous 366/430: done in 19319ms.
?[32;1m[debug]?[0m [phantom] opening url: file:///Users/zpeugh/code/min/scripts/flowdocument/Resources/actionHtmls/Assign Customer.html, HTTP GET
?[32;1m[debug]?[0m [phantom] Navigation requested: url=file:///Users/zpeugh/code/min/scripts/flowdocument/Resources/actionHtmls/Assign Customer.html, type=Other, willNavigate=true, isMainFrame=true
?[32;1m[debug]?[0m [phantom] url changed to "file:///Users/zpeugh/code/min/scripts/flowdocument/Resources/actionHtmls/Assign Customer.html"
?[32;1m[debug]?[0m [phantom] Successfully injected Casper client-side utilities
?[36m[info]?[0m [phantom] Step anonymous 368/432: done in 19394ms.
?[32;1m[debug]?[0m [phantom] opening url: file:///Users/zpeugh/code/min/scripts/flowdocument/Resources/actionHtmls/Accept or Reject Station Statuses.html, HTTP GET
?[32;1m[debug]?[0m [phantom] Navigation requested: url=file:///Users/zpeugh/code/min/scripts/flowdocument/Resources/actionHtmls/Accept or Reject Station Statuses.html, type=Other, willNavigate=true, isMainFrame=true
?[32;1m[debug]?[0m [phantom] url changed to "file:///Users/zpeugh/code/min/scripts/flowdocument/Resources/actionHtmls/Accept or Reject Station Statuses.html"
?[32;1m[debug]?[0m [phantom] Successfully injected Casper client-side utilities
?[36m[info]?[0m [phantom] Step anonymous 370/432: done in 19466ms.
?[32;1m[debug]?[0m [phantom] opening url: file:///Users/zpeugh/code/min/scripts/flowdocument/Resources/actionHtmls/Accept or Reject Station Statuses.html, HTTP GET
?[32;1m[debug]?[0m [phantom] Navigation requested: url=file:///Users/zpeugh/code/min/scripts/flowdocument/Resources/actionHtmls/Accept or Reject Station Statuses.html, type=Other, willNavigate=true, isMainFrame=true
?[32;1m[debug]?[0m [phantom] url changed to "file:///Users/zpeugh/code/min/scripts/flowdocument/Resources/actionHtmls/Accept or Reject Station Statuses.html"
?[32;1m[debug]?[0m [phantom] Successfully injected Casper client-side utilities
?[36m[info]?[0m [phantom] Step anonymous 372/434: done in 19538ms.
?[32;1m[debug]?[0m [phantom] opening url: file:///Users/zpeugh/code/min/scripts/flowdocument/Resources/actionHtmls/Send the As Is Layer Measurement Point.html, HTTP GET
?[32;1m[debug]?[0m [phantom] Navigation requested: url=file:///Users/zpeugh/code/min/scripts/flowdocument/Resources/actionHtmls/Send the As Is Layer Measurement Point.html, type=Other, willNavigate=true, isMainFrame=true
?[32;1m[debug]?[0m [phantom] url changed to "file:///Users/zpeugh/code/min/scripts/flowdocument/Resources/actionHtmls/Send the As Is Layer Measurement Point.html"
?[32;1m[debug]?[0m [phantom] Successfully injected Casper client-side utilities
?[36m[info]?[0m [phantom] Step anonymous 374/434: done in 19611ms.
?[32;1m[debug]?[0m [phantom] opening url: file:///Users/zpeugh/code/min/scripts/flowdocument/Resources/actionHtmls/Send the As Is Layer Measurement Point.html, HTTP GET
?[32;1m[debug]?[0m [phantom] Navigation requested: url=file:///Users/zpeugh/code/min/scripts/flowdocument/Resources/actionHtmls/Send the As Is Layer Measurement Point.html, type=Other, willNavigate=true, isMainFrame=true
?[32;1m[debug]?[0m [phantom] url changed to "file:///Users/zpeugh/code/min/scripts/flowdocument/Resources/actionHtmls/Send the As Is Layer Measurement Point.html"
?[32;1m[debug]?[0m [phantom] Successfully injected Casper client-side utilities
?[36m[info]?[0m [phantom] Step anonymous 376/436: done in 19688ms.
?[32;1m[debug]?[0m [phantom] opening url: file:///Users/zpeugh/code/min/scripts/flowdocument/Resources/actionHtmls/Assign Planning Groups.html, HTTP GET
?[32;1m[debug]?[0m [phantom] Navigation requested: url=file:///Users/zpeugh/code/min/scripts/flowdocument/Resources/actionHtmls/Assign Planning Groups.html, type=Other, willNavigate=true, isMainFrame=true
?[32;1m[debug]?[0m [phantom] url changed to "file:///Users/zpeugh/code/min/scripts/flowdocument/Resources/actionHtmls/Assign Planning Groups.html"
?[32;1m[debug]?[0m [phantom] Successfully injected Casper client-side utilities
?[36m[info]?[0m [phantom] Step anonymous 378/436: done in 19758ms.
?[32;1m[debug]?[0m [phantom] opening url: file:///Users/zpeugh/code/min/scripts/flowdocument/Resources/actionHtmls/Assign Planning Groups.html, HTTP GET
?[32;1m[debug]?[0m [phantom] Navigation requested: url=file:///Users/zpeugh/code/min/scripts/flowdocument/Resources/actionHtmls/Assign Planning Groups.html, type=Other, willNavigate=true, isMainFrame=true
?[32;1m[debug]?[0m [phantom] url changed to "file:///Users/zpeugh/code/min/scripts/flowdocument/Resources/actionHtmls/Assign Planning Groups.html"
?[32;1m[debug]?[0m [phantom] Successfully injected Casper client-side utilities
?[36m[info]?[0m [phantom] Step anonymous 380/438: done in 19831ms.
?[32;1m[debug]?[0m [phantom] opening url: file:///Users/zpeugh/code/min/scripts/flowdocument/Resources/actionHtmls/Mail JPO to a. Change Records (then approve pole(s)) Or b. notice to fix.html, HTTP GET
?[32;1m[debug]?[0m [phantom] Navigation requested: url=file:///Users/zpeugh/code/min/scripts/flowdocument/Resources/actionHtmls/Mail JPO to a. Change Records (then approve pole(s)) Or b. notice to fix.html, type=Other, willNavigate=true, isMainFrame=true
?[32;1m[debug]?[0m [phantom] url changed to "file:///Users/zpeugh/code/min/scripts/flowdocument/Resources/actionHtmls/Mail JPO to a. Change Records (then approve pole(s)) Or b. notice to fix.html"
?[32;1m[debug]?[0m [phantom] Successfully injected Casper client-side utilities
?[36m[info]?[0m [phantom] Step anonymous 382/438: done in 19902ms.
?[32;1m[debug]?[0m [phantom] opening url: file:///Users/zpeugh/code/min/scripts/flowdocument/Resources/actionHtmls/Mail JPO to a. Change Records (then approve pole(s)) Or b. notice to fix.html, HTTP GET
?[32;1m[debug]?[0m [phantom] Navigation requested: url=file:///Users/zpeugh/code/min/scripts/flowdocument/Resources/actionHtmls/Mail JPO to a. Change Records (then approve pole(s)) Or b. notice to fix.html, type=Other, willNavigate=true, isMainFrame=true
?[32;1m[debug]?[0m [phantom] url changed to "file:///Users/zpeugh/code/min/scripts/flowdocument/Resources/actionHtmls/Mail JPO to a. Change Records (then approve pole(s)) Or b. notice to fix.html"
?[32;1m[debug]?[0m [phantom] Successfully injected Casper client-side utilities
?[36m[info]?[0m [phantom] Step anonymous 384/440: done in 19977ms.
?[32;1m[debug]?[0m [phantom] opening url: file:///Users/zpeugh/code/min/scripts/flowdocument/Resources/actionHtmls/In 45 Days, Email Customer About Form 2 Final.html, HTTP GET
?[32;1m[debug]?[0m [phantom] Navigation requested: url=file:///Users/zpeugh/code/min/scripts/flowdocument/Resources/actionHtmls/In 45 Days, Email Customer About Form 2 Final.html, type=Other, willNavigate=true, isMainFrame=true
?[32;1m[debug]?[0m [phantom] url changed to "file:///Users/zpeugh/code/min/scripts/flowdocument/Resources/actionHtmls/In 45 Days, Email Customer About Form 2 Final.html"
?[32;1m[debug]?[0m [phantom] Successfully injected Casper client-side utilities
?[36m[info]?[0m [phantom] Step anonymous 386/440: done in 20049ms.
?[32;1m[debug]?[0m [phantom] opening url: file:///Users/zpeugh/code/min/scripts/flowdocument/Resources/actionHtmls/In 45 Days, Email Customer About Form 2 Final.html, HTTP GET
?[32;1m[debug]?[0m [phantom] Navigation requested: url=file:///Users/zpeugh/code/min/scripts/flowdocument/Resources/actionHtmls/In 45 Days, Email Customer About Form 2 Final.html, type=Other, willNavigate=true, isMainFrame=true
?[32;1m[debug]?[0m [phantom] url changed to "file:///Users/zpeugh/code/min/scripts/flowdocument/Resources/actionHtmls/In 45 Days, Email Customer About Form 2 Final.html"
?[32;1m[debug]?[0m [phantom] Successfully injected Casper client-side utilities
?[36m[info]?[0m [phantom] Step anonymous 388/442: done in 20124ms.
?[32;1m[debug]?[0m [phantom] opening url: file:///Users/zpeugh/code/min/scripts/flowdocument/Resources/actionHtmls/Email Customer Cancelled.html, HTTP GET
?[32;1m[debug]?[0m [phantom] Navigation requested: url=file:///Users/zpeugh/code/min/scripts/flowdocument/Resources/actionHtmls/Email Customer Cancelled.html, type=Other, willNavigate=true, isMainFrame=true
?[32;1m[debug]?[0m [phantom] url changed to "file:///Users/zpeugh/code/min/scripts/flowdocument/Resources/actionHtmls/Email Customer Cancelled.html"
?[32;1m[debug]?[0m [phantom] Successfully injected Casper client-side utilities
?[36m[info]?[0m [phantom] Step anonymous 390/442: done in 20197ms.
?[32;1m[debug]?[0m [phantom] opening url: file:///Users/zpeugh/code/min/scripts/flowdocument/Resources/actionHtmls/Email Customer Cancelled.html, HTTP GET
?[32;1m[debug]?[0m [phantom] Navigation requested: url=file:///Users/zpeugh/code/min/scripts/flowdocument/Resources/actionHtmls/Email Customer Cancelled.html, type=Other, willNavigate=true, isMainFrame=true
?[32;1m[debug]?[0m [phantom] url changed to "file:///Users/zpeugh/code/min/scripts/flowdocument/Resources/actionHtmls/Email Customer Cancelled.html"
?[32;1m[debug]?[0m [phantom] Successfully injected Casper client-side utilities
?[36m[info]?[0m [phantom] Step anonymous 392/444: done in 20270ms.
?[32;1m[debug]?[0m [phantom] opening url: file:///Users/zpeugh/code/min/scripts/flowdocument/Resources/actionHtmls/Send As-Designed to SAP.html, HTTP GET
?[32;1m[debug]?[0m [phantom] Navigation requested: url=file:///Users/zpeugh/code/min/scripts/flowdocument/Resources/actionHtmls/Send As-Designed to SAP.html, type=Other, willNavigate=true, isMainFrame=true
?[32;1m[debug]?[0m [phantom] url changed to "file:///Users/zpeugh/code/min/scripts/flowdocument/Resources/actionHtmls/Send As-Designed to SAP.html"
?[32;1m[debug]?[0m [phantom] Successfully injected Casper client-side utilities
?[36m[info]?[0m [phantom] Step anonymous 394/444: done in 20344ms.
?[32;1m[debug]?[0m [phantom] opening url: file:///Users/zpeugh/code/min/scripts/flowdocument/Resources/actionHtmls/Send As-Designed to SAP.html, HTTP GET
?[32;1m[debug]?[0m [phantom] Navigation requested: url=file:///Users/zpeugh/code/min/scripts/flowdocument/Resources/actionHtmls/Send As-Designed to SAP.html, type=Other, willNavigate=true, isMainFrame=true
?[32;1m[debug]?[0m [phantom] url changed to "file:///Users/zpeugh/code/min/scripts/flowdocument/Resources/actionHtmls/Send As-Designed to SAP.html"
?[32;1m[debug]?[0m [phantom] Successfully injected Casper client-side utilities
?[36m[info]?[0m [phantom] Step anonymous 396/446: done in 20418ms.
?[32;1m[debug]?[0m [phantom] opening url: file:///Users/zpeugh/code/min/scripts/flowdocument/Resources/actionHtmls/Email All Cancelled.html, HTTP GET
?[32;1m[debug]?[0m [phantom] Navigation requested: url=file:///Users/zpeugh/code/min/scripts/flowdocument/Resources/actionHtmls/Email All Cancelled.html, type=Other, willNavigate=true, isMainFrame=true
?[32;1m[debug]?[0m [phantom] url changed to "file:///Users/zpeugh/code/min/scripts/flowdocument/Resources/actionHtmls/Email All Cancelled.html"
?[32;1m[debug]?[0m [phantom] Successfully injected Casper client-side utilities
?[36m[info]?[0m [phantom] Step anonymous 398/446: done in 20489ms.
?[32;1m[debug]?[0m [phantom] opening url: file:///Users/zpeugh/code/min/scripts/flowdocument/Resources/actionHtmls/Email All Cancelled.html, HTTP GET
?[32;1m[debug]?[0m [phantom] Navigation requested: url=file:///Users/zpeugh/code/min/scripts/flowdocument/Resources/actionHtmls/Email All Cancelled.html, type=Other, willNavigate=true, isMainFrame=true
?[32;1m[debug]?[0m [phantom] url changed to "file:///Users/zpeugh/code/min/scripts/flowdocument/Resources/actionHtmls/Email All Cancelled.html"
?[32;1m[debug]?[0m [phantom] Successfully injected Casper client-side utilities
?[36m[info]?[0m [phantom] Step anonymous 400/448: done in 20564ms.
?[32;1m[debug]?[0m [phantom] opening url: file:///Users/zpeugh/code/min/scripts/flowdocument/Resources/actionHtmls/Email Creator-Deny Stations.html, HTTP GET
?[32;1m[debug]?[0m [phantom] Navigation requested: url=file:///Users/zpeugh/code/min/scripts/flowdocument/Resources/actionHtmls/Email Creator-Deny Stations.html, type=Other, willNavigate=true, isMainFrame=true
?[32;1m[debug]?[0m [phantom] url changed to "file:///Users/zpeugh/code/min/scripts/flowdocument/Resources/actionHtmls/Email Creator-Deny Stations.html"
?[32;1m[debug]?[0m [phantom] Successfully injected Casper client-side utilities
?[36m[info]?[0m [phantom] Step anonymous 402/448: done in 20638ms.
?[32;1m[debug]?[0m [phantom] opening url: file:///Users/zpeugh/code/min/scripts/flowdocument/Resources/actionHtmls/Email Creator-Deny Stations.html, HTTP GET
?[32;1m[debug]?[0m [phantom] Navigation requested: url=file:///Users/zpeugh/code/min/scripts/flowdocument/Resources/actionHtmls/Email Creator-Deny Stations.html, type=Other, willNavigate=true, isMainFrame=true
?[32;1m[debug]?[0m [phantom] url changed to "file:///Users/zpeugh/code/min/scripts/flowdocument/Resources/actionHtmls/Email Creator-Deny Stations.html"
?[32;1m[debug]?[0m [phantom] Successfully injected Casper client-side utilities
?[36m[info]?[0m [phantom] Step anonymous 404/450: done in 20712ms.
?[32;1m[debug]?[0m [phantom] opening url: file:///Users/zpeugh/code/min/scripts/flowdocument/Resources/actionHtmls/Email Customer: Some Work Not Completed.html, HTTP GET
?[32;1m[debug]?[0m [phantom] Navigation requested: url=file:///Users/zpeugh/code/min/scripts/flowdocument/Resources/actionHtmls/Email Customer: Some Work Not Completed.html, type=Other, willNavigate=true, isMainFrame=true
?[32;1m[debug]?[0m [phantom] url changed to "file:///Users/zpeugh/code/min/scripts/flowdocument/Resources/actionHtmls/Email Customer: Some Work Not Completed.html"
?[32;1m[debug]?[0m [phantom] Successfully injected Casper client-side utilities
?[36m[info]?[0m [phantom] Step anonymous 406/450: done in 20780ms.
?[32;1m[debug]?[0m [phantom] opening url: file:///Users/zpeugh/code/min/scripts/flowdocument/Resources/actionHtmls/Email Customer: Some Work Not Completed.html, HTTP GET
?[32;1m[debug]?[0m [phantom] Navigation requested: url=file:///Users/zpeugh/code/min/scripts/flowdocument/Resources/actionHtmls/Email Customer: Some Work Not Completed.html, type=Other, willNavigate=true, isMainFrame=true
?[32;1m[debug]?[0m [phantom] url changed to "file:///Users/zpeugh/code/min/scripts/flowdocument/Resources/actionHtmls/Email Customer: Some Work Not Completed.html"
?[32;1m[debug]?[0m [phantom] Successfully injected Casper client-side utilities
?[36m[info]?[0m [phantom] Step anonymous 408/452: done in 20856ms.
?[32;1m[debug]?[0m [phantom] opening url: file:///Users/zpeugh/code/min/scripts/flowdocument/Resources/actionHtmls/Update FLOC Unauthorized (not completed as approved stations).html, HTTP GET
?[32;1m[debug]?[0m [phantom] Navigation requested: url=file:///Users/zpeugh/code/min/scripts/flowdocument/Resources/actionHtmls/Update FLOC Unauthorized (not completed as approved stations).html, type=Other, willNavigate=true, isMainFrame=true
?[32;1m[debug]?[0m [phantom] url changed to "file:///Users/zpeugh/code/min/scripts/flowdocument/Resources/actionHtmls/Update FLOC Unauthorized (not completed as approved stations).html"
?[32;1m[debug]?[0m [phantom] Successfully injected Casper client-side utilities
?[36m[info]?[0m [phantom] Step anonymous 410/452: done in 20927ms.
?[32;1m[debug]?[0m [phantom] opening url: file:///Users/zpeugh/code/min/scripts/flowdocument/Resources/actionHtmls/Update FLOC Unauthorized (not completed as approved stations).html, HTTP GET
?[32;1m[debug]?[0m [phantom] Navigation requested: url=file:///Users/zpeugh/code/min/scripts/flowdocument/Resources/actionHtmls/Update FLOC Unauthorized (not completed as approved stations).html, type=Other, willNavigate=true, isMainFrame=true
?[32;1m[debug]?[0m [phantom] url changed to "file:///Users/zpeugh/code/min/scripts/flowdocument/Resources/actionHtmls/Update FLOC Unauthorized (not completed as approved stations).html"
?[32;1m[debug]?[0m [phantom] Successfully injected Casper client-side utilities
?[36m[info]?[0m [phantom] Step anonymous 412/454: done in 21005ms.
?[32;1m[debug]?[0m [phantom] opening url: file:///Users/zpeugh/code/min/scripts/flowdocument/Resources/actionHtmls/Push Forms to Calc.html, HTTP GET
?[32;1m[debug]?[0m [phantom] Navigation requested: url=file:///Users/zpeugh/code/min/scripts/flowdocument/Resources/actionHtmls/Push Forms to Calc.html, type=Other, willNavigate=true, isMainFrame=true
?[32;1m[debug]?[0m [phantom] url changed to "file:///Users/zpeugh/code/min/scripts/flowdocument/Resources/actionHtmls/Push Forms to Calc.html"
?[32;1m[debug]?[0m [phantom] Successfully injected Casper client-side utilities
?[36m[info]?[0m [phantom] Step anonymous 414/454: done in 21077ms.
?[32;1m[debug]?[0m [phantom] opening url: file:///Users/zpeugh/code/min/scripts/flowdocument/Resources/actionHtmls/Push Forms to Calc.html, HTTP GET
?[32;1m[debug]?[0m [phantom] Navigation requested: url=file:///Users/zpeugh/code/min/scripts/flowdocument/Resources/actionHtmls/Push Forms to Calc.html, type=Other, willNavigate=true, isMainFrame=true
?[32;1m[debug]?[0m [phantom] url changed to "file:///Users/zpeugh/code/min/scripts/flowdocument/Resources/actionHtmls/Push Forms to Calc.html"
?[32;1m[debug]?[0m [phantom] Successfully injected Casper client-side utilities
?[36m[info]?[0m [phantom] Step anonymous 416/456: done in 21149ms.
?[32;1m[debug]?[0m [phantom] opening url: file:///Users/zpeugh/code/min/scripts/flowdocument/Resources/actionHtmls/Update ZJ Notification Status.html, HTTP GET
?[32;1m[debug]?[0m [phantom] Navigation requested: url=file:///Users/zpeugh/code/min/scripts/flowdocument/Resources/actionHtmls/Update ZJ Notification Status.html, type=Other, willNavigate=true, isMainFrame=true
?[32;1m[debug]?[0m [phantom] url changed to "file:///Users/zpeugh/code/min/scripts/flowdocument/Resources/actionHtmls/Update ZJ Notification Status.html"
?[32;1m[debug]?[0m [phantom] Successfully injected Casper client-side utilities
?[36m[info]?[0m [phantom] Step anonymous 418/456: done in 21224ms.
?[32;1m[debug]?[0m [phantom] opening url: file:///Users/zpeugh/code/min/scripts/flowdocument/Resources/actionHtmls/Update ZJ Notification Status.html, HTTP GET
?[32;1m[debug]?[0m [phantom] Navigation requested: url=file:///Users/zpeugh/code/min/scripts/flowdocument/Resources/actionHtmls/Update ZJ Notification Status.html, type=Other, willNavigate=true, isMainFrame=true
?[32;1m[debug]?[0m [phantom] url changed to "file:///Users/zpeugh/code/min/scripts/flowdocument/Resources/actionHtmls/Update ZJ Notification Status.html"
?[32;1m[debug]?[0m [phantom] Successfully injected Casper client-side utilities
?[36m[info]?[0m [phantom] Step anonymous 420/458: done in 21298ms.
?[32;1m[debug]?[0m [phantom] opening url: file:///Users/zpeugh/code/min/scripts/flowdocument/Resources/actionHtmls/Remove Time Markers.html, HTTP GET
?[32;1m[debug]?[0m [phantom] Navigation requested: url=file:///Users/zpeugh/code/min/scripts/flowdocument/Resources/actionHtmls/Remove Time Markers.html, type=Other, willNavigate=true, isMainFrame=true
?[32;1m[debug]?[0m [phantom] url changed to "file:///Users/zpeugh/code/min/scripts/flowdocument/Resources/actionHtmls/Remove Time Markers.html"
?[32;1m[debug]?[0m [phantom] Successfully injected Casper client-side utilities
?[36m[info]?[0m [phantom] Step anonymous 422/458: done in 21365ms.
?[32;1m[debug]?[0m [phantom] opening url: file:///Users/zpeugh/code/min/scripts/flowdocument/Resources/actionHtmls/Remove Time Markers.html, HTTP GET
?[32;1m[debug]?[0m [phantom] Navigation requested: url=file:///Users/zpeugh/code/min/scripts/flowdocument/Resources/actionHtmls/Remove Time Markers.html, type=Other, willNavigate=true, isMainFrame=true
?[32;1m[debug]?[0m [phantom] url changed to "file:///Users/zpeugh/code/min/scripts/flowdocument/Resources/actionHtmls/Remove Time Markers.html"
?[32;1m[debug]?[0m [phantom] Successfully injected Casper client-side utilities
?[36m[info]?[0m [phantom] Step anonymous 424/460: done in 21438ms.
?[32;1m[debug]?[0m [phantom] opening url: file:///Users/zpeugh/code/min/scripts/flowdocument/Resources/actionHtmls/Email: Verify all stations have status.html, HTTP GET
?[32;1m[debug]?[0m [phantom] Navigation requested: url=file:///Users/zpeugh/code/min/scripts/flowdocument/Resources/actionHtmls/Email: Verify all stations have status.html, type=Other, willNavigate=true, isMainFrame=true
?[32;1m[debug]?[0m [phantom] url changed to "file:///Users/zpeugh/code/min/scripts/flowdocument/Resources/actionHtmls/Email: Verify all stations have status.html"
?[32;1m[debug]?[0m [phantom] Successfully injected Casper client-side utilities
?[36m[info]?[0m [phantom] Step anonymous 426/460: done in 21512ms.
?[32;1m[debug]?[0m [phantom] opening url: file:///Users/zpeugh/code/min/scripts/flowdocument/Resources/actionHtmls/Email: Verify all stations have status.html, HTTP GET
?[32;1m[debug]?[0m [phantom] Navigation requested: url=file:///Users/zpeugh/code/min/scripts/flowdocument/Resources/actionHtmls/Email: Verify all stations have status.html, type=Other, willNavigate=true, isMainFrame=true
?[32;1m[debug]?[0m [phantom] url changed to "file:///Users/zpeugh/code/min/scripts/flowdocument/Resources/actionHtmls/Email: Verify all stations have status.html"
?[32;1m[debug]?[0m [phantom] Successfully injected Casper client-side utilities
?[36m[info]?[0m [phantom] Step anonymous 428/462: done in 21586ms.
?[32;1m[debug]?[0m [phantom] opening url: file:///Users/zpeugh/code/min/scripts/flowdocument/Resources/actionHtmls/Set Station Statuses.html, HTTP GET
?[32;1m[debug]?[0m [phantom] Navigation requested: url=file:///Users/zpeugh/code/min/scripts/flowdocument/Resources/actionHtmls/Set Station Statuses.html, type=Other, willNavigate=true, isMainFrame=true
?[32;1m[debug]?[0m [phantom] url changed to "file:///Users/zpeugh/code/min/scripts/flowdocument/Resources/actionHtmls/Set Station Statuses.html"
?[32;1m[debug]?[0m [phantom] Successfully injected Casper client-side utilities
?[36m[info]?[0m [phantom] Step anonymous 430/462: done in 21660ms.
?[32;1m[debug]?[0m [phantom] opening url: file:///Users/zpeugh/code/min/scripts/flowdocument/Resources/actionHtmls/Set Station Statuses.html, HTTP GET
?[32;1m[debug]?[0m [phantom] Navigation requested: url=file:///Users/zpeugh/code/min/scripts/flowdocument/Resources/actionHtmls/Set Station Statuses.html, type=Other, willNavigate=true, isMainFrame=true
?[32;1m[debug]?[0m [phantom] url changed to "file:///Users/zpeugh/code/min/scripts/flowdocument/Resources/actionHtmls/Set Station Statuses.html"
?[32;1m[debug]?[0m [phantom] Successfully injected Casper client-side utilities
?[36m[info]?[0m [phantom] Step anonymous 432/464: done in 21729ms.
?[32;1m[debug]?[0m [phantom] opening url: file:///Users/zpeugh/code/min/scripts/flowdocument/Resources/actionHtmls/Assign NDPM Usergroup.html, HTTP GET
?[32;1m[debug]?[0m [phantom] Navigation requested: url=file:///Users/zpeugh/code/min/scripts/flowdocument/Resources/actionHtmls/Assign NDPM Usergroup.html, type=Other, willNavigate=true, isMainFrame=true
?[32;1m[debug]?[0m [phantom] url changed to "file:///Users/zpeugh/code/min/scripts/flowdocument/Resources/actionHtmls/Assign NDPM Usergroup.html"
?[32;1m[debug]?[0m [phantom] Successfully injected Casper client-side utilities
?[36m[info]?[0m [phantom] Step anonymous 434/464: done in 21799ms.
?[32;1m[debug]?[0m [phantom] opening url: file:///Users/zpeugh/code/min/scripts/flowdocument/Resources/actionHtmls/Assign NDPM Usergroup.html, HTTP GET
?[32;1m[debug]?[0m [phantom] Navigation requested: url=file:///Users/zpeugh/code/min/scripts/flowdocument/Resources/actionHtmls/Assign NDPM Usergroup.html, type=Other, willNavigate=true, isMainFrame=true
?[32;1m[debug]?[0m [phantom] url changed to "file:///Users/zpeugh/code/min/scripts/flowdocument/Resources/actionHtmls/Assign NDPM Usergroup.html"
?[32;1m[debug]?[0m [phantom] Successfully injected Casper client-side utilities
?[36m[info]?[0m [phantom] Step anonymous 436/466: done in 21874ms.
?[32;1m[debug]?[0m [phantom] opening url: file:///Users/zpeugh/code/min/scripts/flowdocument/Resources/actionHtmls/9 Months to Complete Inspection.html, HTTP GET
?[32;1m[debug]?[0m [phantom] Navigation requested: url=file:///Users/zpeugh/code/min/scripts/flowdocument/Resources/actionHtmls/9 Months to Complete Inspection.html, type=Other, willNavigate=true, isMainFrame=true
?[32;1m[debug]?[0m [phantom] url changed to "file:///Users/zpeugh/code/min/scripts/flowdocument/Resources/actionHtmls/9 Months to Complete Inspection.html"
?[32;1m[debug]?[0m [phantom] Successfully injected Casper client-side utilities
?[36m[info]?[0m [phantom] Step anonymous 438/466: done in 21943ms.
?[32;1m[debug]?[0m [phantom] opening url: file:///Users/zpeugh/code/min/scripts/flowdocument/Resources/actionHtmls/9 Months to Complete Inspection.html, HTTP GET
?[32;1m[debug]?[0m [phantom] Navigation requested: url=file:///Users/zpeugh/code/min/scripts/flowdocument/Resources/actionHtmls/9 Months to Complete Inspection.html, type=Other, willNavigate=true, isMainFrame=true
?[32;1m[debug]?[0m [phantom] url changed to "file:///Users/zpeugh/code/min/scripts/flowdocument/Resources/actionHtmls/9 Months to Complete Inspection.html"
?[32;1m[debug]?[0m [phantom] Successfully injected Casper client-side utilities
?[36m[info]?[0m [phantom] Step anonymous 440/468: done in 22016ms.
?[32;1m[debug]?[0m [phantom] opening url: file:///Users/zpeugh/code/min/scripts/flowdocument/Resources/actionHtmls/31 Day Reminder (repeating).html, HTTP GET
?[32;1m[debug]?[0m [phantom] Navigation requested: url=file:///Users/zpeugh/code/min/scripts/flowdocument/Resources/actionHtmls/31 Day Reminder (repeating).html, type=Other, willNavigate=true, isMainFrame=true
?[32;1m[debug]?[0m [phantom] url changed to "file:///Users/zpeugh/code/min/scripts/flowdocument/Resources/actionHtmls/31 Day Reminder (repeating).html"
?[32;1m[debug]?[0m [phantom] Successfully injected Casper client-side utilities
?[36m[info]?[0m [phantom] Step anonymous 442/468: done in 22088ms.
?[32;1m[debug]?[0m [phantom] opening url: file:///Users/zpeugh/code/min/scripts/flowdocument/Resources/actionHtmls/31 Day Reminder (repeating).html, HTTP GET
?[32;1m[debug]?[0m [phantom] Navigation requested: url=file:///Users/zpeugh/code/min/scripts/flowdocument/Resources/actionHtmls/31 Day Reminder (repeating).html, type=Other, willNavigate=true, isMainFrame=true
?[32;1m[debug]?[0m [phantom] url changed to "file:///Users/zpeugh/code/min/scripts/flowdocument/Resources/actionHtmls/31 Day Reminder (repeating).html"
?[32;1m[debug]?[0m [phantom] Successfully injected Casper client-side utilities
?[36m[info]?[0m [phantom] Step anonymous 444/470: done in 22160ms.
?[32;1m[debug]?[0m [phantom] opening url: file:///Users/zpeugh/code/min/scripts/flowdocument/Resources/actionHtmls/Email Customer Instructions.html, HTTP GET
?[32;1m[debug]?[0m [phantom] Navigation requested: url=file:///Users/zpeugh/code/min/scripts/flowdocument/Resources/actionHtmls/Email Customer Instructions.html, type=Other, willNavigate=true, isMainFrame=true
?[32;1m[debug]?[0m [phantom] url changed to "file:///Users/zpeugh/code/min/scripts/flowdocument/Resources/actionHtmls/Email Customer Instructions.html"
?[32;1m[debug]?[0m [phantom] Successfully injected Casper client-side utilities
?[36m[info]?[0m [phantom] Step anonymous 446/470: done in 22230ms.
?[32;1m[debug]?[0m [phantom] opening url: file:///Users/zpeugh/code/min/scripts/flowdocument/Resources/actionHtmls/Email Customer Instructions.html, HTTP GET
?[32;1m[debug]?[0m [phantom] Navigation requested: url=file:///Users/zpeugh/code/min/scripts/flowdocument/Resources/actionHtmls/Email Customer Instructions.html, type=Other, willNavigate=true, isMainFrame=true
?[32;1m[debug]?[0m [phantom] url changed to "file:///Users/zpeugh/code/min/scripts/flowdocument/Resources/actionHtmls/Email Customer Instructions.html"
?[32;1m[debug]?[0m [phantom] Successfully injected Casper client-side utilities
?[36m[info]?[0m [phantom] Step anonymous 448/472: done in 22302ms.
?[32;1m[debug]?[0m [phantom] opening url: file:///Users/zpeugh/code/min/scripts/flowdocument/Resources/actionHtmls/18 Months to Complete Construction.html, HTTP GET
?[32;1m[debug]?[0m [phantom] Navigation requested: url=file:///Users/zpeugh/code/min/scripts/flowdocument/Resources/actionHtmls/18 Months to Complete Construction.html, type=Other, willNavigate=true, isMainFrame=true
?[32;1m[debug]?[0m [phantom] url changed to "file:///Users/zpeugh/code/min/scripts/flowdocument/Resources/actionHtmls/18 Months to Complete Construction.html"
?[32;1m[debug]?[0m [phantom] Successfully injected Casper client-side utilities
?[36m[info]?[0m [phantom] Step anonymous 450/472: done in 22374ms.
?[32;1m[debug]?[0m [phantom] opening url: file:///Users/zpeugh/code/min/scripts/flowdocument/Resources/actionHtmls/18 Months to Complete Construction.html, HTTP GET
?[32;1m[debug]?[0m [phantom] Navigation requested: url=file:///Users/zpeugh/code/min/scripts/flowdocument/Resources/actionHtmls/18 Months to Complete Construction.html, type=Other, willNavigate=true, isMainFrame=true
?[32;1m[debug]?[0m [phantom] url changed to "file:///Users/zpeugh/code/min/scripts/flowdocument/Resources/actionHtmls/18 Months to Complete Construction.html"
?[32;1m[debug]?[0m [phantom] Successfully injected Casper client-side utilities
?[36m[info]?[0m [phantom] Step anonymous 452/474: done in 22446ms.
?[32;1m[debug]?[0m [phantom] opening url: file:///Users/zpeugh/code/min/scripts/flowdocument/Resources/actionHtmls/Email Creator: Complete Denied Pole Form.html, HTTP GET
?[32;1m[debug]?[0m [phantom] Navigation requested: url=file:///Users/zpeugh/code/min/scripts/flowdocument/Resources/actionHtmls/Email Creator: Complete Denied Pole Form.html, type=Other, willNavigate=true, isMainFrame=true
?[32;1m[debug]?[0m [phantom] url changed to "file:///Users/zpeugh/code/min/scripts/flowdocument/Resources/actionHtmls/Email Creator: Complete Denied Pole Form.html"
?[32;1m[debug]?[0m [phantom] Successfully injected Casper client-side utilities
?[36m[info]?[0m [phantom] Step anonymous 454/474: done in 22516ms.
?[32;1m[debug]?[0m [phantom] opening url: file:///Users/zpeugh/code/min/scripts/flowdocument/Resources/actionHtmls/Email Creator: Complete Denied Pole Form.html, HTTP GET
?[32;1m[debug]?[0m [phantom] Navigation requested: url=file:///Users/zpeugh/code/min/scripts/flowdocument/Resources/actionHtmls/Email Creator: Complete Denied Pole Form.html, type=Other, willNavigate=true, isMainFrame=true
?[32;1m[debug]?[0m [phantom] url changed to "file:///Users/zpeugh/code/min/scripts/flowdocument/Resources/actionHtmls/Email Creator: Complete Denied Pole Form.html"
?[32;1m[debug]?[0m [phantom] Successfully injected Casper client-side utilities
?[36m[info]?[0m [phantom] Step anonymous 456/476: done in 22586ms.
?[32;1m[debug]?[0m [phantom] opening url: file:///Users/zpeugh/code/min/scripts/flowdocument/Resources/actionHtmls/Email Customer Canceled (due to PL).html, HTTP GET
?[32;1m[debug]?[0m [phantom] Navigation requested: url=file:///Users/zpeugh/code/min/scripts/flowdocument/Resources/actionHtmls/Email Customer Canceled (due to PL).html, type=Other, willNavigate=true, isMainFrame=true
?[32;1m[debug]?[0m [phantom] url changed to "file:///Users/zpeugh/code/min/scripts/flowdocument/Resources/actionHtmls/Email Customer Canceled (due to PL).html"
?[32;1m[debug]?[0m [phantom] Successfully injected Casper client-side utilities
?[36m[info]?[0m [phantom] Step anonymous 458/476: done in 22658ms.
?[32;1m[debug]?[0m [phantom] opening url: file:///Users/zpeugh/code/min/scripts/flowdocument/Resources/actionHtmls/Email Customer Canceled (due to PL).html, HTTP GET
?[32;1m[debug]?[0m [phantom] Navigation requested: url=file:///Users/zpeugh/code/min/scripts/flowdocument/Resources/actionHtmls/Email Customer Canceled (due to PL).html, type=Other, willNavigate=true, isMainFrame=true
?[32;1m[debug]?[0m [phantom] url changed to "file:///Users/zpeugh/code/min/scripts/flowdocument/Resources/actionHtmls/Email Customer Canceled (due to PL).html"
?[32;1m[debug]?[0m [phantom] Successfully injected Casper client-side utilities
?[36m[info]?[0m [phantom] Step anonymous 460/478: done in 22731ms.
?[32;1m[debug]?[0m [phantom] opening url: file:///Users/zpeugh/code/min/scripts/flowdocument/Resources/actionHtmls/Email Assignee: Complete Forms.html, HTTP GET
?[32;1m[debug]?[0m [phantom] Navigation requested: url=file:///Users/zpeugh/code/min/scripts/flowdocument/Resources/actionHtmls/Email Assignee: Complete Forms.html, type=Other, willNavigate=true, isMainFrame=true
?[32;1m[debug]?[0m [phantom] url changed to "file:///Users/zpeugh/code/min/scripts/flowdocument/Resources/actionHtmls/Email Assignee: Complete Forms.html"
?[32;1m[debug]?[0m [phantom] Successfully injected Casper client-side utilities
?[36m[info]?[0m [phantom] Step anonymous 462/478: done in 22799ms.
?[32;1m[debug]?[0m [phantom] opening url: file:///Users/zpeugh/code/min/scripts/flowdocument/Resources/actionHtmls/Email Assignee: Complete Forms.html, HTTP GET
?[32;1m[debug]?[0m [phantom] Navigation requested: url=file:///Users/zpeugh/code/min/scripts/flowdocument/Resources/actionHtmls/Email Assignee: Complete Forms.html, type=Other, willNavigate=true, isMainFrame=true
?[32;1m[debug]?[0m [phantom] url changed to "file:///Users/zpeugh/code/min/scripts/flowdocument/Resources/actionHtmls/Email Assignee: Complete Forms.html"
?[32;1m[debug]?[0m [phantom] Successfully injected Casper client-side utilities
?[36m[info]?[0m [phantom] Step anonymous 464/480: done in 22874ms.
?[32;1m[debug]?[0m [phantom] opening url: file:///Users/zpeugh/code/min/scripts/flowdocument/Resources/actionHtmls/Unlock Project.html, HTTP GET
?[32;1m[debug]?[0m [phantom] Navigation requested: url=file:///Users/zpeugh/code/min/scripts/flowdocument/Resources/actionHtmls/Unlock Project.html, type=Other, willNavigate=true, isMainFrame=true
?[32;1m[debug]?[0m [phantom] url changed to "file:///Users/zpeugh/code/min/scripts/flowdocument/Resources/actionHtmls/Unlock Project.html"
?[32;1m[debug]?[0m [phantom] Successfully injected Casper client-side utilities
?[36m[info]?[0m [phantom] Step anonymous 466/480: done in 22943ms.
?[32;1m[debug]?[0m [phantom] opening url: file:///Users/zpeugh/code/min/scripts/flowdocument/Resources/actionHtmls/Unlock Project.html, HTTP GET
?[32;1m[debug]?[0m [phantom] Navigation requested: url=file:///Users/zpeugh/code/min/scripts/flowdocument/Resources/actionHtmls/Unlock Project.html, type=Other, willNavigate=true, isMainFrame=true
?[32;1m[debug]?[0m [phantom] url changed to "file:///Users/zpeugh/code/min/scripts/flowdocument/Resources/actionHtmls/Unlock Project.html"
?[32;1m[debug]?[0m [phantom] Successfully injected Casper client-side utilities
?[36m[info]?[0m [phantom] Step anonymous 468/482: done in 23014ms.
?[32;1m[debug]?[0m [phantom] opening url: file:///Users/zpeugh/code/min/scripts/flowdocument/Resources/actionHtmls/Email All: Project Being Edited.html, HTTP GET
?[32;1m[debug]?[0m [phantom] Navigation requested: url=file:///Users/zpeugh/code/min/scripts/flowdocument/Resources/actionHtmls/Email All: Project Being Edited.html, type=Other, willNavigate=true, isMainFrame=true
?[32;1m[debug]?[0m [phantom] url changed to "file:///Users/zpeugh/code/min/scripts/flowdocument/Resources/actionHtmls/Email All: Project Being Edited.html"
?[32;1m[debug]?[0m [phantom] Successfully injected Casper client-side utilities
?[36m[info]?[0m [phantom] Step anonymous 470/482: done in 23081ms.
?[32;1m[debug]?[0m [phantom] opening url: file:///Users/zpeugh/code/min/scripts/flowdocument/Resources/actionHtmls/Email All: Project Being Edited.html, HTTP GET
?[32;1m[debug]?[0m [phantom] Navigation requested: url=file:///Users/zpeugh/code/min/scripts/flowdocument/Resources/actionHtmls/Email All: Project Being Edited.html, type=Other, willNavigate=true, isMainFrame=true
?[32;1m[debug]?[0m [phantom] url changed to "file:///Users/zpeugh/code/min/scripts/flowdocument/Resources/actionHtmls/Email All: Project Being Edited.html"
?[32;1m[debug]?[0m [phantom] Successfully injected Casper client-side utilities
?[36m[info]?[0m [phantom] Step anonymous 472/484: done in 23152ms.
?[32;1m[debug]?[0m [phantom] opening url: file:///Users/zpeugh/code/min/scripts/flowdocument/Resources/actionHtmls/14 Days to Fix Clock and Auto Advance.html, HTTP GET
?[32;1m[debug]?[0m [phantom] Navigation requested: url=file:///Users/zpeugh/code/min/scripts/flowdocument/Resources/actionHtmls/14 Days to Fix Clock and Auto Advance.html, type=Other, willNavigate=true, isMainFrame=true
?[32;1m[debug]?[0m [phantom] url changed to "file:///Users/zpeugh/code/min/scripts/flowdocument/Resources/actionHtmls/14 Days to Fix Clock and Auto Advance.html"
?[32;1m[debug]?[0m [phantom] Successfully injected Casper client-side utilities
?[36m[info]?[0m [phantom] Step anonymous 474/484: done in 23222ms.
?[32;1m[debug]?[0m [phantom] opening url: file:///Users/zpeugh/code/min/scripts/flowdocument/Resources/actionHtmls/14 Days to Fix Clock and Auto Advance.html, HTTP GET
?[32;1m[debug]?[0m [phantom] Navigation requested: url=file:///Users/zpeugh/code/min/scripts/flowdocument/Resources/actionHtmls/14 Days to Fix Clock and Auto Advance.html, type=Other, willNavigate=true, isMainFrame=true
?[32;1m[debug]?[0m [phantom] url changed to "file:///Users/zpeugh/code/min/scripts/flowdocument/Resources/actionHtmls/14 Days to Fix Clock and Auto Advance.html"
?[32;1m[debug]?[0m [phantom] Successfully injected Casper client-side utilities
?[36m[info]?[0m [phantom] Step anonymous 476/486: done in 23296ms.
?[32;1m[debug]?[0m [phantom] opening url: file:///Users/zpeugh/code/min/scripts/flowdocument/Resources/actionHtmls/Email Customer: Denied Notification.html, HTTP GET
?[32;1m[debug]?[0m [phantom] Navigation requested: url=file:///Users/zpeugh/code/min/scripts/flowdocument/Resources/actionHtmls/Email Customer: Denied Notification.html, type=Other, willNavigate=true, isMainFrame=true
?[32;1m[debug]?[0m [phantom] url changed to "file:///Users/zpeugh/code/min/scripts/flowdocument/Resources/actionHtmls/Email Customer: Denied Notification.html"
?[32;1m[debug]?[0m [phantom] Successfully injected Casper client-side utilities
?[36m[info]?[0m [phantom] Step anonymous 478/486: done in 23368ms.
?[32;1m[debug]?[0m [phantom] opening url: file:///Users/zpeugh/code/min/scripts/flowdocument/Resources/actionHtmls/Email Customer: Denied Notification.html, HTTP GET
?[32;1m[debug]?[0m [phantom] Navigation requested: url=file:///Users/zpeugh/code/min/scripts/flowdocument/Resources/actionHtmls/Email Customer: Denied Notification.html, type=Other, willNavigate=true, isMainFrame=true
?[32;1m[debug]?[0m [phantom] url changed to "file:///Users/zpeugh/code/min/scripts/flowdocument/Resources/actionHtmls/Email Customer: Denied Notification.html"
?[32;1m[debug]?[0m [phantom] Successfully injected Casper client-side utilities
?[36m[info]?[0m [phantom] Step anonymous 480/488: done in 23442ms.
?[32;1m[debug]?[0m [phantom] opening url: file:///Users/zpeugh/code/min/scripts/flowdocument/Resources/actionHtmls/Email Assignee: All Stations Denied.html, HTTP GET
?[32;1m[debug]?[0m [phantom] Navigation requested: url=file:///Users/zpeugh/code/min/scripts/flowdocument/Resources/actionHtmls/Email Assignee: All Stations Denied.html, type=Other, willNavigate=true, isMainFrame=true
?[32;1m[debug]?[0m [phantom] url changed to "file:///Users/zpeugh/code/min/scripts/flowdocument/Resources/actionHtmls/Email Assignee: All Stations Denied.html"
?[32;1m[debug]?[0m [phantom] Successfully injected Casper client-side utilities
?[36m[info]?[0m [phantom] Step anonymous 482/488: done in 23513ms.
?[32;1m[debug]?[0m [phantom] opening url: file:///Users/zpeugh/code/min/scripts/flowdocument/Resources/actionHtmls/Email Assignee: All Stations Denied.html, HTTP GET
?[32;1m[debug]?[0m [phantom] Navigation requested: url=file:///Users/zpeugh/code/min/scripts/flowdocument/Resources/actionHtmls/Email Assignee: All Stations Denied.html, type=Other, willNavigate=true, isMainFrame=true
?[32;1m[debug]?[0m [phantom] url changed to "file:///Users/zpeugh/code/min/scripts/flowdocument/Resources/actionHtmls/Email Assignee: All Stations Denied.html"
?[32;1m[debug]?[0m [phantom] Successfully injected Casper client-side utilities
?[36m[info]?[0m [phantom] Step anonymous 484/490: done in 23585ms.
?[32;1m[debug]?[0m [phantom] opening url: file:///Users/zpeugh/code/min/scripts/flowdocument/Resources/actionHtmls/Email Assignee: Set Station Statuses.html, HTTP GET
?[32;1m[debug]?[0m [phantom] Navigation requested: url=file:///Users/zpeugh/code/min/scripts/flowdocument/Resources/actionHtmls/Email Assignee: Set Station Statuses.html, type=Other, willNavigate=true, isMainFrame=true
?[32;1m[debug]?[0m [phantom] url changed to "file:///Users/zpeugh/code/min/scripts/flowdocument/Resources/actionHtmls/Email Assignee: Set Station Statuses.html"
?[32;1m[debug]?[0m [phantom] Successfully injected Casper client-side utilities
?[36m[info]?[0m [phantom] Step anonymous 486/490: done in 23654ms.
?[32;1m[debug]?[0m [phantom] opening url: file:///Users/zpeugh/code/min/scripts/flowdocument/Resources/actionHtmls/Email Assignee: Set Station Statuses.html, HTTP GET
?[32;1m[debug]?[0m [phantom] Navigation requested: url=file:///Users/zpeugh/code/min/scripts/flowdocument/Resources/actionHtmls/Email Assignee: Set Station Statuses.html, type=Other, willNavigate=true, isMainFrame=true
?[32;1m[debug]?[0m [phantom] url changed to "file:///Users/zpeugh/code/min/scripts/flowdocument/Resources/actionHtmls/Email Assignee: Set Station Statuses.html"
?[32;1m[debug]?[0m [phantom] Successfully injected Casper client-side utilities
?[36m[info]?[0m [phantom] Step anonymous 488/492: done in 23728ms.
?[32;1m[debug]?[0m [phantom] opening url: file:///Users/zpeugh/code/min/scripts/flowdocument/Resources/actionHtmls/Email Inspector Corrections Required.html, HTTP GET
?[32;1m[debug]?[0m [phantom] Navigation requested: url=file:///Users/zpeugh/code/min/scripts/flowdocument/Resources/actionHtmls/Email Inspector Corrections Required.html, type=Other, willNavigate=true, isMainFrame=true
?[32;1m[debug]?[0m [phantom] url changed to "file:///Users/zpeugh/code/min/scripts/flowdocument/Resources/actionHtmls/Email Inspector Corrections Required.html"
?[32;1m[debug]?[0m [phantom] Successfully injected Casper client-side utilities
?[36m[info]?[0m [phantom] Step anonymous 490/492: done in 23795ms.
?[32;1m[debug]?[0m [phantom] opening url: file:///Users/zpeugh/code/min/scripts/flowdocument/Resources/actionHtmls/Email Inspector Corrections Required.html, HTTP GET
?[32;1m[debug]?[0m [phantom] Navigation requested: url=file:///Users/zpeugh/code/min/scripts/flowdocument/Resources/actionHtmls/Email Inspector Corrections Required.html, type=Other, willNavigate=true, isMainFrame=true
?[32;1m[debug]?[0m [phantom] url changed to "file:///Users/zpeugh/code/min/scripts/flowdocument/Resources/actionHtmls/Email Inspector Corrections Required.html"
?[32;1m[debug]?[0m [phantom] Successfully injected Casper client-side utilities
?[36m[info]?[0m [phantom] Step anonymous 492/494: done in 23866ms.
?[32;1m[debug]?[0m [phantom] opening url: file:///Users/zpeugh/code/min/scripts/flowdocument/Resources/actionHtmls/Assign Inspector.html, HTTP GET
?[32;1m[debug]?[0m [phantom] Navigation requested: url=file:///Users/zpeugh/code/min/scripts/flowdocument/Resources/actionHtmls/Assign Inspector.html, type=Other, willNavigate=true, isMainFrame=true
?[32;1m[debug]?[0m [phantom] url changed to "file:///Users/zpeugh/code/min/scripts/flowdocument/Resources/actionHtmls/Assign Inspector.html"
?[32;1m[debug]?[0m [phantom] Successfully injected Casper client-side utilities
?[36m[info]?[0m [phantom] Step anonymous 494/494: done in 23937ms.
?[32;1m[debug]?[0m [phantom] opening url: file:///Users/zpeugh/code/min/scripts/flowdocument/Resources/actionHtmls/Assign Inspector.html, HTTP GET
?[32;1m[debug]?[0m [phantom] Navigation requested: url=file:///Users/zpeugh/code/min/scripts/flowdocument/Resources/actionHtmls/Assign Inspector.html, type=Other, willNavigate=true, isMainFrame=true
?[32;1m[debug]?[0m [phantom] url changed to "file:///Users/zpeugh/code/min/scripts/flowdocument/Resources/actionHtmls/Assign Inspector.html"
?[32;1m[debug]?[0m [phantom] Successfully injected Casper client-side utilities
?[36m[info]?[0m [phantom] Step anonymous 496/496: done in 24014ms.
?[36m[info]?[0m [phantom] Done 496 steps in 24032ms
All actions: [Email Assignee: Set All Station Statuses, Set Sub Planning, Create or Update Assets, Pull Photos From Calc, Email Customer: Complete Forms, Email assignee poles not all approved correctstatuses and advance, Lock Pole Count, Station Action, Email Assignee Not all Poles Denied, Assign JPO Admin, Creat Notification Against Failed Structure IDs, Create E2 for Found Poles, Add ZJPA Sub Order as Reference Code?, Email Customer: Complete Form 48, Email: Inspector to complete pole forms, Email Customer: Project Closed, Pull Forms From Calc, Email Inspector: Ensure Forms are Complete and Calc Uploaded(checklist?), Email Planner/Contractor, Assign Customer: Corrections Required, Update ZJ Notification, Create Calc File, Assign JPO Agent, Email Customer: JPA In Progress, Set Sub, Assign JPA Manager, Create ZJ Notification, First 45 Day Clock, Email: Customer Rework Required, review station statuses, Assign Customer, Accept or Reject Station Statuses, Send the As Is Layer Measurement Point, Assign Planning Groups, Mail JPO to a. Change Records (then approve pole(s)) Or b. notice to fix, In 45 Days, Email Customer About Form 2 Final, Email Customer Cancelled, Send As-Designed to SAP, Email All Cancelled, Email Creator-Deny Stations, Email Customer: Some Work Not Completed, Update FLOC Unauthorized (not completed as approved stations), Push Forms to Calc, Update ZJ Notification Status, Remove Time Markers, Email: Verify all stations have status, Set Station Statuses, Assign NDPM Usergroup, 9 Months to Complete Inspection, 31 Day Reminder (repeating), Email Customer Instructions, 18 Months to Complete Construction, Email Creator: Complete Denied Pole Form, Email Customer Canceled (due to PL), Email Assignee: Complete Forms, Unlock Project, Email All: Project Being Edited, 14 Days to Fix Clock and Auto Advance, Email Customer: Denied Notification, Email Assignee: All Stations Denied, Email Assignee: Set Station Statuses, Email Inspector Corrections Required, Assign Inspector]
Missed actions: null
Forms to capture: 
1: Comments RFA
2: 34-2 Customer
3: Project Edits (copy)
4: Final Inspection Form (copy) #1 (copy)
5: Planning Groups RFA
6: Planning Pole Form RFA
7: Form 48 RFA
script timed out
Logged in as: JPO
Navigating to Flow Form List
Currently at: https://www.spidasoftware.com/projectmanager/formTemplate/list
Stored screenshot of form: 34-2 Customer
Stored screenshot of form: Comments RFA
Stored screenshot of form: Final Inspection Form (copy) #1 (copy)
Stored screenshot of form: Form 48 RFA
Stored screenshot of form: Planning Groups RFA
Stored screenshot of form: Planning Pole Form RFA
Stored screenshot of form: Project Edits (copy)
Forms to generate: 
0: Comments RFA
1: 34-2 Customer
2: Project Edits (copy)
3: Final Inspection Form (copy) #1 (copy)
4: Planning Groups RFA
5: Planning Pole Form RFA
6: Form 48 RFA
?[36m[info]?[0m [phantom] Starting...
?[36m[info]?[0m [phantom] Execution timeout set to 12000ms
?[36m[info]?[0m [phantom] Running suite: 14 steps
?[32;1m[debug]?[0m [phantom] opening url: file:///Users/zpeugh/code/min/scripts/flowdocument/Resources/formHtmls/Comments RFA.html, HTTP GET
?[32;1m[debug]?[0m [phantom] Navigation requested: url=file:///Users/zpeugh/code/min/scripts/flowdocument/Resources/formHtmls/Comments RFA.html, type=Other, willNavigate=true, isMainFrame=true
?[32;1m[debug]?[0m [phantom] url changed to "file:///Users/zpeugh/code/min/scripts/flowdocument/Resources/formHtmls/Comments RFA.html"
?[32;1m[debug]?[0m [phantom] Successfully injected Casper client-side utilities
?[36m[info]?[0m [phantom] Step anonymous 2/14: done in 154ms.
?[36m[info]?[0m [phantom] Step _step 3/17: done in 155ms.
?[36m[info]?[0m [phantom] waitFor() finished in 44ms.
?[32;1m[debug]?[0m [phantom] Capturing page to /Users/zpeugh/code/min/scripts/flowdocument/Resources/formHtmls/formPNGs/Comments RFA.png with clipRect {"top":5,"height":344,"left":0,"width":400}
?[36m[info]?[0m [phantom] Capture saved to /Users/zpeugh/code/min/scripts/flowdocument/Resources/formHtmls/formPNGs/Comments RFA.png
?[36m[info]?[0m [phantom] Step anonymous 4/18: done in 312ms.
?[36m[info]?[0m [phantom] Step anonymous 5/18: done in 314ms.
?[36m[info]?[0m [phantom] Step _step 6/18: done in 335ms.
?[36m[info]?[0m [phantom] waitFor() finished in 44ms.
?[32;1m[debug]?[0m [phantom] opening url: file:///Users/zpeugh/code/min/scripts/flowdocument/Resources/formHtmls/34-2 Customer.html, HTTP GET
?[32;1m[debug]?[0m [phantom] Navigation requested: url=file:///Users/zpeugh/code/min/scripts/flowdocument/Resources/formHtmls/34-2 Customer.html, type=Other, willNavigate=true, isMainFrame=true
?[32;1m[debug]?[0m [phantom] url changed to "file:///Users/zpeugh/code/min/scripts/flowdocument/Resources/formHtmls/34-2 Customer.html"
?[32;1m[debug]?[0m [phantom] Successfully injected Casper client-side utilities
?[36m[info]?[0m [phantom] Step anonymous 8/18: done in 461ms.
?[36m[info]?[0m [phantom] Step _step 9/21: done in 481ms.
?[36m[info]?[0m [phantom] waitFor() finished in 46ms.
?[32;1m[debug]?[0m [phantom] Capturing page to /Users/zpeugh/code/min/scripts/flowdocument/Resources/formHtmls/formPNGs/34-2 Customer.png with clipRect {"top":5,"height":380,"left":0,"width":400}
?[36m[info]?[0m [phantom] Capture saved to /Users/zpeugh/code/min/scripts/flowdocument/Resources/formHtmls/formPNGs/34-2 Customer.png
?[36m[info]?[0m [phantom] Step anonymous 10/22: done in 622ms.
?[36m[info]?[0m [phantom] Step anonymous 11/22: done in 624ms.
?[36m[info]?[0m [phantom] Step _step 12/22: done in 645ms.
?[36m[info]?[0m [phantom] waitFor() finished in 44ms.
?[32;1m[debug]?[0m [phantom] opening url: file:///Users/zpeugh/code/min/scripts/flowdocument/Resources/formHtmls/Project Edits (copy).html, HTTP GET
?[32;1m[debug]?[0m [phantom] Navigation requested: url=file:///Users/zpeugh/code/min/scripts/flowdocument/Resources/formHtmls/Project Edits (copy).html, type=Other, willNavigate=true, isMainFrame=true
?[32;1m[debug]?[0m [phantom] url changed to "file:///Users/zpeugh/code/min/scripts/flowdocument/Resources/formHtmls/Project Edits (copy).html"
?[32;1m[debug]?[0m [phantom] Successfully injected Casper client-side utilities
?[36m[info]?[0m [phantom] Step anonymous 14/22: done in 764ms.
?[36m[info]?[0m [phantom] Step _step 15/25: done in 787ms.
?[36m[info]?[0m [phantom] waitFor() finished in 44ms.
?[32;1m[debug]?[0m [phantom] Capturing page to /Users/zpeugh/code/min/scripts/flowdocument/Resources/formHtmls/formPNGs/Project Edits (copy).png with clipRect {"top":5,"height":344,"left":0,"width":400}
?[36m[info]?[0m [phantom] Capture saved to /Users/zpeugh/code/min/scripts/flowdocument/Resources/formHtmls/formPNGs/Project Edits (copy).png
?[36m[info]?[0m [phantom] Step anonymous 16/26: done in 937ms.
?[36m[info]?[0m [phantom] Step anonymous 17/26: done in 939ms.
?[36m[info]?[0m [phantom] Step _step 18/26: done in 959ms.
?[36m[info]?[0m [phantom] waitFor() finished in 43ms.
?[32;1m[debug]?[0m [phantom] opening url: file:///Users/zpeugh/code/min/scripts/flowdocument/Resources/formHtmls/Final Inspection Form (copy) #1 (copy).html, HTTP GET
?[32;1m[debug]?[0m [phantom] Navigation requested: url=file:///Users/zpeugh/code/min/scripts/flowdocument/Resources/formHtmls/Final Inspection Form (copy) #1 (copy).html, type=Other, willNavigate=true, isMainFrame=true
?[33m[warning]?[0m [phantom] Loading resource failed with status=fail: file:///Users/zpeugh/code/min/scripts/flowdocument/Resources/formHtmls/Final Inspection Form (copy) #1 (copy).html
?[36m[info]?[0m [phantom] Step anonymous 20/26: done in 1051ms.
?[36m[info]?[0m [phantom] Step _step 21/29: done in 1074ms.
?[36m[info]?[0m [phantom] waitFor() finished in 44ms.
?[32;1m[debug]?[0m [phantom] Capturing page to /Users/zpeugh/code/min/scripts/flowdocument/Resources/formHtmls/formPNGs/Final Inspection Form (copy) #1 (copy).png with clipRect {"top":5,"height":344,"left":0,"width":400}
?[36m[info]?[0m [phantom] Capture saved to /Users/zpeugh/code/min/scripts/flowdocument/Resources/formHtmls/formPNGs/Final Inspection Form (copy) #1 (copy).png
?[36m[info]?[0m [phantom] Step anonymous 22/30: done in 1216ms.
?[36m[info]?[0m [phantom] Step anonymous 23/30: done in 1218ms.
?[36m[info]?[0m [phantom] Step _step 24/30: done in 1239ms.
?[33m[warning]?[0m [phantom] Casper.waitFor() timeout
wait timed out
?[32;1m[debug]?[0m [phantom] opening url: file:///Users/zpeugh/code/min/scripts/flowdocument/Resources/formHtmls/Planning Groups RFA.html, HTTP GET
?[32;1m[debug]?[0m [phantom] Navigation requested: url=file:///Users/zpeugh/code/min/scripts/flowdocument/Resources/formHtmls/Planning Groups RFA.html, type=Other, willNavigate=true, isMainFrame=true
?[32;1m[debug]?[0m [phantom] url changed to "file:///Users/zpeugh/code/min/scripts/flowdocument/Resources/formHtmls/Planning Groups RFA.html"
?[32;1m[debug]?[0m [phantom] Successfully injected Casper client-side utilities
?[36m[info]?[0m [phantom] Step anonymous 26/30: done in 6358ms.
?[36m[info]?[0m [phantom] Step _step 27/33: done in 6380ms.
?[36m[info]?[0m [phantom] waitFor() finished in 45ms.
?[32;1m[debug]?[0m [phantom] Capturing page to /Users/zpeugh/code/min/scripts/flowdocument/Resources/formHtmls/formPNGs/Planning Groups RFA.png with clipRect {"top":5,"height":520,"left":0,"width":400}
?[36m[info]?[0m [phantom] Capture saved to /Users/zpeugh/code/min/scripts/flowdocument/Resources/formHtmls/formPNGs/Planning Groups RFA.png
?[36m[info]?[0m [phantom] Step anonymous 28/34: done in 6554ms.
?[36m[info]?[0m [phantom] Step anonymous 29/34: done in 6557ms.
?[36m[info]?[0m [phantom] Step _step 30/34: done in 6578ms.
?[36m[info]?[0m [phantom] waitFor() finished in 44ms.
?[32;1m[debug]?[0m [phantom] opening url: file:///Users/zpeugh/code/min/scripts/flowdocument/Resources/formHtmls/Planning Pole Form RFA.html, HTTP GET
?[32;1m[debug]?[0m [phantom] Navigation requested: url=file:///Users/zpeugh/code/min/scripts/flowdocument/Resources/formHtmls/Planning Pole Form RFA.html, type=Other, willNavigate=true, isMainFrame=true
?[32;1m[debug]?[0m [phantom] url changed to "file:///Users/zpeugh/code/min/scripts/flowdocument/Resources/formHtmls/Planning Pole Form RFA.html"
?[32;1m[debug]?[0m [phantom] Successfully injected Casper client-side utilities
?[36m[info]?[0m [phantom] Step anonymous 32/34: done in 6703ms.
?[36m[info]?[0m [phantom] Step _step 33/37: done in 6719ms.
?[36m[info]?[0m [phantom] waitFor() finished in 44ms.
?[32;1m[debug]?[0m [phantom] Capturing page to /Users/zpeugh/code/min/scripts/flowdocument/Resources/formHtmls/formPNGs/Planning Pole Form RFA.png with clipRect {"top":5,"height":1063,"left":0,"width":400}
?[36m[info]?[0m [phantom] Capture saved to /Users/zpeugh/code/min/scripts/flowdocument/Resources/formHtmls/formPNGs/Planning Pole Form RFA.png
?[36m[info]?[0m [phantom] Step anonymous 34/38: done in 6896ms.
?[36m[info]?[0m [phantom] Step anonymous 35/38: done in 6898ms.
?[36m[info]?[0m [phantom] Step _step 36/38: done in 6919ms.
?[36m[info]?[0m [phantom] waitFor() finished in 47ms.
?[32;1m[debug]?[0m [phantom] opening url: file:///Users/zpeugh/code/min/scripts/flowdocument/Resources/formHtmls/Form 48 RFA.html, HTTP GET
?[32;1m[debug]?[0m [phantom] Navigation requested: url=file:///Users/zpeugh/code/min/scripts/flowdocument/Resources/formHtmls/Form 48 RFA.html, type=Other, willNavigate=true, isMainFrame=true
?[32;1m[debug]?[0m [phantom] url changed to "file:///Users/zpeugh/code/min/scripts/flowdocument/Resources/formHtmls/Form 48 RFA.html"
?[32;1m[debug]?[0m [phantom] Successfully injected Casper client-side utilities
?[36m[info]?[0m [phantom] Step anonymous 38/38: done in 7070ms.
?[36m[info]?[0m [phantom] Step _step 39/41: done in 7094ms.
?[36m[info]?[0m [phantom] waitFor() finished in 42ms.
?[32;1m[debug]?[0m [phantom] Capturing page to /Users/zpeugh/code/min/scripts/flowdocument/Resources/formHtmls/formPNGs/Form 48 RFA.png with clipRect {"top":5,"height":406,"left":0,"width":400}
?[36m[info]?[0m [phantom] Capture saved to /Users/zpeugh/code/min/scripts/flowdocument/Resources/formHtmls/formPNGs/Form 48 RFA.png
?[36m[info]?[0m [phantom] Step anonymous 40/42: done in 7241ms.
?[36m[info]?[0m [phantom] Step anonymous 41/42: done in 7243ms.
?[36m[info]?[0m [phantom] Step _step 42/42: done in 7262ms.
?[36m[info]?[0m [phantom] waitFor() finished in 46ms.
?[36m[info]?[0m [phantom] Done 42 steps in 7333ms
All forms: [Comments RFA, 34-2 Customer, Project Edits (copy), Final Inspection Form (copy) #1 (copy), Planning Groups RFA, Planning Pole Form RFA, Form 48 RFA]
Missed Forms: null
company name: JPO
flow Name: RFA (10)
2: Email Assignee: Set All Station Statuses
3: Set Sub Planning
4: Pull Photos From Calc
5: Email Customer: Complete Forms
6: Email assignee poles not all approved correctstatuses and advance
7: Update Rental Application Status
8: Lock Pole Count
9: Station Action
10: Email Assignee Not all Poles Denied
11: Assign JPO Admin
12: Creat Notification Against Failed Structure IDs
13: Create E2 for Found Poles
14: Email Customer: Complete Form 48
15: Email: Inspector to complete pole forms
16: Email Customer: Project Closed
17: Pull Forms From Calc
18: Email Inspector: Ensure Forms are Complete and Calc Uploaded(checklist?)
19: Email Planner/Contractor
20: Assign Customer: Corrections Required
21: Update ZJ Notification
22: Create Calc File
23: Assign JPO Agent
24: Email Customer: JPA In Progress
25: Set Sub
26: Assign JPA Manager
27: First 45 Day Clock
28: Email: Customer Rework Required, review station statuses
29: Assign Customer
30: Accept or Reject Station Statuses
31: Send the As Is Layer Measurement Point
32: Assign Planning Groups
33: Mail JPO to a. Change Records (then approve pole(s)) Or b. notice to fix
34: In 45 Days, Email Customer About Form 2 Final
35: Email Customer Cancelled
36: Email All Cancelled
37: Send As-Designed to SAP
38: Email Creator-Deny Stations
39: Email Customer: Some Work Not Completed
40: Update FLOC Unauthorized (not completed as approved stations)
41: Push Forms to Calc
42: Update ZJ Notification Status
43: Create Rental Application in Pending Status SAP
44: Remove Time Markers
45: Email: Verify all stations have status
46: Set Station Statuses
47: Assign NDPM Usergroup
48: 9 Months to Complete Inspection
49: 31 Day Reminder (repeating)
50: Email Customer Instructions
51: 18 Months to Complete Construction
52: Email Creator: Complete Denied Pole Form
53: Email Customer Canceled (due to PL)
54: Email Assignee: Complete Forms
55: Unlock Project
56: Email All: Project Being Edited
57: 14 Days to Fix Clock and Auto Advance
58: Email Customer: Denied Notification
59: Email Assignee: All Stations Denied
60: Email Assignee: Set Station Statuses
61: Email Inspector Corrections Required
62: Assign Inspector
Logged in successfully
script timed out
Logged in as: JPO
Navigating to Flow List
Currently at: https://www.spidasoftware.com/projectmanager/flow/list
Currently at: https://www.spidasoftware.com/projectmanager/flow/edit/89271
Capturing action: Update ZJ Notification Status...
88918
Capturing action: Push Forms to Calc...
88919
Capturing action: Remove Time Markers...
88927
Capturing action: Set Station Statuses...
88932
Capturing action: Email: Verify all stations have status...
88933
Capturing action: Assign NDPM Usergroup...
88934
Capturing action: 31 Day Reminder (repeating)...
88936
Capturing action: 9 Months to Complete Inspection...
88937
Capturing action: Email Assignee: Complete Forms...
89070
Capturing action: Assign Customer...
88902
Capturing action: Assign Customer: Corrections Required...
88886
Capturing action: Create Calc File...
88888
Capturing action: Update ZJ Notification...
88889
Capturing action: Email Customer: JPA In Progress...
88890
Capturing action: Assign JPO Agent...
88891
Capturing action: Set Sub...
88892
Capturing action: Email: Customer Rework Required, review station statuses...
88901
Capturing action: Send the As Is Layer Measurement Point...
88904
Capturing action: Accept or Reject Station Statuses...
88905
Capturing action: Assign Planning Groups...
88907
Capturing action: Email All Cancelled...
88910
Capturing action: Email Customer Cancelled...
88911
Capturing action: Email Creator-Deny Stations...
88913
Capturing action: Email Customer: Some Work Not Completed...
88915
Capturing action: Update FLOC Unauthorized (not completed as approved stations)...
88917
Capturing action: 18 Months to Complete Construction...
88938
Capturing action: Email Customer Instructions...
88939
Capturing action: Email Creator: Complete Denied Pole Form...
88941
Capturing action: Email Customer Canceled (due to PL)...
88943
Capturing action: 14 Days to Fix Clock and Auto Advance...
88946
Capturing action: Email Customer: Denied Notification...
88951
Capturing action: Email Assignee: All Stations Denied...
88953
Capturing action: Assign Inspector...
88956
Capturing action: Email Inspector Corrections Required...
88957
Capturing action: Email Assignee: Set All Station Statuses...
88961
Capturing action: Set Sub Planning...
88963
Capturing action: Pull Photos From Calc...
88964
Capturing action: Email Customer: Complete Forms...
88967
Capturing action: Email assignee poles not all approved correctstatuses and advance...
88970
Capturing action: Station Action...
88972
Capturing action: Lock Pole Count...
88973
Capturing action: Email Assignee Not all Poles Denied...
88975
Capturing action: Assign JPO Admin...
88978
Capturing action: Create E2 for Found Poles...
88980
Capturing action: Creat Notification Against Failed Structure IDs...
88981
Capturing action: Email Customer: Complete Form 48...
88985
Capturing action: Email: Inspector to complete pole forms...
88989
Capturing action: Email Customer: Project Closed...
88994
Capturing action: Email Inspector: Ensure Forms are Complete and Calc Uploaded(checklist?)...
89000
Capturing action: Pull Forms From Calc...
89001
Capturing action: Email Planner/Contractor...
89003
Capturing action: Assign JPA Manager...
89025
Capturing action: First 45 Day Clock...
89026
Capturing action: Mail JPO to a. Change Records (then approve pole(s)) Or b. notice to fix...
89035
Capturing action: In 45 Days, Email Customer About Form 2 Final...
89037
Capturing action: Send As-Designed to SAP...
89038
Capturing action: Email All: Project Being Edited...
89072
Capturing action: Unlock Project...
89073
Capturing action: Email Assignee: Set Station Statuses...
89080
Capturing action: Update Rental Application Status...
89101
Capturing action: Create Rental Application in Pending Status SAP...
89179
Captured action: Update ZJ Notification Status
Captured action: Push Forms to Calc
Captured action: Remove Time Markers
Captured action: Set Station Statuses
Captured action: Email: Verify all stations have status
Captured action: Assign NDPM Usergroup
Captured action: 31 Day Reminder (repeating)
Captured action: 9 Months to Complete Inspection
Captured action: Email Assignee: Complete Forms
Captured action: Assign Customer
Captured action: Assign Customer: Corrections Required
Captured action: Create Calc File
Captured action: Update ZJ Notification
Captured action: Email Customer: JPA In Progress
Captured action: Assign JPO Agent
Captured action: Set Sub
Captured action: Email: Customer Rework Required, review station statuses
Captured action: Send the As Is Layer Measurement Point
Captured action: Accept or Reject Station Statuses
Captured action: Assign Planning Groups
Captured action: Email All Cancelled
Captured action: Email Customer Cancelled
Captured action: Email Creator-Deny Stations
Captured action: Email Customer: Some Work Not Completed
Captured action: Update FLOC Unauthorized (not completed as approved stations)
Captured action: 18 Months to Complete Construction
Captured action: Email Customer Instructions
Captured action: Email Creator: Complete Denied Pole Form
Captured action: Email Customer Canceled (due to PL)
Captured action: 14 Days to Fix Clock and Auto Advance
Captured action: Email Customer: Denied Notification
Captured action: Email Assignee: All Stations Denied
Captured action: Assign Inspector
Captured action: Email Inspector Corrections Required
Captured action: Email Assignee: Set All Station Statuses
Captured action: Set Sub Planning
Captured action: Pull Photos From Calc
Captured action: Email Customer: Complete Forms
Captured action: Email assignee poles not all approved correctstatuses and advance
Captured action: Station Action
Captured action: Lock Pole Count
Captured action: Email Assignee Not all Poles Denied
Captured action: Assign JPO Admin
Captured action: Create E2 for Found Poles
Captured action: Creat Notification Against Failed Structure IDs
Captured action: Email Customer: Complete Form 48
Captured action: Email: Inspector to complete pole forms
Captured action: Email Customer: Project Closed
Captured action: Email Inspector: Ensure Forms are Complete and Calc Uploaded(checklist?)
Captured action: Pull Forms From Calc
Captured action: Email Planner/Contractor
Captured action: Assign JPA Manager
Captured action: First 45 Day Clock
Captured action: Mail JPO to a. Change Records (then approve pole(s)) Or b. notice to fix
Captured action: In 45 Days, Email Customer About Form 2 Final
Captured action: Send As-Designed to SAP
Captured action: Email All: Project Being Edited
Captured action: Unlock Project
Captured action: Email Assignee: Set Station Statuses
Captured action: Update Rental Application Status
Captured action: Create Rental Application in Pending Status SAP
args: Email~Assignee:~Set~All~Station~Statuses Set~Sub~Planning Pull~Photos~From~Calc Email~Customer:~Complete~Forms Email~assignee~poles~not~all~approved~correctstatuses~and~advance Update~Rental~Application~Status Lock~Pole~Count Station~Action Email~Assignee~Not~all~Poles~Denied Assign~JPO~Admin Creat~Notification~Against~Failed~Structure~IDs Create~E2~for~Found~Poles Email~Customer:~Complete~Form~48 Email:~Inspector~to~complete~pole~forms Email~Customer:~Project~Closed Pull~Forms~From~Calc Email~Inspector:~Ensure~Forms~are~Complete~and~Calc~Uploaded(checklist?) Email~Planner/Contractor Assign~Customer:~Corrections~Required Update~ZJ~Notification Create~Calc~File Assign~JPO~Agent Email~Customer:~JPA~In~Progress Set~Sub Assign~JPA~Manager First~45~Day~Clock Email:~Customer~Rework~Required,~review~station~statuses Assign~Customer Accept~or~Reject~Station~Statuses Send~the~As~Is~Layer~Measurement~Point Assign~Planning~Groups Mail~JPO~to~a.~Change~Records~(then~approve~pole(s))~Or~b.~notice~to~fix In~45~Days,~Email~Customer~About~Form~2~Final Email~Customer~Cancelled Email~All~Cancelled Send~As-Designed~to~SAP Email~Creator-Deny~Stations Email~Customer:~Some~Work~Not~Completed Update~FLOC~Unauthorized~(not~completed~as~approved~stations) Push~Forms~to~Calc Update~ZJ~Notification~Status Create~Rental~Application~in~Pending~Status~SAP Remove~Time~Markers Email:~Verify~all~stations~have~status Set~Station~Statuses Assign~NDPM~Usergroup 9~Months~to~Complete~Inspection 31~Day~Reminder~(repeating) Email~Customer~Instructions 18~Months~to~Complete~Construction Email~Creator:~Complete~Denied~Pole~Form Email~Customer~Canceled~(due~to~PL) Email~Assignee:~Complete~Forms Unlock~Project Email~All:~Project~Being~Edited 14~Days~to~Fix~Clock~and~Auto~Advance Email~Customer:~Denied~Notification Email~Assignee:~All~Stations~Denied Email~Assignee:~Set~Station~Statuses Email~Inspector~Corrections~Required Assign~Inspector
Actions to capture: 
0: Email Assignee: Set All Station Statuses
1: Set Sub Planning
2: Pull Photos From Calc
3: Email Customer: Complete Forms
4: Email assignee poles not all approved correctstatuses and advance
5: Update Rental Application Status
6: Lock Pole Count
7: Station Action
8: Email Assignee Not all Poles Denied
9: Assign JPO Admin
10: Creat Notification Against Failed Structure IDs
11: Create E2 for Found Poles
12: Email Customer: Complete Form 48
13: Email: Inspector to complete pole forms
14: Email Customer: Project Closed
15: Pull Forms From Calc
16: Email Inspector: Ensure Forms are Complete and Calc Uploaded(checklist?)
17: Email Planner/Contractor
18: Assign Customer: Corrections Required
19: Update ZJ Notification
20: Create Calc File
21: Assign JPO Agent
22: Email Customer: JPA In Progress
23: Set Sub
24: Assign JPA Manager
25: First 45 Day Clock
26: Email: Customer Rework Required, review station statuses
27: Assign Customer
28: Accept or Reject Station Statuses
29: Send the As Is Layer Measurement Point
30: Assign Planning Groups
31: Mail JPO to a. Change Records (then approve pole(s)) Or b. notice to fix
32: In 45 Days, Email Customer About Form 2 Final
33: Email Customer Cancelled
34: Email All Cancelled
35: Send As-Designed to SAP
36: Email Creator-Deny Stations
37: Email Customer: Some Work Not Completed
38: Update FLOC Unauthorized (not completed as approved stations)
39: Push Forms to Calc
40: Update ZJ Notification Status
41: Create Rental Application in Pending Status SAP
42: Remove Time Markers
43: Email: Verify all stations have status
44: Set Station Statuses
45: Assign NDPM Usergroup
46: 9 Months to Complete Inspection
47: 31 Day Reminder (repeating)
48: Email Customer Instructions
49: 18 Months to Complete Construction
50: Email Creator: Complete Denied Pole Form
51: Email Customer Canceled (due to PL)
52: Email Assignee: Complete Forms
53: Unlock Project
54: Email All: Project Being Edited
55: 14 Days to Fix Clock and Auto Advance
56: Email Customer: Denied Notification
57: Email Assignee: All Stations Denied
58: Email Assignee: Set Station Statuses
59: Email Inspector Corrections Required
60: Assign Inspector
?[36m[info]?[0m [phantom] Starting...
?[36m[info]?[0m [phantom] Execution timeout set to 8000ms
?[36m[info]?[0m [phantom] Running suite: 244 steps
?[32;1m[debug]?[0m [phantom] opening url: file:///Users/zpeugh/code/min/scripts/flowdocument/Resources/actionHtmls/Email Assignee: Set All Station Statuses.html, HTTP GET
?[32;1m[debug]?[0m [phantom] Navigation requested: url=file:///Users/zpeugh/code/min/scripts/flowdocument/Resources/actionHtmls/Email Assignee: Set All Station Statuses.html, type=Other, willNavigate=true, isMainFrame=true
?[32;1m[debug]?[0m [phantom] url changed to "file:///Users/zpeugh/code/min/scripts/flowdocument/Resources/actionHtmls/Email Assignee: Set All Station Statuses.html"
?[32;1m[debug]?[0m [phantom] Successfully injected Casper client-side utilities
?[36m[info]?[0m [phantom] Step anonymous 2/244: done in 1686ms.
?[36m[info]?[0m [phantom] Step _step 3/245: done in 1706ms.
?[36m[info]?[0m [phantom] waitFor() finished in 48ms.
?[32;1m[debug]?[0m [phantom] Capturing page to /Users/zpeugh/code/min/scripts/flowdocument/Resources/actionHtmls/actionPNGs/Email Assignee: Set All Station Statuses.png with clipRect {"top":15,"height":406,"left":62,"width":501}
?[36m[info]?[0m [phantom] Capture saved to /Users/zpeugh/code/min/scripts/flowdocument/Resources/actionHtmls/actionPNGs/Email Assignee: Set All Station Statuses.png
?[36m[info]?[0m [phantom] Step anonymous 4/246: done in 1863ms.
?[32;1m[debug]?[0m [phantom] opening url: file:///Users/zpeugh/code/min/scripts/flowdocument/Resources/actionHtmls/Set Sub Planning.html, HTTP GET
?[32;1m[debug]?[0m [phantom] Navigation requested: url=file:///Users/zpeugh/code/min/scripts/flowdocument/Resources/actionHtmls/Set Sub Planning.html, type=Other, willNavigate=true, isMainFrame=true
?[32;1m[debug]?[0m [phantom] url changed to "file:///Users/zpeugh/code/min/scripts/flowdocument/Resources/actionHtmls/Set Sub Planning.html"
?[32;1m[debug]?[0m [phantom] Successfully injected Casper client-side utilities
?[36m[info]?[0m [phantom] Step anonymous 6/246: done in 1942ms.
?[36m[info]?[0m [phantom] Step _step 7/247: done in 1964ms.
?[36m[info]?[0m [phantom] waitFor() finished in 49ms.
?[32;1m[debug]?[0m [phantom] Capturing page to /Users/zpeugh/code/min/scripts/flowdocument/Resources/actionHtmls/actionPNGs/Set Sub Planning.png with clipRect {"top":15,"height":319,"left":62,"width":501}
?[36m[info]?[0m [phantom] Capture saved to /Users/zpeugh/code/min/scripts/flowdocument/Resources/actionHtmls/actionPNGs/Set Sub Planning.png
?[36m[info]?[0m [phantom] Step anonymous 8/248: done in 2111ms.
?[32;1m[debug]?[0m [phantom] opening url: file:///Users/zpeugh/code/min/scripts/flowdocument/Resources/actionHtmls/Pull Photos From Calc.html, HTTP GET
?[32;1m[debug]?[0m [phantom] Navigation requested: url=file:///Users/zpeugh/code/min/scripts/flowdocument/Resources/actionHtmls/Pull Photos From Calc.html, type=Other, willNavigate=true, isMainFrame=true
?[32;1m[debug]?[0m [phantom] url changed to "file:///Users/zpeugh/code/min/scripts/flowdocument/Resources/actionHtmls/Pull Photos From Calc.html"
?[32;1m[debug]?[0m [phantom] Successfully injected Casper client-side utilities
?[36m[info]?[0m [phantom] Step anonymous 10/248: done in 2182ms.
?[36m[info]?[0m [phantom] Step _step 11/249: done in 2202ms.
?[36m[info]?[0m [phantom] waitFor() finished in 44ms.
?[32;1m[debug]?[0m [phantom] Capturing page to /Users/zpeugh/code/min/scripts/flowdocument/Resources/actionHtmls/actionPNGs/Pull Photos From Calc.png with clipRect {"top":15,"height":171,"left":62,"width":501}
?[36m[info]?[0m [phantom] Capture saved to /Users/zpeugh/code/min/scripts/flowdocument/Resources/actionHtmls/actionPNGs/Pull Photos From Calc.png
?[36m[info]?[0m [phantom] Step anonymous 12/250: done in 2324ms.
?[32;1m[debug]?[0m [phantom] opening url: file:///Users/zpeugh/code/min/scripts/flowdocument/Resources/actionHtmls/Email Customer: Complete Forms.html, HTTP GET
?[32;1m[debug]?[0m [phantom] Navigation requested: url=file:///Users/zpeugh/code/min/scripts/flowdocument/Resources/actionHtmls/Email Customer: Complete Forms.html, type=Other, willNavigate=true, isMainFrame=true
?[32;1m[debug]?[0m [phantom] url changed to "file:///Users/zpeugh/code/min/scripts/flowdocument/Resources/actionHtmls/Email Customer: Complete Forms.html"
?[32;1m[debug]?[0m [phantom] Successfully injected Casper client-side utilities
?[36m[info]?[0m [phantom] Step anonymous 14/250: done in 2398ms.
?[36m[info]?[0m [phantom] Step _step 15/251: done in 2422ms.
?[36m[info]?[0m [phantom] waitFor() finished in 46ms.
?[32;1m[debug]?[0m [phantom] Capturing page to /Users/zpeugh/code/min/scripts/flowdocument/Resources/actionHtmls/actionPNGs/Email Customer: Complete Forms.png with clipRect {"top":15,"height":406,"left":62,"width":501}
?[36m[info]?[0m [phantom] Capture saved to /Users/zpeugh/code/min/scripts/flowdocument/Resources/actionHtmls/actionPNGs/Email Customer: Complete Forms.png
?[36m[info]?[0m [phantom] Step anonymous 16/252: done in 2559ms.
?[32;1m[debug]?[0m [phantom] opening url: file:///Users/zpeugh/code/min/scripts/flowdocument/Resources/actionHtmls/Email assignee poles not all approved correctstatuses and advance.html, HTTP GET
?[32;1m[debug]?[0m [phantom] Navigation requested: url=file:///Users/zpeugh/code/min/scripts/flowdocument/Resources/actionHtmls/Email assignee poles not all approved correctstatuses and advance.html, type=Other, willNavigate=true, isMainFrame=true
?[32;1m[debug]?[0m [phantom] url changed to "file:///Users/zpeugh/code/min/scripts/flowdocument/Resources/actionHtmls/Email assignee poles not all approved correctstatuses and advance.html"
?[32;1m[debug]?[0m [phantom] Successfully injected Casper client-side utilities
?[36m[info]?[0m [phantom] Step anonymous 18/252: done in 2639ms.
?[36m[info]?[0m [phantom] Step _step 19/253: done in 2660ms.
?[36m[info]?[0m [phantom] waitFor() finished in 43ms.
?[32;1m[debug]?[0m [phantom] Capturing page to /Users/zpeugh/code/min/scripts/flowdocument/Resources/actionHtmls/actionPNGs/Email assignee poles not all approved correctstatuses and advance.png with clipRect {"top":15,"height":467,"left":62,"width":501}
?[36m[info]?[0m [phantom] Capture saved to /Users/zpeugh/code/min/scripts/flowdocument/Resources/actionHtmls/actionPNGs/Email assignee poles not all approved correctstatuses and advance.png
?[36m[info]?[0m [phantom] Step anonymous 20/254: done in 2797ms.
?[32;1m[debug]?[0m [phantom] opening url: file:///Users/zpeugh/code/min/scripts/flowdocument/Resources/actionHtmls/Update Rental Application Status.html, HTTP GET
?[32;1m[debug]?[0m [phantom] Navigation requested: url=file:///Users/zpeugh/code/min/scripts/flowdocument/Resources/actionHtmls/Update Rental Application Status.html, type=Other, willNavigate=true, isMainFrame=true
?[32;1m[debug]?[0m [phantom] url changed to "file:///Users/zpeugh/code/min/scripts/flowdocument/Resources/actionHtmls/Update Rental Application Status.html"
?[32;1m[debug]?[0m [phantom] Successfully injected Casper client-side utilities
?[36m[info]?[0m [phantom] Step anonymous 22/254: done in 2849ms.
?[36m[info]?[0m [phantom] Step _step 23/255: done in 2870ms.
?[36m[info]?[0m [phantom] waitFor() finished in 45ms.
?[32;1m[debug]?[0m [phantom] Capturing page to /Users/zpeugh/code/min/scripts/flowdocument/Resources/actionHtmls/actionPNGs/Update Rental Application Status.png with clipRect {"top":15,"height":467,"left":62,"width":501}
?[36m[info]?[0m [phantom] Capture saved to /Users/zpeugh/code/min/scripts/flowdocument/Resources/actionHtmls/actionPNGs/Update Rental Application Status.png
?[36m[info]?[0m [phantom] Step anonymous 24/256: done in 3005ms.
?[32;1m[debug]?[0m [phantom] opening url: file:///Users/zpeugh/code/min/scripts/flowdocument/Resources/actionHtmls/Lock Pole Count.html, HTTP GET
?[32;1m[debug]?[0m [phantom] Navigation requested: url=file:///Users/zpeugh/code/min/scripts/flowdocument/Resources/actionHtmls/Lock Pole Count.html, type=Other, willNavigate=true, isMainFrame=true
?[32;1m[debug]?[0m [phantom] url changed to "file:///Users/zpeugh/code/min/scripts/flowdocument/Resources/actionHtmls/Lock Pole Count.html"
?[32;1m[debug]?[0m [phantom] Successfully injected Casper client-side utilities
?[36m[info]?[0m [phantom] Step anonymous 26/256: done in 3079ms.
?[36m[info]?[0m [phantom] Step _step 27/257: done in 3098ms.
?[36m[info]?[0m [phantom] waitFor() finished in 43ms.
?[32;1m[debug]?[0m [phantom] Capturing page to /Users/zpeugh/code/min/scripts/flowdocument/Resources/actionHtmls/actionPNGs/Lock Pole Count.png with clipRect {"top":15,"height":245,"left":62,"width":501}
?[36m[info]?[0m [phantom] Capture saved to /Users/zpeugh/code/min/scripts/flowdocument/Resources/actionHtmls/actionPNGs/Lock Pole Count.png
?[36m[info]?[0m [phantom] Step anonymous 28/258: done in 3241ms.
?[32;1m[debug]?[0m [phantom] opening url: file:///Users/zpeugh/code/min/scripts/flowdocument/Resources/actionHtmls/Station Action.html, HTTP GET
?[32;1m[debug]?[0m [phantom] Navigation requested: url=file:///Users/zpeugh/code/min/scripts/flowdocument/Resources/actionHtmls/Station Action.html, type=Other, willNavigate=true, isMainFrame=true
?[32;1m[debug]?[0m [phantom] url changed to "file:///Users/zpeugh/code/min/scripts/flowdocument/Resources/actionHtmls/Station Action.html"
?[32;1m[debug]?[0m [phantom] Successfully injected Casper client-side utilities
?[36m[info]?[0m [phantom] Step anonymous 30/258: done in 3323ms.
?[36m[info]?[0m [phantom] Step _step 31/259: done in 3346ms.
?[36m[info]?[0m [phantom] waitFor() finished in 43ms.
?[32;1m[debug]?[0m [phantom] Capturing page to /Users/zpeugh/code/min/scripts/flowdocument/Resources/actionHtmls/actionPNGs/Station Action.png with clipRect {"top":15,"height":319,"left":62,"width":501}
?[36m[info]?[0m [phantom] Capture saved to /Users/zpeugh/code/min/scripts/flowdocument/Resources/actionHtmls/actionPNGs/Station Action.png
?[36m[info]?[0m [phantom] Step anonymous 32/260: done in 3477ms.
?[32;1m[debug]?[0m [phantom] opening url: file:///Users/zpeugh/code/min/scripts/flowdocument/Resources/actionHtmls/Email Assignee Not all Poles Denied.html, HTTP GET
?[32;1m[debug]?[0m [phantom] Navigation requested: url=file:///Users/zpeugh/code/min/scripts/flowdocument/Resources/actionHtmls/Email Assignee Not all Poles Denied.html, type=Other, willNavigate=true, isMainFrame=true
?[32;1m[debug]?[0m [phantom] url changed to "file:///Users/zpeugh/code/min/scripts/flowdocument/Resources/actionHtmls/Email Assignee Not all Poles Denied.html"
?[32;1m[debug]?[0m [phantom] Successfully injected Casper client-side utilities
?[36m[info]?[0m [phantom] Step anonymous 34/260: done in 3557ms.
?[36m[info]?[0m [phantom] Step _step 35/261: done in 3576ms.
?[36m[info]?[0m [phantom] waitFor() finished in 44ms.
?[32;1m[debug]?[0m [phantom] Capturing page to /Users/zpeugh/code/min/scripts/flowdocument/Resources/actionHtmls/actionPNGs/Email Assignee Not all Poles Denied.png with clipRect {"top":15,"height":406,"left":62,"width":501}
?[36m[info]?[0m [phantom] Capture saved to /Users/zpeugh/code/min/scripts/flowdocument/Resources/actionHtmls/actionPNGs/Email Assignee Not all Poles Denied.png
?[36m[info]?[0m [phantom] Step anonymous 36/262: done in 3713ms.
?[32;1m[debug]?[0m [phantom] opening url: file:///Users/zpeugh/code/min/scripts/flowdocument/Resources/actionHtmls/Assign JPO Admin.html, HTTP GET
?[32;1m[debug]?[0m [phantom] Navigation requested: url=file:///Users/zpeugh/code/min/scripts/flowdocument/Resources/actionHtmls/Assign JPO Admin.html, type=Other, willNavigate=true, isMainFrame=true
?[32;1m[debug]?[0m [phantom] url changed to "file:///Users/zpeugh/code/min/scripts/flowdocument/Resources/actionHtmls/Assign JPO Admin.html"
?[32;1m[debug]?[0m [phantom] Successfully injected Casper client-side utilities
?[36m[info]?[0m [phantom] Step anonymous 38/262: done in 3787ms.
?[36m[info]?[0m [phantom] Step _step 39/263: done in 3806ms.
?[36m[info]?[0m [phantom] waitFor() finished in 42ms.
?[32;1m[debug]?[0m [phantom] Capturing page to /Users/zpeugh/code/min/scripts/flowdocument/Resources/actionHtmls/actionPNGs/Assign JPO Admin.png with clipRect {"top":15,"height":467,"left":62,"width":501}
?[36m[info]?[0m [phantom] Capture saved to /Users/zpeugh/code/min/scripts/flowdocument/Resources/actionHtmls/actionPNGs/Assign JPO Admin.png
?[36m[info]?[0m [phantom] Step anonymous 40/264: done in 3938ms.
?[32;1m[debug]?[0m [phantom] opening url: file:///Users/zpeugh/code/min/scripts/flowdocument/Resources/actionHtmls/Creat Notification Against Failed Structure IDs.html, HTTP GET
?[32;1m[debug]?[0m [phantom] Navigation requested: url=file:///Users/zpeugh/code/min/scripts/flowdocument/Resources/actionHtmls/Creat Notification Against Failed Structure IDs.html, type=Other, willNavigate=true, isMainFrame=true
?[32;1m[debug]?[0m [phantom] url changed to "file:///Users/zpeugh/code/min/scripts/flowdocument/Resources/actionHtmls/Creat Notification Against Failed Structure IDs.html"
?[32;1m[debug]?[0m [phantom] Successfully injected Casper client-side utilities
?[36m[info]?[0m [phantom] Step anonymous 42/264: done in 4001ms.
?[36m[info]?[0m [phantom] Step _step 43/265: done in 4024ms.
?[36m[info]?[0m [phantom] waitFor() finished in 46ms.
?[32;1m[debug]?[0m [phantom] Capturing page to /Users/zpeugh/code/min/scripts/flowdocument/Resources/actionHtmls/actionPNGs/Creat Notification Against Failed Structure IDs.png with clipRect {"top":15,"height":467,"left":62,"width":501}
?[36m[info]?[0m [phantom] Capture saved to /Users/zpeugh/code/min/scripts/flowdocument/Resources/actionHtmls/actionPNGs/Creat Notification Against Failed Structure IDs.png
?[36m[info]?[0m [phantom] Step anonymous 44/266: done in 4180ms.
?[32;1m[debug]?[0m [phantom] opening url: file:///Users/zpeugh/code/min/scripts/flowdocument/Resources/actionHtmls/Create E2 for Found Poles.html, HTTP GET
?[32;1m[debug]?[0m [phantom] Navigation requested: url=file:///Users/zpeugh/code/min/scripts/flowdocument/Resources/actionHtmls/Create E2 for Found Poles.html, type=Other, willNavigate=true, isMainFrame=true
?[32;1m[debug]?[0m [phantom] url changed to "file:///Users/zpeugh/code/min/scripts/flowdocument/Resources/actionHtmls/Create E2 for Found Poles.html"
?[32;1m[debug]?[0m [phantom] Successfully injected Casper client-side utilities
?[36m[info]?[0m [phantom] Step anonymous 46/266: done in 4240ms.
?[36m[info]?[0m [phantom] Step _step 47/267: done in 4260ms.
?[36m[info]?[0m [phantom] waitFor() finished in 48ms.
?[32;1m[debug]?[0m [phantom] Capturing page to /Users/zpeugh/code/min/scripts/flowdocument/Resources/actionHtmls/actionPNGs/Create E2 for Found Poles.png with clipRect {"top":15,"height":467,"left":62,"width":501}
?[36m[info]?[0m [phantom] Capture saved to /Users/zpeugh/code/min/scripts/flowdocument/Resources/actionHtmls/actionPNGs/Create E2 for Found Poles.png
?[36m[info]?[0m [phantom] Step anonymous 48/268: done in 4401ms.
?[32;1m[debug]?[0m [phantom] opening url: file:///Users/zpeugh/code/min/scripts/flowdocument/Resources/actionHtmls/Email Customer: Complete Form 48.html, HTTP GET
?[32;1m[debug]?[0m [phantom] Navigation requested: url=file:///Users/zpeugh/code/min/scripts/flowdocument/Resources/actionHtmls/Email Customer: Complete Form 48.html, type=Other, willNavigate=true, isMainFrame=true
?[32;1m[debug]?[0m [phantom] url changed to "file:///Users/zpeugh/code/min/scripts/flowdocument/Resources/actionHtmls/Email Customer: Complete Form 48.html"
?[32;1m[debug]?[0m [phantom] Successfully injected Casper client-side utilities
?[36m[info]?[0m [phantom] Step anonymous 50/268: done in 4473ms.
?[36m[info]?[0m [phantom] Step _step 51/269: done in 4497ms.
?[36m[info]?[0m [phantom] waitFor() finished in 45ms.
?[32;1m[debug]?[0m [phantom] Capturing page to /Users/zpeugh/code/min/scripts/flowdocument/Resources/actionHtmls/actionPNGs/Email Customer: Complete Form 48.png with clipRect {"top":15,"height":467,"left":62,"width":501}
?[36m[info]?[0m [phantom] Capture saved to /Users/zpeugh/code/min/scripts/flowdocument/Resources/actionHtmls/actionPNGs/Email Customer: Complete Form 48.png
?[36m[info]?[0m [phantom] Step anonymous 52/270: done in 4639ms.
?[32;1m[debug]?[0m [phantom] opening url: file:///Users/zpeugh/code/min/scripts/flowdocument/Resources/actionHtmls/Email: Inspector to complete pole forms.html, HTTP GET
?[32;1m[debug]?[0m [phantom] Navigation requested: url=file:///Users/zpeugh/code/min/scripts/flowdocument/Resources/actionHtmls/Email: Inspector to complete pole forms.html, type=Other, willNavigate=true, isMainFrame=true
?[32;1m[debug]?[0m [phantom] url changed to "file:///Users/zpeugh/code/min/scripts/flowdocument/Resources/actionHtmls/Email: Inspector to complete pole forms.html"
?[32;1m[debug]?[0m [phantom] Successfully injected Casper client-side utilities
?[36m[info]?[0m [phantom] Step anonymous 54/270: done in 4721ms.
?[36m[info]?[0m [phantom] Step _step 55/271: done in 4744ms.
?[36m[info]?[0m [phantom] waitFor() finished in 45ms.
?[32;1m[debug]?[0m [phantom] Capturing page to /Users/zpeugh/code/min/scripts/flowdocument/Resources/actionHtmls/actionPNGs/Email: Inspector to complete pole forms.png with clipRect {"top":15,"height":467,"left":62,"width":501}
?[36m[info]?[0m [phantom] Capture saved to /Users/zpeugh/code/min/scripts/flowdocument/Resources/actionHtmls/actionPNGs/Email: Inspector to complete pole forms.png
?[36m[info]?[0m [phantom] Step anonymous 56/272: done in 4900ms.
?[32;1m[debug]?[0m [phantom] opening url: file:///Users/zpeugh/code/min/scripts/flowdocument/Resources/actionHtmls/Email Customer: Project Closed.html, HTTP GET
?[32;1m[debug]?[0m [phantom] Navigation requested: url=file:///Users/zpeugh/code/min/scripts/flowdocument/Resources/actionHtmls/Email Customer: Project Closed.html, type=Other, willNavigate=true, isMainFrame=true
?[32;1m[debug]?[0m [phantom] url changed to "file:///Users/zpeugh/code/min/scripts/flowdocument/Resources/actionHtmls/Email Customer: Project Closed.html"
?[32;1m[debug]?[0m [phantom] Successfully injected Casper client-side utilities
?[36m[info]?[0m [phantom] Step anonymous 58/272: done in 4983ms.
?[36m[info]?[0m [phantom] Step _step 59/273: done in 5006ms.
?[36m[info]?[0m [phantom] waitFor() finished in 44ms.
?[32;1m[debug]?[0m [phantom] Capturing page to /Users/zpeugh/code/min/scripts/flowdocument/Resources/actionHtmls/actionPNGs/Email Customer: Project Closed.png with clipRect {"top":15,"height":467,"left":62,"width":501}
?[36m[info]?[0m [phantom] Capture saved to /Users/zpeugh/code/min/scripts/flowdocument/Resources/actionHtmls/actionPNGs/Email Customer: Project Closed.png
?[36m[info]?[0m [phantom] Step anonymous 60/274: done in 5146ms.
?[32;1m[debug]?[0m [phantom] opening url: file:///Users/zpeugh/code/min/scripts/flowdocument/Resources/actionHtmls/Pull Forms From Calc.html, HTTP GET
?[32;1m[debug]?[0m [phantom] Navigation requested: url=file:///Users/zpeugh/code/min/scripts/flowdocument/Resources/actionHtmls/Pull Forms From Calc.html, type=Other, willNavigate=true, isMainFrame=true
?[32;1m[debug]?[0m [phantom] url changed to "file:///Users/zpeugh/code/min/scripts/flowdocument/Resources/actionHtmls/Pull Forms From Calc.html"
?[32;1m[debug]?[0m [phantom] Successfully injected Casper client-side utilities
?[36m[info]?[0m [phantom] Step anonymous 62/274: done in 5197ms.
?[36m[info]?[0m [phantom] Step _step 63/275: done in 5220ms.
?[36m[info]?[0m [phantom] waitFor() finished in 47ms.
?[32;1m[debug]?[0m [phantom] Capturing page to /Users/zpeugh/code/min/scripts/flowdocument/Resources/actionHtmls/actionPNGs/Pull Forms From Calc.png with clipRect {"top":15,"height":171,"left":62,"width":501}
?[36m[info]?[0m [phantom] Capture saved to /Users/zpeugh/code/min/scripts/flowdocument/Resources/actionHtmls/actionPNGs/Pull Forms From Calc.png
?[36m[info]?[0m [phantom] Step anonymous 64/276: done in 5340ms.
?[32;1m[debug]?[0m [phantom] opening url: file:///Users/zpeugh/code/min/scripts/flowdocument/Resources/actionHtmls/Email Inspector: Ensure Forms are Complete and Calc Uploaded(checklist?).html, HTTP GET
?[32;1m[debug]?[0m [phantom] Navigation requested: url=file:///Users/zpeugh/code/min/scripts/flowdocument/Resources/actionHtmls/Email Inspector: Ensure Forms are Complete and Calc Uploaded(checklist?).html, type=Other, willNavigate=true, isMainFrame=true
?[33m[warning]?[0m [phantom] Loading resource failed with status=fail: file:///Users/zpeugh/code/min/scripts/flowdocument/Resources/actionHtmls/Email Inspector: Ensure Forms are Complete and Calc Uploaded(checklist?).html
?[36m[info]?[0m [phantom] Step anonymous 66/276: done in 5365ms.
?[36m[info]?[0m [phantom] Step _step 67/277: done in 5390ms.
?[36m[info]?[0m [phantom] waitFor() finished in 48ms.
?[32;1m[debug]?[0m [phantom] Capturing page to /Users/zpeugh/code/min/scripts/flowdocument/Resources/actionHtmls/actionPNGs/Email Inspector: Ensure Forms are Complete and Calc Uploaded(checklist?).png with clipRect {"top":15,"height":171,"left":62,"width":501}
?[36m[info]?[0m [phantom] Capture saved to /Users/zpeugh/code/min/scripts/flowdocument/Resources/actionHtmls/actionPNGs/Email Inspector: Ensure Forms are Complete and Calc Uploaded(checklist?).png
?[36m[info]?[0m [phantom] Step anonymous 68/278: done in 5515ms.
?[32;1m[debug]?[0m [phantom] opening url: file:///Users/zpeugh/code/min/scripts/flowdocument/Resources/actionHtmls/Email Planner/Contractor.html, HTTP GET
?[32;1m[debug]?[0m [phantom] Navigation requested: url=file:///Users/zpeugh/code/min/scripts/flowdocument/Resources/actionHtmls/Email Planner/Contractor.html, type=Other, willNavigate=true, isMainFrame=true
?[32;1m[debug]?[0m [phantom] url changed to "file:///Users/zpeugh/code/min/scripts/flowdocument/Resources/actionHtmls/Email Planner/Contractor.html"
?[32;1m[debug]?[0m [phantom] Successfully injected Casper client-side utilities
?[36m[info]?[0m [phantom] Step anonymous 70/278: done in 5546ms.
?[36m[info]?[0m [phantom] Step _step 71/279: done in 5566ms.
?[36m[info]?[0m [phantom] waitFor() finished in 47ms.
?[32;1m[debug]?[0m [phantom] Capturing page to /Users/zpeugh/code/min/scripts/flowdocument/Resources/actionHtmls/actionPNGs/Email Planner/Contractor.png with clipRect {"top":5,"height":218,"left":57,"width":333}
?[36m[info]?[0m [phantom] Capture saved to /Users/zpeugh/code/min/scripts/flowdocument/Resources/actionHtmls/actionPNGs/Email Planner/Contractor.png
?[36m[info]?[0m [phantom] Step anonymous 72/280: done in 5715ms.
?[32;1m[debug]?[0m [phantom] opening url: file:///Users/zpeugh/code/min/scripts/flowdocument/Resources/actionHtmls/Assign Customer: Corrections Required.html, HTTP GET
?[32;1m[debug]?[0m [phantom] Navigation requested: url=file:///Users/zpeugh/code/min/scripts/flowdocument/Resources/actionHtmls/Assign Customer: Corrections Required.html, type=Other, willNavigate=true, isMainFrame=true
?[32;1m[debug]?[0m [phantom] url changed to "file:///Users/zpeugh/code/min/scripts/flowdocument/Resources/actionHtmls/Assign Customer: Corrections Required.html"
?[32;1m[debug]?[0m [phantom] Successfully injected Casper client-side utilities
?[36m[info]?[0m [phantom] Step anonymous 74/280: done in 5795ms.
?[36m[info]?[0m [phantom] Step _step 75/281: done in 5816ms.
?[36m[info]?[0m [phantom] waitFor() finished in 45ms.
?[32;1m[debug]?[0m [phantom] Capturing page to /Users/zpeugh/code/min/scripts/flowdocument/Resources/actionHtmls/actionPNGs/Assign Customer: Corrections Required.png with clipRect {"top":15,"height":393,"left":62,"width":501}
?[36m[info]?[0m [phantom] Capture saved to /Users/zpeugh/code/min/scripts/flowdocument/Resources/actionHtmls/actionPNGs/Assign Customer: Corrections Required.png
?[36m[info]?[0m [phantom] Step anonymous 76/282: done in 5964ms.
?[32;1m[debug]?[0m [phantom] opening url: file:///Users/zpeugh/code/min/scripts/flowdocument/Resources/actionHtmls/Update ZJ Notification.html, HTTP GET
?[32;1m[debug]?[0m [phantom] Navigation requested: url=file:///Users/zpeugh/code/min/scripts/flowdocument/Resources/actionHtmls/Update ZJ Notification.html, type=Other, willNavigate=true, isMainFrame=true
?[32;1m[debug]?[0m [phantom] url changed to "file:///Users/zpeugh/code/min/scripts/flowdocument/Resources/actionHtmls/Update ZJ Notification.html"
?[32;1m[debug]?[0m [phantom] Successfully injected Casper client-side utilities
?[36m[info]?[0m [phantom] Step anonymous 78/282: done in 6039ms.
?[36m[info]?[0m [phantom] Step _step 79/283: done in 6059ms.
?[36m[info]?[0m [phantom] waitFor() finished in 46ms.
?[32;1m[debug]?[0m [phantom] Capturing page to /Users/zpeugh/code/min/scripts/flowdocument/Resources/actionHtmls/actionPNGs/Update ZJ Notification.png with clipRect {"top":15,"height":467,"left":62,"width":501}
?[36m[info]?[0m [phantom] Capture saved to /Users/zpeugh/code/min/scripts/flowdocument/Resources/actionHtmls/actionPNGs/Update ZJ Notification.png
?[36m[info]?[0m [phantom] Step anonymous 80/284: done in 6202ms.
?[32;1m[debug]?[0m [phantom] opening url: file:///Users/zpeugh/code/min/scripts/flowdocument/Resources/actionHtmls/Create Calc File.html, HTTP GET
?[32;1m[debug]?[0m [phantom] Navigation requested: url=file:///Users/zpeugh/code/min/scripts/flowdocument/Resources/actionHtmls/Create Calc File.html, type=Other, willNavigate=true, isMainFrame=true
?[32;1m[debug]?[0m [phantom] url changed to "file:///Users/zpeugh/code/min/scripts/flowdocument/Resources/actionHtmls/Create Calc File.html"
?[32;1m[debug]?[0m [phantom] Successfully injected Casper client-side utilities
?[36m[info]?[0m [phantom] Step anonymous 82/284: done in 6278ms.
?[36m[info]?[0m [phantom] Step _step 83/285: done in 6300ms.
?[36m[info]?[0m [phantom] waitFor() finished in 44ms.
?[32;1m[debug]?[0m [phantom] Capturing page to /Users/zpeugh/code/min/scripts/flowdocument/Resources/actionHtmls/actionPNGs/Create Calc File.png with clipRect {"top":15,"height":245,"left":62,"width":501}
?[36m[info]?[0m [phantom] Capture saved to /Users/zpeugh/code/min/scripts/flowdocument/Resources/actionHtmls/actionPNGs/Create Calc File.png
?[36m[info]?[0m [phantom] Step anonymous 84/286: done in 6426ms.
?[32;1m[debug]?[0m [phantom] opening url: file:///Users/zpeugh/code/min/scripts/flowdocument/Resources/actionHtmls/Assign JPO Agent.html, HTTP GET
?[32;1m[debug]?[0m [phantom] Navigation requested: url=file:///Users/zpeugh/code/min/scripts/flowdocument/Resources/actionHtmls/Assign JPO Agent.html, type=Other, willNavigate=true, isMainFrame=true
?[32;1m[debug]?[0m [phantom] url changed to "file:///Users/zpeugh/code/min/scripts/flowdocument/Resources/actionHtmls/Assign JPO Agent.html"
?[32;1m[debug]?[0m [phantom] Successfully injected Casper client-side utilities
?[36m[info]?[0m [phantom] Step anonymous 86/286: done in 6515ms.
?[36m[info]?[0m [phantom] Step _step 87/287: done in 6534ms.
?[36m[info]?[0m [phantom] waitFor() finished in 43ms.
?[32;1m[debug]?[0m [phantom] Capturing page to /Users/zpeugh/code/min/scripts/flowdocument/Resources/actionHtmls/actionPNGs/Assign JPO Agent.png with clipRect {"top":15,"height":467,"left":62,"width":501}
?[36m[info]?[0m [phantom] Capture saved to /Users/zpeugh/code/min/scripts/flowdocument/Resources/actionHtmls/actionPNGs/Assign JPO Agent.png
?[36m[info]?[0m [phantom] Step anonymous 88/288: done in 6673ms.
?[32;1m[debug]?[0m [phantom] opening url: file:///Users/zpeugh/code/min/scripts/flowdocument/Resources/actionHtmls/Email Customer: JPA In Progress.html, HTTP GET
?[32;1m[debug]?[0m [phantom] Navigation requested: url=file:///Users/zpeugh/code/min/scripts/flowdocument/Resources/actionHtmls/Email Customer: JPA In Progress.html, type=Other, willNavigate=true, isMainFrame=true
?[32;1m[debug]?[0m [phantom] url changed to "file:///Users/zpeugh/code/min/scripts/flowdocument/Resources/actionHtmls/Email Customer: JPA In Progress.html"
?[32;1m[debug]?[0m [phantom] Successfully injected Casper client-side utilities
?[36m[info]?[0m [phantom] Step anonymous 90/288: done in 6758ms.
?[36m[info]?[0m [phantom] Step _step 91/289: done in 6782ms.
?[36m[info]?[0m [phantom] waitFor() finished in 45ms.
?[32;1m[debug]?[0m [phantom] Capturing page to /Users/zpeugh/code/min/scripts/flowdocument/Resources/actionHtmls/actionPNGs/Email Customer: JPA In Progress.png with clipRect {"top":15,"height":467,"left":62,"width":501}
?[36m[info]?[0m [phantom] Capture saved to /Users/zpeugh/code/min/scripts/flowdocument/Resources/actionHtmls/actionPNGs/Email Customer: JPA In Progress.png
?[36m[info]?[0m [phantom] Step anonymous 92/290: done in 6925ms.
?[32;1m[debug]?[0m [phantom] opening url: file:///Users/zpeugh/code/min/scripts/flowdocument/Resources/actionHtmls/Set Sub.html, HTTP GET
?[32;1m[debug]?[0m [phantom] Navigation requested: url=file:///Users/zpeugh/code/min/scripts/flowdocument/Resources/actionHtmls/Set Sub.html, type=Other, willNavigate=true, isMainFrame=true
?[32;1m[debug]?[0m [phantom] url changed to "file:///Users/zpeugh/code/min/scripts/flowdocument/Resources/actionHtmls/Set Sub.html"
?[32;1m[debug]?[0m [phantom] Successfully injected Casper client-side utilities
?[36m[info]?[0m [phantom] Step anonymous 94/290: done in 6978ms.
?[36m[info]?[0m [phantom] Step _step 95/291: done in 6998ms.
?[36m[info]?[0m [phantom] waitFor() finished in 44ms.
?[32;1m[debug]?[0m [phantom] Capturing page to /Users/zpeugh/code/min/scripts/flowdocument/Resources/actionHtmls/actionPNGs/Set Sub.png with clipRect {"top":15,"height":319,"left":62,"width":501}
?[36m[info]?[0m [phantom] Capture saved to /Users/zpeugh/code/min/scripts/flowdocument/Resources/actionHtmls/actionPNGs/Set Sub.png
?[36m[info]?[0m [phantom] Step anonymous 96/292: done in 7127ms.
?[32;1m[debug]?[0m [phantom] opening url: file:///Users/zpeugh/code/min/scripts/flowdocument/Resources/actionHtmls/Assign JPA Manager.html, HTTP GET
?[32;1m[debug]?[0m [phantom] Navigation requested: url=file:///Users/zpeugh/code/min/scripts/flowdocument/Resources/actionHtmls/Assign JPA Manager.html, type=Other, willNavigate=true, isMainFrame=true
?[32;1m[debug]?[0m [phantom] url changed to "file:///Users/zpeugh/code/min/scripts/flowdocument/Resources/actionHtmls/Assign JPA Manager.html"
?[32;1m[debug]?[0m [phantom] Successfully injected Casper client-side utilities
?[36m[info]?[0m [phantom] Step anonymous 98/292: done in 7180ms.
?[36m[info]?[0m [phantom] Step _step 99/293: done in 7202ms.
?[36m[info]?[0m [phantom] waitFor() finished in 42ms.
?[32;1m[debug]?[0m [phantom] Capturing page to /Users/zpeugh/code/min/scripts/flowdocument/Resources/actionHtmls/actionPNGs/Assign JPA Manager.png with clipRect {"top":15,"height":393,"left":62,"width":501}
?[36m[info]?[0m [phantom] Capture saved to /Users/zpeugh/code/min/scripts/flowdocument/Resources/actionHtmls/actionPNGs/Assign JPA Manager.png
?[36m[info]?[0m [phantom] Step anonymous 100/294: done in 7334ms.
?[32;1m[debug]?[0m [phantom] opening url: file:///Users/zpeugh/code/min/scripts/flowdocument/Resources/actionHtmls/First 45 Day Clock.html, HTTP GET
?[32;1m[debug]?[0m [phantom] Navigation requested: url=file:///Users/zpeugh/code/min/scripts/flowdocument/Resources/actionHtmls/First 45 Day Clock.html, type=Other, willNavigate=true, isMainFrame=true
?[32;1m[debug]?[0m [phantom] url changed to "file:///Users/zpeugh/code/min/scripts/flowdocument/Resources/actionHtmls/First 45 Day Clock.html"
?[32;1m[debug]?[0m [phantom] Successfully injected Casper client-side utilities
?[36m[info]?[0m [phantom] Step anonymous 102/294: done in 7384ms.
?[36m[info]?[0m [phantom] Step _step 103/295: done in 7403ms.
?[36m[info]?[0m [phantom] waitFor() finished in 48ms.
?[32;1m[debug]?[0m [phantom] Capturing page to /Users/zpeugh/code/min/scripts/flowdocument/Resources/actionHtmls/actionPNGs/First 45 Day Clock.png with clipRect {"top":15,"height":393,"left":62,"width":501}
?[36m[info]?[0m [phantom] Capture saved to /Users/zpeugh/code/min/scripts/flowdocument/Resources/actionHtmls/actionPNGs/First 45 Day Clock.png
?[36m[info]?[0m [phantom] Step anonymous 104/296: done in 7541ms.
?[32;1m[debug]?[0m [phantom] opening url: file:///Users/zpeugh/code/min/scripts/flowdocument/Resources/actionHtmls/Email: Customer Rework Required, review station statuses.html, HTTP GET
?[32;1m[debug]?[0m [phantom] Navigation requested: url=file:///Users/zpeugh/code/min/scripts/flowdocument/Resources/actionHtmls/Email: Customer Rework Required, review station statuses.html, type=Other, willNavigate=true, isMainFrame=true
?[32;1m[debug]?[0m [phantom] url changed to "file:///Users/zpeugh/code/min/scripts/flowdocument/Resources/actionHtmls/Email: Customer Rework Required, review station statuses.html"
?[32;1m[debug]?[0m [phantom] Successfully injected Casper client-side utilities
?[36m[info]?[0m [phantom] Step anonymous 106/296: done in 7607ms.
?[36m[info]?[0m [phantom] Step _step 107/297: done in 7630ms.
?[36m[info]?[0m [phantom] waitFor() finished in 45ms.
?[32;1m[debug]?[0m [phantom] Capturing page to /Users/zpeugh/code/min/scripts/flowdocument/Resources/actionHtmls/actionPNGs/Email: Customer Rework Required, review station statuses.png with clipRect {"top":15,"height":406,"left":62,"width":501}
?[36m[info]?[0m [phantom] Capture saved to /Users/zpeugh/code/min/scripts/flowdocument/Resources/actionHtmls/actionPNGs/Email: Customer Rework Required, review station statuses.png
?[36m[info]?[0m [phantom] Step anonymous 108/298: done in 7772ms.
?[32;1m[debug]?[0m [phantom] opening url: file:///Users/zpeugh/code/min/scripts/flowdocument/Resources/actionHtmls/Assign Customer.html, HTTP GET
?[32;1m[debug]?[0m [phantom] Navigation requested: url=file:///Users/zpeugh/code/min/scripts/flowdocument/Resources/actionHtmls/Assign Customer.html, type=Other, willNavigate=true, isMainFrame=true
?[32;1m[debug]?[0m [phantom] url changed to "file:///Users/zpeugh/code/min/scripts/flowdocument/Resources/actionHtmls/Assign Customer.html"
?[32;1m[debug]?[0m [phantom] Successfully injected Casper client-side utilities
?[36m[info]?[0m [phantom] Step anonymous 110/298: done in 7848ms.
?[36m[info]?[0m [phantom] Step _step 111/299: done in 7868ms.
?[36m[info]?[0m [phantom] waitFor() finished in 47ms.
?[32;1m[debug]?[0m [phantom] Capturing page to /Users/zpeugh/code/min/scripts/flowdocument/Resources/actionHtmls/actionPNGs/Assign Customer.png with clipRect {"top":15,"height":393,"left":62,"width":501}
?[36m[info]?[0m [phantom] Capture saved to /Users/zpeugh/code/min/scripts/flowdocument/Resources/actionHtmls/actionPNGs/Assign Customer.png
?[36m[info]?[0m [phantom] Step anonymous 112/300: done in 8005ms.
?[32;1m[debug]?[0m [phantom] opening url: file:///Users/zpeugh/code/min/scripts/flowdocument/Resources/actionHtmls/Accept or Reject Station Statuses.html, HTTP GET
?[32;1m[debug]?[0m [phantom] Navigation requested: url=file:///Users/zpeugh/code/min/scripts/flowdocument/Resources/actionHtmls/Accept or Reject Station Statuses.html, type=Other, willNavigate=true, isMainFrame=true
script timed out
?[33m[warning]?[0m [phantom] Loading resource failed with status=fail: file:///Users/zpeugh/code/min/scripts/flowdocument/Resources/actionHtmls/Accept or Reject Station Statuses.html
?[36m[info]?[0m [phantom] Step anonymous 114/300: done in 8025ms.
?[36m[info]?[0m [phantom] Step _step 115/301: done in 8046ms.
?[36m[info]?[0m [phantom] waitFor() finished in 46ms.
?[32;1m[debug]?[0m [phantom] Capturing page to /Users/zpeugh/code/min/scripts/flowdocument/Resources/actionHtmls/actionPNGs/Accept or Reject Station Statuses.png with clipRect {"top":15,"height":393,"left":62,"width":501}
?[36m[info]?[0m [phantom] Capture saved to /Users/zpeugh/code/min/scripts/flowdocument/Resources/actionHtmls/actionPNGs/Accept or Reject Station Statuses.png
?[36m[info]?[0m [phantom] Step anonymous 116/302: done in 8179ms.
?[32;1m[debug]?[0m [phantom] opening url: file:///Users/zpeugh/code/min/scripts/flowdocument/Resources/actionHtmls/Send the As Is Layer Measurement Point.html, HTTP GET
?[32;1m[debug]?[0m [phantom] Navigation requested: url=file:///Users/zpeugh/code/min/scripts/flowdocument/Resources/actionHtmls/Send the As Is Layer Measurement Point.html, type=Other, willNavigate=true, isMainFrame=true
?[32;1m[debug]?[0m [phantom] url changed to "file:///Users/zpeugh/code/min/scripts/flowdocument/Resources/actionHtmls/Send the As Is Layer Measurement Point.html"
?[32;1m[debug]?[0m [phantom] Successfully injected Casper client-side utilities
?[36m[info]?[0m [phantom] Step anonymous 118/302: done in 8232ms.
?[36m[info]?[0m [phantom] Step _step 119/303: done in 8252ms.
?[36m[info]?[0m [phantom] waitFor() finished in 44ms.
?[32;1m[debug]?[0m [phantom] Capturing page to /Users/zpeugh/code/min/scripts/flowdocument/Resources/actionHtmls/actionPNGs/Send the As Is Layer Measurement Point.png with clipRect {"top":15,"height":467,"left":62,"width":501}
?[36m[info]?[0m [phantom] Capture saved to /Users/zpeugh/code/min/scripts/flowdocument/Resources/actionHtmls/actionPNGs/Send the As Is Layer Measurement Point.png
?[36m[info]?[0m [phantom] Step anonymous 120/304: done in 8391ms.
?[32;1m[debug]?[0m [phantom] opening url: file:///Users/zpeugh/code/min/scripts/flowdocument/Resources/actionHtmls/Assign Planning Groups.html, HTTP GET
?[32;1m[debug]?[0m [phantom] Navigation requested: url=file:///Users/zpeugh/code/min/scripts/flowdocument/Resources/actionHtmls/Assign Planning Groups.html, type=Other, willNavigate=true, isMainFrame=true
?[32;1m[debug]?[0m [phantom] url changed to "file:///Users/zpeugh/code/min/scripts/flowdocument/Resources/actionHtmls/Assign Planning Groups.html"
?[32;1m[debug]?[0m [phantom] Successfully injected Casper client-side utilities
?[36m[info]?[0m [phantom] Step anonymous 122/304: done in 8464ms.
?[36m[info]?[0m [phantom] Step _step 123/305: done in 8485ms.
?[36m[info]?[0m [phantom] waitFor() finished in 43ms.
?[32;1m[debug]?[0m [phantom] Capturing page to /Users/zpeugh/code/min/scripts/flowdocument/Resources/actionHtmls/actionPNGs/Assign Planning Groups.png with clipRect {"top":15,"height":467,"left":62,"width":501}
?[36m[info]?[0m [phantom] Capture saved to /Users/zpeugh/code/min/scripts/flowdocument/Resources/actionHtmls/actionPNGs/Assign Planning Groups.png
?[36m[info]?[0m [phantom] Step anonymous 124/306: done in 8621ms.
?[32;1m[debug]?[0m [phantom] opening url: file:///Users/zpeugh/code/min/scripts/flowdocument/Resources/actionHtmls/Mail JPO to a. Change Records (then approve pole(s)) Or b. notice to fix.html, HTTP GET
?[32;1m[debug]?[0m [phantom] Navigation requested: url=file:///Users/zpeugh/code/min/scripts/flowdocument/Resources/actionHtmls/Mail JPO to a. Change Records (then approve pole(s)) Or b. notice to fix.html, type=Other, willNavigate=true, isMainFrame=true
?[32;1m[debug]?[0m [phantom] url changed to "file:///Users/zpeugh/code/min/scripts/flowdocument/Resources/actionHtmls/Mail JPO to a. Change Records (then approve pole(s)) Or b. notice to fix.html"
?[32;1m[debug]?[0m [phantom] Successfully injected Casper client-side utilities
?[36m[info]?[0m [phantom] Step anonymous 126/306: done in 8676ms.
?[36m[info]?[0m [phantom] Step _step 127/307: done in 8699ms.
?[36m[info]?[0m [phantom] waitFor() finished in 49ms.
?[32;1m[debug]?[0m [phantom] Capturing page to /Users/zpeugh/code/min/scripts/flowdocument/Resources/actionHtmls/actionPNGs/Mail JPO to a. Change Records (then approve pole(s)) Or b. notice to fix.png with clipRect {"top":15,"height":406,"left":62,"width":501}
?[36m[info]?[0m [phantom] Capture saved to /Users/zpeugh/code/min/scripts/flowdocument/Resources/actionHtmls/actionPNGs/Mail JPO to a. Change Records (then approve pole(s)) Or b. notice to fix.png
?[36m[info]?[0m [phantom] Step anonymous 128/308: done in 8839ms.
?[32;1m[debug]?[0m [phantom] opening url: file:///Users/zpeugh/code/min/scripts/flowdocument/Resources/actionHtmls/In 45 Days, Email Customer About Form 2 Final.html, HTTP GET
?[32;1m[debug]?[0m [phantom] Navigation requested: url=file:///Users/zpeugh/code/min/scripts/flowdocument/Resources/actionHtmls/In 45 Days, Email Customer About Form 2 Final.html, type=Other, willNavigate=true, isMainFrame=true
?[32;1m[debug]?[0m [phantom] url changed to "file:///Users/zpeugh/code/min/scripts/flowdocument/Resources/actionHtmls/In 45 Days, Email Customer About Form 2 Final.html"
?[32;1m[debug]?[0m [phantom] Successfully injected Casper client-side utilities
?[36m[info]?[0m [phantom] Step anonymous 130/308: done in 8891ms.
?[36m[info]?[0m [phantom] Step _step 131/309: done in 8913ms.
?[36m[info]?[0m [phantom] waitFor() finished in 45ms.
?[32;1m[debug]?[0m [phantom] Capturing page to /Users/zpeugh/code/min/scripts/flowdocument/Resources/actionHtmls/actionPNGs/In 45 Days, Email Customer About Form 2 Final.png with clipRect {"top":15,"height":406,"left":62,"width":501}
?[36m[info]?[0m [phantom] Capture saved to /Users/zpeugh/code/min/scripts/flowdocument/Resources/actionHtmls/actionPNGs/In 45 Days, Email Customer About Form 2 Final.png
?[36m[info]?[0m [phantom] Step anonymous 132/310: done in 9052ms.
?[32;1m[debug]?[0m [phantom] opening url: file:///Users/zpeugh/code/min/scripts/flowdocument/Resources/actionHtmls/Email Customer Cancelled.html, HTTP GET
?[32;1m[debug]?[0m [phantom] Navigation requested: url=file:///Users/zpeugh/code/min/scripts/flowdocument/Resources/actionHtmls/Email Customer Cancelled.html, type=Other, willNavigate=true, isMainFrame=true
?[32;1m[debug]?[0m [phantom] url changed to "file:///Users/zpeugh/code/min/scripts/flowdocument/Resources/actionHtmls/Email Customer Cancelled.html"
?[32;1m[debug]?[0m [phantom] Successfully injected Casper client-side utilities
?[36m[info]?[0m [phantom] Step anonymous 134/310: done in 9127ms.
?[36m[info]?[0m [phantom] Step _step 135/311: done in 9150ms.
?[36m[info]?[0m [phantom] waitFor() finished in 40ms.
?[32;1m[debug]?[0m [phantom] Capturing page to /Users/zpeugh/code/min/scripts/flowdocument/Resources/actionHtmls/actionPNGs/Email Customer Cancelled.png with clipRect {"top":15,"height":467,"left":62,"width":501}
?[36m[info]?[0m [phantom] Capture saved to /Users/zpeugh/code/min/scripts/flowdocument/Resources/actionHtmls/actionPNGs/Email Customer Cancelled.png
?[36m[info]?[0m [phantom] Step anonymous 136/312: done in 9284ms.
?[32;1m[debug]?[0m [phantom] opening url: file:///Users/zpeugh/code/min/scripts/flowdocument/Resources/actionHtmls/Email All Cancelled.html, HTTP GET
?[32;1m[debug]?[0m [phantom] Navigation requested: url=file:///Users/zpeugh/code/min/scripts/flowdocument/Resources/actionHtmls/Email All Cancelled.html, type=Other, willNavigate=true, isMainFrame=true
?[32;1m[debug]?[0m [phantom] url changed to "file:///Users/zpeugh/code/min/scripts/flowdocument/Resources/actionHtmls/Email All Cancelled.html"
?[32;1m[debug]?[0m [phantom] Successfully injected Casper client-side utilities
?[36m[info]?[0m [phantom] Step anonymous 138/312: done in 9365ms.
?[36m[info]?[0m [phantom] Step _step 139/313: done in 9388ms.
?[36m[info]?[0m [phantom] waitFor() finished in 45ms.
?[32;1m[debug]?[0m [phantom] Capturing page to /Users/zpeugh/code/min/scripts/flowdocument/Resources/actionHtmls/actionPNGs/Email All Cancelled.png with clipRect {"top":15,"height":467,"left":62,"width":501}
?[36m[info]?[0m [phantom] Capture saved to /Users/zpeugh/code/min/scripts/flowdocument/Resources/actionHtmls/actionPNGs/Email All Cancelled.png
?[36m[info]?[0m [phantom] Step anonymous 140/314: done in 9530ms.
?[32;1m[debug]?[0m [phantom] opening url: file:///Users/zpeugh/code/min/scripts/flowdocument/Resources/actionHtmls/Send As-Designed to SAP.html, HTTP GET
?[32;1m[debug]?[0m [phantom] Navigation requested: url=file:///Users/zpeugh/code/min/scripts/flowdocument/Resources/actionHtmls/Send As-Designed to SAP.html, type=Other, willNavigate=true, isMainFrame=true
?[32;1m[debug]?[0m [phantom] url changed to "file:///Users/zpeugh/code/min/scripts/flowdocument/Resources/actionHtmls/Send As-Designed to SAP.html"
?[32;1m[debug]?[0m [phantom] Successfully injected Casper client-side utilities
?[36m[info]?[0m [phantom] Step anonymous 142/314: done in 9582ms.
?[36m[info]?[0m [phantom] Step _step 143/315: done in 9602ms.
?[36m[info]?[0m [phantom] waitFor() finished in 43ms.
?[32;1m[debug]?[0m [phantom] Capturing page to /Users/zpeugh/code/min/scripts/flowdocument/Resources/actionHtmls/actionPNGs/Send As-Designed to SAP.png with clipRect {"top":15,"height":393,"left":62,"width":501}
?[36m[info]?[0m [phantom] Capture saved to /Users/zpeugh/code/min/scripts/flowdocument/Resources/actionHtmls/actionPNGs/Send As-Designed to SAP.png
?[36m[info]?[0m [phantom] Step anonymous 144/316: done in 9739ms.
?[32;1m[debug]?[0m [phantom] opening url: file:///Users/zpeugh/code/min/scripts/flowdocument/Resources/actionHtmls/Email Creator-Deny Stations.html, HTTP GET
?[32;1m[debug]?[0m [phantom] Navigation requested: url=file:///Users/zpeugh/code/min/scripts/flowdocument/Resources/actionHtmls/Email Creator-Deny Stations.html, type=Other, willNavigate=true, isMainFrame=true
?[32;1m[debug]?[0m [phantom] url changed to "file:///Users/zpeugh/code/min/scripts/flowdocument/Resources/actionHtmls/Email Creator-Deny Stations.html"
?[32;1m[debug]?[0m [phantom] Successfully injected Casper client-side utilities
?[36m[info]?[0m [phantom] Step anonymous 146/316: done in 9811ms.
?[36m[info]?[0m [phantom] Step _step 147/317: done in 9831ms.
?[36m[info]?[0m [phantom] waitFor() finished in 40ms.
?[32;1m[debug]?[0m [phantom] Capturing page to /Users/zpeugh/code/min/scripts/flowdocument/Resources/actionHtmls/actionPNGs/Email Creator-Deny Stations.png with clipRect {"top":15,"height":406,"left":62,"width":501}
?[36m[info]?[0m [phantom] Capture saved to /Users/zpeugh/code/min/scripts/flowdocument/Resources/actionHtmls/actionPNGs/Email Creator-Deny Stations.png
?[36m[info]?[0m [phantom] Step anonymous 148/318: done in 9964ms.
?[32;1m[debug]?[0m [phantom] opening url: file:///Users/zpeugh/code/min/scripts/flowdocument/Resources/actionHtmls/Email Customer: Some Work Not Completed.html, HTTP GET
?[32;1m[debug]?[0m [phantom] Navigation requested: url=file:///Users/zpeugh/code/min/scripts/flowdocument/Resources/actionHtmls/Email Customer: Some Work Not Completed.html, type=Other, willNavigate=true, isMainFrame=true
?[32;1m[debug]?[0m [phantom] url changed to "file:///Users/zpeugh/code/min/scripts/flowdocument/Resources/actionHtmls/Email Customer: Some Work Not Completed.html"
?[32;1m[debug]?[0m [phantom] Successfully injected Casper client-side utilities
?[36m[info]?[0m [phantom] Step anonymous 150/318: done in 10039ms.
?[36m[info]?[0m [phantom] Step _step 151/319: done in 10061ms.
?[36m[info]?[0m [phantom] waitFor() finished in 44ms.
?[32;1m[debug]?[0m [phantom] Capturing page to /Users/zpeugh/code/min/scripts/flowdocument/Resources/actionHtmls/actionPNGs/Email Customer: Some Work Not Completed.png with clipRect {"top":15,"height":467,"left":62,"width":501}
?[36m[info]?[0m [phantom] Capture saved to /Users/zpeugh/code/min/scripts/flowdocument/Resources/actionHtmls/actionPNGs/Email Customer: Some Work Not Completed.png
?[36m[info]?[0m [phantom] Step anonymous 152/320: done in 10207ms.
?[32;1m[debug]?[0m [phantom] opening url: file:///Users/zpeugh/code/min/scripts/flowdocument/Resources/actionHtmls/Update FLOC Unauthorized (not completed as approved stations).html, HTTP GET
?[32;1m[debug]?[0m [phantom] Navigation requested: url=file:///Users/zpeugh/code/min/scripts/flowdocument/Resources/actionHtmls/Update FLOC Unauthorized (not completed as approved stations).html, type=Other, willNavigate=true, isMainFrame=true
?[32;1m[debug]?[0m [phantom] url changed to "file:///Users/zpeugh/code/min/scripts/flowdocument/Resources/actionHtmls/Update FLOC Unauthorized (not completed as approved stations).html"
?[32;1m[debug]?[0m [phantom] Successfully injected Casper client-side utilities
?[36m[info]?[0m [phantom] Step anonymous 154/320: done in 10282ms.
?[36m[info]?[0m [phantom] Step _step 155/321: done in 10303ms.
?[36m[info]?[0m [phantom] waitFor() finished in 44ms.
?[32;1m[debug]?[0m [phantom] Capturing page to /Users/zpeugh/code/min/scripts/flowdocument/Resources/actionHtmls/actionPNGs/Update FLOC Unauthorized (not completed as approved stations).png with clipRect {"top":15,"height":467,"left":62,"width":501}
?[36m[info]?[0m [phantom] Capture saved to /Users/zpeugh/code/min/scripts/flowdocument/Resources/actionHtmls/actionPNGs/Update FLOC Unauthorized (not completed as approved stations).png
?[36m[info]?[0m [phantom] Step anonymous 156/322: done in 10439ms.
?[32;1m[debug]?[0m [phantom] opening url: file:///Users/zpeugh/code/min/scripts/flowdocument/Resources/actionHtmls/Push Forms to Calc.html, HTTP GET
?[32;1m[debug]?[0m [phantom] Navigation requested: url=file:///Users/zpeugh/code/min/scripts/flowdocument/Resources/actionHtmls/Push Forms to Calc.html, type=Other, willNavigate=true, isMainFrame=true
?[32;1m[debug]?[0m [phantom] url changed to "file:///Users/zpeugh/code/min/scripts/flowdocument/Resources/actionHtmls/Push Forms to Calc.html"
?[32;1m[debug]?[0m [phantom] Successfully injected Casper client-side utilities
?[36m[info]?[0m [phantom] Step anonymous 158/322: done in 10519ms.
?[36m[info]?[0m [phantom] Step _step 159/323: done in 10542ms.
?[36m[info]?[0m [phantom] waitFor() finished in 40ms.
?[32;1m[debug]?[0m [phantom] Capturing page to /Users/zpeugh/code/min/scripts/flowdocument/Resources/actionHtmls/actionPNGs/Push Forms to Calc.png with clipRect {"top":15,"height":171,"left":62,"width":501}
?[36m[info]?[0m [phantom] Capture saved to /Users/zpeugh/code/min/scripts/flowdocument/Resources/actionHtmls/actionPNGs/Push Forms to Calc.png
?[36m[info]?[0m [phantom] Step anonymous 160/324: done in 10658ms.
?[32;1m[debug]?[0m [phantom] opening url: file:///Users/zpeugh/code/min/scripts/flowdocument/Resources/actionHtmls/Update ZJ Notification Status.html, HTTP GET
?[32;1m[debug]?[0m [phantom] Navigation requested: url=file:///Users/zpeugh/code/min/scripts/flowdocument/Resources/actionHtmls/Update ZJ Notification Status.html, type=Other, willNavigate=true, isMainFrame=true
?[32;1m[debug]?[0m [phantom] url changed to "file:///Users/zpeugh/code/min/scripts/flowdocument/Resources/actionHtmls/Update ZJ Notification Status.html"
?[32;1m[debug]?[0m [phantom] Successfully injected Casper client-side utilities
?[36m[info]?[0m [phantom] Step anonymous 162/324: done in 10738ms.
?[36m[info]?[0m [phantom] Step _step 163/325: done in 10758ms.
?[36m[info]?[0m [phantom] waitFor() finished in 43ms.
?[32;1m[debug]?[0m [phantom] Capturing page to /Users/zpeugh/code/min/scripts/flowdocument/Resources/actionHtmls/actionPNGs/Update ZJ Notification Status.png with clipRect {"top":15,"height":467,"left":62,"width":501}
?[36m[info]?[0m [phantom] Capture saved to /Users/zpeugh/code/min/scripts/flowdocument/Resources/actionHtmls/actionPNGs/Update ZJ Notification Status.png
?[36m[info]?[0m [phantom] Step anonymous 164/326: done in 10891ms.
?[32;1m[debug]?[0m [phantom] opening url: file:///Users/zpeugh/code/min/scripts/flowdocument/Resources/actionHtmls/Create Rental Application in Pending Status SAP.html, HTTP GET
?[32;1m[debug]?[0m [phantom] Navigation requested: url=file:///Users/zpeugh/code/min/scripts/flowdocument/Resources/actionHtmls/Create Rental Application in Pending Status SAP.html, type=Other, willNavigate=true, isMainFrame=true
?[32;1m[debug]?[0m [phantom] url changed to "file:///Users/zpeugh/code/min/scripts/flowdocument/Resources/actionHtmls/Create Rental Application in Pending Status SAP.html"
?[32;1m[debug]?[0m [phantom] Successfully injected Casper client-side utilities
?[36m[info]?[0m [phantom] Step anonymous 166/326: done in 10943ms.
?[36m[info]?[0m [phantom] Step _step 167/327: done in 10967ms.
?[36m[info]?[0m [phantom] waitFor() finished in 40ms.
?[32;1m[debug]?[0m [phantom] Capturing page to /Users/zpeugh/code/min/scripts/flowdocument/Resources/actionHtmls/actionPNGs/Create Rental Application in Pending Status SAP.png with clipRect {"top":15,"height":467,"left":62,"width":501}
?[36m[info]?[0m [phantom] Capture saved to /Users/zpeugh/code/min/scripts/flowdocument/Resources/actionHtmls/actionPNGs/Create Rental Application in Pending Status SAP.png
?[36m[info]?[0m [phantom] Step anonymous 168/328: done in 11101ms.
?[32;1m[debug]?[0m [phantom] opening url: file:///Users/zpeugh/code/min/scripts/flowdocument/Resources/actionHtmls/Remove Time Markers.html, HTTP GET
?[32;1m[debug]?[0m [phantom] Navigation requested: url=file:///Users/zpeugh/code/min/scripts/flowdocument/Resources/actionHtmls/Remove Time Markers.html, type=Other, willNavigate=true, isMainFrame=true
?[32;1m[debug]?[0m [phantom] url changed to "file:///Users/zpeugh/code/min/scripts/flowdocument/Resources/actionHtmls/Remove Time Markers.html"
?[32;1m[debug]?[0m [phantom] Successfully injected Casper client-side utilities
?[36m[info]?[0m [phantom] Step anonymous 170/328: done in 11165ms.
?[36m[info]?[0m [phantom] Step _step 171/329: done in 11185ms.
?[36m[info]?[0m [phantom] waitFor() finished in 40ms.
?[32;1m[debug]?[0m [phantom] Capturing page to /Users/zpeugh/code/min/scripts/flowdocument/Resources/actionHtmls/actionPNGs/Remove Time Markers.png with clipRect {"top":15,"height":171,"left":62,"width":501}
?[36m[info]?[0m [phantom] Capture saved to /Users/zpeugh/code/min/scripts/flowdocument/Resources/actionHtmls/actionPNGs/Remove Time Markers.png
?[36m[info]?[0m [phantom] Step anonymous 172/330: done in 11299ms.
?[32;1m[debug]?[0m [phantom] opening url: file:///Users/zpeugh/code/min/scripts/flowdocument/Resources/actionHtmls/Email: Verify all stations have status.html, HTTP GET
?[32;1m[debug]?[0m [phantom] Navigation requested: url=file:///Users/zpeugh/code/min/scripts/flowdocument/Resources/actionHtmls/Email: Verify all stations have status.html, type=Other, willNavigate=true, isMainFrame=true
?[32;1m[debug]?[0m [phantom] url changed to "file:///Users/zpeugh/code/min/scripts/flowdocument/Resources/actionHtmls/Email: Verify all stations have status.html"
?[32;1m[debug]?[0m [phantom] Successfully injected Casper client-side utilities
?[36m[info]?[0m [phantom] Step anonymous 174/330: done in 11379ms.
?[36m[info]?[0m [phantom] Step _step 175/331: done in 11400ms.
?[36m[info]?[0m [phantom] waitFor() finished in 45ms.
?[32;1m[debug]?[0m [phantom] Capturing page to /Users/zpeugh/code/min/scripts/flowdocument/Resources/actionHtmls/actionPNGs/Email: Verify all stations have status.png with clipRect {"top":15,"height":406,"left":62,"width":501}
?[36m[info]?[0m [phantom] Capture saved to /Users/zpeugh/code/min/scripts/flowdocument/Resources/actionHtmls/actionPNGs/Email: Verify all stations have status.png
?[36m[info]?[0m [phantom] Step anonymous 176/332: done in 11534ms.
?[32;1m[debug]?[0m [phantom] opening url: file:///Users/zpeugh/code/min/scripts/flowdocument/Resources/actionHtmls/Set Station Statuses.html, HTTP GET
?[32;1m[debug]?[0m [phantom] Navigation requested: url=file:///Users/zpeugh/code/min/scripts/flowdocument/Resources/actionHtmls/Set Station Statuses.html, type=Other, willNavigate=true, isMainFrame=true
?[32;1m[debug]?[0m [phantom] url changed to "file:///Users/zpeugh/code/min/scripts/flowdocument/Resources/actionHtmls/Set Station Statuses.html"
?[32;1m[debug]?[0m [phantom] Successfully injected Casper client-side utilities
?[36m[info]?[0m [phantom] Step anonymous 178/332: done in 11612ms.
?[36m[info]?[0m [phantom] Step _step 179/333: done in 11631ms.
?[36m[info]?[0m [phantom] waitFor() finished in 43ms.
?[32;1m[debug]?[0m [phantom] Capturing page to /Users/zpeugh/code/min/scripts/flowdocument/Resources/actionHtmls/actionPNGs/Set Station Statuses.png with clipRect {"top":15,"height":319,"left":62,"width":501}
?[36m[info]?[0m [phantom] Capture saved to /Users/zpeugh/code/min/scripts/flowdocument/Resources/actionHtmls/actionPNGs/Set Station Statuses.png
?[36m[info]?[0m [phantom] Step anonymous 180/334: done in 11758ms.
?[32;1m[debug]?[0m [phantom] opening url: file:///Users/zpeugh/code/min/scripts/flowdocument/Resources/actionHtmls/Assign NDPM Usergroup.html, HTTP GET
?[32;1m[debug]?[0m [phantom] Navigation requested: url=file:///Users/zpeugh/code/min/scripts/flowdocument/Resources/actionHtmls/Assign NDPM Usergroup.html, type=Other, willNavigate=true, isMainFrame=true
?[32;1m[debug]?[0m [phantom] url changed to "file:///Users/zpeugh/code/min/scripts/flowdocument/Resources/actionHtmls/Assign NDPM Usergroup.html"
?[32;1m[debug]?[0m [phantom] Successfully injected Casper client-side utilities
?[36m[info]?[0m [phantom] Step anonymous 182/334: done in 11850ms.
?[36m[info]?[0m [phantom] Step _step 183/335: done in 11872ms.
?[36m[info]?[0m [phantom] waitFor() finished in 43ms.
?[32;1m[debug]?[0m [phantom] Capturing page to /Users/zpeugh/code/min/scripts/flowdocument/Resources/actionHtmls/actionPNGs/Assign NDPM Usergroup.png with clipRect {"top":15,"height":467,"left":62,"width":501}
?[36m[info]?[0m [phantom] Capture saved to /Users/zpeugh/code/min/scripts/flowdocument/Resources/actionHtmls/actionPNGs/Assign NDPM Usergroup.png
?[36m[info]?[0m [phantom] Step anonymous 184/336: done in 12006ms.
?[32;1m[debug]?[0m [phantom] opening url: file:///Users/zpeugh/code/min/scripts/flowdocument/Resources/actionHtmls/9 Months to Complete Inspection.html, HTTP GET
?[32;1m[debug]?[0m [phantom] Navigation requested: url=file:///Users/zpeugh/code/min/scripts/flowdocument/Resources/actionHtmls/9 Months to Complete Inspection.html, type=Other, willNavigate=true, isMainFrame=true
?[32;1m[debug]?[0m [phantom] url changed to "file:///Users/zpeugh/code/min/scripts/flowdocument/Resources/actionHtmls/9 Months to Complete Inspection.html"
?[32;1m[debug]?[0m [phantom] Successfully injected Casper client-side utilities
?[36m[info]?[0m [phantom] Step anonymous 186/336: done in 12073ms.
?[36m[info]?[0m [phantom] Step _step 187/337: done in 12097ms.
?[36m[info]?[0m [phantom] waitFor() finished in 41ms.
?[32;1m[debug]?[0m [phantom] Capturing page to /Users/zpeugh/code/min/scripts/flowdocument/Resources/actionHtmls/actionPNGs/9 Months to Complete Inspection.png with clipRect {"top":15,"height":393,"left":62,"width":501}
?[36m[info]?[0m [phantom] Capture saved to /Users/zpeugh/code/min/scripts/flowdocument/Resources/actionHtmls/actionPNGs/9 Months to Complete Inspection.png
?[36m[info]?[0m [phantom] Step anonymous 188/338: done in 12233ms.
?[32;1m[debug]?[0m [phantom] opening url: file:///Users/zpeugh/code/min/scripts/flowdocument/Resources/actionHtmls/31 Day Reminder (repeating).html, HTTP GET
?[32;1m[debug]?[0m [phantom] Navigation requested: url=file:///Users/zpeugh/code/min/scripts/flowdocument/Resources/actionHtmls/31 Day Reminder (repeating).html, type=Other, willNavigate=true, isMainFrame=true
?[32;1m[debug]?[0m [phantom] url changed to "file:///Users/zpeugh/code/min/scripts/flowdocument/Resources/actionHtmls/31 Day Reminder (repeating).html"
?[32;1m[debug]?[0m [phantom] Successfully injected Casper client-side utilities
?[36m[info]?[0m [phantom] Step anonymous 190/338: done in 12307ms.
?[36m[info]?[0m [phantom] Step _step 191/339: done in 12329ms.
?[36m[info]?[0m [phantom] waitFor() finished in 45ms.
?[32;1m[debug]?[0m [phantom] Capturing page to /Users/zpeugh/code/min/scripts/flowdocument/Resources/actionHtmls/actionPNGs/31 Day Reminder (repeating).png with clipRect {"top":15,"height":393,"left":62,"width":501}
?[36m[info]?[0m [phantom] Capture saved to /Users/zpeugh/code/min/scripts/flowdocument/Resources/actionHtmls/actionPNGs/31 Day Reminder (repeating).png
?[36m[info]?[0m [phantom] Step anonymous 192/340: done in 12472ms.
?[32;1m[debug]?[0m [phantom] opening url: file:///Users/zpeugh/code/min/scripts/flowdocument/Resources/actionHtmls/Email Customer Instructions.html, HTTP GET
?[32;1m[debug]?[0m [phantom] Navigation requested: url=file:///Users/zpeugh/code/min/scripts/flowdocument/Resources/actionHtmls/Email Customer Instructions.html, type=Other, willNavigate=true, isMainFrame=true
?[32;1m[debug]?[0m [phantom] url changed to "file:///Users/zpeugh/code/min/scripts/flowdocument/Resources/actionHtmls/Email Customer Instructions.html"
?[32;1m[debug]?[0m [phantom] Successfully injected Casper client-side utilities
?[36m[info]?[0m [phantom] Step anonymous 194/340: done in 12548ms.
?[36m[info]?[0m [phantom] Step _step 195/341: done in 12572ms.
?[36m[info]?[0m [phantom] waitFor() finished in 42ms.
?[32;1m[debug]?[0m [phantom] Capturing page to /Users/zpeugh/code/min/scripts/flowdocument/Resources/actionHtmls/actionPNGs/Email Customer Instructions.png with clipRect {"top":15,"height":467,"left":62,"width":501}
?[36m[info]?[0m [phantom] Capture saved to /Users/zpeugh/code/min/scripts/flowdocument/Resources/actionHtmls/actionPNGs/Email Customer Instructions.png
?[36m[info]?[0m [phantom] Step anonymous 196/342: done in 12714ms.
?[32;1m[debug]?[0m [phantom] opening url: file:///Users/zpeugh/code/min/scripts/flowdocument/Resources/actionHtmls/18 Months to Complete Construction.html, HTTP GET
?[32;1m[debug]?[0m [phantom] Navigation requested: url=file:///Users/zpeugh/code/min/scripts/flowdocument/Resources/actionHtmls/18 Months to Complete Construction.html, type=Other, willNavigate=true, isMainFrame=true
?[32;1m[debug]?[0m [phantom] url changed to "file:///Users/zpeugh/code/min/scripts/flowdocument/Resources/actionHtmls/18 Months to Complete Construction.html"
?[32;1m[debug]?[0m [phantom] Successfully injected Casper client-side utilities
?[36m[info]?[0m [phantom] Step anonymous 198/342: done in 12797ms.
?[36m[info]?[0m [phantom] Step _step 199/343: done in 12820ms.
?[36m[info]?[0m [phantom] waitFor() finished in 48ms.
?[32;1m[debug]?[0m [phantom] Capturing page to /Users/zpeugh/code/min/scripts/flowdocument/Resources/actionHtmls/actionPNGs/18 Months to Complete Construction.png with clipRect {"top":15,"height":393,"left":62,"width":501}
?[36m[info]?[0m [phantom] Capture saved to /Users/zpeugh/code/min/scripts/flowdocument/Resources/actionHtmls/actionPNGs/18 Months to Complete Construction.png
?[36m[info]?[0m [phantom] Step anonymous 200/344: done in 12959ms.
?[32;1m[debug]?[0m [phantom] opening url: file:///Users/zpeugh/code/min/scripts/flowdocument/Resources/actionHtmls/Email Creator: Complete Denied Pole Form.html, HTTP GET
?[32;1m[debug]?[0m [phantom] Navigation requested: url=file:///Users/zpeugh/code/min/scripts/flowdocument/Resources/actionHtmls/Email Creator: Complete Denied Pole Form.html, type=Other, willNavigate=true, isMainFrame=true
?[32;1m[debug]?[0m [phantom] url changed to "file:///Users/zpeugh/code/min/scripts/flowdocument/Resources/actionHtmls/Email Creator: Complete Denied Pole Form.html"
?[32;1m[debug]?[0m [phantom] Successfully injected Casper client-side utilities
?[36m[info]?[0m [phantom] Step anonymous 202/344: done in 13028ms.
?[36m[info]?[0m [phantom] Step _step 203/345: done in 13052ms.
?[36m[info]?[0m [phantom] waitFor() finished in 42ms.
?[32;1m[debug]?[0m [phantom] Capturing page to /Users/zpeugh/code/min/scripts/flowdocument/Resources/actionHtmls/actionPNGs/Email Creator: Complete Denied Pole Form.png with clipRect {"top":15,"height":406,"left":62,"width":501}
?[36m[info]?[0m [phantom] Capture saved to /Users/zpeugh/code/min/scripts/flowdocument/Resources/actionHtmls/actionPNGs/Email Creator: Complete Denied Pole Form.png
?[36m[info]?[0m [phantom] Step anonymous 204/346: done in 13185ms.
?[32;1m[debug]?[0m [phantom] opening url: file:///Users/zpeugh/code/min/scripts/flowdocument/Resources/actionHtmls/Email Customer Canceled (due to PL).html, HTTP GET
?[32;1m[debug]?[0m [phantom] Navigation requested: url=file:///Users/zpeugh/code/min/scripts/flowdocument/Resources/actionHtmls/Email Customer Canceled (due to PL).html, type=Other, willNavigate=true, isMainFrame=true
?[32;1m[debug]?[0m [phantom] url changed to "file:///Users/zpeugh/code/min/scripts/flowdocument/Resources/actionHtmls/Email Customer Canceled (due to PL).html"
?[32;1m[debug]?[0m [phantom] Successfully injected Casper client-side utilities
?[36m[info]?[0m [phantom] Step anonymous 206/346: done in 13264ms.
?[36m[info]?[0m [phantom] Step _step 207/347: done in 13287ms.
?[36m[info]?[0m [phantom] waitFor() finished in 42ms.
?[32;1m[debug]?[0m [phantom] Capturing page to /Users/zpeugh/code/min/scripts/flowdocument/Resources/actionHtmls/actionPNGs/Email Customer Canceled (due to PL).png with clipRect {"top":15,"height":467,"left":62,"width":501}
?[36m[info]?[0m [phantom] Capture saved to /Users/zpeugh/code/min/scripts/flowdocument/Resources/actionHtmls/actionPNGs/Email Customer Canceled (due to PL).png
?[36m[info]?[0m [phantom] Step anonymous 208/348: done in 13422ms.
?[32;1m[debug]?[0m [phantom] opening url: file:///Users/zpeugh/code/min/scripts/flowdocument/Resources/actionHtmls/Email Assignee: Complete Forms.html, HTTP GET
?[32;1m[debug]?[0m [phantom] Navigation requested: url=file:///Users/zpeugh/code/min/scripts/flowdocument/Resources/actionHtmls/Email Assignee: Complete Forms.html, type=Other, willNavigate=true, isMainFrame=true
?[32;1m[debug]?[0m [phantom] url changed to "file:///Users/zpeugh/code/min/scripts/flowdocument/Resources/actionHtmls/Email Assignee: Complete Forms.html"
?[32;1m[debug]?[0m [phantom] Successfully injected Casper client-side utilities
?[36m[info]?[0m [phantom] Step anonymous 210/348: done in 13476ms.
?[36m[info]?[0m [phantom] Step _step 211/349: done in 13498ms.
?[36m[info]?[0m [phantom] waitFor() finished in 43ms.
?[32;1m[debug]?[0m [phantom] Capturing page to /Users/zpeugh/code/min/scripts/flowdocument/Resources/actionHtmls/actionPNGs/Email Assignee: Complete Forms.png with clipRect {"top":15,"height":406,"left":62,"width":501}
?[36m[info]?[0m [phantom] Capture saved to /Users/zpeugh/code/min/scripts/flowdocument/Resources/actionHtmls/actionPNGs/Email Assignee: Complete Forms.png
?[36m[info]?[0m [phantom] Step anonymous 212/350: done in 13634ms.
?[32;1m[debug]?[0m [phantom] opening url: file:///Users/zpeugh/code/min/scripts/flowdocument/Resources/actionHtmls/Unlock Project.html, HTTP GET
?[32;1m[debug]?[0m [phantom] Navigation requested: url=file:///Users/zpeugh/code/min/scripts/flowdocument/Resources/actionHtmls/Unlock Project.html, type=Other, willNavigate=true, isMainFrame=true
?[32;1m[debug]?[0m [phantom] url changed to "file:///Users/zpeugh/code/min/scripts/flowdocument/Resources/actionHtmls/Unlock Project.html"
?[32;1m[debug]?[0m [phantom] Successfully injected Casper client-side utilities
?[36m[info]?[0m [phantom] Step anonymous 214/350: done in 13684ms.
?[36m[info]?[0m [phantom] Step _step 215/351: done in 13704ms.
?[36m[info]?[0m [phantom] waitFor() finished in 44ms.
?[32;1m[debug]?[0m [phantom] Capturing page to /Users/zpeugh/code/min/scripts/flowdocument/Resources/actionHtmls/actionPNGs/Unlock Project.png with clipRect {"top":15,"height":245,"left":62,"width":501}
?[36m[info]?[0m [phantom] Capture saved to /Users/zpeugh/code/min/scripts/flowdocument/Resources/actionHtmls/actionPNGs/Unlock Project.png
?[36m[info]?[0m [phantom] Step anonymous 216/352: done in 13829ms.
?[32;1m[debug]?[0m [phantom] opening url: file:///Users/zpeugh/code/min/scripts/flowdocument/Resources/actionHtmls/Email All: Project Being Edited.html, HTTP GET
?[32;1m[debug]?[0m [phantom] Navigation requested: url=file:///Users/zpeugh/code/min/scripts/flowdocument/Resources/actionHtmls/Email All: Project Being Edited.html, type=Other, willNavigate=true, isMainFrame=true
?[32;1m[debug]?[0m [phantom] url changed to "file:///Users/zpeugh/code/min/scripts/flowdocument/Resources/actionHtmls/Email All: Project Being Edited.html"
?[32;1m[debug]?[0m [phantom] Successfully injected Casper client-side utilities
?[36m[info]?[0m [phantom] Step anonymous 218/352: done in 13882ms.
?[36m[info]?[0m [phantom] Step _step 219/353: done in 13902ms.
?[36m[info]?[0m [phantom] waitFor() finished in 43ms.
?[32;1m[debug]?[0m [phantom] Capturing page to /Users/zpeugh/code/min/scripts/flowdocument/Resources/actionHtmls/actionPNGs/Email All: Project Being Edited.png with clipRect {"top":15,"height":406,"left":62,"width":501}
?[36m[info]?[0m [phantom] Capture saved to /Users/zpeugh/code/min/scripts/flowdocument/Resources/actionHtmls/actionPNGs/Email All: Project Being Edited.png
?[36m[info]?[0m [phantom] Step anonymous 220/354: done in 14036ms.
?[32;1m[debug]?[0m [phantom] opening url: file:///Users/zpeugh/code/min/scripts/flowdocument/Resources/actionHtmls/14 Days to Fix Clock and Auto Advance.html, HTTP GET
?[32;1m[debug]?[0m [phantom] Navigation requested: url=file:///Users/zpeugh/code/min/scripts/flowdocument/Resources/actionHtmls/14 Days to Fix Clock and Auto Advance.html, type=Other, willNavigate=true, isMainFrame=true
?[32;1m[debug]?[0m [phantom] url changed to "file:///Users/zpeugh/code/min/scripts/flowdocument/Resources/actionHtmls/14 Days to Fix Clock and Auto Advance.html"
?[32;1m[debug]?[0m [phantom] Successfully injected Casper client-side utilities
?[36m[info]?[0m [phantom] Step anonymous 222/354: done in 14106ms.
?[36m[info]?[0m [phantom] Step _step 223/355: done in 14126ms.
?[36m[info]?[0m [phantom] waitFor() finished in 45ms.
?[32;1m[debug]?[0m [phantom] Capturing page to /Users/zpeugh/code/min/scripts/flowdocument/Resources/actionHtmls/actionPNGs/14 Days to Fix Clock and Auto Advance.png with clipRect {"top":15,"height":393,"left":62,"width":501}
?[36m[info]?[0m [phantom] Capture saved to /Users/zpeugh/code/min/scripts/flowdocument/Resources/actionHtmls/actionPNGs/14 Days to Fix Clock and Auto Advance.png
?[36m[info]?[0m [phantom] Step anonymous 224/356: done in 14263ms.
?[32;1m[debug]?[0m [phantom] opening url: file:///Users/zpeugh/code/min/scripts/flowdocument/Resources/actionHtmls/Email Customer: Denied Notification.html, HTTP GET
?[32;1m[debug]?[0m [phantom] Navigation requested: url=file:///Users/zpeugh/code/min/scripts/flowdocument/Resources/actionHtmls/Email Customer: Denied Notification.html, type=Other, willNavigate=true, isMainFrame=true
?[32;1m[debug]?[0m [phantom] url changed to "file:///Users/zpeugh/code/min/scripts/flowdocument/Resources/actionHtmls/Email Customer: Denied Notification.html"
?[32;1m[debug]?[0m [phantom] Successfully injected Casper client-side utilities
?[36m[info]?[0m [phantom] Step anonymous 226/356: done in 14323ms.
?[36m[info]?[0m [phantom] Step _step 227/357: done in 14344ms.
?[36m[info]?[0m [phantom] waitFor() finished in 42ms.
?[32;1m[debug]?[0m [phantom] Capturing page to /Users/zpeugh/code/min/scripts/flowdocument/Resources/actionHtmls/actionPNGs/Email Customer: Denied Notification.png with clipRect {"top":15,"height":406,"left":62,"width":501}
?[36m[info]?[0m [phantom] Capture saved to /Users/zpeugh/code/min/scripts/flowdocument/Resources/actionHtmls/actionPNGs/Email Customer: Denied Notification.png
?[36m[info]?[0m [phantom] Step anonymous 228/358: done in 14477ms.
?[32;1m[debug]?[0m [phantom] opening url: file:///Users/zpeugh/code/min/scripts/flowdocument/Resources/actionHtmls/Email Assignee: All Stations Denied.html, HTTP GET
?[32;1m[debug]?[0m [phantom] Navigation requested: url=file:///Users/zpeugh/code/min/scripts/flowdocument/Resources/actionHtmls/Email Assignee: All Stations Denied.html, type=Other, willNavigate=true, isMainFrame=true
?[32;1m[debug]?[0m [phantom] url changed to "file:///Users/zpeugh/code/min/scripts/flowdocument/Resources/actionHtmls/Email Assignee: All Stations Denied.html"
?[32;1m[debug]?[0m [phantom] Successfully injected Casper client-side utilities
?[36m[info]?[0m [phantom] Step anonymous 230/358: done in 14583ms.
?[36m[info]?[0m [phantom] Step _step 231/359: done in 14606ms.
?[36m[info]?[0m [phantom] waitFor() finished in 41ms.
?[32;1m[debug]?[0m [phantom] Capturing page to /Users/zpeugh/code/min/scripts/flowdocument/Resources/actionHtmls/actionPNGs/Email Assignee: All Stations Denied.png with clipRect {"top":15,"height":406,"left":62,"width":501}
?[36m[info]?[0m [phantom] Capture saved to /Users/zpeugh/code/min/scripts/flowdocument/Resources/actionHtmls/actionPNGs/Email Assignee: All Stations Denied.png
?[36m[info]?[0m [phantom] Step anonymous 232/360: done in 14735ms.
?[32;1m[debug]?[0m [phantom] opening url: file:///Users/zpeugh/code/min/scripts/flowdocument/Resources/actionHtmls/Email Assignee: Set Station Statuses.html, HTTP GET
?[32;1m[debug]?[0m [phantom] Navigation requested: url=file:///Users/zpeugh/code/min/scripts/flowdocument/Resources/actionHtmls/Email Assignee: Set Station Statuses.html, type=Other, willNavigate=true, isMainFrame=true
?[32;1m[debug]?[0m [phantom] url changed to "file:///Users/zpeugh/code/min/scripts/flowdocument/Resources/actionHtmls/Email Assignee: Set Station Statuses.html"
?[32;1m[debug]?[0m [phantom] Successfully injected Casper client-side utilities
?[36m[info]?[0m [phantom] Step anonymous 234/360: done in 14785ms.
?[36m[info]?[0m [phantom] Step _step 235/361: done in 14808ms.
?[36m[info]?[0m [phantom] waitFor() finished in 43ms.
?[32;1m[debug]?[0m [phantom] Capturing page to /Users/zpeugh/code/min/scripts/flowdocument/Resources/actionHtmls/actionPNGs/Email Assignee: Set Station Statuses.png with clipRect {"top":15,"height":406,"left":62,"width":501}
?[36m[info]?[0m [phantom] Capture saved to /Users/zpeugh/code/min/scripts/flowdocument/Resources/actionHtmls/actionPNGs/Email Assignee: Set Station Statuses.png
?[36m[info]?[0m [phantom] Step anonymous 236/362: done in 14941ms.
?[32;1m[debug]?[0m [phantom] opening url: file:///Users/zpeugh/code/min/scripts/flowdocument/Resources/actionHtmls/Email Inspector Corrections Required.html, HTTP GET
?[32;1m[debug]?[0m [phantom] Navigation requested: url=file:///Users/zpeugh/code/min/scripts/flowdocument/Resources/actionHtmls/Email Inspector Corrections Required.html, type=Other, willNavigate=true, isMainFrame=true
?[32;1m[debug]?[0m [phantom] url changed to "file:///Users/zpeugh/code/min/scripts/flowdocument/Resources/actionHtmls/Email Inspector Corrections Required.html"
?[32;1m[debug]?[0m [phantom] Successfully injected Casper client-side utilities
?[36m[info]?[0m [phantom] Step anonymous 238/362: done in 15020ms.
?[36m[info]?[0m [phantom] Step _step 239/363: done in 15041ms.
?[36m[info]?[0m [phantom] waitFor() finished in 42ms.
?[32;1m[debug]?[0m [phantom] Capturing page to /Users/zpeugh/code/min/scripts/flowdocument/Resources/actionHtmls/actionPNGs/Email Inspector Corrections Required.png with clipRect {"top":15,"height":467,"left":62,"width":501}
?[36m[info]?[0m [phantom] Capture saved to /Users/zpeugh/code/min/scripts/flowdocument/Resources/actionHtmls/actionPNGs/Email Inspector Corrections Required.png
?[36m[info]?[0m [phantom] Step anonymous 240/364: done in 15180ms.
?[32;1m[debug]?[0m [phantom] opening url: file:///Users/zpeugh/code/min/scripts/flowdocument/Resources/actionHtmls/Assign Inspector.html, HTTP GET
?[32;1m[debug]?[0m [phantom] Navigation requested: url=file:///Users/zpeugh/code/min/scripts/flowdocument/Resources/actionHtmls/Assign Inspector.html, type=Other, willNavigate=true, isMainFrame=true
?[32;1m[debug]?[0m [phantom] url changed to "file:///Users/zpeugh/code/min/scripts/flowdocument/Resources/actionHtmls/Assign Inspector.html"
?[32;1m[debug]?[0m [phantom] Successfully injected Casper client-side utilities
?[36m[info]?[0m [phantom] Step anonymous 242/364: done in 15251ms.
?[36m[info]?[0m [phantom] Step _step 243/365: done in 15274ms.
?[36m[info]?[0m [phantom] waitFor() finished in 44ms.
?[32;1m[debug]?[0m [phantom] Capturing page to /Users/zpeugh/code/min/scripts/flowdocument/Resources/actionHtmls/actionPNGs/Assign Inspector.png with clipRect {"top":15,"height":467,"left":62,"width":501}
?[36m[info]?[0m [phantom] Capture saved to /Users/zpeugh/code/min/scripts/flowdocument/Resources/actionHtmls/actionPNGs/Assign Inspector.png
?[36m[info]?[0m [phantom] Step anonymous 244/366: done in 15411ms.
?[32;1m[debug]?[0m [phantom] opening url: file:///Users/zpeugh/code/min/scripts/flowdocument/Resources/actionHtmls/Email Assignee: Set All Station Statuses.html, HTTP GET
?[32;1m[debug]?[0m [phantom] Navigation requested: url=file:///Users/zpeugh/code/min/scripts/flowdocument/Resources/actionHtmls/Email Assignee: Set All Station Statuses.html, type=Other, willNavigate=true, isMainFrame=true
?[32;1m[debug]?[0m [phantom] url changed to "file:///Users/zpeugh/code/min/scripts/flowdocument/Resources/actionHtmls/Email Assignee: Set All Station Statuses.html"
?[32;1m[debug]?[0m [phantom] Successfully injected Casper client-side utilities
?[36m[info]?[0m [phantom] Step anonymous 246/366: done in 15463ms.
?[32;1m[debug]?[0m [phantom] opening url: file:///Users/zpeugh/code/min/scripts/flowdocument/Resources/actionHtmls/Email Assignee: Set All Station Statuses.html, HTTP GET
?[32;1m[debug]?[0m [phantom] Navigation requested: url=file:///Users/zpeugh/code/min/scripts/flowdocument/Resources/actionHtmls/Email Assignee: Set All Station Statuses.html, type=Other, willNavigate=true, isMainFrame=true
?[32;1m[debug]?[0m [phantom] url changed to "file:///Users/zpeugh/code/min/scripts/flowdocument/Resources/actionHtmls/Email Assignee: Set All Station Statuses.html"
?[32;1m[debug]?[0m [phantom] Successfully injected Casper client-side utilities
?[36m[info]?[0m [phantom] Step anonymous 248/368: done in 15536ms.
?[32;1m[debug]?[0m [phantom] opening url: file:///Users/zpeugh/code/min/scripts/flowdocument/Resources/actionHtmls/Set Sub Planning.html, HTTP GET
?[32;1m[debug]?[0m [phantom] Navigation requested: url=file:///Users/zpeugh/code/min/scripts/flowdocument/Resources/actionHtmls/Set Sub Planning.html, type=Other, willNavigate=true, isMainFrame=true
?[32;1m[debug]?[0m [phantom] url changed to "file:///Users/zpeugh/code/min/scripts/flowdocument/Resources/actionHtmls/Set Sub Planning.html"
?[32;1m[debug]?[0m [phantom] Successfully injected Casper client-side utilities
?[36m[info]?[0m [phantom] Step anonymous 250/368: done in 15607ms.
?[32;1m[debug]?[0m [phantom] opening url: file:///Users/zpeugh/code/min/scripts/flowdocument/Resources/actionHtmls/Set Sub Planning.html, HTTP GET
?[32;1m[debug]?[0m [phantom] Navigation requested: url=file:///Users/zpeugh/code/min/scripts/flowdocument/Resources/actionHtmls/Set Sub Planning.html, type=Other, willNavigate=true, isMainFrame=true
?[32;1m[debug]?[0m [phantom] url changed to "file:///Users/zpeugh/code/min/scripts/flowdocument/Resources/actionHtmls/Set Sub Planning.html"
?[32;1m[debug]?[0m [phantom] Successfully injected Casper client-side utilities
?[36m[info]?[0m [phantom] Step anonymous 252/370: done in 15680ms.
?[32;1m[debug]?[0m [phantom] opening url: file:///Users/zpeugh/code/min/scripts/flowdocument/Resources/actionHtmls/Pull Photos From Calc.html, HTTP GET
?[32;1m[debug]?[0m [phantom] Navigation requested: url=file:///Users/zpeugh/code/min/scripts/flowdocument/Resources/actionHtmls/Pull Photos From Calc.html, type=Other, willNavigate=true, isMainFrame=true
?[32;1m[debug]?[0m [phantom] url changed to "file:///Users/zpeugh/code/min/scripts/flowdocument/Resources/actionHtmls/Pull Photos From Calc.html"
?[32;1m[debug]?[0m [phantom] Successfully injected Casper client-side utilities
?[36m[info]?[0m [phantom] Step anonymous 254/370: done in 15751ms.
?[32;1m[debug]?[0m [phantom] opening url: file:///Users/zpeugh/code/min/scripts/flowdocument/Resources/actionHtmls/Pull Photos From Calc.html, HTTP GET
?[32;1m[debug]?[0m [phantom] Navigation requested: url=file:///Users/zpeugh/code/min/scripts/flowdocument/Resources/actionHtmls/Pull Photos From Calc.html, type=Other, willNavigate=true, isMainFrame=true
?[32;1m[debug]?[0m [phantom] url changed to "file:///Users/zpeugh/code/min/scripts/flowdocument/Resources/actionHtmls/Pull Photos From Calc.html"
?[32;1m[debug]?[0m [phantom] Successfully injected Casper client-side utilities
?[36m[info]?[0m [phantom] Step anonymous 256/372: done in 15830ms.
?[32;1m[debug]?[0m [phantom] opening url: file:///Users/zpeugh/code/min/scripts/flowdocument/Resources/actionHtmls/Email Customer: Complete Forms.html, HTTP GET
?[32;1m[debug]?[0m [phantom] Navigation requested: url=file:///Users/zpeugh/code/min/scripts/flowdocument/Resources/actionHtmls/Email Customer: Complete Forms.html, type=Other, willNavigate=true, isMainFrame=true
?[32;1m[debug]?[0m [phantom] url changed to "file:///Users/zpeugh/code/min/scripts/flowdocument/Resources/actionHtmls/Email Customer: Complete Forms.html"
?[32;1m[debug]?[0m [phantom] Successfully injected Casper client-side utilities
?[36m[info]?[0m [phantom] Step anonymous 258/372: done in 15903ms.
?[32;1m[debug]?[0m [phantom] opening url: file:///Users/zpeugh/code/min/scripts/flowdocument/Resources/actionHtmls/Email Customer: Complete Forms.html, HTTP GET
?[32;1m[debug]?[0m [phantom] Navigation requested: url=file:///Users/zpeugh/code/min/scripts/flowdocument/Resources/actionHtmls/Email Customer: Complete Forms.html, type=Other, willNavigate=true, isMainFrame=true
?[32;1m[debug]?[0m [phantom] url changed to "file:///Users/zpeugh/code/min/scripts/flowdocument/Resources/actionHtmls/Email Customer: Complete Forms.html"
?[32;1m[debug]?[0m [phantom] Successfully injected Casper client-side utilities
?[36m[info]?[0m [phantom] Step anonymous 260/374: done in 15974ms.
?[32;1m[debug]?[0m [phantom] opening url: file:///Users/zpeugh/code/min/scripts/flowdocument/Resources/actionHtmls/Email assignee poles not all approved correctstatuses and advance.html, HTTP GET
?[32;1m[debug]?[0m [phantom] Navigation requested: url=file:///Users/zpeugh/code/min/scripts/flowdocument/Resources/actionHtmls/Email assignee poles not all approved correctstatuses and advance.html, type=Other, willNavigate=true, isMainFrame=true
?[32;1m[debug]?[0m [phantom] url changed to "file:///Users/zpeugh/code/min/scripts/flowdocument/Resources/actionHtmls/Email assignee poles not all approved correctstatuses and advance.html"
?[32;1m[debug]?[0m [phantom] Successfully injected Casper client-side utilities
?[36m[info]?[0m [phantom] Step anonymous 262/374: done in 16043ms.
?[32;1m[debug]?[0m [phantom] opening url: file:///Users/zpeugh/code/min/scripts/flowdocument/Resources/actionHtmls/Email assignee poles not all approved correctstatuses and advance.html, HTTP GET
?[32;1m[debug]?[0m [phantom] Navigation requested: url=file:///Users/zpeugh/code/min/scripts/flowdocument/Resources/actionHtmls/Email assignee poles not all approved correctstatuses and advance.html, type=Other, willNavigate=true, isMainFrame=true
?[32;1m[debug]?[0m [phantom] url changed to "file:///Users/zpeugh/code/min/scripts/flowdocument/Resources/actionHtmls/Email assignee poles not all approved correctstatuses and advance.html"
?[32;1m[debug]?[0m [phantom] Successfully injected Casper client-side utilities
?[36m[info]?[0m [phantom] Step anonymous 264/376: done in 16116ms.
?[32;1m[debug]?[0m [phantom] opening url: file:///Users/zpeugh/code/min/scripts/flowdocument/Resources/actionHtmls/Update Rental Application Status.html, HTTP GET
?[32;1m[debug]?[0m [phantom] Navigation requested: url=file:///Users/zpeugh/code/min/scripts/flowdocument/Resources/actionHtmls/Update Rental Application Status.html, type=Other, willNavigate=true, isMainFrame=true
?[32;1m[debug]?[0m [phantom] url changed to "file:///Users/zpeugh/code/min/scripts/flowdocument/Resources/actionHtmls/Update Rental Application Status.html"
?[32;1m[debug]?[0m [phantom] Successfully injected Casper client-side utilities
?[36m[info]?[0m [phantom] Step anonymous 266/376: done in 16189ms.
?[32;1m[debug]?[0m [phantom] opening url: file:///Users/zpeugh/code/min/scripts/flowdocument/Resources/actionHtmls/Update Rental Application Status.html, HTTP GET
?[32;1m[debug]?[0m [phantom] Navigation requested: url=file:///Users/zpeugh/code/min/scripts/flowdocument/Resources/actionHtmls/Update Rental Application Status.html, type=Other, willNavigate=true, isMainFrame=true
?[32;1m[debug]?[0m [phantom] url changed to "file:///Users/zpeugh/code/min/scripts/flowdocument/Resources/actionHtmls/Update Rental Application Status.html"
?[32;1m[debug]?[0m [phantom] Successfully injected Casper client-side utilities
?[36m[info]?[0m [phantom] Step anonymous 268/378: done in 16273ms.
?[32;1m[debug]?[0m [phantom] opening url: file:///Users/zpeugh/code/min/scripts/flowdocument/Resources/actionHtmls/Lock Pole Count.html, HTTP GET
?[32;1m[debug]?[0m [phantom] Navigation requested: url=file:///Users/zpeugh/code/min/scripts/flowdocument/Resources/actionHtmls/Lock Pole Count.html, type=Other, willNavigate=true, isMainFrame=true
?[32;1m[debug]?[0m [phantom] url changed to "file:///Users/zpeugh/code/min/scripts/flowdocument/Resources/actionHtmls/Lock Pole Count.html"
?[32;1m[debug]?[0m [phantom] Successfully injected Casper client-side utilities
?[36m[info]?[0m [phantom] Step anonymous 270/378: done in 16346ms.
?[32;1m[debug]?[0m [phantom] opening url: file:///Users/zpeugh/code/min/scripts/flowdocument/Resources/actionHtmls/Lock Pole Count.html, HTTP GET
?[32;1m[debug]?[0m [phantom] Navigation requested: url=file:///Users/zpeugh/code/min/scripts/flowdocument/Resources/actionHtmls/Lock Pole Count.html, type=Other, willNavigate=true, isMainFrame=true
?[32;1m[debug]?[0m [phantom] url changed to "file:///Users/zpeugh/code/min/scripts/flowdocument/Resources/actionHtmls/Lock Pole Count.html"
?[32;1m[debug]?[0m [phantom] Successfully injected Casper client-side utilities
?[36m[info]?[0m [phantom] Step anonymous 272/380: done in 16419ms.
?[32;1m[debug]?[0m [phantom] opening url: file:///Users/zpeugh/code/min/scripts/flowdocument/Resources/actionHtmls/Station Action.html, HTTP GET
?[32;1m[debug]?[0m [phantom] Navigation requested: url=file:///Users/zpeugh/code/min/scripts/flowdocument/Resources/actionHtmls/Station Action.html, type=Other, willNavigate=true, isMainFrame=true
?[32;1m[debug]?[0m [phantom] url changed to "file:///Users/zpeugh/code/min/scripts/flowdocument/Resources/actionHtmls/Station Action.html"
?[32;1m[debug]?[0m [phantom] Successfully injected Casper client-side utilities
?[36m[info]?[0m [phantom] Step anonymous 274/380: done in 16492ms.
?[32;1m[debug]?[0m [phantom] opening url: file:///Users/zpeugh/code/min/scripts/flowdocument/Resources/actionHtmls/Station Action.html, HTTP GET
?[32;1m[debug]?[0m [phantom] Navigation requested: url=file:///Users/zpeugh/code/min/scripts/flowdocument/Resources/actionHtmls/Station Action.html, type=Other, willNavigate=true, isMainFrame=true
?[32;1m[debug]?[0m [phantom] url changed to "file:///Users/zpeugh/code/min/scripts/flowdocument/Resources/actionHtmls/Station Action.html"
?[32;1m[debug]?[0m [phantom] Successfully injected Casper client-side utilities
?[36m[info]?[0m [phantom] Step anonymous 276/382: done in 16565ms.
?[32;1m[debug]?[0m [phantom] opening url: file:///Users/zpeugh/code/min/scripts/flowdocument/Resources/actionHtmls/Email Assignee Not all Poles Denied.html, HTTP GET
?[32;1m[debug]?[0m [phantom] Navigation requested: url=file:///Users/zpeugh/code/min/scripts/flowdocument/Resources/actionHtmls/Email Assignee Not all Poles Denied.html, type=Other, willNavigate=true, isMainFrame=true
?[32;1m[debug]?[0m [phantom] url changed to "file:///Users/zpeugh/code/min/scripts/flowdocument/Resources/actionHtmls/Email Assignee Not all Poles Denied.html"
?[32;1m[debug]?[0m [phantom] Successfully injected Casper client-side utilities
?[36m[info]?[0m [phantom] Step anonymous 278/382: done in 16639ms.
?[32;1m[debug]?[0m [phantom] opening url: file:///Users/zpeugh/code/min/scripts/flowdocument/Resources/actionHtmls/Email Assignee Not all Poles Denied.html, HTTP GET
?[32;1m[debug]?[0m [phantom] Navigation requested: url=file:///Users/zpeugh/code/min/scripts/flowdocument/Resources/actionHtmls/Email Assignee Not all Poles Denied.html, type=Other, willNavigate=true, isMainFrame=true
?[32;1m[debug]?[0m [phantom] url changed to "file:///Users/zpeugh/code/min/scripts/flowdocument/Resources/actionHtmls/Email Assignee Not all Poles Denied.html"
?[32;1m[debug]?[0m [phantom] Successfully injected Casper client-side utilities
?[36m[info]?[0m [phantom] Step anonymous 280/384: done in 16714ms.
?[32;1m[debug]?[0m [phantom] opening url: file:///Users/zpeugh/code/min/scripts/flowdocument/Resources/actionHtmls/Assign JPO Admin.html, HTTP GET
?[32;1m[debug]?[0m [phantom] Navigation requested: url=file:///Users/zpeugh/code/min/scripts/flowdocument/Resources/actionHtmls/Assign JPO Admin.html, type=Other, willNavigate=true, isMainFrame=true
?[32;1m[debug]?[0m [phantom] url changed to "file:///Users/zpeugh/code/min/scripts/flowdocument/Resources/actionHtmls/Assign JPO Admin.html"
?[32;1m[debug]?[0m [phantom] Successfully injected Casper client-side utilities
?[36m[info]?[0m [phantom] Step anonymous 282/384: done in 16786ms.
?[32;1m[debug]?[0m [phantom] opening url: file:///Users/zpeugh/code/min/scripts/flowdocument/Resources/actionHtmls/Assign JPO Admin.html, HTTP GET
?[32;1m[debug]?[0m [phantom] Navigation requested: url=file:///Users/zpeugh/code/min/scripts/flowdocument/Resources/actionHtmls/Assign JPO Admin.html, type=Other, willNavigate=true, isMainFrame=true
?[32;1m[debug]?[0m [phantom] url changed to "file:///Users/zpeugh/code/min/scripts/flowdocument/Resources/actionHtmls/Assign JPO Admin.html"
?[32;1m[debug]?[0m [phantom] Successfully injected Casper client-side utilities
?[36m[info]?[0m [phantom] Step anonymous 284/386: done in 16862ms.
?[32;1m[debug]?[0m [phantom] opening url: file:///Users/zpeugh/code/min/scripts/flowdocument/Resources/actionHtmls/Creat Notification Against Failed Structure IDs.html, HTTP GET
?[32;1m[debug]?[0m [phantom] Navigation requested: url=file:///Users/zpeugh/code/min/scripts/flowdocument/Resources/actionHtmls/Creat Notification Against Failed Structure IDs.html, type=Other, willNavigate=true, isMainFrame=true
?[32;1m[debug]?[0m [phantom] url changed to "file:///Users/zpeugh/code/min/scripts/flowdocument/Resources/actionHtmls/Creat Notification Against Failed Structure IDs.html"
?[32;1m[debug]?[0m [phantom] Successfully injected Casper client-side utilities
?[36m[info]?[0m [phantom] Step anonymous 286/386: done in 16936ms.
?[32;1m[debug]?[0m [phantom] opening url: file:///Users/zpeugh/code/min/scripts/flowdocument/Resources/actionHtmls/Creat Notification Against Failed Structure IDs.html, HTTP GET
?[32;1m[debug]?[0m [phantom] Navigation requested: url=file:///Users/zpeugh/code/min/scripts/flowdocument/Resources/actionHtmls/Creat Notification Against Failed Structure IDs.html, type=Other, willNavigate=true, isMainFrame=true
?[32;1m[debug]?[0m [phantom] url changed to "file:///Users/zpeugh/code/min/scripts/flowdocument/Resources/actionHtmls/Creat Notification Against Failed Structure IDs.html"
?[32;1m[debug]?[0m [phantom] Successfully injected Casper client-side utilities
?[36m[info]?[0m [phantom] Step anonymous 288/388: done in 17011ms.
?[32;1m[debug]?[0m [phantom] opening url: file:///Users/zpeugh/code/min/scripts/flowdocument/Resources/actionHtmls/Create E2 for Found Poles.html, HTTP GET
?[32;1m[debug]?[0m [phantom] Navigation requested: url=file:///Users/zpeugh/code/min/scripts/flowdocument/Resources/actionHtmls/Create E2 for Found Poles.html, type=Other, willNavigate=true, isMainFrame=true
?[32;1m[debug]?[0m [phantom] url changed to "file:///Users/zpeugh/code/min/scripts/flowdocument/Resources/actionHtmls/Create E2 for Found Poles.html"
?[32;1m[debug]?[0m [phantom] Successfully injected Casper client-side utilities
?[36m[info]?[0m [phantom] Step anonymous 290/388: done in 17080ms.
?[32;1m[debug]?[0m [phantom] opening url: file:///Users/zpeugh/code/min/scripts/flowdocument/Resources/actionHtmls/Create E2 for Found Poles.html, HTTP GET
?[32;1m[debug]?[0m [phantom] Navigation requested: url=file:///Users/zpeugh/code/min/scripts/flowdocument/Resources/actionHtmls/Create E2 for Found Poles.html, type=Other, willNavigate=true, isMainFrame=true
?[32;1m[debug]?[0m [phantom] url changed to "file:///Users/zpeugh/code/min/scripts/flowdocument/Resources/actionHtmls/Create E2 for Found Poles.html"
?[32;1m[debug]?[0m [phantom] Successfully injected Casper client-side utilities
?[36m[info]?[0m [phantom] Step anonymous 292/390: done in 17157ms.
?[32;1m[debug]?[0m [phantom] opening url: file:///Users/zpeugh/code/min/scripts/flowdocument/Resources/actionHtmls/Email Customer: Complete Form 48.html, HTTP GET
?[32;1m[debug]?[0m [phantom] Navigation requested: url=file:///Users/zpeugh/code/min/scripts/flowdocument/Resources/actionHtmls/Email Customer: Complete Form 48.html, type=Other, willNavigate=true, isMainFrame=true
?[32;1m[debug]?[0m [phantom] url changed to "file:///Users/zpeugh/code/min/scripts/flowdocument/Resources/actionHtmls/Email Customer: Complete Form 48.html"
?[32;1m[debug]?[0m [phantom] Successfully injected Casper client-side utilities
?[36m[info]?[0m [phantom] Step anonymous 294/390: done in 17227ms.
?[32;1m[debug]?[0m [phantom] opening url: file:///Users/zpeugh/code/min/scripts/flowdocument/Resources/actionHtmls/Email Customer: Complete Form 48.html, HTTP GET
?[32;1m[debug]?[0m [phantom] Navigation requested: url=file:///Users/zpeugh/code/min/scripts/flowdocument/Resources/actionHtmls/Email Customer: Complete Form 48.html, type=Other, willNavigate=true, isMainFrame=true
?[32;1m[debug]?[0m [phantom] url changed to "file:///Users/zpeugh/code/min/scripts/flowdocument/Resources/actionHtmls/Email Customer: Complete Form 48.html"
?[32;1m[debug]?[0m [phantom] Successfully injected Casper client-side utilities
?[36m[info]?[0m [phantom] Step anonymous 296/392: done in 17301ms.
?[32;1m[debug]?[0m [phantom] opening url: file:///Users/zpeugh/code/min/scripts/flowdocument/Resources/actionHtmls/Email: Inspector to complete pole forms.html, HTTP GET
?[32;1m[debug]?[0m [phantom] Navigation requested: url=file:///Users/zpeugh/code/min/scripts/flowdocument/Resources/actionHtmls/Email: Inspector to complete pole forms.html, type=Other, willNavigate=true, isMainFrame=true
?[32;1m[debug]?[0m [phantom] url changed to "file:///Users/zpeugh/code/min/scripts/flowdocument/Resources/actionHtmls/Email: Inspector to complete pole forms.html"
?[32;1m[debug]?[0m [phantom] Successfully injected Casper client-side utilities
?[36m[info]?[0m [phantom] Step anonymous 298/392: done in 17370ms.
?[32;1m[debug]?[0m [phantom] opening url: file:///Users/zpeugh/code/min/scripts/flowdocument/Resources/actionHtmls/Email: Inspector to complete pole forms.html, HTTP GET
?[32;1m[debug]?[0m [phantom] Navigation requested: url=file:///Users/zpeugh/code/min/scripts/flowdocument/Resources/actionHtmls/Email: Inspector to complete pole forms.html, type=Other, willNavigate=true, isMainFrame=true
?[32;1m[debug]?[0m [phantom] url changed to "file:///Users/zpeugh/code/min/scripts/flowdocument/Resources/actionHtmls/Email: Inspector to complete pole forms.html"
?[32;1m[debug]?[0m [phantom] Successfully injected Casper client-side utilities
?[36m[info]?[0m [phantom] Step anonymous 300/394: done in 17441ms.
?[32;1m[debug]?[0m [phantom] opening url: file:///Users/zpeugh/code/min/scripts/flowdocument/Resources/actionHtmls/Email Customer: Project Closed.html, HTTP GET
?[32;1m[debug]?[0m [phantom] Navigation requested: url=file:///Users/zpeugh/code/min/scripts/flowdocument/Resources/actionHtmls/Email Customer: Project Closed.html, type=Other, willNavigate=true, isMainFrame=true
?[32;1m[debug]?[0m [phantom] url changed to "file:///Users/zpeugh/code/min/scripts/flowdocument/Resources/actionHtmls/Email Customer: Project Closed.html"
?[32;1m[debug]?[0m [phantom] Successfully injected Casper client-side utilities
?[36m[info]?[0m [phantom] Step anonymous 302/394: done in 17512ms.
?[32;1m[debug]?[0m [phantom] opening url: file:///Users/zpeugh/code/min/scripts/flowdocument/Resources/actionHtmls/Email Customer: Project Closed.html, HTTP GET
?[32;1m[debug]?[0m [phantom] Navigation requested: url=file:///Users/zpeugh/code/min/scripts/flowdocument/Resources/actionHtmls/Email Customer: Project Closed.html, type=Other, willNavigate=true, isMainFrame=true
?[32;1m[debug]?[0m [phantom] url changed to "file:///Users/zpeugh/code/min/scripts/flowdocument/Resources/actionHtmls/Email Customer: Project Closed.html"
?[32;1m[debug]?[0m [phantom] Successfully injected Casper client-side utilities
?[36m[info]?[0m [phantom] Step anonymous 304/396: done in 17588ms.
?[32;1m[debug]?[0m [phantom] opening url: file:///Users/zpeugh/code/min/scripts/flowdocument/Resources/actionHtmls/Pull Forms From Calc.html, HTTP GET
?[32;1m[debug]?[0m [phantom] Navigation requested: url=file:///Users/zpeugh/code/min/scripts/flowdocument/Resources/actionHtmls/Pull Forms From Calc.html, type=Other, willNavigate=true, isMainFrame=true
?[32;1m[debug]?[0m [phantom] url changed to "file:///Users/zpeugh/code/min/scripts/flowdocument/Resources/actionHtmls/Pull Forms From Calc.html"
?[32;1m[debug]?[0m [phantom] Successfully injected Casper client-side utilities
?[36m[info]?[0m [phantom] Step anonymous 306/396: done in 17661ms.
?[32;1m[debug]?[0m [phantom] opening url: file:///Users/zpeugh/code/min/scripts/flowdocument/Resources/actionHtmls/Pull Forms From Calc.html, HTTP GET
?[32;1m[debug]?[0m [phantom] Navigation requested: url=file:///Users/zpeugh/code/min/scripts/flowdocument/Resources/actionHtmls/Pull Forms From Calc.html, type=Other, willNavigate=true, isMainFrame=true
?[32;1m[debug]?[0m [phantom] url changed to "file:///Users/zpeugh/code/min/scripts/flowdocument/Resources/actionHtmls/Pull Forms From Calc.html"
?[32;1m[debug]?[0m [phantom] Successfully injected Casper client-side utilities
?[36m[info]?[0m [phantom] Step anonymous 308/398: done in 17757ms.
?[32;1m[debug]?[0m [phantom] opening url: file:///Users/zpeugh/code/min/scripts/flowdocument/Resources/actionHtmls/Email Inspector: Ensure Forms are Complete and Calc Uploaded(checklist?).html, HTTP GET
?[32;1m[debug]?[0m [phantom] Navigation requested: url=file:///Users/zpeugh/code/min/scripts/flowdocument/Resources/actionHtmls/Email Inspector: Ensure Forms are Complete and Calc Uploaded(checklist?).html, type=Other, willNavigate=true, isMainFrame=true
?[33m[warning]?[0m [phantom] Loading resource failed with status=fail: file:///Users/zpeugh/code/min/scripts/flowdocument/Resources/actionHtmls/Email Inspector: Ensure Forms are Complete and Calc Uploaded(checklist?).html
?[36m[info]?[0m [phantom] Step anonymous 310/398: done in 17783ms.
?[32;1m[debug]?[0m [phantom] opening url: file:///Users/zpeugh/code/min/scripts/flowdocument/Resources/actionHtmls/Email Inspector: Ensure Forms are Complete and Calc Uploaded(checklist?).html, HTTP GET
?[32;1m[debug]?[0m [phantom] Navigation requested: url=file:///Users/zpeugh/code/min/scripts/flowdocument/Resources/actionHtmls/Email Inspector: Ensure Forms are Complete and Calc Uploaded(checklist?).html, type=Other, willNavigate=true, isMainFrame=true
?[33m[warning]?[0m [phantom] Loading resource failed with status=fail: file:///Users/zpeugh/code/min/scripts/flowdocument/Resources/actionHtmls/Email Inspector: Ensure Forms are Complete and Calc Uploaded(checklist?).html
?[36m[info]?[0m [phantom] Step anonymous 312/400: done in 17828ms.
?[32;1m[debug]?[0m [phantom] opening url: file:///Users/zpeugh/code/min/scripts/flowdocument/Resources/actionHtmls/Email Planner/Contractor.html, HTTP GET
?[32;1m[debug]?[0m [phantom] Navigation requested: url=file:///Users/zpeugh/code/min/scripts/flowdocument/Resources/actionHtmls/Email Planner/Contractor.html, type=Other, willNavigate=true, isMainFrame=true
?[32;1m[debug]?[0m [phantom] url changed to "file:///Users/zpeugh/code/min/scripts/flowdocument/Resources/actionHtmls/Email Planner/Contractor.html"
?[32;1m[debug]?[0m [phantom] Successfully injected Casper client-side utilities
?[36m[info]?[0m [phantom] Step anonymous 314/400: done in 17872ms.
?[32;1m[debug]?[0m [phantom] opening url: file:///Users/zpeugh/code/min/scripts/flowdocument/Resources/actionHtmls/Email Planner/Contractor.html, HTTP GET
?[32;1m[debug]?[0m [phantom] Navigation requested: url=file:///Users/zpeugh/code/min/scripts/flowdocument/Resources/actionHtmls/Email Planner/Contractor.html, type=Other, willNavigate=true, isMainFrame=true
?[32;1m[debug]?[0m [phantom] url changed to "file:///Users/zpeugh/code/min/scripts/flowdocument/Resources/actionHtmls/Email Planner/Contractor.html"
?[32;1m[debug]?[0m [phantom] Successfully injected Casper client-side utilities
?[36m[info]?[0m [phantom] Step anonymous 316/402: done in 17916ms.
?[32;1m[debug]?[0m [phantom] opening url: file:///Users/zpeugh/code/min/scripts/flowdocument/Resources/actionHtmls/Assign Customer: Corrections Required.html, HTTP GET
?[32;1m[debug]?[0m [phantom] Navigation requested: url=file:///Users/zpeugh/code/min/scripts/flowdocument/Resources/actionHtmls/Assign Customer: Corrections Required.html, type=Other, willNavigate=true, isMainFrame=true
?[32;1m[debug]?[0m [phantom] url changed to "file:///Users/zpeugh/code/min/scripts/flowdocument/Resources/actionHtmls/Assign Customer: Corrections Required.html"
?[32;1m[debug]?[0m [phantom] Successfully injected Casper client-side utilities
?[36m[info]?[0m [phantom] Step anonymous 318/402: done in 17990ms.
?[32;1m[debug]?[0m [phantom] opening url: file:///Users/zpeugh/code/min/scripts/flowdocument/Resources/actionHtmls/Assign Customer: Corrections Required.html, HTTP GET
?[32;1m[debug]?[0m [phantom] Navigation requested: url=file:///Users/zpeugh/code/min/scripts/flowdocument/Resources/actionHtmls/Assign Customer: Corrections Required.html, type=Other, willNavigate=true, isMainFrame=true
?[32;1m[debug]?[0m [phantom] url changed to "file:///Users/zpeugh/code/min/scripts/flowdocument/Resources/actionHtmls/Assign Customer: Corrections Required.html"
?[32;1m[debug]?[0m [phantom] Successfully injected Casper client-side utilities
?[36m[info]?[0m [phantom] Step anonymous 320/404: done in 18091ms.
?[32;1m[debug]?[0m [phantom] opening url: file:///Users/zpeugh/code/min/scripts/flowdocument/Resources/actionHtmls/Update ZJ Notification.html, HTTP GET
?[32;1m[debug]?[0m [phantom] Navigation requested: url=file:///Users/zpeugh/code/min/scripts/flowdocument/Resources/actionHtmls/Update ZJ Notification.html, type=Other, willNavigate=true, isMainFrame=true
?[32;1m[debug]?[0m [phantom] url changed to "file:///Users/zpeugh/code/min/scripts/flowdocument/Resources/actionHtmls/Update ZJ Notification.html"
?[32;1m[debug]?[0m [phantom] Successfully injected Casper client-side utilities
?[36m[info]?[0m [phantom] Step anonymous 322/404: done in 18139ms.
?[32;1m[debug]?[0m [phantom] opening url: file:///Users/zpeugh/code/min/scripts/flowdocument/Resources/actionHtmls/Update ZJ Notification.html, HTTP GET
?[32;1m[debug]?[0m [phantom] Navigation requested: url=file:///Users/zpeugh/code/min/scripts/flowdocument/Resources/actionHtmls/Update ZJ Notification.html, type=Other, willNavigate=true, isMainFrame=true
?[32;1m[debug]?[0m [phantom] url changed to "file:///Users/zpeugh/code/min/scripts/flowdocument/Resources/actionHtmls/Update ZJ Notification.html"
?[32;1m[debug]?[0m [phantom] Successfully injected Casper client-side utilities
?[36m[info]?[0m [phantom] Step anonymous 324/406: done in 18213ms.
?[32;1m[debug]?[0m [phantom] opening url: file:///Users/zpeugh/code/min/scripts/flowdocument/Resources/actionHtmls/Create Calc File.html, HTTP GET
?[32;1m[debug]?[0m [phantom] Navigation requested: url=file:///Users/zpeugh/code/min/scripts/flowdocument/Resources/actionHtmls/Create Calc File.html, type=Other, willNavigate=true, isMainFrame=true
?[32;1m[debug]?[0m [phantom] url changed to "file:///Users/zpeugh/code/min/scripts/flowdocument/Resources/actionHtmls/Create Calc File.html"
?[32;1m[debug]?[0m [phantom] Successfully injected Casper client-side utilities
?[36m[info]?[0m [phantom] Step anonymous 326/406: done in 18283ms.
?[32;1m[debug]?[0m [phantom] opening url: file:///Users/zpeugh/code/min/scripts/flowdocument/Resources/actionHtmls/Create Calc File.html, HTTP GET
?[32;1m[debug]?[0m [phantom] Navigation requested: url=file:///Users/zpeugh/code/min/scripts/flowdocument/Resources/actionHtmls/Create Calc File.html, type=Other, willNavigate=true, isMainFrame=true
?[32;1m[debug]?[0m [phantom] url changed to "file:///Users/zpeugh/code/min/scripts/flowdocument/Resources/actionHtmls/Create Calc File.html"
?[32;1m[debug]?[0m [phantom] Successfully injected Casper client-side utilities
?[36m[info]?[0m [phantom] Step anonymous 328/408: done in 18357ms.
?[32;1m[debug]?[0m [phantom] opening url: file:///Users/zpeugh/code/min/scripts/flowdocument/Resources/actionHtmls/Assign JPO Agent.html, HTTP GET
?[32;1m[debug]?[0m [phantom] Navigation requested: url=file:///Users/zpeugh/code/min/scripts/flowdocument/Resources/actionHtmls/Assign JPO Agent.html, type=Other, willNavigate=true, isMainFrame=true
?[32;1m[debug]?[0m [phantom] url changed to "file:///Users/zpeugh/code/min/scripts/flowdocument/Resources/actionHtmls/Assign JPO Agent.html"
?[32;1m[debug]?[0m [phantom] Successfully injected Casper client-side utilities
?[36m[info]?[0m [phantom] Step anonymous 330/408: done in 18427ms.
?[32;1m[debug]?[0m [phantom] opening url: file:///Users/zpeugh/code/min/scripts/flowdocument/Resources/actionHtmls/Assign JPO Agent.html, HTTP GET
?[32;1m[debug]?[0m [phantom] Navigation requested: url=file:///Users/zpeugh/code/min/scripts/flowdocument/Resources/actionHtmls/Assign JPO Agent.html, type=Other, willNavigate=true, isMainFrame=true
?[32;1m[debug]?[0m [phantom] url changed to "file:///Users/zpeugh/code/min/scripts/flowdocument/Resources/actionHtmls/Assign JPO Agent.html"
?[32;1m[debug]?[0m [phantom] Successfully injected Casper client-side utilities
?[36m[info]?[0m [phantom] Step anonymous 332/410: done in 18502ms.
?[32;1m[debug]?[0m [phantom] opening url: file:///Users/zpeugh/code/min/scripts/flowdocument/Resources/actionHtmls/Email Customer: JPA In Progress.html, HTTP GET
?[32;1m[debug]?[0m [phantom] Navigation requested: url=file:///Users/zpeugh/code/min/scripts/flowdocument/Resources/actionHtmls/Email Customer: JPA In Progress.html, type=Other, willNavigate=true, isMainFrame=true
?[32;1m[debug]?[0m [phantom] url changed to "file:///Users/zpeugh/code/min/scripts/flowdocument/Resources/actionHtmls/Email Customer: JPA In Progress.html"
?[32;1m[debug]?[0m [phantom] Successfully injected Casper client-side utilities
?[36m[info]?[0m [phantom] Step anonymous 334/410: done in 18576ms.
?[32;1m[debug]?[0m [phantom] opening url: file:///Users/zpeugh/code/min/scripts/flowdocument/Resources/actionHtmls/Email Customer: JPA In Progress.html, HTTP GET
?[32;1m[debug]?[0m [phantom] Navigation requested: url=file:///Users/zpeugh/code/min/scripts/flowdocument/Resources/actionHtmls/Email Customer: JPA In Progress.html, type=Other, willNavigate=true, isMainFrame=true
?[32;1m[debug]?[0m [phantom] url changed to "file:///Users/zpeugh/code/min/scripts/flowdocument/Resources/actionHtmls/Email Customer: JPA In Progress.html"
?[32;1m[debug]?[0m [phantom] Successfully injected Casper client-side utilities
?[36m[info]?[0m [phantom] Step anonymous 336/412: done in 18647ms.
?[32;1m[debug]?[0m [phantom] opening url: file:///Users/zpeugh/code/min/scripts/flowdocument/Resources/actionHtmls/Set Sub.html, HTTP GET
?[32;1m[debug]?[0m [phantom] Navigation requested: url=file:///Users/zpeugh/code/min/scripts/flowdocument/Resources/actionHtmls/Set Sub.html, type=Other, willNavigate=true, isMainFrame=true
?[32;1m[debug]?[0m [phantom] url changed to "file:///Users/zpeugh/code/min/scripts/flowdocument/Resources/actionHtmls/Set Sub.html"
?[32;1m[debug]?[0m [phantom] Successfully injected Casper client-side utilities
?[36m[info]?[0m [phantom] Step anonymous 338/412: done in 18717ms.
?[32;1m[debug]?[0m [phantom] opening url: file:///Users/zpeugh/code/min/scripts/flowdocument/Resources/actionHtmls/Set Sub.html, HTTP GET
?[32;1m[debug]?[0m [phantom] Navigation requested: url=file:///Users/zpeugh/code/min/scripts/flowdocument/Resources/actionHtmls/Set Sub.html, type=Other, willNavigate=true, isMainFrame=true
?[32;1m[debug]?[0m [phantom] url changed to "file:///Users/zpeugh/code/min/scripts/flowdocument/Resources/actionHtmls/Set Sub.html"
?[32;1m[debug]?[0m [phantom] Successfully injected Casper client-side utilities
?[36m[info]?[0m [phantom] Step anonymous 340/414: done in 18787ms.
?[32;1m[debug]?[0m [phantom] opening url: file:///Users/zpeugh/code/min/scripts/flowdocument/Resources/actionHtmls/Assign JPA Manager.html, HTTP GET
?[32;1m[debug]?[0m [phantom] Navigation requested: url=file:///Users/zpeugh/code/min/scripts/flowdocument/Resources/actionHtmls/Assign JPA Manager.html, type=Other, willNavigate=true, isMainFrame=true
?[32;1m[debug]?[0m [phantom] url changed to "file:///Users/zpeugh/code/min/scripts/flowdocument/Resources/actionHtmls/Assign JPA Manager.html"
?[32;1m[debug]?[0m [phantom] Successfully injected Casper client-side utilities
?[36m[info]?[0m [phantom] Step anonymous 342/414: done in 18860ms.
?[32;1m[debug]?[0m [phantom] opening url: file:///Users/zpeugh/code/min/scripts/flowdocument/Resources/actionHtmls/Assign JPA Manager.html, HTTP GET
?[32;1m[debug]?[0m [phantom] Navigation requested: url=file:///Users/zpeugh/code/min/scripts/flowdocument/Resources/actionHtmls/Assign JPA Manager.html, type=Other, willNavigate=true, isMainFrame=true
?[32;1m[debug]?[0m [phantom] url changed to "file:///Users/zpeugh/code/min/scripts/flowdocument/Resources/actionHtmls/Assign JPA Manager.html"
?[32;1m[debug]?[0m [phantom] Successfully injected Casper client-side utilities
?[36m[info]?[0m [phantom] Step anonymous 344/416: done in 18934ms.
?[32;1m[debug]?[0m [phantom] opening url: file:///Users/zpeugh/code/min/scripts/flowdocument/Resources/actionHtmls/First 45 Day Clock.html, HTTP GET
?[32;1m[debug]?[0m [phantom] Navigation requested: url=file:///Users/zpeugh/code/min/scripts/flowdocument/Resources/actionHtmls/First 45 Day Clock.html, type=Other, willNavigate=true, isMainFrame=true
?[32;1m[debug]?[0m [phantom] url changed to "file:///Users/zpeugh/code/min/scripts/flowdocument/Resources/actionHtmls/First 45 Day Clock.html"
?[32;1m[debug]?[0m [phantom] Successfully injected Casper client-side utilities
?[36m[info]?[0m [phantom] Step anonymous 346/416: done in 19012ms.
?[32;1m[debug]?[0m [phantom] opening url: file:///Users/zpeugh/code/min/scripts/flowdocument/Resources/actionHtmls/First 45 Day Clock.html, HTTP GET
?[32;1m[debug]?[0m [phantom] Navigation requested: url=file:///Users/zpeugh/code/min/scripts/flowdocument/Resources/actionHtmls/First 45 Day Clock.html, type=Other, willNavigate=true, isMainFrame=true
?[32;1m[debug]?[0m [phantom] url changed to "file:///Users/zpeugh/code/min/scripts/flowdocument/Resources/actionHtmls/First 45 Day Clock.html"
?[32;1m[debug]?[0m [phantom] Successfully injected Casper client-side utilities
?[36m[info]?[0m [phantom] Step anonymous 348/418: done in 19081ms.
?[32;1m[debug]?[0m [phantom] opening url: file:///Users/zpeugh/code/min/scripts/flowdocument/Resources/actionHtmls/Email: Customer Rework Required, review station statuses.html, HTTP GET
?[32;1m[debug]?[0m [phantom] Navigation requested: url=file:///Users/zpeugh/code/min/scripts/flowdocument/Resources/actionHtmls/Email: Customer Rework Required, review station statuses.html, type=Other, willNavigate=true, isMainFrame=true
?[32;1m[debug]?[0m [phantom] url changed to "file:///Users/zpeugh/code/min/scripts/flowdocument/Resources/actionHtmls/Email: Customer Rework Required, review station statuses.html"
?[32;1m[debug]?[0m [phantom] Successfully injected Casper client-side utilities
?[36m[info]?[0m [phantom] Step anonymous 350/418: done in 19167ms.
?[32;1m[debug]?[0m [phantom] opening url: file:///Users/zpeugh/code/min/scripts/flowdocument/Resources/actionHtmls/Email: Customer Rework Required, review station statuses.html, HTTP GET
?[32;1m[debug]?[0m [phantom] Navigation requested: url=file:///Users/zpeugh/code/min/scripts/flowdocument/Resources/actionHtmls/Email: Customer Rework Required, review station statuses.html, type=Other, willNavigate=true, isMainFrame=true
?[32;1m[debug]?[0m [phantom] url changed to "file:///Users/zpeugh/code/min/scripts/flowdocument/Resources/actionHtmls/Email: Customer Rework Required, review station statuses.html"
?[32;1m[debug]?[0m [phantom] Successfully injected Casper client-side utilities
?[36m[info]?[0m [phantom] Step anonymous 352/420: done in 19239ms.
?[32;1m[debug]?[0m [phantom] opening url: file:///Users/zpeugh/code/min/scripts/flowdocument/Resources/actionHtmls/Assign Customer.html, HTTP GET
?[32;1m[debug]?[0m [phantom] Navigation requested: url=file:///Users/zpeugh/code/min/scripts/flowdocument/Resources/actionHtmls/Assign Customer.html, type=Other, willNavigate=true, isMainFrame=true
?[32;1m[debug]?[0m [phantom] url changed to "file:///Users/zpeugh/code/min/scripts/flowdocument/Resources/actionHtmls/Assign Customer.html"
?[32;1m[debug]?[0m [phantom] Successfully injected Casper client-side utilities
?[36m[info]?[0m [phantom] Step anonymous 354/420: done in 19310ms.
?[32;1m[debug]?[0m [phantom] opening url: file:///Users/zpeugh/code/min/scripts/flowdocument/Resources/actionHtmls/Assign Customer.html, HTTP GET
?[32;1m[debug]?[0m [phantom] Navigation requested: url=file:///Users/zpeugh/code/min/scripts/flowdocument/Resources/actionHtmls/Assign Customer.html, type=Other, willNavigate=true, isMainFrame=true
?[32;1m[debug]?[0m [phantom] url changed to "file:///Users/zpeugh/code/min/scripts/flowdocument/Resources/actionHtmls/Assign Customer.html"
?[32;1m[debug]?[0m [phantom] Successfully injected Casper client-side utilities
?[36m[info]?[0m [phantom] Step anonymous 356/422: done in 19381ms.
?[32;1m[debug]?[0m [phantom] opening url: file:///Users/zpeugh/code/min/scripts/flowdocument/Resources/actionHtmls/Accept or Reject Station Statuses.html, HTTP GET
?[32;1m[debug]?[0m [phantom] Navigation requested: url=file:///Users/zpeugh/code/min/scripts/flowdocument/Resources/actionHtmls/Accept or Reject Station Statuses.html, type=Other, willNavigate=true, isMainFrame=true
?[32;1m[debug]?[0m [phantom] url changed to "file:///Users/zpeugh/code/min/scripts/flowdocument/Resources/actionHtmls/Accept or Reject Station Statuses.html"
?[32;1m[debug]?[0m [phantom] Successfully injected Casper client-side utilities
?[36m[info]?[0m [phantom] Step anonymous 358/422: done in 19463ms.
?[32;1m[debug]?[0m [phantom] opening url: file:///Users/zpeugh/code/min/scripts/flowdocument/Resources/actionHtmls/Accept or Reject Station Statuses.html, HTTP GET
?[32;1m[debug]?[0m [phantom] Navigation requested: url=file:///Users/zpeugh/code/min/scripts/flowdocument/Resources/actionHtmls/Accept or Reject Station Statuses.html, type=Other, willNavigate=true, isMainFrame=true
?[32;1m[debug]?[0m [phantom] url changed to "file:///Users/zpeugh/code/min/scripts/flowdocument/Resources/actionHtmls/Accept or Reject Station Statuses.html"
?[32;1m[debug]?[0m [phantom] Successfully injected Casper client-side utilities
?[36m[info]?[0m [phantom] Step anonymous 360/424: done in 19532ms.
?[32;1m[debug]?[0m [phantom] opening url: file:///Users/zpeugh/code/min/scripts/flowdocument/Resources/actionHtmls/Send the As Is Layer Measurement Point.html, HTTP GET
?[32;1m[debug]?[0m [phantom] Navigation requested: url=file:///Users/zpeugh/code/min/scripts/flowdocument/Resources/actionHtmls/Send the As Is Layer Measurement Point.html, type=Other, willNavigate=true, isMainFrame=true
?[32;1m[debug]?[0m [phantom] url changed to "file:///Users/zpeugh/code/min/scripts/flowdocument/Resources/actionHtmls/Send the As Is Layer Measurement Point.html"
?[32;1m[debug]?[0m [phantom] Successfully injected Casper client-side utilities
?[36m[info]?[0m [phantom] Step anonymous 362/424: done in 19604ms.
?[32;1m[debug]?[0m [phantom] opening url: file:///Users/zpeugh/code/min/scripts/flowdocument/Resources/actionHtmls/Send the As Is Layer Measurement Point.html, HTTP GET
?[32;1m[debug]?[0m [phantom] Navigation requested: url=file:///Users/zpeugh/code/min/scripts/flowdocument/Resources/actionHtmls/Send the As Is Layer Measurement Point.html, type=Other, willNavigate=true, isMainFrame=true
?[32;1m[debug]?[0m [phantom] url changed to "file:///Users/zpeugh/code/min/scripts/flowdocument/Resources/actionHtmls/Send the As Is Layer Measurement Point.html"
?[32;1m[debug]?[0m [phantom] Successfully injected Casper client-side utilities
?[36m[info]?[0m [phantom] Step anonymous 364/426: done in 19677ms.
?[32;1m[debug]?[0m [phantom] opening url: file:///Users/zpeugh/code/min/scripts/flowdocument/Resources/actionHtmls/Assign Planning Groups.html, HTTP GET
?[32;1m[debug]?[0m [phantom] Navigation requested: url=file:///Users/zpeugh/code/min/scripts/flowdocument/Resources/actionHtmls/Assign Planning Groups.html, type=Other, willNavigate=true, isMainFrame=true
?[32;1m[debug]?[0m [phantom] url changed to "file:///Users/zpeugh/code/min/scripts/flowdocument/Resources/actionHtmls/Assign Planning Groups.html"
?[32;1m[debug]?[0m [phantom] Successfully injected Casper client-side utilities
?[36m[info]?[0m [phantom] Step anonymous 366/426: done in 19757ms.
?[32;1m[debug]?[0m [phantom] opening url: file:///Users/zpeugh/code/min/scripts/flowdocument/Resources/actionHtmls/Assign Planning Groups.html, HTTP GET
?[32;1m[debug]?[0m [phantom] Navigation requested: url=file:///Users/zpeugh/code/min/scripts/flowdocument/Resources/actionHtmls/Assign Planning Groups.html, type=Other, willNavigate=true, isMainFrame=true
?[32;1m[debug]?[0m [phantom] url changed to "file:///Users/zpeugh/code/min/scripts/flowdocument/Resources/actionHtmls/Assign Planning Groups.html"
?[32;1m[debug]?[0m [phantom] Successfully injected Casper client-side utilities
?[36m[info]?[0m [phantom] Step anonymous 368/428: done in 19836ms.
?[32;1m[debug]?[0m [phantom] opening url: file:///Users/zpeugh/code/min/scripts/flowdocument/Resources/actionHtmls/Mail JPO to a. Change Records (then approve pole(s)) Or b. notice to fix.html, HTTP GET
?[32;1m[debug]?[0m [phantom] Navigation requested: url=file:///Users/zpeugh/code/min/scripts/flowdocument/Resources/actionHtmls/Mail JPO to a. Change Records (then approve pole(s)) Or b. notice to fix.html, type=Other, willNavigate=true, isMainFrame=true
?[32;1m[debug]?[0m [phantom] url changed to "file:///Users/zpeugh/code/min/scripts/flowdocument/Resources/actionHtmls/Mail JPO to a. Change Records (then approve pole(s)) Or b. notice to fix.html"
?[32;1m[debug]?[0m [phantom] Successfully injected Casper client-side utilities
?[36m[info]?[0m [phantom] Step anonymous 370/428: done in 19911ms.
?[32;1m[debug]?[0m [phantom] opening url: file:///Users/zpeugh/code/min/scripts/flowdocument/Resources/actionHtmls/Mail JPO to a. Change Records (then approve pole(s)) Or b. notice to fix.html, HTTP GET
?[32;1m[debug]?[0m [phantom] Navigation requested: url=file:///Users/zpeugh/code/min/scripts/flowdocument/Resources/actionHtmls/Mail JPO to a. Change Records (then approve pole(s)) Or b. notice to fix.html, type=Other, willNavigate=true, isMainFrame=true
?[32;1m[debug]?[0m [phantom] url changed to "file:///Users/zpeugh/code/min/scripts/flowdocument/Resources/actionHtmls/Mail JPO to a. Change Records (then approve pole(s)) Or b. notice to fix.html"
?[32;1m[debug]?[0m [phantom] Successfully injected Casper client-side utilities
?[36m[info]?[0m [phantom] Step anonymous 372/430: done in 19981ms.
?[32;1m[debug]?[0m [phantom] opening url: file:///Users/zpeugh/code/min/scripts/flowdocument/Resources/actionHtmls/In 45 Days, Email Customer About Form 2 Final.html, HTTP GET
?[32;1m[debug]?[0m [phantom] Navigation requested: url=file:///Users/zpeugh/code/min/scripts/flowdocument/Resources/actionHtmls/In 45 Days, Email Customer About Form 2 Final.html, type=Other, willNavigate=true, isMainFrame=true
?[32;1m[debug]?[0m [phantom] url changed to "file:///Users/zpeugh/code/min/scripts/flowdocument/Resources/actionHtmls/In 45 Days, Email Customer About Form 2 Final.html"
?[32;1m[debug]?[0m [phantom] Successfully injected Casper client-side utilities
?[36m[info]?[0m [phantom] Step anonymous 374/430: done in 20056ms.
?[32;1m[debug]?[0m [phantom] opening url: file:///Users/zpeugh/code/min/scripts/flowdocument/Resources/actionHtmls/In 45 Days, Email Customer About Form 2 Final.html, HTTP GET
?[32;1m[debug]?[0m [phantom] Navigation requested: url=file:///Users/zpeugh/code/min/scripts/flowdocument/Resources/actionHtmls/In 45 Days, Email Customer About Form 2 Final.html, type=Other, willNavigate=true, isMainFrame=true
?[32;1m[debug]?[0m [phantom] url changed to "file:///Users/zpeugh/code/min/scripts/flowdocument/Resources/actionHtmls/In 45 Days, Email Customer About Form 2 Final.html"
?[32;1m[debug]?[0m [phantom] Successfully injected Casper client-side utilities
?[36m[info]?[0m [phantom] Step anonymous 376/432: done in 20145ms.
?[32;1m[debug]?[0m [phantom] opening url: file:///Users/zpeugh/code/min/scripts/flowdocument/Resources/actionHtmls/Email Customer Cancelled.html, HTTP GET
?[32;1m[debug]?[0m [phantom] Navigation requested: url=file:///Users/zpeugh/code/min/scripts/flowdocument/Resources/actionHtmls/Email Customer Cancelled.html, type=Other, willNavigate=true, isMainFrame=true
?[32;1m[debug]?[0m [phantom] url changed to "file:///Users/zpeugh/code/min/scripts/flowdocument/Resources/actionHtmls/Email Customer Cancelled.html"
?[32;1m[debug]?[0m [phantom] Successfully injected Casper client-side utilities
?[36m[info]?[0m [phantom] Step anonymous 378/432: done in 20201ms.
?[32;1m[debug]?[0m [phantom] opening url: file:///Users/zpeugh/code/min/scripts/flowdocument/Resources/actionHtmls/Email Customer Cancelled.html, HTTP GET
?[32;1m[debug]?[0m [phantom] Navigation requested: url=file:///Users/zpeugh/code/min/scripts/flowdocument/Resources/actionHtmls/Email Customer Cancelled.html, type=Other, willNavigate=true, isMainFrame=true
?[32;1m[debug]?[0m [phantom] url changed to "file:///Users/zpeugh/code/min/scripts/flowdocument/Resources/actionHtmls/Email Customer Cancelled.html"
?[32;1m[debug]?[0m [phantom] Successfully injected Casper client-side utilities
?[36m[info]?[0m [phantom] Step anonymous 380/434: done in 20276ms.
?[32;1m[debug]?[0m [phantom] opening url: file:///Users/zpeugh/code/min/scripts/flowdocument/Resources/actionHtmls/Email All Cancelled.html, HTTP GET
?[32;1m[debug]?[0m [phantom] Navigation requested: url=file:///Users/zpeugh/code/min/scripts/flowdocument/Resources/actionHtmls/Email All Cancelled.html, type=Other, willNavigate=true, isMainFrame=true
?[32;1m[debug]?[0m [phantom] url changed to "file:///Users/zpeugh/code/min/scripts/flowdocument/Resources/actionHtmls/Email All Cancelled.html"
?[32;1m[debug]?[0m [phantom] Successfully injected Casper client-side utilities
?[36m[info]?[0m [phantom] Step anonymous 382/434: done in 20347ms.
?[32;1m[debug]?[0m [phantom] opening url: file:///Users/zpeugh/code/min/scripts/flowdocument/Resources/actionHtmls/Email All Cancelled.html, HTTP GET
?[32;1m[debug]?[0m [phantom] Navigation requested: url=file:///Users/zpeugh/code/min/scripts/flowdocument/Resources/actionHtmls/Email All Cancelled.html, type=Other, willNavigate=true, isMainFrame=true
?[32;1m[debug]?[0m [phantom] url changed to "file:///Users/zpeugh/code/min/scripts/flowdocument/Resources/actionHtmls/Email All Cancelled.html"
?[32;1m[debug]?[0m [phantom] Successfully injected Casper client-side utilities
?[36m[info]?[0m [phantom] Step anonymous 384/436: done in 20429ms.
?[32;1m[debug]?[0m [phantom] opening url: file:///Users/zpeugh/code/min/scripts/flowdocument/Resources/actionHtmls/Send As-Designed to SAP.html, HTTP GET
?[32;1m[debug]?[0m [phantom] Navigation requested: url=file:///Users/zpeugh/code/min/scripts/flowdocument/Resources/actionHtmls/Send As-Designed to SAP.html, type=Other, willNavigate=true, isMainFrame=true
?[32;1m[debug]?[0m [phantom] url changed to "file:///Users/zpeugh/code/min/scripts/flowdocument/Resources/actionHtmls/Send As-Designed to SAP.html"
?[32;1m[debug]?[0m [phantom] Successfully injected Casper client-side utilities
?[36m[info]?[0m [phantom] Step anonymous 386/436: done in 20503ms.
?[32;1m[debug]?[0m [phantom] opening url: file:///Users/zpeugh/code/min/scripts/flowdocument/Resources/actionHtmls/Send As-Designed to SAP.html, HTTP GET
?[32;1m[debug]?[0m [phantom] Navigation requested: url=file:///Users/zpeugh/code/min/scripts/flowdocument/Resources/actionHtmls/Send As-Designed to SAP.html, type=Other, willNavigate=true, isMainFrame=true
?[32;1m[debug]?[0m [phantom] url changed to "file:///Users/zpeugh/code/min/scripts/flowdocument/Resources/actionHtmls/Send As-Designed to SAP.html"
?[32;1m[debug]?[0m [phantom] Successfully injected Casper client-side utilities
?[36m[info]?[0m [phantom] Step anonymous 388/438: done in 20577ms.
?[32;1m[debug]?[0m [phantom] opening url: file:///Users/zpeugh/code/min/scripts/flowdocument/Resources/actionHtmls/Email Creator-Deny Stations.html, HTTP GET
?[32;1m[debug]?[0m [phantom] Navigation requested: url=file:///Users/zpeugh/code/min/scripts/flowdocument/Resources/actionHtmls/Email Creator-Deny Stations.html, type=Other, willNavigate=true, isMainFrame=true
?[32;1m[debug]?[0m [phantom] url changed to "file:///Users/zpeugh/code/min/scripts/flowdocument/Resources/actionHtmls/Email Creator-Deny Stations.html"
?[32;1m[debug]?[0m [phantom] Successfully injected Casper client-side utilities
?[36m[info]?[0m [phantom] Step anonymous 390/438: done in 20647ms.
?[32;1m[debug]?[0m [phantom] opening url: file:///Users/zpeugh/code/min/scripts/flowdocument/Resources/actionHtmls/Email Creator-Deny Stations.html, HTTP GET
?[32;1m[debug]?[0m [phantom] Navigation requested: url=file:///Users/zpeugh/code/min/scripts/flowdocument/Resources/actionHtmls/Email Creator-Deny Stations.html, type=Other, willNavigate=true, isMainFrame=true
?[32;1m[debug]?[0m [phantom] url changed to "file:///Users/zpeugh/code/min/scripts/flowdocument/Resources/actionHtmls/Email Creator-Deny Stations.html"
?[32;1m[debug]?[0m [phantom] Successfully injected Casper client-side utilities
?[36m[info]?[0m [phantom] Step anonymous 392/440: done in 20722ms.
?[32;1m[debug]?[0m [phantom] opening url: file:///Users/zpeugh/code/min/scripts/flowdocument/Resources/actionHtmls/Email Customer: Some Work Not Completed.html, HTTP GET
?[32;1m[debug]?[0m [phantom] Navigation requested: url=file:///Users/zpeugh/code/min/scripts/flowdocument/Resources/actionHtmls/Email Customer: Some Work Not Completed.html, type=Other, willNavigate=true, isMainFrame=true
?[32;1m[debug]?[0m [phantom] url changed to "file:///Users/zpeugh/code/min/scripts/flowdocument/Resources/actionHtmls/Email Customer: Some Work Not Completed.html"
?[32;1m[debug]?[0m [phantom] Successfully injected Casper client-side utilities
?[36m[info]?[0m [phantom] Step anonymous 394/440: done in 20796ms.
?[32;1m[debug]?[0m [phantom] opening url: file:///Users/zpeugh/code/min/scripts/flowdocument/Resources/actionHtmls/Email Customer: Some Work Not Completed.html, HTTP GET
?[32;1m[debug]?[0m [phantom] Navigation requested: url=file:///Users/zpeugh/code/min/scripts/flowdocument/Resources/actionHtmls/Email Customer: Some Work Not Completed.html, type=Other, willNavigate=true, isMainFrame=true
?[32;1m[debug]?[0m [phantom] url changed to "file:///Users/zpeugh/code/min/scripts/flowdocument/Resources/actionHtmls/Email Customer: Some Work Not Completed.html"
?[32;1m[debug]?[0m [phantom] Successfully injected Casper client-side utilities
?[36m[info]?[0m [phantom] Step anonymous 396/442: done in 20873ms.
?[32;1m[debug]?[0m [phantom] opening url: file:///Users/zpeugh/code/min/scripts/flowdocument/Resources/actionHtmls/Update FLOC Unauthorized (not completed as approved stations).html, HTTP GET
?[32;1m[debug]?[0m [phantom] Navigation requested: url=file:///Users/zpeugh/code/min/scripts/flowdocument/Resources/actionHtmls/Update FLOC Unauthorized (not completed as approved stations).html, type=Other, willNavigate=true, isMainFrame=true
?[32;1m[debug]?[0m [phantom] url changed to "file:///Users/zpeugh/code/min/scripts/flowdocument/Resources/actionHtmls/Update FLOC Unauthorized (not completed as approved stations).html"
?[32;1m[debug]?[0m [phantom] Successfully injected Casper client-side utilities
?[36m[info]?[0m [phantom] Step anonymous 398/442: done in 20944ms.
?[32;1m[debug]?[0m [phantom] opening url: file:///Users/zpeugh/code/min/scripts/flowdocument/Resources/actionHtmls/Update FLOC Unauthorized (not completed as approved stations).html, HTTP GET
?[32;1m[debug]?[0m [phantom] Navigation requested: url=file:///Users/zpeugh/code/min/scripts/flowdocument/Resources/actionHtmls/Update FLOC Unauthorized (not completed as approved stations).html, type=Other, willNavigate=true, isMainFrame=true
?[32;1m[debug]?[0m [phantom] url changed to "file:///Users/zpeugh/code/min/scripts/flowdocument/Resources/actionHtmls/Update FLOC Unauthorized (not completed as approved stations).html"
?[32;1m[debug]?[0m [phantom] Successfully injected Casper client-side utilities
?[36m[info]?[0m [phantom] Step anonymous 400/444: done in 21016ms.
?[32;1m[debug]?[0m [phantom] opening url: file:///Users/zpeugh/code/min/scripts/flowdocument/Resources/actionHtmls/Push Forms to Calc.html, HTTP GET
?[32;1m[debug]?[0m [phantom] Navigation requested: url=file:///Users/zpeugh/code/min/scripts/flowdocument/Resources/actionHtmls/Push Forms to Calc.html, type=Other, willNavigate=true, isMainFrame=true
?[32;1m[debug]?[0m [phantom] url changed to "file:///Users/zpeugh/code/min/scripts/flowdocument/Resources/actionHtmls/Push Forms to Calc.html"
?[32;1m[debug]?[0m [phantom] Successfully injected Casper client-side utilities
?[36m[info]?[0m [phantom] Step anonymous 402/444: done in 21086ms.
?[32;1m[debug]?[0m [phantom] opening url: file:///Users/zpeugh/code/min/scripts/flowdocument/Resources/actionHtmls/Push Forms to Calc.html, HTTP GET
?[32;1m[debug]?[0m [phantom] Navigation requested: url=file:///Users/zpeugh/code/min/scripts/flowdocument/Resources/actionHtmls/Push Forms to Calc.html, type=Other, willNavigate=true, isMainFrame=true
?[32;1m[debug]?[0m [phantom] url changed to "file:///Users/zpeugh/code/min/scripts/flowdocument/Resources/actionHtmls/Push Forms to Calc.html"
?[32;1m[debug]?[0m [phantom] Successfully injected Casper client-side utilities
?[36m[info]?[0m [phantom] Step anonymous 404/446: done in 21158ms.
?[32;1m[debug]?[0m [phantom] opening url: file:///Users/zpeugh/code/min/scripts/flowdocument/Resources/actionHtmls/Update ZJ Notification Status.html, HTTP GET
?[32;1m[debug]?[0m [phantom] Navigation requested: url=file:///Users/zpeugh/code/min/scripts/flowdocument/Resources/actionHtmls/Update ZJ Notification Status.html, type=Other, willNavigate=true, isMainFrame=true
?[32;1m[debug]?[0m [phantom] url changed to "file:///Users/zpeugh/code/min/scripts/flowdocument/Resources/actionHtmls/Update ZJ Notification Status.html"
?[32;1m[debug]?[0m [phantom] Successfully injected Casper client-side utilities
?[36m[info]?[0m [phantom] Step anonymous 406/446: done in 21231ms.
?[32;1m[debug]?[0m [phantom] opening url: file:///Users/zpeugh/code/min/scripts/flowdocument/Resources/actionHtmls/Update ZJ Notification Status.html, HTTP GET
?[32;1m[debug]?[0m [phantom] Navigation requested: url=file:///Users/zpeugh/code/min/scripts/flowdocument/Resources/actionHtmls/Update ZJ Notification Status.html, type=Other, willNavigate=true, isMainFrame=true
?[32;1m[debug]?[0m [phantom] url changed to "file:///Users/zpeugh/code/min/scripts/flowdocument/Resources/actionHtmls/Update ZJ Notification Status.html"
?[32;1m[debug]?[0m [phantom] Successfully injected Casper client-side utilities
?[36m[info]?[0m [phantom] Step anonymous 408/448: done in 21303ms.
?[32;1m[debug]?[0m [phantom] opening url: file:///Users/zpeugh/code/min/scripts/flowdocument/Resources/actionHtmls/Create Rental Application in Pending Status SAP.html, HTTP GET
?[32;1m[debug]?[0m [phantom] Navigation requested: url=file:///Users/zpeugh/code/min/scripts/flowdocument/Resources/actionHtmls/Create Rental Application in Pending Status SAP.html, type=Other, willNavigate=true, isMainFrame=true
?[32;1m[debug]?[0m [phantom] url changed to "file:///Users/zpeugh/code/min/scripts/flowdocument/Resources/actionHtmls/Create Rental Application in Pending Status SAP.html"
?[32;1m[debug]?[0m [phantom] Successfully injected Casper client-side utilities
?[36m[info]?[0m [phantom] Step anonymous 410/448: done in 21377ms.
?[32;1m[debug]?[0m [phantom] opening url: file:///Users/zpeugh/code/min/scripts/flowdocument/Resources/actionHtmls/Create Rental Application in Pending Status SAP.html, HTTP GET
?[32;1m[debug]?[0m [phantom] Navigation requested: url=file:///Users/zpeugh/code/min/scripts/flowdocument/Resources/actionHtmls/Create Rental Application in Pending Status SAP.html, type=Other, willNavigate=true, isMainFrame=true
?[32;1m[debug]?[0m [phantom] url changed to "file:///Users/zpeugh/code/min/scripts/flowdocument/Resources/actionHtmls/Create Rental Application in Pending Status SAP.html"
?[32;1m[debug]?[0m [phantom] Successfully injected Casper client-side utilities
?[36m[info]?[0m [phantom] Step anonymous 412/450: done in 21447ms.
?[32;1m[debug]?[0m [phantom] opening url: file:///Users/zpeugh/code/min/scripts/flowdocument/Resources/actionHtmls/Remove Time Markers.html, HTTP GET
?[32;1m[debug]?[0m [phantom] Navigation requested: url=file:///Users/zpeugh/code/min/scripts/flowdocument/Resources/actionHtmls/Remove Time Markers.html, type=Other, willNavigate=true, isMainFrame=true
?[32;1m[debug]?[0m [phantom] url changed to "file:///Users/zpeugh/code/min/scripts/flowdocument/Resources/actionHtmls/Remove Time Markers.html"
?[32;1m[debug]?[0m [phantom] Successfully injected Casper client-side utilities
?[36m[info]?[0m [phantom] Step anonymous 414/450: done in 21517ms.
?[32;1m[debug]?[0m [phantom] opening url: file:///Users/zpeugh/code/min/scripts/flowdocument/Resources/actionHtmls/Remove Time Markers.html, HTTP GET
?[32;1m[debug]?[0m [phantom] Navigation requested: url=file:///Users/zpeugh/code/min/scripts/flowdocument/Resources/actionHtmls/Remove Time Markers.html, type=Other, willNavigate=true, isMainFrame=true
?[32;1m[debug]?[0m [phantom] url changed to "file:///Users/zpeugh/code/min/scripts/flowdocument/Resources/actionHtmls/Remove Time Markers.html"
?[32;1m[debug]?[0m [phantom] Successfully injected Casper client-side utilities
?[36m[info]?[0m [phantom] Step anonymous 416/452: done in 21589ms.
?[32;1m[debug]?[0m [phantom] opening url: file:///Users/zpeugh/code/min/scripts/flowdocument/Resources/actionHtmls/Email: Verify all stations have status.html, HTTP GET
?[32;1m[debug]?[0m [phantom] Navigation requested: url=file:///Users/zpeugh/code/min/scripts/flowdocument/Resources/actionHtmls/Email: Verify all stations have status.html, type=Other, willNavigate=true, isMainFrame=true
?[32;1m[debug]?[0m [phantom] url changed to "file:///Users/zpeugh/code/min/scripts/flowdocument/Resources/actionHtmls/Email: Verify all stations have status.html"
?[32;1m[debug]?[0m [phantom] Successfully injected Casper client-side utilities
?[36m[info]?[0m [phantom] Step anonymous 418/452: done in 21661ms.
?[32;1m[debug]?[0m [phantom] opening url: file:///Users/zpeugh/code/min/scripts/flowdocument/Resources/actionHtmls/Email: Verify all stations have status.html, HTTP GET
?[32;1m[debug]?[0m [phantom] Navigation requested: url=file:///Users/zpeugh/code/min/scripts/flowdocument/Resources/actionHtmls/Email: Verify all stations have status.html, type=Other, willNavigate=true, isMainFrame=true
?[32;1m[debug]?[0m [phantom] url changed to "file:///Users/zpeugh/code/min/scripts/flowdocument/Resources/actionHtmls/Email: Verify all stations have status.html"
?[32;1m[debug]?[0m [phantom] Successfully injected Casper client-side utilities
?[36m[info]?[0m [phantom] Step anonymous 420/454: done in 21737ms.
?[32;1m[debug]?[0m [phantom] opening url: file:///Users/zpeugh/code/min/scripts/flowdocument/Resources/actionHtmls/Set Station Statuses.html, HTTP GET
?[32;1m[debug]?[0m [phantom] Navigation requested: url=file:///Users/zpeugh/code/min/scripts/flowdocument/Resources/actionHtmls/Set Station Statuses.html, type=Other, willNavigate=true, isMainFrame=true
?[32;1m[debug]?[0m [phantom] url changed to "file:///Users/zpeugh/code/min/scripts/flowdocument/Resources/actionHtmls/Set Station Statuses.html"
?[32;1m[debug]?[0m [phantom] Successfully injected Casper client-side utilities
?[36m[info]?[0m [phantom] Step anonymous 422/454: done in 21807ms.
?[32;1m[debug]?[0m [phantom] opening url: file:///Users/zpeugh/code/min/scripts/flowdocument/Resources/actionHtmls/Set Station Statuses.html, HTTP GET
?[32;1m[debug]?[0m [phantom] Navigation requested: url=file:///Users/zpeugh/code/min/scripts/flowdocument/Resources/actionHtmls/Set Station Statuses.html, type=Other, willNavigate=true, isMainFrame=true
?[32;1m[debug]?[0m [phantom] url changed to "file:///Users/zpeugh/code/min/scripts/flowdocument/Resources/actionHtmls/Set Station Statuses.html"
?[32;1m[debug]?[0m [phantom] Successfully injected Casper client-side utilities
?[36m[info]?[0m [phantom] Step anonymous 424/456: done in 21879ms.
?[32;1m[debug]?[0m [phantom] opening url: file:///Users/zpeugh/code/min/scripts/flowdocument/Resources/actionHtmls/Assign NDPM Usergroup.html, HTTP GET
?[32;1m[debug]?[0m [phantom] Navigation requested: url=file:///Users/zpeugh/code/min/scripts/flowdocument/Resources/actionHtmls/Assign NDPM Usergroup.html, type=Other, willNavigate=true, isMainFrame=true
?[32;1m[debug]?[0m [phantom] url changed to "file:///Users/zpeugh/code/min/scripts/flowdocument/Resources/actionHtmls/Assign NDPM Usergroup.html"
?[32;1m[debug]?[0m [phantom] Successfully injected Casper client-side utilities
?[36m[info]?[0m [phantom] Step anonymous 426/456: done in 21952ms.
?[32;1m[debug]?[0m [phantom] opening url: file:///Users/zpeugh/code/min/scripts/flowdocument/Resources/actionHtmls/Assign NDPM Usergroup.html, HTTP GET
?[32;1m[debug]?[0m [phantom] Navigation requested: url=file:///Users/zpeugh/code/min/scripts/flowdocument/Resources/actionHtmls/Assign NDPM Usergroup.html, type=Other, willNavigate=true, isMainFrame=true
?[32;1m[debug]?[0m [phantom] url changed to "file:///Users/zpeugh/code/min/scripts/flowdocument/Resources/actionHtmls/Assign NDPM Usergroup.html"
?[32;1m[debug]?[0m [phantom] Successfully injected Casper client-side utilities
?[36m[info]?[0m [phantom] Step anonymous 428/458: done in 22027ms.
?[32;1m[debug]?[0m [phantom] opening url: file:///Users/zpeugh/code/min/scripts/flowdocument/Resources/actionHtmls/9 Months to Complete Inspection.html, HTTP GET
?[32;1m[debug]?[0m [phantom] Navigation requested: url=file:///Users/zpeugh/code/min/scripts/flowdocument/Resources/actionHtmls/9 Months to Complete Inspection.html, type=Other, willNavigate=true, isMainFrame=true
?[32;1m[debug]?[0m [phantom] url changed to "file:///Users/zpeugh/code/min/scripts/flowdocument/Resources/actionHtmls/9 Months to Complete Inspection.html"
?[32;1m[debug]?[0m [phantom] Successfully injected Casper client-side utilities
?[36m[info]?[0m [phantom] Step anonymous 430/458: done in 22095ms.
?[32;1m[debug]?[0m [phantom] opening url: file:///Users/zpeugh/code/min/scripts/flowdocument/Resources/actionHtmls/9 Months to Complete Inspection.html, HTTP GET
?[32;1m[debug]?[0m [phantom] Navigation requested: url=file:///Users/zpeugh/code/min/scripts/flowdocument/Resources/actionHtmls/9 Months to Complete Inspection.html, type=Other, willNavigate=true, isMainFrame=true
?[32;1m[debug]?[0m [phantom] url changed to "file:///Users/zpeugh/code/min/scripts/flowdocument/Resources/actionHtmls/9 Months to Complete Inspection.html"
?[32;1m[debug]?[0m [phantom] Successfully injected Casper client-side utilities
?[36m[info]?[0m [phantom] Step anonymous 432/460: done in 22169ms.
?[32;1m[debug]?[0m [phantom] opening url: file:///Users/zpeugh/code/min/scripts/flowdocument/Resources/actionHtmls/31 Day Reminder (repeating).html, HTTP GET
?[32;1m[debug]?[0m [phantom] Navigation requested: url=file:///Users/zpeugh/code/min/scripts/flowdocument/Resources/actionHtmls/31 Day Reminder (repeating).html, type=Other, willNavigate=true, isMainFrame=true
?[32;1m[debug]?[0m [phantom] url changed to "file:///Users/zpeugh/code/min/scripts/flowdocument/Resources/actionHtmls/31 Day Reminder (repeating).html"
?[32;1m[debug]?[0m [phantom] Successfully injected Casper client-side utilities
?[36m[info]?[0m [phantom] Step anonymous 434/460: done in 22242ms.
?[32;1m[debug]?[0m [phantom] opening url: file:///Users/zpeugh/code/min/scripts/flowdocument/Resources/actionHtmls/31 Day Reminder (repeating).html, HTTP GET
?[32;1m[debug]?[0m [phantom] Navigation requested: url=file:///Users/zpeugh/code/min/scripts/flowdocument/Resources/actionHtmls/31 Day Reminder (repeating).html, type=Other, willNavigate=true, isMainFrame=true
?[32;1m[debug]?[0m [phantom] url changed to "file:///Users/zpeugh/code/min/scripts/flowdocument/Resources/actionHtmls/31 Day Reminder (repeating).html"
?[32;1m[debug]?[0m [phantom] Successfully injected Casper client-side utilities
?[36m[info]?[0m [phantom] Step anonymous 436/462: done in 22318ms.
?[32;1m[debug]?[0m [phantom] opening url: file:///Users/zpeugh/code/min/scripts/flowdocument/Resources/actionHtmls/Email Customer Instructions.html, HTTP GET
?[32;1m[debug]?[0m [phantom] Navigation requested: url=file:///Users/zpeugh/code/min/scripts/flowdocument/Resources/actionHtmls/Email Customer Instructions.html, type=Other, willNavigate=true, isMainFrame=true
?[32;1m[debug]?[0m [phantom] url changed to "file:///Users/zpeugh/code/min/scripts/flowdocument/Resources/actionHtmls/Email Customer Instructions.html"
?[32;1m[debug]?[0m [phantom] Successfully injected Casper client-side utilities
?[36m[info]?[0m [phantom] Step anonymous 438/462: done in 22398ms.
?[32;1m[debug]?[0m [phantom] opening url: file:///Users/zpeugh/code/min/scripts/flowdocument/Resources/actionHtmls/Email Customer Instructions.html, HTTP GET
?[32;1m[debug]?[0m [phantom] Navigation requested: url=file:///Users/zpeugh/code/min/scripts/flowdocument/Resources/actionHtmls/Email Customer Instructions.html, type=Other, willNavigate=true, isMainFrame=true
?[32;1m[debug]?[0m [phantom] url changed to "file:///Users/zpeugh/code/min/scripts/flowdocument/Resources/actionHtmls/Email Customer Instructions.html"
?[32;1m[debug]?[0m [phantom] Successfully injected Casper client-side utilities
?[36m[info]?[0m [phantom] Step anonymous 440/464: done in 22473ms.
?[32;1m[debug]?[0m [phantom] opening url: file:///Users/zpeugh/code/min/scripts/flowdocument/Resources/actionHtmls/18 Months to Complete Construction.html, HTTP GET
?[32;1m[debug]?[0m [phantom] Navigation requested: url=file:///Users/zpeugh/code/min/scripts/flowdocument/Resources/actionHtmls/18 Months to Complete Construction.html, type=Other, willNavigate=true, isMainFrame=true
?[32;1m[debug]?[0m [phantom] url changed to "file:///Users/zpeugh/code/min/scripts/flowdocument/Resources/actionHtmls/18 Months to Complete Construction.html"
?[32;1m[debug]?[0m [phantom] Successfully injected Casper client-side utilities
?[36m[info]?[0m [phantom] Step anonymous 442/464: done in 22545ms.
?[32;1m[debug]?[0m [phantom] opening url: file:///Users/zpeugh/code/min/scripts/flowdocument/Resources/actionHtmls/18 Months to Complete Construction.html, HTTP GET
?[32;1m[debug]?[0m [phantom] Navigation requested: url=file:///Users/zpeugh/code/min/scripts/flowdocument/Resources/actionHtmls/18 Months to Complete Construction.html, type=Other, willNavigate=true, isMainFrame=true
?[32;1m[debug]?[0m [phantom] url changed to "file:///Users/zpeugh/code/min/scripts/flowdocument/Resources/actionHtmls/18 Months to Complete Construction.html"
?[32;1m[debug]?[0m [phantom] Successfully injected Casper client-side utilities
?[36m[info]?[0m [phantom] Step anonymous 444/466: done in 22620ms.
?[32;1m[debug]?[0m [phantom] opening url: file:///Users/zpeugh/code/min/scripts/flowdocument/Resources/actionHtmls/Email Creator: Complete Denied Pole Form.html, HTTP GET
?[32;1m[debug]?[0m [phantom] Navigation requested: url=file:///Users/zpeugh/code/min/scripts/flowdocument/Resources/actionHtmls/Email Creator: Complete Denied Pole Form.html, type=Other, willNavigate=true, isMainFrame=true
?[32;1m[debug]?[0m [phantom] url changed to "file:///Users/zpeugh/code/min/scripts/flowdocument/Resources/actionHtmls/Email Creator: Complete Denied Pole Form.html"
?[32;1m[debug]?[0m [phantom] Successfully injected Casper client-side utilities
?[36m[info]?[0m [phantom] Step anonymous 446/466: done in 22690ms.
?[32;1m[debug]?[0m [phantom] opening url: file:///Users/zpeugh/code/min/scripts/flowdocument/Resources/actionHtmls/Email Creator: Complete Denied Pole Form.html, HTTP GET
?[32;1m[debug]?[0m [phantom] Navigation requested: url=file:///Users/zpeugh/code/min/scripts/flowdocument/Resources/actionHtmls/Email Creator: Complete Denied Pole Form.html, type=Other, willNavigate=true, isMainFrame=true
?[32;1m[debug]?[0m [phantom] url changed to "file:///Users/zpeugh/code/min/scripts/flowdocument/Resources/actionHtmls/Email Creator: Complete Denied Pole Form.html"
?[32;1m[debug]?[0m [phantom] Successfully injected Casper client-side utilities
?[36m[info]?[0m [phantom] Step anonymous 448/468: done in 22761ms.
?[32;1m[debug]?[0m [phantom] opening url: file:///Users/zpeugh/code/min/scripts/flowdocument/Resources/actionHtmls/Email Customer Canceled (due to PL).html, HTTP GET
?[32;1m[debug]?[0m [phantom] Navigation requested: url=file:///Users/zpeugh/code/min/scripts/flowdocument/Resources/actionHtmls/Email Customer Canceled (due to PL).html, type=Other, willNavigate=true, isMainFrame=true
?[32;1m[debug]?[0m [phantom] url changed to "file:///Users/zpeugh/code/min/scripts/flowdocument/Resources/actionHtmls/Email Customer Canceled (due to PL).html"
?[32;1m[debug]?[0m [phantom] Successfully injected Casper client-side utilities
?[36m[info]?[0m [phantom] Step anonymous 450/468: done in 22834ms.
?[32;1m[debug]?[0m [phantom] opening url: file:///Users/zpeugh/code/min/scripts/flowdocument/Resources/actionHtmls/Email Customer Canceled (due to PL).html, HTTP GET
?[32;1m[debug]?[0m [phantom] Navigation requested: url=file:///Users/zpeugh/code/min/scripts/flowdocument/Resources/actionHtmls/Email Customer Canceled (due to PL).html, type=Other, willNavigate=true, isMainFrame=true
?[32;1m[debug]?[0m [phantom] url changed to "file:///Users/zpeugh/code/min/scripts/flowdocument/Resources/actionHtmls/Email Customer Canceled (due to PL).html"
?[32;1m[debug]?[0m [phantom] Successfully injected Casper client-side utilities
?[36m[info]?[0m [phantom] Step anonymous 452/470: done in 22912ms.
?[32;1m[debug]?[0m [phantom] opening url: file:///Users/zpeugh/code/min/scripts/flowdocument/Resources/actionHtmls/Email Assignee: Complete Forms.html, HTTP GET
?[32;1m[debug]?[0m [phantom] Navigation requested: url=file:///Users/zpeugh/code/min/scripts/flowdocument/Resources/actionHtmls/Email Assignee: Complete Forms.html, type=Other, willNavigate=true, isMainFrame=true
?[32;1m[debug]?[0m [phantom] url changed to "file:///Users/zpeugh/code/min/scripts/flowdocument/Resources/actionHtmls/Email Assignee: Complete Forms.html"
?[32;1m[debug]?[0m [phantom] Successfully injected Casper client-side utilities
?[36m[info]?[0m [phantom] Step anonymous 454/470: done in 22984ms.
?[32;1m[debug]?[0m [phantom] opening url: file:///Users/zpeugh/code/min/scripts/flowdocument/Resources/actionHtmls/Email Assignee: Complete Forms.html, HTTP GET
?[32;1m[debug]?[0m [phantom] Navigation requested: url=file:///Users/zpeugh/code/min/scripts/flowdocument/Resources/actionHtmls/Email Assignee: Complete Forms.html, type=Other, willNavigate=true, isMainFrame=true
?[32;1m[debug]?[0m [phantom] url changed to "file:///Users/zpeugh/code/min/scripts/flowdocument/Resources/actionHtmls/Email Assignee: Complete Forms.html"
?[32;1m[debug]?[0m [phantom] Successfully injected Casper client-side utilities
?[36m[info]?[0m [phantom] Step anonymous 456/472: done in 23055ms.
?[32;1m[debug]?[0m [phantom] opening url: file:///Users/zpeugh/code/min/scripts/flowdocument/Resources/actionHtmls/Unlock Project.html, HTTP GET
?[32;1m[debug]?[0m [phantom] Navigation requested: url=file:///Users/zpeugh/code/min/scripts/flowdocument/Resources/actionHtmls/Unlock Project.html, type=Other, willNavigate=true, isMainFrame=true
?[32;1m[debug]?[0m [phantom] url changed to "file:///Users/zpeugh/code/min/scripts/flowdocument/Resources/actionHtmls/Unlock Project.html"
?[32;1m[debug]?[0m [phantom] Successfully injected Casper client-side utilities
?[36m[info]?[0m [phantom] Step anonymous 458/472: done in 23128ms.
?[32;1m[debug]?[0m [phantom] opening url: file:///Users/zpeugh/code/min/scripts/flowdocument/Resources/actionHtmls/Unlock Project.html, HTTP GET
?[32;1m[debug]?[0m [phantom] Navigation requested: url=file:///Users/zpeugh/code/min/scripts/flowdocument/Resources/actionHtmls/Unlock Project.html, type=Other, willNavigate=true, isMainFrame=true
?[32;1m[debug]?[0m [phantom] url changed to "file:///Users/zpeugh/code/min/scripts/flowdocument/Resources/actionHtmls/Unlock Project.html"
?[32;1m[debug]?[0m [phantom] Successfully injected Casper client-side utilities
?[36m[info]?[0m [phantom] Step anonymous 460/474: done in 23204ms.
?[32;1m[debug]?[0m [phantom] opening url: file:///Users/zpeugh/code/min/scripts/flowdocument/Resources/actionHtmls/Email All: Project Being Edited.html, HTTP GET
?[32;1m[debug]?[0m [phantom] Navigation requested: url=file:///Users/zpeugh/code/min/scripts/flowdocument/Resources/actionHtmls/Email All: Project Being Edited.html, type=Other, willNavigate=true, isMainFrame=true
?[32;1m[debug]?[0m [phantom] url changed to "file:///Users/zpeugh/code/min/scripts/flowdocument/Resources/actionHtmls/Email All: Project Being Edited.html"
?[32;1m[debug]?[0m [phantom] Successfully injected Casper client-side utilities
?[36m[info]?[0m [phantom] Step anonymous 462/474: done in 23275ms.
?[32;1m[debug]?[0m [phantom] opening url: file:///Users/zpeugh/code/min/scripts/flowdocument/Resources/actionHtmls/Email All: Project Being Edited.html, HTTP GET
?[32;1m[debug]?[0m [phantom] Navigation requested: url=file:///Users/zpeugh/code/min/scripts/flowdocument/Resources/actionHtmls/Email All: Project Being Edited.html, type=Other, willNavigate=true, isMainFrame=true
?[32;1m[debug]?[0m [phantom] url changed to "file:///Users/zpeugh/code/min/scripts/flowdocument/Resources/actionHtmls/Email All: Project Being Edited.html"
?[32;1m[debug]?[0m [phantom] Successfully injected Casper client-side utilities
?[36m[info]?[0m [phantom] Step anonymous 464/476: done in 23346ms.
?[32;1m[debug]?[0m [phantom] opening url: file:///Users/zpeugh/code/min/scripts/flowdocument/Resources/actionHtmls/14 Days to Fix Clock and Auto Advance.html, HTTP GET
?[32;1m[debug]?[0m [phantom] Navigation requested: url=file:///Users/zpeugh/code/min/scripts/flowdocument/Resources/actionHtmls/14 Days to Fix Clock and Auto Advance.html, type=Other, willNavigate=true, isMainFrame=true
?[32;1m[debug]?[0m [phantom] url changed to "file:///Users/zpeugh/code/min/scripts/flowdocument/Resources/actionHtmls/14 Days to Fix Clock and Auto Advance.html"
?[32;1m[debug]?[0m [phantom] Successfully injected Casper client-side utilities
?[36m[info]?[0m [phantom] Step anonymous 466/476: done in 23419ms.
?[32;1m[debug]?[0m [phantom] opening url: file:///Users/zpeugh/code/min/scripts/flowdocument/Resources/actionHtmls/14 Days to Fix Clock and Auto Advance.html, HTTP GET
?[32;1m[debug]?[0m [phantom] Navigation requested: url=file:///Users/zpeugh/code/min/scripts/flowdocument/Resources/actionHtmls/14 Days to Fix Clock and Auto Advance.html, type=Other, willNavigate=true, isMainFrame=true
?[32;1m[debug]?[0m [phantom] url changed to "file:///Users/zpeugh/code/min/scripts/flowdocument/Resources/actionHtmls/14 Days to Fix Clock and Auto Advance.html"
?[32;1m[debug]?[0m [phantom] Successfully injected Casper client-side utilities
?[36m[info]?[0m [phantom] Step anonymous 468/478: done in 23489ms.
?[32;1m[debug]?[0m [phantom] opening url: file:///Users/zpeugh/code/min/scripts/flowdocument/Resources/actionHtmls/Email Customer: Denied Notification.html, HTTP GET
?[32;1m[debug]?[0m [phantom] Navigation requested: url=file:///Users/zpeugh/code/min/scripts/flowdocument/Resources/actionHtmls/Email Customer: Denied Notification.html, type=Other, willNavigate=true, isMainFrame=true
?[32;1m[debug]?[0m [phantom] url changed to "file:///Users/zpeugh/code/min/scripts/flowdocument/Resources/actionHtmls/Email Customer: Denied Notification.html"
?[32;1m[debug]?[0m [phantom] Successfully injected Casper client-side utilities
?[36m[info]?[0m [phantom] Step anonymous 470/478: done in 23563ms.
?[32;1m[debug]?[0m [phantom] opening url: file:///Users/zpeugh/code/min/scripts/flowdocument/Resources/actionHtmls/Email Customer: Denied Notification.html, HTTP GET
?[32;1m[debug]?[0m [phantom] Navigation requested: url=file:///Users/zpeugh/code/min/scripts/flowdocument/Resources/actionHtmls/Email Customer: Denied Notification.html, type=Other, willNavigate=true, isMainFrame=true
?[32;1m[debug]?[0m [phantom] url changed to "file:///Users/zpeugh/code/min/scripts/flowdocument/Resources/actionHtmls/Email Customer: Denied Notification.html"
?[32;1m[debug]?[0m [phantom] Successfully injected Casper client-side utilities
?[36m[info]?[0m [phantom] Step anonymous 472/480: done in 23638ms.
?[32;1m[debug]?[0m [phantom] opening url: file:///Users/zpeugh/code/min/scripts/flowdocument/Resources/actionHtmls/Email Assignee: All Stations Denied.html, HTTP GET
?[32;1m[debug]?[0m [phantom] Navigation requested: url=file:///Users/zpeugh/code/min/scripts/flowdocument/Resources/actionHtmls/Email Assignee: All Stations Denied.html, type=Other, willNavigate=true, isMainFrame=true
?[32;1m[debug]?[0m [phantom] url changed to "file:///Users/zpeugh/code/min/scripts/flowdocument/Resources/actionHtmls/Email Assignee: All Stations Denied.html"
?[32;1m[debug]?[0m [phantom] Successfully injected Casper client-side utilities
?[36m[info]?[0m [phantom] Step anonymous 474/480: done in 23708ms.
?[32;1m[debug]?[0m [phantom] opening url: file:///Users/zpeugh/code/min/scripts/flowdocument/Resources/actionHtmls/Email Assignee: All Stations Denied.html, HTTP GET
?[32;1m[debug]?[0m [phantom] Navigation requested: url=file:///Users/zpeugh/code/min/scripts/flowdocument/Resources/actionHtmls/Email Assignee: All Stations Denied.html, type=Other, willNavigate=true, isMainFrame=true
?[32;1m[debug]?[0m [phantom] url changed to "file:///Users/zpeugh/code/min/scripts/flowdocument/Resources/actionHtmls/Email Assignee: All Stations Denied.html"
?[32;1m[debug]?[0m [phantom] Successfully injected Casper client-side utilities
?[36m[info]?[0m [phantom] Step anonymous 476/482: done in 23782ms.
?[32;1m[debug]?[0m [phantom] opening url: file:///Users/zpeugh/code/min/scripts/flowdocument/Resources/actionHtmls/Email Assignee: Set Station Statuses.html, HTTP GET
?[32;1m[debug]?[0m [phantom] Navigation requested: url=file:///Users/zpeugh/code/min/scripts/flowdocument/Resources/actionHtmls/Email Assignee: Set Station Statuses.html, type=Other, willNavigate=true, isMainFrame=true
?[32;1m[debug]?[0m [phantom] url changed to "file:///Users/zpeugh/code/min/scripts/flowdocument/Resources/actionHtmls/Email Assignee: Set Station Statuses.html"
?[32;1m[debug]?[0m [phantom] Successfully injected Casper client-side utilities
?[36m[info]?[0m [phantom] Step anonymous 478/482: done in 23854ms.
?[32;1m[debug]?[0m [phantom] opening url: file:///Users/zpeugh/code/min/scripts/flowdocument/Resources/actionHtmls/Email Assignee: Set Station Statuses.html, HTTP GET
?[32;1m[debug]?[0m [phantom] Navigation requested: url=file:///Users/zpeugh/code/min/scripts/flowdocument/Resources/actionHtmls/Email Assignee: Set Station Statuses.html, type=Other, willNavigate=true, isMainFrame=true
?[32;1m[debug]?[0m [phantom] url changed to "file:///Users/zpeugh/code/min/scripts/flowdocument/Resources/actionHtmls/Email Assignee: Set Station Statuses.html"
?[32;1m[debug]?[0m [phantom] Successfully injected Casper client-side utilities
?[36m[info]?[0m [phantom] Step anonymous 480/484: done in 23927ms.
?[32;1m[debug]?[0m [phantom] opening url: file:///Users/zpeugh/code/min/scripts/flowdocument/Resources/actionHtmls/Email Inspector Corrections Required.html, HTTP GET
?[32;1m[debug]?[0m [phantom] Navigation requested: url=file:///Users/zpeugh/code/min/scripts/flowdocument/Resources/actionHtmls/Email Inspector Corrections Required.html, type=Other, willNavigate=true, isMainFrame=true
?[32;1m[debug]?[0m [phantom] url changed to "file:///Users/zpeugh/code/min/scripts/flowdocument/Resources/actionHtmls/Email Inspector Corrections Required.html"
?[32;1m[debug]?[0m [phantom] Successfully injected Casper client-side utilities
?[36m[info]?[0m [phantom] Step anonymous 482/484: done in 23996ms.
?[32;1m[debug]?[0m [phantom] opening url: file:///Users/zpeugh/code/min/scripts/flowdocument/Resources/actionHtmls/Email Inspector Corrections Required.html, HTTP GET
?[32;1m[debug]?[0m [phantom] Navigation requested: url=file:///Users/zpeugh/code/min/scripts/flowdocument/Resources/actionHtmls/Email Inspector Corrections Required.html, type=Other, willNavigate=true, isMainFrame=true
?[32;1m[debug]?[0m [phantom] url changed to "file:///Users/zpeugh/code/min/scripts/flowdocument/Resources/actionHtmls/Email Inspector Corrections Required.html"
?[32;1m[debug]?[0m [phantom] Successfully injected Casper client-side utilities
?[36m[info]?[0m [phantom] Step anonymous 484/486: done in 24066ms.
?[32;1m[debug]?[0m [phantom] opening url: file:///Users/zpeugh/code/min/scripts/flowdocument/Resources/actionHtmls/Assign Inspector.html, HTTP GET
?[32;1m[debug]?[0m [phantom] Navigation requested: url=file:///Users/zpeugh/code/min/scripts/flowdocument/Resources/actionHtmls/Assign Inspector.html, type=Other, willNavigate=true, isMainFrame=true
?[32;1m[debug]?[0m [phantom] url changed to "file:///Users/zpeugh/code/min/scripts/flowdocument/Resources/actionHtmls/Assign Inspector.html"
?[32;1m[debug]?[0m [phantom] Successfully injected Casper client-side utilities
?[36m[info]?[0m [phantom] Step anonymous 486/486: done in 24141ms.
?[32;1m[debug]?[0m [phantom] opening url: file:///Users/zpeugh/code/min/scripts/flowdocument/Resources/actionHtmls/Assign Inspector.html, HTTP GET
?[32;1m[debug]?[0m [phantom] Navigation requested: url=file:///Users/zpeugh/code/min/scripts/flowdocument/Resources/actionHtmls/Assign Inspector.html, type=Other, willNavigate=true, isMainFrame=true
?[32;1m[debug]?[0m [phantom] url changed to "file:///Users/zpeugh/code/min/scripts/flowdocument/Resources/actionHtmls/Assign Inspector.html"
?[32;1m[debug]?[0m [phantom] Successfully injected Casper client-side utilities
?[36m[info]?[0m [phantom] Step anonymous 488/488: done in 24217ms.
?[36m[info]?[0m [phantom] Done 488 steps in 24234ms
All actions: [Email Assignee: Set All Station Statuses, Set Sub Planning, Pull Photos From Calc, Email Customer: Complete Forms, Email assignee poles not all approved correctstatuses and advance, Update Rental Application Status, Lock Pole Count, Station Action, Email Assignee Not all Poles Denied, Assign JPO Admin, Creat Notification Against Failed Structure IDs, Create E2 for Found Poles, Email Customer: Complete Form 48, Email: Inspector to complete pole forms, Email Customer: Project Closed, Pull Forms From Calc, Email Inspector: Ensure Forms are Complete and Calc Uploaded(checklist?), Email Planner/Contractor, Assign Customer: Corrections Required, Update ZJ Notification, Create Calc File, Assign JPO Agent, Email Customer: JPA In Progress, Set Sub, Assign JPA Manager, First 45 Day Clock, Email: Customer Rework Required, review station statuses, Assign Customer, Accept or Reject Station Statuses, Send the As Is Layer Measurement Point, Assign Planning Groups, Mail JPO to a. Change Records (then approve pole(s)) Or b. notice to fix, In 45 Days, Email Customer About Form 2 Final, Email Customer Cancelled, Email All Cancelled, Send As-Designed to SAP, Email Creator-Deny Stations, Email Customer: Some Work Not Completed, Update FLOC Unauthorized (not completed as approved stations), Push Forms to Calc, Update ZJ Notification Status, Create Rental Application in Pending Status SAP, Remove Time Markers, Email: Verify all stations have status, Set Station Statuses, Assign NDPM Usergroup, 9 Months to Complete Inspection, 31 Day Reminder (repeating), Email Customer Instructions, 18 Months to Complete Construction, Email Creator: Complete Denied Pole Form, Email Customer Canceled (due to PL), Email Assignee: Complete Forms, Unlock Project, Email All: Project Being Edited, 14 Days to Fix Clock and Auto Advance, Email Customer: Denied Notification, Email Assignee: All Stations Denied, Email Assignee: Set Station Statuses, Email Inspector Corrections Required, Assign Inspector]
Missed actions: null
Forms to capture: 
1: Cost
2: Construction Coordination Tracking
3: ROW
4: Engineering Fix Classification
5: Detailed Engineering Tracking Information
Logged in as: Power Engineers
Navigating to Flow Form List
script timed out
Currently at: https://www.spidasoftware.com/projectmanager/formTemplate/list
Stored screenshot of form: Construction Coordination Tracking
Stored screenshot of form: Cost
Stored screenshot of form: Detailed Engineering Tracking Information
Stored screenshot of form: Engineering Fix Classification
Stored screenshot of form: ROW
Forms to generate: 
0: Cost
1: Construction Coordination Tracking
2: ROW
3: Engineering Fix Classification
4: Detailed Engineering Tracking Information
?[36m[info]?[0m [phantom] Starting...
?[36m[info]?[0m [phantom] Execution timeout set to 12000ms
?[36m[info]?[0m [phantom] Running suite: 10 steps
?[32;1m[debug]?[0m [phantom] opening url: file:///Users/zpeugh/code/min/scripts/flowdocument/Resources/formHtmls/Cost.html, HTTP GET
?[32;1m[debug]?[0m [phantom] Navigation requested: url=file:///Users/zpeugh/code/min/scripts/flowdocument/Resources/formHtmls/Cost.html, type=Other, willNavigate=true, isMainFrame=true
?[32;1m[debug]?[0m [phantom] url changed to "file:///Users/zpeugh/code/min/scripts/flowdocument/Resources/formHtmls/Cost.html"
?[32;1m[debug]?[0m [phantom] Successfully injected Casper client-side utilities
?[36m[info]?[0m [phantom] Step anonymous 2/10: done in 159ms.
?[36m[info]?[0m [phantom] Step _step 3/13: done in 160ms.
?[36m[info]?[0m [phantom] waitFor() finished in 48ms.
?[32;1m[debug]?[0m [phantom] Capturing page to /Users/zpeugh/code/min/scripts/flowdocument/Resources/formHtmls/formPNGs/Cost.png with clipRect {"top":5,"height":498,"left":0,"width":400}
?[36m[info]?[0m [phantom] Capture saved to /Users/zpeugh/code/min/scripts/flowdocument/Resources/formHtmls/formPNGs/Cost.png
?[36m[info]?[0m [phantom] Step anonymous 4/14: done in 325ms.
?[36m[info]?[0m [phantom] Step anonymous 5/14: done in 327ms.
?[36m[info]?[0m [phantom] Step _step 6/14: done in 349ms.
?[36m[info]?[0m [phantom] waitFor() finished in 42ms.
?[32;1m[debug]?[0m [phantom] opening url: file:///Users/zpeugh/code/min/scripts/flowdocument/Resources/formHtmls/Construction Coordination Tracking.html, HTTP GET
?[32;1m[debug]?[0m [phantom] Navigation requested: url=file:///Users/zpeugh/code/min/scripts/flowdocument/Resources/formHtmls/Construction Coordination Tracking.html, type=Other, willNavigate=true, isMainFrame=true
?[32;1m[debug]?[0m [phantom] url changed to "file:///Users/zpeugh/code/min/scripts/flowdocument/Resources/formHtmls/Construction Coordination Tracking.html"
?[32;1m[debug]?[0m [phantom] Successfully injected Casper client-side utilities
?[36m[info]?[0m [phantom] Step anonymous 8/14: done in 489ms.
?[36m[info]?[0m [phantom] Step _step 9/17: done in 505ms.
?[36m[info]?[0m [phantom] waitFor() finished in 48ms.
?[32;1m[debug]?[0m [phantom] Capturing page to /Users/zpeugh/code/min/scripts/flowdocument/Resources/formHtmls/formPNGs/Construction Coordination Tracking.png with clipRect {"top":5,"height":1594,"left":0,"width":400}
?[36m[info]?[0m [phantom] Capture saved to /Users/zpeugh/code/min/scripts/flowdocument/Resources/formHtmls/formPNGs/Construction Coordination Tracking.png
?[36m[info]?[0m [phantom] Step anonymous 10/18: done in 740ms.
?[36m[info]?[0m [phantom] Step anonymous 11/18: done in 745ms.
?[36m[info]?[0m [phantom] Step _step 12/18: done in 763ms.
?[36m[info]?[0m [phantom] waitFor() finished in 47ms.
?[32;1m[debug]?[0m [phantom] opening url: file:///Users/zpeugh/code/min/scripts/flowdocument/Resources/formHtmls/ROW.html, HTTP GET
?[32;1m[debug]?[0m [phantom] Navigation requested: url=file:///Users/zpeugh/code/min/scripts/flowdocument/Resources/formHtmls/ROW.html, type=Other, willNavigate=true, isMainFrame=true
?[32;1m[debug]?[0m [phantom] url changed to "file:///Users/zpeugh/code/min/scripts/flowdocument/Resources/formHtmls/ROW.html"
?[32;1m[debug]?[0m [phantom] Successfully injected Casper client-side utilities
?[36m[info]?[0m [phantom] Step anonymous 14/18: done in 919ms.
?[36m[info]?[0m [phantom] Step _step 15/21: done in 934ms.
?[36m[info]?[0m [phantom] waitFor() finished in 46ms.
?[32;1m[debug]?[0m [phantom] Capturing page to /Users/zpeugh/code/min/scripts/flowdocument/Resources/formHtmls/formPNGs/ROW.png with clipRect {"top":5,"height":1103,"left":0,"width":400}
?[36m[info]?[0m [phantom] Capture saved to /Users/zpeugh/code/min/scripts/flowdocument/Resources/formHtmls/formPNGs/ROW.png
?[36m[info]?[0m [phantom] Step anonymous 16/22: done in 1125ms.
?[36m[info]?[0m [phantom] Step anonymous 17/22: done in 1129ms.
?[36m[info]?[0m [phantom] Step _step 18/22: done in 1147ms.
?[36m[info]?[0m [phantom] waitFor() finished in 47ms.
?[32;1m[debug]?[0m [phantom] opening url: file:///Users/zpeugh/code/min/scripts/flowdocument/Resources/formHtmls/Engineering Fix Classification.html, HTTP GET
?[32;1m[debug]?[0m [phantom] Navigation requested: url=file:///Users/zpeugh/code/min/scripts/flowdocument/Resources/formHtmls/Engineering Fix Classification.html, type=Other, willNavigate=true, isMainFrame=true
?[32;1m[debug]?[0m [phantom] url changed to "file:///Users/zpeugh/code/min/scripts/flowdocument/Resources/formHtmls/Engineering Fix Classification.html"
?[32;1m[debug]?[0m [phantom] Successfully injected Casper client-side utilities
?[36m[info]?[0m [phantom] Step anonymous 20/22: done in 1272ms.
?[36m[info]?[0m [phantom] Step _step 21/25: done in 1291ms.
?[36m[info]?[0m [phantom] waitFor() finished in 47ms.
?[32;1m[debug]?[0m [phantom] Capturing page to /Users/zpeugh/code/min/scripts/flowdocument/Resources/formHtmls/formPNGs/Engineering Fix Classification.png with clipRect {"top":5,"height":246,"left":0,"width":400}
?[36m[info]?[0m [phantom] Capture saved to /Users/zpeugh/code/min/scripts/flowdocument/Resources/formHtmls/formPNGs/Engineering Fix Classification.png
?[36m[info]?[0m [phantom] Step anonymous 22/26: done in 1419ms.
?[36m[info]?[0m [phantom] Step anonymous 23/26: done in 1421ms.
?[36m[info]?[0m [phantom] Step _step 24/26: done in 1444ms.
?[36m[info]?[0m [phantom] waitFor() finished in 46ms.
?[32;1m[debug]?[0m [phantom] opening url: file:///Users/zpeugh/code/min/scripts/flowdocument/Resources/formHtmls/Detailed Engineering Tracking Information.html, HTTP GET
?[32;1m[debug]?[0m [phantom] Navigation requested: url=file:///Users/zpeugh/code/min/scripts/flowdocument/Resources/formHtmls/Detailed Engineering Tracking Information.html, type=Other, willNavigate=true, isMainFrame=true
?[32;1m[debug]?[0m [phantom] url changed to "file:///Users/zpeugh/code/min/scripts/flowdocument/Resources/formHtmls/Detailed Engineering Tracking Information.html"
?[32;1m[debug]?[0m [phantom] Successfully injected Casper client-side utilities
?[36m[info]?[0m [phantom] Step anonymous 26/26: done in 1670ms.
?[36m[info]?[0m [phantom] Step _step 27/29: done in 1678ms.
?[36m[info]?[0m [phantom] waitFor() finished in 45ms.
?[32;1m[debug]?[0m [phantom] Capturing page to /Users/zpeugh/code/min/scripts/flowdocument/Resources/formHtmls/formPNGs/Detailed Engineering Tracking Information.png with clipRect {"top":5,"height":3310,"left":0,"width":400}
?[36m[info]?[0m [phantom] Capture saved to /Users/zpeugh/code/min/scripts/flowdocument/Resources/formHtmls/formPNGs/Detailed Engineering Tracking Information.png
?[36m[info]?[0m [phantom] Step anonymous 28/30: done in 2012ms.
?[36m[info]?[0m [phantom] Step anonymous 29/30: done in 2108ms.
?[36m[info]?[0m [phantom] Step _step 30/30: done in 2137ms.
?[36m[info]?[0m [phantom] waitFor() finished in 49ms.
?[36m[info]?[0m [phantom] Done 30 steps in 2186ms
All forms: [Cost, Construction Coordination Tracking, ROW, Engineering Fix Classification, Detailed Engineering Tracking Information]
Missed Forms: null
company name: Power Engineers
flow Name: PEI (imported 4/30/13 10:38:46 AM)
2: Third Party to Engineer
3: LOC Fix completed
4: AEP Responsibility
5: Remediation
6: Construction
7: CreatorAsManager
8: Admin
9: Negotiations
Logged in successfully
script timed out
Logged in as: Power Engineers
Navigating to Flow List
Currently at: https://www.spidasoftware.com/projectmanager/flow/list
Currently at: https://www.spidasoftware.com/projectmanager/flow/edit/61993
Capturing action: CreatorAsManager...
61869
Capturing action: Admin...
62014
Capturing action: LOC Fix completed...
62016
Capturing action: Construction...
62028
Capturing action: Third Party to Engineer...
62032
Capturing action: Remediation...
62038
Capturing action: Negotiations...
62047
Capturing action: AEP Responsibility...
62051
Captured action: CreatorAsManager
Captured action: Admin
Captured action: LOC Fix completed
Captured action: Construction
Captured action: Third Party to Engineer
Captured action: Remediation
Captured action: Negotiations
Captured action: AEP Responsibility
args: Third~Party~to~Engineer LOC~Fix~completed AEP~Responsibility Remediation Construction CreatorAsManager Admin Negotiations
Actions to capture: 
0: Third Party to Engineer
1: LOC Fix completed
2: AEP Responsibility
3: Remediation
4: Construction
5: CreatorAsManager
6: Admin
7: Negotiations
?[36m[info]?[0m [phantom] Starting...
?[36m[info]?[0m [phantom] Execution timeout set to 8000ms
?[36m[info]?[0m [phantom] Running suite: 32 steps
?[32;1m[debug]?[0m [phantom] opening url: file:///Users/zpeugh/code/min/scripts/flowdocument/Resources/actionHtmls/Third Party to Engineer.html, HTTP GET
?[32;1m[debug]?[0m [phantom] Navigation requested: url=file:///Users/zpeugh/code/min/scripts/flowdocument/Resources/actionHtmls/Third Party to Engineer.html, type=Other, willNavigate=true, isMainFrame=true
?[32;1m[debug]?[0m [phantom] url changed to "file:///Users/zpeugh/code/min/scripts/flowdocument/Resources/actionHtmls/Third Party to Engineer.html"
?[32;1m[debug]?[0m [phantom] Successfully injected Casper client-side utilities
?[36m[info]?[0m [phantom] Step anonymous 2/32: done in 1686ms.
?[36m[info]?[0m [phantom] Step _step 3/33: done in 1707ms.
?[36m[info]?[0m [phantom] waitFor() finished in 45ms.
?[32;1m[debug]?[0m [phantom] Capturing page to /Users/zpeugh/code/min/scripts/flowdocument/Resources/actionHtmls/actionPNGs/Third Party to Engineer.png with clipRect {"top":15,"height":319,"left":62,"width":501}
?[36m[info]?[0m [phantom] Capture saved to /Users/zpeugh/code/min/scripts/flowdocument/Resources/actionHtmls/actionPNGs/Third Party to Engineer.png
?[36m[info]?[0m [phantom] Step anonymous 4/34: done in 1867ms.
?[32;1m[debug]?[0m [phantom] opening url: file:///Users/zpeugh/code/min/scripts/flowdocument/Resources/actionHtmls/LOC Fix completed.html, HTTP GET
?[32;1m[debug]?[0m [phantom] Navigation requested: url=file:///Users/zpeugh/code/min/scripts/flowdocument/Resources/actionHtmls/LOC Fix completed.html, type=Other, willNavigate=true, isMainFrame=true
?[32;1m[debug]?[0m [phantom] url changed to "file:///Users/zpeugh/code/min/scripts/flowdocument/Resources/actionHtmls/LOC Fix completed.html"
?[32;1m[debug]?[0m [phantom] Successfully injected Casper client-side utilities
?[36m[info]?[0m [phantom] Step anonymous 6/34: done in 1930ms.
?[36m[info]?[0m [phantom] Step _step 7/35: done in 1953ms.
?[36m[info]?[0m [phantom] waitFor() finished in 46ms.
?[32;1m[debug]?[0m [phantom] Capturing page to /Users/zpeugh/code/min/scripts/flowdocument/Resources/actionHtmls/actionPNGs/LOC Fix completed.png with clipRect {"top":15,"height":319,"left":62,"width":501}
?[36m[info]?[0m [phantom] Capture saved to /Users/zpeugh/code/min/scripts/flowdocument/Resources/actionHtmls/actionPNGs/LOC Fix completed.png
?[36m[info]?[0m [phantom] Step anonymous 8/36: done in 2100ms.
?[32;1m[debug]?[0m [phantom] opening url: file:///Users/zpeugh/code/min/scripts/flowdocument/Resources/actionHtmls/AEP Responsibility.html, HTTP GET
?[32;1m[debug]?[0m [phantom] Navigation requested: url=file:///Users/zpeugh/code/min/scripts/flowdocument/Resources/actionHtmls/AEP Responsibility.html, type=Other, willNavigate=true, isMainFrame=true
?[32;1m[debug]?[0m [phantom] url changed to "file:///Users/zpeugh/code/min/scripts/flowdocument/Resources/actionHtmls/AEP Responsibility.html"
?[32;1m[debug]?[0m [phantom] Successfully injected Casper client-side utilities
?[36m[info]?[0m [phantom] Step anonymous 10/36: done in 2153ms.
?[36m[info]?[0m [phantom] Step _step 11/37: done in 2177ms.
?[36m[info]?[0m [phantom] waitFor() finished in 40ms.
?[32;1m[debug]?[0m [phantom] Capturing page to /Users/zpeugh/code/min/scripts/flowdocument/Resources/actionHtmls/actionPNGs/AEP Responsibility.png with clipRect {"top":15,"height":319,"left":62,"width":501}
?[36m[info]?[0m [phantom] Capture saved to /Users/zpeugh/code/min/scripts/flowdocument/Resources/actionHtmls/actionPNGs/AEP Responsibility.png
?[36m[info]?[0m [phantom] Step anonymous 12/38: done in 2309ms.
?[32;1m[debug]?[0m [phantom] opening url: file:///Users/zpeugh/code/min/scripts/flowdocument/Resources/actionHtmls/Remediation.html, HTTP GET
?[32;1m[debug]?[0m [phantom] Navigation requested: url=file:///Users/zpeugh/code/min/scripts/flowdocument/Resources/actionHtmls/Remediation.html, type=Other, willNavigate=true, isMainFrame=true
?[32;1m[debug]?[0m [phantom] url changed to "file:///Users/zpeugh/code/min/scripts/flowdocument/Resources/actionHtmls/Remediation.html"
?[32;1m[debug]?[0m [phantom] Successfully injected Casper client-side utilities
?[36m[info]?[0m [phantom] Step anonymous 14/38: done in 2362ms.
?[36m[info]?[0m [phantom] Step _step 15/39: done in 2386ms.
?[36m[info]?[0m [phantom] waitFor() finished in 46ms.
?[32;1m[debug]?[0m [phantom] Capturing page to /Users/zpeugh/code/min/scripts/flowdocument/Resources/actionHtmls/actionPNGs/Remediation.png with clipRect {"top":15,"height":319,"left":62,"width":501}
?[36m[info]?[0m [phantom] Capture saved to /Users/zpeugh/code/min/scripts/flowdocument/Resources/actionHtmls/actionPNGs/Remediation.png
?[36m[info]?[0m [phantom] Step anonymous 16/40: done in 2530ms.
?[32;1m[debug]?[0m [phantom] opening url: file:///Users/zpeugh/code/min/scripts/flowdocument/Resources/actionHtmls/Construction.html, HTTP GET
?[32;1m[debug]?[0m [phantom] Navigation requested: url=file:///Users/zpeugh/code/min/scripts/flowdocument/Resources/actionHtmls/Construction.html, type=Other, willNavigate=true, isMainFrame=true
?[32;1m[debug]?[0m [phantom] url changed to "file:///Users/zpeugh/code/min/scripts/flowdocument/Resources/actionHtmls/Construction.html"
?[32;1m[debug]?[0m [phantom] Successfully injected Casper client-side utilities
?[36m[info]?[0m [phantom] Step anonymous 18/40: done in 2616ms.
?[36m[info]?[0m [phantom] Step _step 19/41: done in 2637ms.
?[36m[info]?[0m [phantom] waitFor() finished in 47ms.
?[32;1m[debug]?[0m [phantom] Capturing page to /Users/zpeugh/code/min/scripts/flowdocument/Resources/actionHtmls/actionPNGs/Construction.png with clipRect {"top":15,"height":319,"left":62,"width":501}
?[36m[info]?[0m [phantom] Capture saved to /Users/zpeugh/code/min/scripts/flowdocument/Resources/actionHtmls/actionPNGs/Construction.png
?[36m[info]?[0m [phantom] Step anonymous 20/42: done in 2785ms.
?[32;1m[debug]?[0m [phantom] opening url: file:///Users/zpeugh/code/min/scripts/flowdocument/Resources/actionHtmls/CreatorAsManager.html, HTTP GET
?[32;1m[debug]?[0m [phantom] Navigation requested: url=file:///Users/zpeugh/code/min/scripts/flowdocument/Resources/actionHtmls/CreatorAsManager.html, type=Other, willNavigate=true, isMainFrame=true
?[32;1m[debug]?[0m [phantom] url changed to "file:///Users/zpeugh/code/min/scripts/flowdocument/Resources/actionHtmls/CreatorAsManager.html"
?[32;1m[debug]?[0m [phantom] Successfully injected Casper client-side utilities
?[36m[info]?[0m [phantom] Step anonymous 22/42: done in 2859ms.
?[36m[info]?[0m [phantom] Step _step 23/43: done in 2879ms.
?[36m[info]?[0m [phantom] waitFor() finished in 46ms.
?[32;1m[debug]?[0m [phantom] Capturing page to /Users/zpeugh/code/min/scripts/flowdocument/Resources/actionHtmls/actionPNGs/CreatorAsManager.png with clipRect {"top":15,"height":393,"left":62,"width":501}
?[36m[info]?[0m [phantom] Capture saved to /Users/zpeugh/code/min/scripts/flowdocument/Resources/actionHtmls/actionPNGs/CreatorAsManager.png
?[36m[info]?[0m [phantom] Step anonymous 24/44: done in 3041ms.
?[32;1m[debug]?[0m [phantom] opening url: file:///Users/zpeugh/code/min/scripts/flowdocument/Resources/actionHtmls/Admin.html, HTTP GET
?[32;1m[debug]?[0m [phantom] Navigation requested: url=file:///Users/zpeugh/code/min/scripts/flowdocument/Resources/actionHtmls/Admin.html, type=Other, willNavigate=true, isMainFrame=true
?[32;1m[debug]?[0m [phantom] url changed to "file:///Users/zpeugh/code/min/scripts/flowdocument/Resources/actionHtmls/Admin.html"
?[32;1m[debug]?[0m [phantom] Successfully injected Casper client-side utilities
?[36m[info]?[0m [phantom] Step anonymous 26/44: done in 3095ms.
?[36m[info]?[0m [phantom] Step _step 27/45: done in 3116ms.
?[36m[info]?[0m [phantom] waitFor() finished in 44ms.
?[32;1m[debug]?[0m [phantom] Capturing page to /Users/zpeugh/code/min/scripts/flowdocument/Resources/actionHtmls/actionPNGs/Admin.png with clipRect {"top":15,"height":319,"left":62,"width":501}
?[36m[info]?[0m [phantom] Capture saved to /Users/zpeugh/code/min/scripts/flowdocument/Resources/actionHtmls/actionPNGs/Admin.png
?[36m[info]?[0m [phantom] Step anonymous 28/46: done in 3250ms.
?[32;1m[debug]?[0m [phantom] opening url: file:///Users/zpeugh/code/min/scripts/flowdocument/Resources/actionHtmls/Negotiations.html, HTTP GET
?[32;1m[debug]?[0m [phantom] Navigation requested: url=file:///Users/zpeugh/code/min/scripts/flowdocument/Resources/actionHtmls/Negotiations.html, type=Other, willNavigate=true, isMainFrame=true
?[32;1m[debug]?[0m [phantom] url changed to "file:///Users/zpeugh/code/min/scripts/flowdocument/Resources/actionHtmls/Negotiations.html"
?[32;1m[debug]?[0m [phantom] Successfully injected Casper client-side utilities
?[36m[info]?[0m [phantom] Step anonymous 30/46: done in 3302ms.
?[36m[info]?[0m [phantom] Step _step 31/47: done in 3324ms.
?[36m[info]?[0m [phantom] waitFor() finished in 45ms.
?[32;1m[debug]?[0m [phantom] Capturing page to /Users/zpeugh/code/min/scripts/flowdocument/Resources/actionHtmls/actionPNGs/Negotiations.png with clipRect {"top":15,"height":319,"left":62,"width":501}
?[36m[info]?[0m [phantom] Capture saved to /Users/zpeugh/code/min/scripts/flowdocument/Resources/actionHtmls/actionPNGs/Negotiations.png
?[36m[info]?[0m [phantom] Step anonymous 32/48: done in 3454ms.
?[32;1m[debug]?[0m [phantom] opening url: file:///Users/zpeugh/code/min/scripts/flowdocument/Resources/actionHtmls/Third Party to Engineer.html, HTTP GET
?[32;1m[debug]?[0m [phantom] Navigation requested: url=file:///Users/zpeugh/code/min/scripts/flowdocument/Resources/actionHtmls/Third Party to Engineer.html, type=Other, willNavigate=true, isMainFrame=true
?[32;1m[debug]?[0m [phantom] url changed to "file:///Users/zpeugh/code/min/scripts/flowdocument/Resources/actionHtmls/Third Party to Engineer.html"
?[32;1m[debug]?[0m [phantom] Successfully injected Casper client-side utilities
?[36m[info]?[0m [phantom] Step anonymous 34/48: done in 3509ms.
?[32;1m[debug]?[0m [phantom] opening url: file:///Users/zpeugh/code/min/scripts/flowdocument/Resources/actionHtmls/Third Party to Engineer.html, HTTP GET
?[32;1m[debug]?[0m [phantom] Navigation requested: url=file:///Users/zpeugh/code/min/scripts/flowdocument/Resources/actionHtmls/Third Party to Engineer.html, type=Other, willNavigate=true, isMainFrame=true
?[32;1m[debug]?[0m [phantom] url changed to "file:///Users/zpeugh/code/min/scripts/flowdocument/Resources/actionHtmls/Third Party to Engineer.html"
?[32;1m[debug]?[0m [phantom] Successfully injected Casper client-side utilities
?[36m[info]?[0m [phantom] Step anonymous 36/50: done in 3580ms.
?[32;1m[debug]?[0m [phantom] opening url: file:///Users/zpeugh/code/min/scripts/flowdocument/Resources/actionHtmls/LOC Fix completed.html, HTTP GET
?[32;1m[debug]?[0m [phantom] Navigation requested: url=file:///Users/zpeugh/code/min/scripts/flowdocument/Resources/actionHtmls/LOC Fix completed.html, type=Other, willNavigate=true, isMainFrame=true
?[32;1m[debug]?[0m [phantom] url changed to "file:///Users/zpeugh/code/min/scripts/flowdocument/Resources/actionHtmls/LOC Fix completed.html"
?[32;1m[debug]?[0m [phantom] Successfully injected Casper client-side utilities
?[36m[info]?[0m [phantom] Step anonymous 38/50: done in 3651ms.
?[32;1m[debug]?[0m [phantom] opening url: file:///Users/zpeugh/code/min/scripts/flowdocument/Resources/actionHtmls/LOC Fix completed.html, HTTP GET
?[32;1m[debug]?[0m [phantom] Navigation requested: url=file:///Users/zpeugh/code/min/scripts/flowdocument/Resources/actionHtmls/LOC Fix completed.html, type=Other, willNavigate=true, isMainFrame=true
?[32;1m[debug]?[0m [phantom] url changed to "file:///Users/zpeugh/code/min/scripts/flowdocument/Resources/actionHtmls/LOC Fix completed.html"
?[32;1m[debug]?[0m [phantom] Successfully injected Casper client-side utilities
?[36m[info]?[0m [phantom] Step anonymous 40/52: done in 3724ms.
?[32;1m[debug]?[0m [phantom] opening url: file:///Users/zpeugh/code/min/scripts/flowdocument/Resources/actionHtmls/AEP Responsibility.html, HTTP GET
?[32;1m[debug]?[0m [phantom] Navigation requested: url=file:///Users/zpeugh/code/min/scripts/flowdocument/Resources/actionHtmls/AEP Responsibility.html, type=Other, willNavigate=true, isMainFrame=true
?[32;1m[debug]?[0m [phantom] url changed to "file:///Users/zpeugh/code/min/scripts/flowdocument/Resources/actionHtmls/AEP Responsibility.html"
?[32;1m[debug]?[0m [phantom] Successfully injected Casper client-side utilities
?[36m[info]?[0m [phantom] Step anonymous 42/52: done in 3795ms.
?[32;1m[debug]?[0m [phantom] opening url: file:///Users/zpeugh/code/min/scripts/flowdocument/Resources/actionHtmls/AEP Responsibility.html, HTTP GET
?[32;1m[debug]?[0m [phantom] Navigation requested: url=file:///Users/zpeugh/code/min/scripts/flowdocument/Resources/actionHtmls/AEP Responsibility.html, type=Other, willNavigate=true, isMainFrame=true
?[32;1m[debug]?[0m [phantom] url changed to "file:///Users/zpeugh/code/min/scripts/flowdocument/Resources/actionHtmls/AEP Responsibility.html"
?[32;1m[debug]?[0m [phantom] Successfully injected Casper client-side utilities
?[36m[info]?[0m [phantom] Step anonymous 44/54: done in 3871ms.
?[32;1m[debug]?[0m [phantom] opening url: file:///Users/zpeugh/code/min/scripts/flowdocument/Resources/actionHtmls/Remediation.html, HTTP GET
?[32;1m[debug]?[0m [phantom] Navigation requested: url=file:///Users/zpeugh/code/min/scripts/flowdocument/Resources/actionHtmls/Remediation.html, type=Other, willNavigate=true, isMainFrame=true
?[32;1m[debug]?[0m [phantom] url changed to "file:///Users/zpeugh/code/min/scripts/flowdocument/Resources/actionHtmls/Remediation.html"
?[32;1m[debug]?[0m [phantom] Successfully injected Casper client-side utilities
?[36m[info]?[0m [phantom] Step anonymous 46/54: done in 3943ms.
?[32;1m[debug]?[0m [phantom] opening url: file:///Users/zpeugh/code/min/scripts/flowdocument/Resources/actionHtmls/Remediation.html, HTTP GET
?[32;1m[debug]?[0m [phantom] Navigation requested: url=file:///Users/zpeugh/code/min/scripts/flowdocument/Resources/actionHtmls/Remediation.html, type=Other, willNavigate=true, isMainFrame=true
?[32;1m[debug]?[0m [phantom] url changed to "file:///Users/zpeugh/code/min/scripts/flowdocument/Resources/actionHtmls/Remediation.html"
?[32;1m[debug]?[0m [phantom] Successfully injected Casper client-side utilities
?[36m[info]?[0m [phantom] Step anonymous 48/56: done in 4013ms.
?[32;1m[debug]?[0m [phantom] opening url: file:///Users/zpeugh/code/min/scripts/flowdocument/Resources/actionHtmls/Construction.html, HTTP GET
?[32;1m[debug]?[0m [phantom] Navigation requested: url=file:///Users/zpeugh/code/min/scripts/flowdocument/Resources/actionHtmls/Construction.html, type=Other, willNavigate=true, isMainFrame=true
?[32;1m[debug]?[0m [phantom] url changed to "file:///Users/zpeugh/code/min/scripts/flowdocument/Resources/actionHtmls/Construction.html"
?[32;1m[debug]?[0m [phantom] Successfully injected Casper client-side utilities
?[36m[info]?[0m [phantom] Step anonymous 50/56: done in 4086ms.
?[32;1m[debug]?[0m [phantom] opening url: file:///Users/zpeugh/code/min/scripts/flowdocument/Resources/actionHtmls/Construction.html, HTTP GET
?[32;1m[debug]?[0m [phantom] Navigation requested: url=file:///Users/zpeugh/code/min/scripts/flowdocument/Resources/actionHtmls/Construction.html, type=Other, willNavigate=true, isMainFrame=true
?[32;1m[debug]?[0m [phantom] url changed to "file:///Users/zpeugh/code/min/scripts/flowdocument/Resources/actionHtmls/Construction.html"
?[32;1m[debug]?[0m [phantom] Successfully injected Casper client-side utilities
?[36m[info]?[0m [phantom] Step anonymous 52/58: done in 4161ms.
?[32;1m[debug]?[0m [phantom] opening url: file:///Users/zpeugh/code/min/scripts/flowdocument/Resources/actionHtmls/CreatorAsManager.html, HTTP GET
?[32;1m[debug]?[0m [phantom] Navigation requested: url=file:///Users/zpeugh/code/min/scripts/flowdocument/Resources/actionHtmls/CreatorAsManager.html, type=Other, willNavigate=true, isMainFrame=true
?[32;1m[debug]?[0m [phantom] url changed to "file:///Users/zpeugh/code/min/scripts/flowdocument/Resources/actionHtmls/CreatorAsManager.html"
?[32;1m[debug]?[0m [phantom] Successfully injected Casper client-side utilities
?[36m[info]?[0m [phantom] Step anonymous 54/58: done in 4234ms.
?[32;1m[debug]?[0m [phantom] opening url: file:///Users/zpeugh/code/min/scripts/flowdocument/Resources/actionHtmls/CreatorAsManager.html, HTTP GET
?[32;1m[debug]?[0m [phantom] Navigation requested: url=file:///Users/zpeugh/code/min/scripts/flowdocument/Resources/actionHtmls/CreatorAsManager.html, type=Other, willNavigate=true, isMainFrame=true
?[32;1m[debug]?[0m [phantom] url changed to "file:///Users/zpeugh/code/min/scripts/flowdocument/Resources/actionHtmls/CreatorAsManager.html"
?[32;1m[debug]?[0m [phantom] Successfully injected Casper client-side utilities
?[36m[info]?[0m [phantom] Step anonymous 56/60: done in 4310ms.
?[32;1m[debug]?[0m [phantom] opening url: file:///Users/zpeugh/code/min/scripts/flowdocument/Resources/actionHtmls/Admin.html, HTTP GET
?[32;1m[debug]?[0m [phantom] Navigation requested: url=file:///Users/zpeugh/code/min/scripts/flowdocument/Resources/actionHtmls/Admin.html, type=Other, willNavigate=true, isMainFrame=true
?[32;1m[debug]?[0m [phantom] url changed to "file:///Users/zpeugh/code/min/scripts/flowdocument/Resources/actionHtmls/Admin.html"
?[32;1m[debug]?[0m [phantom] Successfully injected Casper client-side utilities
?[36m[info]?[0m [phantom] Step anonymous 58/60: done in 4381ms.
?[32;1m[debug]?[0m [phantom] opening url: file:///Users/zpeugh/code/min/scripts/flowdocument/Resources/actionHtmls/Admin.html, HTTP GET
?[32;1m[debug]?[0m [phantom] Navigation requested: url=file:///Users/zpeugh/code/min/scripts/flowdocument/Resources/actionHtmls/Admin.html, type=Other, willNavigate=true, isMainFrame=true
?[32;1m[debug]?[0m [phantom] url changed to "file:///Users/zpeugh/code/min/scripts/flowdocument/Resources/actionHtmls/Admin.html"
?[32;1m[debug]?[0m [phantom] Successfully injected Casper client-side utilities
?[36m[info]?[0m [phantom] Step anonymous 60/62: done in 4455ms.
?[32;1m[debug]?[0m [phantom] opening url: file:///Users/zpeugh/code/min/scripts/flowdocument/Resources/actionHtmls/Negotiations.html, HTTP GET
?[32;1m[debug]?[0m [phantom] Navigation requested: url=file:///Users/zpeugh/code/min/scripts/flowdocument/Resources/actionHtmls/Negotiations.html, type=Other, willNavigate=true, isMainFrame=true
?[32;1m[debug]?[0m [phantom] url changed to "file:///Users/zpeugh/code/min/scripts/flowdocument/Resources/actionHtmls/Negotiations.html"
?[32;1m[debug]?[0m [phantom] Successfully injected Casper client-side utilities
?[36m[info]?[0m [phantom] Step anonymous 62/62: done in 4530ms.
?[32;1m[debug]?[0m [phantom] opening url: file:///Users/zpeugh/code/min/scripts/flowdocument/Resources/actionHtmls/Negotiations.html, HTTP GET
?[32;1m[debug]?[0m [phantom] Navigation requested: url=file:///Users/zpeugh/code/min/scripts/flowdocument/Resources/actionHtmls/Negotiations.html, type=Other, willNavigate=true, isMainFrame=true
?[32;1m[debug]?[0m [phantom] url changed to "file:///Users/zpeugh/code/min/scripts/flowdocument/Resources/actionHtmls/Negotiations.html"
?[32;1m[debug]?[0m [phantom] Successfully injected Casper client-side utilities
?[36m[info]?[0m [phantom] Step anonymous 64/64: done in 4601ms.
?[36m[info]?[0m [phantom] Done 64 steps in 4620ms
All actions: [Third Party to Engineer, LOC Fix completed, AEP Responsibility, Remediation, Construction, CreatorAsManager, Admin, Negotiations]
Missed actions: null
Forms to capture: 
Forms to generate: 
All forms: []
Missed Forms: null
company name: SCE_Demo
flow Name: Pole Load Analysis
args: 
Actions to capture: 
All actions: []
Missed actions: null
Forms to capture: 
1: Form 2
2: JPA Project Information
3: Planning Groups JPA
4: Form 7
5: JPA Validation Form
script timed out
Should only see this message if company is SPIDA.
Navigating to Flow Form List
Currently at: https://www.spidasoftware.com/projectmanager/formTemplate/list
Stored screenshot of form: Form 2
Stored screenshot of form: Form 7
Stored screenshot of form: JPA Project Information
Stored screenshot of form: JPA Validation Form
Stored screenshot of form: Planning Groups JPA
Forms to generate: 
0: Form 2
1: JPA Project Information
2: Planning Groups JPA
3: Form 7
4: JPA Validation Form
?[36m[info]?[0m [phantom] Starting...
?[36m[info]?[0m [phantom] Execution timeout set to 12000ms
?[36m[info]?[0m [phantom] Running suite: 10 steps
?[32;1m[debug]?[0m [phantom] opening url: file:///Users/zpeugh/code/min/scripts/flowdocument/Resources/formHtmls/Form 2.html, HTTP GET
?[32;1m[debug]?[0m [phantom] Navigation requested: url=file:///Users/zpeugh/code/min/scripts/flowdocument/Resources/formHtmls/Form 2.html, type=Other, willNavigate=true, isMainFrame=true
?[32;1m[debug]?[0m [phantom] url changed to "file:///Users/zpeugh/code/min/scripts/flowdocument/Resources/formHtmls/Form 2.html"
?[32;1m[debug]?[0m [phantom] Successfully injected Casper client-side utilities
?[36m[info]?[0m [phantom] Step anonymous 2/10: done in 193ms.
?[36m[info]?[0m [phantom] Step _step 3/13: done in 211ms.
?[36m[info]?[0m [phantom] waitFor() finished in 45ms.
?[32;1m[debug]?[0m [phantom] Capturing page to /Users/zpeugh/code/min/scripts/flowdocument/Resources/formHtmls/formPNGs/Form 2.png with clipRect {"top":5,"height":506,"left":0,"width":400}
?[36m[info]?[0m [phantom] Capture saved to /Users/zpeugh/code/min/scripts/flowdocument/Resources/formHtmls/formPNGs/Form 2.png
?[36m[info]?[0m [phantom] Step anonymous 4/14: done in 427ms.
?[36m[info]?[0m [phantom] Step anonymous 5/14: done in 428ms.
?[36m[info]?[0m [phantom] Step _step 6/14: done in 449ms.
?[36m[info]?[0m [phantom] waitFor() finished in 47ms.
?[32;1m[debug]?[0m [phantom] opening url: file:///Users/zpeugh/code/min/scripts/flowdocument/Resources/formHtmls/JPA Project Information.html, HTTP GET
?[32;1m[debug]?[0m [phantom] Navigation requested: url=file:///Users/zpeugh/code/min/scripts/flowdocument/Resources/formHtmls/JPA Project Information.html, type=Other, willNavigate=true, isMainFrame=true
?[32;1m[debug]?[0m [phantom] url changed to "file:///Users/zpeugh/code/min/scripts/flowdocument/Resources/formHtmls/JPA Project Information.html"
?[32;1m[debug]?[0m [phantom] Successfully injected Casper client-side utilities
?[36m[info]?[0m [phantom] Step anonymous 8/14: done in 609ms.
?[36m[info]?[0m [phantom] Step _step 9/17: done in 624ms.
?[36m[info]?[0m [phantom] waitFor() finished in 44ms.
?[32;1m[debug]?[0m [phantom] Capturing page to /Users/zpeugh/code/min/scripts/flowdocument/Resources/formHtmls/formPNGs/JPA Project Information.png with clipRect {"top":5,"height":1279,"left":0,"width":400}
?[36m[info]?[0m [phantom] Capture saved to /Users/zpeugh/code/min/scripts/flowdocument/Resources/formHtmls/formPNGs/JPA Project Information.png
?[36m[info]?[0m [phantom] Step anonymous 10/18: done in 847ms.
?[36m[info]?[0m [phantom] Step anonymous 11/18: done in 851ms.
?[36m[info]?[0m [phantom] Step _step 12/18: done in 868ms.
?[36m[info]?[0m [phantom] waitFor() finished in 40ms.
?[32;1m[debug]?[0m [phantom] opening url: file:///Users/zpeugh/code/min/scripts/flowdocument/Resources/formHtmls/Planning Groups JPA.html, HTTP GET
?[32;1m[debug]?[0m [phantom] Navigation requested: url=file:///Users/zpeugh/code/min/scripts/flowdocument/Resources/formHtmls/Planning Groups JPA.html, type=Other, willNavigate=true, isMainFrame=true
?[32;1m[debug]?[0m [phantom] url changed to "file:///Users/zpeugh/code/min/scripts/flowdocument/Resources/formHtmls/Planning Groups JPA.html"
?[32;1m[debug]?[0m [phantom] Successfully injected Casper client-side utilities
?[36m[info]?[0m [phantom] Step anonymous 14/18: done in 994ms.
?[36m[info]?[0m [phantom] Step _step 15/21: done in 1017ms.
?[36m[info]?[0m [phantom] waitFor() finished in 46ms.
?[32;1m[debug]?[0m [phantom] Capturing page to /Users/zpeugh/code/min/scripts/flowdocument/Resources/formHtmls/formPNGs/Planning Groups JPA.png with clipRect {"top":5,"height":415,"left":0,"width":400}
?[36m[info]?[0m [phantom] Capture saved to /Users/zpeugh/code/min/scripts/flowdocument/Resources/formHtmls/formPNGs/Planning Groups JPA.png
?[36m[info]?[0m [phantom] Step anonymous 16/22: done in 1176ms.
?[36m[info]?[0m [phantom] Step anonymous 17/22: done in 1178ms.
?[36m[info]?[0m [phantom] Step _step 18/22: done in 1200ms.
?[36m[info]?[0m [phantom] waitFor() finished in 47ms.
?[32;1m[debug]?[0m [phantom] opening url: file:///Users/zpeugh/code/min/scripts/flowdocument/Resources/formHtmls/Form 7.html, HTTP GET
?[32;1m[debug]?[0m [phantom] Navigation requested: url=file:///Users/zpeugh/code/min/scripts/flowdocument/Resources/formHtmls/Form 7.html, type=Other, willNavigate=true, isMainFrame=true
?[32;1m[debug]?[0m [phantom] url changed to "file:///Users/zpeugh/code/min/scripts/flowdocument/Resources/formHtmls/Form 7.html"
?[32;1m[debug]?[0m [phantom] Successfully injected Casper client-side utilities
?[36m[info]?[0m [phantom] Step anonymous 20/22: done in 1341ms.
?[36m[info]?[0m [phantom] Step _step 21/25: done in 1357ms.
?[36m[info]?[0m [phantom] waitFor() finished in 43ms.
?[32;1m[debug]?[0m [phantom] Capturing page to /Users/zpeugh/code/min/scripts/flowdocument/Resources/formHtmls/formPNGs/Form 7.png with clipRect {"top":5,"height":743,"left":0,"width":400}
?[36m[info]?[0m [phantom] Capture saved to /Users/zpeugh/code/min/scripts/flowdocument/Resources/formHtmls/formPNGs/Form 7.png
?[36m[info]?[0m [phantom] Step anonymous 22/26: done in 1516ms.
?[36m[info]?[0m [phantom] Step anonymous 23/26: done in 1520ms.
?[36m[info]?[0m [phantom] Step _step 24/26: done in 1538ms.
?[36m[info]?[0m [phantom] waitFor() finished in 48ms.
?[32;1m[debug]?[0m [phantom] opening url: file:///Users/zpeugh/code/min/scripts/flowdocument/Resources/formHtmls/JPA Validation Form.html, HTTP GET
?[32;1m[debug]?[0m [phantom] Navigation requested: url=file:///Users/zpeugh/code/min/scripts/flowdocument/Resources/formHtmls/JPA Validation Form.html, type=Other, willNavigate=true, isMainFrame=true
?[32;1m[debug]?[0m [phantom] url changed to "file:///Users/zpeugh/code/min/scripts/flowdocument/Resources/formHtmls/JPA Validation Form.html"
?[32;1m[debug]?[0m [phantom] Successfully injected Casper client-side utilities
?[36m[info]?[0m [phantom] Step anonymous 26/26: done in 1682ms.
?[36m[info]?[0m [phantom] Step _step 27/29: done in 1698ms.
?[36m[info]?[0m [phantom] waitFor() finished in 45ms.
?[32;1m[debug]?[0m [phantom] Capturing page to /Users/zpeugh/code/min/scripts/flowdocument/Resources/formHtmls/formPNGs/JPA Validation Form.png with clipRect {"top":5,"height":1248,"left":0,"width":400}
?[36m[info]?[0m [phantom] Capture saved to /Users/zpeugh/code/min/scripts/flowdocument/Resources/formHtmls/formPNGs/JPA Validation Form.png
?[36m[info]?[0m [phantom] Step anonymous 28/30: done in 1907ms.
?[36m[info]?[0m [phantom] Step anonymous 29/30: done in 1912ms.
?[36m[info]?[0m [phantom] Step _step 30/30: done in 1929ms.
?[36m[info]?[0m [phantom] waitFor() finished in 46ms.
?[36m[info]?[0m [phantom] Done 30 steps in 1998ms
All forms: [Form 2, JPA Project Information, Planning Groups JPA, Form 7, JPA Validation Form]
Missed Forms: null
company name: SPIDA
flow Name: JPA old
2: Push Forms to Calc
3: Assign Fourth Planning Group Sup
4: Email Customer: Some Work Not Completed
5: Assign Third Planning Group Sup
6: Create E2 for Found Poles
7: Accept or Reject Station Statuses
8: Update FLOC Unauthorized (not completed as approved stations)
9: Create Notification Against Failed Structure IDs
10: Send the As Is Layer Measurement Point
11: Assign First Planning Group Sup
12: Lock Pole Count
13: Assign Second Planning Group Sup
14: Assign TPAM Agent
15: Assign Inspector
16: Assign TPAM Admin
17: Assign JPA Manager
18: First 45 Day Clock
19: 18 Months to Complete Construction
20: Assign Customer
21: Remove Time Markers
22: 31 Day Reminder (repeating)
23: Email All Cancelled
24: Email Customer Instructions
25: In 45 Days, Email Customer About Form 2 Final
26: Assign NDPM Usergroup
27: 24 Months to Complete Inspection
28: Email Customer: Complete Form 48
29: Email: Verify all stations have status
30: Email Customer Cancelled
31: Unlock Project
32: Mail JPO to a. Change Records (then approve pole(s)) Or b. notice to fix
33: Email All: Project Being Edited
34: Email: Customer Rework Required, review station statuses
35: 14 Days to Fix Clock and Auto Advance
Logged in successfully
script timed out
Should only see this message if the company is SPIDA.
Navigating to Flow List
Currently at: https://www.spidasoftware.com/projectmanager/flow/list
Currently at: https://www.spidasoftware.com/projectmanager/flow/edit/90309
Capturing action: Remove Time Markers...
83558
Capturing action: Assign Second Planning Group Sup...
90325
Capturing action: Assign TPAM Agent...
90327
Capturing action: Assign Inspector...
90333
Capturing action: Assign JPA Manager...
90336
Capturing action: Assign TPAM Admin...
90337
Capturing action: First 45 Day Clock...
90338
Capturing action: 18 Months to Complete Construction...
90341
Capturing action: 31 Day Reminder (repeating)...
90342
Capturing action: Assign Customer...
90343
Capturing action: Email Customer Instructions...
90344
Capturing action: 24 Months to Complete Inspection...
90346
Capturing action: In 45 Days, Email Customer About Form 2 Final...
90347
Capturing action: Mail JPO to a. Change Records (then approve pole(s)) Or b. notice to fix...
90361
Capturing action: 14 Days to Fix Clock and Auto Advance...
90366
Capturing action: Email: Customer Rework Required, review station statuses...
90367
Capturing action: Push Forms to Calc...
90368
Capturing action: Assign Fourth Planning Group Sup...
90370
Capturing action: Assign Third Planning Group Sup...
90374
Capturing action: Accept or Reject Station Statuses...
90376
Capturing action: Create E2 for Found Poles...
90377
Capturing action: Send the As Is Layer Measurement Point...
90378
Capturing action: Create Notification Against Failed Structure IDs...
90379
Capturing action: Assign First Planning Group Sup...
90384
Capturing action: Lock Pole Count...
90386
Capturing action: Email All Cancelled...
90409
Capturing action: Assign NDPM Usergroup...
90411
Capturing action: Email Customer: Complete Form 48...
90413
Capturing action: Email: Verify all stations have status...
90418
Capturing action: Email Customer Cancelled...
90422
Capturing action: Email All: Project Being Edited...
90424
Capturing action: Unlock Project...
90425
Capturing action: Email Customer: Some Work Not Completed...
90436
Capturing action: Update FLOC Unauthorized (not completed as approved stations)...
90440
Captured action: Remove Time Markers
Captured action: Assign Second Planning Group Sup
Captured action: Assign TPAM Agent
Captured action: Assign Inspector
Captured action: Assign JPA Manager
Captured action: Assign TPAM Admin
Captured action: First 45 Day Clock
Captured action: 18 Months to Complete Construction
Captured action: 31 Day Reminder (repeating)
Captured action: Assign Customer
Captured action: Email Customer Instructions
Captured action: 24 Months to Complete Inspection
Captured action: In 45 Days, Email Customer About Form 2 Final
Captured action: Mail JPO to a. Change Records (then approve pole(s)) Or b. notice to fix
Captured action: 14 Days to Fix Clock and Auto Advance
Captured action: Email: Customer Rework Required, review station statuses
Captured action: Push Forms to Calc
Captured action: Assign Fourth Planning Group Sup
Captured action: Assign Third Planning Group Sup
Captured action: Accept or Reject Station Statuses
Captured action: Create E2 for Found Poles
Captured action: Send the As Is Layer Measurement Point
Captured action: Create Notification Against Failed Structure IDs
Captured action: Assign First Planning Group Sup
Captured action: Lock Pole Count
Captured action: Email All Cancelled
Captured action: Assign NDPM Usergroup
Captured action: Email Customer: Complete Form 48
Captured action: Email: Verify all stations have status
Captured action: Email Customer Cancelled
Captured action: Email All: Project Being Edited
Captured action: Unlock Project
Captured action: Email Customer: Some Work Not Completed
Captured action: Update FLOC Unauthorized (not completed as approved stations)
args: Push~Forms~to~Calc Assign~Fourth~Planning~Group~Sup Email~Customer:~Some~Work~Not~Completed Assign~Third~Planning~Group~Sup Create~E2~for~Found~Poles Accept~or~Reject~Station~Statuses Update~FLOC~Unauthorized~(not~completed~as~approved~stations) Create~Notification~Against~Failed~Structure~IDs Send~the~As~Is~Layer~Measurement~Point Assign~First~Planning~Group~Sup Lock~Pole~Count Assign~Second~Planning~Group~Sup Assign~TPAM~Agent Assign~Inspector Assign~TPAM~Admin Assign~JPA~Manager First~45~Day~Clock 18~Months~to~Complete~Construction Assign~Customer Remove~Time~Markers 31~Day~Reminder~(repeating) Email~All~Cancelled Email~Customer~Instructions In~45~Days,~Email~Customer~About~Form~2~Final Assign~NDPM~Usergroup 24~Months~to~Complete~Inspection Email~Customer:~Complete~Form~48 Email:~Verify~all~stations~have~status Email~Customer~Cancelled Unlock~Project Mail~JPO~to~a.~Change~Records~(then~approve~pole(s))~Or~b.~notice~to~fix Email~All:~Project~Being~Edited Email:~Customer~Rework~Required,~review~station~statuses 14~Days~to~Fix~Clock~and~Auto~Advance
Actions to capture: 
0: Push Forms to Calc
1: Assign Fourth Planning Group Sup
2: Email Customer: Some Work Not Completed
3: Assign Third Planning Group Sup
4: Create E2 for Found Poles
5: Accept or Reject Station Statuses
6: Update FLOC Unauthorized (not completed as approved stations)
7: Create Notification Against Failed Structure IDs
8: Send the As Is Layer Measurement Point
9: Assign First Planning Group Sup
10: Lock Pole Count
11: Assign Second Planning Group Sup
12: Assign TPAM Agent
13: Assign Inspector
14: Assign TPAM Admin
15: Assign JPA Manager
16: First 45 Day Clock
17: 18 Months to Complete Construction
18: Assign Customer
19: Remove Time Markers
20: 31 Day Reminder (repeating)
21: Email All Cancelled
22: Email Customer Instructions
23: In 45 Days, Email Customer About Form 2 Final
24: Assign NDPM Usergroup
25: 24 Months to Complete Inspection
26: Email Customer: Complete Form 48
27: Email: Verify all stations have status
28: Email Customer Cancelled
29: Unlock Project
30: Mail JPO to a. Change Records (then approve pole(s)) Or b. notice to fix
31: Email All: Project Being Edited
32: Email: Customer Rework Required, review station statuses
33: 14 Days to Fix Clock and Auto Advance
?[36m[info]?[0m [phantom] Starting...
?[36m[info]?[0m [phantom] Execution timeout set to 8000ms
?[36m[info]?[0m [phantom] Running suite: 136 steps
?[32;1m[debug]?[0m [phantom] opening url: file:///Users/zpeugh/code/min/scripts/flowdocument/Resources/actionHtmls/Push Forms to Calc.html, HTTP GET
?[32;1m[debug]?[0m [phantom] Navigation requested: url=file:///Users/zpeugh/code/min/scripts/flowdocument/Resources/actionHtmls/Push Forms to Calc.html, type=Other, willNavigate=true, isMainFrame=true
?[32;1m[debug]?[0m [phantom] url changed to "file:///Users/zpeugh/code/min/scripts/flowdocument/Resources/actionHtmls/Push Forms to Calc.html"
?[32;1m[debug]?[0m [phantom] Successfully injected Casper client-side utilities
?[36m[info]?[0m [phantom] Step anonymous 2/136: done in 1843ms.
?[36m[info]?[0m [phantom] Step _step 3/137: done in 1863ms.
?[36m[info]?[0m [phantom] waitFor() finished in 43ms.
?[32;1m[debug]?[0m [phantom] Capturing page to /Users/zpeugh/code/min/scripts/flowdocument/Resources/actionHtmls/actionPNGs/Push Forms to Calc.png with clipRect {"top":15,"height":171,"left":62,"width":501}
?[36m[info]?[0m [phantom] Capture saved to /Users/zpeugh/code/min/scripts/flowdocument/Resources/actionHtmls/actionPNGs/Push Forms to Calc.png
?[36m[info]?[0m [phantom] Step anonymous 4/138: done in 2005ms.
?[32;1m[debug]?[0m [phantom] opening url: file:///Users/zpeugh/code/min/scripts/flowdocument/Resources/actionHtmls/Assign Fourth Planning Group Sup.html, HTTP GET
?[32;1m[debug]?[0m [phantom] Navigation requested: url=file:///Users/zpeugh/code/min/scripts/flowdocument/Resources/actionHtmls/Assign Fourth Planning Group Sup.html, type=Other, willNavigate=true, isMainFrame=true
?[32;1m[debug]?[0m [phantom] url changed to "file:///Users/zpeugh/code/min/scripts/flowdocument/Resources/actionHtmls/Assign Fourth Planning Group Sup.html"
?[32;1m[debug]?[0m [phantom] Successfully injected Casper client-side utilities
?[36m[info]?[0m [phantom] Step anonymous 6/138: done in 2071ms.
?[36m[info]?[0m [phantom] Step _step 7/139: done in 2092ms.
?[36m[info]?[0m [phantom] waitFor() finished in 49ms.
?[32;1m[debug]?[0m [phantom] Capturing page to /Users/zpeugh/code/min/scripts/flowdocument/Resources/actionHtmls/actionPNGs/Assign Fourth Planning Group Sup.png with clipRect {"top":15,"height":541,"left":62,"width":501}
?[36m[info]?[0m [phantom] Capture saved to /Users/zpeugh/code/min/scripts/flowdocument/Resources/actionHtmls/actionPNGs/Assign Fourth Planning Group Sup.png
?[36m[info]?[0m [phantom] Step anonymous 8/140: done in 2257ms.
?[32;1m[debug]?[0m [phantom] opening url: file:///Users/zpeugh/code/min/scripts/flowdocument/Resources/actionHtmls/Email Customer: Some Work Not Completed.html, HTTP GET
?[32;1m[debug]?[0m [phantom] Navigation requested: url=file:///Users/zpeugh/code/min/scripts/flowdocument/Resources/actionHtmls/Email Customer: Some Work Not Completed.html, type=Other, willNavigate=true, isMainFrame=true
?[32;1m[debug]?[0m [phantom] url changed to "file:///Users/zpeugh/code/min/scripts/flowdocument/Resources/actionHtmls/Email Customer: Some Work Not Completed.html"
?[32;1m[debug]?[0m [phantom] Successfully injected Casper client-side utilities
?[36m[info]?[0m [phantom] Step anonymous 10/140: done in 2311ms.
?[36m[info]?[0m [phantom] Step _step 11/141: done in 2334ms.
?[36m[info]?[0m [phantom] waitFor() finished in 43ms.
?[32;1m[debug]?[0m [phantom] Capturing page to /Users/zpeugh/code/min/scripts/flowdocument/Resources/actionHtmls/actionPNGs/Email Customer: Some Work Not Completed.png with clipRect {"top":15,"height":467,"left":62,"width":501}
?[36m[info]?[0m [phantom] Capture saved to /Users/zpeugh/code/min/scripts/flowdocument/Resources/actionHtmls/actionPNGs/Email Customer: Some Work Not Completed.png
?[36m[info]?[0m [phantom] Step anonymous 12/142: done in 2478ms.
?[32;1m[debug]?[0m [phantom] opening url: file:///Users/zpeugh/code/min/scripts/flowdocument/Resources/actionHtmls/Assign Third Planning Group Sup.html, HTTP GET
?[32;1m[debug]?[0m [phantom] Navigation requested: url=file:///Users/zpeugh/code/min/scripts/flowdocument/Resources/actionHtmls/Assign Third Planning Group Sup.html, type=Other, willNavigate=true, isMainFrame=true
?[32;1m[debug]?[0m [phantom] url changed to "file:///Users/zpeugh/code/min/scripts/flowdocument/Resources/actionHtmls/Assign Third Planning Group Sup.html"
?[32;1m[debug]?[0m [phantom] Successfully injected Casper client-side utilities
?[36m[info]?[0m [phantom] Step anonymous 14/142: done in 2530ms.
?[36m[info]?[0m [phantom] Step _step 15/143: done in 2552ms.
?[36m[info]?[0m [phantom] waitFor() finished in 46ms.
?[32;1m[debug]?[0m [phantom] Capturing page to /Users/zpeugh/code/min/scripts/flowdocument/Resources/actionHtmls/actionPNGs/Assign Third Planning Group Sup.png with clipRect {"top":15,"height":541,"left":62,"width":501}
?[36m[info]?[0m [phantom] Capture saved to /Users/zpeugh/code/min/scripts/flowdocument/Resources/actionHtmls/actionPNGs/Assign Third Planning Group Sup.png
?[36m[info]?[0m [phantom] Step anonymous 16/144: done in 2716ms.
?[32;1m[debug]?[0m [phantom] opening url: file:///Users/zpeugh/code/min/scripts/flowdocument/Resources/actionHtmls/Create E2 for Found Poles.html, HTTP GET
?[32;1m[debug]?[0m [phantom] Navigation requested: url=file:///Users/zpeugh/code/min/scripts/flowdocument/Resources/actionHtmls/Create E2 for Found Poles.html, type=Other, willNavigate=true, isMainFrame=true
?[32;1m[debug]?[0m [phantom] url changed to "file:///Users/zpeugh/code/min/scripts/flowdocument/Resources/actionHtmls/Create E2 for Found Poles.html"
?[32;1m[debug]?[0m [phantom] Successfully injected Casper client-side utilities
?[36m[info]?[0m [phantom] Step anonymous 18/144: done in 2798ms.
?[36m[info]?[0m [phantom] Step _step 19/145: done in 2822ms.
?[36m[info]?[0m [phantom] waitFor() finished in 45ms.
?[32;1m[debug]?[0m [phantom] Capturing page to /Users/zpeugh/code/min/scripts/flowdocument/Resources/actionHtmls/actionPNGs/Create E2 for Found Poles.png with clipRect {"top":15,"height":467,"left":62,"width":501}
?[36m[info]?[0m [phantom] Capture saved to /Users/zpeugh/code/min/scripts/flowdocument/Resources/actionHtmls/actionPNGs/Create E2 for Found Poles.png
?[36m[info]?[0m [phantom] Step anonymous 20/146: done in 2964ms.
?[32;1m[debug]?[0m [phantom] opening url: file:///Users/zpeugh/code/min/scripts/flowdocument/Resources/actionHtmls/Accept or Reject Station Statuses.html, HTTP GET
?[32;1m[debug]?[0m [phantom] Navigation requested: url=file:///Users/zpeugh/code/min/scripts/flowdocument/Resources/actionHtmls/Accept or Reject Station Statuses.html, type=Other, willNavigate=true, isMainFrame=true
?[32;1m[debug]?[0m [phantom] url changed to "file:///Users/zpeugh/code/min/scripts/flowdocument/Resources/actionHtmls/Accept or Reject Station Statuses.html"
?[32;1m[debug]?[0m [phantom] Successfully injected Casper client-side utilities
?[36m[info]?[0m [phantom] Step anonymous 22/146: done in 3017ms.
?[36m[info]?[0m [phantom] Step _step 23/147: done in 3040ms.
?[36m[info]?[0m [phantom] waitFor() finished in 46ms.
?[32;1m[debug]?[0m [phantom] Capturing page to /Users/zpeugh/code/min/scripts/flowdocument/Resources/actionHtmls/actionPNGs/Accept or Reject Station Statuses.png with clipRect {"top":15,"height":319,"left":62,"width":501}
?[36m[info]?[0m [phantom] Capture saved to /Users/zpeugh/code/min/scripts/flowdocument/Resources/actionHtmls/actionPNGs/Accept or Reject Station Statuses.png
?[36m[info]?[0m [phantom] Step anonymous 24/148: done in 3187ms.
?[32;1m[debug]?[0m [phantom] opening url: file:///Users/zpeugh/code/min/scripts/flowdocument/Resources/actionHtmls/Update FLOC Unauthorized (not completed as approved stations).html, HTTP GET
?[32;1m[debug]?[0m [phantom] Navigation requested: url=file:///Users/zpeugh/code/min/scripts/flowdocument/Resources/actionHtmls/Update FLOC Unauthorized (not completed as approved stations).html, type=Other, willNavigate=true, isMainFrame=true
?[32;1m[debug]?[0m [phantom] url changed to "file:///Users/zpeugh/code/min/scripts/flowdocument/Resources/actionHtmls/Update FLOC Unauthorized (not completed as approved stations).html"
?[32;1m[debug]?[0m [phantom] Successfully injected Casper client-side utilities
?[36m[info]?[0m [phantom] Step anonymous 26/148: done in 3239ms.
?[36m[info]?[0m [phantom] Step _step 27/149: done in 3259ms.
?[36m[info]?[0m [phantom] waitFor() finished in 45ms.
?[32;1m[debug]?[0m [phantom] Capturing page to /Users/zpeugh/code/min/scripts/flowdocument/Resources/actionHtmls/actionPNGs/Update FLOC Unauthorized (not completed as approved stations).png with clipRect {"top":15,"height":467,"left":62,"width":501}
?[36m[info]?[0m [phantom] Capture saved to /Users/zpeugh/code/min/scripts/flowdocument/Resources/actionHtmls/actionPNGs/Update FLOC Unauthorized (not completed as approved stations).png
?[36m[info]?[0m [phantom] Step anonymous 28/150: done in 3401ms.
?[32;1m[debug]?[0m [phantom] opening url: file:///Users/zpeugh/code/min/scripts/flowdocument/Resources/actionHtmls/Create Notification Against Failed Structure IDs.html, HTTP GET
?[32;1m[debug]?[0m [phantom] Navigation requested: url=file:///Users/zpeugh/code/min/scripts/flowdocument/Resources/actionHtmls/Create Notification Against Failed Structure IDs.html, type=Other, willNavigate=true, isMainFrame=true
?[32;1m[debug]?[0m [phantom] url changed to "file:///Users/zpeugh/code/min/scripts/flowdocument/Resources/actionHtmls/Create Notification Against Failed Structure IDs.html"
?[32;1m[debug]?[0m [phantom] Successfully injected Casper client-side utilities
?[36m[info]?[0m [phantom] Step anonymous 30/150: done in 3469ms.
?[36m[info]?[0m [phantom] Step _step 31/151: done in 3493ms.
?[36m[info]?[0m [phantom] waitFor() finished in 48ms.
?[32;1m[debug]?[0m [phantom] Capturing page to /Users/zpeugh/code/min/scripts/flowdocument/Resources/actionHtmls/actionPNGs/Create Notification Against Failed Structure IDs.png with clipRect {"top":15,"height":467,"left":62,"width":501}
?[36m[info]?[0m [phantom] Capture saved to /Users/zpeugh/code/min/scripts/flowdocument/Resources/actionHtmls/actionPNGs/Create Notification Against Failed Structure IDs.png
?[36m[info]?[0m [phantom] Step anonymous 32/152: done in 3638ms.
?[32;1m[debug]?[0m [phantom] opening url: file:///Users/zpeugh/code/min/scripts/flowdocument/Resources/actionHtmls/Send the As Is Layer Measurement Point.html, HTTP GET
?[32;1m[debug]?[0m [phantom] Navigation requested: url=file:///Users/zpeugh/code/min/scripts/flowdocument/Resources/actionHtmls/Send the As Is Layer Measurement Point.html, type=Other, willNavigate=true, isMainFrame=true
?[32;1m[debug]?[0m [phantom] url changed to "file:///Users/zpeugh/code/min/scripts/flowdocument/Resources/actionHtmls/Send the As Is Layer Measurement Point.html"
?[32;1m[debug]?[0m [phantom] Successfully injected Casper client-side utilities
?[36m[info]?[0m [phantom] Step anonymous 34/152: done in 3688ms.
?[36m[info]?[0m [phantom] Step _step 35/153: done in 3712ms.
?[36m[info]?[0m [phantom] waitFor() finished in 43ms.
?[32;1m[debug]?[0m [phantom] Capturing page to /Users/zpeugh/code/min/scripts/flowdocument/Resources/actionHtmls/actionPNGs/Send the As Is Layer Measurement Point.png with clipRect {"top":15,"height":467,"left":62,"width":501}
?[36m[info]?[0m [phantom] Capture saved to /Users/zpeugh/code/min/scripts/flowdocument/Resources/actionHtmls/actionPNGs/Send the As Is Layer Measurement Point.png
?[36m[info]?[0m [phantom] Step anonymous 36/154: done in 3850ms.
?[32;1m[debug]?[0m [phantom] opening url: file:///Users/zpeugh/code/min/scripts/flowdocument/Resources/actionHtmls/Assign First Planning Group Sup.html, HTTP GET
?[32;1m[debug]?[0m [phantom] Navigation requested: url=file:///Users/zpeugh/code/min/scripts/flowdocument/Resources/actionHtmls/Assign First Planning Group Sup.html, type=Other, willNavigate=true, isMainFrame=true
?[32;1m[debug]?[0m [phantom] url changed to "file:///Users/zpeugh/code/min/scripts/flowdocument/Resources/actionHtmls/Assign First Planning Group Sup.html"
?[32;1m[debug]?[0m [phantom] Successfully injected Casper client-side utilities
?[36m[info]?[0m [phantom] Step anonymous 38/154: done in 3935ms.
?[36m[info]?[0m [phantom] Step _step 39/155: done in 3959ms.
?[36m[info]?[0m [phantom] waitFor() finished in 45ms.
?[32;1m[debug]?[0m [phantom] Capturing page to /Users/zpeugh/code/min/scripts/flowdocument/Resources/actionHtmls/actionPNGs/Assign First Planning Group Sup.png with clipRect {"top":15,"height":541,"left":62,"width":501}
?[36m[info]?[0m [phantom] Capture saved to /Users/zpeugh/code/min/scripts/flowdocument/Resources/actionHtmls/actionPNGs/Assign First Planning Group Sup.png
?[36m[info]?[0m [phantom] Step anonymous 40/156: done in 4112ms.
?[32;1m[debug]?[0m [phantom] opening url: file:///Users/zpeugh/code/min/scripts/flowdocument/Resources/actionHtmls/Lock Pole Count.html, HTTP GET
?[32;1m[debug]?[0m [phantom] Navigation requested: url=file:///Users/zpeugh/code/min/scripts/flowdocument/Resources/actionHtmls/Lock Pole Count.html, type=Other, willNavigate=true, isMainFrame=true
?[32;1m[debug]?[0m [phantom] url changed to "file:///Users/zpeugh/code/min/scripts/flowdocument/Resources/actionHtmls/Lock Pole Count.html"
?[32;1m[debug]?[0m [phantom] Successfully injected Casper client-side utilities
?[36m[info]?[0m [phantom] Step anonymous 42/156: done in 4183ms.
?[36m[info]?[0m [phantom] Step _step 43/157: done in 4204ms.
?[36m[info]?[0m [phantom] waitFor() finished in 44ms.
?[32;1m[debug]?[0m [phantom] Capturing page to /Users/zpeugh/code/min/scripts/flowdocument/Resources/actionHtmls/actionPNGs/Lock Pole Count.png with clipRect {"top":15,"height":245,"left":62,"width":501}
?[36m[info]?[0m [phantom] Capture saved to /Users/zpeugh/code/min/scripts/flowdocument/Resources/actionHtmls/actionPNGs/Lock Pole Count.png
?[36m[info]?[0m [phantom] Step anonymous 44/158: done in 4329ms.
?[32;1m[debug]?[0m [phantom] opening url: file:///Users/zpeugh/code/min/scripts/flowdocument/Resources/actionHtmls/Assign Second Planning Group Sup.html, HTTP GET
?[32;1m[debug]?[0m [phantom] Navigation requested: url=file:///Users/zpeugh/code/min/scripts/flowdocument/Resources/actionHtmls/Assign Second Planning Group Sup.html, type=Other, willNavigate=true, isMainFrame=true
?[32;1m[debug]?[0m [phantom] url changed to "file:///Users/zpeugh/code/min/scripts/flowdocument/Resources/actionHtmls/Assign Second Planning Group Sup.html"
?[32;1m[debug]?[0m [phantom] Successfully injected Casper client-side utilities
?[36m[info]?[0m [phantom] Step anonymous 46/158: done in 4404ms.
?[36m[info]?[0m [phantom] Step _step 47/159: done in 4423ms.
?[36m[info]?[0m [phantom] waitFor() finished in 42ms.
?[32;1m[debug]?[0m [phantom] Capturing page to /Users/zpeugh/code/min/scripts/flowdocument/Resources/actionHtmls/actionPNGs/Assign Second Planning Group Sup.png with clipRect {"top":15,"height":541,"left":62,"width":501}
?[36m[info]?[0m [phantom] Capture saved to /Users/zpeugh/code/min/scripts/flowdocument/Resources/actionHtmls/actionPNGs/Assign Second Planning Group Sup.png
?[36m[info]?[0m [phantom] Step anonymous 48/160: done in 4565ms.
?[32;1m[debug]?[0m [phantom] opening url: file:///Users/zpeugh/code/min/scripts/flowdocument/Resources/actionHtmls/Assign TPAM Agent.html, HTTP GET
?[32;1m[debug]?[0m [phantom] Navigation requested: url=file:///Users/zpeugh/code/min/scripts/flowdocument/Resources/actionHtmls/Assign TPAM Agent.html, type=Other, willNavigate=true, isMainFrame=true
?[32;1m[debug]?[0m [phantom] url changed to "file:///Users/zpeugh/code/min/scripts/flowdocument/Resources/actionHtmls/Assign TPAM Agent.html"
?[32;1m[debug]?[0m [phantom] Successfully injected Casper client-side utilities
?[36m[info]?[0m [phantom] Step anonymous 50/160: done in 4619ms.
?[36m[info]?[0m [phantom] Step _step 51/161: done in 4642ms.
?[36m[info]?[0m [phantom] waitFor() finished in 46ms.
?[32;1m[debug]?[0m [phantom] Capturing page to /Users/zpeugh/code/min/scripts/flowdocument/Resources/actionHtmls/actionPNGs/Assign TPAM Agent.png with clipRect {"top":15,"height":467,"left":62,"width":501}
?[36m[info]?[0m [phantom] Capture saved to /Users/zpeugh/code/min/scripts/flowdocument/Resources/actionHtmls/actionPNGs/Assign TPAM Agent.png
?[36m[info]?[0m [phantom] Step anonymous 52/162: done in 4783ms.
?[32;1m[debug]?[0m [phantom] opening url: file:///Users/zpeugh/code/min/scripts/flowdocument/Resources/actionHtmls/Assign Inspector.html, HTTP GET
?[32;1m[debug]?[0m [phantom] Navigation requested: url=file:///Users/zpeugh/code/min/scripts/flowdocument/Resources/actionHtmls/Assign Inspector.html, type=Other, willNavigate=true, isMainFrame=true
?[32;1m[debug]?[0m [phantom] url changed to "file:///Users/zpeugh/code/min/scripts/flowdocument/Resources/actionHtmls/Assign Inspector.html"
?[32;1m[debug]?[0m [phantom] Successfully injected Casper client-side utilities
?[36m[info]?[0m [phantom] Step anonymous 54/162: done in 4833ms.
?[36m[info]?[0m [phantom] Step _step 55/163: done in 4853ms.
?[36m[info]?[0m [phantom] waitFor() finished in 40ms.
?[32;1m[debug]?[0m [phantom] Capturing page to /Users/zpeugh/code/min/scripts/flowdocument/Resources/actionHtmls/actionPNGs/Assign Inspector.png with clipRect {"top":15,"height":467,"left":62,"width":501}
?[36m[info]?[0m [phantom] Capture saved to /Users/zpeugh/code/min/scripts/flowdocument/Resources/actionHtmls/actionPNGs/Assign Inspector.png
?[36m[info]?[0m [phantom] Step anonymous 56/164: done in 4991ms.
?[32;1m[debug]?[0m [phantom] opening url: file:///Users/zpeugh/code/min/scripts/flowdocument/Resources/actionHtmls/Assign TPAM Admin.html, HTTP GET
?[32;1m[debug]?[0m [phantom] Navigation requested: url=file:///Users/zpeugh/code/min/scripts/flowdocument/Resources/actionHtmls/Assign TPAM Admin.html, type=Other, willNavigate=true, isMainFrame=true
?[32;1m[debug]?[0m [phantom] url changed to "file:///Users/zpeugh/code/min/scripts/flowdocument/Resources/actionHtmls/Assign TPAM Admin.html"
?[32;1m[debug]?[0m [phantom] Successfully injected Casper client-side utilities
?[36m[info]?[0m [phantom] Step anonymous 58/164: done in 5063ms.
?[36m[info]?[0m [phantom] Step _step 59/165: done in 5086ms.
?[36m[info]?[0m [phantom] waitFor() finished in 43ms.
?[32;1m[debug]?[0m [phantom] Capturing page to /Users/zpeugh/code/min/scripts/flowdocument/Resources/actionHtmls/actionPNGs/Assign TPAM Admin.png with clipRect {"top":15,"height":467,"left":62,"width":501}
?[36m[info]?[0m [phantom] Capture saved to /Users/zpeugh/code/min/scripts/flowdocument/Resources/actionHtmls/actionPNGs/Assign TPAM Admin.png
?[36m[info]?[0m [phantom] Step anonymous 60/166: done in 5220ms.
?[32;1m[debug]?[0m [phantom] opening url: file:///Users/zpeugh/code/min/scripts/flowdocument/Resources/actionHtmls/Assign JPA Manager.html, HTTP GET
?[32;1m[debug]?[0m [phantom] Navigation requested: url=file:///Users/zpeugh/code/min/scripts/flowdocument/Resources/actionHtmls/Assign JPA Manager.html, type=Other, willNavigate=true, isMainFrame=true
?[32;1m[debug]?[0m [phantom] url changed to "file:///Users/zpeugh/code/min/scripts/flowdocument/Resources/actionHtmls/Assign JPA Manager.html"
?[32;1m[debug]?[0m [phantom] Successfully injected Casper client-side utilities
?[36m[info]?[0m [phantom] Step anonymous 62/166: done in 5295ms.
?[36m[info]?[0m [phantom] Step _step 63/167: done in 5318ms.
?[36m[info]?[0m [phantom] waitFor() finished in 43ms.
?[32;1m[debug]?[0m [phantom] Capturing page to /Users/zpeugh/code/min/scripts/flowdocument/Resources/actionHtmls/actionPNGs/Assign JPA Manager.png with clipRect {"top":15,"height":393,"left":62,"width":501}
?[36m[info]?[0m [phantom] Capture saved to /Users/zpeugh/code/min/scripts/flowdocument/Resources/actionHtmls/actionPNGs/Assign JPA Manager.png
?[36m[info]?[0m [phantom] Step anonymous 64/168: done in 5458ms.
?[32;1m[debug]?[0m [phantom] opening url: file:///Users/zpeugh/code/min/scripts/flowdocument/Resources/actionHtmls/First 45 Day Clock.html, HTTP GET
?[32;1m[debug]?[0m [phantom] Navigation requested: url=file:///Users/zpeugh/code/min/scripts/flowdocument/Resources/actionHtmls/First 45 Day Clock.html, type=Other, willNavigate=true, isMainFrame=true
?[32;1m[debug]?[0m [phantom] url changed to "file:///Users/zpeugh/code/min/scripts/flowdocument/Resources/actionHtmls/First 45 Day Clock.html"
?[32;1m[debug]?[0m [phantom] Successfully injected Casper client-side utilities
?[36m[info]?[0m [phantom] Step anonymous 66/168: done in 5516ms.
?[36m[info]?[0m [phantom] Step _step 67/169: done in 5537ms.
?[36m[info]?[0m [phantom] waitFor() finished in 43ms.
?[32;1m[debug]?[0m [phantom] Capturing page to /Users/zpeugh/code/min/scripts/flowdocument/Resources/actionHtmls/actionPNGs/First 45 Day Clock.png with clipRect {"top":15,"height":393,"left":62,"width":501}
?[36m[info]?[0m [phantom] Capture saved to /Users/zpeugh/code/min/scripts/flowdocument/Resources/actionHtmls/actionPNGs/First 45 Day Clock.png
?[36m[info]?[0m [phantom] Step anonymous 68/170: done in 5685ms.
?[32;1m[debug]?[0m [phantom] opening url: file:///Users/zpeugh/code/min/scripts/flowdocument/Resources/actionHtmls/18 Months to Complete Construction.html, HTTP GET
?[32;1m[debug]?[0m [phantom] Navigation requested: url=file:///Users/zpeugh/code/min/scripts/flowdocument/Resources/actionHtmls/18 Months to Complete Construction.html, type=Other, willNavigate=true, isMainFrame=true
?[32;1m[debug]?[0m [phantom] url changed to "file:///Users/zpeugh/code/min/scripts/flowdocument/Resources/actionHtmls/18 Months to Complete Construction.html"
?[32;1m[debug]?[0m [phantom] Successfully injected Casper client-side utilities
?[36m[info]?[0m [phantom] Step anonymous 70/170: done in 5767ms.
?[36m[info]?[0m [phantom] Step _step 71/171: done in 5786ms.
?[36m[info]?[0m [phantom] waitFor() finished in 44ms.
?[32;1m[debug]?[0m [phantom] Capturing page to /Users/zpeugh/code/min/scripts/flowdocument/Resources/actionHtmls/actionPNGs/18 Months to Complete Construction.png with clipRect {"top":15,"height":393,"left":62,"width":501}
?[36m[info]?[0m [phantom] Capture saved to /Users/zpeugh/code/min/scripts/flowdocument/Resources/actionHtmls/actionPNGs/18 Months to Complete Construction.png
?[36m[info]?[0m [phantom] Step anonymous 72/172: done in 5932ms.
?[32;1m[debug]?[0m [phantom] opening url: file:///Users/zpeugh/code/min/scripts/flowdocument/Resources/actionHtmls/Assign Customer.html, HTTP GET
?[32;1m[debug]?[0m [phantom] Navigation requested: url=file:///Users/zpeugh/code/min/scripts/flowdocument/Resources/actionHtmls/Assign Customer.html, type=Other, willNavigate=true, isMainFrame=true
?[32;1m[debug]?[0m [phantom] url changed to "file:///Users/zpeugh/code/min/scripts/flowdocument/Resources/actionHtmls/Assign Customer.html"
?[32;1m[debug]?[0m [phantom] Successfully injected Casper client-side utilities
?[36m[info]?[0m [phantom] Step anonymous 74/172: done in 6010ms.
?[36m[info]?[0m [phantom] Step _step 75/173: done in 6030ms.
?[36m[info]?[0m [phantom] waitFor() finished in 43ms.
?[32;1m[debug]?[0m [phantom] Capturing page to /Users/zpeugh/code/min/scripts/flowdocument/Resources/actionHtmls/actionPNGs/Assign Customer.png with clipRect {"top":15,"height":393,"left":62,"width":501}
?[36m[info]?[0m [phantom] Capture saved to /Users/zpeugh/code/min/scripts/flowdocument/Resources/actionHtmls/actionPNGs/Assign Customer.png
?[36m[info]?[0m [phantom] Step anonymous 76/174: done in 6173ms.
?[32;1m[debug]?[0m [phantom] opening url: file:///Users/zpeugh/code/min/scripts/flowdocument/Resources/actionHtmls/Remove Time Markers.html, HTTP GET
?[32;1m[debug]?[0m [phantom] Navigation requested: url=file:///Users/zpeugh/code/min/scripts/flowdocument/Resources/actionHtmls/Remove Time Markers.html, type=Other, willNavigate=true, isMainFrame=true
?[32;1m[debug]?[0m [phantom] url changed to "file:///Users/zpeugh/code/min/scripts/flowdocument/Resources/actionHtmls/Remove Time Markers.html"
?[32;1m[debug]?[0m [phantom] Successfully injected Casper client-side utilities
?[36m[info]?[0m [phantom] Step anonymous 78/174: done in 6245ms.
?[36m[info]?[0m [phantom] Step _step 79/175: done in 6268ms.
?[36m[info]?[0m [phantom] waitFor() finished in 46ms.
?[32;1m[debug]?[0m [phantom] Capturing page to /Users/zpeugh/code/min/scripts/flowdocument/Resources/actionHtmls/actionPNGs/Remove Time Markers.png with clipRect {"top":15,"height":171,"left":62,"width":501}
?[36m[info]?[0m [phantom] Capture saved to /Users/zpeugh/code/min/scripts/flowdocument/Resources/actionHtmls/actionPNGs/Remove Time Markers.png
?[36m[info]?[0m [phantom] Step anonymous 80/176: done in 6391ms.
?[32;1m[debug]?[0m [phantom] opening url: file:///Users/zpeugh/code/min/scripts/flowdocument/Resources/actionHtmls/31 Day Reminder (repeating).html, HTTP GET
?[32;1m[debug]?[0m [phantom] Navigation requested: url=file:///Users/zpeugh/code/min/scripts/flowdocument/Resources/actionHtmls/31 Day Reminder (repeating).html, type=Other, willNavigate=true, isMainFrame=true
?[32;1m[debug]?[0m [phantom] url changed to "file:///Users/zpeugh/code/min/scripts/flowdocument/Resources/actionHtmls/31 Day Reminder (repeating).html"
?[32;1m[debug]?[0m [phantom] Successfully injected Casper client-side utilities
?[36m[info]?[0m [phantom] Step anonymous 82/176: done in 6445ms.
?[36m[info]?[0m [phantom] Step _step 83/177: done in 6465ms.
?[36m[info]?[0m [phantom] waitFor() finished in 45ms.
?[32;1m[debug]?[0m [phantom] Capturing page to /Users/zpeugh/code/min/scripts/flowdocument/Resources/actionHtmls/actionPNGs/31 Day Reminder (repeating).png with clipRect {"top":15,"height":393,"left":62,"width":501}
?[36m[info]?[0m [phantom] Capture saved to /Users/zpeugh/code/min/scripts/flowdocument/Resources/actionHtmls/actionPNGs/31 Day Reminder (repeating).png
?[36m[info]?[0m [phantom] Step anonymous 84/178: done in 6603ms.
?[32;1m[debug]?[0m [phantom] opening url: file:///Users/zpeugh/code/min/scripts/flowdocument/Resources/actionHtmls/Email All Cancelled.html, HTTP GET
?[32;1m[debug]?[0m [phantom] Navigation requested: url=file:///Users/zpeugh/code/min/scripts/flowdocument/Resources/actionHtmls/Email All Cancelled.html, type=Other, willNavigate=true, isMainFrame=true
?[32;1m[debug]?[0m [phantom] url changed to "file:///Users/zpeugh/code/min/scripts/flowdocument/Resources/actionHtmls/Email All Cancelled.html"
?[32;1m[debug]?[0m [phantom] Successfully injected Casper client-side utilities
?[36m[info]?[0m [phantom] Step anonymous 86/178: done in 6654ms.
?[36m[info]?[0m [phantom] Step _step 87/179: done in 6677ms.
?[36m[info]?[0m [phantom] waitFor() finished in 44ms.
?[32;1m[debug]?[0m [phantom] Capturing page to /Users/zpeugh/code/min/scripts/flowdocument/Resources/actionHtmls/actionPNGs/Email All Cancelled.png with clipRect {"top":15,"height":467,"left":62,"width":501}
?[36m[info]?[0m [phantom] Capture saved to /Users/zpeugh/code/min/scripts/flowdocument/Resources/actionHtmls/actionPNGs/Email All Cancelled.png
?[36m[info]?[0m [phantom] Step anonymous 88/180: done in 6828ms.
?[32;1m[debug]?[0m [phantom] opening url: file:///Users/zpeugh/code/min/scripts/flowdocument/Resources/actionHtmls/Email Customer Instructions.html, HTTP GET
?[32;1m[debug]?[0m [phantom] Navigation requested: url=file:///Users/zpeugh/code/min/scripts/flowdocument/Resources/actionHtmls/Email Customer Instructions.html, type=Other, willNavigate=true, isMainFrame=true
?[32;1m[debug]?[0m [phantom] url changed to "file:///Users/zpeugh/code/min/scripts/flowdocument/Resources/actionHtmls/Email Customer Instructions.html"
?[32;1m[debug]?[0m [phantom] Successfully injected Casper client-side utilities
?[36m[info]?[0m [phantom] Step anonymous 90/180: done in 6880ms.
?[36m[info]?[0m [phantom] Step _step 91/181: done in 6901ms.
?[36m[info]?[0m [phantom] waitFor() finished in 40ms.
?[32;1m[debug]?[0m [phantom] Capturing page to /Users/zpeugh/code/min/scripts/flowdocument/Resources/actionHtmls/actionPNGs/Email Customer Instructions.png with clipRect {"top":15,"height":467,"left":62,"width":501}
?[36m[info]?[0m [phantom] Capture saved to /Users/zpeugh/code/min/scripts/flowdocument/Resources/actionHtmls/actionPNGs/Email Customer Instructions.png
?[36m[info]?[0m [phantom] Step anonymous 92/182: done in 7037ms.
?[32;1m[debug]?[0m [phantom] opening url: file:///Users/zpeugh/code/min/scripts/flowdocument/Resources/actionHtmls/In 45 Days, Email Customer About Form 2 Final.html, HTTP GET
?[32;1m[debug]?[0m [phantom] Navigation requested: url=file:///Users/zpeugh/code/min/scripts/flowdocument/Resources/actionHtmls/In 45 Days, Email Customer About Form 2 Final.html, type=Other, willNavigate=true, isMainFrame=true
?[32;1m[debug]?[0m [phantom] url changed to "file:///Users/zpeugh/code/min/scripts/flowdocument/Resources/actionHtmls/In 45 Days, Email Customer About Form 2 Final.html"
?[32;1m[debug]?[0m [phantom] Successfully injected Casper client-side utilities
?[36m[info]?[0m [phantom] Step anonymous 94/182: done in 7103ms.
?[36m[info]?[0m [phantom] Step _step 95/183: done in 7127ms.
?[36m[info]?[0m [phantom] waitFor() finished in 46ms.
?[32;1m[debug]?[0m [phantom] Capturing page to /Users/zpeugh/code/min/scripts/flowdocument/Resources/actionHtmls/actionPNGs/In 45 Days, Email Customer About Form 2 Final.png with clipRect {"top":15,"height":406,"left":62,"width":501}
?[36m[info]?[0m [phantom] Capture saved to /Users/zpeugh/code/min/scripts/flowdocument/Resources/actionHtmls/actionPNGs/In 45 Days, Email Customer About Form 2 Final.png
?[36m[info]?[0m [phantom] Step anonymous 96/184: done in 7266ms.
?[32;1m[debug]?[0m [phantom] opening url: file:///Users/zpeugh/code/min/scripts/flowdocument/Resources/actionHtmls/Assign NDPM Usergroup.html, HTTP GET
?[32;1m[debug]?[0m [phantom] Navigation requested: url=file:///Users/zpeugh/code/min/scripts/flowdocument/Resources/actionHtmls/Assign NDPM Usergroup.html, type=Other, willNavigate=true, isMainFrame=true
?[32;1m[debug]?[0m [phantom] url changed to "file:///Users/zpeugh/code/min/scripts/flowdocument/Resources/actionHtmls/Assign NDPM Usergroup.html"
?[32;1m[debug]?[0m [phantom] Successfully injected Casper client-side utilities
?[36m[info]?[0m [phantom] Step anonymous 98/184: done in 7319ms.
?[36m[info]?[0m [phantom] Step _step 99/185: done in 7340ms.
?[36m[info]?[0m [phantom] waitFor() finished in 48ms.
?[32;1m[debug]?[0m [phantom] Capturing page to /Users/zpeugh/code/min/scripts/flowdocument/Resources/actionHtmls/actionPNGs/Assign NDPM Usergroup.png with clipRect {"top":15,"height":467,"left":62,"width":501}
?[36m[info]?[0m [phantom] Capture saved to /Users/zpeugh/code/min/scripts/flowdocument/Resources/actionHtmls/actionPNGs/Assign NDPM Usergroup.png
?[36m[info]?[0m [phantom] Step anonymous 100/186: done in 7482ms.
?[32;1m[debug]?[0m [phantom] opening url: file:///Users/zpeugh/code/min/scripts/flowdocument/Resources/actionHtmls/24 Months to Complete Inspection.html, HTTP GET
?[32;1m[debug]?[0m [phantom] Navigation requested: url=file:///Users/zpeugh/code/min/scripts/flowdocument/Resources/actionHtmls/24 Months to Complete Inspection.html, type=Other, willNavigate=true, isMainFrame=true
?[32;1m[debug]?[0m [phantom] url changed to "file:///Users/zpeugh/code/min/scripts/flowdocument/Resources/actionHtmls/24 Months to Complete Inspection.html"
?[32;1m[debug]?[0m [phantom] Successfully injected Casper client-side utilities
?[36m[info]?[0m [phantom] Step anonymous 102/186: done in 7545ms.
?[36m[info]?[0m [phantom] Step _step 103/187: done in 7568ms.
?[36m[info]?[0m [phantom] waitFor() finished in 46ms.
?[32;1m[debug]?[0m [phantom] Capturing page to /Users/zpeugh/code/min/scripts/flowdocument/Resources/actionHtmls/actionPNGs/24 Months to Complete Inspection.png with clipRect {"top":15,"height":393,"left":62,"width":501}
?[36m[info]?[0m [phantom] Capture saved to /Users/zpeugh/code/min/scripts/flowdocument/Resources/actionHtmls/actionPNGs/24 Months to Complete Inspection.png
?[36m[info]?[0m [phantom] Step anonymous 104/188: done in 7707ms.
?[32;1m[debug]?[0m [phantom] opening url: file:///Users/zpeugh/code/min/scripts/flowdocument/Resources/actionHtmls/Email Customer: Complete Form 48.html, HTTP GET
?[32;1m[debug]?[0m [phantom] Navigation requested: url=file:///Users/zpeugh/code/min/scripts/flowdocument/Resources/actionHtmls/Email Customer: Complete Form 48.html, type=Other, willNavigate=true, isMainFrame=true
?[32;1m[debug]?[0m [phantom] url changed to "file:///Users/zpeugh/code/min/scripts/flowdocument/Resources/actionHtmls/Email Customer: Complete Form 48.html"
?[32;1m[debug]?[0m [phantom] Successfully injected Casper client-side utilities
?[36m[info]?[0m [phantom] Step anonymous 106/188: done in 7759ms.
?[36m[info]?[0m [phantom] Step _step 107/189: done in 7782ms.
?[36m[info]?[0m [phantom] waitFor() finished in 48ms.
?[32;1m[debug]?[0m [phantom] Capturing page to /Users/zpeugh/code/min/scripts/flowdocument/Resources/actionHtmls/actionPNGs/Email Customer: Complete Form 48.png with clipRect {"top":15,"height":467,"left":62,"width":501}
?[36m[info]?[0m [phantom] Capture saved to /Users/zpeugh/code/min/scripts/flowdocument/Resources/actionHtmls/actionPNGs/Email Customer: Complete Form 48.png
?[36m[info]?[0m [phantom] Step anonymous 108/190: done in 7924ms.
?[32;1m[debug]?[0m [phantom] opening url: file:///Users/zpeugh/code/min/scripts/flowdocument/Resources/actionHtmls/Email: Verify all stations have status.html, HTTP GET
?[32;1m[debug]?[0m [phantom] Navigation requested: url=file:///Users/zpeugh/code/min/scripts/flowdocument/Resources/actionHtmls/Email: Verify all stations have status.html, type=Other, willNavigate=true, isMainFrame=true
?[32;1m[debug]?[0m [phantom] url changed to "file:///Users/zpeugh/code/min/scripts/flowdocument/Resources/actionHtmls/Email: Verify all stations have status.html"
?[32;1m[debug]?[0m [phantom] Successfully injected Casper client-side utilities
?[36m[info]?[0m [phantom] Step anonymous 110/190: done in 7975ms.
?[36m[info]?[0m [phantom] Step _step 111/191: done in 7997ms.
script timed out
?[36m[info]?[0m [phantom] waitFor() finished in 41ms.
?[32;1m[debug]?[0m [phantom] Capturing page to /Users/zpeugh/code/min/scripts/flowdocument/Resources/actionHtmls/actionPNGs/Email: Verify all stations have status.png with clipRect {"top":15,"height":406,"left":62,"width":501}
?[36m[info]?[0m [phantom] Capture saved to /Users/zpeugh/code/min/scripts/flowdocument/Resources/actionHtmls/actionPNGs/Email: Verify all stations have status.png
?[36m[info]?[0m [phantom] Step anonymous 112/192: done in 8125ms.
?[32;1m[debug]?[0m [phantom] opening url: file:///Users/zpeugh/code/min/scripts/flowdocument/Resources/actionHtmls/Email Customer Cancelled.html, HTTP GET
?[32;1m[debug]?[0m [phantom] Navigation requested: url=file:///Users/zpeugh/code/min/scripts/flowdocument/Resources/actionHtmls/Email Customer Cancelled.html, type=Other, willNavigate=true, isMainFrame=true
?[32;1m[debug]?[0m [phantom] url changed to "file:///Users/zpeugh/code/min/scripts/flowdocument/Resources/actionHtmls/Email Customer Cancelled.html"
?[32;1m[debug]?[0m [phantom] Successfully injected Casper client-side utilities
?[36m[info]?[0m [phantom] Step anonymous 114/192: done in 8176ms.
?[36m[info]?[0m [phantom] Step _step 115/193: done in 8195ms.
?[36m[info]?[0m [phantom] waitFor() finished in 46ms.
?[32;1m[debug]?[0m [phantom] Capturing page to /Users/zpeugh/code/min/scripts/flowdocument/Resources/actionHtmls/actionPNGs/Email Customer Cancelled.png with clipRect {"top":15,"height":467,"left":62,"width":501}
?[36m[info]?[0m [phantom] Capture saved to /Users/zpeugh/code/min/scripts/flowdocument/Resources/actionHtmls/actionPNGs/Email Customer Cancelled.png
?[36m[info]?[0m [phantom] Step anonymous 116/194: done in 8335ms.
?[32;1m[debug]?[0m [phantom] opening url: file:///Users/zpeugh/code/min/scripts/flowdocument/Resources/actionHtmls/Unlock Project.html, HTTP GET
?[32;1m[debug]?[0m [phantom] Navigation requested: url=file:///Users/zpeugh/code/min/scripts/flowdocument/Resources/actionHtmls/Unlock Project.html, type=Other, willNavigate=true, isMainFrame=true
?[32;1m[debug]?[0m [phantom] url changed to "file:///Users/zpeugh/code/min/scripts/flowdocument/Resources/actionHtmls/Unlock Project.html"
?[32;1m[debug]?[0m [phantom] Successfully injected Casper client-side utilities
?[36m[info]?[0m [phantom] Step anonymous 118/194: done in 8388ms.
?[36m[info]?[0m [phantom] Step _step 119/195: done in 8408ms.
?[36m[info]?[0m [phantom] waitFor() finished in 42ms.
?[32;1m[debug]?[0m [phantom] Capturing page to /Users/zpeugh/code/min/scripts/flowdocument/Resources/actionHtmls/actionPNGs/Unlock Project.png with clipRect {"top":15,"height":245,"left":62,"width":501}
?[36m[info]?[0m [phantom] Capture saved to /Users/zpeugh/code/min/scripts/flowdocument/Resources/actionHtmls/actionPNGs/Unlock Project.png
?[36m[info]?[0m [phantom] Step anonymous 120/196: done in 8530ms.
?[32;1m[debug]?[0m [phantom] opening url: file:///Users/zpeugh/code/min/scripts/flowdocument/Resources/actionHtmls/Mail JPO to a. Change Records (then approve pole(s)) Or b. notice to fix.html, HTTP GET
?[32;1m[debug]?[0m [phantom] Navigation requested: url=file:///Users/zpeugh/code/min/scripts/flowdocument/Resources/actionHtmls/Mail JPO to a. Change Records (then approve pole(s)) Or b. notice to fix.html, type=Other, willNavigate=true, isMainFrame=true
?[32;1m[debug]?[0m [phantom] url changed to "file:///Users/zpeugh/code/min/scripts/flowdocument/Resources/actionHtmls/Mail JPO to a. Change Records (then approve pole(s)) Or b. notice to fix.html"
?[32;1m[debug]?[0m [phantom] Successfully injected Casper client-side utilities
?[36m[info]?[0m [phantom] Step anonymous 122/196: done in 8593ms.
?[36m[info]?[0m [phantom] Step _step 123/197: done in 8613ms.
?[36m[info]?[0m [phantom] waitFor() finished in 46ms.
?[32;1m[debug]?[0m [phantom] Capturing page to /Users/zpeugh/code/min/scripts/flowdocument/Resources/actionHtmls/actionPNGs/Mail JPO to a. Change Records (then approve pole(s)) Or b. notice to fix.png with clipRect {"top":15,"height":406,"left":62,"width":501}
?[36m[info]?[0m [phantom] Capture saved to /Users/zpeugh/code/min/scripts/flowdocument/Resources/actionHtmls/actionPNGs/Mail JPO to a. Change Records (then approve pole(s)) Or b. notice to fix.png
?[36m[info]?[0m [phantom] Step anonymous 124/198: done in 8750ms.
?[32;1m[debug]?[0m [phantom] opening url: file:///Users/zpeugh/code/min/scripts/flowdocument/Resources/actionHtmls/Email All: Project Being Edited.html, HTTP GET
?[32;1m[debug]?[0m [phantom] Navigation requested: url=file:///Users/zpeugh/code/min/scripts/flowdocument/Resources/actionHtmls/Email All: Project Being Edited.html, type=Other, willNavigate=true, isMainFrame=true
?[32;1m[debug]?[0m [phantom] url changed to "file:///Users/zpeugh/code/min/scripts/flowdocument/Resources/actionHtmls/Email All: Project Being Edited.html"
?[32;1m[debug]?[0m [phantom] Successfully injected Casper client-side utilities
?[36m[info]?[0m [phantom] Step anonymous 126/198: done in 8801ms.
?[36m[info]?[0m [phantom] Step _step 127/199: done in 8822ms.
?[36m[info]?[0m [phantom] waitFor() finished in 44ms.
?[32;1m[debug]?[0m [phantom] Capturing page to /Users/zpeugh/code/min/scripts/flowdocument/Resources/actionHtmls/actionPNGs/Email All: Project Being Edited.png with clipRect {"top":15,"height":406,"left":62,"width":501}
?[36m[info]?[0m [phantom] Capture saved to /Users/zpeugh/code/min/scripts/flowdocument/Resources/actionHtmls/actionPNGs/Email All: Project Being Edited.png
?[36m[info]?[0m [phantom] Step anonymous 128/200: done in 8961ms.
?[32;1m[debug]?[0m [phantom] opening url: file:///Users/zpeugh/code/min/scripts/flowdocument/Resources/actionHtmls/Email: Customer Rework Required, review station statuses.html, HTTP GET
?[32;1m[debug]?[0m [phantom] Navigation requested: url=file:///Users/zpeugh/code/min/scripts/flowdocument/Resources/actionHtmls/Email: Customer Rework Required, review station statuses.html, type=Other, willNavigate=true, isMainFrame=true
?[32;1m[debug]?[0m [phantom] url changed to "file:///Users/zpeugh/code/min/scripts/flowdocument/Resources/actionHtmls/Email: Customer Rework Required, review station statuses.html"
?[32;1m[debug]?[0m [phantom] Successfully injected Casper client-side utilities
?[36m[info]?[0m [phantom] Step anonymous 130/200: done in 9022ms.
?[36m[info]?[0m [phantom] Step _step 131/201: done in 9042ms.
?[36m[info]?[0m [phantom] waitFor() finished in 46ms.
?[32;1m[debug]?[0m [phantom] Capturing page to /Users/zpeugh/code/min/scripts/flowdocument/Resources/actionHtmls/actionPNGs/Email: Customer Rework Required, review station statuses.png with clipRect {"top":15,"height":406,"left":62,"width":501}
?[36m[info]?[0m [phantom] Capture saved to /Users/zpeugh/code/min/scripts/flowdocument/Resources/actionHtmls/actionPNGs/Email: Customer Rework Required, review station statuses.png
?[36m[info]?[0m [phantom] Step anonymous 132/202: done in 9178ms.
?[32;1m[debug]?[0m [phantom] opening url: file:///Users/zpeugh/code/min/scripts/flowdocument/Resources/actionHtmls/14 Days to Fix Clock and Auto Advance.html, HTTP GET
?[32;1m[debug]?[0m [phantom] Navigation requested: url=file:///Users/zpeugh/code/min/scripts/flowdocument/Resources/actionHtmls/14 Days to Fix Clock and Auto Advance.html, type=Other, willNavigate=true, isMainFrame=true
?[32;1m[debug]?[0m [phantom] url changed to "file:///Users/zpeugh/code/min/scripts/flowdocument/Resources/actionHtmls/14 Days to Fix Clock and Auto Advance.html"
?[32;1m[debug]?[0m [phantom] Successfully injected Casper client-side utilities
?[36m[info]?[0m [phantom] Step anonymous 134/202: done in 9255ms.
?[36m[info]?[0m [phantom] Step _step 135/203: done in 9278ms.
?[36m[info]?[0m [phantom] waitFor() finished in 45ms.
?[32;1m[debug]?[0m [phantom] Capturing page to /Users/zpeugh/code/min/scripts/flowdocument/Resources/actionHtmls/actionPNGs/14 Days to Fix Clock and Auto Advance.png with clipRect {"top":15,"height":393,"left":62,"width":501}
?[36m[info]?[0m [phantom] Capture saved to /Users/zpeugh/code/min/scripts/flowdocument/Resources/actionHtmls/actionPNGs/14 Days to Fix Clock and Auto Advance.png
?[36m[info]?[0m [phantom] Step anonymous 136/204: done in 9414ms.
?[32;1m[debug]?[0m [phantom] opening url: file:///Users/zpeugh/code/min/scripts/flowdocument/Resources/actionHtmls/Push Forms to Calc.html, HTTP GET
?[32;1m[debug]?[0m [phantom] Navigation requested: url=file:///Users/zpeugh/code/min/scripts/flowdocument/Resources/actionHtmls/Push Forms to Calc.html, type=Other, willNavigate=true, isMainFrame=true
?[32;1m[debug]?[0m [phantom] url changed to "file:///Users/zpeugh/code/min/scripts/flowdocument/Resources/actionHtmls/Push Forms to Calc.html"
?[32;1m[debug]?[0m [phantom] Successfully injected Casper client-side utilities
?[36m[info]?[0m [phantom] Step anonymous 138/204: done in 9467ms.
?[32;1m[debug]?[0m [phantom] opening url: file:///Users/zpeugh/code/min/scripts/flowdocument/Resources/actionHtmls/Push Forms to Calc.html, HTTP GET
?[32;1m[debug]?[0m [phantom] Navigation requested: url=file:///Users/zpeugh/code/min/scripts/flowdocument/Resources/actionHtmls/Push Forms to Calc.html, type=Other, willNavigate=true, isMainFrame=true
?[32;1m[debug]?[0m [phantom] url changed to "file:///Users/zpeugh/code/min/scripts/flowdocument/Resources/actionHtmls/Push Forms to Calc.html"
?[32;1m[debug]?[0m [phantom] Successfully injected Casper client-side utilities
?[36m[info]?[0m [phantom] Step anonymous 140/206: done in 9539ms.
?[32;1m[debug]?[0m [phantom] opening url: file:///Users/zpeugh/code/min/scripts/flowdocument/Resources/actionHtmls/Assign Fourth Planning Group Sup.html, HTTP GET
?[32;1m[debug]?[0m [phantom] Navigation requested: url=file:///Users/zpeugh/code/min/scripts/flowdocument/Resources/actionHtmls/Assign Fourth Planning Group Sup.html, type=Other, willNavigate=true, isMainFrame=true
?[32;1m[debug]?[0m [phantom] url changed to "file:///Users/zpeugh/code/min/scripts/flowdocument/Resources/actionHtmls/Assign Fourth Planning Group Sup.html"
?[32;1m[debug]?[0m [phantom] Successfully injected Casper client-side utilities
?[36m[info]?[0m [phantom] Step anonymous 142/206: done in 9613ms.
?[32;1m[debug]?[0m [phantom] opening url: file:///Users/zpeugh/code/min/scripts/flowdocument/Resources/actionHtmls/Assign Fourth Planning Group Sup.html, HTTP GET
?[32;1m[debug]?[0m [phantom] Navigation requested: url=file:///Users/zpeugh/code/min/scripts/flowdocument/Resources/actionHtmls/Assign Fourth Planning Group Sup.html, type=Other, willNavigate=true, isMainFrame=true
?[32;1m[debug]?[0m [phantom] url changed to "file:///Users/zpeugh/code/min/scripts/flowdocument/Resources/actionHtmls/Assign Fourth Planning Group Sup.html"
?[32;1m[debug]?[0m [phantom] Successfully injected Casper client-side utilities
?[36m[info]?[0m [phantom] Step anonymous 144/208: done in 9689ms.
?[32;1m[debug]?[0m [phantom] opening url: file:///Users/zpeugh/code/min/scripts/flowdocument/Resources/actionHtmls/Email Customer: Some Work Not Completed.html, HTTP GET
?[32;1m[debug]?[0m [phantom] Navigation requested: url=file:///Users/zpeugh/code/min/scripts/flowdocument/Resources/actionHtmls/Email Customer: Some Work Not Completed.html, type=Other, willNavigate=true, isMainFrame=true
?[32;1m[debug]?[0m [phantom] url changed to "file:///Users/zpeugh/code/min/scripts/flowdocument/Resources/actionHtmls/Email Customer: Some Work Not Completed.html"
?[32;1m[debug]?[0m [phantom] Successfully injected Casper client-side utilities
?[36m[info]?[0m [phantom] Step anonymous 146/208: done in 9758ms.
?[32;1m[debug]?[0m [phantom] opening url: file:///Users/zpeugh/code/min/scripts/flowdocument/Resources/actionHtmls/Email Customer: Some Work Not Completed.html, HTTP GET
?[32;1m[debug]?[0m [phantom] Navigation requested: url=file:///Users/zpeugh/code/min/scripts/flowdocument/Resources/actionHtmls/Email Customer: Some Work Not Completed.html, type=Other, willNavigate=true, isMainFrame=true
?[32;1m[debug]?[0m [phantom] url changed to "file:///Users/zpeugh/code/min/scripts/flowdocument/Resources/actionHtmls/Email Customer: Some Work Not Completed.html"
?[32;1m[debug]?[0m [phantom] Successfully injected Casper client-side utilities
?[36m[info]?[0m [phantom] Step anonymous 148/210: done in 9833ms.
?[32;1m[debug]?[0m [phantom] opening url: file:///Users/zpeugh/code/min/scripts/flowdocument/Resources/actionHtmls/Assign Third Planning Group Sup.html, HTTP GET
?[32;1m[debug]?[0m [phantom] Navigation requested: url=file:///Users/zpeugh/code/min/scripts/flowdocument/Resources/actionHtmls/Assign Third Planning Group Sup.html, type=Other, willNavigate=true, isMainFrame=true
?[32;1m[debug]?[0m [phantom] url changed to "file:///Users/zpeugh/code/min/scripts/flowdocument/Resources/actionHtmls/Assign Third Planning Group Sup.html"
?[32;1m[debug]?[0m [phantom] Successfully injected Casper client-side utilities
?[36m[info]?[0m [phantom] Step anonymous 150/210: done in 9907ms.
?[32;1m[debug]?[0m [phantom] opening url: file:///Users/zpeugh/code/min/scripts/flowdocument/Resources/actionHtmls/Assign Third Planning Group Sup.html, HTTP GET
?[32;1m[debug]?[0m [phantom] Navigation requested: url=file:///Users/zpeugh/code/min/scripts/flowdocument/Resources/actionHtmls/Assign Third Planning Group Sup.html, type=Other, willNavigate=true, isMainFrame=true
?[32;1m[debug]?[0m [phantom] url changed to "file:///Users/zpeugh/code/min/scripts/flowdocument/Resources/actionHtmls/Assign Third Planning Group Sup.html"
?[32;1m[debug]?[0m [phantom] Successfully injected Casper client-side utilities
?[36m[info]?[0m [phantom] Step anonymous 152/212: done in 9986ms.
?[32;1m[debug]?[0m [phantom] opening url: file:///Users/zpeugh/code/min/scripts/flowdocument/Resources/actionHtmls/Create E2 for Found Poles.html, HTTP GET
?[32;1m[debug]?[0m [phantom] Navigation requested: url=file:///Users/zpeugh/code/min/scripts/flowdocument/Resources/actionHtmls/Create E2 for Found Poles.html, type=Other, willNavigate=true, isMainFrame=true
?[32;1m[debug]?[0m [phantom] url changed to "file:///Users/zpeugh/code/min/scripts/flowdocument/Resources/actionHtmls/Create E2 for Found Poles.html"
?[32;1m[debug]?[0m [phantom] Successfully injected Casper client-side utilities
?[36m[info]?[0m [phantom] Step anonymous 154/212: done in 10059ms.
?[32;1m[debug]?[0m [phantom] opening url: file:///Users/zpeugh/code/min/scripts/flowdocument/Resources/actionHtmls/Create E2 for Found Poles.html, HTTP GET
?[32;1m[debug]?[0m [phantom] Navigation requested: url=file:///Users/zpeugh/code/min/scripts/flowdocument/Resources/actionHtmls/Create E2 for Found Poles.html, type=Other, willNavigate=true, isMainFrame=true
?[32;1m[debug]?[0m [phantom] url changed to "file:///Users/zpeugh/code/min/scripts/flowdocument/Resources/actionHtmls/Create E2 for Found Poles.html"
?[32;1m[debug]?[0m [phantom] Successfully injected Casper client-side utilities
?[36m[info]?[0m [phantom] Step anonymous 156/214: done in 10133ms.
?[32;1m[debug]?[0m [phantom] opening url: file:///Users/zpeugh/code/min/scripts/flowdocument/Resources/actionHtmls/Accept or Reject Station Statuses.html, HTTP GET
?[32;1m[debug]?[0m [phantom] Navigation requested: url=file:///Users/zpeugh/code/min/scripts/flowdocument/Resources/actionHtmls/Accept or Reject Station Statuses.html, type=Other, willNavigate=true, isMainFrame=true
?[32;1m[debug]?[0m [phantom] url changed to "file:///Users/zpeugh/code/min/scripts/flowdocument/Resources/actionHtmls/Accept or Reject Station Statuses.html"
?[32;1m[debug]?[0m [phantom] Successfully injected Casper client-side utilities
?[36m[info]?[0m [phantom] Step anonymous 158/214: done in 10202ms.
?[32;1m[debug]?[0m [phantom] opening url: file:///Users/zpeugh/code/min/scripts/flowdocument/Resources/actionHtmls/Accept or Reject Station Statuses.html, HTTP GET
?[32;1m[debug]?[0m [phantom] Navigation requested: url=file:///Users/zpeugh/code/min/scripts/flowdocument/Resources/actionHtmls/Accept or Reject Station Statuses.html, type=Other, willNavigate=true, isMainFrame=true
?[32;1m[debug]?[0m [phantom] url changed to "file:///Users/zpeugh/code/min/scripts/flowdocument/Resources/actionHtmls/Accept or Reject Station Statuses.html"
?[32;1m[debug]?[0m [phantom] Successfully injected Casper client-side utilities
?[36m[info]?[0m [phantom] Step anonymous 160/216: done in 10274ms.
?[32;1m[debug]?[0m [phantom] opening url: file:///Users/zpeugh/code/min/scripts/flowdocument/Resources/actionHtmls/Update FLOC Unauthorized (not completed as approved stations).html, HTTP GET
?[32;1m[debug]?[0m [phantom] Navigation requested: url=file:///Users/zpeugh/code/min/scripts/flowdocument/Resources/actionHtmls/Update FLOC Unauthorized (not completed as approved stations).html, type=Other, willNavigate=true, isMainFrame=true
?[32;1m[debug]?[0m [phantom] url changed to "file:///Users/zpeugh/code/min/scripts/flowdocument/Resources/actionHtmls/Update FLOC Unauthorized (not completed as approved stations).html"
?[32;1m[debug]?[0m [phantom] Successfully injected Casper client-side utilities
?[36m[info]?[0m [phantom] Step anonymous 162/216: done in 10348ms.
?[32;1m[debug]?[0m [phantom] opening url: file:///Users/zpeugh/code/min/scripts/flowdocument/Resources/actionHtmls/Update FLOC Unauthorized (not completed as approved stations).html, HTTP GET
?[32;1m[debug]?[0m [phantom] Navigation requested: url=file:///Users/zpeugh/code/min/scripts/flowdocument/Resources/actionHtmls/Update FLOC Unauthorized (not completed as approved stations).html, type=Other, willNavigate=true, isMainFrame=true
?[32;1m[debug]?[0m [phantom] url changed to "file:///Users/zpeugh/code/min/scripts/flowdocument/Resources/actionHtmls/Update FLOC Unauthorized (not completed as approved stations).html"
?[32;1m[debug]?[0m [phantom] Successfully injected Casper client-side utilities
?[36m[info]?[0m [phantom] Step anonymous 164/218: done in 10427ms.
?[32;1m[debug]?[0m [phantom] opening url: file:///Users/zpeugh/code/min/scripts/flowdocument/Resources/actionHtmls/Create Notification Against Failed Structure IDs.html, HTTP GET
?[32;1m[debug]?[0m [phantom] Navigation requested: url=file:///Users/zpeugh/code/min/scripts/flowdocument/Resources/actionHtmls/Create Notification Against Failed Structure IDs.html, type=Other, willNavigate=true, isMainFrame=true
?[32;1m[debug]?[0m [phantom] url changed to "file:///Users/zpeugh/code/min/scripts/flowdocument/Resources/actionHtmls/Create Notification Against Failed Structure IDs.html"
?[32;1m[debug]?[0m [phantom] Successfully injected Casper client-side utilities
?[36m[info]?[0m [phantom] Step anonymous 166/218: done in 10499ms.
?[32;1m[debug]?[0m [phantom] opening url: file:///Users/zpeugh/code/min/scripts/flowdocument/Resources/actionHtmls/Create Notification Against Failed Structure IDs.html, HTTP GET
?[32;1m[debug]?[0m [phantom] Navigation requested: url=file:///Users/zpeugh/code/min/scripts/flowdocument/Resources/actionHtmls/Create Notification Against Failed Structure IDs.html, type=Other, willNavigate=true, isMainFrame=true
?[32;1m[debug]?[0m [phantom] url changed to "file:///Users/zpeugh/code/min/scripts/flowdocument/Resources/actionHtmls/Create Notification Against Failed Structure IDs.html"
?[32;1m[debug]?[0m [phantom] Successfully injected Casper client-side utilities
?[36m[info]?[0m [phantom] Step anonymous 168/220: done in 10571ms.
?[32;1m[debug]?[0m [phantom] opening url: file:///Users/zpeugh/code/min/scripts/flowdocument/Resources/actionHtmls/Send the As Is Layer Measurement Point.html, HTTP GET
?[32;1m[debug]?[0m [phantom] Navigation requested: url=file:///Users/zpeugh/code/min/scripts/flowdocument/Resources/actionHtmls/Send the As Is Layer Measurement Point.html, type=Other, willNavigate=true, isMainFrame=true
?[32;1m[debug]?[0m [phantom] url changed to "file:///Users/zpeugh/code/min/scripts/flowdocument/Resources/actionHtmls/Send the As Is Layer Measurement Point.html"
?[32;1m[debug]?[0m [phantom] Successfully injected Casper client-side utilities
?[36m[info]?[0m [phantom] Step anonymous 170/220: done in 10643ms.
?[32;1m[debug]?[0m [phantom] opening url: file:///Users/zpeugh/code/min/scripts/flowdocument/Resources/actionHtmls/Send the As Is Layer Measurement Point.html, HTTP GET
?[32;1m[debug]?[0m [phantom] Navigation requested: url=file:///Users/zpeugh/code/min/scripts/flowdocument/Resources/actionHtmls/Send the As Is Layer Measurement Point.html, type=Other, willNavigate=true, isMainFrame=true
?[32;1m[debug]?[0m [phantom] url changed to "file:///Users/zpeugh/code/min/scripts/flowdocument/Resources/actionHtmls/Send the As Is Layer Measurement Point.html"
?[32;1m[debug]?[0m [phantom] Successfully injected Casper client-side utilities
?[36m[info]?[0m [phantom] Step anonymous 172/222: done in 10716ms.
?[32;1m[debug]?[0m [phantom] opening url: file:///Users/zpeugh/code/min/scripts/flowdocument/Resources/actionHtmls/Assign First Planning Group Sup.html, HTTP GET
?[32;1m[debug]?[0m [phantom] Navigation requested: url=file:///Users/zpeugh/code/min/scripts/flowdocument/Resources/actionHtmls/Assign First Planning Group Sup.html, type=Other, willNavigate=true, isMainFrame=true
?[32;1m[debug]?[0m [phantom] url changed to "file:///Users/zpeugh/code/min/scripts/flowdocument/Resources/actionHtmls/Assign First Planning Group Sup.html"
?[32;1m[debug]?[0m [phantom] Successfully injected Casper client-side utilities
?[36m[info]?[0m [phantom] Step anonymous 174/222: done in 10788ms.
?[32;1m[debug]?[0m [phantom] opening url: file:///Users/zpeugh/code/min/scripts/flowdocument/Resources/actionHtmls/Assign First Planning Group Sup.html, HTTP GET
?[32;1m[debug]?[0m [phantom] Navigation requested: url=file:///Users/zpeugh/code/min/scripts/flowdocument/Resources/actionHtmls/Assign First Planning Group Sup.html, type=Other, willNavigate=true, isMainFrame=true
?[32;1m[debug]?[0m [phantom] url changed to "file:///Users/zpeugh/code/min/scripts/flowdocument/Resources/actionHtmls/Assign First Planning Group Sup.html"
?[32;1m[debug]?[0m [phantom] Successfully injected Casper client-side utilities
?[36m[info]?[0m [phantom] Step anonymous 176/224: done in 10861ms.
?[32;1m[debug]?[0m [phantom] opening url: file:///Users/zpeugh/code/min/scripts/flowdocument/Resources/actionHtmls/Lock Pole Count.html, HTTP GET
?[32;1m[debug]?[0m [phantom] Navigation requested: url=file:///Users/zpeugh/code/min/scripts/flowdocument/Resources/actionHtmls/Lock Pole Count.html, type=Other, willNavigate=true, isMainFrame=true
?[32;1m[debug]?[0m [phantom] url changed to "file:///Users/zpeugh/code/min/scripts/flowdocument/Resources/actionHtmls/Lock Pole Count.html"
?[32;1m[debug]?[0m [phantom] Successfully injected Casper client-side utilities
?[36m[info]?[0m [phantom] Step anonymous 178/224: done in 10936ms.
?[32;1m[debug]?[0m [phantom] opening url: file:///Users/zpeugh/code/min/scripts/flowdocument/Resources/actionHtmls/Lock Pole Count.html, HTTP GET
?[32;1m[debug]?[0m [phantom] Navigation requested: url=file:///Users/zpeugh/code/min/scripts/flowdocument/Resources/actionHtmls/Lock Pole Count.html, type=Other, willNavigate=true, isMainFrame=true
?[32;1m[debug]?[0m [phantom] url changed to "file:///Users/zpeugh/code/min/scripts/flowdocument/Resources/actionHtmls/Lock Pole Count.html"
?[32;1m[debug]?[0m [phantom] Successfully injected Casper client-side utilities
?[36m[info]?[0m [phantom] Step anonymous 180/226: done in 11009ms.
?[32;1m[debug]?[0m [phantom] opening url: file:///Users/zpeugh/code/min/scripts/flowdocument/Resources/actionHtmls/Assign Second Planning Group Sup.html, HTTP GET
?[32;1m[debug]?[0m [phantom] Navigation requested: url=file:///Users/zpeugh/code/min/scripts/flowdocument/Resources/actionHtmls/Assign Second Planning Group Sup.html, type=Other, willNavigate=true, isMainFrame=true
?[32;1m[debug]?[0m [phantom] url changed to "file:///Users/zpeugh/code/min/scripts/flowdocument/Resources/actionHtmls/Assign Second Planning Group Sup.html"
?[32;1m[debug]?[0m [phantom] Successfully injected Casper client-side utilities
?[36m[info]?[0m [phantom] Step anonymous 182/226: done in 11080ms.
?[32;1m[debug]?[0m [phantom] opening url: file:///Users/zpeugh/code/min/scripts/flowdocument/Resources/actionHtmls/Assign Second Planning Group Sup.html, HTTP GET
?[32;1m[debug]?[0m [phantom] Navigation requested: url=file:///Users/zpeugh/code/min/scripts/flowdocument/Resources/actionHtmls/Assign Second Planning Group Sup.html, type=Other, willNavigate=true, isMainFrame=true
?[32;1m[debug]?[0m [phantom] url changed to "file:///Users/zpeugh/code/min/scripts/flowdocument/Resources/actionHtmls/Assign Second Planning Group Sup.html"
?[32;1m[debug]?[0m [phantom] Successfully injected Casper client-side utilities
?[36m[info]?[0m [phantom] Step anonymous 184/228: done in 11153ms.
?[32;1m[debug]?[0m [phantom] opening url: file:///Users/zpeugh/code/min/scripts/flowdocument/Resources/actionHtmls/Assign TPAM Agent.html, HTTP GET
?[32;1m[debug]?[0m [phantom] Navigation requested: url=file:///Users/zpeugh/code/min/scripts/flowdocument/Resources/actionHtmls/Assign TPAM Agent.html, type=Other, willNavigate=true, isMainFrame=true
?[32;1m[debug]?[0m [phantom] url changed to "file:///Users/zpeugh/code/min/scripts/flowdocument/Resources/actionHtmls/Assign TPAM Agent.html"
?[32;1m[debug]?[0m [phantom] Successfully injected Casper client-side utilities
?[36m[info]?[0m [phantom] Step anonymous 186/228: done in 11226ms.
?[32;1m[debug]?[0m [phantom] opening url: file:///Users/zpeugh/code/min/scripts/flowdocument/Resources/actionHtmls/Assign TPAM Agent.html, HTTP GET
?[32;1m[debug]?[0m [phantom] Navigation requested: url=file:///Users/zpeugh/code/min/scripts/flowdocument/Resources/actionHtmls/Assign TPAM Agent.html, type=Other, willNavigate=true, isMainFrame=true
?[32;1m[debug]?[0m [phantom] url changed to "file:///Users/zpeugh/code/min/scripts/flowdocument/Resources/actionHtmls/Assign TPAM Agent.html"
?[32;1m[debug]?[0m [phantom] Successfully injected Casper client-side utilities
?[36m[info]?[0m [phantom] Step anonymous 188/230: done in 11301ms.
?[32;1m[debug]?[0m [phantom] opening url: file:///Users/zpeugh/code/min/scripts/flowdocument/Resources/actionHtmls/Assign Inspector.html, HTTP GET
?[32;1m[debug]?[0m [phantom] Navigation requested: url=file:///Users/zpeugh/code/min/scripts/flowdocument/Resources/actionHtmls/Assign Inspector.html, type=Other, willNavigate=true, isMainFrame=true
?[32;1m[debug]?[0m [phantom] url changed to "file:///Users/zpeugh/code/min/scripts/flowdocument/Resources/actionHtmls/Assign Inspector.html"
?[32;1m[debug]?[0m [phantom] Successfully injected Casper client-side utilities
?[36m[info]?[0m [phantom] Step anonymous 190/230: done in 11374ms.
?[32;1m[debug]?[0m [phantom] opening url: file:///Users/zpeugh/code/min/scripts/flowdocument/Resources/actionHtmls/Assign Inspector.html, HTTP GET
?[32;1m[debug]?[0m [phantom] Navigation requested: url=file:///Users/zpeugh/code/min/scripts/flowdocument/Resources/actionHtmls/Assign Inspector.html, type=Other, willNavigate=true, isMainFrame=true
?[32;1m[debug]?[0m [phantom] url changed to "file:///Users/zpeugh/code/min/scripts/flowdocument/Resources/actionHtmls/Assign Inspector.html"
?[32;1m[debug]?[0m [phantom] Successfully injected Casper client-side utilities
?[36m[info]?[0m [phantom] Step anonymous 192/232: done in 11449ms.
?[32;1m[debug]?[0m [phantom] opening url: file:///Users/zpeugh/code/min/scripts/flowdocument/Resources/actionHtmls/Assign TPAM Admin.html, HTTP GET
?[32;1m[debug]?[0m [phantom] Navigation requested: url=file:///Users/zpeugh/code/min/scripts/flowdocument/Resources/actionHtmls/Assign TPAM Admin.html, type=Other, willNavigate=true, isMainFrame=true
?[32;1m[debug]?[0m [phantom] url changed to "file:///Users/zpeugh/code/min/scripts/flowdocument/Resources/actionHtmls/Assign TPAM Admin.html"
?[32;1m[debug]?[0m [phantom] Successfully injected Casper client-side utilities
?[36m[info]?[0m [phantom] Step anonymous 194/232: done in 11519ms.
?[32;1m[debug]?[0m [phantom] opening url: file:///Users/zpeugh/code/min/scripts/flowdocument/Resources/actionHtmls/Assign TPAM Admin.html, HTTP GET
?[32;1m[debug]?[0m [phantom] Navigation requested: url=file:///Users/zpeugh/code/min/scripts/flowdocument/Resources/actionHtmls/Assign TPAM Admin.html, type=Other, willNavigate=true, isMainFrame=true
?[32;1m[debug]?[0m [phantom] url changed to "file:///Users/zpeugh/code/min/scripts/flowdocument/Resources/actionHtmls/Assign TPAM Admin.html"
?[32;1m[debug]?[0m [phantom] Successfully injected Casper client-side utilities
?[36m[info]?[0m [phantom] Step anonymous 196/234: done in 11601ms.
?[32;1m[debug]?[0m [phantom] opening url: file:///Users/zpeugh/code/min/scripts/flowdocument/Resources/actionHtmls/Assign JPA Manager.html, HTTP GET
?[32;1m[debug]?[0m [phantom] Navigation requested: url=file:///Users/zpeugh/code/min/scripts/flowdocument/Resources/actionHtmls/Assign JPA Manager.html, type=Other, willNavigate=true, isMainFrame=true
?[32;1m[debug]?[0m [phantom] url changed to "file:///Users/zpeugh/code/min/scripts/flowdocument/Resources/actionHtmls/Assign JPA Manager.html"
?[32;1m[debug]?[0m [phantom] Successfully injected Casper client-side utilities
?[36m[info]?[0m [phantom] Step anonymous 198/234: done in 11678ms.
?[32;1m[debug]?[0m [phantom] opening url: file:///Users/zpeugh/code/min/scripts/flowdocument/Resources/actionHtmls/Assign JPA Manager.html, HTTP GET
?[32;1m[debug]?[0m [phantom] Navigation requested: url=file:///Users/zpeugh/code/min/scripts/flowdocument/Resources/actionHtmls/Assign JPA Manager.html, type=Other, willNavigate=true, isMainFrame=true
?[32;1m[debug]?[0m [phantom] url changed to "file:///Users/zpeugh/code/min/scripts/flowdocument/Resources/actionHtmls/Assign JPA Manager.html"
?[32;1m[debug]?[0m [phantom] Successfully injected Casper client-side utilities
?[36m[info]?[0m [phantom] Step anonymous 200/236: done in 11752ms.
?[32;1m[debug]?[0m [phantom] opening url: file:///Users/zpeugh/code/min/scripts/flowdocument/Resources/actionHtmls/First 45 Day Clock.html, HTTP GET
?[32;1m[debug]?[0m [phantom] Navigation requested: url=file:///Users/zpeugh/code/min/scripts/flowdocument/Resources/actionHtmls/First 45 Day Clock.html, type=Other, willNavigate=true, isMainFrame=true
?[32;1m[debug]?[0m [phantom] url changed to "file:///Users/zpeugh/code/min/scripts/flowdocument/Resources/actionHtmls/First 45 Day Clock.html"
?[32;1m[debug]?[0m [phantom] Successfully injected Casper client-side utilities
?[36m[info]?[0m [phantom] Step anonymous 202/236: done in 11828ms.
?[32;1m[debug]?[0m [phantom] opening url: file:///Users/zpeugh/code/min/scripts/flowdocument/Resources/actionHtmls/First 45 Day Clock.html, HTTP GET
?[32;1m[debug]?[0m [phantom] Navigation requested: url=file:///Users/zpeugh/code/min/scripts/flowdocument/Resources/actionHtmls/First 45 Day Clock.html, type=Other, willNavigate=true, isMainFrame=true
?[32;1m[debug]?[0m [phantom] url changed to "file:///Users/zpeugh/code/min/scripts/flowdocument/Resources/actionHtmls/First 45 Day Clock.html"
?[32;1m[debug]?[0m [phantom] Successfully injected Casper client-side utilities
?[36m[info]?[0m [phantom] Step anonymous 204/238: done in 11903ms.
?[32;1m[debug]?[0m [phantom] opening url: file:///Users/zpeugh/code/min/scripts/flowdocument/Resources/actionHtmls/18 Months to Complete Construction.html, HTTP GET
?[32;1m[debug]?[0m [phantom] Navigation requested: url=file:///Users/zpeugh/code/min/scripts/flowdocument/Resources/actionHtmls/18 Months to Complete Construction.html, type=Other, willNavigate=true, isMainFrame=true
?[32;1m[debug]?[0m [phantom] url changed to "file:///Users/zpeugh/code/min/scripts/flowdocument/Resources/actionHtmls/18 Months to Complete Construction.html"
?[32;1m[debug]?[0m [phantom] Successfully injected Casper client-side utilities
?[36m[info]?[0m [phantom] Step anonymous 206/238: done in 11984ms.
?[32;1m[debug]?[0m [phantom] opening url: file:///Users/zpeugh/code/min/scripts/flowdocument/Resources/actionHtmls/18 Months to Complete Construction.html, HTTP GET
?[32;1m[debug]?[0m [phantom] Navigation requested: url=file:///Users/zpeugh/code/min/scripts/flowdocument/Resources/actionHtmls/18 Months to Complete Construction.html, type=Other, willNavigate=true, isMainFrame=true
?[32;1m[debug]?[0m [phantom] url changed to "file:///Users/zpeugh/code/min/scripts/flowdocument/Resources/actionHtmls/18 Months to Complete Construction.html"
?[32;1m[debug]?[0m [phantom] Successfully injected Casper client-side utilities
?[36m[info]?[0m [phantom] Step anonymous 208/240: done in 12067ms.
?[32;1m[debug]?[0m [phantom] opening url: file:///Users/zpeugh/code/min/scripts/flowdocument/Resources/actionHtmls/Assign Customer.html, HTTP GET
?[32;1m[debug]?[0m [phantom] Navigation requested: url=file:///Users/zpeugh/code/min/scripts/flowdocument/Resources/actionHtmls/Assign Customer.html, type=Other, willNavigate=true, isMainFrame=true
?[32;1m[debug]?[0m [phantom] url changed to "file:///Users/zpeugh/code/min/scripts/flowdocument/Resources/actionHtmls/Assign Customer.html"
?[32;1m[debug]?[0m [phantom] Successfully injected Casper client-side utilities
?[36m[info]?[0m [phantom] Step anonymous 210/240: done in 12143ms.
?[32;1m[debug]?[0m [phantom] opening url: file:///Users/zpeugh/code/min/scripts/flowdocument/Resources/actionHtmls/Assign Customer.html, HTTP GET
?[32;1m[debug]?[0m [phantom] Navigation requested: url=file:///Users/zpeugh/code/min/scripts/flowdocument/Resources/actionHtmls/Assign Customer.html, type=Other, willNavigate=true, isMainFrame=true
?[32;1m[debug]?[0m [phantom] url changed to "file:///Users/zpeugh/code/min/scripts/flowdocument/Resources/actionHtmls/Assign Customer.html"
?[32;1m[debug]?[0m [phantom] Successfully injected Casper client-side utilities
?[36m[info]?[0m [phantom] Step anonymous 212/242: done in 12235ms.
?[32;1m[debug]?[0m [phantom] opening url: file:///Users/zpeugh/code/min/scripts/flowdocument/Resources/actionHtmls/Remove Time Markers.html, HTTP GET
?[32;1m[debug]?[0m [phantom] Navigation requested: url=file:///Users/zpeugh/code/min/scripts/flowdocument/Resources/actionHtmls/Remove Time Markers.html, type=Other, willNavigate=true, isMainFrame=true
?[32;1m[debug]?[0m [phantom] url changed to "file:///Users/zpeugh/code/min/scripts/flowdocument/Resources/actionHtmls/Remove Time Markers.html"
?[32;1m[debug]?[0m [phantom] Successfully injected Casper client-side utilities
?[36m[info]?[0m [phantom] Step anonymous 214/242: done in 12283ms.
?[32;1m[debug]?[0m [phantom] opening url: file:///Users/zpeugh/code/min/scripts/flowdocument/Resources/actionHtmls/Remove Time Markers.html, HTTP GET
?[32;1m[debug]?[0m [phantom] Navigation requested: url=file:///Users/zpeugh/code/min/scripts/flowdocument/Resources/actionHtmls/Remove Time Markers.html, type=Other, willNavigate=true, isMainFrame=true
?[32;1m[debug]?[0m [phantom] url changed to "file:///Users/zpeugh/code/min/scripts/flowdocument/Resources/actionHtmls/Remove Time Markers.html"
?[32;1m[debug]?[0m [phantom] Successfully injected Casper client-side utilities
?[36m[info]?[0m [phantom] Step anonymous 216/244: done in 12360ms.
?[32;1m[debug]?[0m [phantom] opening url: file:///Users/zpeugh/code/min/scripts/flowdocument/Resources/actionHtmls/31 Day Reminder (repeating).html, HTTP GET
?[32;1m[debug]?[0m [phantom] Navigation requested: url=file:///Users/zpeugh/code/min/scripts/flowdocument/Resources/actionHtmls/31 Day Reminder (repeating).html, type=Other, willNavigate=true, isMainFrame=true
?[32;1m[debug]?[0m [phantom] url changed to "file:///Users/zpeugh/code/min/scripts/flowdocument/Resources/actionHtmls/31 Day Reminder (repeating).html"
?[32;1m[debug]?[0m [phantom] Successfully injected Casper client-side utilities
?[36m[info]?[0m [phantom] Step anonymous 218/244: done in 12432ms.
?[32;1m[debug]?[0m [phantom] opening url: file:///Users/zpeugh/code/min/scripts/flowdocument/Resources/actionHtmls/31 Day Reminder (repeating).html, HTTP GET
?[32;1m[debug]?[0m [phantom] Navigation requested: url=file:///Users/zpeugh/code/min/scripts/flowdocument/Resources/actionHtmls/31 Day Reminder (repeating).html, type=Other, willNavigate=true, isMainFrame=true
?[32;1m[debug]?[0m [phantom] url changed to "file:///Users/zpeugh/code/min/scripts/flowdocument/Resources/actionHtmls/31 Day Reminder (repeating).html"
?[32;1m[debug]?[0m [phantom] Successfully injected Casper client-side utilities
?[36m[info]?[0m [phantom] Step anonymous 220/246: done in 12505ms.
?[32;1m[debug]?[0m [phantom] opening url: file:///Users/zpeugh/code/min/scripts/flowdocument/Resources/actionHtmls/Email All Cancelled.html, HTTP GET
?[32;1m[debug]?[0m [phantom] Navigation requested: url=file:///Users/zpeugh/code/min/scripts/flowdocument/Resources/actionHtmls/Email All Cancelled.html, type=Other, willNavigate=true, isMainFrame=true
?[32;1m[debug]?[0m [phantom] url changed to "file:///Users/zpeugh/code/min/scripts/flowdocument/Resources/actionHtmls/Email All Cancelled.html"
?[32;1m[debug]?[0m [phantom] Successfully injected Casper client-side utilities
?[36m[info]?[0m [phantom] Step anonymous 222/246: done in 12578ms.
?[32;1m[debug]?[0m [phantom] opening url: file:///Users/zpeugh/code/min/scripts/flowdocument/Resources/actionHtmls/Email All Cancelled.html, HTTP GET
?[32;1m[debug]?[0m [phantom] Navigation requested: url=file:///Users/zpeugh/code/min/scripts/flowdocument/Resources/actionHtmls/Email All Cancelled.html, type=Other, willNavigate=true, isMainFrame=true
?[32;1m[debug]?[0m [phantom] url changed to "file:///Users/zpeugh/code/min/scripts/flowdocument/Resources/actionHtmls/Email All Cancelled.html"
?[32;1m[debug]?[0m [phantom] Successfully injected Casper client-side utilities
?[36m[info]?[0m [phantom] Step anonymous 224/248: done in 12653ms.
?[32;1m[debug]?[0m [phantom] opening url: file:///Users/zpeugh/code/min/scripts/flowdocument/Resources/actionHtmls/Email Customer Instructions.html, HTTP GET
?[32;1m[debug]?[0m [phantom] Navigation requested: url=file:///Users/zpeugh/code/min/scripts/flowdocument/Resources/actionHtmls/Email Customer Instructions.html, type=Other, willNavigate=true, isMainFrame=true
?[32;1m[debug]?[0m [phantom] url changed to "file:///Users/zpeugh/code/min/scripts/flowdocument/Resources/actionHtmls/Email Customer Instructions.html"
?[32;1m[debug]?[0m [phantom] Successfully injected Casper client-side utilities
?[36m[info]?[0m [phantom] Step anonymous 226/248: done in 12724ms.
?[32;1m[debug]?[0m [phantom] opening url: file:///Users/zpeugh/code/min/scripts/flowdocument/Resources/actionHtmls/Email Customer Instructions.html, HTTP GET
?[32;1m[debug]?[0m [phantom] Navigation requested: url=file:///Users/zpeugh/code/min/scripts/flowdocument/Resources/actionHtmls/Email Customer Instructions.html, type=Other, willNavigate=true, isMainFrame=true
?[32;1m[debug]?[0m [phantom] url changed to "file:///Users/zpeugh/code/min/scripts/flowdocument/Resources/actionHtmls/Email Customer Instructions.html"
?[32;1m[debug]?[0m [phantom] Successfully injected Casper client-side utilities
?[36m[info]?[0m [phantom] Step anonymous 228/250: done in 12800ms.
?[32;1m[debug]?[0m [phantom] opening url: file:///Users/zpeugh/code/min/scripts/flowdocument/Resources/actionHtmls/In 45 Days, Email Customer About Form 2 Final.html, HTTP GET
?[32;1m[debug]?[0m [phantom] Navigation requested: url=file:///Users/zpeugh/code/min/scripts/flowdocument/Resources/actionHtmls/In 45 Days, Email Customer About Form 2 Final.html, type=Other, willNavigate=true, isMainFrame=true
?[32;1m[debug]?[0m [phantom] url changed to "file:///Users/zpeugh/code/min/scripts/flowdocument/Resources/actionHtmls/In 45 Days, Email Customer About Form 2 Final.html"
?[32;1m[debug]?[0m [phantom] Successfully injected Casper client-side utilities
?[36m[info]?[0m [phantom] Step anonymous 230/250: done in 12868ms.
?[32;1m[debug]?[0m [phantom] opening url: file:///Users/zpeugh/code/min/scripts/flowdocument/Resources/actionHtmls/In 45 Days, Email Customer About Form 2 Final.html, HTTP GET
?[32;1m[debug]?[0m [phantom] Navigation requested: url=file:///Users/zpeugh/code/min/scripts/flowdocument/Resources/actionHtmls/In 45 Days, Email Customer About Form 2 Final.html, type=Other, willNavigate=true, isMainFrame=true
?[32;1m[debug]?[0m [phantom] url changed to "file:///Users/zpeugh/code/min/scripts/flowdocument/Resources/actionHtmls/In 45 Days, Email Customer About Form 2 Final.html"
?[32;1m[debug]?[0m [phantom] Successfully injected Casper client-side utilities
?[36m[info]?[0m [phantom] Step anonymous 232/252: done in 12944ms.
?[32;1m[debug]?[0m [phantom] opening url: file:///Users/zpeugh/code/min/scripts/flowdocument/Resources/actionHtmls/Assign NDPM Usergroup.html, HTTP GET
?[32;1m[debug]?[0m [phantom] Navigation requested: url=file:///Users/zpeugh/code/min/scripts/flowdocument/Resources/actionHtmls/Assign NDPM Usergroup.html, type=Other, willNavigate=true, isMainFrame=true
?[32;1m[debug]?[0m [phantom] url changed to "file:///Users/zpeugh/code/min/scripts/flowdocument/Resources/actionHtmls/Assign NDPM Usergroup.html"
?[32;1m[debug]?[0m [phantom] Successfully injected Casper client-side utilities
?[36m[info]?[0m [phantom] Step anonymous 234/252: done in 13016ms.
?[32;1m[debug]?[0m [phantom] opening url: file:///Users/zpeugh/code/min/scripts/flowdocument/Resources/actionHtmls/Assign NDPM Usergroup.html, HTTP GET
?[32;1m[debug]?[0m [phantom] Navigation requested: url=file:///Users/zpeugh/code/min/scripts/flowdocument/Resources/actionHtmls/Assign NDPM Usergroup.html, type=Other, willNavigate=true, isMainFrame=true
?[32;1m[debug]?[0m [phantom] url changed to "file:///Users/zpeugh/code/min/scripts/flowdocument/Resources/actionHtmls/Assign NDPM Usergroup.html"
?[32;1m[debug]?[0m [phantom] Successfully injected Casper client-side utilities
?[36m[info]?[0m [phantom] Step anonymous 236/254: done in 13089ms.
?[32;1m[debug]?[0m [phantom] opening url: file:///Users/zpeugh/code/min/scripts/flowdocument/Resources/actionHtmls/24 Months to Complete Inspection.html, HTTP GET
?[32;1m[debug]?[0m [phantom] Navigation requested: url=file:///Users/zpeugh/code/min/scripts/flowdocument/Resources/actionHtmls/24 Months to Complete Inspection.html, type=Other, willNavigate=true, isMainFrame=true
?[32;1m[debug]?[0m [phantom] url changed to "file:///Users/zpeugh/code/min/scripts/flowdocument/Resources/actionHtmls/24 Months to Complete Inspection.html"
?[32;1m[debug]?[0m [phantom] Successfully injected Casper client-side utilities
?[36m[info]?[0m [phantom] Step anonymous 238/254: done in 13159ms.
?[32;1m[debug]?[0m [phantom] opening url: file:///Users/zpeugh/code/min/scripts/flowdocument/Resources/actionHtmls/24 Months to Complete Inspection.html, HTTP GET
?[32;1m[debug]?[0m [phantom] Navigation requested: url=file:///Users/zpeugh/code/min/scripts/flowdocument/Resources/actionHtmls/24 Months to Complete Inspection.html, type=Other, willNavigate=true, isMainFrame=true
?[32;1m[debug]?[0m [phantom] url changed to "file:///Users/zpeugh/code/min/scripts/flowdocument/Resources/actionHtmls/24 Months to Complete Inspection.html"
?[32;1m[debug]?[0m [phantom] Successfully injected Casper client-side utilities
?[36m[info]?[0m [phantom] Step anonymous 240/256: done in 13229ms.
?[32;1m[debug]?[0m [phantom] opening url: file:///Users/zpeugh/code/min/scripts/flowdocument/Resources/actionHtmls/Email Customer: Complete Form 48.html, HTTP GET
?[32;1m[debug]?[0m [phantom] Navigation requested: url=file:///Users/zpeugh/code/min/scripts/flowdocument/Resources/actionHtmls/Email Customer: Complete Form 48.html, type=Other, willNavigate=true, isMainFrame=true
?[32;1m[debug]?[0m [phantom] url changed to "file:///Users/zpeugh/code/min/scripts/flowdocument/Resources/actionHtmls/Email Customer: Complete Form 48.html"
?[32;1m[debug]?[0m [phantom] Successfully injected Casper client-side utilities
?[36m[info]?[0m [phantom] Step anonymous 242/256: done in 13298ms.
?[32;1m[debug]?[0m [phantom] opening url: file:///Users/zpeugh/code/min/scripts/flowdocument/Resources/actionHtmls/Email Customer: Complete Form 48.html, HTTP GET
?[32;1m[debug]?[0m [phantom] Navigation requested: url=file:///Users/zpeugh/code/min/scripts/flowdocument/Resources/actionHtmls/Email Customer: Complete Form 48.html, type=Other, willNavigate=true, isMainFrame=true
?[32;1m[debug]?[0m [phantom] url changed to "file:///Users/zpeugh/code/min/scripts/flowdocument/Resources/actionHtmls/Email Customer: Complete Form 48.html"
?[32;1m[debug]?[0m [phantom] Successfully injected Casper client-side utilities
?[36m[info]?[0m [phantom] Step anonymous 244/258: done in 13369ms.
?[32;1m[debug]?[0m [phantom] opening url: file:///Users/zpeugh/code/min/scripts/flowdocument/Resources/actionHtmls/Email: Verify all stations have status.html, HTTP GET
?[32;1m[debug]?[0m [phantom] Navigation requested: url=file:///Users/zpeugh/code/min/scripts/flowdocument/Resources/actionHtmls/Email: Verify all stations have status.html, type=Other, willNavigate=true, isMainFrame=true
?[32;1m[debug]?[0m [phantom] url changed to "file:///Users/zpeugh/code/min/scripts/flowdocument/Resources/actionHtmls/Email: Verify all stations have status.html"
?[32;1m[debug]?[0m [phantom] Successfully injected Casper client-side utilities
?[36m[info]?[0m [phantom] Step anonymous 246/258: done in 13443ms.
?[32;1m[debug]?[0m [phantom] opening url: file:///Users/zpeugh/code/min/scripts/flowdocument/Resources/actionHtmls/Email: Verify all stations have status.html, HTTP GET
?[32;1m[debug]?[0m [phantom] Navigation requested: url=file:///Users/zpeugh/code/min/scripts/flowdocument/Resources/actionHtmls/Email: Verify all stations have status.html, type=Other, willNavigate=true, isMainFrame=true
?[32;1m[debug]?[0m [phantom] url changed to "file:///Users/zpeugh/code/min/scripts/flowdocument/Resources/actionHtmls/Email: Verify all stations have status.html"
?[32;1m[debug]?[0m [phantom] Successfully injected Casper client-side utilities
?[36m[info]?[0m [phantom] Step anonymous 248/260: done in 13515ms.
?[32;1m[debug]?[0m [phantom] opening url: file:///Users/zpeugh/code/min/scripts/flowdocument/Resources/actionHtmls/Email Customer Cancelled.html, HTTP GET
?[32;1m[debug]?[0m [phantom] Navigation requested: url=file:///Users/zpeugh/code/min/scripts/flowdocument/Resources/actionHtmls/Email Customer Cancelled.html, type=Other, willNavigate=true, isMainFrame=true
?[32;1m[debug]?[0m [phantom] url changed to "file:///Users/zpeugh/code/min/scripts/flowdocument/Resources/actionHtmls/Email Customer Cancelled.html"
?[32;1m[debug]?[0m [phantom] Successfully injected Casper client-side utilities
?[36m[info]?[0m [phantom] Step anonymous 250/260: done in 13588ms.
?[32;1m[debug]?[0m [phantom] opening url: file:///Users/zpeugh/code/min/scripts/flowdocument/Resources/actionHtmls/Email Customer Cancelled.html, HTTP GET
?[32;1m[debug]?[0m [phantom] Navigation requested: url=file:///Users/zpeugh/code/min/scripts/flowdocument/Resources/actionHtmls/Email Customer Cancelled.html, type=Other, willNavigate=true, isMainFrame=true
?[32;1m[debug]?[0m [phantom] url changed to "file:///Users/zpeugh/code/min/scripts/flowdocument/Resources/actionHtmls/Email Customer Cancelled.html"
?[32;1m[debug]?[0m [phantom] Successfully injected Casper client-side utilities
?[36m[info]?[0m [phantom] Step anonymous 252/262: done in 13662ms.
?[32;1m[debug]?[0m [phantom] opening url: file:///Users/zpeugh/code/min/scripts/flowdocument/Resources/actionHtmls/Unlock Project.html, HTTP GET
?[32;1m[debug]?[0m [phantom] Navigation requested: url=file:///Users/zpeugh/code/min/scripts/flowdocument/Resources/actionHtmls/Unlock Project.html, type=Other, willNavigate=true, isMainFrame=true
?[32;1m[debug]?[0m [phantom] url changed to "file:///Users/zpeugh/code/min/scripts/flowdocument/Resources/actionHtmls/Unlock Project.html"
?[32;1m[debug]?[0m [phantom] Successfully injected Casper client-side utilities
?[36m[info]?[0m [phantom] Step anonymous 254/262: done in 13736ms.
?[32;1m[debug]?[0m [phantom] opening url: file:///Users/zpeugh/code/min/scripts/flowdocument/Resources/actionHtmls/Unlock Project.html, HTTP GET
?[32;1m[debug]?[0m [phantom] Navigation requested: url=file:///Users/zpeugh/code/min/scripts/flowdocument/Resources/actionHtmls/Unlock Project.html, type=Other, willNavigate=true, isMainFrame=true
?[32;1m[debug]?[0m [phantom] url changed to "file:///Users/zpeugh/code/min/scripts/flowdocument/Resources/actionHtmls/Unlock Project.html"
?[32;1m[debug]?[0m [phantom] Successfully injected Casper client-side utilities
?[36m[info]?[0m [phantom] Step anonymous 256/264: done in 13805ms.
?[32;1m[debug]?[0m [phantom] opening url: file:///Users/zpeugh/code/min/scripts/flowdocument/Resources/actionHtmls/Mail JPO to a. Change Records (then approve pole(s)) Or b. notice to fix.html, HTTP GET
?[32;1m[debug]?[0m [phantom] Navigation requested: url=file:///Users/zpeugh/code/min/scripts/flowdocument/Resources/actionHtmls/Mail JPO to a. Change Records (then approve pole(s)) Or b. notice to fix.html, type=Other, willNavigate=true, isMainFrame=true
?[32;1m[debug]?[0m [phantom] url changed to "file:///Users/zpeugh/code/min/scripts/flowdocument/Resources/actionHtmls/Mail JPO to a. Change Records (then approve pole(s)) Or b. notice to fix.html"
?[32;1m[debug]?[0m [phantom] Successfully injected Casper client-side utilities
?[36m[info]?[0m [phantom] Step anonymous 258/264: done in 13875ms.
?[32;1m[debug]?[0m [phantom] opening url: file:///Users/zpeugh/code/min/scripts/flowdocument/Resources/actionHtmls/Mail JPO to a. Change Records (then approve pole(s)) Or b. notice to fix.html, HTTP GET
?[32;1m[debug]?[0m [phantom] Navigation requested: url=file:///Users/zpeugh/code/min/scripts/flowdocument/Resources/actionHtmls/Mail JPO to a. Change Records (then approve pole(s)) Or b. notice to fix.html, type=Other, willNavigate=true, isMainFrame=true
?[32;1m[debug]?[0m [phantom] url changed to "file:///Users/zpeugh/code/min/scripts/flowdocument/Resources/actionHtmls/Mail JPO to a. Change Records (then approve pole(s)) Or b. notice to fix.html"
?[32;1m[debug]?[0m [phantom] Successfully injected Casper client-side utilities
?[36m[info]?[0m [phantom] Step anonymous 260/266: done in 13945ms.
?[32;1m[debug]?[0m [phantom] opening url: file:///Users/zpeugh/code/min/scripts/flowdocument/Resources/actionHtmls/Email All: Project Being Edited.html, HTTP GET
?[32;1m[debug]?[0m [phantom] Navigation requested: url=file:///Users/zpeugh/code/min/scripts/flowdocument/Resources/actionHtmls/Email All: Project Being Edited.html, type=Other, willNavigate=true, isMainFrame=true
?[32;1m[debug]?[0m [phantom] url changed to "file:///Users/zpeugh/code/min/scripts/flowdocument/Resources/actionHtmls/Email All: Project Being Edited.html"
?[32;1m[debug]?[0m [phantom] Successfully injected Casper client-side utilities
?[36m[info]?[0m [phantom] Step anonymous 262/266: done in 14015ms.
?[32;1m[debug]?[0m [phantom] opening url: file:///Users/zpeugh/code/min/scripts/flowdocument/Resources/actionHtmls/Email All: Project Being Edited.html, HTTP GET
?[32;1m[debug]?[0m [phantom] Navigation requested: url=file:///Users/zpeugh/code/min/scripts/flowdocument/Resources/actionHtmls/Email All: Project Being Edited.html, type=Other, willNavigate=true, isMainFrame=true
?[32;1m[debug]?[0m [phantom] url changed to "file:///Users/zpeugh/code/min/scripts/flowdocument/Resources/actionHtmls/Email All: Project Being Edited.html"
?[32;1m[debug]?[0m [phantom] Successfully injected Casper client-side utilities
?[36m[info]?[0m [phantom] Step anonymous 264/268: done in 14089ms.
?[32;1m[debug]?[0m [phantom] opening url: file:///Users/zpeugh/code/min/scripts/flowdocument/Resources/actionHtmls/Email: Customer Rework Required, review station statuses.html, HTTP GET
?[32;1m[debug]?[0m [phantom] Navigation requested: url=file:///Users/zpeugh/code/min/scripts/flowdocument/Resources/actionHtmls/Email: Customer Rework Required, review station statuses.html, type=Other, willNavigate=true, isMainFrame=true
?[32;1m[debug]?[0m [phantom] url changed to "file:///Users/zpeugh/code/min/scripts/flowdocument/Resources/actionHtmls/Email: Customer Rework Required, review station statuses.html"
?[32;1m[debug]?[0m [phantom] Successfully injected Casper client-side utilities
?[36m[info]?[0m [phantom] Step anonymous 266/268: done in 14164ms.
?[32;1m[debug]?[0m [phantom] opening url: file:///Users/zpeugh/code/min/scripts/flowdocument/Resources/actionHtmls/Email: Customer Rework Required, review station statuses.html, HTTP GET
?[32;1m[debug]?[0m [phantom] Navigation requested: url=file:///Users/zpeugh/code/min/scripts/flowdocument/Resources/actionHtmls/Email: Customer Rework Required, review station statuses.html, type=Other, willNavigate=true, isMainFrame=true
?[32;1m[debug]?[0m [phantom] url changed to "file:///Users/zpeugh/code/min/scripts/flowdocument/Resources/actionHtmls/Email: Customer Rework Required, review station statuses.html"
?[32;1m[debug]?[0m [phantom] Successfully injected Casper client-side utilities
?[36m[info]?[0m [phantom] Step anonymous 268/270: done in 14235ms.
?[32;1m[debug]?[0m [phantom] opening url: file:///Users/zpeugh/code/min/scripts/flowdocument/Resources/actionHtmls/14 Days to Fix Clock and Auto Advance.html, HTTP GET
?[32;1m[debug]?[0m [phantom] Navigation requested: url=file:///Users/zpeugh/code/min/scripts/flowdocument/Resources/actionHtmls/14 Days to Fix Clock and Auto Advance.html, type=Other, willNavigate=true, isMainFrame=true
?[32;1m[debug]?[0m [phantom] url changed to "file:///Users/zpeugh/code/min/scripts/flowdocument/Resources/actionHtmls/14 Days to Fix Clock and Auto Advance.html"
?[32;1m[debug]?[0m [phantom] Successfully injected Casper client-side utilities
?[36m[info]?[0m [phantom] Step anonymous 270/270: done in 14309ms.
?[32;1m[debug]?[0m [phantom] opening url: file:///Users/zpeugh/code/min/scripts/flowdocument/Resources/actionHtmls/14 Days to Fix Clock and Auto Advance.html, HTTP GET
?[32;1m[debug]?[0m [phantom] Navigation requested: url=file:///Users/zpeugh/code/min/scripts/flowdocument/Resources/actionHtmls/14 Days to Fix Clock and Auto Advance.html, type=Other, willNavigate=true, isMainFrame=true
?[32;1m[debug]?[0m [phantom] url changed to "file:///Users/zpeugh/code/min/scripts/flowdocument/Resources/actionHtmls/14 Days to Fix Clock and Auto Advance.html"
?[32;1m[debug]?[0m [phantom] Successfully injected Casper client-side utilities
?[36m[info]?[0m [phantom] Step anonymous 272/272: done in 14387ms.
?[36m[info]?[0m [phantom] Done 272 steps in 14406ms
All actions: [Push Forms to Calc, Assign Fourth Planning Group Sup, Email Customer: Some Work Not Completed, Assign Third Planning Group Sup, Create E2 for Found Poles, Accept or Reject Station Statuses, Update FLOC Unauthorized (not completed as approved stations), Create Notification Against Failed Structure IDs, Send the As Is Layer Measurement Point, Assign First Planning Group Sup, Lock Pole Count, Assign Second Planning Group Sup, Assign TPAM Agent, Assign Inspector, Assign TPAM Admin, Assign JPA Manager, First 45 Day Clock, 18 Months to Complete Construction, Assign Customer, Remove Time Markers, 31 Day Reminder (repeating), Email All Cancelled, Email Customer Instructions, In 45 Days, Email Customer About Form 2 Final, Assign NDPM Usergroup, 24 Months to Complete Inspection, Email Customer: Complete Form 48, Email: Verify all stations have status, Email Customer Cancelled, Unlock Project, Mail JPO to a. Change Records (then approve pole(s)) Or b. notice to fix, Email All: Project Being Edited, Email: Customer Rework Required, review station statuses, 14 Days to Fix Clock and Auto Advance]
Missed actions: null
Forms to capture: 
1: Station Details (copy)
2: Station Details (copy) #9
3: PWUCS Station Level (copy) #7
4: Asset Information (copy) #1
5: COMM PCI Station (copy) #1
6: Proposed Cable Attached Form (copy) #1
7: Station Details (copy) #8
8: PWUCS Station Level (copy) #9
9: COMM PCI Station (copy) #2
10: PWUCS Station Level (copy) #8
11: Exhibit A PCI Station (copy) #1
12: Project Details (copy)
13: TECO PCI Station (copy) #2
14: Station Details (copy) #10
15: PWUCS Station Level (copy)
16: Station Details (copy) #11
17: Exhibit A PCI Station (copy)
Logged in as: TECO
script timed out
Navigating to Flow Form List
Currently at: https://www.spidasoftware.com/projectmanager/formTemplate/list
Stored screenshot of form: Asset Information (copy) #1
Stored screenshot of form: COMM PCI Station (copy) #1
Stored screenshot of form: COMM PCI Station (copy) #2
Stored screenshot of form: Exhibit A PCI Station (copy)
Stored screenshot of form: Exhibit A PCI Station (copy) #1
Stored screenshot of form: Project Details (copy)
Stored screenshot of form: Proposed Cable Attached Form (copy) #1
Stored screenshot of form: PWUCS Station Level (copy)
Stored screenshot of form: PWUCS Station Level (copy) #7
Stored screenshot of form: PWUCS Station Level (copy) #8
Stored screenshot of form: PWUCS Station Level (copy) #9
Stored screenshot of form: Station Details (copy)
Stored screenshot of form: Station Details (copy) #10
Stored screenshot of form: Station Details (copy) #11
Stored screenshot of form: Station Details (copy) #8
Stored screenshot of form: Station Details (copy) #9
Stored screenshot of form: TECO PCI Station (copy) #2
Forms to generate: 
0: Station Details (copy)
1: Station Details (copy) #9
2: PWUCS Station Level (copy) #7
3: Asset Information (copy) #1
4: COMM PCI Station (copy) #1
5: Proposed Cable Attached Form (copy) #1
6: Station Details (copy) #8
7: PWUCS Station Level (copy) #9
8: COMM PCI Station (copy) #2
9: PWUCS Station Level (copy) #8
10: Exhibit A PCI Station (copy) #1
11: Project Details (copy)
12: TECO PCI Station (copy) #2
13: Station Details (copy) #10
14: PWUCS Station Level (copy)
15: Station Details (copy) #11
16: Exhibit A PCI Station (copy)
?[36m[info]?[0m [phantom] Starting...
?[36m[info]?[0m [phantom] Execution timeout set to 12000ms
?[36m[info]?[0m [phantom] Running suite: 34 steps
?[32;1m[debug]?[0m [phantom] opening url: file:///Users/zpeugh/code/min/scripts/flowdocument/Resources/formHtmls/Station Details (copy).html, HTTP GET
?[32;1m[debug]?[0m [phantom] Navigation requested: url=file:///Users/zpeugh/code/min/scripts/flowdocument/Resources/formHtmls/Station Details (copy).html, type=Other, willNavigate=true, isMainFrame=true
?[32;1m[debug]?[0m [phantom] url changed to "file:///Users/zpeugh/code/min/scripts/flowdocument/Resources/formHtmls/Station Details (copy).html"
?[32;1m[debug]?[0m [phantom] Successfully injected Casper client-side utilities
?[36m[info]?[0m [phantom] Step anonymous 2/34: done in 415ms.
?[36m[info]?[0m [phantom] Step _step 3/37: done in 429ms.
?[36m[info]?[0m [phantom] waitFor() finished in 45ms.
?[32;1m[debug]?[0m [phantom] Capturing page to /Users/zpeugh/code/min/scripts/flowdocument/Resources/formHtmls/formPNGs/Station Details (copy).png with clipRect {"top":5,"height":1311,"left":0,"width":400}
?[36m[info]?[0m [phantom] Capture saved to /Users/zpeugh/code/min/scripts/flowdocument/Resources/formHtmls/formPNGs/Station Details (copy).png
?[36m[info]?[0m [phantom] Step anonymous 4/38: done in 653ms.
?[36m[info]?[0m [phantom] Step anonymous 5/38: done in 657ms.
?[36m[info]?[0m [phantom] Step _step 6/38: done in 674ms.
?[36m[info]?[0m [phantom] waitFor() finished in 46ms.
?[32;1m[debug]?[0m [phantom] opening url: file:///Users/zpeugh/code/min/scripts/flowdocument/Resources/formHtmls/Station Details (copy) #9.html, HTTP GET
?[32;1m[debug]?[0m [phantom] Navigation requested: url=file:///Users/zpeugh/code/min/scripts/flowdocument/Resources/formHtmls/Station Details (copy) #9.html, type=Other, willNavigate=true, isMainFrame=true
?[33m[warning]?[0m [phantom] Loading resource failed with status=fail: file:///Users/zpeugh/code/min/scripts/flowdocument/Resources/formHtmls/Station Details (copy) #9.html
?[36m[info]?[0m [phantom] Step anonymous 8/38: done in 770ms.
?[36m[info]?[0m [phantom] Step _step 9/41: done in 785ms.
?[36m[info]?[0m [phantom] waitFor() finished in 48ms.
?[32;1m[debug]?[0m [phantom] Capturing page to /Users/zpeugh/code/min/scripts/flowdocument/Resources/formHtmls/formPNGs/Station Details (copy) #9.png with clipRect {"top":5,"height":1311,"left":0,"width":400}
?[36m[info]?[0m [phantom] Capture saved to /Users/zpeugh/code/min/scripts/flowdocument/Resources/formHtmls/formPNGs/Station Details (copy) #9.png
?[36m[info]?[0m [phantom] Step anonymous 10/42: done in 981ms.
?[36m[info]?[0m [phantom] Step anonymous 11/42: done in 985ms.
?[36m[info]?[0m [phantom] Step _step 12/42: done in 1004ms.
?[33m[warning]?[0m [phantom] Casper.waitFor() timeout
wait timed out
?[32;1m[debug]?[0m [phantom] opening url: file:///Users/zpeugh/code/min/scripts/flowdocument/Resources/formHtmls/PWUCS Station Level (copy) #7.html, HTTP GET
?[32;1m[debug]?[0m [phantom] Navigation requested: url=file:///Users/zpeugh/code/min/scripts/flowdocument/Resources/formHtmls/PWUCS Station Level (copy) #7.html, type=Other, willNavigate=true, isMainFrame=true
?[33m[warning]?[0m [phantom] Loading resource failed with status=fail: file:///Users/zpeugh/code/min/scripts/flowdocument/Resources/formHtmls/PWUCS Station Level (copy) #7.html
?[36m[info]?[0m [phantom] Step anonymous 14/42: done in 6068ms.
?[36m[info]?[0m [phantom] Step _step 15/45: done in 6085ms.
?[36m[info]?[0m [phantom] waitFor() finished in 47ms.
?[32;1m[debug]?[0m [phantom] Capturing page to /Users/zpeugh/code/min/scripts/flowdocument/Resources/formHtmls/formPNGs/PWUCS Station Level (copy) #7.png with clipRect {"top":5,"height":1311,"left":0,"width":400}
?[36m[info]?[0m [phantom] Capture saved to /Users/zpeugh/code/min/scripts/flowdocument/Resources/formHtmls/formPNGs/PWUCS Station Level (copy) #7.png
?[36m[info]?[0m [phantom] Step anonymous 16/46: done in 6283ms.
?[36m[info]?[0m [phantom] Step anonymous 17/46: done in 6287ms.
?[36m[info]?[0m [phantom] Step _step 18/46: done in 6306ms.
?[33m[warning]?[0m [phantom] Casper.waitFor() timeout
wait timed out
?[32;1m[debug]?[0m [phantom] opening url: file:///Users/zpeugh/code/min/scripts/flowdocument/Resources/formHtmls/Asset Information (copy) #1.html, HTTP GET
?[32;1m[debug]?[0m [phantom] Navigation requested: url=file:///Users/zpeugh/code/min/scripts/flowdocument/Resources/formHtmls/Asset Information (copy) #1.html, type=Other, willNavigate=true, isMainFrame=true
?[33m[warning]?[0m [phantom] Loading resource failed with status=fail: file:///Users/zpeugh/code/min/scripts/flowdocument/Resources/formHtmls/Asset Information (copy) #1.html
?[36m[info]?[0m [phantom] Step anonymous 20/46: done in 11371ms.
?[36m[info]?[0m [phantom] Step _step 21/49: done in 11386ms.
?[36m[info]?[0m [phantom] waitFor() finished in 42ms.
?[32;1m[debug]?[0m [phantom] Capturing page to /Users/zpeugh/code/min/scripts/flowdocument/Resources/formHtmls/formPNGs/Asset Information (copy) #1.png with clipRect {"top":5,"height":1311,"left":0,"width":400}
?[36m[info]?[0m [phantom] Capture saved to /Users/zpeugh/code/min/scripts/flowdocument/Resources/formHtmls/formPNGs/Asset Information (copy) #1.png
?[36m[info]?[0m [phantom] Step anonymous 22/50: done in 11600ms.
?[36m[info]?[0m [phantom] Step anonymous 23/50: done in 11618ms.
?[36m[info]?[0m [phantom] Step _step 24/50: done in 11625ms.
script timed out
?[33m[warning]?[0m [phantom] Casper.waitFor() timeout
wait timed out
?[32;1m[debug]?[0m [phantom] opening url: file:///Users/zpeugh/code/min/scripts/flowdocument/Resources/formHtmls/COMM PCI Station (copy) #1.html, HTTP GET
?[32;1m[debug]?[0m [phantom] Navigation requested: url=file:///Users/zpeugh/code/min/scripts/flowdocument/Resources/formHtmls/COMM PCI Station (copy) #1.html, type=Other, willNavigate=true, isMainFrame=true
?[33m[warning]?[0m [phantom] Loading resource failed with status=fail: file:///Users/zpeugh/code/min/scripts/flowdocument/Resources/formHtmls/COMM PCI Station (copy) #1.html
?[36m[info]?[0m [phantom] Step anonymous 26/50: done in 16684ms.
?[36m[info]?[0m [phantom] Step _step 27/53: done in 16699ms.
?[36m[info]?[0m [phantom] waitFor() finished in 44ms.
?[32;1m[debug]?[0m [phantom] Capturing page to /Users/zpeugh/code/min/scripts/flowdocument/Resources/formHtmls/formPNGs/COMM PCI Station (copy) #1.png with clipRect {"top":5,"height":1311,"left":0,"width":400}
?[36m[info]?[0m [phantom] Capture saved to /Users/zpeugh/code/min/scripts/flowdocument/Resources/formHtmls/formPNGs/COMM PCI Station (copy) #1.png
?[36m[info]?[0m [phantom] Step anonymous 28/54: done in 16910ms.
?[36m[info]?[0m [phantom] Step anonymous 29/54: done in 16929ms.
?[36m[info]?[0m [phantom] Step _step 30/54: done in 16935ms.
?[33m[warning]?[0m [phantom] Casper.waitFor() timeout
wait timed out
?[32;1m[debug]?[0m [phantom] opening url: file:///Users/zpeugh/code/min/scripts/flowdocument/Resources/formHtmls/Proposed Cable Attached Form (copy) #1.html, HTTP GET
?[32;1m[debug]?[0m [phantom] Navigation requested: url=file:///Users/zpeugh/code/min/scripts/flowdocument/Resources/formHtmls/Proposed Cable Attached Form (copy) #1.html, type=Other, willNavigate=true, isMainFrame=true
?[33m[warning]?[0m [phantom] Loading resource failed with status=fail: file:///Users/zpeugh/code/min/scripts/flowdocument/Resources/formHtmls/Proposed Cable Attached Form (copy) #1.html
?[36m[info]?[0m [phantom] Step anonymous 32/54: done in 22006ms.
?[36m[info]?[0m [phantom] Step _step 33/57: done in 22020ms.
?[36m[info]?[0m [phantom] waitFor() finished in 45ms.
?[32;1m[debug]?[0m [phantom] Capturing page to /Users/zpeugh/code/min/scripts/flowdocument/Resources/formHtmls/formPNGs/Proposed Cable Attached Form (copy) #1.png with clipRect {"top":5,"height":1311,"left":0,"width":400}
?[36m[info]?[0m [phantom] Capture saved to /Users/zpeugh/code/min/scripts/flowdocument/Resources/formHtmls/formPNGs/Proposed Cable Attached Form (copy) #1.png
?[36m[info]?[0m [phantom] Step anonymous 34/58: done in 22216ms.
?[36m[info]?[0m [phantom] Step anonymous 35/58: done in 22220ms.
?[36m[info]?[0m [phantom] Step _step 36/58: done in 22240ms.
?[33m[warning]?[0m [phantom] Casper.waitFor() timeout
wait timed out
?[32;1m[debug]?[0m [phantom] opening url: file:///Users/zpeugh/code/min/scripts/flowdocument/Resources/formHtmls/Station Details (copy) #8.html, HTTP GET
?[32;1m[debug]?[0m [phantom] Navigation requested: url=file:///Users/zpeugh/code/min/scripts/flowdocument/Resources/formHtmls/Station Details (copy) #8.html, type=Other, willNavigate=true, isMainFrame=true
?[33m[warning]?[0m [phantom] Loading resource failed with status=fail: file:///Users/zpeugh/code/min/scripts/flowdocument/Resources/formHtmls/Station Details (copy) #8.html
?[36m[info]?[0m [phantom] Step anonymous 38/58: done in 27304ms.
?[36m[info]?[0m [phantom] Step _step 39/61: done in 27321ms.
?[36m[info]?[0m [phantom] waitFor() finished in 42ms.
?[32;1m[debug]?[0m [phantom] Capturing page to /Users/zpeugh/code/min/scripts/flowdocument/Resources/formHtmls/formPNGs/Station Details (copy) #8.png with clipRect {"top":5,"height":1311,"left":0,"width":400}
?[36m[info]?[0m [phantom] Capture saved to /Users/zpeugh/code/min/scripts/flowdocument/Resources/formHtmls/formPNGs/Station Details (copy) #8.png
?[36m[info]?[0m [phantom] Step anonymous 40/62: done in 27519ms.
?[36m[info]?[0m [phantom] Step anonymous 41/62: done in 27522ms.
?[36m[info]?[0m [phantom] Step _step 42/62: done in 27539ms.
?[33m[warning]?[0m [phantom] Casper.waitFor() timeout
wait timed out
?[32;1m[debug]?[0m [phantom] opening url: file:///Users/zpeugh/code/min/scripts/flowdocument/Resources/formHtmls/PWUCS Station Level (copy) #9.html, HTTP GET
?[32;1m[debug]?[0m [phantom] Navigation requested: url=file:///Users/zpeugh/code/min/scripts/flowdocument/Resources/formHtmls/PWUCS Station Level (copy) #9.html, type=Other, willNavigate=true, isMainFrame=true
?[33m[warning]?[0m [phantom] Loading resource failed with status=fail: file:///Users/zpeugh/code/min/scripts/flowdocument/Resources/formHtmls/PWUCS Station Level (copy) #9.html
?[36m[info]?[0m [phantom] Step anonymous 44/62: done in 32609ms.
?[36m[info]?[0m [phantom] Step _step 45/65: done in 32625ms.
?[36m[info]?[0m [phantom] waitFor() finished in 49ms.
?[32;1m[debug]?[0m [phantom] Capturing page to /Users/zpeugh/code/min/scripts/flowdocument/Resources/formHtmls/formPNGs/PWUCS Station Level (copy) #9.png with clipRect {"top":5,"height":1311,"left":0,"width":400}
?[36m[info]?[0m [phantom] Capture saved to /Users/zpeugh/code/min/scripts/flowdocument/Resources/formHtmls/formPNGs/PWUCS Station Level (copy) #9.png
?[36m[info]?[0m [phantom] Step anonymous 46/66: done in 32828ms.
?[36m[info]?[0m [phantom] Step anonymous 47/66: done in 32847ms.
?[36m[info]?[0m [phantom] Step _step 48/66: done in 32852ms.
?[33m[warning]?[0m [phantom] Casper.waitFor() timeout
wait timed out
?[32;1m[debug]?[0m [phantom] opening url: file:///Users/zpeugh/code/min/scripts/flowdocument/Resources/formHtmls/COMM PCI Station (copy) #2.html, HTTP GET
?[32;1m[debug]?[0m [phantom] Navigation requested: url=file:///Users/zpeugh/code/min/scripts/flowdocument/Resources/formHtmls/COMM PCI Station (copy) #2.html, type=Other, willNavigate=true, isMainFrame=true
?[33m[warning]?[0m [phantom] Loading resource failed with status=fail: file:///Users/zpeugh/code/min/scripts/flowdocument/Resources/formHtmls/COMM PCI Station (copy) #2.html
?[36m[info]?[0m [phantom] Step anonymous 50/66: done in 37921ms.
?[36m[info]?[0m [phantom] Step _step 51/69: done in 37939ms.
?[36m[info]?[0m [phantom] waitFor() finished in 47ms.
?[32;1m[debug]?[0m [phantom] Capturing page to /Users/zpeugh/code/min/scripts/flowdocument/Resources/formHtmls/formPNGs/COMM PCI Station (copy) #2.png with clipRect {"top":5,"height":1311,"left":0,"width":400}
?[36m[info]?[0m [phantom] Capture saved to /Users/zpeugh/code/min/scripts/flowdocument/Resources/formHtmls/formPNGs/COMM PCI Station (copy) #2.png
?[36m[info]?[0m [phantom] Step anonymous 52/70: done in 38170ms.
?[36m[info]?[0m [phantom] Step anonymous 53/70: done in 38174ms.
?[36m[info]?[0m [phantom] Step _step 54/70: done in 38193ms.
?[33m[warning]?[0m [phantom] Casper.waitFor() timeout
wait timed out
?[32;1m[debug]?[0m [phantom] opening url: file:///Users/zpeugh/code/min/scripts/flowdocument/Resources/formHtmls/PWUCS Station Level (copy) #8.html, HTTP GET
?[32;1m[debug]?[0m [phantom] Navigation requested: url=file:///Users/zpeugh/code/min/scripts/flowdocument/Resources/formHtmls/PWUCS Station Level (copy) #8.html, type=Other, willNavigate=true, isMainFrame=true
?[33m[warning]?[0m [phantom] Loading resource failed with status=fail: file:///Users/zpeugh/code/min/scripts/flowdocument/Resources/formHtmls/PWUCS Station Level (copy) #8.html
?[36m[info]?[0m [phantom] Step anonymous 56/70: done in 43266ms.
?[36m[info]?[0m [phantom] Step _step 57/73: done in 43282ms.
?[36m[info]?[0m [phantom] waitFor() finished in 49ms.
?[32;1m[debug]?[0m [phantom] Capturing page to /Users/zpeugh/code/min/scripts/flowdocument/Resources/formHtmls/formPNGs/PWUCS Station Level (copy) #8.png with clipRect {"top":5,"height":1311,"left":0,"width":400}
?[36m[info]?[0m [phantom] Capture saved to /Users/zpeugh/code/min/scripts/flowdocument/Resources/formHtmls/formPNGs/PWUCS Station Level (copy) #8.png
?[36m[info]?[0m [phantom] Step anonymous 58/74: done in 43481ms.
?[36m[info]?[0m [phantom] Step anonymous 59/74: done in 43484ms.
?[36m[info]?[0m [phantom] Step _step 60/74: done in 43504ms.
?[33m[warning]?[0m [phantom] Casper.waitFor() timeout
wait timed out
?[32;1m[debug]?[0m [phantom] opening url: file:///Users/zpeugh/code/min/scripts/flowdocument/Resources/formHtmls/Exhibit A PCI Station (copy) #1.html, HTTP GET
?[32;1m[debug]?[0m [phantom] Navigation requested: url=file:///Users/zpeugh/code/min/scripts/flowdocument/Resources/formHtmls/Exhibit A PCI Station (copy) #1.html, type=Other, willNavigate=true, isMainFrame=true
?[33m[warning]?[0m [phantom] Loading resource failed with status=fail: file:///Users/zpeugh/code/min/scripts/flowdocument/Resources/formHtmls/Exhibit A PCI Station (copy) #1.html
?[36m[info]?[0m [phantom] Step anonymous 62/74: done in 48575ms.
?[36m[info]?[0m [phantom] Step _step 63/77: done in 48589ms.
?[36m[info]?[0m [phantom] waitFor() finished in 47ms.
?[32;1m[debug]?[0m [phantom] Capturing page to /Users/zpeugh/code/min/scripts/flowdocument/Resources/formHtmls/formPNGs/Exhibit A PCI Station (copy) #1.png with clipRect {"top":5,"height":1311,"left":0,"width":400}
?[36m[info]?[0m [phantom] Capture saved to /Users/zpeugh/code/min/scripts/flowdocument/Resources/formHtmls/formPNGs/Exhibit A PCI Station (copy) #1.png
?[36m[info]?[0m [phantom] Step anonymous 64/78: done in 48821ms.
?[36m[info]?[0m [phantom] Step anonymous 65/78: done in 48825ms.
?[36m[info]?[0m [phantom] Step _step 66/78: done in 48842ms.
?[33m[warning]?[0m [phantom] Casper.waitFor() timeout
wait timed out
?[32;1m[debug]?[0m [phantom] opening url: file:///Users/zpeugh/code/min/scripts/flowdocument/Resources/formHtmls/Project Details (copy).html, HTTP GET
?[32;1m[debug]?[0m [phantom] Navigation requested: url=file:///Users/zpeugh/code/min/scripts/flowdocument/Resources/formHtmls/Project Details (copy).html, type=Other, willNavigate=true, isMainFrame=true
?[32;1m[debug]?[0m [phantom] url changed to "file:///Users/zpeugh/code/min/scripts/flowdocument/Resources/formHtmls/Project Details (copy).html"
?[32;1m[debug]?[0m [phantom] Successfully injected Casper client-side utilities
?[36m[info]?[0m [phantom] Step anonymous 68/78: done in 53982ms.
?[36m[info]?[0m [phantom] Step _step 69/81: done in 53997ms.
?[36m[info]?[0m [phantom] waitFor() finished in 44ms.
?[32;1m[debug]?[0m [phantom] Capturing page to /Users/zpeugh/code/min/scripts/flowdocument/Resources/formHtmls/formPNGs/Project Details (copy).png with clipRect {"top":5,"height":1176,"left":0,"width":400}
?[36m[info]?[0m [phantom] Capture saved to /Users/zpeugh/code/min/scripts/flowdocument/Resources/formHtmls/formPNGs/Project Details (copy).png
?[36m[info]?[0m [phantom] Step anonymous 70/82: done in 54192ms.
?[36m[info]?[0m [phantom] Step anonymous 71/82: done in 54196ms.
?[36m[info]?[0m [phantom] Step _step 72/82: done in 54215ms.
?[36m[info]?[0m [phantom] waitFor() finished in 44ms.
?[32;1m[debug]?[0m [phantom] opening url: file:///Users/zpeugh/code/min/scripts/flowdocument/Resources/formHtmls/TECO PCI Station (copy) #2.html, HTTP GET
?[32;1m[debug]?[0m [phantom] Navigation requested: url=file:///Users/zpeugh/code/min/scripts/flowdocument/Resources/formHtmls/TECO PCI Station (copy) #2.html, type=Other, willNavigate=true, isMainFrame=true
?[33m[warning]?[0m [phantom] Loading resource failed with status=fail: file:///Users/zpeugh/code/min/scripts/flowdocument/Resources/formHtmls/TECO PCI Station (copy) #2.html
?[36m[info]?[0m [phantom] Step anonymous 74/82: done in 54310ms.
?[36m[info]?[0m [phantom] Step _step 75/85: done in 54328ms.
?[36m[info]?[0m [phantom] waitFor() finished in 42ms.
?[32;1m[debug]?[0m [phantom] Capturing page to /Users/zpeugh/code/min/scripts/flowdocument/Resources/formHtmls/formPNGs/TECO PCI Station (copy) #2.png with clipRect {"top":5,"height":1176,"left":0,"width":400}
?[36m[info]?[0m [phantom] Capture saved to /Users/zpeugh/code/min/scripts/flowdocument/Resources/formHtmls/formPNGs/TECO PCI Station (copy) #2.png
?[36m[info]?[0m [phantom] Step anonymous 76/86: done in 54510ms.
?[36m[info]?[0m [phantom] Step anonymous 77/86: done in 54513ms.
?[36m[info]?[0m [phantom] Step _step 78/86: done in 54532ms.
?[33m[warning]?[0m [phantom] Casper.waitFor() timeout
wait timed out
?[32;1m[debug]?[0m [phantom] opening url: file:///Users/zpeugh/code/min/scripts/flowdocument/Resources/formHtmls/Station Details (copy) #10.html, HTTP GET
?[32;1m[debug]?[0m [phantom] Navigation requested: url=file:///Users/zpeugh/code/min/scripts/flowdocument/Resources/formHtmls/Station Details (copy) #10.html, type=Other, willNavigate=true, isMainFrame=true
?[33m[warning]?[0m [phantom] Loading resource failed with status=fail: file:///Users/zpeugh/code/min/scripts/flowdocument/Resources/formHtmls/Station Details (copy) #10.html
?[36m[info]?[0m [phantom] Step anonymous 80/86: done in 59585ms.
?[36m[info]?[0m [phantom] Step _step 81/89: done in 59603ms.
?[36m[info]?[0m [phantom] waitFor() finished in 45ms.
?[32;1m[debug]?[0m [phantom] Capturing page to /Users/zpeugh/code/min/scripts/flowdocument/Resources/formHtmls/formPNGs/Station Details (copy) #10.png with clipRect {"top":5,"height":1176,"left":0,"width":400}
?[36m[info]?[0m [phantom] Capture saved to /Users/zpeugh/code/min/scripts/flowdocument/Resources/formHtmls/formPNGs/Station Details (copy) #10.png
?[36m[info]?[0m [phantom] Step anonymous 82/90: done in 59789ms.
?[36m[info]?[0m [phantom] Step anonymous 83/90: done in 59809ms.
?[36m[info]?[0m [phantom] Step _step 84/90: done in 59817ms.
?[33m[warning]?[0m [phantom] Casper.waitFor() timeout
wait timed out
?[32;1m[debug]?[0m [phantom] opening url: file:///Users/zpeugh/code/min/scripts/flowdocument/Resources/formHtmls/PWUCS Station Level (copy).html, HTTP GET
?[32;1m[debug]?[0m [phantom] Navigation requested: url=file:///Users/zpeugh/code/min/scripts/flowdocument/Resources/formHtmls/PWUCS Station Level (copy).html, type=Other, willNavigate=true, isMainFrame=true
?[32;1m[debug]?[0m [phantom] url changed to "file:///Users/zpeugh/code/min/scripts/flowdocument/Resources/formHtmls/PWUCS Station Level (copy).html"
?[32;1m[debug]?[0m [phantom] Successfully injected Casper client-side utilities
?[36m[info]?[0m [phantom] Step anonymous 86/90: done in 64954ms.
?[36m[info]?[0m [phantom] Step _step 87/93: done in 64972ms.
?[36m[info]?[0m [phantom] waitFor() finished in 44ms.
?[32;1m[debug]?[0m [phantom] Capturing page to /Users/zpeugh/code/min/scripts/flowdocument/Resources/formHtmls/formPNGs/PWUCS Station Level (copy).png with clipRect {"top":5,"height":897,"left":0,"width":400}
?[36m[info]?[0m [phantom] Capture saved to /Users/zpeugh/code/min/scripts/flowdocument/Resources/formHtmls/formPNGs/PWUCS Station Level (copy).png
?[36m[info]?[0m [phantom] Step anonymous 88/94: done in 65161ms.
?[36m[info]?[0m [phantom] Step anonymous 89/94: done in 65165ms.
?[36m[info]?[0m [phantom] Step _step 90/94: done in 65183ms.
?[36m[info]?[0m [phantom] waitFor() finished in 43ms.
?[32;1m[debug]?[0m [phantom] opening url: file:///Users/zpeugh/code/min/scripts/flowdocument/Resources/formHtmls/Station Details (copy) #11.html, HTTP GET
?[32;1m[debug]?[0m [phantom] Navigation requested: url=file:///Users/zpeugh/code/min/scripts/flowdocument/Resources/formHtmls/Station Details (copy) #11.html, type=Other, willNavigate=true, isMainFrame=true
?[33m[warning]?[0m [phantom] Loading resource failed with status=fail: file:///Users/zpeugh/code/min/scripts/flowdocument/Resources/formHtmls/Station Details (copy) #11.html
?[36m[info]?[0m [phantom] Step anonymous 92/94: done in 65275ms.
?[36m[info]?[0m [phantom] Step _step 93/97: done in 65292ms.
?[36m[info]?[0m [phantom] waitFor() finished in 41ms.
?[32;1m[debug]?[0m [phantom] Capturing page to /Users/zpeugh/code/min/scripts/flowdocument/Resources/formHtmls/formPNGs/Station Details (copy) #11.png with clipRect {"top":5,"height":897,"left":0,"width":400}
?[36m[info]?[0m [phantom] Capture saved to /Users/zpeugh/code/min/scripts/flowdocument/Resources/formHtmls/formPNGs/Station Details (copy) #11.png
?[36m[info]?[0m [phantom] Step anonymous 94/98: done in 65494ms.
?[36m[info]?[0m [phantom] Step anonymous 95/98: done in 65498ms.
?[36m[info]?[0m [phantom] Step _step 96/98: done in 65515ms.
?[33m[warning]?[0m [phantom] Casper.waitFor() timeout
wait timed out
?[32;1m[debug]?[0m [phantom] opening url: file:///Users/zpeugh/code/min/scripts/flowdocument/Resources/formHtmls/Exhibit A PCI Station (copy).html, HTTP GET
?[32;1m[debug]?[0m [phantom] Navigation requested: url=file:///Users/zpeugh/code/min/scripts/flowdocument/Resources/formHtmls/Exhibit A PCI Station (copy).html, type=Other, willNavigate=true, isMainFrame=true
?[32;1m[debug]?[0m [phantom] url changed to "file:///Users/zpeugh/code/min/scripts/flowdocument/Resources/formHtmls/Exhibit A PCI Station (copy).html"
?[32;1m[debug]?[0m [phantom] Successfully injected Casper client-side utilities
?[36m[info]?[0m [phantom] Step anonymous 98/98: done in 70616ms.
?[36m[info]?[0m [phantom] Step _step 99/101: done in 70637ms.
?[36m[info]?[0m [phantom] waitFor() finished in 46ms.
?[32;1m[debug]?[0m [phantom] Capturing page to /Users/zpeugh/code/min/scripts/flowdocument/Resources/formHtmls/formPNGs/Exhibit A PCI Station (copy).png with clipRect {"top":5,"height":472,"left":0,"width":400}
?[36m[info]?[0m [phantom] Capture saved to /Users/zpeugh/code/min/scripts/flowdocument/Resources/formHtmls/formPNGs/Exhibit A PCI Station (copy).png
?[36m[info]?[0m [phantom] Step anonymous 100/102: done in 70801ms.
?[36m[info]?[0m [phantom] Step anonymous 101/102: done in 70818ms.
?[36m[info]?[0m [phantom] Step _step 102/102: done in 70822ms.
?[36m[info]?[0m [phantom] waitFor() finished in 41ms.
?[36m[info]?[0m [phantom] Done 102 steps in 70884ms
All forms: [Station Details (copy), Station Details (copy) #9, PWUCS Station Level (copy) #7, Asset Information (copy) #1, COMM PCI Station (copy) #1, Proposed Cable Attached Form (copy) #1, Station Details (copy) #8, PWUCS Station Level (copy) #9, COMM PCI Station (copy) #2, PWUCS Station Level (copy) #8, Exhibit A PCI Station (copy) #1, Project Details (copy), TECO PCI Station (copy) #2, Station Details (copy) #10, PWUCS Station Level (copy), Station Details (copy) #11, Exhibit A PCI Station (copy)]
Missed Forms: null
company name: TECO
flow Name: JU- UPDATED
2: Creator as Manager
3: Asset Details
4: GenerateCalcFile
5: Locking Project
6: Unlock project
7: StationStatus
8: AllPolesOKRemoveTimeMarkers
9: ProjectPolesToMin1
Logged in successfully
script timed out
Logged in as: TECO
Navigating to Flow List
Currently at: https://www.spidasoftware.com/projectmanager/flow/list
Currently at: https://www.spidasoftware.com/projectmanager/flow/edit/66267
Capturing action: ProjectPolesToMin1...
59855
Capturing action: GenerateCalcFile...
59858
Capturing action: Locking Project...
59859
Capturing action: AllPolesOKRemoveTimeMarkers...
63333
Capturing action: Creator as Manager...
63345
Capturing action: Unlock project...
63348
Capturing action: StationStatus...
63364
Capturing action: Asset Details...
63361
Missed action: ProjectPolesToMin1
Captured action: GenerateCalcFile
Captured action: Locking Project
Captured action: AllPolesOKRemoveTimeMarkers
Captured action: Creator as Manager
Captured action: Unlock project
Captured action: StationStatus
Captured action: Asset Details
args: Creator~as~Manager Asset~Details GenerateCalcFile Locking~Project Unlock~project StationStatus AllPolesOKRemoveTimeMarkers ProjectPolesToMin1
Actions to capture: 
0: Creator as Manager
1: Asset Details
2: GenerateCalcFile
3: Locking Project
4: Unlock project
5: StationStatus
6: AllPolesOKRemoveTimeMarkers
7: ProjectPolesToMin1
?[36m[info]?[0m [phantom] Starting...
?[36m[info]?[0m [phantom] Execution timeout set to 8000ms
?[36m[info]?[0m [phantom] Running suite: 32 steps
?[32;1m[debug]?[0m [phantom] opening url: file:///Users/zpeugh/code/min/scripts/flowdocument/Resources/actionHtmls/Creator as Manager.html, HTTP GET
?[32;1m[debug]?[0m [phantom] Navigation requested: url=file:///Users/zpeugh/code/min/scripts/flowdocument/Resources/actionHtmls/Creator as Manager.html, type=Other, willNavigate=true, isMainFrame=true
?[32;1m[debug]?[0m [phantom] url changed to "file:///Users/zpeugh/code/min/scripts/flowdocument/Resources/actionHtmls/Creator as Manager.html"
?[32;1m[debug]?[0m [phantom] Successfully injected Casper client-side utilities
?[36m[info]?[0m [phantom] Step anonymous 2/32: done in 1992ms.
?[36m[info]?[0m [phantom] Step _step 3/33: done in 2014ms.
?[36m[info]?[0m [phantom] waitFor() finished in 44ms.
?[32;1m[debug]?[0m [phantom] Capturing page to /Users/zpeugh/code/min/scripts/flowdocument/Resources/actionHtmls/actionPNGs/Creator as Manager.png with clipRect {"top":15,"height":393,"left":62,"width":501}
?[36m[info]?[0m [phantom] Capture saved to /Users/zpeugh/code/min/scripts/flowdocument/Resources/actionHtmls/actionPNGs/Creator as Manager.png
?[36m[info]?[0m [phantom] Step anonymous 4/34: done in 2168ms.
?[32;1m[debug]?[0m [phantom] opening url: file:///Users/zpeugh/code/min/scripts/flowdocument/Resources/actionHtmls/Asset Details.html, HTTP GET
?[32;1m[debug]?[0m [phantom] Navigation requested: url=file:///Users/zpeugh/code/min/scripts/flowdocument/Resources/actionHtmls/Asset Details.html, type=Other, willNavigate=true, isMainFrame=true
?[32;1m[debug]?[0m [phantom] url changed to "file:///Users/zpeugh/code/min/scripts/flowdocument/Resources/actionHtmls/Asset Details.html"
?[32;1m[debug]?[0m [phantom] Successfully injected Casper client-side utilities
?[36m[info]?[0m [phantom] Step anonymous 6/34: done in 2218ms.
?[36m[info]?[0m [phantom] Step _step 7/35: done in 2239ms.
?[36m[info]?[0m [phantom] waitFor() finished in 45ms.
?[32;1m[debug]?[0m [phantom] Capturing page to /Users/zpeugh/code/min/scripts/flowdocument/Resources/actionHtmls/actionPNGs/Asset Details.png with clipRect {"top":15,"height":319,"left":62,"width":501}
?[36m[info]?[0m [phantom] Capture saved to /Users/zpeugh/code/min/scripts/flowdocument/Resources/actionHtmls/actionPNGs/Asset Details.png
?[36m[info]?[0m [phantom] Step anonymous 8/36: done in 2370ms.
?[32;1m[debug]?[0m [phantom] opening url: file:///Users/zpeugh/code/min/scripts/flowdocument/Resources/actionHtmls/GenerateCalcFile.html, HTTP GET
?[32;1m[debug]?[0m [phantom] Navigation requested: url=file:///Users/zpeugh/code/min/scripts/flowdocument/Resources/actionHtmls/GenerateCalcFile.html, type=Other, willNavigate=true, isMainFrame=true
?[32;1m[debug]?[0m [phantom] url changed to "file:///Users/zpeugh/code/min/scripts/flowdocument/Resources/actionHtmls/GenerateCalcFile.html"
?[32;1m[debug]?[0m [phantom] Successfully injected Casper client-side utilities
?[36m[info]?[0m [phantom] Step anonymous 10/36: done in 2439ms.
?[36m[info]?[0m [phantom] Step _step 11/37: done in 2462ms.
?[36m[info]?[0m [phantom] waitFor() finished in 47ms.
?[32;1m[debug]?[0m [phantom] Capturing page to /Users/zpeugh/code/min/scripts/flowdocument/Resources/actionHtmls/actionPNGs/GenerateCalcFile.png with clipRect {"top":15,"height":245,"left":62,"width":501}
?[36m[info]?[0m [phantom] Capture saved to /Users/zpeugh/code/min/scripts/flowdocument/Resources/actionHtmls/actionPNGs/GenerateCalcFile.png
?[36m[info]?[0m [phantom] Step anonymous 12/38: done in 2607ms.
?[32;1m[debug]?[0m [phantom] opening url: file:///Users/zpeugh/code/min/scripts/flowdocument/Resources/actionHtmls/Locking Project.html, HTTP GET
?[32;1m[debug]?[0m [phantom] Navigation requested: url=file:///Users/zpeugh/code/min/scripts/flowdocument/Resources/actionHtmls/Locking Project.html, type=Other, willNavigate=true, isMainFrame=true
?[32;1m[debug]?[0m [phantom] url changed to "file:///Users/zpeugh/code/min/scripts/flowdocument/Resources/actionHtmls/Locking Project.html"
?[32;1m[debug]?[0m [phantom] Successfully injected Casper client-side utilities
?[36m[info]?[0m [phantom] Step anonymous 14/38: done in 2681ms.
?[36m[info]?[0m [phantom] Step _step 15/39: done in 2704ms.
?[36m[info]?[0m [phantom] waitFor() finished in 46ms.
?[32;1m[debug]?[0m [phantom] Capturing page to /Users/zpeugh/code/min/scripts/flowdocument/Resources/actionHtmls/actionPNGs/Locking Project.png with clipRect {"top":15,"height":245,"left":62,"width":501}
?[36m[info]?[0m [phantom] Capture saved to /Users/zpeugh/code/min/scripts/flowdocument/Resources/actionHtmls/actionPNGs/Locking Project.png
?[36m[info]?[0m [phantom] Step anonymous 16/40: done in 2830ms.
?[32;1m[debug]?[0m [phantom] opening url: file:///Users/zpeugh/code/min/scripts/flowdocument/Resources/actionHtmls/Unlock project.html, HTTP GET
?[32;1m[debug]?[0m [phantom] Navigation requested: url=file:///Users/zpeugh/code/min/scripts/flowdocument/Resources/actionHtmls/Unlock project.html, type=Other, willNavigate=true, isMainFrame=true
?[32;1m[debug]?[0m [phantom] url changed to "file:///Users/zpeugh/code/min/scripts/flowdocument/Resources/actionHtmls/Unlock project.html"
?[32;1m[debug]?[0m [phantom] Successfully injected Casper client-side utilities
?[36m[info]?[0m [phantom] Step anonymous 18/40: done in 2899ms.
?[36m[info]?[0m [phantom] Step _step 19/41: done in 2919ms.
?[36m[info]?[0m [phantom] waitFor() finished in 41ms.
?[32;1m[debug]?[0m [phantom] Capturing page to /Users/zpeugh/code/min/scripts/flowdocument/Resources/actionHtmls/actionPNGs/Unlock project.png with clipRect {"top":15,"height":245,"left":62,"width":501}
?[36m[info]?[0m [phantom] Capture saved to /Users/zpeugh/code/min/scripts/flowdocument/Resources/actionHtmls/actionPNGs/Unlock project.png
?[36m[info]?[0m [phantom] Step anonymous 20/42: done in 3052ms.
?[32;1m[debug]?[0m [phantom] opening url: file:///Users/zpeugh/code/min/scripts/flowdocument/Resources/actionHtmls/StationStatus.html, HTTP GET
?[32;1m[debug]?[0m [phantom] Navigation requested: url=file:///Users/zpeugh/code/min/scripts/flowdocument/Resources/actionHtmls/StationStatus.html, type=Other, willNavigate=true, isMainFrame=true
?[32;1m[debug]?[0m [phantom] url changed to "file:///Users/zpeugh/code/min/scripts/flowdocument/Resources/actionHtmls/StationStatus.html"
?[32;1m[debug]?[0m [phantom] Successfully injected Casper client-side utilities
?[36m[info]?[0m [phantom] Step anonymous 22/42: done in 3117ms.
?[36m[info]?[0m [phantom] Step _step 23/43: done in 3141ms.
?[36m[info]?[0m [phantom] waitFor() finished in 44ms.
?[32;1m[debug]?[0m [phantom] Capturing page to /Users/zpeugh/code/min/scripts/flowdocument/Resources/actionHtmls/actionPNGs/StationStatus.png with clipRect {"top":15,"height":319,"left":62,"width":501}
?[36m[info]?[0m [phantom] Capture saved to /Users/zpeugh/code/min/scripts/flowdocument/Resources/actionHtmls/actionPNGs/StationStatus.png
?[36m[info]?[0m [phantom] Step anonymous 24/44: done in 3279ms.
?[32;1m[debug]?[0m [phantom] opening url: file:///Users/zpeugh/code/min/scripts/flowdocument/Resources/actionHtmls/AllPolesOKRemoveTimeMarkers.html, HTTP GET
?[32;1m[debug]?[0m [phantom] Navigation requested: url=file:///Users/zpeugh/code/min/scripts/flowdocument/Resources/actionHtmls/AllPolesOKRemoveTimeMarkers.html, type=Other, willNavigate=true, isMainFrame=true
?[32;1m[debug]?[0m [phantom] url changed to "file:///Users/zpeugh/code/min/scripts/flowdocument/Resources/actionHtmls/AllPolesOKRemoveTimeMarkers.html"
?[32;1m[debug]?[0m [phantom] Successfully injected Casper client-side utilities
?[36m[info]?[0m [phantom] Step anonymous 26/44: done in 3351ms.
?[36m[info]?[0m [phantom] Step _step 27/45: done in 3372ms.
?[36m[info]?[0m [phantom] waitFor() finished in 41ms.
?[32;1m[debug]?[0m [phantom] Capturing page to /Users/zpeugh/code/min/scripts/flowdocument/Resources/actionHtmls/actionPNGs/AllPolesOKRemoveTimeMarkers.png with clipRect {"top":15,"height":171,"left":62,"width":501}
?[36m[info]?[0m [phantom] Capture saved to /Users/zpeugh/code/min/scripts/flowdocument/Resources/actionHtmls/actionPNGs/AllPolesOKRemoveTimeMarkers.png
?[36m[info]?[0m [phantom] Step anonymous 28/46: done in 3496ms.
?[32;1m[debug]?[0m [phantom] opening url: file:///Users/zpeugh/code/min/scripts/flowdocument/Resources/actionHtmls/ProjectPolesToMin1.html, HTTP GET
?[32;1m[debug]?[0m [phantom] Navigation requested: url=file:///Users/zpeugh/code/min/scripts/flowdocument/Resources/actionHtmls/ProjectPolesToMin1.html, type=Other, willNavigate=true, isMainFrame=true
?[32;1m[debug]?[0m [phantom] url changed to "file:///Users/zpeugh/code/min/scripts/flowdocument/Resources/actionHtmls/ProjectPolesToMin1.html"
?[32;1m[debug]?[0m [phantom] Successfully injected Casper client-side utilities
?[36m[info]?[0m [phantom] Step anonymous 30/46: done in 3785ms.
?[36m[info]?[0m [phantom] Step _step 31/47: done in 3806ms.
?[33m[warning]?[0m [phantom] Casper.waitFor() timeout
Missing action file: ProjectPolesToMin1.html
?[32;1m[debug]?[0m [phantom] opening url: file:///Users/zpeugh/code/min/scripts/flowdocument/Resources/actionHtmls/Creator as Manager.html, HTTP GET
?[32;1m[debug]?[0m [phantom] Navigation requested: url=file:///Users/zpeugh/code/min/scripts/flowdocument/Resources/actionHtmls/Creator as Manager.html, type=Other, willNavigate=true, isMainFrame=true
?[32;1m[debug]?[0m [phantom] url changed to "file:///Users/zpeugh/code/min/scripts/flowdocument/Resources/actionHtmls/Creator as Manager.html"
?[32;1m[debug]?[0m [phantom] Successfully injected Casper client-side utilities
?[36m[info]?[0m [phantom] Step anonymous 33/47: done in 7907ms.
?[32;1m[debug]?[0m [phantom] opening url: file:///Users/zpeugh/code/min/scripts/flowdocument/Resources/actionHtmls/Creator as Manager.html, HTTP GET
?[32;1m[debug]?[0m [phantom] Navigation requested: url=file:///Users/zpeugh/code/min/scripts/flowdocument/Resources/actionHtmls/Creator as Manager.html, type=Other, willNavigate=true, isMainFrame=true
?[32;1m[debug]?[0m [phantom] url changed to "file:///Users/zpeugh/code/min/scripts/flowdocument/Resources/actionHtmls/Creator as Manager.html"
?[32;1m[debug]?[0m [phantom] Successfully injected Casper client-side utilities
?[36m[info]?[0m [phantom] Step anonymous 35/49: done in 7983ms.
?[32;1m[debug]?[0m [phantom] opening url: file:///Users/zpeugh/code/min/scripts/flowdocument/Resources/actionHtmls/Asset Details.html, HTTP GET
?[32;1m[debug]?[0m [phantom] Navigation requested: url=file:///Users/zpeugh/code/min/scripts/flowdocument/Resources/actionHtmls/Asset Details.html, type=Other, willNavigate=true, isMainFrame=true
?[32;1m[debug]?[0m [phantom] url changed to "file:///Users/zpeugh/code/min/scripts/flowdocument/Resources/actionHtmls/Asset Details.html"
script timed out
?[32;1m[debug]?[0m [phantom] Successfully injected Casper client-side utilities
?[36m[info]?[0m [phantom] Step anonymous 37/49: done in 8051ms.
?[32;1m[debug]?[0m [phantom] opening url: file:///Users/zpeugh/code/min/scripts/flowdocument/Resources/actionHtmls/Asset Details.html, HTTP GET
?[32;1m[debug]?[0m [phantom] Navigation requested: url=file:///Users/zpeugh/code/min/scripts/flowdocument/Resources/actionHtmls/Asset Details.html, type=Other, willNavigate=true, isMainFrame=true
?[32;1m[debug]?[0m [phantom] url changed to "file:///Users/zpeugh/code/min/scripts/flowdocument/Resources/actionHtmls/Asset Details.html"
?[32;1m[debug]?[0m [phantom] Successfully injected Casper client-side utilities
?[36m[info]?[0m [phantom] Step anonymous 39/51: done in 8124ms.
?[32;1m[debug]?[0m [phantom] opening url: file:///Users/zpeugh/code/min/scripts/flowdocument/Resources/actionHtmls/GenerateCalcFile.html, HTTP GET
?[32;1m[debug]?[0m [phantom] Navigation requested: url=file:///Users/zpeugh/code/min/scripts/flowdocument/Resources/actionHtmls/GenerateCalcFile.html, type=Other, willNavigate=true, isMainFrame=true
?[32;1m[debug]?[0m [phantom] url changed to "file:///Users/zpeugh/code/min/scripts/flowdocument/Resources/actionHtmls/GenerateCalcFile.html"
?[32;1m[debug]?[0m [phantom] Successfully injected Casper client-side utilities
?[36m[info]?[0m [phantom] Step anonymous 41/51: done in 8199ms.
?[32;1m[debug]?[0m [phantom] opening url: file:///Users/zpeugh/code/min/scripts/flowdocument/Resources/actionHtmls/GenerateCalcFile.html, HTTP GET
?[32;1m[debug]?[0m [phantom] Navigation requested: url=file:///Users/zpeugh/code/min/scripts/flowdocument/Resources/actionHtmls/GenerateCalcFile.html, type=Other, willNavigate=true, isMainFrame=true
?[32;1m[debug]?[0m [phantom] url changed to "file:///Users/zpeugh/code/min/scripts/flowdocument/Resources/actionHtmls/GenerateCalcFile.html"
?[32;1m[debug]?[0m [phantom] Successfully injected Casper client-side utilities
?[36m[info]?[0m [phantom] Step anonymous 43/53: done in 8275ms.
?[32;1m[debug]?[0m [phantom] opening url: file:///Users/zpeugh/code/min/scripts/flowdocument/Resources/actionHtmls/Locking Project.html, HTTP GET
?[32;1m[debug]?[0m [phantom] Navigation requested: url=file:///Users/zpeugh/code/min/scripts/flowdocument/Resources/actionHtmls/Locking Project.html, type=Other, willNavigate=true, isMainFrame=true
?[32;1m[debug]?[0m [phantom] url changed to "file:///Users/zpeugh/code/min/scripts/flowdocument/Resources/actionHtmls/Locking Project.html"
?[32;1m[debug]?[0m [phantom] Successfully injected Casper client-side utilities
?[36m[info]?[0m [phantom] Step anonymous 45/53: done in 8348ms.
?[32;1m[debug]?[0m [phantom] opening url: file:///Users/zpeugh/code/min/scripts/flowdocument/Resources/actionHtmls/Locking Project.html, HTTP GET
?[32;1m[debug]?[0m [phantom] Navigation requested: url=file:///Users/zpeugh/code/min/scripts/flowdocument/Resources/actionHtmls/Locking Project.html, type=Other, willNavigate=true, isMainFrame=true
?[32;1m[debug]?[0m [phantom] url changed to "file:///Users/zpeugh/code/min/scripts/flowdocument/Resources/actionHtmls/Locking Project.html"
?[32;1m[debug]?[0m [phantom] Successfully injected Casper client-side utilities
?[36m[info]?[0m [phantom] Step anonymous 47/55: done in 8418ms.
?[32;1m[debug]?[0m [phantom] opening url: file:///Users/zpeugh/code/min/scripts/flowdocument/Resources/actionHtmls/Unlock project.html, HTTP GET
?[32;1m[debug]?[0m [phantom] Navigation requested: url=file:///Users/zpeugh/code/min/scripts/flowdocument/Resources/actionHtmls/Unlock project.html, type=Other, willNavigate=true, isMainFrame=true
?[32;1m[debug]?[0m [phantom] url changed to "file:///Users/zpeugh/code/min/scripts/flowdocument/Resources/actionHtmls/Unlock project.html"
?[32;1m[debug]?[0m [phantom] Successfully injected Casper client-side utilities
?[36m[info]?[0m [phantom] Step anonymous 49/55: done in 8488ms.
?[32;1m[debug]?[0m [phantom] opening url: file:///Users/zpeugh/code/min/scripts/flowdocument/Resources/actionHtmls/Unlock project.html, HTTP GET
?[32;1m[debug]?[0m [phantom] Navigation requested: url=file:///Users/zpeugh/code/min/scripts/flowdocument/Resources/actionHtmls/Unlock project.html, type=Other, willNavigate=true, isMainFrame=true
?[32;1m[debug]?[0m [phantom] url changed to "file:///Users/zpeugh/code/min/scripts/flowdocument/Resources/actionHtmls/Unlock project.html"
?[32;1m[debug]?[0m [phantom] Successfully injected Casper client-side utilities
?[36m[info]?[0m [phantom] Step anonymous 51/57: done in 8559ms.
?[32;1m[debug]?[0m [phantom] opening url: file:///Users/zpeugh/code/min/scripts/flowdocument/Resources/actionHtmls/StationStatus.html, HTTP GET
?[32;1m[debug]?[0m [phantom] Navigation requested: url=file:///Users/zpeugh/code/min/scripts/flowdocument/Resources/actionHtmls/StationStatus.html, type=Other, willNavigate=true, isMainFrame=true
?[32;1m[debug]?[0m [phantom] url changed to "file:///Users/zpeugh/code/min/scripts/flowdocument/Resources/actionHtmls/StationStatus.html"
?[32;1m[debug]?[0m [phantom] Successfully injected Casper client-side utilities
?[36m[info]?[0m [phantom] Step anonymous 53/57: done in 8627ms.
?[32;1m[debug]?[0m [phantom] opening url: file:///Users/zpeugh/code/min/scripts/flowdocument/Resources/actionHtmls/StationStatus.html, HTTP GET
?[32;1m[debug]?[0m [phantom] Navigation requested: url=file:///Users/zpeugh/code/min/scripts/flowdocument/Resources/actionHtmls/StationStatus.html, type=Other, willNavigate=true, isMainFrame=true
?[32;1m[debug]?[0m [phantom] url changed to "file:///Users/zpeugh/code/min/scripts/flowdocument/Resources/actionHtmls/StationStatus.html"
?[32;1m[debug]?[0m [phantom] Successfully injected Casper client-side utilities
?[36m[info]?[0m [phantom] Step anonymous 55/59: done in 8701ms.
?[32;1m[debug]?[0m [phantom] opening url: file:///Users/zpeugh/code/min/scripts/flowdocument/Resources/actionHtmls/AllPolesOKRemoveTimeMarkers.html, HTTP GET
?[32;1m[debug]?[0m [phantom] Navigation requested: url=file:///Users/zpeugh/code/min/scripts/flowdocument/Resources/actionHtmls/AllPolesOKRemoveTimeMarkers.html, type=Other, willNavigate=true, isMainFrame=true
?[32;1m[debug]?[0m [phantom] url changed to "file:///Users/zpeugh/code/min/scripts/flowdocument/Resources/actionHtmls/AllPolesOKRemoveTimeMarkers.html"
?[32;1m[debug]?[0m [phantom] Successfully injected Casper client-side utilities
?[36m[info]?[0m [phantom] Step anonymous 57/59: done in 8774ms.
?[32;1m[debug]?[0m [phantom] opening url: file:///Users/zpeugh/code/min/scripts/flowdocument/Resources/actionHtmls/AllPolesOKRemoveTimeMarkers.html, HTTP GET
?[32;1m[debug]?[0m [phantom] Navigation requested: url=file:///Users/zpeugh/code/min/scripts/flowdocument/Resources/actionHtmls/AllPolesOKRemoveTimeMarkers.html, type=Other, willNavigate=true, isMainFrame=true
?[32;1m[debug]?[0m [phantom] url changed to "file:///Users/zpeugh/code/min/scripts/flowdocument/Resources/actionHtmls/AllPolesOKRemoveTimeMarkers.html"
?[32;1m[debug]?[0m [phantom] Successfully injected Casper client-side utilities
?[36m[info]?[0m [phantom] Step anonymous 59/61: done in 8848ms.
?[32;1m[debug]?[0m [phantom] opening url: file:///Users/zpeugh/code/min/scripts/flowdocument/Resources/actionHtmls/ProjectPolesToMin1.html, HTTP GET
?[32;1m[debug]?[0m [phantom] Navigation requested: url=file:///Users/zpeugh/code/min/scripts/flowdocument/Resources/actionHtmls/ProjectPolesToMin1.html, type=Other, willNavigate=true, isMainFrame=true
?[32;1m[debug]?[0m [phantom] url changed to "file:///Users/zpeugh/code/min/scripts/flowdocument/Resources/actionHtmls/ProjectPolesToMin1.html"
?[32;1m[debug]?[0m [phantom] Successfully injected Casper client-side utilities
?[36m[info]?[0m [phantom] Step anonymous 61/61: done in 8892ms.
?[32;1m[debug]?[0m [phantom] opening url: file:///Users/zpeugh/code/min/scripts/flowdocument/Resources/actionHtmls/ProjectPolesToMin1.html, HTTP GET
?[32;1m[debug]?[0m [phantom] Navigation requested: url=file:///Users/zpeugh/code/min/scripts/flowdocument/Resources/actionHtmls/ProjectPolesToMin1.html, type=Other, willNavigate=true, isMainFrame=true
?[32;1m[debug]?[0m [phantom] url changed to "file:///Users/zpeugh/code/min/scripts/flowdocument/Resources/actionHtmls/ProjectPolesToMin1.html"
?[32;1m[debug]?[0m [phantom] Successfully injected Casper client-side utilities
?[36m[info]?[0m [phantom] Step anonymous 63/63: done in 8933ms.
?[36m[info]?[0m [phantom] Done 63 steps in 8954ms
All actions: [Creator as Manager, Asset Details, GenerateCalcFile, Locking Project, Unlock project, StationStatus, AllPolesOKRemoveTimeMarkers, ProjectPolesToMin1]
Missed actions: null
]]></system-out>
  <system-err><![CDATA[]]></system-err>
</testsuite>
